[2021-05-15 22:06:55,388] {taskinstance.py:877} INFO - Dependencies all met for <TaskInstance: airflow_tutorial_v01.sleep 2017-07-17T20:00:00+00:00 [queued]>
[2021-05-15 22:06:55,392] {taskinstance.py:877} INFO - Dependencies all met for <TaskInstance: airflow_tutorial_v01.sleep 2017-07-17T20:00:00+00:00 [queued]>
[2021-05-15 22:06:55,393] {taskinstance.py:1068} INFO - 
--------------------------------------------------------------------------------
[2021-05-15 22:06:55,393] {taskinstance.py:1069} INFO - Starting attempt 1 of 2
[2021-05-15 22:06:55,393] {taskinstance.py:1070} INFO - 
--------------------------------------------------------------------------------
[2021-05-15 22:06:55,398] {taskinstance.py:1089} INFO - Executing <Task(BashOperator): sleep> on 2017-07-17T20:00:00+00:00
[2021-05-15 22:06:55,399] {standard_task_runner.py:52} INFO - Started process 10872 to run task
[2021-05-15 22:06:55,405] {standard_task_runner.py:76} INFO - Running: ['airflow', 'tasks', 'run', 'airflow_tutorial_v01', 'sleep', '2017-07-17T20:00:00+00:00', '--job-id', '3387', '--pool', 'default_pool', '--raw', '--subdir', 'DAGS_FOLDER/Untitled.py', '--cfg-path', '/var/folders/tp/ft4rfkmn1kz3dyw8hlfz1dxw0000gn/T/tmp09domg0d', '--error-file', '/var/folders/tp/ft4rfkmn1kz3dyw8hlfz1dxw0000gn/T/tmpgqrktzd2']
[2021-05-15 22:06:55,406] {standard_task_runner.py:77} INFO - Job 3387: Subtask sleep
[2021-05-15 22:06:55,439] {logging_mixin.py:104} INFO - Running <TaskInstance: airflow_tutorial_v01.sleep 2017-07-17T20:00:00+00:00 [running]> on host henrys-macbook-pro.local
[2021-05-15 22:06:55,462] {taskinstance.py:1281} INFO - Exporting the following env vars:
AIRFLOW_CTX_DAG_OWNER=me
AIRFLOW_CTX_DAG_ID=airflow_tutorial_v01
AIRFLOW_CTX_TASK_ID=sleep
AIRFLOW_CTX_EXECUTION_DATE=2017-07-17T20:00:00+00:00
AIRFLOW_CTX_DAG_RUN_ID=scheduled__2017-07-17T20:00:00+00:00
[2021-05-15 22:06:55,462] {bash.py:135} INFO - Tmp dir root location: 
 /var/folders/tp/ft4rfkmn1kz3dyw8hlfz1dxw0000gn/T
[2021-05-15 22:06:55,463] {bash.py:158} INFO - Running command: sleep 5
[2021-05-15 22:06:55,469] {bash.py:169} INFO - Output:
[2021-05-15 22:07:00,476] {bash.py:177} INFO - Command exited with return code 0
[2021-05-15 22:07:00,497] {taskinstance.py:1185} INFO - Marking task as SUCCESS. dag_id=airflow_tutorial_v01, task_id=sleep, execution_date=20170717T200000, start_date=20210515T210655, end_date=20210515T210700
[2021-05-15 22:07:00,513] {taskinstance.py:1246} INFO - 1 downstream tasks scheduled from follow-on schedule check
[2021-05-15 22:07:00,548] {local_task_job.py:146} INFO - Task exited with return code 0
