[2021-05-15 20:23:24,133] {taskinstance.py:877} INFO - Dependencies all met for <TaskInstance: airflow_tutorial_v01.print_hello 2017-06-22T19:00:00+00:00 [queued]>
[2021-05-15 20:23:24,138] {taskinstance.py:877} INFO - Dependencies all met for <TaskInstance: airflow_tutorial_v01.print_hello 2017-06-22T19:00:00+00:00 [queued]>
[2021-05-15 20:23:24,138] {taskinstance.py:1068} INFO - 
--------------------------------------------------------------------------------
[2021-05-15 20:23:24,138] {taskinstance.py:1069} INFO - Starting attempt 1 of 2
[2021-05-15 20:23:24,138] {taskinstance.py:1070} INFO - 
--------------------------------------------------------------------------------
[2021-05-15 20:23:24,144] {taskinstance.py:1089} INFO - Executing <Task(BashOperator): print_hello> on 2017-06-22T19:00:00+00:00
[2021-05-15 20:23:24,146] {standard_task_runner.py:52} INFO - Started process 64600 to run task
[2021-05-15 20:23:24,151] {standard_task_runner.py:76} INFO - Running: ['airflow', 'tasks', 'run', 'airflow_tutorial_v01', 'print_hello', '2017-06-22T19:00:00+00:00', '--job-id', '1576', '--pool', 'default_pool', '--raw', '--subdir', 'DAGS_FOLDER/Untitled.py', '--cfg-path', '/var/folders/tp/ft4rfkmn1kz3dyw8hlfz1dxw0000gn/T/tmpuhobxkdq', '--error-file', '/var/folders/tp/ft4rfkmn1kz3dyw8hlfz1dxw0000gn/T/tmpx204_y06']
[2021-05-15 20:23:24,152] {standard_task_runner.py:77} INFO - Job 1576: Subtask print_hello
[2021-05-15 20:23:24,183] {logging_mixin.py:104} INFO - Running <TaskInstance: airflow_tutorial_v01.print_hello 2017-06-22T19:00:00+00:00 [running]> on host 1.0.0.127.in-addr.arpa
[2021-05-15 20:23:24,205] {taskinstance.py:1281} INFO - Exporting the following env vars:
AIRFLOW_CTX_DAG_OWNER=me
AIRFLOW_CTX_DAG_ID=airflow_tutorial_v01
AIRFLOW_CTX_TASK_ID=print_hello
AIRFLOW_CTX_EXECUTION_DATE=2017-06-22T19:00:00+00:00
AIRFLOW_CTX_DAG_RUN_ID=scheduled__2017-06-22T19:00:00+00:00
[2021-05-15 20:23:24,205] {bash.py:135} INFO - Tmp dir root location: 
 /var/folders/tp/ft4rfkmn1kz3dyw8hlfz1dxw0000gn/T
[2021-05-15 20:23:24,206] {bash.py:158} INFO - Running command: echo "hello"
[2021-05-15 20:23:24,212] {bash.py:169} INFO - Output:
[2021-05-15 20:23:24,216] {bash.py:173} INFO - hello
[2021-05-15 20:23:24,216] {bash.py:177} INFO - Command exited with return code 0
[2021-05-15 20:23:24,226] {taskinstance.py:1185} INFO - Marking task as SUCCESS. dag_id=airflow_tutorial_v01, task_id=print_hello, execution_date=20170622T190000, start_date=20210515T192324, end_date=20210515T192324
[2021-05-15 20:23:24,239] {taskinstance.py:1246} INFO - 1 downstream tasks scheduled from follow-on schedule check
[2021-05-15 20:23:24,248] {local_task_job.py:146} INFO - Task exited with return code 0
