[2021-05-15 17:42:10,901] {taskinstance.py:877} INFO - Dependencies all met for <TaskInstance: airflow_tutorial_v01.sleep 2017-06-03T02:00:00+00:00 [queued]>
[2021-05-15 17:42:10,907] {taskinstance.py:877} INFO - Dependencies all met for <TaskInstance: airflow_tutorial_v01.sleep 2017-06-03T02:00:00+00:00 [queued]>
[2021-05-15 17:42:10,907] {taskinstance.py:1068} INFO - 
--------------------------------------------------------------------------------
[2021-05-15 17:42:10,907] {taskinstance.py:1069} INFO - Starting attempt 1 of 2
[2021-05-15 17:42:10,907] {taskinstance.py:1070} INFO - 
--------------------------------------------------------------------------------
[2021-05-15 17:42:10,915] {taskinstance.py:1089} INFO - Executing <Task(BashOperator): sleep> on 2017-06-03T02:00:00+00:00
[2021-05-15 17:42:10,917] {standard_task_runner.py:52} INFO - Started process 28549 to run task
[2021-05-15 17:42:10,924] {standard_task_runner.py:76} INFO - Running: ['airflow', 'tasks', 'run', 'airflow_tutorial_v01', 'sleep', '2017-06-03T02:00:00+00:00', '--job-id', '155', '--pool', 'default_pool', '--raw', '--subdir', 'DAGS_FOLDER/Untitled.py', '--cfg-path', '/var/folders/tp/ft4rfkmn1kz3dyw8hlfz1dxw0000gn/T/tmpxbsy5foq', '--error-file', '/var/folders/tp/ft4rfkmn1kz3dyw8hlfz1dxw0000gn/T/tmpp7dbbv89']
[2021-05-15 17:42:10,927] {standard_task_runner.py:77} INFO - Job 155: Subtask sleep
[2021-05-15 17:42:10,961] {logging_mixin.py:104} INFO - Running <TaskInstance: airflow_tutorial_v01.sleep 2017-06-03T02:00:00+00:00 [running]> on host Henrys-MacBook-Pro.local
[2021-05-15 17:42:10,982] {taskinstance.py:1281} INFO - Exporting the following env vars:
AIRFLOW_CTX_DAG_OWNER=me
AIRFLOW_CTX_DAG_ID=airflow_tutorial_v01
AIRFLOW_CTX_TASK_ID=sleep
AIRFLOW_CTX_EXECUTION_DATE=2017-06-03T02:00:00+00:00
AIRFLOW_CTX_DAG_RUN_ID=scheduled__2017-06-03T02:00:00+00:00
[2021-05-15 17:42:10,983] {bash.py:135} INFO - Tmp dir root location: 
 /var/folders/tp/ft4rfkmn1kz3dyw8hlfz1dxw0000gn/T
[2021-05-15 17:42:10,983] {bash.py:158} INFO - Running command: sleep 5
[2021-05-15 17:42:10,989] {bash.py:169} INFO - Output:
[2021-05-15 17:42:15,997] {bash.py:177} INFO - Command exited with return code 0
[2021-05-15 17:42:16,011] {taskinstance.py:1185} INFO - Marking task as SUCCESS. dag_id=airflow_tutorial_v01, task_id=sleep, execution_date=20170603T020000, start_date=20210515T164210, end_date=20210515T164216
[2021-05-15 17:42:16,024] {taskinstance.py:1246} INFO - 1 downstream tasks scheduled from follow-on schedule check
[2021-05-15 17:42:16,042] {local_task_job.py:146} INFO - Task exited with return code 0
