[2021-05-17 10:02:14,798] {taskinstance.py:877} INFO - Dependencies all met for <TaskInstance: matches_links.get_the_rugby_championship_links 2021-05-16T09:00:00+00:00 [queued]>
[2021-05-17 10:02:14,809] {taskinstance.py:877} INFO - Dependencies all met for <TaskInstance: matches_links.get_the_rugby_championship_links 2021-05-16T09:00:00+00:00 [queued]>
[2021-05-17 10:02:14,809] {taskinstance.py:1068} INFO - 
--------------------------------------------------------------------------------
[2021-05-17 10:02:14,809] {taskinstance.py:1069} INFO - Starting attempt 1 of 2
[2021-05-17 10:02:14,809] {taskinstance.py:1070} INFO - 
--------------------------------------------------------------------------------
[2021-05-17 10:02:14,815] {taskinstance.py:1089} INFO - Executing <Task(BashOperator): get_the_rugby_championship_links> on 2021-05-16T09:00:00+00:00
[2021-05-17 10:02:14,817] {standard_task_runner.py:52} INFO - Started process 38242 to run task
[2021-05-17 10:02:14,824] {standard_task_runner.py:76} INFO - Running: ['airflow', 'tasks', 'run', 'matches_links', 'get_the_rugby_championship_links', '2021-05-16T09:00:00+00:00', '--job-id', '7', '--pool', 'default_pool', '--raw', '--subdir', 'DAGS_FOLDER/matches_links/matches_links.py', '--cfg-path', '/var/folders/tp/ft4rfkmn1kz3dyw8hlfz1dxw0000gn/T/tmpswc_wvyz', '--error-file', '/var/folders/tp/ft4rfkmn1kz3dyw8hlfz1dxw0000gn/T/tmp6z5gkx96']
[2021-05-17 10:02:14,826] {standard_task_runner.py:77} INFO - Job 7: Subtask get_the_rugby_championship_links
[2021-05-17 10:02:14,856] {logging_mixin.py:104} INFO - Running <TaskInstance: matches_links.get_the_rugby_championship_links 2021-05-16T09:00:00+00:00 [running]> on host Henrys-MacBook-Pro.local
[2021-05-17 10:02:14,876] {taskinstance.py:1281} INFO - Exporting the following env vars:
AIRFLOW_CTX_DAG_OWNER=me
AIRFLOW_CTX_DAG_ID=matches_links
AIRFLOW_CTX_TASK_ID=get_the_rugby_championship_links
AIRFLOW_CTX_EXECUTION_DATE=2021-05-16T09:00:00+00:00
AIRFLOW_CTX_DAG_RUN_ID=scheduled__2021-05-16T09:00:00+00:00
[2021-05-17 10:02:14,877] {bash.py:135} INFO - Tmp dir root location: 
 /var/folders/tp/ft4rfkmn1kz3dyw8hlfz1dxw0000gn/T
[2021-05-17 10:02:14,878] {bash.py:158} INFO - Running command: Rscript /Users/harry/rugby_data_project_airflow/R/scripts/create_matches_table.R https://www.rugbypass.com/the-rugby-championship/matches/ 2021-05-16
[2021-05-17 10:02:14,885] {bash.py:169} INFO - Output:
[2021-05-17 10:02:15,889] {bash.py:173} INFO - ── Attaching packages ─────────────────────────────────────── tidyverse 1.3.0 ──
[2021-05-17 10:02:15,894] {bash.py:173} INFO - ✔ ggplot2 3.3.3     ✔ purrr   0.3.3
[2021-05-17 10:02:15,895] {bash.py:173} INFO - ✔ tibble  3.0.4     ✔ dplyr   1.0.2
[2021-05-17 10:02:15,895] {bash.py:173} INFO - ✔ tidyr   1.1.2     ✔ stringr 1.4.0
[2021-05-17 10:02:15,895] {bash.py:173} INFO - ✔ readr   1.3.1     ✔ forcats 0.5.0
[2021-05-17 10:02:15,970] {bash.py:173} INFO - ── Conflicts ────────────────────────────────────────── tidyverse_conflicts() ──
[2021-05-17 10:02:15,970] {bash.py:173} INFO - ✖ dplyr::filter() masks stats::filter()
[2021-05-17 10:02:15,971] {bash.py:173} INFO - ✖ dplyr::lag()    masks stats::lag()
[2021-05-17 10:02:15,977] {bash.py:173} INFO - 
[2021-05-17 10:02:15,978] {bash.py:173} INFO - Attaching package: ‘lubridate’
[2021-05-17 10:02:15,978] {bash.py:173} INFO - 
[2021-05-17 10:02:15,978] {bash.py:173} INFO - The following objects are masked from ‘package:base’:
[2021-05-17 10:02:15,979] {bash.py:173} INFO - 
[2021-05-17 10:02:15,979] {bash.py:173} INFO -     date, intersect, setdiff, union
[2021-05-17 10:02:15,979] {bash.py:173} INFO - 
[2021-05-17 10:02:15,981] {bash.py:173} INFO - Loading required package: xml2
[2021-05-17 10:02:15,992] {bash.py:173} INFO - 
[2021-05-17 10:02:15,993] {bash.py:173} INFO - Attaching package: ‘rvest’
[2021-05-17 10:02:15,993] {bash.py:173} INFO - 
[2021-05-17 10:02:15,993] {bash.py:173} INFO - The following object is masked from ‘package:purrr’:
[2021-05-17 10:02:15,994] {bash.py:173} INFO - 
[2021-05-17 10:02:15,994] {bash.py:173} INFO -     pluck
[2021-05-17 10:02:15,994] {bash.py:173} INFO - 
[2021-05-17 10:02:15,994] {bash.py:173} INFO - The following object is masked from ‘package:readr’:
[2021-05-17 10:02:15,995] {bash.py:173} INFO - 
[2021-05-17 10:02:15,995] {bash.py:173} INFO -     guess_encoding
[2021-05-17 10:02:15,995] {bash.py:173} INFO - 
[2021-05-17 10:02:15,995] {bash.py:173} INFO - [1] "2021-05-16"
[2021-05-17 10:02:15,997] {bash.py:173} INFO - [1] "Getting the_rugby_championship links"
[2021-05-17 10:02:18,330] {bash.py:173} INFO - [1] "the_rugby_championship saved"
[2021-05-17 10:02:18,345] {bash.py:177} INFO - Command exited with return code 0
[2021-05-17 10:02:18,357] {taskinstance.py:1185} INFO - Marking task as SUCCESS. dag_id=matches_links, task_id=get_the_rugby_championship_links, execution_date=20210516T090000, start_date=20210517T090214, end_date=20210517T090218
[2021-05-17 10:02:18,366] {taskinstance.py:1246} INFO - 0 downstream tasks scheduled from follow-on schedule check
[2021-05-17 10:02:18,382] {local_task_job.py:146} INFO - Task exited with return code 0
