[2021-05-15 21:38:32,593] {taskinstance.py:877} INFO - Dependencies all met for <TaskInstance: airflow_tutorial_v01.print_hello 2017-07-10T02:00:00+00:00 [queued]>
[2021-05-15 21:38:32,597] {taskinstance.py:877} INFO - Dependencies all met for <TaskInstance: airflow_tutorial_v01.print_hello 2017-07-10T02:00:00+00:00 [queued]>
[2021-05-15 21:38:32,597] {taskinstance.py:1068} INFO - 
--------------------------------------------------------------------------------
[2021-05-15 21:38:32,597] {taskinstance.py:1069} INFO - Starting attempt 1 of 2
[2021-05-15 21:38:32,597] {taskinstance.py:1070} INFO - 
--------------------------------------------------------------------------------
[2021-05-15 21:38:32,602] {taskinstance.py:1089} INFO - Executing <Task(BashOperator): print_hello> on 2017-07-10T02:00:00+00:00
[2021-05-15 21:38:32,604] {standard_task_runner.py:52} INFO - Started process 96279 to run task
[2021-05-15 21:38:32,609] {standard_task_runner.py:76} INFO - Running: ['airflow', 'tasks', 'run', 'airflow_tutorial_v01', 'print_hello', '2017-07-10T02:00:00+00:00', '--job-id', '2825', '--pool', 'default_pool', '--raw', '--subdir', 'DAGS_FOLDER/Untitled.py', '--cfg-path', '/var/folders/tp/ft4rfkmn1kz3dyw8hlfz1dxw0000gn/T/tmp6owbn082', '--error-file', '/var/folders/tp/ft4rfkmn1kz3dyw8hlfz1dxw0000gn/T/tmp7jzz91yb']
[2021-05-15 21:38:32,611] {standard_task_runner.py:77} INFO - Job 2825: Subtask print_hello
[2021-05-15 21:38:32,638] {logging_mixin.py:104} INFO - Running <TaskInstance: airflow_tutorial_v01.print_hello 2017-07-10T02:00:00+00:00 [running]> on host 1.0.0.127.in-addr.arpa
[2021-05-15 21:38:32,661] {taskinstance.py:1281} INFO - Exporting the following env vars:
AIRFLOW_CTX_DAG_OWNER=me
AIRFLOW_CTX_DAG_ID=airflow_tutorial_v01
AIRFLOW_CTX_TASK_ID=print_hello
AIRFLOW_CTX_EXECUTION_DATE=2017-07-10T02:00:00+00:00
AIRFLOW_CTX_DAG_RUN_ID=scheduled__2017-07-10T02:00:00+00:00
[2021-05-15 21:38:32,661] {bash.py:135} INFO - Tmp dir root location: 
 /var/folders/tp/ft4rfkmn1kz3dyw8hlfz1dxw0000gn/T
[2021-05-15 21:38:32,662] {bash.py:158} INFO - Running command: echo "hello"
[2021-05-15 21:38:32,668] {bash.py:169} INFO - Output:
[2021-05-15 21:38:32,671] {bash.py:173} INFO - hello
[2021-05-15 21:38:32,671] {bash.py:177} INFO - Command exited with return code 0
[2021-05-15 21:38:32,682] {taskinstance.py:1185} INFO - Marking task as SUCCESS. dag_id=airflow_tutorial_v01, task_id=print_hello, execution_date=20170710T020000, start_date=20210515T203832, end_date=20210515T203832
[2021-05-15 21:38:32,695] {taskinstance.py:1246} INFO - 1 downstream tasks scheduled from follow-on schedule check
[2021-05-15 21:38:32,704] {local_task_job.py:146} INFO - Task exited with return code 0
