[2021-05-15 18:59:39,214] {taskinstance.py:877} INFO - Dependencies all met for <TaskInstance: airflow_tutorial_v01.print_hello 2017-06-18T10:00:00+00:00 [queued]>
[2021-05-15 18:59:39,219] {taskinstance.py:877} INFO - Dependencies all met for <TaskInstance: airflow_tutorial_v01.print_hello 2017-06-18T10:00:00+00:00 [queued]>
[2021-05-15 18:59:39,219] {taskinstance.py:1068} INFO - 
--------------------------------------------------------------------------------
[2021-05-15 18:59:39,219] {taskinstance.py:1069} INFO - Starting attempt 1 of 2
[2021-05-15 18:59:39,219] {taskinstance.py:1070} INFO - 
--------------------------------------------------------------------------------
[2021-05-15 18:59:39,224] {taskinstance.py:1089} INFO - Executing <Task(BashOperator): print_hello> on 2017-06-18T10:00:00+00:00
[2021-05-15 18:59:39,226] {standard_task_runner.py:52} INFO - Started process 56357 to run task
[2021-05-15 18:59:39,232] {standard_task_runner.py:76} INFO - Running: ['airflow', 'tasks', 'run', 'airflow_tutorial_v01', 'print_hello', '2017-06-18T10:00:00+00:00', '--job-id', '1259', '--pool', 'default_pool', '--raw', '--subdir', 'DAGS_FOLDER/Untitled.py', '--cfg-path', '/var/folders/tp/ft4rfkmn1kz3dyw8hlfz1dxw0000gn/T/tmpnmulfsaf', '--error-file', '/var/folders/tp/ft4rfkmn1kz3dyw8hlfz1dxw0000gn/T/tmpbnhtxfjr']
[2021-05-15 18:59:39,234] {standard_task_runner.py:77} INFO - Job 1259: Subtask print_hello
[2021-05-15 18:59:39,265] {logging_mixin.py:104} INFO - Running <TaskInstance: airflow_tutorial_v01.print_hello 2017-06-18T10:00:00+00:00 [running]> on host henrys-macbook-pro.local
[2021-05-15 18:59:39,288] {taskinstance.py:1281} INFO - Exporting the following env vars:
AIRFLOW_CTX_DAG_OWNER=me
AIRFLOW_CTX_DAG_ID=airflow_tutorial_v01
AIRFLOW_CTX_TASK_ID=print_hello
AIRFLOW_CTX_EXECUTION_DATE=2017-06-18T10:00:00+00:00
AIRFLOW_CTX_DAG_RUN_ID=scheduled__2017-06-18T10:00:00+00:00
[2021-05-15 18:59:39,288] {bash.py:135} INFO - Tmp dir root location: 
 /var/folders/tp/ft4rfkmn1kz3dyw8hlfz1dxw0000gn/T
[2021-05-15 18:59:39,289] {bash.py:158} INFO - Running command: echo "hello"
[2021-05-15 18:59:39,295] {bash.py:169} INFO - Output:
[2021-05-15 18:59:39,298] {bash.py:173} INFO - hello
[2021-05-15 18:59:39,298] {bash.py:177} INFO - Command exited with return code 0
[2021-05-15 18:59:39,310] {taskinstance.py:1185} INFO - Marking task as SUCCESS. dag_id=airflow_tutorial_v01, task_id=print_hello, execution_date=20170618T100000, start_date=20210515T175939, end_date=20210515T175939
[2021-05-15 18:59:39,322] {taskinstance.py:1246} INFO - 1 downstream tasks scheduled from follow-on schedule check
[2021-05-15 18:59:39,334] {local_task_job.py:146} INFO - Task exited with return code 0
