[2021-05-15 18:10:15,652] {taskinstance.py:877} INFO - Dependencies all met for <TaskInstance: airflow_tutorial_v01.print_hello 2017-06-09T21:00:00+00:00 [queued]>
[2021-05-15 18:10:15,657] {taskinstance.py:877} INFO - Dependencies all met for <TaskInstance: airflow_tutorial_v01.print_hello 2017-06-09T21:00:00+00:00 [queued]>
[2021-05-15 18:10:15,657] {taskinstance.py:1068} INFO - 
--------------------------------------------------------------------------------
[2021-05-15 18:10:15,658] {taskinstance.py:1069} INFO - Starting attempt 1 of 2
[2021-05-15 18:10:15,658] {taskinstance.py:1070} INFO - 
--------------------------------------------------------------------------------
[2021-05-15 18:10:15,662] {taskinstance.py:1089} INFO - Executing <Task(BashOperator): print_hello> on 2017-06-09T21:00:00+00:00
[2021-05-15 18:10:15,664] {standard_task_runner.py:52} INFO - Started process 40834 to run task
[2021-05-15 18:10:15,670] {standard_task_runner.py:76} INFO - Running: ['airflow', 'tasks', 'run', 'airflow_tutorial_v01', 'print_hello', '2017-06-09T21:00:00+00:00', '--job-id', '640', '--pool', 'default_pool', '--raw', '--subdir', 'DAGS_FOLDER/Untitled.py', '--cfg-path', '/var/folders/tp/ft4rfkmn1kz3dyw8hlfz1dxw0000gn/T/tmp_279rtzk', '--error-file', '/var/folders/tp/ft4rfkmn1kz3dyw8hlfz1dxw0000gn/T/tmp6yk571k_']
[2021-05-15 18:10:15,672] {standard_task_runner.py:77} INFO - Job 640: Subtask print_hello
[2021-05-15 18:10:15,702] {logging_mixin.py:104} INFO - Running <TaskInstance: airflow_tutorial_v01.print_hello 2017-06-09T21:00:00+00:00 [running]> on host 1.0.0.127.in-addr.arpa
[2021-05-15 18:10:15,722] {taskinstance.py:1281} INFO - Exporting the following env vars:
AIRFLOW_CTX_DAG_OWNER=me
AIRFLOW_CTX_DAG_ID=airflow_tutorial_v01
AIRFLOW_CTX_TASK_ID=print_hello
AIRFLOW_CTX_EXECUTION_DATE=2017-06-09T21:00:00+00:00
AIRFLOW_CTX_DAG_RUN_ID=scheduled__2017-06-09T21:00:00+00:00
[2021-05-15 18:10:15,723] {bash.py:135} INFO - Tmp dir root location: 
 /var/folders/tp/ft4rfkmn1kz3dyw8hlfz1dxw0000gn/T
[2021-05-15 18:10:15,724] {bash.py:158} INFO - Running command: echo "hello"
[2021-05-15 18:10:15,730] {bash.py:169} INFO - Output:
[2021-05-15 18:10:15,732] {bash.py:173} INFO - hello
[2021-05-15 18:10:15,733] {bash.py:177} INFO - Command exited with return code 0
[2021-05-15 18:10:15,744] {taskinstance.py:1185} INFO - Marking task as SUCCESS. dag_id=airflow_tutorial_v01, task_id=print_hello, execution_date=20170609T210000, start_date=20210515T171015, end_date=20210515T171015
[2021-05-15 18:10:15,764] {taskinstance.py:1246} INFO - 1 downstream tasks scheduled from follow-on schedule check
[2021-05-15 18:10:15,812] {local_task_job.py:146} INFO - Task exited with return code 0
