[2021-05-15 17:51:17,636] {taskinstance.py:877} INFO - Dependencies all met for <TaskInstance: airflow_tutorial_v01.print_hello 2017-06-04T15:00:00+00:00 [queued]>
[2021-05-15 17:51:17,640] {taskinstance.py:877} INFO - Dependencies all met for <TaskInstance: airflow_tutorial_v01.print_hello 2017-06-04T15:00:00+00:00 [queued]>
[2021-05-15 17:51:17,640] {taskinstance.py:1068} INFO - 
--------------------------------------------------------------------------------
[2021-05-15 17:51:17,640] {taskinstance.py:1069} INFO - Starting attempt 1 of 2
[2021-05-15 17:51:17,640] {taskinstance.py:1070} INFO - 
--------------------------------------------------------------------------------
[2021-05-15 17:51:17,646] {taskinstance.py:1089} INFO - Executing <Task(BashOperator): print_hello> on 2017-06-04T15:00:00+00:00
[2021-05-15 17:51:17,647] {standard_task_runner.py:52} INFO - Started process 31288 to run task
[2021-05-15 17:51:17,653] {standard_task_runner.py:76} INFO - Running: ['airflow', 'tasks', 'run', 'airflow_tutorial_v01', 'print_hello', '2017-06-04T15:00:00+00:00', '--job-id', '262', '--pool', 'default_pool', '--raw', '--subdir', 'DAGS_FOLDER/Untitled.py', '--cfg-path', '/var/folders/tp/ft4rfkmn1kz3dyw8hlfz1dxw0000gn/T/tmpxovkf0od', '--error-file', '/var/folders/tp/ft4rfkmn1kz3dyw8hlfz1dxw0000gn/T/tmpxa8c2emk']
[2021-05-15 17:51:17,654] {standard_task_runner.py:77} INFO - Job 262: Subtask print_hello
[2021-05-15 17:51:17,694] {logging_mixin.py:104} INFO - Running <TaskInstance: airflow_tutorial_v01.print_hello 2017-06-04T15:00:00+00:00 [running]> on host 1.0.0.127.in-addr.arpa
[2021-05-15 17:51:17,716] {taskinstance.py:1281} INFO - Exporting the following env vars:
AIRFLOW_CTX_DAG_OWNER=me
AIRFLOW_CTX_DAG_ID=airflow_tutorial_v01
AIRFLOW_CTX_TASK_ID=print_hello
AIRFLOW_CTX_EXECUTION_DATE=2017-06-04T15:00:00+00:00
AIRFLOW_CTX_DAG_RUN_ID=scheduled__2017-06-04T15:00:00+00:00
[2021-05-15 17:51:17,717] {bash.py:135} INFO - Tmp dir root location: 
 /var/folders/tp/ft4rfkmn1kz3dyw8hlfz1dxw0000gn/T
[2021-05-15 17:51:17,718] {bash.py:158} INFO - Running command: echo "hello"
[2021-05-15 17:51:17,724] {bash.py:169} INFO - Output:
[2021-05-15 17:51:17,726] {bash.py:173} INFO - hello
[2021-05-15 17:51:17,727] {bash.py:177} INFO - Command exited with return code 0
[2021-05-15 17:51:17,738] {taskinstance.py:1185} INFO - Marking task as SUCCESS. dag_id=airflow_tutorial_v01, task_id=print_hello, execution_date=20170604T150000, start_date=20210515T165117, end_date=20210515T165117
[2021-05-15 17:51:17,751] {taskinstance.py:1246} INFO - 1 downstream tasks scheduled from follow-on schedule check
[2021-05-15 17:51:17,790] {local_task_job.py:146} INFO - Task exited with return code 0
