[2021-05-15 18:57:14,779] {taskinstance.py:877} INFO - Dependencies all met for <TaskInstance: airflow_tutorial_v01.sleep 2017-06-17T17:00:00+00:00 [queued]>
[2021-05-15 18:57:14,783] {taskinstance.py:877} INFO - Dependencies all met for <TaskInstance: airflow_tutorial_v01.sleep 2017-06-17T17:00:00+00:00 [queued]>
[2021-05-15 18:57:14,783] {taskinstance.py:1068} INFO - 
--------------------------------------------------------------------------------
[2021-05-15 18:57:14,783] {taskinstance.py:1069} INFO - Starting attempt 1 of 2
[2021-05-15 18:57:14,783] {taskinstance.py:1070} INFO - 
--------------------------------------------------------------------------------
[2021-05-15 18:57:14,788] {taskinstance.py:1089} INFO - Executing <Task(BashOperator): sleep> on 2017-06-17T17:00:00+00:00
[2021-05-15 18:57:14,790] {standard_task_runner.py:52} INFO - Started process 55164 to run task
[2021-05-15 18:57:14,795] {standard_task_runner.py:76} INFO - Running: ['airflow', 'tasks', 'run', 'airflow_tutorial_v01', 'sleep', '2017-06-17T17:00:00+00:00', '--job-id', '1212', '--pool', 'default_pool', '--raw', '--subdir', 'DAGS_FOLDER/Untitled.py', '--cfg-path', '/var/folders/tp/ft4rfkmn1kz3dyw8hlfz1dxw0000gn/T/tmpz6g_pcp6', '--error-file', '/var/folders/tp/ft4rfkmn1kz3dyw8hlfz1dxw0000gn/T/tmpj4gyhj3i']
[2021-05-15 18:57:14,797] {standard_task_runner.py:77} INFO - Job 1212: Subtask sleep
[2021-05-15 18:57:14,824] {logging_mixin.py:104} INFO - Running <TaskInstance: airflow_tutorial_v01.sleep 2017-06-17T17:00:00+00:00 [running]> on host 1.0.0.127.in-addr.arpa
[2021-05-15 18:57:14,847] {taskinstance.py:1281} INFO - Exporting the following env vars:
AIRFLOW_CTX_DAG_OWNER=me
AIRFLOW_CTX_DAG_ID=airflow_tutorial_v01
AIRFLOW_CTX_TASK_ID=sleep
AIRFLOW_CTX_EXECUTION_DATE=2017-06-17T17:00:00+00:00
AIRFLOW_CTX_DAG_RUN_ID=scheduled__2017-06-17T17:00:00+00:00
[2021-05-15 18:57:14,848] {bash.py:135} INFO - Tmp dir root location: 
 /var/folders/tp/ft4rfkmn1kz3dyw8hlfz1dxw0000gn/T
[2021-05-15 18:57:14,849] {bash.py:158} INFO - Running command: sleep 5
[2021-05-15 18:57:14,855] {bash.py:169} INFO - Output:
[2021-05-15 18:57:19,865] {bash.py:177} INFO - Command exited with return code 0
[2021-05-15 18:57:19,885] {taskinstance.py:1185} INFO - Marking task as SUCCESS. dag_id=airflow_tutorial_v01, task_id=sleep, execution_date=20170617T170000, start_date=20210515T175714, end_date=20210515T175719
[2021-05-15 18:57:19,902] {taskinstance.py:1246} INFO - 1 downstream tasks scheduled from follow-on schedule check
[2021-05-15 18:57:19,946] {local_task_job.py:146} INFO - Task exited with return code 0
