[2021-05-15 21:55:02,897] {taskinstance.py:877} INFO - Dependencies all met for <TaskInstance: airflow_tutorial_v01.print_world 2017-07-14T12:00:00+00:00 [queued]>
[2021-05-15 21:55:02,901] {taskinstance.py:877} INFO - Dependencies all met for <TaskInstance: airflow_tutorial_v01.print_world 2017-07-14T12:00:00+00:00 [queued]>
[2021-05-15 21:55:02,901] {taskinstance.py:1068} INFO - 
--------------------------------------------------------------------------------
[2021-05-15 21:55:02,902] {taskinstance.py:1069} INFO - Starting attempt 1 of 2
[2021-05-15 21:55:02,902] {taskinstance.py:1070} INFO - 
--------------------------------------------------------------------------------
[2021-05-15 21:55:02,908] {taskinstance.py:1089} INFO - Executing <Task(PythonOperator): print_world> on 2017-07-14T12:00:00+00:00
[2021-05-15 21:55:02,910] {standard_task_runner.py:52} INFO - Started process 4921 to run task
[2021-05-15 21:55:02,915] {standard_task_runner.py:76} INFO - Running: ['airflow', 'tasks', 'run', 'airflow_tutorial_v01', 'print_world', '2017-07-14T12:00:00+00:00', '--job-id', '3151', '--pool', 'default_pool', '--raw', '--subdir', 'DAGS_FOLDER/Untitled.py', '--cfg-path', '/var/folders/tp/ft4rfkmn1kz3dyw8hlfz1dxw0000gn/T/tmpmqggx8v1', '--error-file', '/var/folders/tp/ft4rfkmn1kz3dyw8hlfz1dxw0000gn/T/tmple2bqvpi']
[2021-05-15 21:55:02,916] {standard_task_runner.py:77} INFO - Job 3151: Subtask print_world
[2021-05-15 21:55:02,945] {logging_mixin.py:104} INFO - Running <TaskInstance: airflow_tutorial_v01.print_world 2017-07-14T12:00:00+00:00 [running]> on host 1.0.0.0.0.0.0.0.0.0.0.0.0.0.0.0.0.0.0.0.0.0.0.0.0.0.0.0.0.0.0.0.ip6.arpa
[2021-05-15 21:55:02,964] {taskinstance.py:1281} INFO - Exporting the following env vars:
AIRFLOW_CTX_DAG_OWNER=me
AIRFLOW_CTX_DAG_ID=airflow_tutorial_v01
AIRFLOW_CTX_TASK_ID=print_world
AIRFLOW_CTX_EXECUTION_DATE=2017-07-14T12:00:00+00:00
AIRFLOW_CTX_DAG_RUN_ID=scheduled__2017-07-14T12:00:00+00:00
[2021-05-15 21:55:02,964] {logging_mixin.py:104} INFO - world
[2021-05-15 21:55:02,965] {python.py:118} INFO - Done. Returned value was: None
[2021-05-15 21:55:02,968] {taskinstance.py:1185} INFO - Marking task as SUCCESS. dag_id=airflow_tutorial_v01, task_id=print_world, execution_date=20170714T120000, start_date=20210515T205502, end_date=20210515T205502
[2021-05-15 21:55:02,977] {taskinstance.py:1246} INFO - 0 downstream tasks scheduled from follow-on schedule check
[2021-05-15 21:55:03,012] {local_task_job.py:146} INFO - Task exited with return code 0
