[2021-05-16 09:35:09,877] {taskinstance.py:877} INFO - Dependencies all met for <TaskInstance: airflow_tutorial_v01.print_hello 2017-08-10T07:00:00+00:00 [queued]>
[2021-05-16 09:35:09,887] {taskinstance.py:877} INFO - Dependencies all met for <TaskInstance: airflow_tutorial_v01.print_hello 2017-08-10T07:00:00+00:00 [queued]>
[2021-05-16 09:35:09,887] {taskinstance.py:1068} INFO - 
--------------------------------------------------------------------------------
[2021-05-16 09:35:09,887] {taskinstance.py:1069} INFO - Starting attempt 1 of 2
[2021-05-16 09:35:09,887] {taskinstance.py:1070} INFO - 
--------------------------------------------------------------------------------
[2021-05-16 09:35:09,895] {taskinstance.py:1089} INFO - Executing <Task(BashOperator): print_hello> on 2017-08-10T07:00:00+00:00
[2021-05-16 09:35:09,898] {standard_task_runner.py:52} INFO - Started process 56349 to run task
[2021-05-16 09:35:09,909] {standard_task_runner.py:76} INFO - Running: ['airflow', 'tasks', 'run', 'airflow_tutorial_v01', 'print_hello', '2017-08-10T07:00:00+00:00', '--job-id', '5074', '--pool', 'default_pool', '--raw', '--subdir', 'DAGS_FOLDER/Untitled.py', '--cfg-path', '/var/folders/tp/ft4rfkmn1kz3dyw8hlfz1dxw0000gn/T/tmp9f436ou8', '--error-file', '/var/folders/tp/ft4rfkmn1kz3dyw8hlfz1dxw0000gn/T/tmpas7b7qa3']
[2021-05-16 09:35:09,911] {standard_task_runner.py:77} INFO - Job 5074: Subtask print_hello
[2021-05-16 09:35:09,958] {logging_mixin.py:104} INFO - Running <TaskInstance: airflow_tutorial_v01.print_hello 2017-08-10T07:00:00+00:00 [running]> on host henrys-macbook-pro.local
[2021-05-16 09:35:09,999] {taskinstance.py:1281} INFO - Exporting the following env vars:
AIRFLOW_CTX_DAG_OWNER=me
AIRFLOW_CTX_DAG_ID=airflow_tutorial_v01
AIRFLOW_CTX_TASK_ID=print_hello
AIRFLOW_CTX_EXECUTION_DATE=2017-08-10T07:00:00+00:00
AIRFLOW_CTX_DAG_RUN_ID=scheduled__2017-08-10T07:00:00+00:00
[2021-05-16 09:35:10,000] {bash.py:135} INFO - Tmp dir root location: 
 /var/folders/tp/ft4rfkmn1kz3dyw8hlfz1dxw0000gn/T
[2021-05-16 09:35:10,001] {bash.py:158} INFO - Running command: echo "hello"
[2021-05-16 09:35:10,013] {bash.py:169} INFO - Output:
[2021-05-16 09:35:10,018] {bash.py:173} INFO - hello
[2021-05-16 09:35:10,019] {bash.py:177} INFO - Command exited with return code 0
[2021-05-16 09:35:10,041] {taskinstance.py:1185} INFO - Marking task as SUCCESS. dag_id=airflow_tutorial_v01, task_id=print_hello, execution_date=20170810T070000, start_date=20210516T083509, end_date=20210516T083510
[2021-05-16 09:35:10,066] {taskinstance.py:1246} INFO - 1 downstream tasks scheduled from follow-on schedule check
[2021-05-16 09:35:10,119] {local_task_job.py:146} INFO - Task exited with return code 0
