[2021-05-15 21:00:42,323] {taskinstance.py:877} INFO - Dependencies all met for <TaskInstance: airflow_tutorial_v01.print_hello 2017-06-29T16:00:00+00:00 [queued]>
[2021-05-15 21:00:42,328] {taskinstance.py:877} INFO - Dependencies all met for <TaskInstance: airflow_tutorial_v01.print_hello 2017-06-29T16:00:00+00:00 [queued]>
[2021-05-15 21:00:42,328] {taskinstance.py:1068} INFO - 
--------------------------------------------------------------------------------
[2021-05-15 21:00:42,328] {taskinstance.py:1069} INFO - Starting attempt 1 of 2
[2021-05-15 21:00:42,328] {taskinstance.py:1070} INFO - 
--------------------------------------------------------------------------------
[2021-05-15 21:00:42,332] {taskinstance.py:1089} INFO - Executing <Task(BashOperator): print_hello> on 2017-06-29T16:00:00+00:00
[2021-05-15 21:00:42,334] {standard_task_runner.py:52} INFO - Started process 77318 to run task
[2021-05-15 21:00:42,340] {standard_task_runner.py:76} INFO - Running: ['airflow', 'tasks', 'run', 'airflow_tutorial_v01', 'print_hello', '2017-06-29T16:00:00+00:00', '--job-id', '2074', '--pool', 'default_pool', '--raw', '--subdir', 'DAGS_FOLDER/Untitled.py', '--cfg-path', '/var/folders/tp/ft4rfkmn1kz3dyw8hlfz1dxw0000gn/T/tmpvduhv9fq', '--error-file', '/var/folders/tp/ft4rfkmn1kz3dyw8hlfz1dxw0000gn/T/tmpor4e1yv1']
[2021-05-15 21:00:42,342] {standard_task_runner.py:77} INFO - Job 2074: Subtask print_hello
[2021-05-15 21:00:42,371] {logging_mixin.py:104} INFO - Running <TaskInstance: airflow_tutorial_v01.print_hello 2017-06-29T16:00:00+00:00 [running]> on host 1.0.0.0.0.0.0.0.0.0.0.0.0.0.0.0.0.0.0.0.0.0.0.0.0.0.0.0.0.0.0.0.ip6.arpa
[2021-05-15 21:00:42,394] {taskinstance.py:1281} INFO - Exporting the following env vars:
AIRFLOW_CTX_DAG_OWNER=me
AIRFLOW_CTX_DAG_ID=airflow_tutorial_v01
AIRFLOW_CTX_TASK_ID=print_hello
AIRFLOW_CTX_EXECUTION_DATE=2017-06-29T16:00:00+00:00
AIRFLOW_CTX_DAG_RUN_ID=scheduled__2017-06-29T16:00:00+00:00
[2021-05-15 21:00:42,394] {bash.py:135} INFO - Tmp dir root location: 
 /var/folders/tp/ft4rfkmn1kz3dyw8hlfz1dxw0000gn/T
[2021-05-15 21:00:42,395] {bash.py:158} INFO - Running command: echo "hello"
[2021-05-15 21:00:42,402] {bash.py:169} INFO - Output:
[2021-05-15 21:00:42,405] {bash.py:173} INFO - hello
[2021-05-15 21:00:42,405] {bash.py:177} INFO - Command exited with return code 0
[2021-05-15 21:00:42,416] {taskinstance.py:1185} INFO - Marking task as SUCCESS. dag_id=airflow_tutorial_v01, task_id=print_hello, execution_date=20170629T160000, start_date=20210515T200042, end_date=20210515T200042
[2021-05-15 21:00:42,428] {taskinstance.py:1246} INFO - 1 downstream tasks scheduled from follow-on schedule check
[2021-05-15 21:00:42,438] {local_task_job.py:146} INFO - Task exited with return code 0
