[2021-05-15 22:55:49,656] {taskinstance.py:877} INFO - Dependencies all met for <TaskInstance: airflow_tutorial_v01.sleep 2017-07-30T15:00:00+00:00 [queued]>
[2021-05-15 22:55:49,662] {taskinstance.py:877} INFO - Dependencies all met for <TaskInstance: airflow_tutorial_v01.sleep 2017-07-30T15:00:00+00:00 [queued]>
[2021-05-15 22:55:49,662] {taskinstance.py:1068} INFO - 
--------------------------------------------------------------------------------
[2021-05-15 22:55:49,662] {taskinstance.py:1069} INFO - Starting attempt 1 of 2
[2021-05-15 22:55:49,662] {taskinstance.py:1070} INFO - 
--------------------------------------------------------------------------------
[2021-05-15 22:55:49,668] {taskinstance.py:1089} INFO - Executing <Task(BashOperator): sleep> on 2017-07-30T15:00:00+00:00
[2021-05-15 22:55:49,670] {standard_task_runner.py:52} INFO - Started process 34136 to run task
[2021-05-15 22:55:49,675] {standard_task_runner.py:76} INFO - Running: ['airflow', 'tasks', 'run', 'airflow_tutorial_v01', 'sleep', '2017-07-30T15:00:00+00:00', '--job-id', '4309', '--pool', 'default_pool', '--raw', '--subdir', 'DAGS_FOLDER/Untitled.py', '--cfg-path', '/var/folders/tp/ft4rfkmn1kz3dyw8hlfz1dxw0000gn/T/tmp0k9gp4zc', '--error-file', '/var/folders/tp/ft4rfkmn1kz3dyw8hlfz1dxw0000gn/T/tmp9pk0g91f']
[2021-05-15 22:55:49,677] {standard_task_runner.py:77} INFO - Job 4309: Subtask sleep
[2021-05-15 22:55:49,709] {logging_mixin.py:104} INFO - Running <TaskInstance: airflow_tutorial_v01.sleep 2017-07-30T15:00:00+00:00 [running]> on host 1.0.0.127.in-addr.arpa
[2021-05-15 22:55:49,734] {taskinstance.py:1281} INFO - Exporting the following env vars:
AIRFLOW_CTX_DAG_OWNER=me
AIRFLOW_CTX_DAG_ID=airflow_tutorial_v01
AIRFLOW_CTX_TASK_ID=sleep
AIRFLOW_CTX_EXECUTION_DATE=2017-07-30T15:00:00+00:00
AIRFLOW_CTX_DAG_RUN_ID=scheduled__2017-07-30T15:00:00+00:00
[2021-05-15 22:55:49,735] {bash.py:135} INFO - Tmp dir root location: 
 /var/folders/tp/ft4rfkmn1kz3dyw8hlfz1dxw0000gn/T
[2021-05-15 22:55:49,735] {bash.py:158} INFO - Running command: sleep 5
[2021-05-15 22:55:49,742] {bash.py:169} INFO - Output:
[2021-05-15 22:55:54,749] {bash.py:177} INFO - Command exited with return code 0
[2021-05-15 22:55:54,770] {taskinstance.py:1185} INFO - Marking task as SUCCESS. dag_id=airflow_tutorial_v01, task_id=sleep, execution_date=20170730T150000, start_date=20210515T215549, end_date=20210515T215554
[2021-05-15 22:55:54,787] {taskinstance.py:1246} INFO - 1 downstream tasks scheduled from follow-on schedule check
[2021-05-15 22:55:54,815] {local_task_job.py:146} INFO - Task exited with return code 0
