[2021-05-15 20:55:12,452] {taskinstance.py:877} INFO - Dependencies all met for <TaskInstance: airflow_tutorial_v01.print_world 2017-06-28T01:00:00+00:00 [queued]>
[2021-05-15 20:55:12,456] {taskinstance.py:877} INFO - Dependencies all met for <TaskInstance: airflow_tutorial_v01.print_world 2017-06-28T01:00:00+00:00 [queued]>
[2021-05-15 20:55:12,456] {taskinstance.py:1068} INFO - 
--------------------------------------------------------------------------------
[2021-05-15 20:55:12,457] {taskinstance.py:1069} INFO - Starting attempt 1 of 2
[2021-05-15 20:55:12,457] {taskinstance.py:1070} INFO - 
--------------------------------------------------------------------------------
[2021-05-15 20:55:12,462] {taskinstance.py:1089} INFO - Executing <Task(PythonOperator): print_world> on 2017-06-28T01:00:00+00:00
[2021-05-15 20:55:12,463] {standard_task_runner.py:52} INFO - Started process 74506 to run task
[2021-05-15 20:55:12,470] {standard_task_runner.py:76} INFO - Running: ['airflow', 'tasks', 'run', 'airflow_tutorial_v01', 'print_world', '2017-06-28T01:00:00+00:00', '--job-id', '1965', '--pool', 'default_pool', '--raw', '--subdir', 'DAGS_FOLDER/Untitled.py', '--cfg-path', '/var/folders/tp/ft4rfkmn1kz3dyw8hlfz1dxw0000gn/T/tmpbeis9z1c', '--error-file', '/var/folders/tp/ft4rfkmn1kz3dyw8hlfz1dxw0000gn/T/tmpgxh8907k']
[2021-05-15 20:55:12,471] {standard_task_runner.py:77} INFO - Job 1965: Subtask print_world
[2021-05-15 20:55:12,499] {logging_mixin.py:104} INFO - Running <TaskInstance: airflow_tutorial_v01.print_world 2017-06-28T01:00:00+00:00 [running]> on host henrys-macbook-pro.local
[2021-05-15 20:55:12,518] {taskinstance.py:1281} INFO - Exporting the following env vars:
AIRFLOW_CTX_DAG_OWNER=me
AIRFLOW_CTX_DAG_ID=airflow_tutorial_v01
AIRFLOW_CTX_TASK_ID=print_world
AIRFLOW_CTX_EXECUTION_DATE=2017-06-28T01:00:00+00:00
AIRFLOW_CTX_DAG_RUN_ID=scheduled__2017-06-28T01:00:00+00:00
[2021-05-15 20:55:12,519] {logging_mixin.py:104} INFO - world
[2021-05-15 20:55:12,520] {python.py:118} INFO - Done. Returned value was: None
[2021-05-15 20:55:12,525] {taskinstance.py:1185} INFO - Marking task as SUCCESS. dag_id=airflow_tutorial_v01, task_id=print_world, execution_date=20170628T010000, start_date=20210515T195512, end_date=20210515T195512
[2021-05-15 20:55:12,536] {taskinstance.py:1246} INFO - 0 downstream tasks scheduled from follow-on schedule check
[2021-05-15 20:55:12,566] {local_task_job.py:146} INFO - Task exited with return code 0
