[2021-05-15 20:23:34,264] {taskinstance.py:877} INFO - Dependencies all met for <TaskInstance: airflow_tutorial_v01.sleep 2017-06-22T19:00:00+00:00 [queued]>
[2021-05-15 20:23:34,268] {taskinstance.py:877} INFO - Dependencies all met for <TaskInstance: airflow_tutorial_v01.sleep 2017-06-22T19:00:00+00:00 [queued]>
[2021-05-15 20:23:34,269] {taskinstance.py:1068} INFO - 
--------------------------------------------------------------------------------
[2021-05-15 20:23:34,269] {taskinstance.py:1069} INFO - Starting attempt 1 of 2
[2021-05-15 20:23:34,269] {taskinstance.py:1070} INFO - 
--------------------------------------------------------------------------------
[2021-05-15 20:23:34,274] {taskinstance.py:1089} INFO - Executing <Task(BashOperator): sleep> on 2017-06-22T19:00:00+00:00
[2021-05-15 20:23:34,276] {standard_task_runner.py:52} INFO - Started process 64690 to run task
[2021-05-15 20:23:34,282] {standard_task_runner.py:76} INFO - Running: ['airflow', 'tasks', 'run', 'airflow_tutorial_v01', 'sleep', '2017-06-22T19:00:00+00:00', '--job-id', '1580', '--pool', 'default_pool', '--raw', '--subdir', 'DAGS_FOLDER/Untitled.py', '--cfg-path', '/var/folders/tp/ft4rfkmn1kz3dyw8hlfz1dxw0000gn/T/tmp3bmbp2ah', '--error-file', '/var/folders/tp/ft4rfkmn1kz3dyw8hlfz1dxw0000gn/T/tmpt9jdxvfz']
[2021-05-15 20:23:34,283] {standard_task_runner.py:77} INFO - Job 1580: Subtask sleep
[2021-05-15 20:23:34,312] {logging_mixin.py:104} INFO - Running <TaskInstance: airflow_tutorial_v01.sleep 2017-06-22T19:00:00+00:00 [running]> on host 1.0.0.127.in-addr.arpa
[2021-05-15 20:23:34,336] {taskinstance.py:1281} INFO - Exporting the following env vars:
AIRFLOW_CTX_DAG_OWNER=me
AIRFLOW_CTX_DAG_ID=airflow_tutorial_v01
AIRFLOW_CTX_TASK_ID=sleep
AIRFLOW_CTX_EXECUTION_DATE=2017-06-22T19:00:00+00:00
AIRFLOW_CTX_DAG_RUN_ID=scheduled__2017-06-22T19:00:00+00:00
[2021-05-15 20:23:34,336] {bash.py:135} INFO - Tmp dir root location: 
 /var/folders/tp/ft4rfkmn1kz3dyw8hlfz1dxw0000gn/T
[2021-05-15 20:23:34,337] {bash.py:158} INFO - Running command: sleep 5
[2021-05-15 20:23:34,343] {bash.py:169} INFO - Output:
[2021-05-15 20:23:39,356] {bash.py:177} INFO - Command exited with return code 0
[2021-05-15 20:23:39,376] {taskinstance.py:1185} INFO - Marking task as SUCCESS. dag_id=airflow_tutorial_v01, task_id=sleep, execution_date=20170622T190000, start_date=20210515T192334, end_date=20210515T192339
[2021-05-15 20:23:39,391] {taskinstance.py:1246} INFO - 1 downstream tasks scheduled from follow-on schedule check
[2021-05-15 20:23:40,297] {local_task_job.py:174} WARNING - The recorded hostname 1.0.0.127.in-addr.arpa does not match this instance's hostname Henrys-MacBook-Pro.local
