[2021-05-15 19:02:02,965] {taskinstance.py:877} INFO - Dependencies all met for <TaskInstance: airflow_tutorial_v01.sleep 2017-06-19T01:00:00+00:00 [queued]>
[2021-05-15 19:02:02,970] {taskinstance.py:877} INFO - Dependencies all met for <TaskInstance: airflow_tutorial_v01.sleep 2017-06-19T01:00:00+00:00 [queued]>
[2021-05-15 19:02:02,970] {taskinstance.py:1068} INFO - 
--------------------------------------------------------------------------------
[2021-05-15 19:02:02,970] {taskinstance.py:1069} INFO - Starting attempt 1 of 2
[2021-05-15 19:02:02,970] {taskinstance.py:1070} INFO - 
--------------------------------------------------------------------------------
[2021-05-15 19:02:02,975] {taskinstance.py:1089} INFO - Executing <Task(BashOperator): sleep> on 2017-06-19T01:00:00+00:00
[2021-05-15 19:02:02,977] {standard_task_runner.py:52} INFO - Started process 57501 to run task
[2021-05-15 19:02:02,982] {standard_task_runner.py:76} INFO - Running: ['airflow', 'tasks', 'run', 'airflow_tutorial_v01', 'sleep', '2017-06-19T01:00:00+00:00', '--job-id', '1307', '--pool', 'default_pool', '--raw', '--subdir', 'DAGS_FOLDER/Untitled.py', '--cfg-path', '/var/folders/tp/ft4rfkmn1kz3dyw8hlfz1dxw0000gn/T/tmpjd8kyh1z', '--error-file', '/var/folders/tp/ft4rfkmn1kz3dyw8hlfz1dxw0000gn/T/tmpzyhqloub']
[2021-05-15 19:02:02,984] {standard_task_runner.py:77} INFO - Job 1307: Subtask sleep
[2021-05-15 19:02:03,013] {logging_mixin.py:104} INFO - Running <TaskInstance: airflow_tutorial_v01.sleep 2017-06-19T01:00:00+00:00 [running]> on host 1.0.0.127.in-addr.arpa
[2021-05-15 19:02:03,039] {taskinstance.py:1281} INFO - Exporting the following env vars:
AIRFLOW_CTX_DAG_OWNER=me
AIRFLOW_CTX_DAG_ID=airflow_tutorial_v01
AIRFLOW_CTX_TASK_ID=sleep
AIRFLOW_CTX_EXECUTION_DATE=2017-06-19T01:00:00+00:00
AIRFLOW_CTX_DAG_RUN_ID=scheduled__2017-06-19T01:00:00+00:00
[2021-05-15 19:02:03,040] {bash.py:135} INFO - Tmp dir root location: 
 /var/folders/tp/ft4rfkmn1kz3dyw8hlfz1dxw0000gn/T
[2021-05-15 19:02:03,041] {bash.py:158} INFO - Running command: sleep 5
[2021-05-15 19:02:03,050] {bash.py:169} INFO - Output:
[2021-05-15 19:02:08,059] {bash.py:177} INFO - Command exited with return code 0
[2021-05-15 19:02:08,082] {taskinstance.py:1185} INFO - Marking task as SUCCESS. dag_id=airflow_tutorial_v01, task_id=sleep, execution_date=20170619T010000, start_date=20210515T180202, end_date=20210515T180208
[2021-05-15 19:02:08,098] {taskinstance.py:1246} INFO - 1 downstream tasks scheduled from follow-on schedule check
[2021-05-15 19:02:08,125] {local_task_job.py:146} INFO - Task exited with return code 0
