[2021-05-16 08:45:21,233] {taskinstance.py:877} INFO - Dependencies all met for <TaskInstance: airflow_tutorial_v01.sleep 2017-08-01T22:00:00+00:00 [queued]>
[2021-05-16 08:45:21,372] {taskinstance.py:877} INFO - Dependencies all met for <TaskInstance: airflow_tutorial_v01.sleep 2017-08-01T22:00:00+00:00 [queued]>
[2021-05-16 08:45:21,373] {taskinstance.py:1068} INFO - 
--------------------------------------------------------------------------------
[2021-05-16 08:45:21,374] {taskinstance.py:1069} INFO - Starting attempt 1 of 2
[2021-05-16 08:45:21,375] {taskinstance.py:1070} INFO - 
--------------------------------------------------------------------------------
[2021-05-16 08:45:21,477] {taskinstance.py:1089} INFO - Executing <Task(BashOperator): sleep> on 2017-08-01T22:00:00+00:00
[2021-05-16 08:45:21,497] {standard_task_runner.py:52} INFO - Started process 40862 to run task
[2021-05-16 08:45:21,928] {standard_task_runner.py:76} INFO - Running: ['airflow', 'tasks', 'run', 'airflow_tutorial_v01', 'sleep', '2017-08-01T22:00:00+00:00', '--job-id', '4475', '--pool', 'default_pool', '--raw', '--subdir', 'DAGS_FOLDER/Untitled.py', '--cfg-path', '/var/folders/tp/ft4rfkmn1kz3dyw8hlfz1dxw0000gn/T/tmps4q87hlq', '--error-file', '/var/folders/tp/ft4rfkmn1kz3dyw8hlfz1dxw0000gn/T/tmpus72j2un']
[2021-05-16 08:45:21,962] {standard_task_runner.py:77} INFO - Job 4475: Subtask sleep
[2021-05-16 08:45:27,586] {logging_mixin.py:104} INFO - Running <TaskInstance: airflow_tutorial_v01.sleep 2017-08-01T22:00:00+00:00 [running]> on host Henrys-MacBook-Pro.local
[2021-05-16 08:45:34,012] {taskinstance.py:1281} INFO - Exporting the following env vars:
AIRFLOW_CTX_DAG_OWNER=me
AIRFLOW_CTX_DAG_ID=airflow_tutorial_v01
AIRFLOW_CTX_TASK_ID=sleep
AIRFLOW_CTX_EXECUTION_DATE=2017-08-01T22:00:00+00:00
AIRFLOW_CTX_DAG_RUN_ID=scheduled__2017-08-01T22:00:00+00:00
[2021-05-16 08:45:34,021] {bash.py:135} INFO - Tmp dir root location: 
 /var/folders/tp/ft4rfkmn1kz3dyw8hlfz1dxw0000gn/T
[2021-05-16 08:45:34,032] {bash.py:158} INFO - Running command: sleep 5
[2021-05-16 08:45:34,307] {bash.py:169} INFO - Output:
[2021-05-16 08:45:39,356] {bash.py:177} INFO - Command exited with return code 0
[2021-05-16 08:45:39,756] {taskinstance.py:1185} INFO - Marking task as SUCCESS. dag_id=airflow_tutorial_v01, task_id=sleep, execution_date=20170801T220000, start_date=20210516T074521, end_date=20210516T074539
[2021-05-16 08:45:40,287] {taskinstance.py:1246} INFO - 1 downstream tasks scheduled from follow-on schedule check
[2021-05-16 08:45:40,376] {local_task_job.py:187} WARNING - State of this instance has been externally set to success. Terminating instance.
