[2021-05-15 21:42:52,921] {taskinstance.py:877} INFO - Dependencies all met for <TaskInstance: airflow_tutorial_v01.print_hello 2017-07-11T07:00:00+00:00 [queued]>
[2021-05-15 21:42:52,926] {taskinstance.py:877} INFO - Dependencies all met for <TaskInstance: airflow_tutorial_v01.print_hello 2017-07-11T07:00:00+00:00 [queued]>
[2021-05-15 21:42:52,926] {taskinstance.py:1068} INFO - 
--------------------------------------------------------------------------------
[2021-05-15 21:42:52,926] {taskinstance.py:1069} INFO - Starting attempt 1 of 2
[2021-05-15 21:42:52,926] {taskinstance.py:1070} INFO - 
--------------------------------------------------------------------------------
[2021-05-15 21:42:52,930] {taskinstance.py:1089} INFO - Executing <Task(BashOperator): print_hello> on 2017-07-11T07:00:00+00:00
[2021-05-15 21:42:52,932] {standard_task_runner.py:52} INFO - Started process 98431 to run task
[2021-05-15 21:42:52,938] {standard_task_runner.py:76} INFO - Running: ['airflow', 'tasks', 'run', 'airflow_tutorial_v01', 'print_hello', '2017-07-11T07:00:00+00:00', '--job-id', '2912', '--pool', 'default_pool', '--raw', '--subdir', 'DAGS_FOLDER/Untitled.py', '--cfg-path', '/var/folders/tp/ft4rfkmn1kz3dyw8hlfz1dxw0000gn/T/tmpls0x9ce2', '--error-file', '/var/folders/tp/ft4rfkmn1kz3dyw8hlfz1dxw0000gn/T/tmpdwr8xcw4']
[2021-05-15 21:42:52,940] {standard_task_runner.py:77} INFO - Job 2912: Subtask print_hello
[2021-05-15 21:42:52,968] {logging_mixin.py:104} INFO - Running <TaskInstance: airflow_tutorial_v01.print_hello 2017-07-11T07:00:00+00:00 [running]> on host 1.0.0.127.in-addr.arpa
[2021-05-15 21:42:52,989] {taskinstance.py:1281} INFO - Exporting the following env vars:
AIRFLOW_CTX_DAG_OWNER=me
AIRFLOW_CTX_DAG_ID=airflow_tutorial_v01
AIRFLOW_CTX_TASK_ID=print_hello
AIRFLOW_CTX_EXECUTION_DATE=2017-07-11T07:00:00+00:00
AIRFLOW_CTX_DAG_RUN_ID=scheduled__2017-07-11T07:00:00+00:00
[2021-05-15 21:42:52,990] {bash.py:135} INFO - Tmp dir root location: 
 /var/folders/tp/ft4rfkmn1kz3dyw8hlfz1dxw0000gn/T
[2021-05-15 21:42:52,991] {bash.py:158} INFO - Running command: echo "hello"
[2021-05-15 21:42:52,997] {bash.py:169} INFO - Output:
[2021-05-15 21:42:52,999] {bash.py:173} INFO - hello
[2021-05-15 21:42:53,000] {bash.py:177} INFO - Command exited with return code 0
[2021-05-15 21:42:53,010] {taskinstance.py:1185} INFO - Marking task as SUCCESS. dag_id=airflow_tutorial_v01, task_id=print_hello, execution_date=20170711T070000, start_date=20210515T204252, end_date=20210515T204253
[2021-05-15 21:42:53,023] {taskinstance.py:1246} INFO - 1 downstream tasks scheduled from follow-on schedule check
[2021-05-15 21:42:53,042] {local_task_job.py:146} INFO - Task exited with return code 0
