[2021-05-16 00:57:21,170] {taskinstance.py:877} INFO - Dependencies all met for <TaskInstance: airflow_tutorial_v01.print_hello 2017-08-01T18:00:00+00:00 [queued]>
[2021-05-16 00:57:21,180] {taskinstance.py:877} INFO - Dependencies all met for <TaskInstance: airflow_tutorial_v01.print_hello 2017-08-01T18:00:00+00:00 [queued]>
[2021-05-16 00:57:21,180] {taskinstance.py:1068} INFO - 
--------------------------------------------------------------------------------
[2021-05-16 00:57:21,181] {taskinstance.py:1069} INFO - Starting attempt 1 of 2
[2021-05-16 00:57:21,181] {taskinstance.py:1070} INFO - 
--------------------------------------------------------------------------------
[2021-05-16 00:57:21,188] {taskinstance.py:1089} INFO - Executing <Task(BashOperator): print_hello> on 2017-08-01T18:00:00+00:00
[2021-05-16 00:57:21,190] {standard_task_runner.py:52} INFO - Started process 39647 to run task
[2021-05-16 00:57:21,198] {standard_task_runner.py:76} INFO - Running: ['airflow', 'tasks', 'run', 'airflow_tutorial_v01', 'print_hello', '2017-08-01T18:00:00+00:00', '--job-id', '4459', '--pool', 'default_pool', '--raw', '--subdir', 'DAGS_FOLDER/Untitled.py', '--cfg-path', '/var/folders/tp/ft4rfkmn1kz3dyw8hlfz1dxw0000gn/T/tmpttcmx2r3', '--error-file', '/var/folders/tp/ft4rfkmn1kz3dyw8hlfz1dxw0000gn/T/tmpu00yjl0t']
[2021-05-16 00:57:21,200] {standard_task_runner.py:77} INFO - Job 4459: Subtask print_hello
[2021-05-16 00:57:26,231] {logging_mixin.py:104} INFO - Running <TaskInstance: airflow_tutorial_v01.print_hello 2017-08-01T18:00:00+00:00 [running]> on host Henrys-MacBook-Pro.local
[2021-05-16 00:57:31,269] {taskinstance.py:1281} INFO - Exporting the following env vars:
AIRFLOW_CTX_DAG_OWNER=me
AIRFLOW_CTX_DAG_ID=airflow_tutorial_v01
AIRFLOW_CTX_TASK_ID=print_hello
AIRFLOW_CTX_EXECUTION_DATE=2017-08-01T18:00:00+00:00
AIRFLOW_CTX_DAG_RUN_ID=scheduled__2017-08-01T18:00:00+00:00
[2021-05-16 00:57:31,270] {bash.py:135} INFO - Tmp dir root location: 
 /var/folders/tp/ft4rfkmn1kz3dyw8hlfz1dxw0000gn/T
[2021-05-16 00:57:31,271] {bash.py:158} INFO - Running command: echo "hello"
[2021-05-16 00:57:31,278] {bash.py:169} INFO - Output:
[2021-05-16 00:57:31,281] {bash.py:173} INFO - hello
[2021-05-16 00:57:31,282] {bash.py:177} INFO - Command exited with return code 0
[2021-05-16 00:57:31,297] {taskinstance.py:1185} INFO - Marking task as SUCCESS. dag_id=airflow_tutorial_v01, task_id=print_hello, execution_date=20170801T180000, start_date=20210515T235721, end_date=20210515T235731
[2021-05-16 00:57:31,313] {taskinstance.py:1246} INFO - 1 downstream tasks scheduled from follow-on schedule check
[2021-05-16 00:57:31,344] {local_task_job.py:146} INFO - Task exited with return code 0
