[2021-05-15 20:26:24,000] {taskinstance.py:877} INFO - Dependencies all met for <TaskInstance: airflow_tutorial_v01.print_world 2017-06-23T04:00:00+00:00 [queued]>
[2021-05-15 20:26:24,004] {taskinstance.py:877} INFO - Dependencies all met for <TaskInstance: airflow_tutorial_v01.print_world 2017-06-23T04:00:00+00:00 [queued]>
[2021-05-15 20:26:24,004] {taskinstance.py:1068} INFO - 
--------------------------------------------------------------------------------
[2021-05-15 20:26:24,004] {taskinstance.py:1069} INFO - Starting attempt 1 of 2
[2021-05-15 20:26:24,004] {taskinstance.py:1070} INFO - 
--------------------------------------------------------------------------------
[2021-05-15 20:26:24,010] {taskinstance.py:1089} INFO - Executing <Task(PythonOperator): print_world> on 2017-06-23T04:00:00+00:00
[2021-05-15 20:26:24,011] {standard_task_runner.py:52} INFO - Started process 65517 to run task
[2021-05-15 20:26:24,017] {standard_task_runner.py:76} INFO - Running: ['airflow', 'tasks', 'run', 'airflow_tutorial_v01', 'print_world', '2017-06-23T04:00:00+00:00', '--job-id', '1611', '--pool', 'default_pool', '--raw', '--subdir', 'DAGS_FOLDER/Untitled.py', '--cfg-path', '/var/folders/tp/ft4rfkmn1kz3dyw8hlfz1dxw0000gn/T/tmp_zvy88r6', '--error-file', '/var/folders/tp/ft4rfkmn1kz3dyw8hlfz1dxw0000gn/T/tmpf0hk4jaa']
[2021-05-15 20:26:24,018] {standard_task_runner.py:77} INFO - Job 1611: Subtask print_world
[2021-05-15 20:26:24,046] {logging_mixin.py:104} INFO - Running <TaskInstance: airflow_tutorial_v01.print_world 2017-06-23T04:00:00+00:00 [running]> on host 1.0.0.127.in-addr.arpa
[2021-05-15 20:26:24,066] {taskinstance.py:1281} INFO - Exporting the following env vars:
AIRFLOW_CTX_DAG_OWNER=me
AIRFLOW_CTX_DAG_ID=airflow_tutorial_v01
AIRFLOW_CTX_TASK_ID=print_world
AIRFLOW_CTX_EXECUTION_DATE=2017-06-23T04:00:00+00:00
AIRFLOW_CTX_DAG_RUN_ID=scheduled__2017-06-23T04:00:00+00:00
[2021-05-15 20:26:24,067] {logging_mixin.py:104} INFO - world
[2021-05-15 20:26:24,067] {python.py:118} INFO - Done. Returned value was: None
[2021-05-15 20:26:24,070] {taskinstance.py:1185} INFO - Marking task as SUCCESS. dag_id=airflow_tutorial_v01, task_id=print_world, execution_date=20170623T040000, start_date=20210515T192624, end_date=20210515T192624
[2021-05-15 20:26:24,079] {taskinstance.py:1246} INFO - 0 downstream tasks scheduled from follow-on schedule check
[2021-05-15 20:26:24,118] {local_task_job.py:146} INFO - Task exited with return code 0
