[2021-05-15 18:09:41,233] {taskinstance.py:877} INFO - Dependencies all met for <TaskInstance: airflow_tutorial_v01.sleep 2017-06-09T16:00:00+00:00 [queued]>
[2021-05-15 18:09:41,237] {taskinstance.py:877} INFO - Dependencies all met for <TaskInstance: airflow_tutorial_v01.sleep 2017-06-09T16:00:00+00:00 [queued]>
[2021-05-15 18:09:41,237] {taskinstance.py:1068} INFO - 
--------------------------------------------------------------------------------
[2021-05-15 18:09:41,237] {taskinstance.py:1069} INFO - Starting attempt 1 of 2
[2021-05-15 18:09:41,237] {taskinstance.py:1070} INFO - 
--------------------------------------------------------------------------------
[2021-05-15 18:09:41,242] {taskinstance.py:1089} INFO - Executing <Task(BashOperator): sleep> on 2017-06-09T16:00:00+00:00
[2021-05-15 18:09:41,243] {standard_task_runner.py:52} INFO - Started process 40552 to run task
[2021-05-15 18:09:41,249] {standard_task_runner.py:76} INFO - Running: ['airflow', 'tasks', 'run', 'airflow_tutorial_v01', 'sleep', '2017-06-09T16:00:00+00:00', '--job-id', '629', '--pool', 'default_pool', '--raw', '--subdir', 'DAGS_FOLDER/Untitled.py', '--cfg-path', '/var/folders/tp/ft4rfkmn1kz3dyw8hlfz1dxw0000gn/T/tmprxawhji0', '--error-file', '/var/folders/tp/ft4rfkmn1kz3dyw8hlfz1dxw0000gn/T/tmp6ek02n00']
[2021-05-15 18:09:41,250] {standard_task_runner.py:77} INFO - Job 629: Subtask sleep
[2021-05-15 18:09:41,277] {logging_mixin.py:104} INFO - Running <TaskInstance: airflow_tutorial_v01.sleep 2017-06-09T16:00:00+00:00 [running]> on host 1.0.0.127.in-addr.arpa
[2021-05-15 18:09:41,299] {taskinstance.py:1281} INFO - Exporting the following env vars:
AIRFLOW_CTX_DAG_OWNER=me
AIRFLOW_CTX_DAG_ID=airflow_tutorial_v01
AIRFLOW_CTX_TASK_ID=sleep
AIRFLOW_CTX_EXECUTION_DATE=2017-06-09T16:00:00+00:00
AIRFLOW_CTX_DAG_RUN_ID=scheduled__2017-06-09T16:00:00+00:00
[2021-05-15 18:09:41,300] {bash.py:135} INFO - Tmp dir root location: 
 /var/folders/tp/ft4rfkmn1kz3dyw8hlfz1dxw0000gn/T
[2021-05-15 18:09:41,301] {bash.py:158} INFO - Running command: sleep 5
[2021-05-15 18:09:41,307] {bash.py:169} INFO - Output:
[2021-05-15 18:09:46,319] {bash.py:177} INFO - Command exited with return code 0
[2021-05-15 18:09:46,340] {taskinstance.py:1185} INFO - Marking task as SUCCESS. dag_id=airflow_tutorial_v01, task_id=sleep, execution_date=20170609T160000, start_date=20210515T170941, end_date=20210515T170946
[2021-05-15 18:09:46,356] {taskinstance.py:1246} INFO - 1 downstream tasks scheduled from follow-on schedule check
[2021-05-15 18:09:46,366] {local_task_job.py:146} INFO - Task exited with return code 0
