[2021-05-17 09:45:36,136] {taskinstance.py:877} INFO - Dependencies all met for <TaskInstance: matches_links.get_south_africa_rainbow_cup_links 2021-04-24T10:00:00+00:00 [queued]>
[2021-05-17 09:45:36,141] {taskinstance.py:877} INFO - Dependencies all met for <TaskInstance: matches_links.get_south_africa_rainbow_cup_links 2021-04-24T10:00:00+00:00 [queued]>
[2021-05-17 09:45:36,142] {taskinstance.py:1068} INFO - 
--------------------------------------------------------------------------------
[2021-05-17 09:45:36,142] {taskinstance.py:1069} INFO - Starting attempt 1 of 2
[2021-05-17 09:45:36,142] {taskinstance.py:1070} INFO - 
--------------------------------------------------------------------------------
[2021-05-17 09:45:36,147] {taskinstance.py:1089} INFO - Executing <Task(BashOperator): get_south_africa_rainbow_cup_links> on 2021-04-24T10:00:00+00:00
[2021-05-17 09:45:36,148] {standard_task_runner.py:52} INFO - Started process 31284 to run task
[2021-05-17 09:45:36,155] {standard_task_runner.py:76} INFO - Running: ['airflow', 'tasks', 'run', 'matches_links', 'get_south_africa_rainbow_cup_links', '2021-04-24T10:00:00+00:00', '--job-id', '37', '--pool', 'default_pool', '--raw', '--subdir', 'DAGS_FOLDER/matches_links/matches_links.py', '--cfg-path', '/var/folders/tp/ft4rfkmn1kz3dyw8hlfz1dxw0000gn/T/tmp2_3y9yrr', '--error-file', '/var/folders/tp/ft4rfkmn1kz3dyw8hlfz1dxw0000gn/T/tmp4dxe6_cl']
[2021-05-17 09:45:36,156] {standard_task_runner.py:77} INFO - Job 37: Subtask get_south_africa_rainbow_cup_links
[2021-05-17 09:45:36,187] {logging_mixin.py:104} INFO - Running <TaskInstance: matches_links.get_south_africa_rainbow_cup_links 2021-04-24T10:00:00+00:00 [running]> on host henrys-macbook-pro.local
[2021-05-17 09:45:36,211] {taskinstance.py:1281} INFO - Exporting the following env vars:
AIRFLOW_CTX_DAG_OWNER=me
AIRFLOW_CTX_DAG_ID=matches_links
AIRFLOW_CTX_TASK_ID=get_south_africa_rainbow_cup_links
AIRFLOW_CTX_EXECUTION_DATE=2021-04-24T10:00:00+00:00
AIRFLOW_CTX_DAG_RUN_ID=backfill__2021-04-24T10:00:00+00:00
[2021-05-17 09:45:36,212] {bash.py:135} INFO - Tmp dir root location: 
 /var/folders/tp/ft4rfkmn1kz3dyw8hlfz1dxw0000gn/T
[2021-05-17 09:45:36,213] {bash.py:158} INFO - Running command: Rscript /Users/harry/rugby_data_project_airflow/R/scripts/create_matches_table.R https://www.rugbypass.com/rainbow-cup-south-africa/matches/ 2021-04-24
[2021-05-17 09:45:36,219] {bash.py:169} INFO - Output:
[2021-05-17 09:45:37,217] {bash.py:173} INFO - ── Attaching packages ─────────────────────────────────────── tidyverse 1.3.0 ──
[2021-05-17 09:45:37,222] {bash.py:173} INFO - ✔ ggplot2 3.3.3     ✔ purrr   0.3.3
[2021-05-17 09:45:37,222] {bash.py:173} INFO - ✔ tibble  3.0.4     ✔ dplyr   1.0.2
[2021-05-17 09:45:37,222] {bash.py:173} INFO - ✔ tidyr   1.1.2     ✔ stringr 1.4.0
[2021-05-17 09:45:37,223] {bash.py:173} INFO - ✔ readr   1.3.1     ✔ forcats 0.5.0
[2021-05-17 09:45:37,298] {bash.py:173} INFO - ── Conflicts ────────────────────────────────────────── tidyverse_conflicts() ──
[2021-05-17 09:45:37,299] {bash.py:173} INFO - ✖ dplyr::filter() masks stats::filter()
[2021-05-17 09:45:37,299] {bash.py:173} INFO - ✖ dplyr::lag()    masks stats::lag()
[2021-05-17 09:45:37,309] {bash.py:173} INFO - 
[2021-05-17 09:45:37,310] {bash.py:173} INFO - Attaching package: ‘lubridate’
[2021-05-17 09:45:37,310] {bash.py:173} INFO - 
[2021-05-17 09:45:37,311] {bash.py:173} INFO - The following objects are masked from ‘package:base’:
[2021-05-17 09:45:37,311] {bash.py:173} INFO - 
[2021-05-17 09:45:37,311] {bash.py:173} INFO -     date, intersect, setdiff, union
[2021-05-17 09:45:37,312] {bash.py:173} INFO - 
[2021-05-17 09:45:37,313] {bash.py:173} INFO - Loading required package: xml2
[2021-05-17 09:45:37,322] {bash.py:173} INFO - 
[2021-05-17 09:45:37,322] {bash.py:173} INFO - Attaching package: ‘rvest’
[2021-05-17 09:45:37,322] {bash.py:173} INFO - 
[2021-05-17 09:45:37,323] {bash.py:173} INFO - The following object is masked from ‘package:purrr’:
[2021-05-17 09:45:37,323] {bash.py:173} INFO - 
[2021-05-17 09:45:37,323] {bash.py:173} INFO -     pluck
[2021-05-17 09:45:37,323] {bash.py:173} INFO - 
[2021-05-17 09:45:37,324] {bash.py:173} INFO - The following object is masked from ‘package:readr’:
[2021-05-17 09:45:37,324] {bash.py:173} INFO - 
[2021-05-17 09:45:37,325] {bash.py:173} INFO -     guess_encoding
[2021-05-17 09:45:37,325] {bash.py:173} INFO - 
[2021-05-17 09:45:37,325] {bash.py:173} INFO - [1] "2021-04-24"
[2021-05-17 09:45:37,328] {bash.py:173} INFO - [1] "Getting rainbow_cup_south_africa links"
[2021-05-17 09:45:39,701] {bash.py:173} INFO - [1] "rainbow_cup_south_africa saved"
[2021-05-17 09:45:39,729] {bash.py:177} INFO - Command exited with return code 0
[2021-05-17 09:45:39,743] {taskinstance.py:1185} INFO - Marking task as SUCCESS. dag_id=matches_links, task_id=get_south_africa_rainbow_cup_links, execution_date=20210424T100000, start_date=20210517T084536, end_date=20210517T084539
[2021-05-17 09:45:39,757] {taskinstance.py:1246} INFO - 0 downstream tasks scheduled from follow-on schedule check
[2021-05-17 09:45:39,769] {local_task_job.py:146} INFO - Task exited with return code 0
