[2021-05-16 09:31:29,960] {taskinstance.py:877} INFO - Dependencies all met for <TaskInstance: airflow_tutorial_v01.sleep 2017-08-09T11:00:00+00:00 [queued]>
[2021-05-16 09:31:29,971] {taskinstance.py:877} INFO - Dependencies all met for <TaskInstance: airflow_tutorial_v01.sleep 2017-08-09T11:00:00+00:00 [queued]>
[2021-05-16 09:31:29,972] {taskinstance.py:1068} INFO - 
--------------------------------------------------------------------------------
[2021-05-16 09:31:29,972] {taskinstance.py:1069} INFO - Starting attempt 1 of 2
[2021-05-16 09:31:29,972] {taskinstance.py:1070} INFO - 
--------------------------------------------------------------------------------
[2021-05-16 09:31:29,981] {taskinstance.py:1089} INFO - Executing <Task(BashOperator): sleep> on 2017-08-09T11:00:00+00:00
[2021-05-16 09:31:29,984] {standard_task_runner.py:52} INFO - Started process 55026 to run task
[2021-05-16 09:31:29,997] {standard_task_runner.py:76} INFO - Running: ['airflow', 'tasks', 'run', 'airflow_tutorial_v01', 'sleep', '2017-08-09T11:00:00+00:00', '--job-id', '5018', '--pool', 'default_pool', '--raw', '--subdir', 'DAGS_FOLDER/Untitled.py', '--cfg-path', '/var/folders/tp/ft4rfkmn1kz3dyw8hlfz1dxw0000gn/T/tmp170shdfw', '--error-file', '/var/folders/tp/ft4rfkmn1kz3dyw8hlfz1dxw0000gn/T/tmpa8fe3qgj']
[2021-05-16 09:31:30,000] {standard_task_runner.py:77} INFO - Job 5018: Subtask sleep
[2021-05-16 09:31:30,057] {logging_mixin.py:104} INFO - Running <TaskInstance: airflow_tutorial_v01.sleep 2017-08-09T11:00:00+00:00 [running]> on host henrys-macbook-pro.local
[2021-05-16 09:31:30,101] {taskinstance.py:1281} INFO - Exporting the following env vars:
AIRFLOW_CTX_DAG_OWNER=me
AIRFLOW_CTX_DAG_ID=airflow_tutorial_v01
AIRFLOW_CTX_TASK_ID=sleep
AIRFLOW_CTX_EXECUTION_DATE=2017-08-09T11:00:00+00:00
AIRFLOW_CTX_DAG_RUN_ID=scheduled__2017-08-09T11:00:00+00:00
[2021-05-16 09:31:30,102] {bash.py:135} INFO - Tmp dir root location: 
 /var/folders/tp/ft4rfkmn1kz3dyw8hlfz1dxw0000gn/T
[2021-05-16 09:31:30,104] {bash.py:158} INFO - Running command: sleep 5
[2021-05-16 09:31:30,117] {bash.py:169} INFO - Output:
[2021-05-16 09:31:35,131] {bash.py:177} INFO - Command exited with return code 0
[2021-05-16 09:31:35,148] {taskinstance.py:1185} INFO - Marking task as SUCCESS. dag_id=airflow_tutorial_v01, task_id=sleep, execution_date=20170809T110000, start_date=20210516T083129, end_date=20210516T083135
[2021-05-16 09:31:35,167] {taskinstance.py:1246} INFO - 1 downstream tasks scheduled from follow-on schedule check
[2021-05-16 09:31:35,213] {local_task_job.py:146} INFO - Task exited with return code 0
