[2021-05-17 09:45:16,227] {taskinstance.py:877} INFO - Dependencies all met for <TaskInstance: matches_links.get_european_champions_cup_links 2021-04-24T10:00:00+00:00 [queued]>
[2021-05-17 09:45:16,232] {taskinstance.py:877} INFO - Dependencies all met for <TaskInstance: matches_links.get_european_champions_cup_links 2021-04-24T10:00:00+00:00 [queued]>
[2021-05-17 09:45:16,232] {taskinstance.py:1068} INFO - 
--------------------------------------------------------------------------------
[2021-05-17 09:45:16,232] {taskinstance.py:1069} INFO - Starting attempt 1 of 2
[2021-05-17 09:45:16,233] {taskinstance.py:1070} INFO - 
--------------------------------------------------------------------------------
[2021-05-17 09:45:16,238] {taskinstance.py:1089} INFO - Executing <Task(BashOperator): get_european_champions_cup_links> on 2021-04-24T10:00:00+00:00
[2021-05-17 09:45:16,240] {standard_task_runner.py:52} INFO - Started process 31047 to run task
[2021-05-17 09:45:16,247] {standard_task_runner.py:76} INFO - Running: ['airflow', 'tasks', 'run', 'matches_links', 'get_european_champions_cup_links', '2021-04-24T10:00:00+00:00', '--job-id', '33', '--pool', 'default_pool', '--raw', '--subdir', 'DAGS_FOLDER/matches_links/matches_links.py', '--cfg-path', '/var/folders/tp/ft4rfkmn1kz3dyw8hlfz1dxw0000gn/T/tmp68e5ezqh', '--error-file', '/var/folders/tp/ft4rfkmn1kz3dyw8hlfz1dxw0000gn/T/tmpnqd3whvn']
[2021-05-17 09:45:16,249] {standard_task_runner.py:77} INFO - Job 33: Subtask get_european_champions_cup_links
[2021-05-17 09:45:16,280] {logging_mixin.py:104} INFO - Running <TaskInstance: matches_links.get_european_champions_cup_links 2021-04-24T10:00:00+00:00 [running]> on host 1.0.0.127.in-addr.arpa
[2021-05-17 09:45:16,302] {taskinstance.py:1281} INFO - Exporting the following env vars:
AIRFLOW_CTX_DAG_OWNER=me
AIRFLOW_CTX_DAG_ID=matches_links
AIRFLOW_CTX_TASK_ID=get_european_champions_cup_links
AIRFLOW_CTX_EXECUTION_DATE=2021-04-24T10:00:00+00:00
AIRFLOW_CTX_DAG_RUN_ID=backfill__2021-04-24T10:00:00+00:00
[2021-05-17 09:45:16,302] {bash.py:135} INFO - Tmp dir root location: 
 /var/folders/tp/ft4rfkmn1kz3dyw8hlfz1dxw0000gn/T
[2021-05-17 09:45:16,303] {bash.py:158} INFO - Running command: Rscript /Users/harry/rugby_data_project_airflow/R/scripts/create_matches_table.R https://www.rugbypass.com/european-champions-cup/matches/ 2021-04-24
[2021-05-17 09:45:16,309] {bash.py:169} INFO - Output:
[2021-05-17 09:45:17,322] {bash.py:173} INFO - ── Attaching packages ─────────────────────────────────────── tidyverse 1.3.0 ──
[2021-05-17 09:45:17,327] {bash.py:173} INFO - ✔ ggplot2 3.3.3     ✔ purrr   0.3.3
[2021-05-17 09:45:17,327] {bash.py:173} INFO - ✔ tibble  3.0.4     ✔ dplyr   1.0.2
[2021-05-17 09:45:17,328] {bash.py:173} INFO - ✔ tidyr   1.1.2     ✔ stringr 1.4.0
[2021-05-17 09:45:17,328] {bash.py:173} INFO - ✔ readr   1.3.1     ✔ forcats 0.5.0
[2021-05-17 09:45:17,399] {bash.py:173} INFO - ── Conflicts ────────────────────────────────────────── tidyverse_conflicts() ──
[2021-05-17 09:45:17,399] {bash.py:173} INFO - ✖ dplyr::filter() masks stats::filter()
[2021-05-17 09:45:17,399] {bash.py:173} INFO - ✖ dplyr::lag()    masks stats::lag()
[2021-05-17 09:45:17,409] {bash.py:173} INFO - 
[2021-05-17 09:45:17,409] {bash.py:173} INFO - Attaching package: ‘lubridate’
[2021-05-17 09:45:17,409] {bash.py:173} INFO - 
[2021-05-17 09:45:17,409] {bash.py:173} INFO - The following objects are masked from ‘package:base’:
[2021-05-17 09:45:17,410] {bash.py:173} INFO - 
[2021-05-17 09:45:17,410] {bash.py:173} INFO -     date, intersect, setdiff, union
[2021-05-17 09:45:17,410] {bash.py:173} INFO - 
[2021-05-17 09:45:17,411] {bash.py:173} INFO - Loading required package: xml2
[2021-05-17 09:45:17,418] {bash.py:173} INFO - 
[2021-05-17 09:45:17,419] {bash.py:173} INFO - Attaching package: ‘rvest’
[2021-05-17 09:45:17,419] {bash.py:173} INFO - 
[2021-05-17 09:45:17,419] {bash.py:173} INFO - The following object is masked from ‘package:purrr’:
[2021-05-17 09:45:17,420] {bash.py:173} INFO - 
[2021-05-17 09:45:17,420] {bash.py:173} INFO -     pluck
[2021-05-17 09:45:17,420] {bash.py:173} INFO - 
[2021-05-17 09:45:17,420] {bash.py:173} INFO - The following object is masked from ‘package:readr’:
[2021-05-17 09:45:17,421] {bash.py:173} INFO - 
[2021-05-17 09:45:17,421] {bash.py:173} INFO -     guess_encoding
[2021-05-17 09:45:17,421] {bash.py:173} INFO - 
[2021-05-17 09:45:17,421] {bash.py:173} INFO - [1] "2021-04-24"
[2021-05-17 09:45:17,423] {bash.py:173} INFO - [1] "Getting european_champions_cup links"
[2021-05-17 09:45:19,806] {bash.py:173} INFO - [1] "european_champions_cup saved"
[2021-05-17 09:45:19,820] {bash.py:177} INFO - Command exited with return code 0
[2021-05-17 09:45:19,832] {taskinstance.py:1185} INFO - Marking task as SUCCESS. dag_id=matches_links, task_id=get_european_champions_cup_links, execution_date=20210424T100000, start_date=20210517T084516, end_date=20210517T084519
[2021-05-17 09:45:19,842] {taskinstance.py:1246} INFO - 0 downstream tasks scheduled from follow-on schedule check
[2021-05-17 09:45:19,847] {local_task_job.py:146} INFO - Task exited with return code 0
