[2021-05-16 09:24:42,968] {taskinstance.py:877} INFO - Dependencies all met for <TaskInstance: airflow_tutorial_v01.sleep 2017-08-08T00:00:00+00:00 [queued]>
[2021-05-16 09:24:42,979] {taskinstance.py:877} INFO - Dependencies all met for <TaskInstance: airflow_tutorial_v01.sleep 2017-08-08T00:00:00+00:00 [queued]>
[2021-05-16 09:24:42,979] {taskinstance.py:1068} INFO - 
--------------------------------------------------------------------------------
[2021-05-16 09:24:42,979] {taskinstance.py:1069} INFO - Starting attempt 1 of 2
[2021-05-16 09:24:42,979] {taskinstance.py:1070} INFO - 
--------------------------------------------------------------------------------
[2021-05-16 09:24:42,987] {taskinstance.py:1089} INFO - Executing <Task(BashOperator): sleep> on 2017-08-08T00:00:00+00:00
[2021-05-16 09:24:42,991] {standard_task_runner.py:52} INFO - Started process 52511 to run task
[2021-05-16 09:24:43,001] {standard_task_runner.py:76} INFO - Running: ['airflow', 'tasks', 'run', 'airflow_tutorial_v01', 'sleep', '2017-08-08T00:00:00+00:00', '--job-id', '4913', '--pool', 'default_pool', '--raw', '--subdir', 'DAGS_FOLDER/Untitled.py', '--cfg-path', '/var/folders/tp/ft4rfkmn1kz3dyw8hlfz1dxw0000gn/T/tmpj6alo9ro', '--error-file', '/var/folders/tp/ft4rfkmn1kz3dyw8hlfz1dxw0000gn/T/tmp6yjebhia']
[2021-05-16 09:24:43,004] {standard_task_runner.py:77} INFO - Job 4913: Subtask sleep
[2021-05-16 09:24:43,057] {logging_mixin.py:104} INFO - Running <TaskInstance: airflow_tutorial_v01.sleep 2017-08-08T00:00:00+00:00 [running]> on host 1.0.0.127.in-addr.arpa
[2021-05-16 09:24:43,101] {taskinstance.py:1281} INFO - Exporting the following env vars:
AIRFLOW_CTX_DAG_OWNER=me
AIRFLOW_CTX_DAG_ID=airflow_tutorial_v01
AIRFLOW_CTX_TASK_ID=sleep
AIRFLOW_CTX_EXECUTION_DATE=2017-08-08T00:00:00+00:00
AIRFLOW_CTX_DAG_RUN_ID=scheduled__2017-08-08T00:00:00+00:00
[2021-05-16 09:24:43,102] {bash.py:135} INFO - Tmp dir root location: 
 /var/folders/tp/ft4rfkmn1kz3dyw8hlfz1dxw0000gn/T
[2021-05-16 09:24:43,104] {bash.py:158} INFO - Running command: sleep 5
[2021-05-16 09:24:43,115] {bash.py:169} INFO - Output:
[2021-05-16 09:24:48,127] {bash.py:177} INFO - Command exited with return code 0
[2021-05-16 09:24:48,148] {taskinstance.py:1185} INFO - Marking task as SUCCESS. dag_id=airflow_tutorial_v01, task_id=sleep, execution_date=20170808T000000, start_date=20210516T082442, end_date=20210516T082448
[2021-05-16 09:24:48,165] {taskinstance.py:1246} INFO - 1 downstream tasks scheduled from follow-on schedule check
[2021-05-16 09:24:48,193] {local_task_job.py:146} INFO - Task exited with return code 0
