[2021-05-15 18:59:49,088] {taskinstance.py:877} INFO - Dependencies all met for <TaskInstance: airflow_tutorial_v01.sleep 2017-06-18T10:00:00+00:00 [queued]>
[2021-05-15 18:59:49,093] {taskinstance.py:877} INFO - Dependencies all met for <TaskInstance: airflow_tutorial_v01.sleep 2017-06-18T10:00:00+00:00 [queued]>
[2021-05-15 18:59:49,093] {taskinstance.py:1068} INFO - 
--------------------------------------------------------------------------------
[2021-05-15 18:59:49,093] {taskinstance.py:1069} INFO - Starting attempt 1 of 2
[2021-05-15 18:59:49,093] {taskinstance.py:1070} INFO - 
--------------------------------------------------------------------------------
[2021-05-15 18:59:49,097] {taskinstance.py:1089} INFO - Executing <Task(BashOperator): sleep> on 2017-06-18T10:00:00+00:00
[2021-05-15 18:59:49,099] {standard_task_runner.py:52} INFO - Started process 56445 to run task
[2021-05-15 18:59:49,105] {standard_task_runner.py:76} INFO - Running: ['airflow', 'tasks', 'run', 'airflow_tutorial_v01', 'sleep', '2017-06-18T10:00:00+00:00', '--job-id', '1263', '--pool', 'default_pool', '--raw', '--subdir', 'DAGS_FOLDER/Untitled.py', '--cfg-path', '/var/folders/tp/ft4rfkmn1kz3dyw8hlfz1dxw0000gn/T/tmp505qg6l2', '--error-file', '/var/folders/tp/ft4rfkmn1kz3dyw8hlfz1dxw0000gn/T/tmpjje9ic9y']
[2021-05-15 18:59:49,107] {standard_task_runner.py:77} INFO - Job 1263: Subtask sleep
[2021-05-15 18:59:49,133] {logging_mixin.py:104} INFO - Running <TaskInstance: airflow_tutorial_v01.sleep 2017-06-18T10:00:00+00:00 [running]> on host 1.0.0.127.in-addr.arpa
[2021-05-15 18:59:49,157] {taskinstance.py:1281} INFO - Exporting the following env vars:
AIRFLOW_CTX_DAG_OWNER=me
AIRFLOW_CTX_DAG_ID=airflow_tutorial_v01
AIRFLOW_CTX_TASK_ID=sleep
AIRFLOW_CTX_EXECUTION_DATE=2017-06-18T10:00:00+00:00
AIRFLOW_CTX_DAG_RUN_ID=scheduled__2017-06-18T10:00:00+00:00
[2021-05-15 18:59:49,157] {bash.py:135} INFO - Tmp dir root location: 
 /var/folders/tp/ft4rfkmn1kz3dyw8hlfz1dxw0000gn/T
[2021-05-15 18:59:49,158] {bash.py:158} INFO - Running command: sleep 5
[2021-05-15 18:59:49,164] {bash.py:169} INFO - Output:
[2021-05-15 18:59:54,173] {bash.py:177} INFO - Command exited with return code 0
[2021-05-15 18:59:54,195] {taskinstance.py:1185} INFO - Marking task as SUCCESS. dag_id=airflow_tutorial_v01, task_id=sleep, execution_date=20170618T100000, start_date=20210515T175949, end_date=20210515T175954
[2021-05-15 18:59:54,211] {taskinstance.py:1246} INFO - 1 downstream tasks scheduled from follow-on schedule check
[2021-05-15 18:59:54,222] {local_task_job.py:146} INFO - Task exited with return code 0
