[2021-05-16 09:16:26,142] {taskinstance.py:877} INFO - Dependencies all met for <TaskInstance: airflow_tutorial_v01.print_hello 2017-08-06T06:00:00+00:00 [queued]>
[2021-05-16 09:16:26,151] {taskinstance.py:877} INFO - Dependencies all met for <TaskInstance: airflow_tutorial_v01.print_hello 2017-08-06T06:00:00+00:00 [queued]>
[2021-05-16 09:16:26,151] {taskinstance.py:1068} INFO - 
--------------------------------------------------------------------------------
[2021-05-16 09:16:26,151] {taskinstance.py:1069} INFO - Starting attempt 1 of 2
[2021-05-16 09:16:26,151] {taskinstance.py:1070} INFO - 
--------------------------------------------------------------------------------
[2021-05-16 09:16:26,161] {taskinstance.py:1089} INFO - Executing <Task(BashOperator): print_hello> on 2017-08-06T06:00:00+00:00
[2021-05-16 09:16:26,164] {standard_task_runner.py:52} INFO - Started process 49323 to run task
[2021-05-16 09:16:26,176] {standard_task_runner.py:76} INFO - Running: ['airflow', 'tasks', 'run', 'airflow_tutorial_v01', 'print_hello', '2017-08-06T06:00:00+00:00', '--job-id', '4783', '--pool', 'default_pool', '--raw', '--subdir', 'DAGS_FOLDER/Untitled.py', '--cfg-path', '/var/folders/tp/ft4rfkmn1kz3dyw8hlfz1dxw0000gn/T/tmpoeiebhfl', '--error-file', '/var/folders/tp/ft4rfkmn1kz3dyw8hlfz1dxw0000gn/T/tmpu4b4wxzt']
[2021-05-16 09:16:26,179] {standard_task_runner.py:77} INFO - Job 4783: Subtask print_hello
[2021-05-16 09:16:26,232] {logging_mixin.py:104} INFO - Running <TaskInstance: airflow_tutorial_v01.print_hello 2017-08-06T06:00:00+00:00 [running]> on host 1.0.0.127.in-addr.arpa
[2021-05-16 09:16:26,278] {taskinstance.py:1281} INFO - Exporting the following env vars:
AIRFLOW_CTX_DAG_OWNER=me
AIRFLOW_CTX_DAG_ID=airflow_tutorial_v01
AIRFLOW_CTX_TASK_ID=print_hello
AIRFLOW_CTX_EXECUTION_DATE=2017-08-06T06:00:00+00:00
AIRFLOW_CTX_DAG_RUN_ID=scheduled__2017-08-06T06:00:00+00:00
[2021-05-16 09:16:26,279] {bash.py:135} INFO - Tmp dir root location: 
 /var/folders/tp/ft4rfkmn1kz3dyw8hlfz1dxw0000gn/T
[2021-05-16 09:16:26,281] {bash.py:158} INFO - Running command: echo "hello"
[2021-05-16 09:16:26,294] {bash.py:169} INFO - Output:
[2021-05-16 09:16:26,300] {bash.py:173} INFO - hello
[2021-05-16 09:16:26,301] {bash.py:177} INFO - Command exited with return code 0
[2021-05-16 09:16:26,325] {taskinstance.py:1185} INFO - Marking task as SUCCESS. dag_id=airflow_tutorial_v01, task_id=print_hello, execution_date=20170806T060000, start_date=20210516T081626, end_date=20210516T081626
[2021-05-16 09:16:26,352] {taskinstance.py:1246} INFO - 1 downstream tasks scheduled from follow-on schedule check
[2021-05-16 09:16:26,373] {local_task_job.py:146} INFO - Task exited with return code 0
