[2021-05-15 17:42:46,933] {taskinstance.py:877} INFO - Dependencies all met for <TaskInstance: airflow_tutorial_v01.sleep 2017-06-03T06:00:00+00:00 [queued]>
[2021-05-15 17:42:46,937] {taskinstance.py:877} INFO - Dependencies all met for <TaskInstance: airflow_tutorial_v01.sleep 2017-06-03T06:00:00+00:00 [queued]>
[2021-05-15 17:42:46,937] {taskinstance.py:1068} INFO - 
--------------------------------------------------------------------------------
[2021-05-15 17:42:46,937] {taskinstance.py:1069} INFO - Starting attempt 1 of 2
[2021-05-15 17:42:46,937] {taskinstance.py:1070} INFO - 
--------------------------------------------------------------------------------
[2021-05-15 17:42:46,942] {taskinstance.py:1089} INFO - Executing <Task(BashOperator): sleep> on 2017-06-03T06:00:00+00:00
[2021-05-15 17:42:46,944] {standard_task_runner.py:52} INFO - Started process 28819 to run task
[2021-05-15 17:42:46,949] {standard_task_runner.py:76} INFO - Running: ['airflow', 'tasks', 'run', 'airflow_tutorial_v01', 'sleep', '2017-06-03T06:00:00+00:00', '--job-id', '167', '--pool', 'default_pool', '--raw', '--subdir', 'DAGS_FOLDER/Untitled.py', '--cfg-path', '/var/folders/tp/ft4rfkmn1kz3dyw8hlfz1dxw0000gn/T/tmpilfgwhxy', '--error-file', '/var/folders/tp/ft4rfkmn1kz3dyw8hlfz1dxw0000gn/T/tmpw9pr_hdg']
[2021-05-15 17:42:46,951] {standard_task_runner.py:77} INFO - Job 167: Subtask sleep
[2021-05-15 17:42:46,978] {logging_mixin.py:104} INFO - Running <TaskInstance: airflow_tutorial_v01.sleep 2017-06-03T06:00:00+00:00 [running]> on host Henrys-MacBook-Pro.local
[2021-05-15 17:42:47,000] {taskinstance.py:1281} INFO - Exporting the following env vars:
AIRFLOW_CTX_DAG_OWNER=me
AIRFLOW_CTX_DAG_ID=airflow_tutorial_v01
AIRFLOW_CTX_TASK_ID=sleep
AIRFLOW_CTX_EXECUTION_DATE=2017-06-03T06:00:00+00:00
AIRFLOW_CTX_DAG_RUN_ID=scheduled__2017-06-03T06:00:00+00:00
[2021-05-15 17:42:47,001] {bash.py:135} INFO - Tmp dir root location: 
 /var/folders/tp/ft4rfkmn1kz3dyw8hlfz1dxw0000gn/T
[2021-05-15 17:42:47,002] {bash.py:158} INFO - Running command: sleep 5
[2021-05-15 17:42:47,009] {bash.py:169} INFO - Output:
[2021-05-15 17:42:52,021] {bash.py:177} INFO - Command exited with return code 0
[2021-05-15 17:42:52,042] {taskinstance.py:1185} INFO - Marking task as SUCCESS. dag_id=airflow_tutorial_v01, task_id=sleep, execution_date=20170603T060000, start_date=20210515T164246, end_date=20210515T164252
[2021-05-15 17:42:52,057] {taskinstance.py:1246} INFO - 1 downstream tasks scheduled from follow-on schedule check
[2021-05-15 17:42:52,089] {local_task_job.py:146} INFO - Task exited with return code 0
