[2021-05-15 18:33:21,535] {taskinstance.py:877} INFO - Dependencies all met for <TaskInstance: airflow_tutorial_v01.sleep 2017-06-14T10:00:00+00:00 [queued]>
[2021-05-15 18:33:21,540] {taskinstance.py:877} INFO - Dependencies all met for <TaskInstance: airflow_tutorial_v01.sleep 2017-06-14T10:00:00+00:00 [queued]>
[2021-05-15 18:33:21,540] {taskinstance.py:1068} INFO - 
--------------------------------------------------------------------------------
[2021-05-15 18:33:21,540] {taskinstance.py:1069} INFO - Starting attempt 1 of 2
[2021-05-15 18:33:21,540] {taskinstance.py:1070} INFO - 
--------------------------------------------------------------------------------
[2021-05-15 18:33:21,546] {taskinstance.py:1089} INFO - Executing <Task(BashOperator): sleep> on 2017-06-14T10:00:00+00:00
[2021-05-15 18:33:21,548] {standard_task_runner.py:52} INFO - Started process 48940 to run task
[2021-05-15 18:33:21,553] {standard_task_runner.py:76} INFO - Running: ['airflow', 'tasks', 'run', 'airflow_tutorial_v01', 'sleep', '2017-06-14T10:00:00+00:00', '--job-id', '971', '--pool', 'default_pool', '--raw', '--subdir', 'DAGS_FOLDER/Untitled.py', '--cfg-path', '/var/folders/tp/ft4rfkmn1kz3dyw8hlfz1dxw0000gn/T/tmpqp0ipf02', '--error-file', '/var/folders/tp/ft4rfkmn1kz3dyw8hlfz1dxw0000gn/T/tmpj5ho18_b']
[2021-05-15 18:33:21,555] {standard_task_runner.py:77} INFO - Job 971: Subtask sleep
[2021-05-15 18:33:21,582] {logging_mixin.py:104} INFO - Running <TaskInstance: airflow_tutorial_v01.sleep 2017-06-14T10:00:00+00:00 [running]> on host henrys-macbook-pro.local
[2021-05-15 18:33:21,602] {taskinstance.py:1281} INFO - Exporting the following env vars:
AIRFLOW_CTX_DAG_OWNER=me
AIRFLOW_CTX_DAG_ID=airflow_tutorial_v01
AIRFLOW_CTX_TASK_ID=sleep
AIRFLOW_CTX_EXECUTION_DATE=2017-06-14T10:00:00+00:00
AIRFLOW_CTX_DAG_RUN_ID=scheduled__2017-06-14T10:00:00+00:00
[2021-05-15 18:33:21,602] {bash.py:135} INFO - Tmp dir root location: 
 /var/folders/tp/ft4rfkmn1kz3dyw8hlfz1dxw0000gn/T
[2021-05-15 18:33:21,603] {bash.py:158} INFO - Running command: sleep 5
[2021-05-15 18:33:21,609] {bash.py:169} INFO - Output:
[2021-05-15 18:33:26,616] {bash.py:177} INFO - Command exited with return code 0
[2021-05-15 18:33:26,631] {taskinstance.py:1185} INFO - Marking task as SUCCESS. dag_id=airflow_tutorial_v01, task_id=sleep, execution_date=20170614T100000, start_date=20210515T173321, end_date=20210515T173326
[2021-05-15 18:33:26,651] {taskinstance.py:1246} INFO - 1 downstream tasks scheduled from follow-on schedule check
[2021-05-15 18:33:26,680] {local_task_job.py:146} INFO - Task exited with return code 0
