[2021-05-15 22:09:30,376] {taskinstance.py:877} INFO - Dependencies all met for <TaskInstance: airflow_tutorial_v01.sleep 2017-07-18T12:00:00+00:00 [queued]>
[2021-05-15 22:09:30,381] {taskinstance.py:877} INFO - Dependencies all met for <TaskInstance: airflow_tutorial_v01.sleep 2017-07-18T12:00:00+00:00 [queued]>
[2021-05-15 22:09:30,381] {taskinstance.py:1068} INFO - 
--------------------------------------------------------------------------------
[2021-05-15 22:09:30,381] {taskinstance.py:1069} INFO - Starting attempt 1 of 2
[2021-05-15 22:09:30,381] {taskinstance.py:1070} INFO - 
--------------------------------------------------------------------------------
[2021-05-15 22:09:30,387] {taskinstance.py:1089} INFO - Executing <Task(BashOperator): sleep> on 2017-07-18T12:00:00+00:00
[2021-05-15 22:09:30,389] {standard_task_runner.py:52} INFO - Started process 12126 to run task
[2021-05-15 22:09:30,395] {standard_task_runner.py:76} INFO - Running: ['airflow', 'tasks', 'run', 'airflow_tutorial_v01', 'sleep', '2017-07-18T12:00:00+00:00', '--job-id', '3435', '--pool', 'default_pool', '--raw', '--subdir', 'DAGS_FOLDER/Untitled.py', '--cfg-path', '/var/folders/tp/ft4rfkmn1kz3dyw8hlfz1dxw0000gn/T/tmpjst1bkfm', '--error-file', '/var/folders/tp/ft4rfkmn1kz3dyw8hlfz1dxw0000gn/T/tmpgj21ao4b']
[2021-05-15 22:09:30,397] {standard_task_runner.py:77} INFO - Job 3435: Subtask sleep
[2021-05-15 22:09:30,433] {logging_mixin.py:104} INFO - Running <TaskInstance: airflow_tutorial_v01.sleep 2017-07-18T12:00:00+00:00 [running]> on host henrys-macbook-pro.local
[2021-05-15 22:09:30,458] {taskinstance.py:1281} INFO - Exporting the following env vars:
AIRFLOW_CTX_DAG_OWNER=me
AIRFLOW_CTX_DAG_ID=airflow_tutorial_v01
AIRFLOW_CTX_TASK_ID=sleep
AIRFLOW_CTX_EXECUTION_DATE=2017-07-18T12:00:00+00:00
AIRFLOW_CTX_DAG_RUN_ID=scheduled__2017-07-18T12:00:00+00:00
[2021-05-15 22:09:30,458] {bash.py:135} INFO - Tmp dir root location: 
 /var/folders/tp/ft4rfkmn1kz3dyw8hlfz1dxw0000gn/T
[2021-05-15 22:09:30,459] {bash.py:158} INFO - Running command: sleep 5
[2021-05-15 22:09:30,465] {bash.py:169} INFO - Output:
[2021-05-15 22:09:35,472] {bash.py:177} INFO - Command exited with return code 0
[2021-05-15 22:09:35,485] {taskinstance.py:1185} INFO - Marking task as SUCCESS. dag_id=airflow_tutorial_v01, task_id=sleep, execution_date=20170718T120000, start_date=20210515T210930, end_date=20210515T210935
[2021-05-15 22:09:35,498] {taskinstance.py:1246} INFO - 1 downstream tasks scheduled from follow-on schedule check
[2021-05-15 22:09:35,526] {local_task_job.py:146} INFO - Task exited with return code 0
