[2021-05-15 18:31:02,418] {taskinstance.py:877} INFO - Dependencies all met for <TaskInstance: airflow_tutorial_v01.sleep 2017-06-13T18:00:00+00:00 [queued]>
[2021-05-15 18:31:02,422] {taskinstance.py:877} INFO - Dependencies all met for <TaskInstance: airflow_tutorial_v01.sleep 2017-06-13T18:00:00+00:00 [queued]>
[2021-05-15 18:31:02,422] {taskinstance.py:1068} INFO - 
--------------------------------------------------------------------------------
[2021-05-15 18:31:02,422] {taskinstance.py:1069} INFO - Starting attempt 1 of 2
[2021-05-15 18:31:02,422] {taskinstance.py:1070} INFO - 
--------------------------------------------------------------------------------
[2021-05-15 18:31:02,426] {taskinstance.py:1089} INFO - Executing <Task(BashOperator): sleep> on 2017-06-13T18:00:00+00:00
[2021-05-15 18:31:02,428] {standard_task_runner.py:52} INFO - Started process 47819 to run task
[2021-05-15 18:31:02,434] {standard_task_runner.py:76} INFO - Running: ['airflow', 'tasks', 'run', 'airflow_tutorial_v01', 'sleep', '2017-06-13T18:00:00+00:00', '--job-id', '924', '--pool', 'default_pool', '--raw', '--subdir', 'DAGS_FOLDER/Untitled.py', '--cfg-path', '/var/folders/tp/ft4rfkmn1kz3dyw8hlfz1dxw0000gn/T/tmpbv6plv8a', '--error-file', '/var/folders/tp/ft4rfkmn1kz3dyw8hlfz1dxw0000gn/T/tmpds6qf7og']
[2021-05-15 18:31:02,436] {standard_task_runner.py:77} INFO - Job 924: Subtask sleep
[2021-05-15 18:31:02,464] {logging_mixin.py:104} INFO - Running <TaskInstance: airflow_tutorial_v01.sleep 2017-06-13T18:00:00+00:00 [running]> on host henrys-macbook-pro.local
[2021-05-15 18:31:02,484] {taskinstance.py:1281} INFO - Exporting the following env vars:
AIRFLOW_CTX_DAG_OWNER=me
AIRFLOW_CTX_DAG_ID=airflow_tutorial_v01
AIRFLOW_CTX_TASK_ID=sleep
AIRFLOW_CTX_EXECUTION_DATE=2017-06-13T18:00:00+00:00
AIRFLOW_CTX_DAG_RUN_ID=scheduled__2017-06-13T18:00:00+00:00
[2021-05-15 18:31:02,484] {bash.py:135} INFO - Tmp dir root location: 
 /var/folders/tp/ft4rfkmn1kz3dyw8hlfz1dxw0000gn/T
[2021-05-15 18:31:02,485] {bash.py:158} INFO - Running command: sleep 5
[2021-05-15 18:31:02,491] {bash.py:169} INFO - Output:
[2021-05-15 18:31:07,505] {bash.py:177} INFO - Command exited with return code 0
[2021-05-15 18:31:07,526] {taskinstance.py:1185} INFO - Marking task as SUCCESS. dag_id=airflow_tutorial_v01, task_id=sleep, execution_date=20170613T180000, start_date=20210515T173102, end_date=20210515T173107
[2021-05-15 18:31:07,541] {taskinstance.py:1246} INFO - 1 downstream tasks scheduled from follow-on schedule check
[2021-05-15 18:31:07,575] {local_task_job.py:146} INFO - Task exited with return code 0
