[2021-05-15 22:18:31,983] {taskinstance.py:877} INFO - Dependencies all met for <TaskInstance: airflow_tutorial_v01.print_hello 2017-07-21T00:00:00+00:00 [queued]>
[2021-05-15 22:18:31,989] {taskinstance.py:877} INFO - Dependencies all met for <TaskInstance: airflow_tutorial_v01.print_hello 2017-07-21T00:00:00+00:00 [queued]>
[2021-05-15 22:18:31,989] {taskinstance.py:1068} INFO - 
--------------------------------------------------------------------------------
[2021-05-15 22:18:31,989] {taskinstance.py:1069} INFO - Starting attempt 1 of 2
[2021-05-15 22:18:31,989] {taskinstance.py:1070} INFO - 
--------------------------------------------------------------------------------
[2021-05-15 22:18:31,994] {taskinstance.py:1089} INFO - Executing <Task(BashOperator): print_hello> on 2017-07-21T00:00:00+00:00
[2021-05-15 22:18:31,997] {standard_task_runner.py:52} INFO - Started process 16548 to run task
[2021-05-15 22:18:32,003] {standard_task_runner.py:76} INFO - Running: ['airflow', 'tasks', 'run', 'airflow_tutorial_v01', 'print_hello', '2017-07-21T00:00:00+00:00', '--job-id', '3611', '--pool', 'default_pool', '--raw', '--subdir', 'DAGS_FOLDER/Untitled.py', '--cfg-path', '/var/folders/tp/ft4rfkmn1kz3dyw8hlfz1dxw0000gn/T/tmp9_8qp9la', '--error-file', '/var/folders/tp/ft4rfkmn1kz3dyw8hlfz1dxw0000gn/T/tmpepl3bo4y']
[2021-05-15 22:18:32,005] {standard_task_runner.py:77} INFO - Job 3611: Subtask print_hello
[2021-05-15 22:18:32,033] {logging_mixin.py:104} INFO - Running <TaskInstance: airflow_tutorial_v01.print_hello 2017-07-21T00:00:00+00:00 [running]> on host henrys-macbook-pro.local
[2021-05-15 22:18:32,058] {taskinstance.py:1281} INFO - Exporting the following env vars:
AIRFLOW_CTX_DAG_OWNER=me
AIRFLOW_CTX_DAG_ID=airflow_tutorial_v01
AIRFLOW_CTX_TASK_ID=print_hello
AIRFLOW_CTX_EXECUTION_DATE=2017-07-21T00:00:00+00:00
AIRFLOW_CTX_DAG_RUN_ID=scheduled__2017-07-21T00:00:00+00:00
[2021-05-15 22:18:32,059] {bash.py:135} INFO - Tmp dir root location: 
 /var/folders/tp/ft4rfkmn1kz3dyw8hlfz1dxw0000gn/T
[2021-05-15 22:18:32,060] {bash.py:158} INFO - Running command: echo "hello"
[2021-05-15 22:18:32,067] {bash.py:169} INFO - Output:
[2021-05-15 22:18:32,069] {bash.py:173} INFO - hello
[2021-05-15 22:18:32,070] {bash.py:177} INFO - Command exited with return code 0
[2021-05-15 22:18:32,083] {taskinstance.py:1185} INFO - Marking task as SUCCESS. dag_id=airflow_tutorial_v01, task_id=print_hello, execution_date=20170721T000000, start_date=20210515T211831, end_date=20210515T211832
[2021-05-15 22:18:32,099] {taskinstance.py:1246} INFO - 1 downstream tasks scheduled from follow-on schedule check
[2021-05-15 22:18:32,143] {local_task_job.py:146} INFO - Task exited with return code 0
