[2021-05-17 09:46:41,700] {taskinstance.py:877} INFO - Dependencies all met for <TaskInstance: matches_links.get_top_14_links 2021-04-24T10:00:00+00:00 [queued]>
[2021-05-17 09:46:41,706] {taskinstance.py:877} INFO - Dependencies all met for <TaskInstance: matches_links.get_top_14_links 2021-04-24T10:00:00+00:00 [queued]>
[2021-05-17 09:46:41,707] {taskinstance.py:1068} INFO - 
--------------------------------------------------------------------------------
[2021-05-17 09:46:41,707] {taskinstance.py:1069} INFO - Starting attempt 1 of 2
[2021-05-17 09:46:41,707] {taskinstance.py:1070} INFO - 
--------------------------------------------------------------------------------
[2021-05-17 09:46:41,711] {taskinstance.py:1089} INFO - Executing <Task(BashOperator): get_top_14_links> on 2021-04-24T10:00:00+00:00
[2021-05-17 09:46:41,713] {standard_task_runner.py:52} INFO - Started process 32038 to run task
[2021-05-17 09:46:41,720] {standard_task_runner.py:76} INFO - Running: ['airflow', 'tasks', 'run', 'matches_links', 'get_top_14_links', '2021-04-24T10:00:00+00:00', '--job-id', '45', '--pool', 'default_pool', '--raw', '--subdir', 'DAGS_FOLDER/matches_links/matches_links.py', '--cfg-path', '/var/folders/tp/ft4rfkmn1kz3dyw8hlfz1dxw0000gn/T/tmpjban0d3z', '--error-file', '/var/folders/tp/ft4rfkmn1kz3dyw8hlfz1dxw0000gn/T/tmp7n6v76_l']
[2021-05-17 09:46:41,722] {standard_task_runner.py:77} INFO - Job 45: Subtask get_top_14_links
[2021-05-17 09:46:41,752] {logging_mixin.py:104} INFO - Running <TaskInstance: matches_links.get_top_14_links 2021-04-24T10:00:00+00:00 [running]> on host 1.0.0.127.in-addr.arpa
[2021-05-17 09:46:41,776] {taskinstance.py:1281} INFO - Exporting the following env vars:
AIRFLOW_CTX_DAG_OWNER=me
AIRFLOW_CTX_DAG_ID=matches_links
AIRFLOW_CTX_TASK_ID=get_top_14_links
AIRFLOW_CTX_EXECUTION_DATE=2021-04-24T10:00:00+00:00
AIRFLOW_CTX_DAG_RUN_ID=backfill__2021-04-24T10:00:00+00:00
[2021-05-17 09:46:41,776] {bash.py:135} INFO - Tmp dir root location: 
 /var/folders/tp/ft4rfkmn1kz3dyw8hlfz1dxw0000gn/T
[2021-05-17 09:46:41,777] {bash.py:158} INFO - Running command: Rscript /Users/harry/rugby_data_project_airflow/R/scripts/create_matches_table.R https://www.rugbypass.com/top-14/matches/ 2021-04-24
[2021-05-17 09:46:41,783] {bash.py:169} INFO - Output:
[2021-05-17 09:46:42,826] {bash.py:173} INFO - ── Attaching packages ─────────────────────────────────────── tidyverse 1.3.0 ──
[2021-05-17 09:46:42,830] {bash.py:173} INFO - ✔ ggplot2 3.3.3     ✔ purrr   0.3.3
[2021-05-17 09:46:42,830] {bash.py:173} INFO - ✔ tibble  3.0.4     ✔ dplyr   1.0.2
[2021-05-17 09:46:42,831] {bash.py:173} INFO - ✔ tidyr   1.1.2     ✔ stringr 1.4.0
[2021-05-17 09:46:42,831] {bash.py:173} INFO - ✔ readr   1.3.1     ✔ forcats 0.5.0
[2021-05-17 09:46:42,904] {bash.py:173} INFO - ── Conflicts ────────────────────────────────────────── tidyverse_conflicts() ──
[2021-05-17 09:46:42,904] {bash.py:173} INFO - ✖ dplyr::filter() masks stats::filter()
[2021-05-17 09:46:42,904] {bash.py:173} INFO - ✖ dplyr::lag()    masks stats::lag()
[2021-05-17 09:46:42,914] {bash.py:173} INFO - 
[2021-05-17 09:46:42,914] {bash.py:173} INFO - Attaching package: ‘lubridate’
[2021-05-17 09:46:42,915] {bash.py:173} INFO - 
[2021-05-17 09:46:42,915] {bash.py:173} INFO - The following objects are masked from ‘package:base’:
[2021-05-17 09:46:42,915] {bash.py:173} INFO - 
[2021-05-17 09:46:42,915] {bash.py:173} INFO -     date, intersect, setdiff, union
[2021-05-17 09:46:42,916] {bash.py:173} INFO - 
[2021-05-17 09:46:42,917] {bash.py:173} INFO - Loading required package: xml2
[2021-05-17 09:46:42,925] {bash.py:173} INFO - 
[2021-05-17 09:46:42,925] {bash.py:173} INFO - Attaching package: ‘rvest’
[2021-05-17 09:46:42,925] {bash.py:173} INFO - 
[2021-05-17 09:46:42,926] {bash.py:173} INFO - The following object is masked from ‘package:purrr’:
[2021-05-17 09:46:42,926] {bash.py:173} INFO - 
[2021-05-17 09:46:42,926] {bash.py:173} INFO -     pluck
[2021-05-17 09:46:42,926] {bash.py:173} INFO - 
[2021-05-17 09:46:42,927] {bash.py:173} INFO - The following object is masked from ‘package:readr’:
[2021-05-17 09:46:42,927] {bash.py:173} INFO - 
[2021-05-17 09:46:42,927] {bash.py:173} INFO -     guess_encoding
[2021-05-17 09:46:42,927] {bash.py:173} INFO - 
[2021-05-17 09:46:42,928] {bash.py:173} INFO - [1] "2021-04-24"
[2021-05-17 09:46:42,930] {bash.py:173} INFO - [1] "Getting top_14 links"
[2021-05-17 09:46:45,911] {bash.py:173} INFO - [1] "top_14 saved"
[2021-05-17 09:46:45,926] {bash.py:177} INFO - Command exited with return code 0
[2021-05-17 09:46:45,937] {taskinstance.py:1185} INFO - Marking task as SUCCESS. dag_id=matches_links, task_id=get_top_14_links, execution_date=20210424T100000, start_date=20210517T084641, end_date=20210517T084645
[2021-05-17 09:46:45,946] {taskinstance.py:1246} INFO - 0 downstream tasks scheduled from follow-on schedule check
[2021-05-17 09:46:45,984] {local_task_job.py:146} INFO - Task exited with return code 0
