[2021-05-15 17:06:48,950] {scheduler_job.py:182} INFO - Started process (PID=14672) to work on /Users/harry/.local/share/virtualenvs/rugby_data_project_airflow-d2RAFQI6/lib/python3.8/site-packages/airflow/example_dags/example_nested_branch_dag.py
[2021-05-15 17:06:48,950] {scheduler_job.py:629} INFO - Processing file /Users/harry/.local/share/virtualenvs/rugby_data_project_airflow-d2RAFQI6/lib/python3.8/site-packages/airflow/example_dags/example_nested_branch_dag.py for tasks to queue
[2021-05-15 17:06:48,950] {logging_mixin.py:104} INFO - [2021-05-15 17:06:48,950] {dagbag.py:451} INFO - Filling up the DagBag from /Users/harry/.local/share/virtualenvs/rugby_data_project_airflow-d2RAFQI6/lib/python3.8/site-packages/airflow/example_dags/example_nested_branch_dag.py
[2021-05-15 17:06:48,958] {scheduler_job.py:639} INFO - DAG(s) dict_keys(['example_nested_branch_dag']) retrieved from /Users/harry/.local/share/virtualenvs/rugby_data_project_airflow-d2RAFQI6/lib/python3.8/site-packages/airflow/example_dags/example_nested_branch_dag.py
[2021-05-15 17:06:48,982] {logging_mixin.py:104} INFO - [2021-05-15 17:06:48,982] {dag.py:1824} INFO - Sync 1 DAGs
[2021-05-15 17:06:48,992] {logging_mixin.py:104} INFO - [2021-05-15 17:06:48,992] {dag.py:2280} INFO - Setting next_dagrun for example_nested_branch_dag to 2021-05-13 00:00:00+00:00
[2021-05-15 17:06:48,998] {scheduler_job.py:190} INFO - Processing /Users/harry/.local/share/virtualenvs/rugby_data_project_airflow-d2RAFQI6/lib/python3.8/site-packages/airflow/example_dags/example_nested_branch_dag.py took 0.048 seconds
[2021-05-15 17:07:36,350] {scheduler_job.py:182} INFO - Started process (PID=14985) to work on /Users/harry/.local/share/virtualenvs/rugby_data_project_airflow-d2RAFQI6/lib/python3.8/site-packages/airflow/example_dags/example_nested_branch_dag.py
[2021-05-15 17:07:36,351] {scheduler_job.py:629} INFO - Processing file /Users/harry/.local/share/virtualenvs/rugby_data_project_airflow-d2RAFQI6/lib/python3.8/site-packages/airflow/example_dags/example_nested_branch_dag.py for tasks to queue
[2021-05-15 17:07:36,351] {logging_mixin.py:104} INFO - [2021-05-15 17:07:36,351] {dagbag.py:451} INFO - Filling up the DagBag from /Users/harry/.local/share/virtualenvs/rugby_data_project_airflow-d2RAFQI6/lib/python3.8/site-packages/airflow/example_dags/example_nested_branch_dag.py
[2021-05-15 17:07:36,358] {scheduler_job.py:639} INFO - DAG(s) dict_keys(['example_nested_branch_dag']) retrieved from /Users/harry/.local/share/virtualenvs/rugby_data_project_airflow-d2RAFQI6/lib/python3.8/site-packages/airflow/example_dags/example_nested_branch_dag.py
[2021-05-15 17:07:36,382] {logging_mixin.py:104} INFO - [2021-05-15 17:07:36,382] {dag.py:1824} INFO - Sync 1 DAGs
[2021-05-15 17:07:36,391] {logging_mixin.py:104} INFO - [2021-05-15 17:07:36,391] {dag.py:2280} INFO - Setting next_dagrun for example_nested_branch_dag to 2021-05-13 00:00:00+00:00
[2021-05-15 17:07:36,397] {scheduler_job.py:190} INFO - Processing /Users/harry/.local/share/virtualenvs/rugby_data_project_airflow-d2RAFQI6/lib/python3.8/site-packages/airflow/example_dags/example_nested_branch_dag.py took 0.047 seconds
[2021-05-15 17:08:23,477] {scheduler_job.py:182} INFO - Started process (PID=15291) to work on /Users/harry/.local/share/virtualenvs/rugby_data_project_airflow-d2RAFQI6/lib/python3.8/site-packages/airflow/example_dags/example_nested_branch_dag.py
[2021-05-15 17:08:23,478] {scheduler_job.py:629} INFO - Processing file /Users/harry/.local/share/virtualenvs/rugby_data_project_airflow-d2RAFQI6/lib/python3.8/site-packages/airflow/example_dags/example_nested_branch_dag.py for tasks to queue
[2021-05-15 17:08:23,478] {logging_mixin.py:104} INFO - [2021-05-15 17:08:23,478] {dagbag.py:451} INFO - Filling up the DagBag from /Users/harry/.local/share/virtualenvs/rugby_data_project_airflow-d2RAFQI6/lib/python3.8/site-packages/airflow/example_dags/example_nested_branch_dag.py
[2021-05-15 17:08:23,488] {scheduler_job.py:639} INFO - DAG(s) dict_keys(['example_nested_branch_dag']) retrieved from /Users/harry/.local/share/virtualenvs/rugby_data_project_airflow-d2RAFQI6/lib/python3.8/site-packages/airflow/example_dags/example_nested_branch_dag.py
[2021-05-15 17:08:23,515] {logging_mixin.py:104} INFO - [2021-05-15 17:08:23,515] {dag.py:1824} INFO - Sync 1 DAGs
[2021-05-15 17:08:23,527] {logging_mixin.py:104} INFO - [2021-05-15 17:08:23,526] {dag.py:2280} INFO - Setting next_dagrun for example_nested_branch_dag to 2021-05-13 00:00:00+00:00
[2021-05-15 17:08:23,558] {scheduler_job.py:190} INFO - Processing /Users/harry/.local/share/virtualenvs/rugby_data_project_airflow-d2RAFQI6/lib/python3.8/site-packages/airflow/example_dags/example_nested_branch_dag.py took 0.082 seconds
[2021-05-15 17:17:03,430] {scheduler_job.py:182} INFO - Started process (PID=16154) to work on /Users/harry/.local/share/virtualenvs/rugby_data_project_airflow-d2RAFQI6/lib/python3.8/site-packages/airflow/example_dags/example_nested_branch_dag.py
[2021-05-15 17:17:03,432] {scheduler_job.py:629} INFO - Processing file /Users/harry/.local/share/virtualenvs/rugby_data_project_airflow-d2RAFQI6/lib/python3.8/site-packages/airflow/example_dags/example_nested_branch_dag.py for tasks to queue
[2021-05-15 17:17:03,432] {logging_mixin.py:104} INFO - [2021-05-15 17:17:03,432] {dagbag.py:451} INFO - Filling up the DagBag from /Users/harry/.local/share/virtualenvs/rugby_data_project_airflow-d2RAFQI6/lib/python3.8/site-packages/airflow/example_dags/example_nested_branch_dag.py
[2021-05-15 17:17:03,440] {scheduler_job.py:639} INFO - DAG(s) dict_keys(['example_nested_branch_dag']) retrieved from /Users/harry/.local/share/virtualenvs/rugby_data_project_airflow-d2RAFQI6/lib/python3.8/site-packages/airflow/example_dags/example_nested_branch_dag.py
[2021-05-15 17:17:03,466] {logging_mixin.py:104} INFO - [2021-05-15 17:17:03,465] {dag.py:1824} INFO - Sync 1 DAGs
[2021-05-15 17:17:03,475] {logging_mixin.py:104} INFO - [2021-05-15 17:17:03,475] {dag.py:2280} INFO - Setting next_dagrun for example_nested_branch_dag to 2021-05-13 00:00:00+00:00
[2021-05-15 17:17:03,484] {scheduler_job.py:190} INFO - Processing /Users/harry/.local/share/virtualenvs/rugby_data_project_airflow-d2RAFQI6/lib/python3.8/site-packages/airflow/example_dags/example_nested_branch_dag.py took 0.054 seconds
[2021-05-15 17:17:52,284] {scheduler_job.py:182} INFO - Started process (PID=16490) to work on /Users/harry/.local/share/virtualenvs/rugby_data_project_airflow-d2RAFQI6/lib/python3.8/site-packages/airflow/example_dags/example_nested_branch_dag.py
[2021-05-15 17:17:52,286] {scheduler_job.py:629} INFO - Processing file /Users/harry/.local/share/virtualenvs/rugby_data_project_airflow-d2RAFQI6/lib/python3.8/site-packages/airflow/example_dags/example_nested_branch_dag.py for tasks to queue
[2021-05-15 17:17:52,286] {logging_mixin.py:104} INFO - [2021-05-15 17:17:52,286] {dagbag.py:451} INFO - Filling up the DagBag from /Users/harry/.local/share/virtualenvs/rugby_data_project_airflow-d2RAFQI6/lib/python3.8/site-packages/airflow/example_dags/example_nested_branch_dag.py
[2021-05-15 17:17:52,295] {scheduler_job.py:639} INFO - DAG(s) dict_keys(['example_nested_branch_dag']) retrieved from /Users/harry/.local/share/virtualenvs/rugby_data_project_airflow-d2RAFQI6/lib/python3.8/site-packages/airflow/example_dags/example_nested_branch_dag.py
[2021-05-15 17:17:52,320] {logging_mixin.py:104} INFO - [2021-05-15 17:17:52,320] {dag.py:1824} INFO - Sync 1 DAGs
[2021-05-15 17:17:52,329] {logging_mixin.py:104} INFO - [2021-05-15 17:17:52,329] {dag.py:2280} INFO - Setting next_dagrun for example_nested_branch_dag to 2021-05-13 00:00:00+00:00
[2021-05-15 17:17:52,335] {scheduler_job.py:190} INFO - Processing /Users/harry/.local/share/virtualenvs/rugby_data_project_airflow-d2RAFQI6/lib/python3.8/site-packages/airflow/example_dags/example_nested_branch_dag.py took 0.051 seconds
[2021-05-15 17:18:41,665] {scheduler_job.py:182} INFO - Started process (PID=16820) to work on /Users/harry/.local/share/virtualenvs/rugby_data_project_airflow-d2RAFQI6/lib/python3.8/site-packages/airflow/example_dags/example_nested_branch_dag.py
[2021-05-15 17:18:41,665] {scheduler_job.py:629} INFO - Processing file /Users/harry/.local/share/virtualenvs/rugby_data_project_airflow-d2RAFQI6/lib/python3.8/site-packages/airflow/example_dags/example_nested_branch_dag.py for tasks to queue
[2021-05-15 17:18:41,665] {logging_mixin.py:104} INFO - [2021-05-15 17:18:41,665] {dagbag.py:451} INFO - Filling up the DagBag from /Users/harry/.local/share/virtualenvs/rugby_data_project_airflow-d2RAFQI6/lib/python3.8/site-packages/airflow/example_dags/example_nested_branch_dag.py
[2021-05-15 17:18:41,672] {scheduler_job.py:639} INFO - DAG(s) dict_keys(['example_nested_branch_dag']) retrieved from /Users/harry/.local/share/virtualenvs/rugby_data_project_airflow-d2RAFQI6/lib/python3.8/site-packages/airflow/example_dags/example_nested_branch_dag.py
[2021-05-15 17:18:41,698] {logging_mixin.py:104} INFO - [2021-05-15 17:18:41,698] {dag.py:1824} INFO - Sync 1 DAGs
[2021-05-15 17:18:41,708] {logging_mixin.py:104} INFO - [2021-05-15 17:18:41,708] {dag.py:2280} INFO - Setting next_dagrun for example_nested_branch_dag to 2021-05-13 00:00:00+00:00
[2021-05-15 17:18:41,715] {scheduler_job.py:190} INFO - Processing /Users/harry/.local/share/virtualenvs/rugby_data_project_airflow-d2RAFQI6/lib/python3.8/site-packages/airflow/example_dags/example_nested_branch_dag.py took 0.051 seconds
[2021-05-15 17:19:31,532] {scheduler_job.py:182} INFO - Started process (PID=17175) to work on /Users/harry/.local/share/virtualenvs/rugby_data_project_airflow-d2RAFQI6/lib/python3.8/site-packages/airflow/example_dags/example_nested_branch_dag.py
[2021-05-15 17:19:31,533] {scheduler_job.py:629} INFO - Processing file /Users/harry/.local/share/virtualenvs/rugby_data_project_airflow-d2RAFQI6/lib/python3.8/site-packages/airflow/example_dags/example_nested_branch_dag.py for tasks to queue
[2021-05-15 17:19:31,534] {logging_mixin.py:104} INFO - [2021-05-15 17:19:31,534] {dagbag.py:451} INFO - Filling up the DagBag from /Users/harry/.local/share/virtualenvs/rugby_data_project_airflow-d2RAFQI6/lib/python3.8/site-packages/airflow/example_dags/example_nested_branch_dag.py
[2021-05-15 17:19:31,549] {scheduler_job.py:639} INFO - DAG(s) dict_keys(['example_nested_branch_dag']) retrieved from /Users/harry/.local/share/virtualenvs/rugby_data_project_airflow-d2RAFQI6/lib/python3.8/site-packages/airflow/example_dags/example_nested_branch_dag.py
[2021-05-15 17:19:31,578] {logging_mixin.py:104} INFO - [2021-05-15 17:19:31,578] {dag.py:1824} INFO - Sync 1 DAGs
[2021-05-15 17:19:31,589] {logging_mixin.py:104} INFO - [2021-05-15 17:19:31,588] {dag.py:2280} INFO - Setting next_dagrun for example_nested_branch_dag to 2021-05-13 00:00:00+00:00
[2021-05-15 17:19:31,596] {scheduler_job.py:190} INFO - Processing /Users/harry/.local/share/virtualenvs/rugby_data_project_airflow-d2RAFQI6/lib/python3.8/site-packages/airflow/example_dags/example_nested_branch_dag.py took 0.064 seconds
[2021-05-15 17:20:19,481] {scheduler_job.py:182} INFO - Started process (PID=17510) to work on /Users/harry/.local/share/virtualenvs/rugby_data_project_airflow-d2RAFQI6/lib/python3.8/site-packages/airflow/example_dags/example_nested_branch_dag.py
[2021-05-15 17:20:19,482] {scheduler_job.py:629} INFO - Processing file /Users/harry/.local/share/virtualenvs/rugby_data_project_airflow-d2RAFQI6/lib/python3.8/site-packages/airflow/example_dags/example_nested_branch_dag.py for tasks to queue
[2021-05-15 17:20:19,482] {logging_mixin.py:104} INFO - [2021-05-15 17:20:19,482] {dagbag.py:451} INFO - Filling up the DagBag from /Users/harry/.local/share/virtualenvs/rugby_data_project_airflow-d2RAFQI6/lib/python3.8/site-packages/airflow/example_dags/example_nested_branch_dag.py
[2021-05-15 17:20:19,491] {scheduler_job.py:639} INFO - DAG(s) dict_keys(['example_nested_branch_dag']) retrieved from /Users/harry/.local/share/virtualenvs/rugby_data_project_airflow-d2RAFQI6/lib/python3.8/site-packages/airflow/example_dags/example_nested_branch_dag.py
[2021-05-15 17:20:19,515] {logging_mixin.py:104} INFO - [2021-05-15 17:20:19,515] {dag.py:1824} INFO - Sync 1 DAGs
[2021-05-15 17:20:19,519] {logging_mixin.py:104} INFO - [2021-05-15 17:20:19,519] {dag.py:1843} INFO - Creating ORM DAG for example_nested_branch_dag
[2021-05-15 17:20:19,525] {logging_mixin.py:104} INFO - [2021-05-15 17:20:19,525] {dag.py:2280} INFO - Setting next_dagrun for example_nested_branch_dag to 2021-05-13 00:00:00+00:00
[2021-05-15 17:20:19,532] {scheduler_job.py:190} INFO - Processing /Users/harry/.local/share/virtualenvs/rugby_data_project_airflow-d2RAFQI6/lib/python3.8/site-packages/airflow/example_dags/example_nested_branch_dag.py took 0.051 seconds
[2021-05-15 17:21:04,787] {scheduler_job.py:182} INFO - Started process (PID=17809) to work on /Users/harry/.local/share/virtualenvs/rugby_data_project_airflow-d2RAFQI6/lib/python3.8/site-packages/airflow/example_dags/example_nested_branch_dag.py
[2021-05-15 17:21:04,788] {scheduler_job.py:629} INFO - Processing file /Users/harry/.local/share/virtualenvs/rugby_data_project_airflow-d2RAFQI6/lib/python3.8/site-packages/airflow/example_dags/example_nested_branch_dag.py for tasks to queue
[2021-05-15 17:21:04,789] {logging_mixin.py:104} INFO - [2021-05-15 17:21:04,789] {dagbag.py:451} INFO - Filling up the DagBag from /Users/harry/.local/share/virtualenvs/rugby_data_project_airflow-d2RAFQI6/lib/python3.8/site-packages/airflow/example_dags/example_nested_branch_dag.py
[2021-05-15 17:21:04,796] {scheduler_job.py:639} INFO - DAG(s) dict_keys(['example_nested_branch_dag']) retrieved from /Users/harry/.local/share/virtualenvs/rugby_data_project_airflow-d2RAFQI6/lib/python3.8/site-packages/airflow/example_dags/example_nested_branch_dag.py
[2021-05-15 17:21:04,820] {logging_mixin.py:104} INFO - [2021-05-15 17:21:04,820] {dag.py:1824} INFO - Sync 1 DAGs
[2021-05-15 17:21:04,829] {logging_mixin.py:104} INFO - [2021-05-15 17:21:04,829] {dag.py:2280} INFO - Setting next_dagrun for example_nested_branch_dag to 2021-05-13 00:00:00+00:00
[2021-05-15 17:21:04,834] {scheduler_job.py:190} INFO - Processing /Users/harry/.local/share/virtualenvs/rugby_data_project_airflow-d2RAFQI6/lib/python3.8/site-packages/airflow/example_dags/example_nested_branch_dag.py took 0.048 seconds
[2021-05-15 17:21:55,497] {scheduler_job.py:182} INFO - Started process (PID=18138) to work on /Users/harry/.local/share/virtualenvs/rugby_data_project_airflow-d2RAFQI6/lib/python3.8/site-packages/airflow/example_dags/example_nested_branch_dag.py
[2021-05-15 17:21:55,498] {scheduler_job.py:629} INFO - Processing file /Users/harry/.local/share/virtualenvs/rugby_data_project_airflow-d2RAFQI6/lib/python3.8/site-packages/airflow/example_dags/example_nested_branch_dag.py for tasks to queue
[2021-05-15 17:21:55,499] {logging_mixin.py:104} INFO - [2021-05-15 17:21:55,499] {dagbag.py:451} INFO - Filling up the DagBag from /Users/harry/.local/share/virtualenvs/rugby_data_project_airflow-d2RAFQI6/lib/python3.8/site-packages/airflow/example_dags/example_nested_branch_dag.py
[2021-05-15 17:21:55,507] {scheduler_job.py:639} INFO - DAG(s) dict_keys(['example_nested_branch_dag']) retrieved from /Users/harry/.local/share/virtualenvs/rugby_data_project_airflow-d2RAFQI6/lib/python3.8/site-packages/airflow/example_dags/example_nested_branch_dag.py
[2021-05-15 17:21:55,530] {logging_mixin.py:104} INFO - [2021-05-15 17:21:55,530] {dag.py:1824} INFO - Sync 1 DAGs
[2021-05-15 17:21:55,540] {logging_mixin.py:104} INFO - [2021-05-15 17:21:55,540] {dag.py:2280} INFO - Setting next_dagrun for example_nested_branch_dag to 2021-05-13 00:00:00+00:00
[2021-05-15 17:21:55,547] {scheduler_job.py:190} INFO - Processing /Users/harry/.local/share/virtualenvs/rugby_data_project_airflow-d2RAFQI6/lib/python3.8/site-packages/airflow/example_dags/example_nested_branch_dag.py took 0.050 seconds
[2021-05-15 17:22:43,018] {scheduler_job.py:182} INFO - Started process (PID=18446) to work on /Users/harry/.local/share/virtualenvs/rugby_data_project_airflow-d2RAFQI6/lib/python3.8/site-packages/airflow/example_dags/example_nested_branch_dag.py
[2021-05-15 17:22:43,019] {scheduler_job.py:629} INFO - Processing file /Users/harry/.local/share/virtualenvs/rugby_data_project_airflow-d2RAFQI6/lib/python3.8/site-packages/airflow/example_dags/example_nested_branch_dag.py for tasks to queue
[2021-05-15 17:22:43,020] {logging_mixin.py:104} INFO - [2021-05-15 17:22:43,020] {dagbag.py:451} INFO - Filling up the DagBag from /Users/harry/.local/share/virtualenvs/rugby_data_project_airflow-d2RAFQI6/lib/python3.8/site-packages/airflow/example_dags/example_nested_branch_dag.py
[2021-05-15 17:22:43,028] {scheduler_job.py:639} INFO - DAG(s) dict_keys(['example_nested_branch_dag']) retrieved from /Users/harry/.local/share/virtualenvs/rugby_data_project_airflow-d2RAFQI6/lib/python3.8/site-packages/airflow/example_dags/example_nested_branch_dag.py
[2021-05-15 17:22:43,051] {logging_mixin.py:104} INFO - [2021-05-15 17:22:43,051] {dag.py:1824} INFO - Sync 1 DAGs
[2021-05-15 17:22:43,061] {logging_mixin.py:104} INFO - [2021-05-15 17:22:43,061] {dag.py:2280} INFO - Setting next_dagrun for example_nested_branch_dag to 2021-05-13 00:00:00+00:00
[2021-05-15 17:22:43,067] {scheduler_job.py:190} INFO - Processing /Users/harry/.local/share/virtualenvs/rugby_data_project_airflow-d2RAFQI6/lib/python3.8/site-packages/airflow/example_dags/example_nested_branch_dag.py took 0.049 seconds
[2021-05-15 17:23:29,531] {scheduler_job.py:182} INFO - Started process (PID=18763) to work on /Users/harry/.local/share/virtualenvs/rugby_data_project_airflow-d2RAFQI6/lib/python3.8/site-packages/airflow/example_dags/example_nested_branch_dag.py
[2021-05-15 17:23:29,532] {scheduler_job.py:629} INFO - Processing file /Users/harry/.local/share/virtualenvs/rugby_data_project_airflow-d2RAFQI6/lib/python3.8/site-packages/airflow/example_dags/example_nested_branch_dag.py for tasks to queue
[2021-05-15 17:23:29,533] {logging_mixin.py:104} INFO - [2021-05-15 17:23:29,533] {dagbag.py:451} INFO - Filling up the DagBag from /Users/harry/.local/share/virtualenvs/rugby_data_project_airflow-d2RAFQI6/lib/python3.8/site-packages/airflow/example_dags/example_nested_branch_dag.py
[2021-05-15 17:23:29,541] {scheduler_job.py:639} INFO - DAG(s) dict_keys(['example_nested_branch_dag']) retrieved from /Users/harry/.local/share/virtualenvs/rugby_data_project_airflow-d2RAFQI6/lib/python3.8/site-packages/airflow/example_dags/example_nested_branch_dag.py
[2021-05-15 17:23:29,565] {logging_mixin.py:104} INFO - [2021-05-15 17:23:29,565] {dag.py:1824} INFO - Sync 1 DAGs
[2021-05-15 17:23:29,574] {logging_mixin.py:104} INFO - [2021-05-15 17:23:29,574] {dag.py:2280} INFO - Setting next_dagrun for example_nested_branch_dag to 2021-05-13 00:00:00+00:00
[2021-05-15 17:23:29,580] {scheduler_job.py:190} INFO - Processing /Users/harry/.local/share/virtualenvs/rugby_data_project_airflow-d2RAFQI6/lib/python3.8/site-packages/airflow/example_dags/example_nested_branch_dag.py took 0.049 seconds
[2021-05-15 17:24:20,906] {scheduler_job.py:182} INFO - Started process (PID=19104) to work on /Users/harry/.local/share/virtualenvs/rugby_data_project_airflow-d2RAFQI6/lib/python3.8/site-packages/airflow/example_dags/example_nested_branch_dag.py
[2021-05-15 17:24:20,906] {scheduler_job.py:629} INFO - Processing file /Users/harry/.local/share/virtualenvs/rugby_data_project_airflow-d2RAFQI6/lib/python3.8/site-packages/airflow/example_dags/example_nested_branch_dag.py for tasks to queue
[2021-05-15 17:24:20,906] {logging_mixin.py:104} INFO - [2021-05-15 17:24:20,906] {dagbag.py:451} INFO - Filling up the DagBag from /Users/harry/.local/share/virtualenvs/rugby_data_project_airflow-d2RAFQI6/lib/python3.8/site-packages/airflow/example_dags/example_nested_branch_dag.py
[2021-05-15 17:24:20,913] {scheduler_job.py:639} INFO - DAG(s) dict_keys(['example_nested_branch_dag']) retrieved from /Users/harry/.local/share/virtualenvs/rugby_data_project_airflow-d2RAFQI6/lib/python3.8/site-packages/airflow/example_dags/example_nested_branch_dag.py
[2021-05-15 17:24:20,937] {logging_mixin.py:104} INFO - [2021-05-15 17:24:20,937] {dag.py:1824} INFO - Sync 1 DAGs
[2021-05-15 17:24:20,946] {logging_mixin.py:104} INFO - [2021-05-15 17:24:20,946] {dag.py:2280} INFO - Setting next_dagrun for example_nested_branch_dag to 2021-05-13 00:00:00+00:00
[2021-05-15 17:24:20,953] {scheduler_job.py:190} INFO - Processing /Users/harry/.local/share/virtualenvs/rugby_data_project_airflow-d2RAFQI6/lib/python3.8/site-packages/airflow/example_dags/example_nested_branch_dag.py took 0.047 seconds
[2021-05-15 17:25:07,878] {scheduler_job.py:182} INFO - Started process (PID=19409) to work on /Users/harry/.local/share/virtualenvs/rugby_data_project_airflow-d2RAFQI6/lib/python3.8/site-packages/airflow/example_dags/example_nested_branch_dag.py
[2021-05-15 17:25:07,878] {scheduler_job.py:629} INFO - Processing file /Users/harry/.local/share/virtualenvs/rugby_data_project_airflow-d2RAFQI6/lib/python3.8/site-packages/airflow/example_dags/example_nested_branch_dag.py for tasks to queue
[2021-05-15 17:25:07,879] {logging_mixin.py:104} INFO - [2021-05-15 17:25:07,879] {dagbag.py:451} INFO - Filling up the DagBag from /Users/harry/.local/share/virtualenvs/rugby_data_project_airflow-d2RAFQI6/lib/python3.8/site-packages/airflow/example_dags/example_nested_branch_dag.py
[2021-05-15 17:25:07,885] {scheduler_job.py:639} INFO - DAG(s) dict_keys(['example_nested_branch_dag']) retrieved from /Users/harry/.local/share/virtualenvs/rugby_data_project_airflow-d2RAFQI6/lib/python3.8/site-packages/airflow/example_dags/example_nested_branch_dag.py
[2021-05-15 17:25:07,907] {logging_mixin.py:104} INFO - [2021-05-15 17:25:07,906] {dag.py:1824} INFO - Sync 1 DAGs
[2021-05-15 17:25:07,915] {logging_mixin.py:104} INFO - [2021-05-15 17:25:07,915] {dag.py:2280} INFO - Setting next_dagrun for example_nested_branch_dag to 2021-05-13 00:00:00+00:00
[2021-05-15 17:25:07,924] {scheduler_job.py:190} INFO - Processing /Users/harry/.local/share/virtualenvs/rugby_data_project_airflow-d2RAFQI6/lib/python3.8/site-packages/airflow/example_dags/example_nested_branch_dag.py took 0.046 seconds
[2021-05-15 17:25:54,559] {scheduler_job.py:182} INFO - Started process (PID=19725) to work on /Users/harry/.local/share/virtualenvs/rugby_data_project_airflow-d2RAFQI6/lib/python3.8/site-packages/airflow/example_dags/example_nested_branch_dag.py
[2021-05-15 17:25:54,559] {scheduler_job.py:629} INFO - Processing file /Users/harry/.local/share/virtualenvs/rugby_data_project_airflow-d2RAFQI6/lib/python3.8/site-packages/airflow/example_dags/example_nested_branch_dag.py for tasks to queue
[2021-05-15 17:25:54,559] {logging_mixin.py:104} INFO - [2021-05-15 17:25:54,559] {dagbag.py:451} INFO - Filling up the DagBag from /Users/harry/.local/share/virtualenvs/rugby_data_project_airflow-d2RAFQI6/lib/python3.8/site-packages/airflow/example_dags/example_nested_branch_dag.py
[2021-05-15 17:25:54,565] {scheduler_job.py:639} INFO - DAG(s) dict_keys(['example_nested_branch_dag']) retrieved from /Users/harry/.local/share/virtualenvs/rugby_data_project_airflow-d2RAFQI6/lib/python3.8/site-packages/airflow/example_dags/example_nested_branch_dag.py
[2021-05-15 17:25:54,588] {logging_mixin.py:104} INFO - [2021-05-15 17:25:54,587] {dag.py:1824} INFO - Sync 1 DAGs
[2021-05-15 17:25:54,597] {logging_mixin.py:104} INFO - [2021-05-15 17:25:54,597] {dag.py:2280} INFO - Setting next_dagrun for example_nested_branch_dag to 2021-05-13 00:00:00+00:00
[2021-05-15 17:25:54,603] {scheduler_job.py:190} INFO - Processing /Users/harry/.local/share/virtualenvs/rugby_data_project_airflow-d2RAFQI6/lib/python3.8/site-packages/airflow/example_dags/example_nested_branch_dag.py took 0.045 seconds
[2021-05-15 17:26:41,544] {scheduler_job.py:182} INFO - Started process (PID=20069) to work on /Users/harry/.local/share/virtualenvs/rugby_data_project_airflow-d2RAFQI6/lib/python3.8/site-packages/airflow/example_dags/example_nested_branch_dag.py
[2021-05-15 17:26:41,545] {scheduler_job.py:629} INFO - Processing file /Users/harry/.local/share/virtualenvs/rugby_data_project_airflow-d2RAFQI6/lib/python3.8/site-packages/airflow/example_dags/example_nested_branch_dag.py for tasks to queue
[2021-05-15 17:26:41,545] {logging_mixin.py:104} INFO - [2021-05-15 17:26:41,545] {dagbag.py:451} INFO - Filling up the DagBag from /Users/harry/.local/share/virtualenvs/rugby_data_project_airflow-d2RAFQI6/lib/python3.8/site-packages/airflow/example_dags/example_nested_branch_dag.py
[2021-05-15 17:26:41,551] {scheduler_job.py:639} INFO - DAG(s) dict_keys(['example_nested_branch_dag']) retrieved from /Users/harry/.local/share/virtualenvs/rugby_data_project_airflow-d2RAFQI6/lib/python3.8/site-packages/airflow/example_dags/example_nested_branch_dag.py
[2021-05-15 17:26:41,573] {logging_mixin.py:104} INFO - [2021-05-15 17:26:41,572] {dag.py:1824} INFO - Sync 1 DAGs
[2021-05-15 17:26:41,581] {logging_mixin.py:104} INFO - [2021-05-15 17:26:41,581] {dag.py:2280} INFO - Setting next_dagrun for example_nested_branch_dag to 2021-05-13 00:00:00+00:00
[2021-05-15 17:26:41,590] {scheduler_job.py:190} INFO - Processing /Users/harry/.local/share/virtualenvs/rugby_data_project_airflow-d2RAFQI6/lib/python3.8/site-packages/airflow/example_dags/example_nested_branch_dag.py took 0.046 seconds
[2021-05-15 17:27:28,244] {scheduler_job.py:182} INFO - Started process (PID=20361) to work on /Users/harry/.local/share/virtualenvs/rugby_data_project_airflow-d2RAFQI6/lib/python3.8/site-packages/airflow/example_dags/example_nested_branch_dag.py
[2021-05-15 17:27:28,244] {scheduler_job.py:629} INFO - Processing file /Users/harry/.local/share/virtualenvs/rugby_data_project_airflow-d2RAFQI6/lib/python3.8/site-packages/airflow/example_dags/example_nested_branch_dag.py for tasks to queue
[2021-05-15 17:27:28,245] {logging_mixin.py:104} INFO - [2021-05-15 17:27:28,245] {dagbag.py:451} INFO - Filling up the DagBag from /Users/harry/.local/share/virtualenvs/rugby_data_project_airflow-d2RAFQI6/lib/python3.8/site-packages/airflow/example_dags/example_nested_branch_dag.py
[2021-05-15 17:27:28,251] {scheduler_job.py:639} INFO - DAG(s) dict_keys(['example_nested_branch_dag']) retrieved from /Users/harry/.local/share/virtualenvs/rugby_data_project_airflow-d2RAFQI6/lib/python3.8/site-packages/airflow/example_dags/example_nested_branch_dag.py
[2021-05-15 17:27:28,274] {logging_mixin.py:104} INFO - [2021-05-15 17:27:28,274] {dag.py:1824} INFO - Sync 1 DAGs
[2021-05-15 17:27:28,283] {logging_mixin.py:104} INFO - [2021-05-15 17:27:28,283] {dag.py:2280} INFO - Setting next_dagrun for example_nested_branch_dag to 2021-05-13 00:00:00+00:00
[2021-05-15 17:27:28,289] {scheduler_job.py:190} INFO - Processing /Users/harry/.local/share/virtualenvs/rugby_data_project_airflow-d2RAFQI6/lib/python3.8/site-packages/airflow/example_dags/example_nested_branch_dag.py took 0.045 seconds
[2021-05-15 17:28:14,857] {scheduler_job.py:182} INFO - Started process (PID=20672) to work on /Users/harry/.local/share/virtualenvs/rugby_data_project_airflow-d2RAFQI6/lib/python3.8/site-packages/airflow/example_dags/example_nested_branch_dag.py
[2021-05-15 17:28:14,857] {scheduler_job.py:629} INFO - Processing file /Users/harry/.local/share/virtualenvs/rugby_data_project_airflow-d2RAFQI6/lib/python3.8/site-packages/airflow/example_dags/example_nested_branch_dag.py for tasks to queue
[2021-05-15 17:28:14,858] {logging_mixin.py:104} INFO - [2021-05-15 17:28:14,858] {dagbag.py:451} INFO - Filling up the DagBag from /Users/harry/.local/share/virtualenvs/rugby_data_project_airflow-d2RAFQI6/lib/python3.8/site-packages/airflow/example_dags/example_nested_branch_dag.py
[2021-05-15 17:28:14,864] {scheduler_job.py:639} INFO - DAG(s) dict_keys(['example_nested_branch_dag']) retrieved from /Users/harry/.local/share/virtualenvs/rugby_data_project_airflow-d2RAFQI6/lib/python3.8/site-packages/airflow/example_dags/example_nested_branch_dag.py
[2021-05-15 17:28:14,885] {logging_mixin.py:104} INFO - [2021-05-15 17:28:14,885] {dag.py:1824} INFO - Sync 1 DAGs
[2021-05-15 17:28:14,894] {logging_mixin.py:104} INFO - [2021-05-15 17:28:14,894] {dag.py:2280} INFO - Setting next_dagrun for example_nested_branch_dag to 2021-05-13 00:00:00+00:00
[2021-05-15 17:28:14,900] {scheduler_job.py:190} INFO - Processing /Users/harry/.local/share/virtualenvs/rugby_data_project_airflow-d2RAFQI6/lib/python3.8/site-packages/airflow/example_dags/example_nested_branch_dag.py took 0.043 seconds
[2021-05-15 17:29:01,970] {scheduler_job.py:182} INFO - Started process (PID=20976) to work on /Users/harry/.local/share/virtualenvs/rugby_data_project_airflow-d2RAFQI6/lib/python3.8/site-packages/airflow/example_dags/example_nested_branch_dag.py
[2021-05-15 17:29:01,971] {scheduler_job.py:629} INFO - Processing file /Users/harry/.local/share/virtualenvs/rugby_data_project_airflow-d2RAFQI6/lib/python3.8/site-packages/airflow/example_dags/example_nested_branch_dag.py for tasks to queue
[2021-05-15 17:29:01,971] {logging_mixin.py:104} INFO - [2021-05-15 17:29:01,971] {dagbag.py:451} INFO - Filling up the DagBag from /Users/harry/.local/share/virtualenvs/rugby_data_project_airflow-d2RAFQI6/lib/python3.8/site-packages/airflow/example_dags/example_nested_branch_dag.py
[2021-05-15 17:29:01,978] {scheduler_job.py:639} INFO - DAG(s) dict_keys(['example_nested_branch_dag']) retrieved from /Users/harry/.local/share/virtualenvs/rugby_data_project_airflow-d2RAFQI6/lib/python3.8/site-packages/airflow/example_dags/example_nested_branch_dag.py
[2021-05-15 17:29:02,004] {logging_mixin.py:104} INFO - [2021-05-15 17:29:02,003] {dag.py:1824} INFO - Sync 1 DAGs
[2021-05-15 17:29:02,013] {logging_mixin.py:104} INFO - [2021-05-15 17:29:02,013] {dag.py:2280} INFO - Setting next_dagrun for example_nested_branch_dag to 2021-05-13 00:00:00+00:00
[2021-05-15 17:29:02,020] {scheduler_job.py:190} INFO - Processing /Users/harry/.local/share/virtualenvs/rugby_data_project_airflow-d2RAFQI6/lib/python3.8/site-packages/airflow/example_dags/example_nested_branch_dag.py took 0.050 seconds
[2021-05-15 17:29:48,459] {scheduler_job.py:182} INFO - Started process (PID=21288) to work on /Users/harry/.local/share/virtualenvs/rugby_data_project_airflow-d2RAFQI6/lib/python3.8/site-packages/airflow/example_dags/example_nested_branch_dag.py
[2021-05-15 17:29:48,460] {scheduler_job.py:629} INFO - Processing file /Users/harry/.local/share/virtualenvs/rugby_data_project_airflow-d2RAFQI6/lib/python3.8/site-packages/airflow/example_dags/example_nested_branch_dag.py for tasks to queue
[2021-05-15 17:29:48,460] {logging_mixin.py:104} INFO - [2021-05-15 17:29:48,460] {dagbag.py:451} INFO - Filling up the DagBag from /Users/harry/.local/share/virtualenvs/rugby_data_project_airflow-d2RAFQI6/lib/python3.8/site-packages/airflow/example_dags/example_nested_branch_dag.py
[2021-05-15 17:29:48,466] {scheduler_job.py:639} INFO - DAG(s) dict_keys(['example_nested_branch_dag']) retrieved from /Users/harry/.local/share/virtualenvs/rugby_data_project_airflow-d2RAFQI6/lib/python3.8/site-packages/airflow/example_dags/example_nested_branch_dag.py
[2021-05-15 17:29:48,488] {logging_mixin.py:104} INFO - [2021-05-15 17:29:48,488] {dag.py:1824} INFO - Sync 1 DAGs
[2021-05-15 17:29:48,496] {logging_mixin.py:104} INFO - [2021-05-15 17:29:48,496] {dag.py:2280} INFO - Setting next_dagrun for example_nested_branch_dag to 2021-05-13 00:00:00+00:00
[2021-05-15 17:29:48,505] {scheduler_job.py:190} INFO - Processing /Users/harry/.local/share/virtualenvs/rugby_data_project_airflow-d2RAFQI6/lib/python3.8/site-packages/airflow/example_dags/example_nested_branch_dag.py took 0.046 seconds
[2021-05-15 17:30:35,851] {scheduler_job.py:182} INFO - Started process (PID=21609) to work on /Users/harry/.local/share/virtualenvs/rugby_data_project_airflow-d2RAFQI6/lib/python3.8/site-packages/airflow/example_dags/example_nested_branch_dag.py
[2021-05-15 17:30:35,851] {scheduler_job.py:629} INFO - Processing file /Users/harry/.local/share/virtualenvs/rugby_data_project_airflow-d2RAFQI6/lib/python3.8/site-packages/airflow/example_dags/example_nested_branch_dag.py for tasks to queue
[2021-05-15 17:30:35,852] {logging_mixin.py:104} INFO - [2021-05-15 17:30:35,852] {dagbag.py:451} INFO - Filling up the DagBag from /Users/harry/.local/share/virtualenvs/rugby_data_project_airflow-d2RAFQI6/lib/python3.8/site-packages/airflow/example_dags/example_nested_branch_dag.py
[2021-05-15 17:30:35,860] {scheduler_job.py:639} INFO - DAG(s) dict_keys(['example_nested_branch_dag']) retrieved from /Users/harry/.local/share/virtualenvs/rugby_data_project_airflow-d2RAFQI6/lib/python3.8/site-packages/airflow/example_dags/example_nested_branch_dag.py
[2021-05-15 17:30:35,888] {logging_mixin.py:104} INFO - [2021-05-15 17:30:35,888] {dag.py:1824} INFO - Sync 1 DAGs
[2021-05-15 17:30:35,899] {logging_mixin.py:104} INFO - [2021-05-15 17:30:35,899] {dag.py:2280} INFO - Setting next_dagrun for example_nested_branch_dag to 2021-05-13 00:00:00+00:00
[2021-05-15 17:30:35,905] {scheduler_job.py:190} INFO - Processing /Users/harry/.local/share/virtualenvs/rugby_data_project_airflow-d2RAFQI6/lib/python3.8/site-packages/airflow/example_dags/example_nested_branch_dag.py took 0.054 seconds
[2021-05-15 17:31:22,913] {scheduler_job.py:182} INFO - Started process (PID=21948) to work on /Users/harry/.local/share/virtualenvs/rugby_data_project_airflow-d2RAFQI6/lib/python3.8/site-packages/airflow/example_dags/example_nested_branch_dag.py
[2021-05-15 17:31:22,914] {scheduler_job.py:629} INFO - Processing file /Users/harry/.local/share/virtualenvs/rugby_data_project_airflow-d2RAFQI6/lib/python3.8/site-packages/airflow/example_dags/example_nested_branch_dag.py for tasks to queue
[2021-05-15 17:31:22,914] {logging_mixin.py:104} INFO - [2021-05-15 17:31:22,914] {dagbag.py:451} INFO - Filling up the DagBag from /Users/harry/.local/share/virtualenvs/rugby_data_project_airflow-d2RAFQI6/lib/python3.8/site-packages/airflow/example_dags/example_nested_branch_dag.py
[2021-05-15 17:31:22,922] {scheduler_job.py:639} INFO - DAG(s) dict_keys(['example_nested_branch_dag']) retrieved from /Users/harry/.local/share/virtualenvs/rugby_data_project_airflow-d2RAFQI6/lib/python3.8/site-packages/airflow/example_dags/example_nested_branch_dag.py
[2021-05-15 17:31:22,947] {logging_mixin.py:104} INFO - [2021-05-15 17:31:22,947] {dag.py:1824} INFO - Sync 1 DAGs
[2021-05-15 17:31:22,956] {logging_mixin.py:104} INFO - [2021-05-15 17:31:22,956] {dag.py:2280} INFO - Setting next_dagrun for example_nested_branch_dag to 2021-05-13 00:00:00+00:00
[2021-05-15 17:31:22,961] {scheduler_job.py:190} INFO - Processing /Users/harry/.local/share/virtualenvs/rugby_data_project_airflow-d2RAFQI6/lib/python3.8/site-packages/airflow/example_dags/example_nested_branch_dag.py took 0.049 seconds
[2021-05-15 17:32:20,541] {scheduler_job.py:182} INFO - Started process (PID=22354) to work on /Users/harry/.local/share/virtualenvs/rugby_data_project_airflow-d2RAFQI6/lib/python3.8/site-packages/airflow/example_dags/example_nested_branch_dag.py
[2021-05-15 17:32:20,541] {scheduler_job.py:629} INFO - Processing file /Users/harry/.local/share/virtualenvs/rugby_data_project_airflow-d2RAFQI6/lib/python3.8/site-packages/airflow/example_dags/example_nested_branch_dag.py for tasks to queue
[2021-05-15 17:32:20,541] {logging_mixin.py:104} INFO - [2021-05-15 17:32:20,541] {dagbag.py:451} INFO - Filling up the DagBag from /Users/harry/.local/share/virtualenvs/rugby_data_project_airflow-d2RAFQI6/lib/python3.8/site-packages/airflow/example_dags/example_nested_branch_dag.py
[2021-05-15 17:32:20,547] {scheduler_job.py:639} INFO - DAG(s) dict_keys(['example_nested_branch_dag']) retrieved from /Users/harry/.local/share/virtualenvs/rugby_data_project_airflow-d2RAFQI6/lib/python3.8/site-packages/airflow/example_dags/example_nested_branch_dag.py
[2021-05-15 17:32:20,569] {logging_mixin.py:104} INFO - [2021-05-15 17:32:20,569] {dag.py:1824} INFO - Sync 1 DAGs
[2021-05-15 17:32:20,578] {logging_mixin.py:104} INFO - [2021-05-15 17:32:20,578] {dag.py:2280} INFO - Setting next_dagrun for example_nested_branch_dag to 2021-05-13 00:00:00+00:00
[2021-05-15 17:32:20,585] {scheduler_job.py:190} INFO - Processing /Users/harry/.local/share/virtualenvs/rugby_data_project_airflow-d2RAFQI6/lib/python3.8/site-packages/airflow/example_dags/example_nested_branch_dag.py took 0.045 seconds
[2021-05-15 17:33:13,224] {scheduler_job.py:182} INFO - Started process (PID=22742) to work on /Users/harry/.local/share/virtualenvs/rugby_data_project_airflow-d2RAFQI6/lib/python3.8/site-packages/airflow/example_dags/example_nested_branch_dag.py
[2021-05-15 17:33:13,224] {scheduler_job.py:629} INFO - Processing file /Users/harry/.local/share/virtualenvs/rugby_data_project_airflow-d2RAFQI6/lib/python3.8/site-packages/airflow/example_dags/example_nested_branch_dag.py for tasks to queue
[2021-05-15 17:33:13,224] {logging_mixin.py:104} INFO - [2021-05-15 17:33:13,224] {dagbag.py:451} INFO - Filling up the DagBag from /Users/harry/.local/share/virtualenvs/rugby_data_project_airflow-d2RAFQI6/lib/python3.8/site-packages/airflow/example_dags/example_nested_branch_dag.py
[2021-05-15 17:33:13,231] {scheduler_job.py:639} INFO - DAG(s) dict_keys(['example_nested_branch_dag']) retrieved from /Users/harry/.local/share/virtualenvs/rugby_data_project_airflow-d2RAFQI6/lib/python3.8/site-packages/airflow/example_dags/example_nested_branch_dag.py
[2021-05-15 17:33:13,255] {logging_mixin.py:104} INFO - [2021-05-15 17:33:13,255] {dag.py:1824} INFO - Sync 1 DAGs
[2021-05-15 17:33:13,265] {logging_mixin.py:104} INFO - [2021-05-15 17:33:13,265] {dag.py:2280} INFO - Setting next_dagrun for example_nested_branch_dag to 2021-05-13 00:00:00+00:00
[2021-05-15 17:33:13,271] {scheduler_job.py:190} INFO - Processing /Users/harry/.local/share/virtualenvs/rugby_data_project_airflow-d2RAFQI6/lib/python3.8/site-packages/airflow/example_dags/example_nested_branch_dag.py took 0.047 seconds
[2021-05-15 17:34:15,527] {scheduler_job.py:182} INFO - Started process (PID=23824) to work on /Users/harry/.local/share/virtualenvs/rugby_data_project_airflow-d2RAFQI6/lib/python3.8/site-packages/airflow/example_dags/example_nested_branch_dag.py
[2021-05-15 17:34:15,527] {scheduler_job.py:629} INFO - Processing file /Users/harry/.local/share/virtualenvs/rugby_data_project_airflow-d2RAFQI6/lib/python3.8/site-packages/airflow/example_dags/example_nested_branch_dag.py for tasks to queue
[2021-05-15 17:34:15,527] {logging_mixin.py:104} INFO - [2021-05-15 17:34:15,527] {dagbag.py:451} INFO - Filling up the DagBag from /Users/harry/.local/share/virtualenvs/rugby_data_project_airflow-d2RAFQI6/lib/python3.8/site-packages/airflow/example_dags/example_nested_branch_dag.py
[2021-05-15 17:34:15,534] {scheduler_job.py:639} INFO - DAG(s) dict_keys(['example_nested_branch_dag']) retrieved from /Users/harry/.local/share/virtualenvs/rugby_data_project_airflow-d2RAFQI6/lib/python3.8/site-packages/airflow/example_dags/example_nested_branch_dag.py
[2021-05-15 17:34:15,558] {logging_mixin.py:104} INFO - [2021-05-15 17:34:15,558] {dag.py:1824} INFO - Sync 1 DAGs
[2021-05-15 17:34:15,567] {logging_mixin.py:104} INFO - [2021-05-15 17:34:15,567] {dag.py:2280} INFO - Setting next_dagrun for example_nested_branch_dag to 2021-05-13 00:00:00+00:00
[2021-05-15 17:34:15,573] {scheduler_job.py:190} INFO - Processing /Users/harry/.local/share/virtualenvs/rugby_data_project_airflow-d2RAFQI6/lib/python3.8/site-packages/airflow/example_dags/example_nested_branch_dag.py took 0.047 seconds
[2021-05-15 17:36:17,193] {scheduler_job.py:182} INFO - Started process (PID=25676) to work on /Users/harry/.local/share/virtualenvs/rugby_data_project_airflow-d2RAFQI6/lib/python3.8/site-packages/airflow/example_dags/example_nested_branch_dag.py
[2021-05-15 17:36:17,194] {scheduler_job.py:629} INFO - Processing file /Users/harry/.local/share/virtualenvs/rugby_data_project_airflow-d2RAFQI6/lib/python3.8/site-packages/airflow/example_dags/example_nested_branch_dag.py for tasks to queue
[2021-05-15 17:36:17,194] {logging_mixin.py:104} INFO - [2021-05-15 17:36:17,194] {dagbag.py:451} INFO - Filling up the DagBag from /Users/harry/.local/share/virtualenvs/rugby_data_project_airflow-d2RAFQI6/lib/python3.8/site-packages/airflow/example_dags/example_nested_branch_dag.py
[2021-05-15 17:36:17,202] {scheduler_job.py:639} INFO - DAG(s) dict_keys(['example_nested_branch_dag']) retrieved from /Users/harry/.local/share/virtualenvs/rugby_data_project_airflow-d2RAFQI6/lib/python3.8/site-packages/airflow/example_dags/example_nested_branch_dag.py
[2021-05-15 17:36:17,226] {logging_mixin.py:104} INFO - [2021-05-15 17:36:17,226] {dag.py:1824} INFO - Sync 1 DAGs
[2021-05-15 17:36:17,235] {logging_mixin.py:104} INFO - [2021-05-15 17:36:17,235] {dag.py:2280} INFO - Setting next_dagrun for example_nested_branch_dag to 2021-05-13 00:00:00+00:00
[2021-05-15 17:36:17,241] {scheduler_job.py:190} INFO - Processing /Users/harry/.local/share/virtualenvs/rugby_data_project_airflow-d2RAFQI6/lib/python3.8/site-packages/airflow/example_dags/example_nested_branch_dag.py took 0.048 seconds
[2021-05-15 17:39:52,589] {scheduler_job.py:182} INFO - Started process (PID=27382) to work on /Users/harry/.local/share/virtualenvs/rugby_data_project_airflow-d2RAFQI6/lib/python3.8/site-packages/airflow/example_dags/example_nested_branch_dag.py
[2021-05-15 17:39:52,591] {scheduler_job.py:629} INFO - Processing file /Users/harry/.local/share/virtualenvs/rugby_data_project_airflow-d2RAFQI6/lib/python3.8/site-packages/airflow/example_dags/example_nested_branch_dag.py for tasks to queue
[2021-05-15 17:39:52,591] {logging_mixin.py:104} INFO - [2021-05-15 17:39:52,591] {dagbag.py:451} INFO - Filling up the DagBag from /Users/harry/.local/share/virtualenvs/rugby_data_project_airflow-d2RAFQI6/lib/python3.8/site-packages/airflow/example_dags/example_nested_branch_dag.py
[2021-05-15 17:39:52,599] {scheduler_job.py:639} INFO - DAG(s) dict_keys(['example_nested_branch_dag']) retrieved from /Users/harry/.local/share/virtualenvs/rugby_data_project_airflow-d2RAFQI6/lib/python3.8/site-packages/airflow/example_dags/example_nested_branch_dag.py
[2021-05-15 17:39:52,623] {logging_mixin.py:104} INFO - [2021-05-15 17:39:52,623] {dag.py:1824} INFO - Sync 1 DAGs
[2021-05-15 17:39:52,633] {logging_mixin.py:104} INFO - [2021-05-15 17:39:52,632] {dag.py:2280} INFO - Setting next_dagrun for example_nested_branch_dag to 2021-05-13 00:00:00+00:00
[2021-05-15 17:39:52,638] {scheduler_job.py:190} INFO - Processing /Users/harry/.local/share/virtualenvs/rugby_data_project_airflow-d2RAFQI6/lib/python3.8/site-packages/airflow/example_dags/example_nested_branch_dag.py took 0.050 seconds
[2021-05-15 17:43:47,788] {scheduler_job.py:182} INFO - Started process (PID=29250) to work on /Users/harry/.local/share/virtualenvs/rugby_data_project_airflow-d2RAFQI6/lib/python3.8/site-packages/airflow/example_dags/example_nested_branch_dag.py
[2021-05-15 17:43:47,789] {scheduler_job.py:629} INFO - Processing file /Users/harry/.local/share/virtualenvs/rugby_data_project_airflow-d2RAFQI6/lib/python3.8/site-packages/airflow/example_dags/example_nested_branch_dag.py for tasks to queue
[2021-05-15 17:43:47,789] {logging_mixin.py:104} INFO - [2021-05-15 17:43:47,789] {dagbag.py:451} INFO - Filling up the DagBag from /Users/harry/.local/share/virtualenvs/rugby_data_project_airflow-d2RAFQI6/lib/python3.8/site-packages/airflow/example_dags/example_nested_branch_dag.py
[2021-05-15 17:43:47,796] {scheduler_job.py:639} INFO - DAG(s) dict_keys(['example_nested_branch_dag']) retrieved from /Users/harry/.local/share/virtualenvs/rugby_data_project_airflow-d2RAFQI6/lib/python3.8/site-packages/airflow/example_dags/example_nested_branch_dag.py
[2021-05-15 17:43:47,820] {logging_mixin.py:104} INFO - [2021-05-15 17:43:47,819] {dag.py:1824} INFO - Sync 1 DAGs
[2021-05-15 17:43:47,829] {logging_mixin.py:104} INFO - [2021-05-15 17:43:47,829] {dag.py:2280} INFO - Setting next_dagrun for example_nested_branch_dag to 2021-05-13 00:00:00+00:00
[2021-05-15 17:43:47,835] {scheduler_job.py:190} INFO - Processing /Users/harry/.local/share/virtualenvs/rugby_data_project_airflow-d2RAFQI6/lib/python3.8/site-packages/airflow/example_dags/example_nested_branch_dag.py took 0.048 seconds
[2021-05-15 17:54:44,418] {scheduler_job.py:182} INFO - Started process (PID=32977) to work on /Users/harry/.local/share/virtualenvs/rugby_data_project_airflow-d2RAFQI6/lib/python3.8/site-packages/airflow/example_dags/example_nested_branch_dag.py
[2021-05-15 17:54:44,419] {scheduler_job.py:629} INFO - Processing file /Users/harry/.local/share/virtualenvs/rugby_data_project_airflow-d2RAFQI6/lib/python3.8/site-packages/airflow/example_dags/example_nested_branch_dag.py for tasks to queue
[2021-05-15 17:54:44,420] {logging_mixin.py:104} INFO - [2021-05-15 17:54:44,420] {dagbag.py:451} INFO - Filling up the DagBag from /Users/harry/.local/share/virtualenvs/rugby_data_project_airflow-d2RAFQI6/lib/python3.8/site-packages/airflow/example_dags/example_nested_branch_dag.py
[2021-05-15 17:54:44,433] {scheduler_job.py:639} INFO - DAG(s) dict_keys(['example_nested_branch_dag']) retrieved from /Users/harry/.local/share/virtualenvs/rugby_data_project_airflow-d2RAFQI6/lib/python3.8/site-packages/airflow/example_dags/example_nested_branch_dag.py
[2021-05-15 17:54:44,461] {logging_mixin.py:104} INFO - [2021-05-15 17:54:44,461] {dag.py:1824} INFO - Sync 1 DAGs
[2021-05-15 17:54:44,470] {logging_mixin.py:104} INFO - [2021-05-15 17:54:44,470] {dag.py:2280} INFO - Setting next_dagrun for example_nested_branch_dag to 2021-05-13 00:00:00+00:00
[2021-05-15 17:54:44,476] {scheduler_job.py:190} INFO - Processing /Users/harry/.local/share/virtualenvs/rugby_data_project_airflow-d2RAFQI6/lib/python3.8/site-packages/airflow/example_dags/example_nested_branch_dag.py took 0.059 seconds
[2021-05-15 18:02:07,813] {scheduler_job.py:182} INFO - Started process (PID=36766) to work on /Users/harry/.local/share/virtualenvs/rugby_data_project_airflow-d2RAFQI6/lib/python3.8/site-packages/airflow/example_dags/example_nested_branch_dag.py
[2021-05-15 18:02:07,814] {scheduler_job.py:629} INFO - Processing file /Users/harry/.local/share/virtualenvs/rugby_data_project_airflow-d2RAFQI6/lib/python3.8/site-packages/airflow/example_dags/example_nested_branch_dag.py for tasks to queue
[2021-05-15 18:02:07,815] {logging_mixin.py:104} INFO - [2021-05-15 18:02:07,815] {dagbag.py:451} INFO - Filling up the DagBag from /Users/harry/.local/share/virtualenvs/rugby_data_project_airflow-d2RAFQI6/lib/python3.8/site-packages/airflow/example_dags/example_nested_branch_dag.py
[2021-05-15 18:02:07,822] {scheduler_job.py:639} INFO - DAG(s) dict_keys(['example_nested_branch_dag']) retrieved from /Users/harry/.local/share/virtualenvs/rugby_data_project_airflow-d2RAFQI6/lib/python3.8/site-packages/airflow/example_dags/example_nested_branch_dag.py
[2021-05-15 18:02:07,846] {logging_mixin.py:104} INFO - [2021-05-15 18:02:07,846] {dag.py:1824} INFO - Sync 1 DAGs
[2021-05-15 18:02:07,855] {logging_mixin.py:104} INFO - [2021-05-15 18:02:07,855] {dag.py:2280} INFO - Setting next_dagrun for example_nested_branch_dag to 2021-05-13 00:00:00+00:00
[2021-05-15 18:02:07,861] {scheduler_job.py:190} INFO - Processing /Users/harry/.local/share/virtualenvs/rugby_data_project_airflow-d2RAFQI6/lib/python3.8/site-packages/airflow/example_dags/example_nested_branch_dag.py took 0.048 seconds
[2021-05-15 18:09:12,697] {scheduler_job.py:182} INFO - Started process (PID=40293) to work on /Users/harry/.local/share/virtualenvs/rugby_data_project_airflow-d2RAFQI6/lib/python3.8/site-packages/airflow/example_dags/example_nested_branch_dag.py
[2021-05-15 18:09:12,698] {scheduler_job.py:629} INFO - Processing file /Users/harry/.local/share/virtualenvs/rugby_data_project_airflow-d2RAFQI6/lib/python3.8/site-packages/airflow/example_dags/example_nested_branch_dag.py for tasks to queue
[2021-05-15 18:09:12,699] {logging_mixin.py:104} INFO - [2021-05-15 18:09:12,699] {dagbag.py:451} INFO - Filling up the DagBag from /Users/harry/.local/share/virtualenvs/rugby_data_project_airflow-d2RAFQI6/lib/python3.8/site-packages/airflow/example_dags/example_nested_branch_dag.py
[2021-05-15 18:09:12,705] {scheduler_job.py:639} INFO - DAG(s) dict_keys(['example_nested_branch_dag']) retrieved from /Users/harry/.local/share/virtualenvs/rugby_data_project_airflow-d2RAFQI6/lib/python3.8/site-packages/airflow/example_dags/example_nested_branch_dag.py
[2021-05-15 18:09:12,730] {logging_mixin.py:104} INFO - [2021-05-15 18:09:12,729] {dag.py:1824} INFO - Sync 1 DAGs
[2021-05-15 18:09:12,739] {logging_mixin.py:104} INFO - [2021-05-15 18:09:12,739] {dag.py:2280} INFO - Setting next_dagrun for example_nested_branch_dag to 2021-05-13 00:00:00+00:00
[2021-05-15 18:09:12,744] {scheduler_job.py:190} INFO - Processing /Users/harry/.local/share/virtualenvs/rugby_data_project_airflow-d2RAFQI6/lib/python3.8/site-packages/airflow/example_dags/example_nested_branch_dag.py took 0.047 seconds
[2021-05-15 18:23:12,885] {scheduler_job.py:182} INFO - Started process (PID=43982) to work on /Users/harry/.local/share/virtualenvs/rugby_data_project_airflow-d2RAFQI6/lib/python3.8/site-packages/airflow/example_dags/example_nested_branch_dag.py
[2021-05-15 18:23:12,886] {scheduler_job.py:629} INFO - Processing file /Users/harry/.local/share/virtualenvs/rugby_data_project_airflow-d2RAFQI6/lib/python3.8/site-packages/airflow/example_dags/example_nested_branch_dag.py for tasks to queue
[2021-05-15 18:23:12,887] {logging_mixin.py:104} INFO - [2021-05-15 18:23:12,887] {dagbag.py:451} INFO - Filling up the DagBag from /Users/harry/.local/share/virtualenvs/rugby_data_project_airflow-d2RAFQI6/lib/python3.8/site-packages/airflow/example_dags/example_nested_branch_dag.py
[2021-05-15 18:23:12,893] {scheduler_job.py:639} INFO - DAG(s) dict_keys(['example_nested_branch_dag']) retrieved from /Users/harry/.local/share/virtualenvs/rugby_data_project_airflow-d2RAFQI6/lib/python3.8/site-packages/airflow/example_dags/example_nested_branch_dag.py
[2021-05-15 18:23:12,918] {logging_mixin.py:104} INFO - [2021-05-15 18:23:12,918] {dag.py:1824} INFO - Sync 1 DAGs
[2021-05-15 18:23:12,927] {logging_mixin.py:104} INFO - [2021-05-15 18:23:12,927] {dag.py:2280} INFO - Setting next_dagrun for example_nested_branch_dag to 2021-05-13 00:00:00+00:00
[2021-05-15 18:23:12,933] {scheduler_job.py:190} INFO - Processing /Users/harry/.local/share/virtualenvs/rugby_data_project_airflow-d2RAFQI6/lib/python3.8/site-packages/airflow/example_dags/example_nested_branch_dag.py took 0.049 seconds
[2021-05-15 18:30:16,324] {scheduler_job.py:182} INFO - Started process (PID=47435) to work on /Users/harry/.local/share/virtualenvs/rugby_data_project_airflow-d2RAFQI6/lib/python3.8/site-packages/airflow/example_dags/example_nested_branch_dag.py
[2021-05-15 18:30:16,326] {scheduler_job.py:629} INFO - Processing file /Users/harry/.local/share/virtualenvs/rugby_data_project_airflow-d2RAFQI6/lib/python3.8/site-packages/airflow/example_dags/example_nested_branch_dag.py for tasks to queue
[2021-05-15 18:30:16,326] {logging_mixin.py:104} INFO - [2021-05-15 18:30:16,326] {dagbag.py:451} INFO - Filling up the DagBag from /Users/harry/.local/share/virtualenvs/rugby_data_project_airflow-d2RAFQI6/lib/python3.8/site-packages/airflow/example_dags/example_nested_branch_dag.py
[2021-05-15 18:30:16,336] {scheduler_job.py:639} INFO - DAG(s) dict_keys(['example_nested_branch_dag']) retrieved from /Users/harry/.local/share/virtualenvs/rugby_data_project_airflow-d2RAFQI6/lib/python3.8/site-packages/airflow/example_dags/example_nested_branch_dag.py
[2021-05-15 18:30:16,366] {logging_mixin.py:104} INFO - [2021-05-15 18:30:16,366] {dag.py:1824} INFO - Sync 1 DAGs
[2021-05-15 18:30:16,375] {logging_mixin.py:104} INFO - [2021-05-15 18:30:16,375] {dag.py:2280} INFO - Setting next_dagrun for example_nested_branch_dag to 2021-05-13 00:00:00+00:00
[2021-05-15 18:30:16,381] {scheduler_job.py:190} INFO - Processing /Users/harry/.local/share/virtualenvs/rugby_data_project_airflow-d2RAFQI6/lib/python3.8/site-packages/airflow/example_dags/example_nested_branch_dag.py took 0.057 seconds
[2021-05-15 18:48:57,513] {scheduler_job.py:182} INFO - Started process (PID=51090) to work on /Users/harry/.local/share/virtualenvs/rugby_data_project_airflow-d2RAFQI6/lib/python3.8/site-packages/airflow/example_dags/example_nested_branch_dag.py
[2021-05-15 18:48:57,514] {scheduler_job.py:629} INFO - Processing file /Users/harry/.local/share/virtualenvs/rugby_data_project_airflow-d2RAFQI6/lib/python3.8/site-packages/airflow/example_dags/example_nested_branch_dag.py for tasks to queue
[2021-05-15 18:48:57,515] {logging_mixin.py:104} INFO - [2021-05-15 18:48:57,515] {dagbag.py:451} INFO - Filling up the DagBag from /Users/harry/.local/share/virtualenvs/rugby_data_project_airflow-d2RAFQI6/lib/python3.8/site-packages/airflow/example_dags/example_nested_branch_dag.py
[2021-05-15 18:48:57,528] {scheduler_job.py:639} INFO - DAG(s) dict_keys(['example_nested_branch_dag']) retrieved from /Users/harry/.local/share/virtualenvs/rugby_data_project_airflow-d2RAFQI6/lib/python3.8/site-packages/airflow/example_dags/example_nested_branch_dag.py
[2021-05-15 18:48:57,556] {logging_mixin.py:104} INFO - [2021-05-15 18:48:57,556] {dag.py:1824} INFO - Sync 1 DAGs
[2021-05-15 18:48:57,565] {logging_mixin.py:104} INFO - [2021-05-15 18:48:57,565] {dag.py:2280} INFO - Setting next_dagrun for example_nested_branch_dag to 2021-05-13 00:00:00+00:00
[2021-05-15 18:48:57,573] {scheduler_job.py:190} INFO - Processing /Users/harry/.local/share/virtualenvs/rugby_data_project_airflow-d2RAFQI6/lib/python3.8/site-packages/airflow/example_dags/example_nested_branch_dag.py took 0.061 seconds
[2021-05-15 18:56:35,211] {scheduler_job.py:182} INFO - Started process (PID=54802) to work on /Users/harry/.local/share/virtualenvs/rugby_data_project_airflow-d2RAFQI6/lib/python3.8/site-packages/airflow/example_dags/example_nested_branch_dag.py
[2021-05-15 18:56:35,212] {scheduler_job.py:629} INFO - Processing file /Users/harry/.local/share/virtualenvs/rugby_data_project_airflow-d2RAFQI6/lib/python3.8/site-packages/airflow/example_dags/example_nested_branch_dag.py for tasks to queue
[2021-05-15 18:56:35,212] {logging_mixin.py:104} INFO - [2021-05-15 18:56:35,212] {dagbag.py:451} INFO - Filling up the DagBag from /Users/harry/.local/share/virtualenvs/rugby_data_project_airflow-d2RAFQI6/lib/python3.8/site-packages/airflow/example_dags/example_nested_branch_dag.py
[2021-05-15 18:56:35,219] {scheduler_job.py:639} INFO - DAG(s) dict_keys(['example_nested_branch_dag']) retrieved from /Users/harry/.local/share/virtualenvs/rugby_data_project_airflow-d2RAFQI6/lib/python3.8/site-packages/airflow/example_dags/example_nested_branch_dag.py
[2021-05-15 18:56:35,243] {logging_mixin.py:104} INFO - [2021-05-15 18:56:35,242] {dag.py:1824} INFO - Sync 1 DAGs
[2021-05-15 18:56:35,252] {logging_mixin.py:104} INFO - [2021-05-15 18:56:35,252] {dag.py:2280} INFO - Setting next_dagrun for example_nested_branch_dag to 2021-05-13 00:00:00+00:00
[2021-05-15 18:56:35,257] {scheduler_job.py:190} INFO - Processing /Users/harry/.local/share/virtualenvs/rugby_data_project_airflow-d2RAFQI6/lib/python3.8/site-packages/airflow/example_dags/example_nested_branch_dag.py took 0.047 seconds
[2021-05-15 19:03:50,285] {scheduler_job.py:182} INFO - Started process (PID=58429) to work on /Users/harry/.local/share/virtualenvs/rugby_data_project_airflow-d2RAFQI6/lib/python3.8/site-packages/airflow/example_dags/example_nested_branch_dag.py
[2021-05-15 19:03:50,286] {scheduler_job.py:629} INFO - Processing file /Users/harry/.local/share/virtualenvs/rugby_data_project_airflow-d2RAFQI6/lib/python3.8/site-packages/airflow/example_dags/example_nested_branch_dag.py for tasks to queue
[2021-05-15 19:03:50,287] {logging_mixin.py:104} INFO - [2021-05-15 19:03:50,287] {dagbag.py:451} INFO - Filling up the DagBag from /Users/harry/.local/share/virtualenvs/rugby_data_project_airflow-d2RAFQI6/lib/python3.8/site-packages/airflow/example_dags/example_nested_branch_dag.py
[2021-05-15 19:03:50,293] {scheduler_job.py:639} INFO - DAG(s) dict_keys(['example_nested_branch_dag']) retrieved from /Users/harry/.local/share/virtualenvs/rugby_data_project_airflow-d2RAFQI6/lib/python3.8/site-packages/airflow/example_dags/example_nested_branch_dag.py
[2021-05-15 19:03:50,317] {logging_mixin.py:104} INFO - [2021-05-15 19:03:50,317] {dag.py:1824} INFO - Sync 1 DAGs
[2021-05-15 19:03:50,326] {logging_mixin.py:104} INFO - [2021-05-15 19:03:50,326] {dag.py:2280} INFO - Setting next_dagrun for example_nested_branch_dag to 2021-05-13 00:00:00+00:00
[2021-05-15 19:03:50,334] {scheduler_job.py:190} INFO - Processing /Users/harry/.local/share/virtualenvs/rugby_data_project_airflow-d2RAFQI6/lib/python3.8/site-packages/airflow/example_dags/example_nested_branch_dag.py took 0.050 seconds
[2021-05-15 19:11:08,212] {scheduler_job.py:182} INFO - Started process (PID=62037) to work on /Users/harry/.local/share/virtualenvs/rugby_data_project_airflow-d2RAFQI6/lib/python3.8/site-packages/airflow/example_dags/example_nested_branch_dag.py
[2021-05-15 19:11:08,213] {scheduler_job.py:629} INFO - Processing file /Users/harry/.local/share/virtualenvs/rugby_data_project_airflow-d2RAFQI6/lib/python3.8/site-packages/airflow/example_dags/example_nested_branch_dag.py for tasks to queue
[2021-05-15 19:11:08,213] {logging_mixin.py:104} INFO - [2021-05-15 19:11:08,213] {dagbag.py:451} INFO - Filling up the DagBag from /Users/harry/.local/share/virtualenvs/rugby_data_project_airflow-d2RAFQI6/lib/python3.8/site-packages/airflow/example_dags/example_nested_branch_dag.py
[2021-05-15 19:11:08,220] {scheduler_job.py:639} INFO - DAG(s) dict_keys(['example_nested_branch_dag']) retrieved from /Users/harry/.local/share/virtualenvs/rugby_data_project_airflow-d2RAFQI6/lib/python3.8/site-packages/airflow/example_dags/example_nested_branch_dag.py
[2021-05-15 19:11:08,244] {logging_mixin.py:104} INFO - [2021-05-15 19:11:08,244] {dag.py:1824} INFO - Sync 1 DAGs
[2021-05-15 19:11:08,253] {logging_mixin.py:104} INFO - [2021-05-15 19:11:08,253] {dag.py:2280} INFO - Setting next_dagrun for example_nested_branch_dag to 2021-05-13 00:00:00+00:00
[2021-05-15 19:11:08,259] {scheduler_job.py:190} INFO - Processing /Users/harry/.local/share/virtualenvs/rugby_data_project_airflow-d2RAFQI6/lib/python3.8/site-packages/airflow/example_dags/example_nested_branch_dag.py took 0.048 seconds
[2021-05-15 20:26:15,959] {scheduler_job.py:182} INFO - Started process (PID=65450) to work on /Users/harry/.local/share/virtualenvs/rugby_data_project_airflow-d2RAFQI6/lib/python3.8/site-packages/airflow/example_dags/example_nested_branch_dag.py
[2021-05-15 20:26:15,960] {scheduler_job.py:629} INFO - Processing file /Users/harry/.local/share/virtualenvs/rugby_data_project_airflow-d2RAFQI6/lib/python3.8/site-packages/airflow/example_dags/example_nested_branch_dag.py for tasks to queue
[2021-05-15 20:26:15,961] {logging_mixin.py:104} INFO - [2021-05-15 20:26:15,961] {dagbag.py:451} INFO - Filling up the DagBag from /Users/harry/.local/share/virtualenvs/rugby_data_project_airflow-d2RAFQI6/lib/python3.8/site-packages/airflow/example_dags/example_nested_branch_dag.py
[2021-05-15 20:26:15,967] {scheduler_job.py:639} INFO - DAG(s) dict_keys(['example_nested_branch_dag']) retrieved from /Users/harry/.local/share/virtualenvs/rugby_data_project_airflow-d2RAFQI6/lib/python3.8/site-packages/airflow/example_dags/example_nested_branch_dag.py
[2021-05-15 20:26:15,991] {logging_mixin.py:104} INFO - [2021-05-15 20:26:15,991] {dag.py:1824} INFO - Sync 1 DAGs
[2021-05-15 20:26:16,001] {logging_mixin.py:104} INFO - [2021-05-15 20:26:16,001] {dag.py:2280} INFO - Setting next_dagrun for example_nested_branch_dag to 2021-05-13 00:00:00+00:00
[2021-05-15 20:26:16,007] {scheduler_job.py:190} INFO - Processing /Users/harry/.local/share/virtualenvs/rugby_data_project_airflow-d2RAFQI6/lib/python3.8/site-packages/airflow/example_dags/example_nested_branch_dag.py took 0.048 seconds
[2021-05-15 20:30:15,576] {scheduler_job.py:182} INFO - Started process (PID=67373) to work on /Users/harry/.local/share/virtualenvs/rugby_data_project_airflow-d2RAFQI6/lib/python3.8/site-packages/airflow/example_dags/example_nested_branch_dag.py
[2021-05-15 20:30:15,577] {scheduler_job.py:629} INFO - Processing file /Users/harry/.local/share/virtualenvs/rugby_data_project_airflow-d2RAFQI6/lib/python3.8/site-packages/airflow/example_dags/example_nested_branch_dag.py for tasks to queue
[2021-05-15 20:30:15,577] {logging_mixin.py:104} INFO - [2021-05-15 20:30:15,577] {dagbag.py:451} INFO - Filling up the DagBag from /Users/harry/.local/share/virtualenvs/rugby_data_project_airflow-d2RAFQI6/lib/python3.8/site-packages/airflow/example_dags/example_nested_branch_dag.py
[2021-05-15 20:30:15,583] {scheduler_job.py:639} INFO - DAG(s) dict_keys(['example_nested_branch_dag']) retrieved from /Users/harry/.local/share/virtualenvs/rugby_data_project_airflow-d2RAFQI6/lib/python3.8/site-packages/airflow/example_dags/example_nested_branch_dag.py
[2021-05-15 20:30:15,607] {logging_mixin.py:104} INFO - [2021-05-15 20:30:15,607] {dag.py:1824} INFO - Sync 1 DAGs
[2021-05-15 20:30:15,617] {logging_mixin.py:104} INFO - [2021-05-15 20:30:15,617] {dag.py:2280} INFO - Setting next_dagrun for example_nested_branch_dag to 2021-05-13 00:00:00+00:00
[2021-05-15 20:30:15,623] {scheduler_job.py:190} INFO - Processing /Users/harry/.local/share/virtualenvs/rugby_data_project_airflow-d2RAFQI6/lib/python3.8/site-packages/airflow/example_dags/example_nested_branch_dag.py took 0.047 seconds
[2021-05-15 20:48:32,578] {scheduler_job.py:182} INFO - Started process (PID=71128) to work on /Users/harry/.local/share/virtualenvs/rugby_data_project_airflow-d2RAFQI6/lib/python3.8/site-packages/airflow/example_dags/example_nested_branch_dag.py
[2021-05-15 20:48:32,579] {scheduler_job.py:629} INFO - Processing file /Users/harry/.local/share/virtualenvs/rugby_data_project_airflow-d2RAFQI6/lib/python3.8/site-packages/airflow/example_dags/example_nested_branch_dag.py for tasks to queue
[2021-05-15 20:48:32,580] {logging_mixin.py:104} INFO - [2021-05-15 20:48:32,579] {dagbag.py:451} INFO - Filling up the DagBag from /Users/harry/.local/share/virtualenvs/rugby_data_project_airflow-d2RAFQI6/lib/python3.8/site-packages/airflow/example_dags/example_nested_branch_dag.py
[2021-05-15 20:48:32,587] {scheduler_job.py:639} INFO - DAG(s) dict_keys(['example_nested_branch_dag']) retrieved from /Users/harry/.local/share/virtualenvs/rugby_data_project_airflow-d2RAFQI6/lib/python3.8/site-packages/airflow/example_dags/example_nested_branch_dag.py
[2021-05-15 20:48:32,614] {logging_mixin.py:104} INFO - [2021-05-15 20:48:32,614] {dag.py:1824} INFO - Sync 1 DAGs
[2021-05-15 20:48:32,625] {logging_mixin.py:104} INFO - [2021-05-15 20:48:32,625] {dag.py:2280} INFO - Setting next_dagrun for example_nested_branch_dag to 2021-05-13 00:00:00+00:00
[2021-05-15 20:48:32,632] {scheduler_job.py:190} INFO - Processing /Users/harry/.local/share/virtualenvs/rugby_data_project_airflow-d2RAFQI6/lib/python3.8/site-packages/airflow/example_dags/example_nested_branch_dag.py took 0.054 seconds
[2021-05-15 20:55:58,669] {scheduler_job.py:182} INFO - Started process (PID=74881) to work on /Users/harry/.local/share/virtualenvs/rugby_data_project_airflow-d2RAFQI6/lib/python3.8/site-packages/airflow/example_dags/example_nested_branch_dag.py
[2021-05-15 20:55:58,671] {scheduler_job.py:629} INFO - Processing file /Users/harry/.local/share/virtualenvs/rugby_data_project_airflow-d2RAFQI6/lib/python3.8/site-packages/airflow/example_dags/example_nested_branch_dag.py for tasks to queue
[2021-05-15 20:55:58,671] {logging_mixin.py:104} INFO - [2021-05-15 20:55:58,671] {dagbag.py:451} INFO - Filling up the DagBag from /Users/harry/.local/share/virtualenvs/rugby_data_project_airflow-d2RAFQI6/lib/python3.8/site-packages/airflow/example_dags/example_nested_branch_dag.py
[2021-05-15 20:55:58,685] {scheduler_job.py:639} INFO - DAG(s) dict_keys(['example_nested_branch_dag']) retrieved from /Users/harry/.local/share/virtualenvs/rugby_data_project_airflow-d2RAFQI6/lib/python3.8/site-packages/airflow/example_dags/example_nested_branch_dag.py
[2021-05-15 20:55:58,713] {logging_mixin.py:104} INFO - [2021-05-15 20:55:58,713] {dag.py:1824} INFO - Sync 1 DAGs
[2021-05-15 20:55:58,723] {logging_mixin.py:104} INFO - [2021-05-15 20:55:58,723] {dag.py:2280} INFO - Setting next_dagrun for example_nested_branch_dag to 2021-05-13 00:00:00+00:00
[2021-05-15 20:55:58,729] {scheduler_job.py:190} INFO - Processing /Users/harry/.local/share/virtualenvs/rugby_data_project_airflow-d2RAFQI6/lib/python3.8/site-packages/airflow/example_dags/example_nested_branch_dag.py took 0.060 seconds
[2021-05-15 21:03:15,048] {scheduler_job.py:182} INFO - Started process (PID=78601) to work on /Users/harry/.local/share/virtualenvs/rugby_data_project_airflow-d2RAFQI6/lib/python3.8/site-packages/airflow/example_dags/example_nested_branch_dag.py
[2021-05-15 21:03:15,049] {scheduler_job.py:629} INFO - Processing file /Users/harry/.local/share/virtualenvs/rugby_data_project_airflow-d2RAFQI6/lib/python3.8/site-packages/airflow/example_dags/example_nested_branch_dag.py for tasks to queue
[2021-05-15 21:03:15,049] {logging_mixin.py:104} INFO - [2021-05-15 21:03:15,049] {dagbag.py:451} INFO - Filling up the DagBag from /Users/harry/.local/share/virtualenvs/rugby_data_project_airflow-d2RAFQI6/lib/python3.8/site-packages/airflow/example_dags/example_nested_branch_dag.py
[2021-05-15 21:03:15,056] {scheduler_job.py:639} INFO - DAG(s) dict_keys(['example_nested_branch_dag']) retrieved from /Users/harry/.local/share/virtualenvs/rugby_data_project_airflow-d2RAFQI6/lib/python3.8/site-packages/airflow/example_dags/example_nested_branch_dag.py
[2021-05-15 21:03:15,079] {logging_mixin.py:104} INFO - [2021-05-15 21:03:15,079] {dag.py:1824} INFO - Sync 1 DAGs
[2021-05-15 21:03:15,088] {logging_mixin.py:104} INFO - [2021-05-15 21:03:15,088] {dag.py:2280} INFO - Setting next_dagrun for example_nested_branch_dag to 2021-05-13 00:00:00+00:00
[2021-05-15 21:03:15,094] {scheduler_job.py:190} INFO - Processing /Users/harry/.local/share/virtualenvs/rugby_data_project_airflow-d2RAFQI6/lib/python3.8/site-packages/airflow/example_dags/example_nested_branch_dag.py took 0.047 seconds
[2021-05-15 21:10:29,238] {scheduler_job.py:182} INFO - Started process (PID=82126) to work on /Users/harry/.local/share/virtualenvs/rugby_data_project_airflow-d2RAFQI6/lib/python3.8/site-packages/airflow/example_dags/example_nested_branch_dag.py
[2021-05-15 21:10:29,239] {scheduler_job.py:629} INFO - Processing file /Users/harry/.local/share/virtualenvs/rugby_data_project_airflow-d2RAFQI6/lib/python3.8/site-packages/airflow/example_dags/example_nested_branch_dag.py for tasks to queue
[2021-05-15 21:10:29,239] {logging_mixin.py:104} INFO - [2021-05-15 21:10:29,239] {dagbag.py:451} INFO - Filling up the DagBag from /Users/harry/.local/share/virtualenvs/rugby_data_project_airflow-d2RAFQI6/lib/python3.8/site-packages/airflow/example_dags/example_nested_branch_dag.py
[2021-05-15 21:10:29,246] {scheduler_job.py:639} INFO - DAG(s) dict_keys(['example_nested_branch_dag']) retrieved from /Users/harry/.local/share/virtualenvs/rugby_data_project_airflow-d2RAFQI6/lib/python3.8/site-packages/airflow/example_dags/example_nested_branch_dag.py
[2021-05-15 21:10:29,269] {logging_mixin.py:104} INFO - [2021-05-15 21:10:29,269] {dag.py:1824} INFO - Sync 1 DAGs
[2021-05-15 21:10:29,280] {logging_mixin.py:104} INFO - [2021-05-15 21:10:29,279] {dag.py:2280} INFO - Setting next_dagrun for example_nested_branch_dag to 2021-05-13 00:00:00+00:00
[2021-05-15 21:10:29,285] {scheduler_job.py:190} INFO - Processing /Users/harry/.local/share/virtualenvs/rugby_data_project_airflow-d2RAFQI6/lib/python3.8/site-packages/airflow/example_dags/example_nested_branch_dag.py took 0.048 seconds
[2021-05-15 21:17:44,373] {scheduler_job.py:182} INFO - Started process (PID=85815) to work on /Users/harry/.local/share/virtualenvs/rugby_data_project_airflow-d2RAFQI6/lib/python3.8/site-packages/airflow/example_dags/example_nested_branch_dag.py
[2021-05-15 21:17:44,374] {scheduler_job.py:629} INFO - Processing file /Users/harry/.local/share/virtualenvs/rugby_data_project_airflow-d2RAFQI6/lib/python3.8/site-packages/airflow/example_dags/example_nested_branch_dag.py for tasks to queue
[2021-05-15 21:17:44,375] {logging_mixin.py:104} INFO - [2021-05-15 21:17:44,374] {dagbag.py:451} INFO - Filling up the DagBag from /Users/harry/.local/share/virtualenvs/rugby_data_project_airflow-d2RAFQI6/lib/python3.8/site-packages/airflow/example_dags/example_nested_branch_dag.py
[2021-05-15 21:17:44,381] {scheduler_job.py:639} INFO - DAG(s) dict_keys(['example_nested_branch_dag']) retrieved from /Users/harry/.local/share/virtualenvs/rugby_data_project_airflow-d2RAFQI6/lib/python3.8/site-packages/airflow/example_dags/example_nested_branch_dag.py
[2021-05-15 21:17:44,404] {logging_mixin.py:104} INFO - [2021-05-15 21:17:44,404] {dag.py:1824} INFO - Sync 1 DAGs
[2021-05-15 21:17:44,414] {logging_mixin.py:104} INFO - [2021-05-15 21:17:44,413] {dag.py:2280} INFO - Setting next_dagrun for example_nested_branch_dag to 2021-05-13 00:00:00+00:00
[2021-05-15 21:17:44,420] {scheduler_job.py:190} INFO - Processing /Users/harry/.local/share/virtualenvs/rugby_data_project_airflow-d2RAFQI6/lib/python3.8/site-packages/airflow/example_dags/example_nested_branch_dag.py took 0.047 seconds
[2021-05-15 21:24:57,298] {scheduler_job.py:182} INFO - Started process (PID=89454) to work on /Users/harry/.local/share/virtualenvs/rugby_data_project_airflow-d2RAFQI6/lib/python3.8/site-packages/airflow/example_dags/example_nested_branch_dag.py
[2021-05-15 21:24:57,299] {scheduler_job.py:629} INFO - Processing file /Users/harry/.local/share/virtualenvs/rugby_data_project_airflow-d2RAFQI6/lib/python3.8/site-packages/airflow/example_dags/example_nested_branch_dag.py for tasks to queue
[2021-05-15 21:24:57,300] {logging_mixin.py:104} INFO - [2021-05-15 21:24:57,300] {dagbag.py:451} INFO - Filling up the DagBag from /Users/harry/.local/share/virtualenvs/rugby_data_project_airflow-d2RAFQI6/lib/python3.8/site-packages/airflow/example_dags/example_nested_branch_dag.py
[2021-05-15 21:24:57,307] {scheduler_job.py:639} INFO - DAG(s) dict_keys(['example_nested_branch_dag']) retrieved from /Users/harry/.local/share/virtualenvs/rugby_data_project_airflow-d2RAFQI6/lib/python3.8/site-packages/airflow/example_dags/example_nested_branch_dag.py
[2021-05-15 21:24:57,331] {logging_mixin.py:104} INFO - [2021-05-15 21:24:57,331] {dag.py:1824} INFO - Sync 1 DAGs
[2021-05-15 21:24:57,340] {logging_mixin.py:104} INFO - [2021-05-15 21:24:57,340] {dag.py:2280} INFO - Setting next_dagrun for example_nested_branch_dag to 2021-05-13 00:00:00+00:00
[2021-05-15 21:24:57,347] {scheduler_job.py:190} INFO - Processing /Users/harry/.local/share/virtualenvs/rugby_data_project_airflow-d2RAFQI6/lib/python3.8/site-packages/airflow/example_dags/example_nested_branch_dag.py took 0.050 seconds
[2021-05-15 21:32:10,892] {scheduler_job.py:182} INFO - Started process (PID=93109) to work on /Users/harry/.local/share/virtualenvs/rugby_data_project_airflow-d2RAFQI6/lib/python3.8/site-packages/airflow/example_dags/example_nested_branch_dag.py
[2021-05-15 21:32:10,893] {scheduler_job.py:629} INFO - Processing file /Users/harry/.local/share/virtualenvs/rugby_data_project_airflow-d2RAFQI6/lib/python3.8/site-packages/airflow/example_dags/example_nested_branch_dag.py for tasks to queue
[2021-05-15 21:32:10,893] {logging_mixin.py:104} INFO - [2021-05-15 21:32:10,893] {dagbag.py:451} INFO - Filling up the DagBag from /Users/harry/.local/share/virtualenvs/rugby_data_project_airflow-d2RAFQI6/lib/python3.8/site-packages/airflow/example_dags/example_nested_branch_dag.py
[2021-05-15 21:32:10,900] {scheduler_job.py:639} INFO - DAG(s) dict_keys(['example_nested_branch_dag']) retrieved from /Users/harry/.local/share/virtualenvs/rugby_data_project_airflow-d2RAFQI6/lib/python3.8/site-packages/airflow/example_dags/example_nested_branch_dag.py
[2021-05-15 21:32:10,926] {logging_mixin.py:104} INFO - [2021-05-15 21:32:10,925] {dag.py:1824} INFO - Sync 1 DAGs
[2021-05-15 21:32:10,936] {logging_mixin.py:104} INFO - [2021-05-15 21:32:10,936] {dag.py:2280} INFO - Setting next_dagrun for example_nested_branch_dag to 2021-05-13 00:00:00+00:00
[2021-05-15 21:32:10,943] {scheduler_job.py:190} INFO - Processing /Users/harry/.local/share/virtualenvs/rugby_data_project_airflow-d2RAFQI6/lib/python3.8/site-packages/airflow/example_dags/example_nested_branch_dag.py took 0.052 seconds
[2021-05-15 21:39:34,348] {scheduler_job.py:182} INFO - Started process (PID=96783) to work on /Users/harry/.local/share/virtualenvs/rugby_data_project_airflow-d2RAFQI6/lib/python3.8/site-packages/airflow/example_dags/example_nested_branch_dag.py
[2021-05-15 21:39:34,349] {scheduler_job.py:629} INFO - Processing file /Users/harry/.local/share/virtualenvs/rugby_data_project_airflow-d2RAFQI6/lib/python3.8/site-packages/airflow/example_dags/example_nested_branch_dag.py for tasks to queue
[2021-05-15 21:39:34,349] {logging_mixin.py:104} INFO - [2021-05-15 21:39:34,349] {dagbag.py:451} INFO - Filling up the DagBag from /Users/harry/.local/share/virtualenvs/rugby_data_project_airflow-d2RAFQI6/lib/python3.8/site-packages/airflow/example_dags/example_nested_branch_dag.py
[2021-05-15 21:39:34,356] {scheduler_job.py:639} INFO - DAG(s) dict_keys(['example_nested_branch_dag']) retrieved from /Users/harry/.local/share/virtualenvs/rugby_data_project_airflow-d2RAFQI6/lib/python3.8/site-packages/airflow/example_dags/example_nested_branch_dag.py
[2021-05-15 21:39:34,379] {logging_mixin.py:104} INFO - [2021-05-15 21:39:34,379] {dag.py:1824} INFO - Sync 1 DAGs
[2021-05-15 21:39:34,388] {logging_mixin.py:104} INFO - [2021-05-15 21:39:34,388] {dag.py:2280} INFO - Setting next_dagrun for example_nested_branch_dag to 2021-05-13 00:00:00+00:00
[2021-05-15 21:39:34,394] {scheduler_job.py:190} INFO - Processing /Users/harry/.local/share/virtualenvs/rugby_data_project_airflow-d2RAFQI6/lib/python3.8/site-packages/airflow/example_dags/example_nested_branch_dag.py took 0.046 seconds
[2021-05-15 21:46:49,165] {scheduler_job.py:182} INFO - Started process (PID=688) to work on /Users/harry/.local/share/virtualenvs/rugby_data_project_airflow-d2RAFQI6/lib/python3.8/site-packages/airflow/example_dags/example_nested_branch_dag.py
[2021-05-15 21:46:49,166] {scheduler_job.py:629} INFO - Processing file /Users/harry/.local/share/virtualenvs/rugby_data_project_airflow-d2RAFQI6/lib/python3.8/site-packages/airflow/example_dags/example_nested_branch_dag.py for tasks to queue
[2021-05-15 21:46:49,166] {logging_mixin.py:104} INFO - [2021-05-15 21:46:49,166] {dagbag.py:451} INFO - Filling up the DagBag from /Users/harry/.local/share/virtualenvs/rugby_data_project_airflow-d2RAFQI6/lib/python3.8/site-packages/airflow/example_dags/example_nested_branch_dag.py
[2021-05-15 21:46:49,174] {scheduler_job.py:639} INFO - DAG(s) dict_keys(['example_nested_branch_dag']) retrieved from /Users/harry/.local/share/virtualenvs/rugby_data_project_airflow-d2RAFQI6/lib/python3.8/site-packages/airflow/example_dags/example_nested_branch_dag.py
[2021-05-15 21:46:49,198] {logging_mixin.py:104} INFO - [2021-05-15 21:46:49,198] {dag.py:1824} INFO - Sync 1 DAGs
[2021-05-15 21:46:49,209] {logging_mixin.py:104} INFO - [2021-05-15 21:46:49,208] {dag.py:2280} INFO - Setting next_dagrun for example_nested_branch_dag to 2021-05-13 00:00:00+00:00
[2021-05-15 21:46:49,214] {scheduler_job.py:190} INFO - Processing /Users/harry/.local/share/virtualenvs/rugby_data_project_airflow-d2RAFQI6/lib/python3.8/site-packages/airflow/example_dags/example_nested_branch_dag.py took 0.050 seconds
[2021-05-15 21:54:09,226] {scheduler_job.py:182} INFO - Started process (PID=4463) to work on /Users/harry/.local/share/virtualenvs/rugby_data_project_airflow-d2RAFQI6/lib/python3.8/site-packages/airflow/example_dags/example_nested_branch_dag.py
[2021-05-15 21:54:09,227] {scheduler_job.py:629} INFO - Processing file /Users/harry/.local/share/virtualenvs/rugby_data_project_airflow-d2RAFQI6/lib/python3.8/site-packages/airflow/example_dags/example_nested_branch_dag.py for tasks to queue
[2021-05-15 21:54:09,228] {logging_mixin.py:104} INFO - [2021-05-15 21:54:09,228] {dagbag.py:451} INFO - Filling up the DagBag from /Users/harry/.local/share/virtualenvs/rugby_data_project_airflow-d2RAFQI6/lib/python3.8/site-packages/airflow/example_dags/example_nested_branch_dag.py
[2021-05-15 21:54:09,234] {scheduler_job.py:639} INFO - DAG(s) dict_keys(['example_nested_branch_dag']) retrieved from /Users/harry/.local/share/virtualenvs/rugby_data_project_airflow-d2RAFQI6/lib/python3.8/site-packages/airflow/example_dags/example_nested_branch_dag.py
[2021-05-15 21:54:09,259] {logging_mixin.py:104} INFO - [2021-05-15 21:54:09,259] {dag.py:1824} INFO - Sync 1 DAGs
[2021-05-15 21:54:09,269] {logging_mixin.py:104} INFO - [2021-05-15 21:54:09,269] {dag.py:2280} INFO - Setting next_dagrun for example_nested_branch_dag to 2021-05-13 00:00:00+00:00
[2021-05-15 21:54:09,275] {scheduler_job.py:190} INFO - Processing /Users/harry/.local/share/virtualenvs/rugby_data_project_airflow-d2RAFQI6/lib/python3.8/site-packages/airflow/example_dags/example_nested_branch_dag.py took 0.050 seconds
[2021-05-15 22:01:27,676] {scheduler_job.py:182} INFO - Started process (PID=8115) to work on /Users/harry/.local/share/virtualenvs/rugby_data_project_airflow-d2RAFQI6/lib/python3.8/site-packages/airflow/example_dags/example_nested_branch_dag.py
[2021-05-15 22:01:27,677] {scheduler_job.py:629} INFO - Processing file /Users/harry/.local/share/virtualenvs/rugby_data_project_airflow-d2RAFQI6/lib/python3.8/site-packages/airflow/example_dags/example_nested_branch_dag.py for tasks to queue
[2021-05-15 22:01:27,677] {logging_mixin.py:104} INFO - [2021-05-15 22:01:27,677] {dagbag.py:451} INFO - Filling up the DagBag from /Users/harry/.local/share/virtualenvs/rugby_data_project_airflow-d2RAFQI6/lib/python3.8/site-packages/airflow/example_dags/example_nested_branch_dag.py
[2021-05-15 22:01:27,685] {scheduler_job.py:639} INFO - DAG(s) dict_keys(['example_nested_branch_dag']) retrieved from /Users/harry/.local/share/virtualenvs/rugby_data_project_airflow-d2RAFQI6/lib/python3.8/site-packages/airflow/example_dags/example_nested_branch_dag.py
[2021-05-15 22:01:27,708] {logging_mixin.py:104} INFO - [2021-05-15 22:01:27,708] {dag.py:1824} INFO - Sync 1 DAGs
[2021-05-15 22:01:27,718] {logging_mixin.py:104} INFO - [2021-05-15 22:01:27,718] {dag.py:2280} INFO - Setting next_dagrun for example_nested_branch_dag to 2021-05-13 00:00:00+00:00
[2021-05-15 22:01:27,724] {scheduler_job.py:190} INFO - Processing /Users/harry/.local/share/virtualenvs/rugby_data_project_airflow-d2RAFQI6/lib/python3.8/site-packages/airflow/example_dags/example_nested_branch_dag.py took 0.049 seconds
[2021-05-15 22:08:50,226] {scheduler_job.py:182} INFO - Started process (PID=11789) to work on /Users/harry/.local/share/virtualenvs/rugby_data_project_airflow-d2RAFQI6/lib/python3.8/site-packages/airflow/example_dags/example_nested_branch_dag.py
[2021-05-15 22:08:50,227] {scheduler_job.py:629} INFO - Processing file /Users/harry/.local/share/virtualenvs/rugby_data_project_airflow-d2RAFQI6/lib/python3.8/site-packages/airflow/example_dags/example_nested_branch_dag.py for tasks to queue
[2021-05-15 22:08:50,227] {logging_mixin.py:104} INFO - [2021-05-15 22:08:50,227] {dagbag.py:451} INFO - Filling up the DagBag from /Users/harry/.local/share/virtualenvs/rugby_data_project_airflow-d2RAFQI6/lib/python3.8/site-packages/airflow/example_dags/example_nested_branch_dag.py
[2021-05-15 22:08:50,235] {scheduler_job.py:639} INFO - DAG(s) dict_keys(['example_nested_branch_dag']) retrieved from /Users/harry/.local/share/virtualenvs/rugby_data_project_airflow-d2RAFQI6/lib/python3.8/site-packages/airflow/example_dags/example_nested_branch_dag.py
[2021-05-15 22:08:50,263] {logging_mixin.py:104} INFO - [2021-05-15 22:08:50,263] {dag.py:1824} INFO - Sync 1 DAGs
[2021-05-15 22:08:50,276] {logging_mixin.py:104} INFO - [2021-05-15 22:08:50,276] {dag.py:2280} INFO - Setting next_dagrun for example_nested_branch_dag to 2021-05-13 00:00:00+00:00
[2021-05-15 22:08:50,283] {scheduler_job.py:190} INFO - Processing /Users/harry/.local/share/virtualenvs/rugby_data_project_airflow-d2RAFQI6/lib/python3.8/site-packages/airflow/example_dags/example_nested_branch_dag.py took 0.058 seconds
[2021-05-15 22:16:16,018] {scheduler_job.py:182} INFO - Started process (PID=15413) to work on /Users/harry/.local/share/virtualenvs/rugby_data_project_airflow-d2RAFQI6/lib/python3.8/site-packages/airflow/example_dags/example_nested_branch_dag.py
[2021-05-15 22:16:16,019] {scheduler_job.py:629} INFO - Processing file /Users/harry/.local/share/virtualenvs/rugby_data_project_airflow-d2RAFQI6/lib/python3.8/site-packages/airflow/example_dags/example_nested_branch_dag.py for tasks to queue
[2021-05-15 22:16:16,019] {logging_mixin.py:104} INFO - [2021-05-15 22:16:16,019] {dagbag.py:451} INFO - Filling up the DagBag from /Users/harry/.local/share/virtualenvs/rugby_data_project_airflow-d2RAFQI6/lib/python3.8/site-packages/airflow/example_dags/example_nested_branch_dag.py
[2021-05-15 22:16:16,026] {scheduler_job.py:639} INFO - DAG(s) dict_keys(['example_nested_branch_dag']) retrieved from /Users/harry/.local/share/virtualenvs/rugby_data_project_airflow-d2RAFQI6/lib/python3.8/site-packages/airflow/example_dags/example_nested_branch_dag.py
[2021-05-15 22:16:16,053] {logging_mixin.py:104} INFO - [2021-05-15 22:16:16,053] {dag.py:1824} INFO - Sync 1 DAGs
[2021-05-15 22:16:16,065] {logging_mixin.py:104} INFO - [2021-05-15 22:16:16,065] {dag.py:2280} INFO - Setting next_dagrun for example_nested_branch_dag to 2021-05-13 00:00:00+00:00
[2021-05-15 22:16:16,071] {scheduler_job.py:190} INFO - Processing /Users/harry/.local/share/virtualenvs/rugby_data_project_airflow-d2RAFQI6/lib/python3.8/site-packages/airflow/example_dags/example_nested_branch_dag.py took 0.054 seconds
[2021-05-15 22:23:33,670] {scheduler_job.py:182} INFO - Started process (PID=19106) to work on /Users/harry/.local/share/virtualenvs/rugby_data_project_airflow-d2RAFQI6/lib/python3.8/site-packages/airflow/example_dags/example_nested_branch_dag.py
[2021-05-15 22:23:33,671] {scheduler_job.py:629} INFO - Processing file /Users/harry/.local/share/virtualenvs/rugby_data_project_airflow-d2RAFQI6/lib/python3.8/site-packages/airflow/example_dags/example_nested_branch_dag.py for tasks to queue
[2021-05-15 22:23:33,671] {logging_mixin.py:104} INFO - [2021-05-15 22:23:33,671] {dagbag.py:451} INFO - Filling up the DagBag from /Users/harry/.local/share/virtualenvs/rugby_data_project_airflow-d2RAFQI6/lib/python3.8/site-packages/airflow/example_dags/example_nested_branch_dag.py
[2021-05-15 22:23:33,678] {scheduler_job.py:639} INFO - DAG(s) dict_keys(['example_nested_branch_dag']) retrieved from /Users/harry/.local/share/virtualenvs/rugby_data_project_airflow-d2RAFQI6/lib/python3.8/site-packages/airflow/example_dags/example_nested_branch_dag.py
[2021-05-15 22:23:33,703] {logging_mixin.py:104} INFO - [2021-05-15 22:23:33,702] {dag.py:1824} INFO - Sync 1 DAGs
[2021-05-15 22:23:33,712] {logging_mixin.py:104} INFO - [2021-05-15 22:23:33,712] {dag.py:2280} INFO - Setting next_dagrun for example_nested_branch_dag to 2021-05-13 00:00:00+00:00
[2021-05-15 22:23:33,718] {scheduler_job.py:190} INFO - Processing /Users/harry/.local/share/virtualenvs/rugby_data_project_airflow-d2RAFQI6/lib/python3.8/site-packages/airflow/example_dags/example_nested_branch_dag.py took 0.048 seconds
[2021-05-15 22:31:00,832] {scheduler_job.py:182} INFO - Started process (PID=22574) to work on /Users/harry/.local/share/virtualenvs/rugby_data_project_airflow-d2RAFQI6/lib/python3.8/site-packages/airflow/example_dags/example_nested_branch_dag.py
[2021-05-15 22:31:00,833] {scheduler_job.py:629} INFO - Processing file /Users/harry/.local/share/virtualenvs/rugby_data_project_airflow-d2RAFQI6/lib/python3.8/site-packages/airflow/example_dags/example_nested_branch_dag.py for tasks to queue
[2021-05-15 22:31:00,834] {logging_mixin.py:104} INFO - [2021-05-15 22:31:00,834] {dagbag.py:451} INFO - Filling up the DagBag from /Users/harry/.local/share/virtualenvs/rugby_data_project_airflow-d2RAFQI6/lib/python3.8/site-packages/airflow/example_dags/example_nested_branch_dag.py
[2021-05-15 22:31:00,841] {scheduler_job.py:639} INFO - DAG(s) dict_keys(['example_nested_branch_dag']) retrieved from /Users/harry/.local/share/virtualenvs/rugby_data_project_airflow-d2RAFQI6/lib/python3.8/site-packages/airflow/example_dags/example_nested_branch_dag.py
[2021-05-15 22:31:00,865] {logging_mixin.py:104} INFO - [2021-05-15 22:31:00,865] {dag.py:1824} INFO - Sync 1 DAGs
[2021-05-15 22:31:00,875] {logging_mixin.py:104} INFO - [2021-05-15 22:31:00,875] {dag.py:2280} INFO - Setting next_dagrun for example_nested_branch_dag to 2021-05-13 00:00:00+00:00
[2021-05-15 22:31:00,880] {scheduler_job.py:190} INFO - Processing /Users/harry/.local/share/virtualenvs/rugby_data_project_airflow-d2RAFQI6/lib/python3.8/site-packages/airflow/example_dags/example_nested_branch_dag.py took 0.049 seconds
[2021-05-15 22:38:35,891] {scheduler_job.py:182} INFO - Started process (PID=26212) to work on /Users/harry/.local/share/virtualenvs/rugby_data_project_airflow-d2RAFQI6/lib/python3.8/site-packages/airflow/example_dags/example_nested_branch_dag.py
[2021-05-15 22:38:35,892] {scheduler_job.py:629} INFO - Processing file /Users/harry/.local/share/virtualenvs/rugby_data_project_airflow-d2RAFQI6/lib/python3.8/site-packages/airflow/example_dags/example_nested_branch_dag.py for tasks to queue
[2021-05-15 22:38:35,893] {logging_mixin.py:104} INFO - [2021-05-15 22:38:35,893] {dagbag.py:451} INFO - Filling up the DagBag from /Users/harry/.local/share/virtualenvs/rugby_data_project_airflow-d2RAFQI6/lib/python3.8/site-packages/airflow/example_dags/example_nested_branch_dag.py
[2021-05-15 22:38:35,900] {scheduler_job.py:639} INFO - DAG(s) dict_keys(['example_nested_branch_dag']) retrieved from /Users/harry/.local/share/virtualenvs/rugby_data_project_airflow-d2RAFQI6/lib/python3.8/site-packages/airflow/example_dags/example_nested_branch_dag.py
[2021-05-15 22:38:35,926] {logging_mixin.py:104} INFO - [2021-05-15 22:38:35,925] {dag.py:1824} INFO - Sync 1 DAGs
[2021-05-15 22:38:35,937] {logging_mixin.py:104} INFO - [2021-05-15 22:38:35,936] {dag.py:2280} INFO - Setting next_dagrun for example_nested_branch_dag to 2021-05-13 00:00:00+00:00
[2021-05-15 22:38:35,942] {scheduler_job.py:190} INFO - Processing /Users/harry/.local/share/virtualenvs/rugby_data_project_airflow-d2RAFQI6/lib/python3.8/site-packages/airflow/example_dags/example_nested_branch_dag.py took 0.052 seconds
[2021-05-15 22:46:42,345] {scheduler_job.py:182} INFO - Started process (PID=29943) to work on /Users/harry/.local/share/virtualenvs/rugby_data_project_airflow-d2RAFQI6/lib/python3.8/site-packages/airflow/example_dags/example_nested_branch_dag.py
[2021-05-15 22:46:42,346] {scheduler_job.py:629} INFO - Processing file /Users/harry/.local/share/virtualenvs/rugby_data_project_airflow-d2RAFQI6/lib/python3.8/site-packages/airflow/example_dags/example_nested_branch_dag.py for tasks to queue
[2021-05-15 22:46:42,346] {logging_mixin.py:104} INFO - [2021-05-15 22:46:42,346] {dagbag.py:451} INFO - Filling up the DagBag from /Users/harry/.local/share/virtualenvs/rugby_data_project_airflow-d2RAFQI6/lib/python3.8/site-packages/airflow/example_dags/example_nested_branch_dag.py
[2021-05-15 22:46:42,354] {scheduler_job.py:639} INFO - DAG(s) dict_keys(['example_nested_branch_dag']) retrieved from /Users/harry/.local/share/virtualenvs/rugby_data_project_airflow-d2RAFQI6/lib/python3.8/site-packages/airflow/example_dags/example_nested_branch_dag.py
[2021-05-15 22:46:42,379] {logging_mixin.py:104} INFO - [2021-05-15 22:46:42,379] {dag.py:1824} INFO - Sync 1 DAGs
[2021-05-15 22:46:42,390] {logging_mixin.py:104} INFO - [2021-05-15 22:46:42,390] {dag.py:2280} INFO - Setting next_dagrun for example_nested_branch_dag to 2021-05-13 00:00:00+00:00
[2021-05-15 22:46:42,396] {scheduler_job.py:190} INFO - Processing /Users/harry/.local/share/virtualenvs/rugby_data_project_airflow-d2RAFQI6/lib/python3.8/site-packages/airflow/example_dags/example_nested_branch_dag.py took 0.052 seconds
[2021-05-15 22:50:59,383] {scheduler_job.py:182} INFO - Started process (PID=31844) to work on /Users/harry/.local/share/virtualenvs/rugby_data_project_airflow-d2RAFQI6/lib/python3.8/site-packages/airflow/example_dags/example_nested_branch_dag.py
[2021-05-15 22:50:59,385] {scheduler_job.py:629} INFO - Processing file /Users/harry/.local/share/virtualenvs/rugby_data_project_airflow-d2RAFQI6/lib/python3.8/site-packages/airflow/example_dags/example_nested_branch_dag.py for tasks to queue
[2021-05-15 22:50:59,385] {logging_mixin.py:104} INFO - [2021-05-15 22:50:59,385] {dagbag.py:451} INFO - Filling up the DagBag from /Users/harry/.local/share/virtualenvs/rugby_data_project_airflow-d2RAFQI6/lib/python3.8/site-packages/airflow/example_dags/example_nested_branch_dag.py
[2021-05-15 22:50:59,393] {scheduler_job.py:639} INFO - DAG(s) dict_keys(['example_nested_branch_dag']) retrieved from /Users/harry/.local/share/virtualenvs/rugby_data_project_airflow-d2RAFQI6/lib/python3.8/site-packages/airflow/example_dags/example_nested_branch_dag.py
[2021-05-15 22:50:59,418] {logging_mixin.py:104} INFO - [2021-05-15 22:50:59,418] {dag.py:1824} INFO - Sync 1 DAGs
[2021-05-15 22:50:59,429] {logging_mixin.py:104} INFO - [2021-05-15 22:50:59,429] {dag.py:2280} INFO - Setting next_dagrun for example_nested_branch_dag to 2021-05-13 00:00:00+00:00
[2021-05-15 22:50:59,435] {scheduler_job.py:190} INFO - Processing /Users/harry/.local/share/virtualenvs/rugby_data_project_airflow-d2RAFQI6/lib/python3.8/site-packages/airflow/example_dags/example_nested_branch_dag.py took 0.052 seconds
[2021-05-15 22:58:38,052] {scheduler_job.py:182} INFO - Started process (PID=35377) to work on /Users/harry/.local/share/virtualenvs/rugby_data_project_airflow-d2RAFQI6/lib/python3.8/site-packages/airflow/example_dags/example_nested_branch_dag.py
[2021-05-15 22:58:38,053] {scheduler_job.py:629} INFO - Processing file /Users/harry/.local/share/virtualenvs/rugby_data_project_airflow-d2RAFQI6/lib/python3.8/site-packages/airflow/example_dags/example_nested_branch_dag.py for tasks to queue
[2021-05-15 22:58:38,054] {logging_mixin.py:104} INFO - [2021-05-15 22:58:38,054] {dagbag.py:451} INFO - Filling up the DagBag from /Users/harry/.local/share/virtualenvs/rugby_data_project_airflow-d2RAFQI6/lib/python3.8/site-packages/airflow/example_dags/example_nested_branch_dag.py
[2021-05-15 22:58:38,060] {scheduler_job.py:639} INFO - DAG(s) dict_keys(['example_nested_branch_dag']) retrieved from /Users/harry/.local/share/virtualenvs/rugby_data_project_airflow-d2RAFQI6/lib/python3.8/site-packages/airflow/example_dags/example_nested_branch_dag.py
[2021-05-15 22:58:38,087] {logging_mixin.py:104} INFO - [2021-05-15 22:58:38,087] {dag.py:1824} INFO - Sync 1 DAGs
[2021-05-15 22:58:38,097] {logging_mixin.py:104} INFO - [2021-05-15 22:58:38,097] {dag.py:2280} INFO - Setting next_dagrun for example_nested_branch_dag to 2021-05-13 00:00:00+00:00
[2021-05-15 22:58:38,104] {scheduler_job.py:190} INFO - Processing /Users/harry/.local/share/virtualenvs/rugby_data_project_airflow-d2RAFQI6/lib/python3.8/site-packages/airflow/example_dags/example_nested_branch_dag.py took 0.052 seconds
