[2021-05-15 17:06:52,481] {scheduler_job.py:182} INFO - Started process (PID=14697) to work on /Users/harry/.local/share/virtualenvs/rugby_data_project_airflow-d2RAFQI6/lib/python3.8/site-packages/airflow/example_dags/example_xcom.py
[2021-05-15 17:06:52,482] {scheduler_job.py:629} INFO - Processing file /Users/harry/.local/share/virtualenvs/rugby_data_project_airflow-d2RAFQI6/lib/python3.8/site-packages/airflow/example_dags/example_xcom.py for tasks to queue
[2021-05-15 17:06:52,482] {logging_mixin.py:104} INFO - [2021-05-15 17:06:52,482] {dagbag.py:451} INFO - Filling up the DagBag from /Users/harry/.local/share/virtualenvs/rugby_data_project_airflow-d2RAFQI6/lib/python3.8/site-packages/airflow/example_dags/example_xcom.py
[2021-05-15 17:06:52,489] {scheduler_job.py:639} INFO - DAG(s) dict_keys(['example_xcom']) retrieved from /Users/harry/.local/share/virtualenvs/rugby_data_project_airflow-d2RAFQI6/lib/python3.8/site-packages/airflow/example_dags/example_xcom.py
[2021-05-15 17:06:52,514] {logging_mixin.py:104} INFO - [2021-05-15 17:06:52,514] {dag.py:1824} INFO - Sync 1 DAGs
[2021-05-15 17:06:52,519] {logging_mixin.py:104} INFO - [2021-05-15 17:06:52,519] {dag.py:2280} INFO - Setting next_dagrun for example_xcom to 2021-05-13 00:00:00+00:00
[2021-05-15 17:06:52,526] {scheduler_job.py:190} INFO - Processing /Users/harry/.local/share/virtualenvs/rugby_data_project_airflow-d2RAFQI6/lib/python3.8/site-packages/airflow/example_dags/example_xcom.py took 0.045 seconds
[2021-05-15 17:07:39,908] {scheduler_job.py:182} INFO - Started process (PID=15008) to work on /Users/harry/.local/share/virtualenvs/rugby_data_project_airflow-d2RAFQI6/lib/python3.8/site-packages/airflow/example_dags/example_xcom.py
[2021-05-15 17:07:39,909] {scheduler_job.py:629} INFO - Processing file /Users/harry/.local/share/virtualenvs/rugby_data_project_airflow-d2RAFQI6/lib/python3.8/site-packages/airflow/example_dags/example_xcom.py for tasks to queue
[2021-05-15 17:07:39,910] {logging_mixin.py:104} INFO - [2021-05-15 17:07:39,910] {dagbag.py:451} INFO - Filling up the DagBag from /Users/harry/.local/share/virtualenvs/rugby_data_project_airflow-d2RAFQI6/lib/python3.8/site-packages/airflow/example_dags/example_xcom.py
[2021-05-15 17:07:39,917] {scheduler_job.py:639} INFO - DAG(s) dict_keys(['example_xcom']) retrieved from /Users/harry/.local/share/virtualenvs/rugby_data_project_airflow-d2RAFQI6/lib/python3.8/site-packages/airflow/example_dags/example_xcom.py
[2021-05-15 17:07:39,940] {logging_mixin.py:104} INFO - [2021-05-15 17:07:39,940] {dag.py:1824} INFO - Sync 1 DAGs
[2021-05-15 17:07:39,945] {logging_mixin.py:104} INFO - [2021-05-15 17:07:39,945] {dag.py:2280} INFO - Setting next_dagrun for example_xcom to 2021-05-13 00:00:00+00:00
[2021-05-15 17:07:39,951] {scheduler_job.py:190} INFO - Processing /Users/harry/.local/share/virtualenvs/rugby_data_project_airflow-d2RAFQI6/lib/python3.8/site-packages/airflow/example_dags/example_xcom.py took 0.044 seconds
[2021-05-15 17:08:27,067] {scheduler_job.py:182} INFO - Started process (PID=15317) to work on /Users/harry/.local/share/virtualenvs/rugby_data_project_airflow-d2RAFQI6/lib/python3.8/site-packages/airflow/example_dags/example_xcom.py
[2021-05-15 17:08:27,067] {scheduler_job.py:629} INFO - Processing file /Users/harry/.local/share/virtualenvs/rugby_data_project_airflow-d2RAFQI6/lib/python3.8/site-packages/airflow/example_dags/example_xcom.py for tasks to queue
[2021-05-15 17:08:27,068] {logging_mixin.py:104} INFO - [2021-05-15 17:08:27,068] {dagbag.py:451} INFO - Filling up the DagBag from /Users/harry/.local/share/virtualenvs/rugby_data_project_airflow-d2RAFQI6/lib/python3.8/site-packages/airflow/example_dags/example_xcom.py
[2021-05-15 17:08:27,074] {scheduler_job.py:639} INFO - DAG(s) dict_keys(['example_xcom']) retrieved from /Users/harry/.local/share/virtualenvs/rugby_data_project_airflow-d2RAFQI6/lib/python3.8/site-packages/airflow/example_dags/example_xcom.py
[2021-05-15 17:08:27,098] {logging_mixin.py:104} INFO - [2021-05-15 17:08:27,097] {dag.py:1824} INFO - Sync 1 DAGs
[2021-05-15 17:08:27,103] {logging_mixin.py:104} INFO - [2021-05-15 17:08:27,103] {dag.py:2280} INFO - Setting next_dagrun for example_xcom to 2021-05-13 00:00:00+00:00
[2021-05-15 17:08:27,109] {scheduler_job.py:190} INFO - Processing /Users/harry/.local/share/virtualenvs/rugby_data_project_airflow-d2RAFQI6/lib/python3.8/site-packages/airflow/example_dags/example_xcom.py took 0.043 seconds
[2021-05-15 17:17:17,596] {scheduler_job.py:182} INFO - Started process (PID=16247) to work on /Users/harry/.local/share/virtualenvs/rugby_data_project_airflow-d2RAFQI6/lib/python3.8/site-packages/airflow/example_dags/example_xcom.py
[2021-05-15 17:17:17,597] {scheduler_job.py:629} INFO - Processing file /Users/harry/.local/share/virtualenvs/rugby_data_project_airflow-d2RAFQI6/lib/python3.8/site-packages/airflow/example_dags/example_xcom.py for tasks to queue
[2021-05-15 17:17:17,597] {logging_mixin.py:104} INFO - [2021-05-15 17:17:17,597] {dagbag.py:451} INFO - Filling up the DagBag from /Users/harry/.local/share/virtualenvs/rugby_data_project_airflow-d2RAFQI6/lib/python3.8/site-packages/airflow/example_dags/example_xcom.py
[2021-05-15 17:17:17,604] {scheduler_job.py:639} INFO - DAG(s) dict_keys(['example_xcom']) retrieved from /Users/harry/.local/share/virtualenvs/rugby_data_project_airflow-d2RAFQI6/lib/python3.8/site-packages/airflow/example_dags/example_xcom.py
[2021-05-15 17:17:17,631] {logging_mixin.py:104} INFO - [2021-05-15 17:17:17,631] {dag.py:1824} INFO - Sync 1 DAGs
[2021-05-15 17:17:17,636] {logging_mixin.py:104} INFO - [2021-05-15 17:17:17,636] {dag.py:2280} INFO - Setting next_dagrun for example_xcom to 2021-05-13 00:00:00+00:00
[2021-05-15 17:17:17,642] {scheduler_job.py:190} INFO - Processing /Users/harry/.local/share/virtualenvs/rugby_data_project_airflow-d2RAFQI6/lib/python3.8/site-packages/airflow/example_dags/example_xcom.py took 0.047 seconds
[2021-05-15 17:18:04,779] {scheduler_job.py:182} INFO - Started process (PID=16574) to work on /Users/harry/.local/share/virtualenvs/rugby_data_project_airflow-d2RAFQI6/lib/python3.8/site-packages/airflow/example_dags/example_xcom.py
[2021-05-15 17:18:04,780] {scheduler_job.py:629} INFO - Processing file /Users/harry/.local/share/virtualenvs/rugby_data_project_airflow-d2RAFQI6/lib/python3.8/site-packages/airflow/example_dags/example_xcom.py for tasks to queue
[2021-05-15 17:18:04,780] {logging_mixin.py:104} INFO - [2021-05-15 17:18:04,780] {dagbag.py:451} INFO - Filling up the DagBag from /Users/harry/.local/share/virtualenvs/rugby_data_project_airflow-d2RAFQI6/lib/python3.8/site-packages/airflow/example_dags/example_xcom.py
[2021-05-15 17:18:04,787] {scheduler_job.py:639} INFO - DAG(s) dict_keys(['example_xcom']) retrieved from /Users/harry/.local/share/virtualenvs/rugby_data_project_airflow-d2RAFQI6/lib/python3.8/site-packages/airflow/example_dags/example_xcom.py
[2021-05-15 17:18:04,812] {logging_mixin.py:104} INFO - [2021-05-15 17:18:04,812] {dag.py:1824} INFO - Sync 1 DAGs
[2021-05-15 17:18:04,818] {logging_mixin.py:104} INFO - [2021-05-15 17:18:04,818] {dag.py:2280} INFO - Setting next_dagrun for example_xcom to 2021-05-13 00:00:00+00:00
[2021-05-15 17:18:04,824] {scheduler_job.py:190} INFO - Processing /Users/harry/.local/share/virtualenvs/rugby_data_project_airflow-d2RAFQI6/lib/python3.8/site-packages/airflow/example_dags/example_xcom.py took 0.046 seconds
[2021-05-15 17:18:55,859] {scheduler_job.py:182} INFO - Started process (PID=16925) to work on /Users/harry/.local/share/virtualenvs/rugby_data_project_airflow-d2RAFQI6/lib/python3.8/site-packages/airflow/example_dags/example_xcom.py
[2021-05-15 17:18:55,860] {scheduler_job.py:629} INFO - Processing file /Users/harry/.local/share/virtualenvs/rugby_data_project_airflow-d2RAFQI6/lib/python3.8/site-packages/airflow/example_dags/example_xcom.py for tasks to queue
[2021-05-15 17:18:55,860] {logging_mixin.py:104} INFO - [2021-05-15 17:18:55,860] {dagbag.py:451} INFO - Filling up the DagBag from /Users/harry/.local/share/virtualenvs/rugby_data_project_airflow-d2RAFQI6/lib/python3.8/site-packages/airflow/example_dags/example_xcom.py
[2021-05-15 17:18:55,866] {scheduler_job.py:639} INFO - DAG(s) dict_keys(['example_xcom']) retrieved from /Users/harry/.local/share/virtualenvs/rugby_data_project_airflow-d2RAFQI6/lib/python3.8/site-packages/airflow/example_dags/example_xcom.py
[2021-05-15 17:18:55,890] {logging_mixin.py:104} INFO - [2021-05-15 17:18:55,890] {dag.py:1824} INFO - Sync 1 DAGs
[2021-05-15 17:18:55,897] {logging_mixin.py:104} INFO - [2021-05-15 17:18:55,896] {dag.py:2280} INFO - Setting next_dagrun for example_xcom to 2021-05-13 00:00:00+00:00
[2021-05-15 17:18:55,903] {scheduler_job.py:190} INFO - Processing /Users/harry/.local/share/virtualenvs/rugby_data_project_airflow-d2RAFQI6/lib/python3.8/site-packages/airflow/example_dags/example_xcom.py took 0.045 seconds
[2021-05-15 17:19:44,451] {scheduler_job.py:182} INFO - Started process (PID=17284) to work on /Users/harry/.local/share/virtualenvs/rugby_data_project_airflow-d2RAFQI6/lib/python3.8/site-packages/airflow/example_dags/example_xcom.py
[2021-05-15 17:19:44,451] {scheduler_job.py:629} INFO - Processing file /Users/harry/.local/share/virtualenvs/rugby_data_project_airflow-d2RAFQI6/lib/python3.8/site-packages/airflow/example_dags/example_xcom.py for tasks to queue
[2021-05-15 17:19:44,452] {logging_mixin.py:104} INFO - [2021-05-15 17:19:44,452] {dagbag.py:451} INFO - Filling up the DagBag from /Users/harry/.local/share/virtualenvs/rugby_data_project_airflow-d2RAFQI6/lib/python3.8/site-packages/airflow/example_dags/example_xcom.py
[2021-05-15 17:19:44,458] {scheduler_job.py:639} INFO - DAG(s) dict_keys(['example_xcom']) retrieved from /Users/harry/.local/share/virtualenvs/rugby_data_project_airflow-d2RAFQI6/lib/python3.8/site-packages/airflow/example_dags/example_xcom.py
[2021-05-15 17:19:44,501] {logging_mixin.py:104} INFO - [2021-05-15 17:19:44,501] {dag.py:1824} INFO - Sync 1 DAGs
[2021-05-15 17:19:44,509] {logging_mixin.py:104} INFO - [2021-05-15 17:19:44,508] {dag.py:2280} INFO - Setting next_dagrun for example_xcom to 2021-05-13 00:00:00+00:00
[2021-05-15 17:19:44,516] {scheduler_job.py:190} INFO - Processing /Users/harry/.local/share/virtualenvs/rugby_data_project_airflow-d2RAFQI6/lib/python3.8/site-packages/airflow/example_dags/example_xcom.py took 0.066 seconds
[2021-05-15 17:20:29,616] {scheduler_job.py:182} INFO - Started process (PID=17578) to work on /Users/harry/.local/share/virtualenvs/rugby_data_project_airflow-d2RAFQI6/lib/python3.8/site-packages/airflow/example_dags/example_xcom.py
[2021-05-15 17:20:29,616] {scheduler_job.py:629} INFO - Processing file /Users/harry/.local/share/virtualenvs/rugby_data_project_airflow-d2RAFQI6/lib/python3.8/site-packages/airflow/example_dags/example_xcom.py for tasks to queue
[2021-05-15 17:20:29,617] {logging_mixin.py:104} INFO - [2021-05-15 17:20:29,617] {dagbag.py:451} INFO - Filling up the DagBag from /Users/harry/.local/share/virtualenvs/rugby_data_project_airflow-d2RAFQI6/lib/python3.8/site-packages/airflow/example_dags/example_xcom.py
[2021-05-15 17:20:29,623] {scheduler_job.py:639} INFO - DAG(s) dict_keys(['example_xcom']) retrieved from /Users/harry/.local/share/virtualenvs/rugby_data_project_airflow-d2RAFQI6/lib/python3.8/site-packages/airflow/example_dags/example_xcom.py
[2021-05-15 17:20:29,648] {logging_mixin.py:104} INFO - [2021-05-15 17:20:29,648] {dag.py:1824} INFO - Sync 1 DAGs
[2021-05-15 17:20:29,653] {logging_mixin.py:104} INFO - [2021-05-15 17:20:29,653] {dag.py:2280} INFO - Setting next_dagrun for example_xcom to 2021-05-13 00:00:00+00:00
[2021-05-15 17:20:29,659] {scheduler_job.py:190} INFO - Processing /Users/harry/.local/share/virtualenvs/rugby_data_project_airflow-d2RAFQI6/lib/python3.8/site-packages/airflow/example_dags/example_xcom.py took 0.043 seconds
[2021-05-15 17:21:19,124] {scheduler_job.py:182} INFO - Started process (PID=17900) to work on /Users/harry/.local/share/virtualenvs/rugby_data_project_airflow-d2RAFQI6/lib/python3.8/site-packages/airflow/example_dags/example_xcom.py
[2021-05-15 17:21:19,125] {scheduler_job.py:629} INFO - Processing file /Users/harry/.local/share/virtualenvs/rugby_data_project_airflow-d2RAFQI6/lib/python3.8/site-packages/airflow/example_dags/example_xcom.py for tasks to queue
[2021-05-15 17:21:19,125] {logging_mixin.py:104} INFO - [2021-05-15 17:21:19,125] {dagbag.py:451} INFO - Filling up the DagBag from /Users/harry/.local/share/virtualenvs/rugby_data_project_airflow-d2RAFQI6/lib/python3.8/site-packages/airflow/example_dags/example_xcom.py
[2021-05-15 17:21:19,132] {scheduler_job.py:639} INFO - DAG(s) dict_keys(['example_xcom']) retrieved from /Users/harry/.local/share/virtualenvs/rugby_data_project_airflow-d2RAFQI6/lib/python3.8/site-packages/airflow/example_dags/example_xcom.py
[2021-05-15 17:21:19,157] {logging_mixin.py:104} INFO - [2021-05-15 17:21:19,156] {dag.py:1824} INFO - Sync 1 DAGs
[2021-05-15 17:21:19,163] {logging_mixin.py:104} INFO - [2021-05-15 17:21:19,163] {dag.py:2280} INFO - Setting next_dagrun for example_xcom to 2021-05-13 00:00:00+00:00
[2021-05-15 17:21:19,169] {scheduler_job.py:190} INFO - Processing /Users/harry/.local/share/virtualenvs/rugby_data_project_airflow-d2RAFQI6/lib/python3.8/site-packages/airflow/example_dags/example_xcom.py took 0.045 seconds
[2021-05-15 17:22:07,731] {scheduler_job.py:182} INFO - Started process (PID=18209) to work on /Users/harry/.local/share/virtualenvs/rugby_data_project_airflow-d2RAFQI6/lib/python3.8/site-packages/airflow/example_dags/example_xcom.py
[2021-05-15 17:22:07,732] {scheduler_job.py:629} INFO - Processing file /Users/harry/.local/share/virtualenvs/rugby_data_project_airflow-d2RAFQI6/lib/python3.8/site-packages/airflow/example_dags/example_xcom.py for tasks to queue
[2021-05-15 17:22:07,732] {logging_mixin.py:104} INFO - [2021-05-15 17:22:07,732] {dagbag.py:451} INFO - Filling up the DagBag from /Users/harry/.local/share/virtualenvs/rugby_data_project_airflow-d2RAFQI6/lib/python3.8/site-packages/airflow/example_dags/example_xcom.py
[2021-05-15 17:22:07,738] {scheduler_job.py:639} INFO - DAG(s) dict_keys(['example_xcom']) retrieved from /Users/harry/.local/share/virtualenvs/rugby_data_project_airflow-d2RAFQI6/lib/python3.8/site-packages/airflow/example_dags/example_xcom.py
[2021-05-15 17:22:07,762] {logging_mixin.py:104} INFO - [2021-05-15 17:22:07,762] {dag.py:1824} INFO - Sync 1 DAGs
[2021-05-15 17:22:07,767] {logging_mixin.py:104} INFO - [2021-05-15 17:22:07,767] {dag.py:2280} INFO - Setting next_dagrun for example_xcom to 2021-05-13 00:00:00+00:00
[2021-05-15 17:22:07,772] {scheduler_job.py:190} INFO - Processing /Users/harry/.local/share/virtualenvs/rugby_data_project_airflow-d2RAFQI6/lib/python3.8/site-packages/airflow/example_dags/example_xcom.py took 0.042 seconds
[2021-05-15 17:22:55,383] {scheduler_job.py:182} INFO - Started process (PID=18530) to work on /Users/harry/.local/share/virtualenvs/rugby_data_project_airflow-d2RAFQI6/lib/python3.8/site-packages/airflow/example_dags/example_xcom.py
[2021-05-15 17:22:55,384] {scheduler_job.py:629} INFO - Processing file /Users/harry/.local/share/virtualenvs/rugby_data_project_airflow-d2RAFQI6/lib/python3.8/site-packages/airflow/example_dags/example_xcom.py for tasks to queue
[2021-05-15 17:22:55,385] {logging_mixin.py:104} INFO - [2021-05-15 17:22:55,385] {dagbag.py:451} INFO - Filling up the DagBag from /Users/harry/.local/share/virtualenvs/rugby_data_project_airflow-d2RAFQI6/lib/python3.8/site-packages/airflow/example_dags/example_xcom.py
[2021-05-15 17:22:55,391] {scheduler_job.py:639} INFO - DAG(s) dict_keys(['example_xcom']) retrieved from /Users/harry/.local/share/virtualenvs/rugby_data_project_airflow-d2RAFQI6/lib/python3.8/site-packages/airflow/example_dags/example_xcom.py
[2021-05-15 17:22:55,414] {logging_mixin.py:104} INFO - [2021-05-15 17:22:55,414] {dag.py:1824} INFO - Sync 1 DAGs
[2021-05-15 17:22:55,419] {logging_mixin.py:104} INFO - [2021-05-15 17:22:55,419] {dag.py:2280} INFO - Setting next_dagrun for example_xcom to 2021-05-13 00:00:00+00:00
[2021-05-15 17:22:55,426] {scheduler_job.py:190} INFO - Processing /Users/harry/.local/share/virtualenvs/rugby_data_project_airflow-d2RAFQI6/lib/python3.8/site-packages/airflow/example_dags/example_xcom.py took 0.043 seconds
[2021-05-15 17:23:40,197] {scheduler_job.py:182} INFO - Started process (PID=18833) to work on /Users/harry/.local/share/virtualenvs/rugby_data_project_airflow-d2RAFQI6/lib/python3.8/site-packages/airflow/example_dags/example_xcom.py
[2021-05-15 17:23:40,198] {scheduler_job.py:629} INFO - Processing file /Users/harry/.local/share/virtualenvs/rugby_data_project_airflow-d2RAFQI6/lib/python3.8/site-packages/airflow/example_dags/example_xcom.py for tasks to queue
[2021-05-15 17:23:40,198] {logging_mixin.py:104} INFO - [2021-05-15 17:23:40,198] {dagbag.py:451} INFO - Filling up the DagBag from /Users/harry/.local/share/virtualenvs/rugby_data_project_airflow-d2RAFQI6/lib/python3.8/site-packages/airflow/example_dags/example_xcom.py
[2021-05-15 17:23:40,204] {scheduler_job.py:639} INFO - DAG(s) dict_keys(['example_xcom']) retrieved from /Users/harry/.local/share/virtualenvs/rugby_data_project_airflow-d2RAFQI6/lib/python3.8/site-packages/airflow/example_dags/example_xcom.py
[2021-05-15 17:23:40,225] {logging_mixin.py:104} INFO - [2021-05-15 17:23:40,225] {dag.py:1824} INFO - Sync 1 DAGs
[2021-05-15 17:23:40,230] {logging_mixin.py:104} INFO - [2021-05-15 17:23:40,230] {dag.py:2280} INFO - Setting next_dagrun for example_xcom to 2021-05-13 00:00:00+00:00
[2021-05-15 17:23:40,236] {scheduler_job.py:190} INFO - Processing /Users/harry/.local/share/virtualenvs/rugby_data_project_airflow-d2RAFQI6/lib/python3.8/site-packages/airflow/example_dags/example_xcom.py took 0.040 seconds
[2021-05-15 17:24:22,677] {scheduler_job.py:182} INFO - Started process (PID=19116) to work on /Users/harry/.local/share/virtualenvs/rugby_data_project_airflow-d2RAFQI6/lib/python3.8/site-packages/airflow/example_dags/example_xcom.py
[2021-05-15 17:24:22,677] {scheduler_job.py:629} INFO - Processing file /Users/harry/.local/share/virtualenvs/rugby_data_project_airflow-d2RAFQI6/lib/python3.8/site-packages/airflow/example_dags/example_xcom.py for tasks to queue
[2021-05-15 17:24:22,677] {logging_mixin.py:104} INFO - [2021-05-15 17:24:22,677] {dagbag.py:451} INFO - Filling up the DagBag from /Users/harry/.local/share/virtualenvs/rugby_data_project_airflow-d2RAFQI6/lib/python3.8/site-packages/airflow/example_dags/example_xcom.py
[2021-05-15 17:24:22,682] {scheduler_job.py:639} INFO - DAG(s) dict_keys(['example_xcom']) retrieved from /Users/harry/.local/share/virtualenvs/rugby_data_project_airflow-d2RAFQI6/lib/python3.8/site-packages/airflow/example_dags/example_xcom.py
[2021-05-15 17:24:22,704] {logging_mixin.py:104} INFO - [2021-05-15 17:24:22,704] {dag.py:1824} INFO - Sync 1 DAGs
[2021-05-15 17:24:22,709] {logging_mixin.py:104} INFO - [2021-05-15 17:24:22,709] {dag.py:2280} INFO - Setting next_dagrun for example_xcom to 2021-05-13 00:00:00+00:00
[2021-05-15 17:24:22,715] {scheduler_job.py:190} INFO - Processing /Users/harry/.local/share/virtualenvs/rugby_data_project_airflow-d2RAFQI6/lib/python3.8/site-packages/airflow/example_dags/example_xcom.py took 0.038 seconds
[2021-05-15 17:25:09,620] {scheduler_job.py:182} INFO - Started process (PID=19421) to work on /Users/harry/.local/share/virtualenvs/rugby_data_project_airflow-d2RAFQI6/lib/python3.8/site-packages/airflow/example_dags/example_xcom.py
[2021-05-15 17:25:09,621] {scheduler_job.py:629} INFO - Processing file /Users/harry/.local/share/virtualenvs/rugby_data_project_airflow-d2RAFQI6/lib/python3.8/site-packages/airflow/example_dags/example_xcom.py for tasks to queue
[2021-05-15 17:25:09,621] {logging_mixin.py:104} INFO - [2021-05-15 17:25:09,621] {dagbag.py:451} INFO - Filling up the DagBag from /Users/harry/.local/share/virtualenvs/rugby_data_project_airflow-d2RAFQI6/lib/python3.8/site-packages/airflow/example_dags/example_xcom.py
[2021-05-15 17:25:09,625] {scheduler_job.py:639} INFO - DAG(s) dict_keys(['example_xcom']) retrieved from /Users/harry/.local/share/virtualenvs/rugby_data_project_airflow-d2RAFQI6/lib/python3.8/site-packages/airflow/example_dags/example_xcom.py
[2021-05-15 17:25:09,647] {logging_mixin.py:104} INFO - [2021-05-15 17:25:09,647] {dag.py:1824} INFO - Sync 1 DAGs
[2021-05-15 17:25:09,652] {logging_mixin.py:104} INFO - [2021-05-15 17:25:09,652] {dag.py:2280} INFO - Setting next_dagrun for example_xcom to 2021-05-13 00:00:00+00:00
[2021-05-15 17:25:09,657] {scheduler_job.py:190} INFO - Processing /Users/harry/.local/share/virtualenvs/rugby_data_project_airflow-d2RAFQI6/lib/python3.8/site-packages/airflow/example_dags/example_xcom.py took 0.038 seconds
[2021-05-15 17:25:56,292] {scheduler_job.py:182} INFO - Started process (PID=19743) to work on /Users/harry/.local/share/virtualenvs/rugby_data_project_airflow-d2RAFQI6/lib/python3.8/site-packages/airflow/example_dags/example_xcom.py
[2021-05-15 17:25:56,293] {scheduler_job.py:629} INFO - Processing file /Users/harry/.local/share/virtualenvs/rugby_data_project_airflow-d2RAFQI6/lib/python3.8/site-packages/airflow/example_dags/example_xcom.py for tasks to queue
[2021-05-15 17:25:56,293] {logging_mixin.py:104} INFO - [2021-05-15 17:25:56,293] {dagbag.py:451} INFO - Filling up the DagBag from /Users/harry/.local/share/virtualenvs/rugby_data_project_airflow-d2RAFQI6/lib/python3.8/site-packages/airflow/example_dags/example_xcom.py
[2021-05-15 17:25:56,298] {scheduler_job.py:639} INFO - DAG(s) dict_keys(['example_xcom']) retrieved from /Users/harry/.local/share/virtualenvs/rugby_data_project_airflow-d2RAFQI6/lib/python3.8/site-packages/airflow/example_dags/example_xcom.py
[2021-05-15 17:25:56,320] {logging_mixin.py:104} INFO - [2021-05-15 17:25:56,320] {dag.py:1824} INFO - Sync 1 DAGs
[2021-05-15 17:25:56,325] {logging_mixin.py:104} INFO - [2021-05-15 17:25:56,325] {dag.py:2280} INFO - Setting next_dagrun for example_xcom to 2021-05-13 00:00:00+00:00
[2021-05-15 17:25:56,331] {scheduler_job.py:190} INFO - Processing /Users/harry/.local/share/virtualenvs/rugby_data_project_airflow-d2RAFQI6/lib/python3.8/site-packages/airflow/example_dags/example_xcom.py took 0.039 seconds
[2021-05-15 17:26:43,284] {scheduler_job.py:182} INFO - Started process (PID=20081) to work on /Users/harry/.local/share/virtualenvs/rugby_data_project_airflow-d2RAFQI6/lib/python3.8/site-packages/airflow/example_dags/example_xcom.py
[2021-05-15 17:26:43,284] {scheduler_job.py:629} INFO - Processing file /Users/harry/.local/share/virtualenvs/rugby_data_project_airflow-d2RAFQI6/lib/python3.8/site-packages/airflow/example_dags/example_xcom.py for tasks to queue
[2021-05-15 17:26:43,284] {logging_mixin.py:104} INFO - [2021-05-15 17:26:43,284] {dagbag.py:451} INFO - Filling up the DagBag from /Users/harry/.local/share/virtualenvs/rugby_data_project_airflow-d2RAFQI6/lib/python3.8/site-packages/airflow/example_dags/example_xcom.py
[2021-05-15 17:26:43,289] {scheduler_job.py:639} INFO - DAG(s) dict_keys(['example_xcom']) retrieved from /Users/harry/.local/share/virtualenvs/rugby_data_project_airflow-d2RAFQI6/lib/python3.8/site-packages/airflow/example_dags/example_xcom.py
[2021-05-15 17:26:43,310] {logging_mixin.py:104} INFO - [2021-05-15 17:26:43,310] {dag.py:1824} INFO - Sync 1 DAGs
[2021-05-15 17:26:43,315] {logging_mixin.py:104} INFO - [2021-05-15 17:26:43,315] {dag.py:2280} INFO - Setting next_dagrun for example_xcom to 2021-05-13 00:00:00+00:00
[2021-05-15 17:26:43,323] {scheduler_job.py:190} INFO - Processing /Users/harry/.local/share/virtualenvs/rugby_data_project_airflow-d2RAFQI6/lib/python3.8/site-packages/airflow/example_dags/example_xcom.py took 0.040 seconds
[2021-05-15 17:27:30,002] {scheduler_job.py:182} INFO - Started process (PID=20382) to work on /Users/harry/.local/share/virtualenvs/rugby_data_project_airflow-d2RAFQI6/lib/python3.8/site-packages/airflow/example_dags/example_xcom.py
[2021-05-15 17:27:30,002] {scheduler_job.py:629} INFO - Processing file /Users/harry/.local/share/virtualenvs/rugby_data_project_airflow-d2RAFQI6/lib/python3.8/site-packages/airflow/example_dags/example_xcom.py for tasks to queue
[2021-05-15 17:27:30,003] {logging_mixin.py:104} INFO - [2021-05-15 17:27:30,003] {dagbag.py:451} INFO - Filling up the DagBag from /Users/harry/.local/share/virtualenvs/rugby_data_project_airflow-d2RAFQI6/lib/python3.8/site-packages/airflow/example_dags/example_xcom.py
[2021-05-15 17:27:30,007] {scheduler_job.py:639} INFO - DAG(s) dict_keys(['example_xcom']) retrieved from /Users/harry/.local/share/virtualenvs/rugby_data_project_airflow-d2RAFQI6/lib/python3.8/site-packages/airflow/example_dags/example_xcom.py
[2021-05-15 17:27:30,029] {logging_mixin.py:104} INFO - [2021-05-15 17:27:30,029] {dag.py:1824} INFO - Sync 1 DAGs
[2021-05-15 17:27:30,034] {logging_mixin.py:104} INFO - [2021-05-15 17:27:30,034] {dag.py:2280} INFO - Setting next_dagrun for example_xcom to 2021-05-13 00:00:00+00:00
[2021-05-15 17:27:30,040] {scheduler_job.py:190} INFO - Processing /Users/harry/.local/share/virtualenvs/rugby_data_project_airflow-d2RAFQI6/lib/python3.8/site-packages/airflow/example_dags/example_xcom.py took 0.038 seconds
[2021-05-15 17:28:16,593] {scheduler_job.py:182} INFO - Started process (PID=20684) to work on /Users/harry/.local/share/virtualenvs/rugby_data_project_airflow-d2RAFQI6/lib/python3.8/site-packages/airflow/example_dags/example_xcom.py
[2021-05-15 17:28:16,593] {scheduler_job.py:629} INFO - Processing file /Users/harry/.local/share/virtualenvs/rugby_data_project_airflow-d2RAFQI6/lib/python3.8/site-packages/airflow/example_dags/example_xcom.py for tasks to queue
[2021-05-15 17:28:16,593] {logging_mixin.py:104} INFO - [2021-05-15 17:28:16,593] {dagbag.py:451} INFO - Filling up the DagBag from /Users/harry/.local/share/virtualenvs/rugby_data_project_airflow-d2RAFQI6/lib/python3.8/site-packages/airflow/example_dags/example_xcom.py
[2021-05-15 17:28:16,598] {scheduler_job.py:639} INFO - DAG(s) dict_keys(['example_xcom']) retrieved from /Users/harry/.local/share/virtualenvs/rugby_data_project_airflow-d2RAFQI6/lib/python3.8/site-packages/airflow/example_dags/example_xcom.py
[2021-05-15 17:28:16,619] {logging_mixin.py:104} INFO - [2021-05-15 17:28:16,619] {dag.py:1824} INFO - Sync 1 DAGs
[2021-05-15 17:28:16,624] {logging_mixin.py:104} INFO - [2021-05-15 17:28:16,624] {dag.py:2280} INFO - Setting next_dagrun for example_xcom to 2021-05-13 00:00:00+00:00
[2021-05-15 17:28:16,631] {scheduler_job.py:190} INFO - Processing /Users/harry/.local/share/virtualenvs/rugby_data_project_airflow-d2RAFQI6/lib/python3.8/site-packages/airflow/example_dags/example_xcom.py took 0.038 seconds
[2021-05-15 17:29:03,821] {scheduler_job.py:182} INFO - Started process (PID=20989) to work on /Users/harry/.local/share/virtualenvs/rugby_data_project_airflow-d2RAFQI6/lib/python3.8/site-packages/airflow/example_dags/example_xcom.py
[2021-05-15 17:29:03,822] {scheduler_job.py:629} INFO - Processing file /Users/harry/.local/share/virtualenvs/rugby_data_project_airflow-d2RAFQI6/lib/python3.8/site-packages/airflow/example_dags/example_xcom.py for tasks to queue
[2021-05-15 17:29:03,822] {logging_mixin.py:104} INFO - [2021-05-15 17:29:03,822] {dagbag.py:451} INFO - Filling up the DagBag from /Users/harry/.local/share/virtualenvs/rugby_data_project_airflow-d2RAFQI6/lib/python3.8/site-packages/airflow/example_dags/example_xcom.py
[2021-05-15 17:29:03,827] {scheduler_job.py:639} INFO - DAG(s) dict_keys(['example_xcom']) retrieved from /Users/harry/.local/share/virtualenvs/rugby_data_project_airflow-d2RAFQI6/lib/python3.8/site-packages/airflow/example_dags/example_xcom.py
[2021-05-15 17:29:03,850] {logging_mixin.py:104} INFO - [2021-05-15 17:29:03,850] {dag.py:1824} INFO - Sync 1 DAGs
[2021-05-15 17:29:03,856] {logging_mixin.py:104} INFO - [2021-05-15 17:29:03,856] {dag.py:2280} INFO - Setting next_dagrun for example_xcom to 2021-05-13 00:00:00+00:00
[2021-05-15 17:29:03,861] {scheduler_job.py:190} INFO - Processing /Users/harry/.local/share/virtualenvs/rugby_data_project_airflow-d2RAFQI6/lib/python3.8/site-packages/airflow/example_dags/example_xcom.py took 0.040 seconds
[2021-05-15 17:29:50,217] {scheduler_job.py:182} INFO - Started process (PID=21305) to work on /Users/harry/.local/share/virtualenvs/rugby_data_project_airflow-d2RAFQI6/lib/python3.8/site-packages/airflow/example_dags/example_xcom.py
[2021-05-15 17:29:50,217] {scheduler_job.py:629} INFO - Processing file /Users/harry/.local/share/virtualenvs/rugby_data_project_airflow-d2RAFQI6/lib/python3.8/site-packages/airflow/example_dags/example_xcom.py for tasks to queue
[2021-05-15 17:29:50,217] {logging_mixin.py:104} INFO - [2021-05-15 17:29:50,217] {dagbag.py:451} INFO - Filling up the DagBag from /Users/harry/.local/share/virtualenvs/rugby_data_project_airflow-d2RAFQI6/lib/python3.8/site-packages/airflow/example_dags/example_xcom.py
[2021-05-15 17:29:50,222] {scheduler_job.py:639} INFO - DAG(s) dict_keys(['example_xcom']) retrieved from /Users/harry/.local/share/virtualenvs/rugby_data_project_airflow-d2RAFQI6/lib/python3.8/site-packages/airflow/example_dags/example_xcom.py
[2021-05-15 17:29:50,247] {logging_mixin.py:104} INFO - [2021-05-15 17:29:50,246] {dag.py:1824} INFO - Sync 1 DAGs
[2021-05-15 17:29:50,252] {logging_mixin.py:104} INFO - [2021-05-15 17:29:50,252] {dag.py:2280} INFO - Setting next_dagrun for example_xcom to 2021-05-13 00:00:00+00:00
[2021-05-15 17:29:50,258] {scheduler_job.py:190} INFO - Processing /Users/harry/.local/share/virtualenvs/rugby_data_project_airflow-d2RAFQI6/lib/python3.8/site-packages/airflow/example_dags/example_xcom.py took 0.042 seconds
[2021-05-15 17:30:37,696] {scheduler_job.py:182} INFO - Started process (PID=21621) to work on /Users/harry/.local/share/virtualenvs/rugby_data_project_airflow-d2RAFQI6/lib/python3.8/site-packages/airflow/example_dags/example_xcom.py
[2021-05-15 17:30:37,697] {scheduler_job.py:629} INFO - Processing file /Users/harry/.local/share/virtualenvs/rugby_data_project_airflow-d2RAFQI6/lib/python3.8/site-packages/airflow/example_dags/example_xcom.py for tasks to queue
[2021-05-15 17:30:37,697] {logging_mixin.py:104} INFO - [2021-05-15 17:30:37,697] {dagbag.py:451} INFO - Filling up the DagBag from /Users/harry/.local/share/virtualenvs/rugby_data_project_airflow-d2RAFQI6/lib/python3.8/site-packages/airflow/example_dags/example_xcom.py
[2021-05-15 17:30:37,705] {scheduler_job.py:639} INFO - DAG(s) dict_keys(['example_xcom']) retrieved from /Users/harry/.local/share/virtualenvs/rugby_data_project_airflow-d2RAFQI6/lib/python3.8/site-packages/airflow/example_dags/example_xcom.py
[2021-05-15 17:30:37,744] {logging_mixin.py:104} INFO - [2021-05-15 17:30:37,744] {dag.py:1824} INFO - Sync 1 DAGs
[2021-05-15 17:30:37,753] {logging_mixin.py:104} INFO - [2021-05-15 17:30:37,753] {dag.py:2280} INFO - Setting next_dagrun for example_xcom to 2021-05-13 00:00:00+00:00
[2021-05-15 17:30:37,773] {scheduler_job.py:190} INFO - Processing /Users/harry/.local/share/virtualenvs/rugby_data_project_airflow-d2RAFQI6/lib/python3.8/site-packages/airflow/example_dags/example_xcom.py took 0.078 seconds
[2021-05-15 17:31:24,704] {scheduler_job.py:182} INFO - Started process (PID=21959) to work on /Users/harry/.local/share/virtualenvs/rugby_data_project_airflow-d2RAFQI6/lib/python3.8/site-packages/airflow/example_dags/example_xcom.py
[2021-05-15 17:31:24,706] {scheduler_job.py:629} INFO - Processing file /Users/harry/.local/share/virtualenvs/rugby_data_project_airflow-d2RAFQI6/lib/python3.8/site-packages/airflow/example_dags/example_xcom.py for tasks to queue
[2021-05-15 17:31:24,706] {logging_mixin.py:104} INFO - [2021-05-15 17:31:24,706] {dagbag.py:451} INFO - Filling up the DagBag from /Users/harry/.local/share/virtualenvs/rugby_data_project_airflow-d2RAFQI6/lib/python3.8/site-packages/airflow/example_dags/example_xcom.py
[2021-05-15 17:31:24,713] {scheduler_job.py:639} INFO - DAG(s) dict_keys(['example_xcom']) retrieved from /Users/harry/.local/share/virtualenvs/rugby_data_project_airflow-d2RAFQI6/lib/python3.8/site-packages/airflow/example_dags/example_xcom.py
[2021-05-15 17:31:24,738] {logging_mixin.py:104} INFO - [2021-05-15 17:31:24,738] {dag.py:1824} INFO - Sync 1 DAGs
[2021-05-15 17:31:24,743] {logging_mixin.py:104} INFO - [2021-05-15 17:31:24,743] {dag.py:2280} INFO - Setting next_dagrun for example_xcom to 2021-05-13 00:00:00+00:00
[2021-05-15 17:31:24,749] {scheduler_job.py:190} INFO - Processing /Users/harry/.local/share/virtualenvs/rugby_data_project_airflow-d2RAFQI6/lib/python3.8/site-packages/airflow/example_dags/example_xcom.py took 0.045 seconds
[2021-05-15 17:32:15,304] {scheduler_job.py:182} INFO - Started process (PID=22301) to work on /Users/harry/.local/share/virtualenvs/rugby_data_project_airflow-d2RAFQI6/lib/python3.8/site-packages/airflow/example_dags/example_xcom.py
[2021-05-15 17:32:15,304] {scheduler_job.py:629} INFO - Processing file /Users/harry/.local/share/virtualenvs/rugby_data_project_airflow-d2RAFQI6/lib/python3.8/site-packages/airflow/example_dags/example_xcom.py for tasks to queue
[2021-05-15 17:32:15,304] {logging_mixin.py:104} INFO - [2021-05-15 17:32:15,304] {dagbag.py:451} INFO - Filling up the DagBag from /Users/harry/.local/share/virtualenvs/rugby_data_project_airflow-d2RAFQI6/lib/python3.8/site-packages/airflow/example_dags/example_xcom.py
[2021-05-15 17:32:15,309] {scheduler_job.py:639} INFO - DAG(s) dict_keys(['example_xcom']) retrieved from /Users/harry/.local/share/virtualenvs/rugby_data_project_airflow-d2RAFQI6/lib/python3.8/site-packages/airflow/example_dags/example_xcom.py
[2021-05-15 17:32:15,330] {logging_mixin.py:104} INFO - [2021-05-15 17:32:15,330] {dag.py:1824} INFO - Sync 1 DAGs
[2021-05-15 17:32:15,335] {logging_mixin.py:104} INFO - [2021-05-15 17:32:15,335] {dag.py:2280} INFO - Setting next_dagrun for example_xcom to 2021-05-13 00:00:00+00:00
[2021-05-15 17:32:15,341] {scheduler_job.py:190} INFO - Processing /Users/harry/.local/share/virtualenvs/rugby_data_project_airflow-d2RAFQI6/lib/python3.8/site-packages/airflow/example_dags/example_xcom.py took 0.038 seconds
[2021-05-15 17:33:07,860] {scheduler_job.py:182} INFO - Started process (PID=22708) to work on /Users/harry/.local/share/virtualenvs/rugby_data_project_airflow-d2RAFQI6/lib/python3.8/site-packages/airflow/example_dags/example_xcom.py
[2021-05-15 17:33:07,860] {scheduler_job.py:629} INFO - Processing file /Users/harry/.local/share/virtualenvs/rugby_data_project_airflow-d2RAFQI6/lib/python3.8/site-packages/airflow/example_dags/example_xcom.py for tasks to queue
[2021-05-15 17:33:07,861] {logging_mixin.py:104} INFO - [2021-05-15 17:33:07,861] {dagbag.py:451} INFO - Filling up the DagBag from /Users/harry/.local/share/virtualenvs/rugby_data_project_airflow-d2RAFQI6/lib/python3.8/site-packages/airflow/example_dags/example_xcom.py
[2021-05-15 17:33:07,865] {scheduler_job.py:639} INFO - DAG(s) dict_keys(['example_xcom']) retrieved from /Users/harry/.local/share/virtualenvs/rugby_data_project_airflow-d2RAFQI6/lib/python3.8/site-packages/airflow/example_dags/example_xcom.py
[2021-05-15 17:33:07,888] {logging_mixin.py:104} INFO - [2021-05-15 17:33:07,888] {dag.py:1824} INFO - Sync 1 DAGs
[2021-05-15 17:33:07,894] {logging_mixin.py:104} INFO - [2021-05-15 17:33:07,894] {dag.py:2280} INFO - Setting next_dagrun for example_xcom to 2021-05-13 00:00:00+00:00
[2021-05-15 17:33:07,900] {scheduler_job.py:190} INFO - Processing /Users/harry/.local/share/virtualenvs/rugby_data_project_airflow-d2RAFQI6/lib/python3.8/site-packages/airflow/example_dags/example_xcom.py took 0.040 seconds
[2021-05-15 17:34:19,050] {scheduler_job.py:182} INFO - Started process (PID=23846) to work on /Users/harry/.local/share/virtualenvs/rugby_data_project_airflow-d2RAFQI6/lib/python3.8/site-packages/airflow/example_dags/example_xcom.py
[2021-05-15 17:34:19,050] {scheduler_job.py:629} INFO - Processing file /Users/harry/.local/share/virtualenvs/rugby_data_project_airflow-d2RAFQI6/lib/python3.8/site-packages/airflow/example_dags/example_xcom.py for tasks to queue
[2021-05-15 17:34:19,050] {logging_mixin.py:104} INFO - [2021-05-15 17:34:19,050] {dagbag.py:451} INFO - Filling up the DagBag from /Users/harry/.local/share/virtualenvs/rugby_data_project_airflow-d2RAFQI6/lib/python3.8/site-packages/airflow/example_dags/example_xcom.py
[2021-05-15 17:34:19,055] {scheduler_job.py:639} INFO - DAG(s) dict_keys(['example_xcom']) retrieved from /Users/harry/.local/share/virtualenvs/rugby_data_project_airflow-d2RAFQI6/lib/python3.8/site-packages/airflow/example_dags/example_xcom.py
[2021-05-15 17:34:19,078] {logging_mixin.py:104} INFO - [2021-05-15 17:34:19,077] {dag.py:1824} INFO - Sync 1 DAGs
[2021-05-15 17:34:19,083] {logging_mixin.py:104} INFO - [2021-05-15 17:34:19,083] {dag.py:2280} INFO - Setting next_dagrun for example_xcom to 2021-05-13 00:00:00+00:00
[2021-05-15 17:34:19,089] {scheduler_job.py:190} INFO - Processing /Users/harry/.local/share/virtualenvs/rugby_data_project_airflow-d2RAFQI6/lib/python3.8/site-packages/airflow/example_dags/example_xcom.py took 0.040 seconds
[2021-05-15 17:40:10,421] {scheduler_job.py:182} INFO - Started process (PID=27531) to work on /Users/harry/.local/share/virtualenvs/rugby_data_project_airflow-d2RAFQI6/lib/python3.8/site-packages/airflow/example_dags/example_xcom.py
[2021-05-15 17:40:10,422] {scheduler_job.py:629} INFO - Processing file /Users/harry/.local/share/virtualenvs/rugby_data_project_airflow-d2RAFQI6/lib/python3.8/site-packages/airflow/example_dags/example_xcom.py for tasks to queue
[2021-05-15 17:40:10,423] {logging_mixin.py:104} INFO - [2021-05-15 17:40:10,422] {dagbag.py:451} INFO - Filling up the DagBag from /Users/harry/.local/share/virtualenvs/rugby_data_project_airflow-d2RAFQI6/lib/python3.8/site-packages/airflow/example_dags/example_xcom.py
[2021-05-15 17:40:10,427] {scheduler_job.py:639} INFO - DAG(s) dict_keys(['example_xcom']) retrieved from /Users/harry/.local/share/virtualenvs/rugby_data_project_airflow-d2RAFQI6/lib/python3.8/site-packages/airflow/example_dags/example_xcom.py
[2021-05-15 17:40:10,451] {logging_mixin.py:104} INFO - [2021-05-15 17:40:10,450] {dag.py:1824} INFO - Sync 1 DAGs
[2021-05-15 17:40:10,456] {logging_mixin.py:104} INFO - [2021-05-15 17:40:10,456] {dag.py:2280} INFO - Setting next_dagrun for example_xcom to 2021-05-13 00:00:00+00:00
[2021-05-15 17:40:10,462] {scheduler_job.py:190} INFO - Processing /Users/harry/.local/share/virtualenvs/rugby_data_project_airflow-d2RAFQI6/lib/python3.8/site-packages/airflow/example_dags/example_xcom.py took 0.041 seconds
[2021-05-15 17:51:07,549] {scheduler_job.py:182} INFO - Started process (PID=31191) to work on /Users/harry/.local/share/virtualenvs/rugby_data_project_airflow-d2RAFQI6/lib/python3.8/site-packages/airflow/example_dags/example_xcom.py
[2021-05-15 17:51:07,550] {scheduler_job.py:629} INFO - Processing file /Users/harry/.local/share/virtualenvs/rugby_data_project_airflow-d2RAFQI6/lib/python3.8/site-packages/airflow/example_dags/example_xcom.py for tasks to queue
[2021-05-15 17:51:07,550] {logging_mixin.py:104} INFO - [2021-05-15 17:51:07,550] {dagbag.py:451} INFO - Filling up the DagBag from /Users/harry/.local/share/virtualenvs/rugby_data_project_airflow-d2RAFQI6/lib/python3.8/site-packages/airflow/example_dags/example_xcom.py
[2021-05-15 17:51:07,556] {scheduler_job.py:639} INFO - DAG(s) dict_keys(['example_xcom']) retrieved from /Users/harry/.local/share/virtualenvs/rugby_data_project_airflow-d2RAFQI6/lib/python3.8/site-packages/airflow/example_dags/example_xcom.py
[2021-05-15 17:51:07,581] {logging_mixin.py:104} INFO - [2021-05-15 17:51:07,581] {dag.py:1824} INFO - Sync 1 DAGs
[2021-05-15 17:51:07,587] {logging_mixin.py:104} INFO - [2021-05-15 17:51:07,586] {dag.py:2280} INFO - Setting next_dagrun for example_xcom to 2021-05-13 00:00:00+00:00
[2021-05-15 17:51:07,593] {scheduler_job.py:190} INFO - Processing /Users/harry/.local/share/virtualenvs/rugby_data_project_airflow-d2RAFQI6/lib/python3.8/site-packages/airflow/example_dags/example_xcom.py took 0.045 seconds
[2021-05-15 17:58:20,608] {scheduler_job.py:182} INFO - Started process (PID=34889) to work on /Users/harry/.local/share/virtualenvs/rugby_data_project_airflow-d2RAFQI6/lib/python3.8/site-packages/airflow/example_dags/example_xcom.py
[2021-05-15 17:58:20,610] {scheduler_job.py:629} INFO - Processing file /Users/harry/.local/share/virtualenvs/rugby_data_project_airflow-d2RAFQI6/lib/python3.8/site-packages/airflow/example_dags/example_xcom.py for tasks to queue
[2021-05-15 17:58:20,610] {logging_mixin.py:104} INFO - [2021-05-15 17:58:20,610] {dagbag.py:451} INFO - Filling up the DagBag from /Users/harry/.local/share/virtualenvs/rugby_data_project_airflow-d2RAFQI6/lib/python3.8/site-packages/airflow/example_dags/example_xcom.py
[2021-05-15 17:58:20,616] {scheduler_job.py:639} INFO - DAG(s) dict_keys(['example_xcom']) retrieved from /Users/harry/.local/share/virtualenvs/rugby_data_project_airflow-d2RAFQI6/lib/python3.8/site-packages/airflow/example_dags/example_xcom.py
[2021-05-15 17:58:20,639] {logging_mixin.py:104} INFO - [2021-05-15 17:58:20,639] {dag.py:1824} INFO - Sync 1 DAGs
[2021-05-15 17:58:20,644] {logging_mixin.py:104} INFO - [2021-05-15 17:58:20,644] {dag.py:2280} INFO - Setting next_dagrun for example_xcom to 2021-05-13 00:00:00+00:00
[2021-05-15 17:58:20,649] {scheduler_job.py:190} INFO - Processing /Users/harry/.local/share/virtualenvs/rugby_data_project_airflow-d2RAFQI6/lib/python3.8/site-packages/airflow/example_dags/example_xcom.py took 0.041 seconds
[2021-05-15 18:05:40,534] {scheduler_job.py:182} INFO - Started process (PID=38493) to work on /Users/harry/.local/share/virtualenvs/rugby_data_project_airflow-d2RAFQI6/lib/python3.8/site-packages/airflow/example_dags/example_xcom.py
[2021-05-15 18:05:40,534] {scheduler_job.py:629} INFO - Processing file /Users/harry/.local/share/virtualenvs/rugby_data_project_airflow-d2RAFQI6/lib/python3.8/site-packages/airflow/example_dags/example_xcom.py for tasks to queue
[2021-05-15 18:05:40,535] {logging_mixin.py:104} INFO - [2021-05-15 18:05:40,535] {dagbag.py:451} INFO - Filling up the DagBag from /Users/harry/.local/share/virtualenvs/rugby_data_project_airflow-d2RAFQI6/lib/python3.8/site-packages/airflow/example_dags/example_xcom.py
[2021-05-15 18:05:40,540] {scheduler_job.py:639} INFO - DAG(s) dict_keys(['example_xcom']) retrieved from /Users/harry/.local/share/virtualenvs/rugby_data_project_airflow-d2RAFQI6/lib/python3.8/site-packages/airflow/example_dags/example_xcom.py
[2021-05-15 18:05:40,563] {logging_mixin.py:104} INFO - [2021-05-15 18:05:40,562] {dag.py:1824} INFO - Sync 1 DAGs
[2021-05-15 18:05:40,568] {logging_mixin.py:104} INFO - [2021-05-15 18:05:40,568] {dag.py:2280} INFO - Setting next_dagrun for example_xcom to 2021-05-13 00:00:00+00:00
[2021-05-15 18:05:40,573] {scheduler_job.py:190} INFO - Processing /Users/harry/.local/share/virtualenvs/rugby_data_project_airflow-d2RAFQI6/lib/python3.8/site-packages/airflow/example_dags/example_xcom.py took 0.040 seconds
[2021-05-15 18:19:29,840] {scheduler_job.py:182} INFO - Started process (PID=42141) to work on /Users/harry/.local/share/virtualenvs/rugby_data_project_airflow-d2RAFQI6/lib/python3.8/site-packages/airflow/example_dags/example_xcom.py
[2021-05-15 18:19:29,841] {scheduler_job.py:629} INFO - Processing file /Users/harry/.local/share/virtualenvs/rugby_data_project_airflow-d2RAFQI6/lib/python3.8/site-packages/airflow/example_dags/example_xcom.py for tasks to queue
[2021-05-15 18:19:29,841] {logging_mixin.py:104} INFO - [2021-05-15 18:19:29,841] {dagbag.py:451} INFO - Filling up the DagBag from /Users/harry/.local/share/virtualenvs/rugby_data_project_airflow-d2RAFQI6/lib/python3.8/site-packages/airflow/example_dags/example_xcom.py
[2021-05-15 18:19:29,847] {scheduler_job.py:639} INFO - DAG(s) dict_keys(['example_xcom']) retrieved from /Users/harry/.local/share/virtualenvs/rugby_data_project_airflow-d2RAFQI6/lib/python3.8/site-packages/airflow/example_dags/example_xcom.py
[2021-05-15 18:19:29,868] {logging_mixin.py:104} INFO - [2021-05-15 18:19:29,868] {dag.py:1824} INFO - Sync 1 DAGs
[2021-05-15 18:19:29,873] {logging_mixin.py:104} INFO - [2021-05-15 18:19:29,873] {dag.py:2280} INFO - Setting next_dagrun for example_xcom to 2021-05-13 00:00:00+00:00
[2021-05-15 18:19:29,879] {scheduler_job.py:190} INFO - Processing /Users/harry/.local/share/virtualenvs/rugby_data_project_airflow-d2RAFQI6/lib/python3.8/site-packages/airflow/example_dags/example_xcom.py took 0.039 seconds
[2021-05-15 18:26:44,887] {scheduler_job.py:182} INFO - Started process (PID=45748) to work on /Users/harry/.local/share/virtualenvs/rugby_data_project_airflow-d2RAFQI6/lib/python3.8/site-packages/airflow/example_dags/example_xcom.py
[2021-05-15 18:26:44,888] {scheduler_job.py:629} INFO - Processing file /Users/harry/.local/share/virtualenvs/rugby_data_project_airflow-d2RAFQI6/lib/python3.8/site-packages/airflow/example_dags/example_xcom.py for tasks to queue
[2021-05-15 18:26:44,889] {logging_mixin.py:104} INFO - [2021-05-15 18:26:44,889] {dagbag.py:451} INFO - Filling up the DagBag from /Users/harry/.local/share/virtualenvs/rugby_data_project_airflow-d2RAFQI6/lib/python3.8/site-packages/airflow/example_dags/example_xcom.py
[2021-05-15 18:26:44,894] {scheduler_job.py:639} INFO - DAG(s) dict_keys(['example_xcom']) retrieved from /Users/harry/.local/share/virtualenvs/rugby_data_project_airflow-d2RAFQI6/lib/python3.8/site-packages/airflow/example_dags/example_xcom.py
[2021-05-15 18:26:44,915] {logging_mixin.py:104} INFO - [2021-05-15 18:26:44,915] {dag.py:1824} INFO - Sync 1 DAGs
[2021-05-15 18:26:44,920] {logging_mixin.py:104} INFO - [2021-05-15 18:26:44,920] {dag.py:2280} INFO - Setting next_dagrun for example_xcom to 2021-05-13 00:00:00+00:00
[2021-05-15 18:26:44,925] {scheduler_job.py:190} INFO - Processing /Users/harry/.local/share/virtualenvs/rugby_data_project_airflow-d2RAFQI6/lib/python3.8/site-packages/airflow/example_dags/example_xcom.py took 0.039 seconds
[2021-05-15 18:33:46,205] {scheduler_job.py:182} INFO - Started process (PID=49112) to work on /Users/harry/.local/share/virtualenvs/rugby_data_project_airflow-d2RAFQI6/lib/python3.8/site-packages/airflow/example_dags/example_xcom.py
[2021-05-15 18:33:46,206] {scheduler_job.py:629} INFO - Processing file /Users/harry/.local/share/virtualenvs/rugby_data_project_airflow-d2RAFQI6/lib/python3.8/site-packages/airflow/example_dags/example_xcom.py for tasks to queue
[2021-05-15 18:33:46,207] {logging_mixin.py:104} INFO - [2021-05-15 18:33:46,207] {dagbag.py:451} INFO - Filling up the DagBag from /Users/harry/.local/share/virtualenvs/rugby_data_project_airflow-d2RAFQI6/lib/python3.8/site-packages/airflow/example_dags/example_xcom.py
[2021-05-15 18:33:46,218] {scheduler_job.py:639} INFO - DAG(s) dict_keys(['example_xcom']) retrieved from /Users/harry/.local/share/virtualenvs/rugby_data_project_airflow-d2RAFQI6/lib/python3.8/site-packages/airflow/example_dags/example_xcom.py
[2021-05-15 18:33:46,247] {logging_mixin.py:104} INFO - [2021-05-15 18:33:46,246] {dag.py:1824} INFO - Sync 1 DAGs
[2021-05-15 18:33:46,252] {logging_mixin.py:104} INFO - [2021-05-15 18:33:46,252] {dag.py:2280} INFO - Setting next_dagrun for example_xcom to 2021-05-13 00:00:00+00:00
[2021-05-15 18:33:46,261] {scheduler_job.py:190} INFO - Processing /Users/harry/.local/share/virtualenvs/rugby_data_project_airflow-d2RAFQI6/lib/python3.8/site-packages/airflow/example_dags/example_xcom.py took 0.057 seconds
[2021-05-15 18:52:33,443] {scheduler_job.py:182} INFO - Started process (PID=52817) to work on /Users/harry/.local/share/virtualenvs/rugby_data_project_airflow-d2RAFQI6/lib/python3.8/site-packages/airflow/example_dags/example_xcom.py
[2021-05-15 18:52:33,444] {scheduler_job.py:629} INFO - Processing file /Users/harry/.local/share/virtualenvs/rugby_data_project_airflow-d2RAFQI6/lib/python3.8/site-packages/airflow/example_dags/example_xcom.py for tasks to queue
[2021-05-15 18:52:33,445] {logging_mixin.py:104} INFO - [2021-05-15 18:52:33,445] {dagbag.py:451} INFO - Filling up the DagBag from /Users/harry/.local/share/virtualenvs/rugby_data_project_airflow-d2RAFQI6/lib/python3.8/site-packages/airflow/example_dags/example_xcom.py
[2021-05-15 18:52:33,450] {scheduler_job.py:639} INFO - DAG(s) dict_keys(['example_xcom']) retrieved from /Users/harry/.local/share/virtualenvs/rugby_data_project_airflow-d2RAFQI6/lib/python3.8/site-packages/airflow/example_dags/example_xcom.py
[2021-05-15 18:52:33,472] {logging_mixin.py:104} INFO - [2021-05-15 18:52:33,472] {dag.py:1824} INFO - Sync 1 DAGs
[2021-05-15 18:52:33,477] {logging_mixin.py:104} INFO - [2021-05-15 18:52:33,477] {dag.py:2280} INFO - Setting next_dagrun for example_xcom to 2021-05-13 00:00:00+00:00
[2021-05-15 18:52:33,483] {scheduler_job.py:190} INFO - Processing /Users/harry/.local/share/virtualenvs/rugby_data_project_airflow-d2RAFQI6/lib/python3.8/site-packages/airflow/example_dags/example_xcom.py took 0.040 seconds
[2021-05-15 19:00:12,833] {scheduler_job.py:182} INFO - Started process (PID=56607) to work on /Users/harry/.local/share/virtualenvs/rugby_data_project_airflow-d2RAFQI6/lib/python3.8/site-packages/airflow/example_dags/example_xcom.py
[2021-05-15 19:00:12,834] {scheduler_job.py:629} INFO - Processing file /Users/harry/.local/share/virtualenvs/rugby_data_project_airflow-d2RAFQI6/lib/python3.8/site-packages/airflow/example_dags/example_xcom.py for tasks to queue
[2021-05-15 19:00:12,835] {logging_mixin.py:104} INFO - [2021-05-15 19:00:12,835] {dagbag.py:451} INFO - Filling up the DagBag from /Users/harry/.local/share/virtualenvs/rugby_data_project_airflow-d2RAFQI6/lib/python3.8/site-packages/airflow/example_dags/example_xcom.py
[2021-05-15 19:00:12,840] {scheduler_job.py:639} INFO - DAG(s) dict_keys(['example_xcom']) retrieved from /Users/harry/.local/share/virtualenvs/rugby_data_project_airflow-d2RAFQI6/lib/python3.8/site-packages/airflow/example_dags/example_xcom.py
[2021-05-15 19:00:12,866] {logging_mixin.py:104} INFO - [2021-05-15 19:00:12,865] {dag.py:1824} INFO - Sync 1 DAGs
[2021-05-15 19:00:12,871] {logging_mixin.py:104} INFO - [2021-05-15 19:00:12,871] {dag.py:2280} INFO - Setting next_dagrun for example_xcom to 2021-05-13 00:00:00+00:00
[2021-05-15 19:00:12,877] {scheduler_job.py:190} INFO - Processing /Users/harry/.local/share/virtualenvs/rugby_data_project_airflow-d2RAFQI6/lib/python3.8/site-packages/airflow/example_dags/example_xcom.py took 0.044 seconds
[2021-05-15 19:07:32,006] {scheduler_job.py:182} INFO - Started process (PID=60262) to work on /Users/harry/.local/share/virtualenvs/rugby_data_project_airflow-d2RAFQI6/lib/python3.8/site-packages/airflow/example_dags/example_xcom.py
[2021-05-15 19:07:32,007] {scheduler_job.py:629} INFO - Processing file /Users/harry/.local/share/virtualenvs/rugby_data_project_airflow-d2RAFQI6/lib/python3.8/site-packages/airflow/example_dags/example_xcom.py for tasks to queue
[2021-05-15 19:07:32,008] {logging_mixin.py:104} INFO - [2021-05-15 19:07:32,008] {dagbag.py:451} INFO - Filling up the DagBag from /Users/harry/.local/share/virtualenvs/rugby_data_project_airflow-d2RAFQI6/lib/python3.8/site-packages/airflow/example_dags/example_xcom.py
[2021-05-15 19:07:32,013] {scheduler_job.py:639} INFO - DAG(s) dict_keys(['example_xcom']) retrieved from /Users/harry/.local/share/virtualenvs/rugby_data_project_airflow-d2RAFQI6/lib/python3.8/site-packages/airflow/example_dags/example_xcom.py
[2021-05-15 19:07:32,036] {logging_mixin.py:104} INFO - [2021-05-15 19:07:32,036] {dag.py:1824} INFO - Sync 1 DAGs
[2021-05-15 19:07:32,042] {logging_mixin.py:104} INFO - [2021-05-15 19:07:32,042] {dag.py:2280} INFO - Setting next_dagrun for example_xcom to 2021-05-13 00:00:00+00:00
[2021-05-15 19:07:32,048] {scheduler_job.py:190} INFO - Processing /Users/harry/.local/share/virtualenvs/rugby_data_project_airflow-d2RAFQI6/lib/python3.8/site-packages/airflow/example_dags/example_xcom.py took 0.042 seconds
[2021-05-15 20:26:42,739] {scheduler_job.py:182} INFO - Started process (PID=65658) to work on /Users/harry/.local/share/virtualenvs/rugby_data_project_airflow-d2RAFQI6/lib/python3.8/site-packages/airflow/example_dags/example_xcom.py
[2021-05-15 20:26:42,740] {scheduler_job.py:629} INFO - Processing file /Users/harry/.local/share/virtualenvs/rugby_data_project_airflow-d2RAFQI6/lib/python3.8/site-packages/airflow/example_dags/example_xcom.py for tasks to queue
[2021-05-15 20:26:42,740] {logging_mixin.py:104} INFO - [2021-05-15 20:26:42,740] {dagbag.py:451} INFO - Filling up the DagBag from /Users/harry/.local/share/virtualenvs/rugby_data_project_airflow-d2RAFQI6/lib/python3.8/site-packages/airflow/example_dags/example_xcom.py
[2021-05-15 20:26:42,745] {scheduler_job.py:639} INFO - DAG(s) dict_keys(['example_xcom']) retrieved from /Users/harry/.local/share/virtualenvs/rugby_data_project_airflow-d2RAFQI6/lib/python3.8/site-packages/airflow/example_dags/example_xcom.py
[2021-05-15 20:26:42,769] {logging_mixin.py:104} INFO - [2021-05-15 20:26:42,769] {dag.py:1824} INFO - Sync 1 DAGs
[2021-05-15 20:26:42,776] {logging_mixin.py:104} INFO - [2021-05-15 20:26:42,776] {dag.py:2280} INFO - Setting next_dagrun for example_xcom to 2021-05-13 00:00:00+00:00
[2021-05-15 20:26:42,782] {scheduler_job.py:190} INFO - Processing /Users/harry/.local/share/virtualenvs/rugby_data_project_airflow-d2RAFQI6/lib/python3.8/site-packages/airflow/example_dags/example_xcom.py took 0.043 seconds
[2021-05-15 20:33:58,053] {scheduler_job.py:182} INFO - Started process (PID=69185) to work on /Users/harry/.local/share/virtualenvs/rugby_data_project_airflow-d2RAFQI6/lib/python3.8/site-packages/airflow/example_dags/example_xcom.py
[2021-05-15 20:33:58,054] {scheduler_job.py:629} INFO - Processing file /Users/harry/.local/share/virtualenvs/rugby_data_project_airflow-d2RAFQI6/lib/python3.8/site-packages/airflow/example_dags/example_xcom.py for tasks to queue
[2021-05-15 20:33:58,055] {logging_mixin.py:104} INFO - [2021-05-15 20:33:58,055] {dagbag.py:451} INFO - Filling up the DagBag from /Users/harry/.local/share/virtualenvs/rugby_data_project_airflow-d2RAFQI6/lib/python3.8/site-packages/airflow/example_dags/example_xcom.py
[2021-05-15 20:33:58,061] {scheduler_job.py:639} INFO - DAG(s) dict_keys(['example_xcom']) retrieved from /Users/harry/.local/share/virtualenvs/rugby_data_project_airflow-d2RAFQI6/lib/python3.8/site-packages/airflow/example_dags/example_xcom.py
[2021-05-15 20:33:58,084] {logging_mixin.py:104} INFO - [2021-05-15 20:33:58,084] {dag.py:1824} INFO - Sync 1 DAGs
[2021-05-15 20:33:58,090] {logging_mixin.py:104} INFO - [2021-05-15 20:33:58,090] {dag.py:2280} INFO - Setting next_dagrun for example_xcom to 2021-05-13 00:00:00+00:00
[2021-05-15 20:33:58,095] {scheduler_job.py:190} INFO - Processing /Users/harry/.local/share/virtualenvs/rugby_data_project_airflow-d2RAFQI6/lib/python3.8/site-packages/airflow/example_dags/example_xcom.py took 0.043 seconds
[2021-05-15 20:52:14,880] {scheduler_job.py:182} INFO - Started process (PID=73013) to work on /Users/harry/.local/share/virtualenvs/rugby_data_project_airflow-d2RAFQI6/lib/python3.8/site-packages/airflow/example_dags/example_xcom.py
[2021-05-15 20:52:14,881] {scheduler_job.py:629} INFO - Processing file /Users/harry/.local/share/virtualenvs/rugby_data_project_airflow-d2RAFQI6/lib/python3.8/site-packages/airflow/example_dags/example_xcom.py for tasks to queue
[2021-05-15 20:52:14,882] {logging_mixin.py:104} INFO - [2021-05-15 20:52:14,882] {dagbag.py:451} INFO - Filling up the DagBag from /Users/harry/.local/share/virtualenvs/rugby_data_project_airflow-d2RAFQI6/lib/python3.8/site-packages/airflow/example_dags/example_xcom.py
[2021-05-15 20:52:14,887] {scheduler_job.py:639} INFO - DAG(s) dict_keys(['example_xcom']) retrieved from /Users/harry/.local/share/virtualenvs/rugby_data_project_airflow-d2RAFQI6/lib/python3.8/site-packages/airflow/example_dags/example_xcom.py
[2021-05-15 20:52:14,910] {logging_mixin.py:104} INFO - [2021-05-15 20:52:14,910] {dag.py:1824} INFO - Sync 1 DAGs
[2021-05-15 20:52:14,915] {logging_mixin.py:104} INFO - [2021-05-15 20:52:14,915] {dag.py:2280} INFO - Setting next_dagrun for example_xcom to 2021-05-13 00:00:00+00:00
[2021-05-15 20:52:14,921] {scheduler_job.py:190} INFO - Processing /Users/harry/.local/share/virtualenvs/rugby_data_project_airflow-d2RAFQI6/lib/python3.8/site-packages/airflow/example_dags/example_xcom.py took 0.041 seconds
[2021-05-15 20:59:37,476] {scheduler_job.py:182} INFO - Started process (PID=76762) to work on /Users/harry/.local/share/virtualenvs/rugby_data_project_airflow-d2RAFQI6/lib/python3.8/site-packages/airflow/example_dags/example_xcom.py
[2021-05-15 20:59:37,477] {scheduler_job.py:629} INFO - Processing file /Users/harry/.local/share/virtualenvs/rugby_data_project_airflow-d2RAFQI6/lib/python3.8/site-packages/airflow/example_dags/example_xcom.py for tasks to queue
[2021-05-15 20:59:37,477] {logging_mixin.py:104} INFO - [2021-05-15 20:59:37,477] {dagbag.py:451} INFO - Filling up the DagBag from /Users/harry/.local/share/virtualenvs/rugby_data_project_airflow-d2RAFQI6/lib/python3.8/site-packages/airflow/example_dags/example_xcom.py
[2021-05-15 20:59:37,483] {scheduler_job.py:639} INFO - DAG(s) dict_keys(['example_xcom']) retrieved from /Users/harry/.local/share/virtualenvs/rugby_data_project_airflow-d2RAFQI6/lib/python3.8/site-packages/airflow/example_dags/example_xcom.py
[2021-05-15 20:59:37,505] {logging_mixin.py:104} INFO - [2021-05-15 20:59:37,505] {dag.py:1824} INFO - Sync 1 DAGs
[2021-05-15 20:59:37,512] {logging_mixin.py:104} INFO - [2021-05-15 20:59:37,512] {dag.py:2280} INFO - Setting next_dagrun for example_xcom to 2021-05-13 00:00:00+00:00
[2021-05-15 20:59:37,517] {scheduler_job.py:190} INFO - Processing /Users/harry/.local/share/virtualenvs/rugby_data_project_airflow-d2RAFQI6/lib/python3.8/site-packages/airflow/example_dags/example_xcom.py took 0.042 seconds
[2021-05-15 21:06:52,167] {scheduler_job.py:182} INFO - Started process (PID=80369) to work on /Users/harry/.local/share/virtualenvs/rugby_data_project_airflow-d2RAFQI6/lib/python3.8/site-packages/airflow/example_dags/example_xcom.py
[2021-05-15 21:06:52,169] {scheduler_job.py:629} INFO - Processing file /Users/harry/.local/share/virtualenvs/rugby_data_project_airflow-d2RAFQI6/lib/python3.8/site-packages/airflow/example_dags/example_xcom.py for tasks to queue
[2021-05-15 21:06:52,169] {logging_mixin.py:104} INFO - [2021-05-15 21:06:52,169] {dagbag.py:451} INFO - Filling up the DagBag from /Users/harry/.local/share/virtualenvs/rugby_data_project_airflow-d2RAFQI6/lib/python3.8/site-packages/airflow/example_dags/example_xcom.py
[2021-05-15 21:06:52,175] {scheduler_job.py:639} INFO - DAG(s) dict_keys(['example_xcom']) retrieved from /Users/harry/.local/share/virtualenvs/rugby_data_project_airflow-d2RAFQI6/lib/python3.8/site-packages/airflow/example_dags/example_xcom.py
[2021-05-15 21:06:52,197] {logging_mixin.py:104} INFO - [2021-05-15 21:06:52,197] {dag.py:1824} INFO - Sync 1 DAGs
[2021-05-15 21:06:52,202] {logging_mixin.py:104} INFO - [2021-05-15 21:06:52,202] {dag.py:2280} INFO - Setting next_dagrun for example_xcom to 2021-05-13 00:00:00+00:00
[2021-05-15 21:06:52,208] {scheduler_job.py:190} INFO - Processing /Users/harry/.local/share/virtualenvs/rugby_data_project_airflow-d2RAFQI6/lib/python3.8/site-packages/airflow/example_dags/example_xcom.py took 0.041 seconds
[2021-05-15 21:14:07,563] {scheduler_job.py:182} INFO - Started process (PID=84043) to work on /Users/harry/.local/share/virtualenvs/rugby_data_project_airflow-d2RAFQI6/lib/python3.8/site-packages/airflow/example_dags/example_xcom.py
[2021-05-15 21:14:07,564] {scheduler_job.py:629} INFO - Processing file /Users/harry/.local/share/virtualenvs/rugby_data_project_airflow-d2RAFQI6/lib/python3.8/site-packages/airflow/example_dags/example_xcom.py for tasks to queue
[2021-05-15 21:14:07,564] {logging_mixin.py:104} INFO - [2021-05-15 21:14:07,564] {dagbag.py:451} INFO - Filling up the DagBag from /Users/harry/.local/share/virtualenvs/rugby_data_project_airflow-d2RAFQI6/lib/python3.8/site-packages/airflow/example_dags/example_xcom.py
[2021-05-15 21:14:07,570] {scheduler_job.py:639} INFO - DAG(s) dict_keys(['example_xcom']) retrieved from /Users/harry/.local/share/virtualenvs/rugby_data_project_airflow-d2RAFQI6/lib/python3.8/site-packages/airflow/example_dags/example_xcom.py
[2021-05-15 21:14:07,596] {logging_mixin.py:104} INFO - [2021-05-15 21:14:07,596] {dag.py:1824} INFO - Sync 1 DAGs
[2021-05-15 21:14:07,602] {logging_mixin.py:104} INFO - [2021-05-15 21:14:07,602] {dag.py:2280} INFO - Setting next_dagrun for example_xcom to 2021-05-13 00:00:00+00:00
[2021-05-15 21:14:07,608] {scheduler_job.py:190} INFO - Processing /Users/harry/.local/share/virtualenvs/rugby_data_project_airflow-d2RAFQI6/lib/python3.8/site-packages/airflow/example_dags/example_xcom.py took 0.046 seconds
[2021-05-15 21:21:19,944] {scheduler_job.py:182} INFO - Started process (PID=87582) to work on /Users/harry/.local/share/virtualenvs/rugby_data_project_airflow-d2RAFQI6/lib/python3.8/site-packages/airflow/example_dags/example_xcom.py
[2021-05-15 21:21:19,945] {scheduler_job.py:629} INFO - Processing file /Users/harry/.local/share/virtualenvs/rugby_data_project_airflow-d2RAFQI6/lib/python3.8/site-packages/airflow/example_dags/example_xcom.py for tasks to queue
[2021-05-15 21:21:19,946] {logging_mixin.py:104} INFO - [2021-05-15 21:21:19,946] {dagbag.py:451} INFO - Filling up the DagBag from /Users/harry/.local/share/virtualenvs/rugby_data_project_airflow-d2RAFQI6/lib/python3.8/site-packages/airflow/example_dags/example_xcom.py
[2021-05-15 21:21:19,951] {scheduler_job.py:639} INFO - DAG(s) dict_keys(['example_xcom']) retrieved from /Users/harry/.local/share/virtualenvs/rugby_data_project_airflow-d2RAFQI6/lib/python3.8/site-packages/airflow/example_dags/example_xcom.py
[2021-05-15 21:21:19,974] {logging_mixin.py:104} INFO - [2021-05-15 21:21:19,974] {dag.py:1824} INFO - Sync 1 DAGs
[2021-05-15 21:21:19,979] {logging_mixin.py:104} INFO - [2021-05-15 21:21:19,979] {dag.py:2280} INFO - Setting next_dagrun for example_xcom to 2021-05-13 00:00:00+00:00
[2021-05-15 21:21:19,985] {scheduler_job.py:190} INFO - Processing /Users/harry/.local/share/virtualenvs/rugby_data_project_airflow-d2RAFQI6/lib/python3.8/site-packages/airflow/example_dags/example_xcom.py took 0.041 seconds
[2021-05-15 21:28:33,767] {scheduler_job.py:182} INFO - Started process (PID=91241) to work on /Users/harry/.local/share/virtualenvs/rugby_data_project_airflow-d2RAFQI6/lib/python3.8/site-packages/airflow/example_dags/example_xcom.py
[2021-05-15 21:28:33,768] {scheduler_job.py:629} INFO - Processing file /Users/harry/.local/share/virtualenvs/rugby_data_project_airflow-d2RAFQI6/lib/python3.8/site-packages/airflow/example_dags/example_xcom.py for tasks to queue
[2021-05-15 21:28:33,769] {logging_mixin.py:104} INFO - [2021-05-15 21:28:33,769] {dagbag.py:451} INFO - Filling up the DagBag from /Users/harry/.local/share/virtualenvs/rugby_data_project_airflow-d2RAFQI6/lib/python3.8/site-packages/airflow/example_dags/example_xcom.py
[2021-05-15 21:28:33,774] {scheduler_job.py:639} INFO - DAG(s) dict_keys(['example_xcom']) retrieved from /Users/harry/.local/share/virtualenvs/rugby_data_project_airflow-d2RAFQI6/lib/python3.8/site-packages/airflow/example_dags/example_xcom.py
[2021-05-15 21:28:33,797] {logging_mixin.py:104} INFO - [2021-05-15 21:28:33,797] {dag.py:1824} INFO - Sync 1 DAGs
[2021-05-15 21:28:33,802] {logging_mixin.py:104} INFO - [2021-05-15 21:28:33,802] {dag.py:2280} INFO - Setting next_dagrun for example_xcom to 2021-05-13 00:00:00+00:00
[2021-05-15 21:28:33,807] {scheduler_job.py:190} INFO - Processing /Users/harry/.local/share/virtualenvs/rugby_data_project_airflow-d2RAFQI6/lib/python3.8/site-packages/airflow/example_dags/example_xcom.py took 0.041 seconds
[2021-05-15 21:35:59,951] {scheduler_job.py:182} INFO - Started process (PID=95049) to work on /Users/harry/.local/share/virtualenvs/rugby_data_project_airflow-d2RAFQI6/lib/python3.8/site-packages/airflow/example_dags/example_xcom.py
[2021-05-15 21:35:59,952] {scheduler_job.py:629} INFO - Processing file /Users/harry/.local/share/virtualenvs/rugby_data_project_airflow-d2RAFQI6/lib/python3.8/site-packages/airflow/example_dags/example_xcom.py for tasks to queue
[2021-05-15 21:35:59,952] {logging_mixin.py:104} INFO - [2021-05-15 21:35:59,952] {dagbag.py:451} INFO - Filling up the DagBag from /Users/harry/.local/share/virtualenvs/rugby_data_project_airflow-d2RAFQI6/lib/python3.8/site-packages/airflow/example_dags/example_xcom.py
[2021-05-15 21:35:59,957] {scheduler_job.py:639} INFO - DAG(s) dict_keys(['example_xcom']) retrieved from /Users/harry/.local/share/virtualenvs/rugby_data_project_airflow-d2RAFQI6/lib/python3.8/site-packages/airflow/example_dags/example_xcom.py
[2021-05-15 21:35:59,980] {logging_mixin.py:104} INFO - [2021-05-15 21:35:59,980] {dag.py:1824} INFO - Sync 1 DAGs
[2021-05-15 21:35:59,985] {logging_mixin.py:104} INFO - [2021-05-15 21:35:59,985] {dag.py:2280} INFO - Setting next_dagrun for example_xcom to 2021-05-13 00:00:00+00:00
[2021-05-15 21:35:59,991] {scheduler_job.py:190} INFO - Processing /Users/harry/.local/share/virtualenvs/rugby_data_project_airflow-d2RAFQI6/lib/python3.8/site-packages/airflow/example_dags/example_xcom.py took 0.041 seconds
[2021-05-15 21:43:09,874] {scheduler_job.py:182} INFO - Started process (PID=98542) to work on /Users/harry/.local/share/virtualenvs/rugby_data_project_airflow-d2RAFQI6/lib/python3.8/site-packages/airflow/example_dags/example_xcom.py
[2021-05-15 21:43:09,875] {scheduler_job.py:629} INFO - Processing file /Users/harry/.local/share/virtualenvs/rugby_data_project_airflow-d2RAFQI6/lib/python3.8/site-packages/airflow/example_dags/example_xcom.py for tasks to queue
[2021-05-15 21:43:09,875] {logging_mixin.py:104} INFO - [2021-05-15 21:43:09,875] {dagbag.py:451} INFO - Filling up the DagBag from /Users/harry/.local/share/virtualenvs/rugby_data_project_airflow-d2RAFQI6/lib/python3.8/site-packages/airflow/example_dags/example_xcom.py
[2021-05-15 21:43:09,881] {scheduler_job.py:639} INFO - DAG(s) dict_keys(['example_xcom']) retrieved from /Users/harry/.local/share/virtualenvs/rugby_data_project_airflow-d2RAFQI6/lib/python3.8/site-packages/airflow/example_dags/example_xcom.py
[2021-05-15 21:43:09,904] {logging_mixin.py:104} INFO - [2021-05-15 21:43:09,904] {dag.py:1824} INFO - Sync 1 DAGs
[2021-05-15 21:43:09,909] {logging_mixin.py:104} INFO - [2021-05-15 21:43:09,909] {dag.py:2280} INFO - Setting next_dagrun for example_xcom to 2021-05-13 00:00:00+00:00
[2021-05-15 21:43:09,914] {scheduler_job.py:190} INFO - Processing /Users/harry/.local/share/virtualenvs/rugby_data_project_airflow-d2RAFQI6/lib/python3.8/site-packages/airflow/example_dags/example_xcom.py took 0.041 seconds
[2021-05-15 21:50:27,550] {scheduler_job.py:182} INFO - Started process (PID=2606) to work on /Users/harry/.local/share/virtualenvs/rugby_data_project_airflow-d2RAFQI6/lib/python3.8/site-packages/airflow/example_dags/example_xcom.py
[2021-05-15 21:50:27,551] {scheduler_job.py:629} INFO - Processing file /Users/harry/.local/share/virtualenvs/rugby_data_project_airflow-d2RAFQI6/lib/python3.8/site-packages/airflow/example_dags/example_xcom.py for tasks to queue
[2021-05-15 21:50:27,551] {logging_mixin.py:104} INFO - [2021-05-15 21:50:27,551] {dagbag.py:451} INFO - Filling up the DagBag from /Users/harry/.local/share/virtualenvs/rugby_data_project_airflow-d2RAFQI6/lib/python3.8/site-packages/airflow/example_dags/example_xcom.py
[2021-05-15 21:50:27,556] {scheduler_job.py:639} INFO - DAG(s) dict_keys(['example_xcom']) retrieved from /Users/harry/.local/share/virtualenvs/rugby_data_project_airflow-d2RAFQI6/lib/python3.8/site-packages/airflow/example_dags/example_xcom.py
[2021-05-15 21:50:27,579] {logging_mixin.py:104} INFO - [2021-05-15 21:50:27,579] {dag.py:1824} INFO - Sync 1 DAGs
[2021-05-15 21:50:27,584] {logging_mixin.py:104} INFO - [2021-05-15 21:50:27,584] {dag.py:2280} INFO - Setting next_dagrun for example_xcom to 2021-05-13 00:00:00+00:00
[2021-05-15 21:50:27,589] {scheduler_job.py:190} INFO - Processing /Users/harry/.local/share/virtualenvs/rugby_data_project_airflow-d2RAFQI6/lib/python3.8/site-packages/airflow/example_dags/example_xcom.py took 0.040 seconds
[2021-05-15 21:57:50,181] {scheduler_job.py:182} INFO - Started process (PID=6278) to work on /Users/harry/.local/share/virtualenvs/rugby_data_project_airflow-d2RAFQI6/lib/python3.8/site-packages/airflow/example_dags/example_xcom.py
[2021-05-15 21:57:50,182] {scheduler_job.py:629} INFO - Processing file /Users/harry/.local/share/virtualenvs/rugby_data_project_airflow-d2RAFQI6/lib/python3.8/site-packages/airflow/example_dags/example_xcom.py for tasks to queue
[2021-05-15 21:57:50,183] {logging_mixin.py:104} INFO - [2021-05-15 21:57:50,182] {dagbag.py:451} INFO - Filling up the DagBag from /Users/harry/.local/share/virtualenvs/rugby_data_project_airflow-d2RAFQI6/lib/python3.8/site-packages/airflow/example_dags/example_xcom.py
[2021-05-15 21:57:50,190] {scheduler_job.py:639} INFO - DAG(s) dict_keys(['example_xcom']) retrieved from /Users/harry/.local/share/virtualenvs/rugby_data_project_airflow-d2RAFQI6/lib/python3.8/site-packages/airflow/example_dags/example_xcom.py
[2021-05-15 21:57:50,218] {logging_mixin.py:104} INFO - [2021-05-15 21:57:50,217] {dag.py:1824} INFO - Sync 1 DAGs
[2021-05-15 21:57:50,223] {logging_mixin.py:104} INFO - [2021-05-15 21:57:50,223] {dag.py:2280} INFO - Setting next_dagrun for example_xcom to 2021-05-13 00:00:00+00:00
[2021-05-15 21:57:50,228] {scheduler_job.py:190} INFO - Processing /Users/harry/.local/share/virtualenvs/rugby_data_project_airflow-d2RAFQI6/lib/python3.8/site-packages/airflow/example_dags/example_xcom.py took 0.048 seconds
[2021-05-15 22:05:05,143] {scheduler_job.py:182} INFO - Started process (PID=9955) to work on /Users/harry/.local/share/virtualenvs/rugby_data_project_airflow-d2RAFQI6/lib/python3.8/site-packages/airflow/example_dags/example_xcom.py
[2021-05-15 22:05:05,144] {scheduler_job.py:629} INFO - Processing file /Users/harry/.local/share/virtualenvs/rugby_data_project_airflow-d2RAFQI6/lib/python3.8/site-packages/airflow/example_dags/example_xcom.py for tasks to queue
[2021-05-15 22:05:05,145] {logging_mixin.py:104} INFO - [2021-05-15 22:05:05,144] {dagbag.py:451} INFO - Filling up the DagBag from /Users/harry/.local/share/virtualenvs/rugby_data_project_airflow-d2RAFQI6/lib/python3.8/site-packages/airflow/example_dags/example_xcom.py
[2021-05-15 22:05:05,150] {scheduler_job.py:639} INFO - DAG(s) dict_keys(['example_xcom']) retrieved from /Users/harry/.local/share/virtualenvs/rugby_data_project_airflow-d2RAFQI6/lib/python3.8/site-packages/airflow/example_dags/example_xcom.py
[2021-05-15 22:05:05,173] {logging_mixin.py:104} INFO - [2021-05-15 22:05:05,173] {dag.py:1824} INFO - Sync 1 DAGs
[2021-05-15 22:05:05,178] {logging_mixin.py:104} INFO - [2021-05-15 22:05:05,178] {dag.py:2280} INFO - Setting next_dagrun for example_xcom to 2021-05-13 00:00:00+00:00
[2021-05-15 22:05:05,184] {scheduler_job.py:190} INFO - Processing /Users/harry/.local/share/virtualenvs/rugby_data_project_airflow-d2RAFQI6/lib/python3.8/site-packages/airflow/example_dags/example_xcom.py took 0.041 seconds
[2021-05-15 22:12:34,125] {scheduler_job.py:182} INFO - Started process (PID=13590) to work on /Users/harry/.local/share/virtualenvs/rugby_data_project_airflow-d2RAFQI6/lib/python3.8/site-packages/airflow/example_dags/example_xcom.py
[2021-05-15 22:12:34,126] {scheduler_job.py:629} INFO - Processing file /Users/harry/.local/share/virtualenvs/rugby_data_project_airflow-d2RAFQI6/lib/python3.8/site-packages/airflow/example_dags/example_xcom.py for tasks to queue
[2021-05-15 22:12:34,126] {logging_mixin.py:104} INFO - [2021-05-15 22:12:34,126] {dagbag.py:451} INFO - Filling up the DagBag from /Users/harry/.local/share/virtualenvs/rugby_data_project_airflow-d2RAFQI6/lib/python3.8/site-packages/airflow/example_dags/example_xcom.py
[2021-05-15 22:12:34,133] {scheduler_job.py:639} INFO - DAG(s) dict_keys(['example_xcom']) retrieved from /Users/harry/.local/share/virtualenvs/rugby_data_project_airflow-d2RAFQI6/lib/python3.8/site-packages/airflow/example_dags/example_xcom.py
[2021-05-15 22:12:34,163] {logging_mixin.py:104} INFO - [2021-05-15 22:12:34,163] {dag.py:1824} INFO - Sync 1 DAGs
[2021-05-15 22:12:34,171] {logging_mixin.py:104} INFO - [2021-05-15 22:12:34,171] {dag.py:2280} INFO - Setting next_dagrun for example_xcom to 2021-05-13 00:00:00+00:00
[2021-05-15 22:12:34,177] {scheduler_job.py:190} INFO - Processing /Users/harry/.local/share/virtualenvs/rugby_data_project_airflow-d2RAFQI6/lib/python3.8/site-packages/airflow/example_dags/example_xcom.py took 0.053 seconds
[2021-05-15 22:19:52,462] {scheduler_job.py:182} INFO - Started process (PID=17190) to work on /Users/harry/.local/share/virtualenvs/rugby_data_project_airflow-d2RAFQI6/lib/python3.8/site-packages/airflow/example_dags/example_xcom.py
[2021-05-15 22:19:52,463] {scheduler_job.py:629} INFO - Processing file /Users/harry/.local/share/virtualenvs/rugby_data_project_airflow-d2RAFQI6/lib/python3.8/site-packages/airflow/example_dags/example_xcom.py for tasks to queue
[2021-05-15 22:19:52,463] {logging_mixin.py:104} INFO - [2021-05-15 22:19:52,463] {dagbag.py:451} INFO - Filling up the DagBag from /Users/harry/.local/share/virtualenvs/rugby_data_project_airflow-d2RAFQI6/lib/python3.8/site-packages/airflow/example_dags/example_xcom.py
[2021-05-15 22:19:52,468] {scheduler_job.py:639} INFO - DAG(s) dict_keys(['example_xcom']) retrieved from /Users/harry/.local/share/virtualenvs/rugby_data_project_airflow-d2RAFQI6/lib/python3.8/site-packages/airflow/example_dags/example_xcom.py
[2021-05-15 22:19:52,490] {logging_mixin.py:104} INFO - [2021-05-15 22:19:52,490] {dag.py:1824} INFO - Sync 1 DAGs
[2021-05-15 22:19:52,496] {logging_mixin.py:104} INFO - [2021-05-15 22:19:52,496] {dag.py:2280} INFO - Setting next_dagrun for example_xcom to 2021-05-13 00:00:00+00:00
[2021-05-15 22:19:52,501] {scheduler_job.py:190} INFO - Processing /Users/harry/.local/share/virtualenvs/rugby_data_project_airflow-d2RAFQI6/lib/python3.8/site-packages/airflow/example_dags/example_xcom.py took 0.040 seconds
[2021-05-15 22:27:17,913] {scheduler_job.py:182} INFO - Started process (PID=20902) to work on /Users/harry/.local/share/virtualenvs/rugby_data_project_airflow-d2RAFQI6/lib/python3.8/site-packages/airflow/example_dags/example_xcom.py
[2021-05-15 22:27:17,914] {scheduler_job.py:629} INFO - Processing file /Users/harry/.local/share/virtualenvs/rugby_data_project_airflow-d2RAFQI6/lib/python3.8/site-packages/airflow/example_dags/example_xcom.py for tasks to queue
[2021-05-15 22:27:17,914] {logging_mixin.py:104} INFO - [2021-05-15 22:27:17,914] {dagbag.py:451} INFO - Filling up the DagBag from /Users/harry/.local/share/virtualenvs/rugby_data_project_airflow-d2RAFQI6/lib/python3.8/site-packages/airflow/example_dags/example_xcom.py
[2021-05-15 22:27:17,920] {scheduler_job.py:639} INFO - DAG(s) dict_keys(['example_xcom']) retrieved from /Users/harry/.local/share/virtualenvs/rugby_data_project_airflow-d2RAFQI6/lib/python3.8/site-packages/airflow/example_dags/example_xcom.py
[2021-05-15 22:27:17,946] {logging_mixin.py:104} INFO - [2021-05-15 22:27:17,946] {dag.py:1824} INFO - Sync 1 DAGs
[2021-05-15 22:27:17,952] {logging_mixin.py:104} INFO - [2021-05-15 22:27:17,952] {dag.py:2280} INFO - Setting next_dagrun for example_xcom to 2021-05-13 00:00:00+00:00
[2021-05-15 22:27:17,958] {scheduler_job.py:190} INFO - Processing /Users/harry/.local/share/virtualenvs/rugby_data_project_airflow-d2RAFQI6/lib/python3.8/site-packages/airflow/example_dags/example_xcom.py took 0.045 seconds
[2021-05-15 22:34:44,464] {scheduler_job.py:182} INFO - Started process (PID=24369) to work on /Users/harry/.local/share/virtualenvs/rugby_data_project_airflow-d2RAFQI6/lib/python3.8/site-packages/airflow/example_dags/example_xcom.py
[2021-05-15 22:34:44,466] {scheduler_job.py:629} INFO - Processing file /Users/harry/.local/share/virtualenvs/rugby_data_project_airflow-d2RAFQI6/lib/python3.8/site-packages/airflow/example_dags/example_xcom.py for tasks to queue
[2021-05-15 22:34:44,466] {logging_mixin.py:104} INFO - [2021-05-15 22:34:44,466] {dagbag.py:451} INFO - Filling up the DagBag from /Users/harry/.local/share/virtualenvs/rugby_data_project_airflow-d2RAFQI6/lib/python3.8/site-packages/airflow/example_dags/example_xcom.py
[2021-05-15 22:34:44,471] {scheduler_job.py:639} INFO - DAG(s) dict_keys(['example_xcom']) retrieved from /Users/harry/.local/share/virtualenvs/rugby_data_project_airflow-d2RAFQI6/lib/python3.8/site-packages/airflow/example_dags/example_xcom.py
[2021-05-15 22:34:44,496] {logging_mixin.py:104} INFO - [2021-05-15 22:34:44,496] {dag.py:1824} INFO - Sync 1 DAGs
[2021-05-15 22:34:44,502] {logging_mixin.py:104} INFO - [2021-05-15 22:34:44,502] {dag.py:2280} INFO - Setting next_dagrun for example_xcom to 2021-05-13 00:00:00+00:00
[2021-05-15 22:34:44,508] {scheduler_job.py:190} INFO - Processing /Users/harry/.local/share/virtualenvs/rugby_data_project_airflow-d2RAFQI6/lib/python3.8/site-packages/airflow/example_dags/example_xcom.py took 0.044 seconds
[2021-05-15 22:42:39,348] {scheduler_job.py:182} INFO - Started process (PID=28074) to work on /Users/harry/.local/share/virtualenvs/rugby_data_project_airflow-d2RAFQI6/lib/python3.8/site-packages/airflow/example_dags/example_xcom.py
[2021-05-15 22:42:39,349] {scheduler_job.py:629} INFO - Processing file /Users/harry/.local/share/virtualenvs/rugby_data_project_airflow-d2RAFQI6/lib/python3.8/site-packages/airflow/example_dags/example_xcom.py for tasks to queue
[2021-05-15 22:42:39,350] {logging_mixin.py:104} INFO - [2021-05-15 22:42:39,350] {dagbag.py:451} INFO - Filling up the DagBag from /Users/harry/.local/share/virtualenvs/rugby_data_project_airflow-d2RAFQI6/lib/python3.8/site-packages/airflow/example_dags/example_xcom.py
[2021-05-15 22:42:39,360] {scheduler_job.py:639} INFO - DAG(s) dict_keys(['example_xcom']) retrieved from /Users/harry/.local/share/virtualenvs/rugby_data_project_airflow-d2RAFQI6/lib/python3.8/site-packages/airflow/example_dags/example_xcom.py
[2021-05-15 22:42:39,425] {logging_mixin.py:104} INFO - [2021-05-15 22:42:39,425] {dag.py:1824} INFO - Sync 1 DAGs
[2021-05-15 22:42:39,436] {logging_mixin.py:104} INFO - [2021-05-15 22:42:39,436] {dag.py:2280} INFO - Setting next_dagrun for example_xcom to 2021-05-13 00:00:00+00:00
[2021-05-15 22:42:39,444] {scheduler_job.py:190} INFO - Processing /Users/harry/.local/share/virtualenvs/rugby_data_project_airflow-d2RAFQI6/lib/python3.8/site-packages/airflow/example_dags/example_xcom.py took 0.097 seconds
[2021-05-15 22:47:13,200] {scheduler_job.py:182} INFO - Started process (PID=30159) to work on /Users/harry/.local/share/virtualenvs/rugby_data_project_airflow-d2RAFQI6/lib/python3.8/site-packages/airflow/example_dags/example_xcom.py
[2021-05-15 22:47:13,201] {scheduler_job.py:629} INFO - Processing file /Users/harry/.local/share/virtualenvs/rugby_data_project_airflow-d2RAFQI6/lib/python3.8/site-packages/airflow/example_dags/example_xcom.py for tasks to queue
[2021-05-15 22:47:13,202] {logging_mixin.py:104} INFO - [2021-05-15 22:47:13,202] {dagbag.py:451} INFO - Filling up the DagBag from /Users/harry/.local/share/virtualenvs/rugby_data_project_airflow-d2RAFQI6/lib/python3.8/site-packages/airflow/example_dags/example_xcom.py
[2021-05-15 22:47:13,207] {scheduler_job.py:639} INFO - DAG(s) dict_keys(['example_xcom']) retrieved from /Users/harry/.local/share/virtualenvs/rugby_data_project_airflow-d2RAFQI6/lib/python3.8/site-packages/airflow/example_dags/example_xcom.py
[2021-05-15 22:47:13,231] {logging_mixin.py:104} INFO - [2021-05-15 22:47:13,231] {dag.py:1824} INFO - Sync 1 DAGs
[2021-05-15 22:47:13,238] {logging_mixin.py:104} INFO - [2021-05-15 22:47:13,238] {dag.py:2280} INFO - Setting next_dagrun for example_xcom to 2021-05-13 00:00:00+00:00
[2021-05-15 22:47:13,243] {scheduler_job.py:190} INFO - Processing /Users/harry/.local/share/virtualenvs/rugby_data_project_airflow-d2RAFQI6/lib/python3.8/site-packages/airflow/example_dags/example_xcom.py took 0.044 seconds
[2021-05-15 22:55:08,587] {scheduler_job.py:182} INFO - Started process (PID=33774) to work on /Users/harry/.local/share/virtualenvs/rugby_data_project_airflow-d2RAFQI6/lib/python3.8/site-packages/airflow/example_dags/example_xcom.py
[2021-05-15 22:55:08,588] {scheduler_job.py:629} INFO - Processing file /Users/harry/.local/share/virtualenvs/rugby_data_project_airflow-d2RAFQI6/lib/python3.8/site-packages/airflow/example_dags/example_xcom.py for tasks to queue
[2021-05-15 22:55:08,588] {logging_mixin.py:104} INFO - [2021-05-15 22:55:08,588] {dagbag.py:451} INFO - Filling up the DagBag from /Users/harry/.local/share/virtualenvs/rugby_data_project_airflow-d2RAFQI6/lib/python3.8/site-packages/airflow/example_dags/example_xcom.py
[2021-05-15 22:55:08,594] {scheduler_job.py:639} INFO - DAG(s) dict_keys(['example_xcom']) retrieved from /Users/harry/.local/share/virtualenvs/rugby_data_project_airflow-d2RAFQI6/lib/python3.8/site-packages/airflow/example_dags/example_xcom.py
[2021-05-15 22:55:08,620] {logging_mixin.py:104} INFO - [2021-05-15 22:55:08,620] {dag.py:1824} INFO - Sync 1 DAGs
[2021-05-15 22:55:08,626] {logging_mixin.py:104} INFO - [2021-05-15 22:55:08,626] {dag.py:2280} INFO - Setting next_dagrun for example_xcom to 2021-05-13 00:00:00+00:00
[2021-05-15 22:55:08,632] {scheduler_job.py:190} INFO - Processing /Users/harry/.local/share/virtualenvs/rugby_data_project_airflow-d2RAFQI6/lib/python3.8/site-packages/airflow/example_dags/example_xcom.py took 0.046 seconds
[2021-05-15 23:33:20,422] {scheduler_job.py:182} INFO - Started process (PID=36874) to work on /Users/harry/.local/share/virtualenvs/rugby_data_project_airflow-d2RAFQI6/lib/python3.8/site-packages/airflow/example_dags/example_xcom.py
[2021-05-15 23:33:20,424] {scheduler_job.py:629} INFO - Processing file /Users/harry/.local/share/virtualenvs/rugby_data_project_airflow-d2RAFQI6/lib/python3.8/site-packages/airflow/example_dags/example_xcom.py for tasks to queue
[2021-05-15 23:33:20,424] {logging_mixin.py:104} INFO - [2021-05-15 23:33:20,424] {dagbag.py:451} INFO - Filling up the DagBag from /Users/harry/.local/share/virtualenvs/rugby_data_project_airflow-d2RAFQI6/lib/python3.8/site-packages/airflow/example_dags/example_xcom.py
[2021-05-15 23:33:20,438] {scheduler_job.py:639} INFO - DAG(s) dict_keys(['example_xcom']) retrieved from /Users/harry/.local/share/virtualenvs/rugby_data_project_airflow-d2RAFQI6/lib/python3.8/site-packages/airflow/example_dags/example_xcom.py
[2021-05-15 23:33:20,466] {logging_mixin.py:104} INFO - [2021-05-15 23:33:20,466] {dag.py:1824} INFO - Sync 1 DAGs
[2021-05-15 23:33:20,475] {logging_mixin.py:104} INFO - [2021-05-15 23:33:20,475] {dag.py:2280} INFO - Setting next_dagrun for example_xcom to 2021-05-13 00:00:00+00:00
[2021-05-15 23:33:20,486] {scheduler_job.py:190} INFO - Processing /Users/harry/.local/share/virtualenvs/rugby_data_project_airflow-d2RAFQI6/lib/python3.8/site-packages/airflow/example_dags/example_xcom.py took 0.064 seconds
