[2021-05-15 17:06:50,697] {scheduler_job.py:182} INFO - Started process (PID=14684) to work on /Users/harry/.local/share/virtualenvs/rugby_data_project_airflow-d2RAFQI6/lib/python3.8/site-packages/airflow/example_dags/tutorial.py
[2021-05-15 17:06:50,697] {scheduler_job.py:629} INFO - Processing file /Users/harry/.local/share/virtualenvs/rugby_data_project_airflow-d2RAFQI6/lib/python3.8/site-packages/airflow/example_dags/tutorial.py for tasks to queue
[2021-05-15 17:06:50,697] {logging_mixin.py:104} INFO - [2021-05-15 17:06:50,697] {dagbag.py:451} INFO - Filling up the DagBag from /Users/harry/.local/share/virtualenvs/rugby_data_project_airflow-d2RAFQI6/lib/python3.8/site-packages/airflow/example_dags/tutorial.py
[2021-05-15 17:06:50,704] {scheduler_job.py:639} INFO - DAG(s) dict_keys(['tutorial']) retrieved from /Users/harry/.local/share/virtualenvs/rugby_data_project_airflow-d2RAFQI6/lib/python3.8/site-packages/airflow/example_dags/tutorial.py
[2021-05-15 17:06:50,728] {logging_mixin.py:104} INFO - [2021-05-15 17:06:50,728] {dag.py:1824} INFO - Sync 1 DAGs
[2021-05-15 17:06:50,734] {logging_mixin.py:104} INFO - [2021-05-15 17:06:50,734] {dag.py:2280} INFO - Setting next_dagrun for tutorial to 2021-05-13 00:00:00+00:00
[2021-05-15 17:06:50,740] {scheduler_job.py:190} INFO - Processing /Users/harry/.local/share/virtualenvs/rugby_data_project_airflow-d2RAFQI6/lib/python3.8/site-packages/airflow/example_dags/tutorial.py took 0.044 seconds
[2021-05-15 17:07:38,147] {scheduler_job.py:182} INFO - Started process (PID=14992) to work on /Users/harry/.local/share/virtualenvs/rugby_data_project_airflow-d2RAFQI6/lib/python3.8/site-packages/airflow/example_dags/tutorial.py
[2021-05-15 17:07:38,148] {scheduler_job.py:629} INFO - Processing file /Users/harry/.local/share/virtualenvs/rugby_data_project_airflow-d2RAFQI6/lib/python3.8/site-packages/airflow/example_dags/tutorial.py for tasks to queue
[2021-05-15 17:07:38,149] {logging_mixin.py:104} INFO - [2021-05-15 17:07:38,149] {dagbag.py:451} INFO - Filling up the DagBag from /Users/harry/.local/share/virtualenvs/rugby_data_project_airflow-d2RAFQI6/lib/python3.8/site-packages/airflow/example_dags/tutorial.py
[2021-05-15 17:07:38,159] {scheduler_job.py:639} INFO - DAG(s) dict_keys(['tutorial']) retrieved from /Users/harry/.local/share/virtualenvs/rugby_data_project_airflow-d2RAFQI6/lib/python3.8/site-packages/airflow/example_dags/tutorial.py
[2021-05-15 17:07:38,191] {logging_mixin.py:104} INFO - [2021-05-15 17:07:38,191] {dag.py:1824} INFO - Sync 1 DAGs
[2021-05-15 17:07:38,196] {logging_mixin.py:104} INFO - [2021-05-15 17:07:38,196] {dag.py:2280} INFO - Setting next_dagrun for tutorial to 2021-05-13 00:00:00+00:00
[2021-05-15 17:07:38,207] {scheduler_job.py:190} INFO - Processing /Users/harry/.local/share/virtualenvs/rugby_data_project_airflow-d2RAFQI6/lib/python3.8/site-packages/airflow/example_dags/tutorial.py took 0.061 seconds
[2021-05-15 17:08:25,302] {scheduler_job.py:182} INFO - Started process (PID=15306) to work on /Users/harry/.local/share/virtualenvs/rugby_data_project_airflow-d2RAFQI6/lib/python3.8/site-packages/airflow/example_dags/tutorial.py
[2021-05-15 17:08:25,303] {scheduler_job.py:629} INFO - Processing file /Users/harry/.local/share/virtualenvs/rugby_data_project_airflow-d2RAFQI6/lib/python3.8/site-packages/airflow/example_dags/tutorial.py for tasks to queue
[2021-05-15 17:08:25,304] {logging_mixin.py:104} INFO - [2021-05-15 17:08:25,304] {dagbag.py:451} INFO - Filling up the DagBag from /Users/harry/.local/share/virtualenvs/rugby_data_project_airflow-d2RAFQI6/lib/python3.8/site-packages/airflow/example_dags/tutorial.py
[2021-05-15 17:08:25,309] {scheduler_job.py:639} INFO - DAG(s) dict_keys(['tutorial']) retrieved from /Users/harry/.local/share/virtualenvs/rugby_data_project_airflow-d2RAFQI6/lib/python3.8/site-packages/airflow/example_dags/tutorial.py
[2021-05-15 17:08:25,335] {logging_mixin.py:104} INFO - [2021-05-15 17:08:25,335] {dag.py:1824} INFO - Sync 1 DAGs
[2021-05-15 17:08:25,341] {logging_mixin.py:104} INFO - [2021-05-15 17:08:25,341] {dag.py:2280} INFO - Setting next_dagrun for tutorial to 2021-05-13 00:00:00+00:00
[2021-05-15 17:08:25,348] {scheduler_job.py:190} INFO - Processing /Users/harry/.local/share/virtualenvs/rugby_data_project_airflow-d2RAFQI6/lib/python3.8/site-packages/airflow/example_dags/tutorial.py took 0.046 seconds
[2021-05-15 17:17:19,342] {scheduler_job.py:182} INFO - Started process (PID=16259) to work on /Users/harry/.local/share/virtualenvs/rugby_data_project_airflow-d2RAFQI6/lib/python3.8/site-packages/airflow/example_dags/tutorial.py
[2021-05-15 17:17:19,343] {scheduler_job.py:629} INFO - Processing file /Users/harry/.local/share/virtualenvs/rugby_data_project_airflow-d2RAFQI6/lib/python3.8/site-packages/airflow/example_dags/tutorial.py for tasks to queue
[2021-05-15 17:17:19,343] {logging_mixin.py:104} INFO - [2021-05-15 17:17:19,343] {dagbag.py:451} INFO - Filling up the DagBag from /Users/harry/.local/share/virtualenvs/rugby_data_project_airflow-d2RAFQI6/lib/python3.8/site-packages/airflow/example_dags/tutorial.py
[2021-05-15 17:17:19,351] {scheduler_job.py:639} INFO - DAG(s) dict_keys(['tutorial']) retrieved from /Users/harry/.local/share/virtualenvs/rugby_data_project_airflow-d2RAFQI6/lib/python3.8/site-packages/airflow/example_dags/tutorial.py
[2021-05-15 17:17:19,378] {logging_mixin.py:104} INFO - [2021-05-15 17:17:19,378] {dag.py:1824} INFO - Sync 1 DAGs
[2021-05-15 17:17:19,384] {logging_mixin.py:104} INFO - [2021-05-15 17:17:19,384] {dag.py:2280} INFO - Setting next_dagrun for tutorial to 2021-05-13 00:00:00+00:00
[2021-05-15 17:17:19,390] {scheduler_job.py:190} INFO - Processing /Users/harry/.local/share/virtualenvs/rugby_data_project_airflow-d2RAFQI6/lib/python3.8/site-packages/airflow/example_dags/tutorial.py took 0.049 seconds
[2021-05-15 17:18:06,555] {scheduler_job.py:182} INFO - Started process (PID=16587) to work on /Users/harry/.local/share/virtualenvs/rugby_data_project_airflow-d2RAFQI6/lib/python3.8/site-packages/airflow/example_dags/tutorial.py
[2021-05-15 17:18:06,556] {scheduler_job.py:629} INFO - Processing file /Users/harry/.local/share/virtualenvs/rugby_data_project_airflow-d2RAFQI6/lib/python3.8/site-packages/airflow/example_dags/tutorial.py for tasks to queue
[2021-05-15 17:18:06,556] {logging_mixin.py:104} INFO - [2021-05-15 17:18:06,556] {dagbag.py:451} INFO - Filling up the DagBag from /Users/harry/.local/share/virtualenvs/rugby_data_project_airflow-d2RAFQI6/lib/python3.8/site-packages/airflow/example_dags/tutorial.py
[2021-05-15 17:18:06,561] {scheduler_job.py:639} INFO - DAG(s) dict_keys(['tutorial']) retrieved from /Users/harry/.local/share/virtualenvs/rugby_data_project_airflow-d2RAFQI6/lib/python3.8/site-packages/airflow/example_dags/tutorial.py
[2021-05-15 17:18:06,590] {logging_mixin.py:104} INFO - [2021-05-15 17:18:06,590] {dag.py:1824} INFO - Sync 1 DAGs
[2021-05-15 17:18:06,596] {logging_mixin.py:104} INFO - [2021-05-15 17:18:06,596] {dag.py:2280} INFO - Setting next_dagrun for tutorial to 2021-05-13 00:00:00+00:00
[2021-05-15 17:18:06,603] {scheduler_job.py:190} INFO - Processing /Users/harry/.local/share/virtualenvs/rugby_data_project_airflow-d2RAFQI6/lib/python3.8/site-packages/airflow/example_dags/tutorial.py took 0.048 seconds
[2021-05-15 17:18:57,647] {scheduler_job.py:182} INFO - Started process (PID=16930) to work on /Users/harry/.local/share/virtualenvs/rugby_data_project_airflow-d2RAFQI6/lib/python3.8/site-packages/airflow/example_dags/tutorial.py
[2021-05-15 17:18:57,647] {scheduler_job.py:629} INFO - Processing file /Users/harry/.local/share/virtualenvs/rugby_data_project_airflow-d2RAFQI6/lib/python3.8/site-packages/airflow/example_dags/tutorial.py for tasks to queue
[2021-05-15 17:18:57,648] {logging_mixin.py:104} INFO - [2021-05-15 17:18:57,648] {dagbag.py:451} INFO - Filling up the DagBag from /Users/harry/.local/share/virtualenvs/rugby_data_project_airflow-d2RAFQI6/lib/python3.8/site-packages/airflow/example_dags/tutorial.py
[2021-05-15 17:18:57,652] {scheduler_job.py:639} INFO - DAG(s) dict_keys(['tutorial']) retrieved from /Users/harry/.local/share/virtualenvs/rugby_data_project_airflow-d2RAFQI6/lib/python3.8/site-packages/airflow/example_dags/tutorial.py
[2021-05-15 17:18:57,677] {logging_mixin.py:104} INFO - [2021-05-15 17:18:57,677] {dag.py:1824} INFO - Sync 1 DAGs
[2021-05-15 17:18:57,682] {logging_mixin.py:104} INFO - [2021-05-15 17:18:57,682] {dag.py:2280} INFO - Setting next_dagrun for tutorial to 2021-05-13 00:00:00+00:00
[2021-05-15 17:18:57,689] {scheduler_job.py:190} INFO - Processing /Users/harry/.local/share/virtualenvs/rugby_data_project_airflow-d2RAFQI6/lib/python3.8/site-packages/airflow/example_dags/tutorial.py took 0.042 seconds
[2021-05-15 17:19:46,144] {scheduler_job.py:182} INFO - Started process (PID=17296) to work on /Users/harry/.local/share/virtualenvs/rugby_data_project_airflow-d2RAFQI6/lib/python3.8/site-packages/airflow/example_dags/tutorial.py
[2021-05-15 17:19:46,145] {scheduler_job.py:629} INFO - Processing file /Users/harry/.local/share/virtualenvs/rugby_data_project_airflow-d2RAFQI6/lib/python3.8/site-packages/airflow/example_dags/tutorial.py for tasks to queue
[2021-05-15 17:19:46,146] {logging_mixin.py:104} INFO - [2021-05-15 17:19:46,146] {dagbag.py:451} INFO - Filling up the DagBag from /Users/harry/.local/share/virtualenvs/rugby_data_project_airflow-d2RAFQI6/lib/python3.8/site-packages/airflow/example_dags/tutorial.py
[2021-05-15 17:19:46,151] {scheduler_job.py:639} INFO - DAG(s) dict_keys(['tutorial']) retrieved from /Users/harry/.local/share/virtualenvs/rugby_data_project_airflow-d2RAFQI6/lib/python3.8/site-packages/airflow/example_dags/tutorial.py
[2021-05-15 17:19:46,174] {logging_mixin.py:104} INFO - [2021-05-15 17:19:46,174] {dag.py:1824} INFO - Sync 1 DAGs
[2021-05-15 17:19:46,180] {logging_mixin.py:104} INFO - [2021-05-15 17:19:46,180] {dag.py:2280} INFO - Setting next_dagrun for tutorial to 2021-05-13 00:00:00+00:00
[2021-05-15 17:19:46,186] {scheduler_job.py:190} INFO - Processing /Users/harry/.local/share/virtualenvs/rugby_data_project_airflow-d2RAFQI6/lib/python3.8/site-packages/airflow/example_dags/tutorial.py took 0.042 seconds
[2021-05-15 17:20:31,423] {scheduler_job.py:182} INFO - Started process (PID=17589) to work on /Users/harry/.local/share/virtualenvs/rugby_data_project_airflow-d2RAFQI6/lib/python3.8/site-packages/airflow/example_dags/tutorial.py
[2021-05-15 17:20:31,423] {scheduler_job.py:629} INFO - Processing file /Users/harry/.local/share/virtualenvs/rugby_data_project_airflow-d2RAFQI6/lib/python3.8/site-packages/airflow/example_dags/tutorial.py for tasks to queue
[2021-05-15 17:20:31,424] {logging_mixin.py:104} INFO - [2021-05-15 17:20:31,424] {dagbag.py:451} INFO - Filling up the DagBag from /Users/harry/.local/share/virtualenvs/rugby_data_project_airflow-d2RAFQI6/lib/python3.8/site-packages/airflow/example_dags/tutorial.py
[2021-05-15 17:20:31,428] {scheduler_job.py:639} INFO - DAG(s) dict_keys(['tutorial']) retrieved from /Users/harry/.local/share/virtualenvs/rugby_data_project_airflow-d2RAFQI6/lib/python3.8/site-packages/airflow/example_dags/tutorial.py
[2021-05-15 17:20:31,457] {logging_mixin.py:104} INFO - [2021-05-15 17:20:31,456] {dag.py:1824} INFO - Sync 1 DAGs
[2021-05-15 17:20:31,463] {logging_mixin.py:104} INFO - [2021-05-15 17:20:31,463] {dag.py:2280} INFO - Setting next_dagrun for tutorial to 2021-05-13 00:00:00+00:00
[2021-05-15 17:20:31,469] {scheduler_job.py:190} INFO - Processing /Users/harry/.local/share/virtualenvs/rugby_data_project_airflow-d2RAFQI6/lib/python3.8/site-packages/airflow/example_dags/tutorial.py took 0.047 seconds
[2021-05-15 17:21:20,593] {scheduler_job.py:182} INFO - Started process (PID=17914) to work on /Users/harry/.local/share/virtualenvs/rugby_data_project_airflow-d2RAFQI6/lib/python3.8/site-packages/airflow/example_dags/tutorial.py
[2021-05-15 17:21:20,594] {scheduler_job.py:629} INFO - Processing file /Users/harry/.local/share/virtualenvs/rugby_data_project_airflow-d2RAFQI6/lib/python3.8/site-packages/airflow/example_dags/tutorial.py for tasks to queue
[2021-05-15 17:21:20,594] {logging_mixin.py:104} INFO - [2021-05-15 17:21:20,594] {dagbag.py:451} INFO - Filling up the DagBag from /Users/harry/.local/share/virtualenvs/rugby_data_project_airflow-d2RAFQI6/lib/python3.8/site-packages/airflow/example_dags/tutorial.py
[2021-05-15 17:21:20,600] {scheduler_job.py:639} INFO - DAG(s) dict_keys(['tutorial']) retrieved from /Users/harry/.local/share/virtualenvs/rugby_data_project_airflow-d2RAFQI6/lib/python3.8/site-packages/airflow/example_dags/tutorial.py
[2021-05-15 17:21:20,623] {logging_mixin.py:104} INFO - [2021-05-15 17:21:20,623] {dag.py:1824} INFO - Sync 1 DAGs
[2021-05-15 17:21:20,628] {logging_mixin.py:104} INFO - [2021-05-15 17:21:20,628] {dag.py:2280} INFO - Setting next_dagrun for tutorial to 2021-05-13 00:00:00+00:00
[2021-05-15 17:21:20,634] {scheduler_job.py:190} INFO - Processing /Users/harry/.local/share/virtualenvs/rugby_data_project_airflow-d2RAFQI6/lib/python3.8/site-packages/airflow/example_dags/tutorial.py took 0.042 seconds
[2021-05-15 17:22:09,541] {scheduler_job.py:182} INFO - Started process (PID=18229) to work on /Users/harry/.local/share/virtualenvs/rugby_data_project_airflow-d2RAFQI6/lib/python3.8/site-packages/airflow/example_dags/tutorial.py
[2021-05-15 17:22:09,543] {scheduler_job.py:629} INFO - Processing file /Users/harry/.local/share/virtualenvs/rugby_data_project_airflow-d2RAFQI6/lib/python3.8/site-packages/airflow/example_dags/tutorial.py for tasks to queue
[2021-05-15 17:22:09,543] {logging_mixin.py:104} INFO - [2021-05-15 17:22:09,543] {dagbag.py:451} INFO - Filling up the DagBag from /Users/harry/.local/share/virtualenvs/rugby_data_project_airflow-d2RAFQI6/lib/python3.8/site-packages/airflow/example_dags/tutorial.py
[2021-05-15 17:22:09,548] {scheduler_job.py:639} INFO - DAG(s) dict_keys(['tutorial']) retrieved from /Users/harry/.local/share/virtualenvs/rugby_data_project_airflow-d2RAFQI6/lib/python3.8/site-packages/airflow/example_dags/tutorial.py
[2021-05-15 17:22:09,573] {logging_mixin.py:104} INFO - [2021-05-15 17:22:09,573] {dag.py:1824} INFO - Sync 1 DAGs
[2021-05-15 17:22:09,579] {logging_mixin.py:104} INFO - [2021-05-15 17:22:09,579] {dag.py:2280} INFO - Setting next_dagrun for tutorial to 2021-05-13 00:00:00+00:00
[2021-05-15 17:22:09,584] {scheduler_job.py:190} INFO - Processing /Users/harry/.local/share/virtualenvs/rugby_data_project_airflow-d2RAFQI6/lib/python3.8/site-packages/airflow/example_dags/tutorial.py took 0.043 seconds
[2021-05-15 17:22:57,172] {scheduler_job.py:182} INFO - Started process (PID=18545) to work on /Users/harry/.local/share/virtualenvs/rugby_data_project_airflow-d2RAFQI6/lib/python3.8/site-packages/airflow/example_dags/tutorial.py
[2021-05-15 17:22:57,173] {scheduler_job.py:629} INFO - Processing file /Users/harry/.local/share/virtualenvs/rugby_data_project_airflow-d2RAFQI6/lib/python3.8/site-packages/airflow/example_dags/tutorial.py for tasks to queue
[2021-05-15 17:22:57,173] {logging_mixin.py:104} INFO - [2021-05-15 17:22:57,173] {dagbag.py:451} INFO - Filling up the DagBag from /Users/harry/.local/share/virtualenvs/rugby_data_project_airflow-d2RAFQI6/lib/python3.8/site-packages/airflow/example_dags/tutorial.py
[2021-05-15 17:22:57,179] {scheduler_job.py:639} INFO - DAG(s) dict_keys(['tutorial']) retrieved from /Users/harry/.local/share/virtualenvs/rugby_data_project_airflow-d2RAFQI6/lib/python3.8/site-packages/airflow/example_dags/tutorial.py
[2021-05-15 17:22:57,203] {logging_mixin.py:104} INFO - [2021-05-15 17:22:57,202] {dag.py:1824} INFO - Sync 1 DAGs
[2021-05-15 17:22:57,208] {logging_mixin.py:104} INFO - [2021-05-15 17:22:57,208] {dag.py:2280} INFO - Setting next_dagrun for tutorial to 2021-05-13 00:00:00+00:00
[2021-05-15 17:22:57,214] {scheduler_job.py:190} INFO - Processing /Users/harry/.local/share/virtualenvs/rugby_data_project_airflow-d2RAFQI6/lib/python3.8/site-packages/airflow/example_dags/tutorial.py took 0.043 seconds
[2021-05-15 17:23:41,940] {scheduler_job.py:182} INFO - Started process (PID=18844) to work on /Users/harry/.local/share/virtualenvs/rugby_data_project_airflow-d2RAFQI6/lib/python3.8/site-packages/airflow/example_dags/tutorial.py
[2021-05-15 17:23:41,941] {scheduler_job.py:629} INFO - Processing file /Users/harry/.local/share/virtualenvs/rugby_data_project_airflow-d2RAFQI6/lib/python3.8/site-packages/airflow/example_dags/tutorial.py for tasks to queue
[2021-05-15 17:23:41,941] {logging_mixin.py:104} INFO - [2021-05-15 17:23:41,941] {dagbag.py:451} INFO - Filling up the DagBag from /Users/harry/.local/share/virtualenvs/rugby_data_project_airflow-d2RAFQI6/lib/python3.8/site-packages/airflow/example_dags/tutorial.py
[2021-05-15 17:23:41,946] {scheduler_job.py:639} INFO - DAG(s) dict_keys(['tutorial']) retrieved from /Users/harry/.local/share/virtualenvs/rugby_data_project_airflow-d2RAFQI6/lib/python3.8/site-packages/airflow/example_dags/tutorial.py
[2021-05-15 17:23:41,971] {logging_mixin.py:104} INFO - [2021-05-15 17:23:41,971] {dag.py:1824} INFO - Sync 1 DAGs
[2021-05-15 17:23:41,977] {logging_mixin.py:104} INFO - [2021-05-15 17:23:41,977] {dag.py:2280} INFO - Setting next_dagrun for tutorial to 2021-05-13 00:00:00+00:00
[2021-05-15 17:23:41,982] {scheduler_job.py:190} INFO - Processing /Users/harry/.local/share/virtualenvs/rugby_data_project_airflow-d2RAFQI6/lib/python3.8/site-packages/airflow/example_dags/tutorial.py took 0.042 seconds
[2021-05-15 17:24:24,417] {scheduler_job.py:182} INFO - Started process (PID=19127) to work on /Users/harry/.local/share/virtualenvs/rugby_data_project_airflow-d2RAFQI6/lib/python3.8/site-packages/airflow/example_dags/tutorial.py
[2021-05-15 17:24:24,417] {scheduler_job.py:629} INFO - Processing file /Users/harry/.local/share/virtualenvs/rugby_data_project_airflow-d2RAFQI6/lib/python3.8/site-packages/airflow/example_dags/tutorial.py for tasks to queue
[2021-05-15 17:24:24,418] {logging_mixin.py:104} INFO - [2021-05-15 17:24:24,418] {dagbag.py:451} INFO - Filling up the DagBag from /Users/harry/.local/share/virtualenvs/rugby_data_project_airflow-d2RAFQI6/lib/python3.8/site-packages/airflow/example_dags/tutorial.py
[2021-05-15 17:24:24,422] {scheduler_job.py:639} INFO - DAG(s) dict_keys(['tutorial']) retrieved from /Users/harry/.local/share/virtualenvs/rugby_data_project_airflow-d2RAFQI6/lib/python3.8/site-packages/airflow/example_dags/tutorial.py
[2021-05-15 17:24:24,450] {logging_mixin.py:104} INFO - [2021-05-15 17:24:24,450] {dag.py:1824} INFO - Sync 1 DAGs
[2021-05-15 17:24:24,455] {logging_mixin.py:104} INFO - [2021-05-15 17:24:24,455] {dag.py:2280} INFO - Setting next_dagrun for tutorial to 2021-05-13 00:00:00+00:00
[2021-05-15 17:24:24,461] {scheduler_job.py:190} INFO - Processing /Users/harry/.local/share/virtualenvs/rugby_data_project_airflow-d2RAFQI6/lib/python3.8/site-packages/airflow/example_dags/tutorial.py took 0.045 seconds
[2021-05-15 17:25:11,315] {scheduler_job.py:182} INFO - Started process (PID=19432) to work on /Users/harry/.local/share/virtualenvs/rugby_data_project_airflow-d2RAFQI6/lib/python3.8/site-packages/airflow/example_dags/tutorial.py
[2021-05-15 17:25:11,315] {scheduler_job.py:629} INFO - Processing file /Users/harry/.local/share/virtualenvs/rugby_data_project_airflow-d2RAFQI6/lib/python3.8/site-packages/airflow/example_dags/tutorial.py for tasks to queue
[2021-05-15 17:25:11,316] {logging_mixin.py:104} INFO - [2021-05-15 17:25:11,316] {dagbag.py:451} INFO - Filling up the DagBag from /Users/harry/.local/share/virtualenvs/rugby_data_project_airflow-d2RAFQI6/lib/python3.8/site-packages/airflow/example_dags/tutorial.py
[2021-05-15 17:25:11,320] {scheduler_job.py:639} INFO - DAG(s) dict_keys(['tutorial']) retrieved from /Users/harry/.local/share/virtualenvs/rugby_data_project_airflow-d2RAFQI6/lib/python3.8/site-packages/airflow/example_dags/tutorial.py
[2021-05-15 17:25:11,341] {logging_mixin.py:104} INFO - [2021-05-15 17:25:11,341] {dag.py:1824} INFO - Sync 1 DAGs
[2021-05-15 17:25:11,345] {logging_mixin.py:104} INFO - [2021-05-15 17:25:11,345] {dag.py:2280} INFO - Setting next_dagrun for tutorial to 2021-05-13 00:00:00+00:00
[2021-05-15 17:25:11,352] {scheduler_job.py:190} INFO - Processing /Users/harry/.local/share/virtualenvs/rugby_data_project_airflow-d2RAFQI6/lib/python3.8/site-packages/airflow/example_dags/tutorial.py took 0.037 seconds
[2021-05-15 17:25:58,083] {scheduler_job.py:182} INFO - Started process (PID=19771) to work on /Users/harry/.local/share/virtualenvs/rugby_data_project_airflow-d2RAFQI6/lib/python3.8/site-packages/airflow/example_dags/tutorial.py
[2021-05-15 17:25:58,083] {scheduler_job.py:629} INFO - Processing file /Users/harry/.local/share/virtualenvs/rugby_data_project_airflow-d2RAFQI6/lib/python3.8/site-packages/airflow/example_dags/tutorial.py for tasks to queue
[2021-05-15 17:25:58,084] {logging_mixin.py:104} INFO - [2021-05-15 17:25:58,084] {dagbag.py:451} INFO - Filling up the DagBag from /Users/harry/.local/share/virtualenvs/rugby_data_project_airflow-d2RAFQI6/lib/python3.8/site-packages/airflow/example_dags/tutorial.py
[2021-05-15 17:25:58,090] {scheduler_job.py:639} INFO - DAG(s) dict_keys(['tutorial']) retrieved from /Users/harry/.local/share/virtualenvs/rugby_data_project_airflow-d2RAFQI6/lib/python3.8/site-packages/airflow/example_dags/tutorial.py
[2021-05-15 17:25:58,113] {logging_mixin.py:104} INFO - [2021-05-15 17:25:58,113] {dag.py:1824} INFO - Sync 1 DAGs
[2021-05-15 17:25:58,118] {logging_mixin.py:104} INFO - [2021-05-15 17:25:58,118] {dag.py:2280} INFO - Setting next_dagrun for tutorial to 2021-05-13 00:00:00+00:00
[2021-05-15 17:25:58,123] {scheduler_job.py:190} INFO - Processing /Users/harry/.local/share/virtualenvs/rugby_data_project_airflow-d2RAFQI6/lib/python3.8/site-packages/airflow/example_dags/tutorial.py took 0.041 seconds
[2021-05-15 17:26:45,005] {scheduler_job.py:182} INFO - Started process (PID=20092) to work on /Users/harry/.local/share/virtualenvs/rugby_data_project_airflow-d2RAFQI6/lib/python3.8/site-packages/airflow/example_dags/tutorial.py
[2021-05-15 17:26:45,005] {scheduler_job.py:629} INFO - Processing file /Users/harry/.local/share/virtualenvs/rugby_data_project_airflow-d2RAFQI6/lib/python3.8/site-packages/airflow/example_dags/tutorial.py for tasks to queue
[2021-05-15 17:26:45,005] {logging_mixin.py:104} INFO - [2021-05-15 17:26:45,005] {dagbag.py:451} INFO - Filling up the DagBag from /Users/harry/.local/share/virtualenvs/rugby_data_project_airflow-d2RAFQI6/lib/python3.8/site-packages/airflow/example_dags/tutorial.py
[2021-05-15 17:26:45,009] {scheduler_job.py:639} INFO - DAG(s) dict_keys(['tutorial']) retrieved from /Users/harry/.local/share/virtualenvs/rugby_data_project_airflow-d2RAFQI6/lib/python3.8/site-packages/airflow/example_dags/tutorial.py
[2021-05-15 17:26:45,030] {logging_mixin.py:104} INFO - [2021-05-15 17:26:45,030] {dag.py:1824} INFO - Sync 1 DAGs
[2021-05-15 17:26:45,036] {logging_mixin.py:104} INFO - [2021-05-15 17:26:45,036] {dag.py:2280} INFO - Setting next_dagrun for tutorial to 2021-05-13 00:00:00+00:00
[2021-05-15 17:26:45,044] {scheduler_job.py:190} INFO - Processing /Users/harry/.local/share/virtualenvs/rugby_data_project_airflow-d2RAFQI6/lib/python3.8/site-packages/airflow/example_dags/tutorial.py took 0.040 seconds
[2021-05-15 17:27:31,714] {scheduler_job.py:182} INFO - Started process (PID=20393) to work on /Users/harry/.local/share/virtualenvs/rugby_data_project_airflow-d2RAFQI6/lib/python3.8/site-packages/airflow/example_dags/tutorial.py
[2021-05-15 17:27:31,714] {scheduler_job.py:629} INFO - Processing file /Users/harry/.local/share/virtualenvs/rugby_data_project_airflow-d2RAFQI6/lib/python3.8/site-packages/airflow/example_dags/tutorial.py for tasks to queue
[2021-05-15 17:27:31,715] {logging_mixin.py:104} INFO - [2021-05-15 17:27:31,715] {dagbag.py:451} INFO - Filling up the DagBag from /Users/harry/.local/share/virtualenvs/rugby_data_project_airflow-d2RAFQI6/lib/python3.8/site-packages/airflow/example_dags/tutorial.py
[2021-05-15 17:27:31,719] {scheduler_job.py:639} INFO - DAG(s) dict_keys(['tutorial']) retrieved from /Users/harry/.local/share/virtualenvs/rugby_data_project_airflow-d2RAFQI6/lib/python3.8/site-packages/airflow/example_dags/tutorial.py
[2021-05-15 17:27:31,741] {logging_mixin.py:104} INFO - [2021-05-15 17:27:31,741] {dag.py:1824} INFO - Sync 1 DAGs
[2021-05-15 17:27:31,746] {logging_mixin.py:104} INFO - [2021-05-15 17:27:31,746] {dag.py:2280} INFO - Setting next_dagrun for tutorial to 2021-05-13 00:00:00+00:00
[2021-05-15 17:27:31,754] {scheduler_job.py:190} INFO - Processing /Users/harry/.local/share/virtualenvs/rugby_data_project_airflow-d2RAFQI6/lib/python3.8/site-packages/airflow/example_dags/tutorial.py took 0.040 seconds
[2021-05-15 17:28:18,305] {scheduler_job.py:182} INFO - Started process (PID=20695) to work on /Users/harry/.local/share/virtualenvs/rugby_data_project_airflow-d2RAFQI6/lib/python3.8/site-packages/airflow/example_dags/tutorial.py
[2021-05-15 17:28:18,305] {scheduler_job.py:629} INFO - Processing file /Users/harry/.local/share/virtualenvs/rugby_data_project_airflow-d2RAFQI6/lib/python3.8/site-packages/airflow/example_dags/tutorial.py for tasks to queue
[2021-05-15 17:28:18,305] {logging_mixin.py:104} INFO - [2021-05-15 17:28:18,305] {dagbag.py:451} INFO - Filling up the DagBag from /Users/harry/.local/share/virtualenvs/rugby_data_project_airflow-d2RAFQI6/lib/python3.8/site-packages/airflow/example_dags/tutorial.py
[2021-05-15 17:28:18,309] {scheduler_job.py:639} INFO - DAG(s) dict_keys(['tutorial']) retrieved from /Users/harry/.local/share/virtualenvs/rugby_data_project_airflow-d2RAFQI6/lib/python3.8/site-packages/airflow/example_dags/tutorial.py
[2021-05-15 17:28:18,330] {logging_mixin.py:104} INFO - [2021-05-15 17:28:18,330] {dag.py:1824} INFO - Sync 1 DAGs
[2021-05-15 17:28:18,335] {logging_mixin.py:104} INFO - [2021-05-15 17:28:18,335] {dag.py:2280} INFO - Setting next_dagrun for tutorial to 2021-05-13 00:00:00+00:00
[2021-05-15 17:28:18,344] {scheduler_job.py:190} INFO - Processing /Users/harry/.local/share/virtualenvs/rugby_data_project_airflow-d2RAFQI6/lib/python3.8/site-packages/airflow/example_dags/tutorial.py took 0.039 seconds
[2021-05-15 17:29:05,814] {scheduler_job.py:182} INFO - Started process (PID=21000) to work on /Users/harry/.local/share/virtualenvs/rugby_data_project_airflow-d2RAFQI6/lib/python3.8/site-packages/airflow/example_dags/tutorial.py
[2021-05-15 17:29:05,814] {scheduler_job.py:629} INFO - Processing file /Users/harry/.local/share/virtualenvs/rugby_data_project_airflow-d2RAFQI6/lib/python3.8/site-packages/airflow/example_dags/tutorial.py for tasks to queue
[2021-05-15 17:29:05,815] {logging_mixin.py:104} INFO - [2021-05-15 17:29:05,815] {dagbag.py:451} INFO - Filling up the DagBag from /Users/harry/.local/share/virtualenvs/rugby_data_project_airflow-d2RAFQI6/lib/python3.8/site-packages/airflow/example_dags/tutorial.py
[2021-05-15 17:29:05,822] {scheduler_job.py:639} INFO - DAG(s) dict_keys(['tutorial']) retrieved from /Users/harry/.local/share/virtualenvs/rugby_data_project_airflow-d2RAFQI6/lib/python3.8/site-packages/airflow/example_dags/tutorial.py
[2021-05-15 17:29:05,849] {logging_mixin.py:104} INFO - [2021-05-15 17:29:05,849] {dag.py:1824} INFO - Sync 1 DAGs
[2021-05-15 17:29:05,855] {logging_mixin.py:104} INFO - [2021-05-15 17:29:05,855] {dag.py:2280} INFO - Setting next_dagrun for tutorial to 2021-05-13 00:00:00+00:00
[2021-05-15 17:29:05,861] {scheduler_job.py:190} INFO - Processing /Users/harry/.local/share/virtualenvs/rugby_data_project_airflow-d2RAFQI6/lib/python3.8/site-packages/airflow/example_dags/tutorial.py took 0.047 seconds
[2021-05-15 17:29:51,971] {scheduler_job.py:182} INFO - Started process (PID=21318) to work on /Users/harry/.local/share/virtualenvs/rugby_data_project_airflow-d2RAFQI6/lib/python3.8/site-packages/airflow/example_dags/tutorial.py
[2021-05-15 17:29:51,972] {scheduler_job.py:629} INFO - Processing file /Users/harry/.local/share/virtualenvs/rugby_data_project_airflow-d2RAFQI6/lib/python3.8/site-packages/airflow/example_dags/tutorial.py for tasks to queue
[2021-05-15 17:29:51,972] {logging_mixin.py:104} INFO - [2021-05-15 17:29:51,972] {dagbag.py:451} INFO - Filling up the DagBag from /Users/harry/.local/share/virtualenvs/rugby_data_project_airflow-d2RAFQI6/lib/python3.8/site-packages/airflow/example_dags/tutorial.py
[2021-05-15 17:29:51,976] {scheduler_job.py:639} INFO - DAG(s) dict_keys(['tutorial']) retrieved from /Users/harry/.local/share/virtualenvs/rugby_data_project_airflow-d2RAFQI6/lib/python3.8/site-packages/airflow/example_dags/tutorial.py
[2021-05-15 17:29:51,998] {logging_mixin.py:104} INFO - [2021-05-15 17:29:51,998] {dag.py:1824} INFO - Sync 1 DAGs
[2021-05-15 17:29:52,003] {logging_mixin.py:104} INFO - [2021-05-15 17:29:52,003] {dag.py:2280} INFO - Setting next_dagrun for tutorial to 2021-05-13 00:00:00+00:00
[2021-05-15 17:29:52,012] {scheduler_job.py:190} INFO - Processing /Users/harry/.local/share/virtualenvs/rugby_data_project_airflow-d2RAFQI6/lib/python3.8/site-packages/airflow/example_dags/tutorial.py took 0.040 seconds
[2021-05-15 17:30:39,697] {scheduler_job.py:182} INFO - Started process (PID=21636) to work on /Users/harry/.local/share/virtualenvs/rugby_data_project_airflow-d2RAFQI6/lib/python3.8/site-packages/airflow/example_dags/tutorial.py
[2021-05-15 17:30:39,699] {scheduler_job.py:629} INFO - Processing file /Users/harry/.local/share/virtualenvs/rugby_data_project_airflow-d2RAFQI6/lib/python3.8/site-packages/airflow/example_dags/tutorial.py for tasks to queue
[2021-05-15 17:30:39,699] {logging_mixin.py:104} INFO - [2021-05-15 17:30:39,699] {dagbag.py:451} INFO - Filling up the DagBag from /Users/harry/.local/share/virtualenvs/rugby_data_project_airflow-d2RAFQI6/lib/python3.8/site-packages/airflow/example_dags/tutorial.py
[2021-05-15 17:30:39,707] {scheduler_job.py:639} INFO - DAG(s) dict_keys(['tutorial']) retrieved from /Users/harry/.local/share/virtualenvs/rugby_data_project_airflow-d2RAFQI6/lib/python3.8/site-packages/airflow/example_dags/tutorial.py
[2021-05-15 17:30:39,730] {logging_mixin.py:104} INFO - [2021-05-15 17:30:39,730] {dag.py:1824} INFO - Sync 1 DAGs
[2021-05-15 17:30:39,736] {logging_mixin.py:104} INFO - [2021-05-15 17:30:39,736] {dag.py:2280} INFO - Setting next_dagrun for tutorial to 2021-05-13 00:00:00+00:00
[2021-05-15 17:30:39,742] {scheduler_job.py:190} INFO - Processing /Users/harry/.local/share/virtualenvs/rugby_data_project_airflow-d2RAFQI6/lib/python3.8/site-packages/airflow/example_dags/tutorial.py took 0.045 seconds
[2021-05-15 17:31:26,507] {scheduler_job.py:182} INFO - Started process (PID=21963) to work on /Users/harry/.local/share/virtualenvs/rugby_data_project_airflow-d2RAFQI6/lib/python3.8/site-packages/airflow/example_dags/tutorial.py
[2021-05-15 17:31:26,509] {scheduler_job.py:629} INFO - Processing file /Users/harry/.local/share/virtualenvs/rugby_data_project_airflow-d2RAFQI6/lib/python3.8/site-packages/airflow/example_dags/tutorial.py for tasks to queue
[2021-05-15 17:31:26,509] {logging_mixin.py:104} INFO - [2021-05-15 17:31:26,509] {dagbag.py:451} INFO - Filling up the DagBag from /Users/harry/.local/share/virtualenvs/rugby_data_project_airflow-d2RAFQI6/lib/python3.8/site-packages/airflow/example_dags/tutorial.py
[2021-05-15 17:31:26,514] {scheduler_job.py:639} INFO - DAG(s) dict_keys(['tutorial']) retrieved from /Users/harry/.local/share/virtualenvs/rugby_data_project_airflow-d2RAFQI6/lib/python3.8/site-packages/airflow/example_dags/tutorial.py
[2021-05-15 17:31:26,538] {logging_mixin.py:104} INFO - [2021-05-15 17:31:26,538] {dag.py:1824} INFO - Sync 1 DAGs
[2021-05-15 17:31:26,544] {logging_mixin.py:104} INFO - [2021-05-15 17:31:26,544] {dag.py:2280} INFO - Setting next_dagrun for tutorial to 2021-05-13 00:00:00+00:00
[2021-05-15 17:31:26,549] {scheduler_job.py:190} INFO - Processing /Users/harry/.local/share/virtualenvs/rugby_data_project_airflow-d2RAFQI6/lib/python3.8/site-packages/airflow/example_dags/tutorial.py took 0.042 seconds
[2021-05-15 17:32:17,051] {scheduler_job.py:182} INFO - Started process (PID=22312) to work on /Users/harry/.local/share/virtualenvs/rugby_data_project_airflow-d2RAFQI6/lib/python3.8/site-packages/airflow/example_dags/tutorial.py
[2021-05-15 17:32:17,051] {scheduler_job.py:629} INFO - Processing file /Users/harry/.local/share/virtualenvs/rugby_data_project_airflow-d2RAFQI6/lib/python3.8/site-packages/airflow/example_dags/tutorial.py for tasks to queue
[2021-05-15 17:32:17,051] {logging_mixin.py:104} INFO - [2021-05-15 17:32:17,051] {dagbag.py:451} INFO - Filling up the DagBag from /Users/harry/.local/share/virtualenvs/rugby_data_project_airflow-d2RAFQI6/lib/python3.8/site-packages/airflow/example_dags/tutorial.py
[2021-05-15 17:32:17,056] {scheduler_job.py:639} INFO - DAG(s) dict_keys(['tutorial']) retrieved from /Users/harry/.local/share/virtualenvs/rugby_data_project_airflow-d2RAFQI6/lib/python3.8/site-packages/airflow/example_dags/tutorial.py
[2021-05-15 17:32:17,079] {logging_mixin.py:104} INFO - [2021-05-15 17:32:17,079] {dag.py:1824} INFO - Sync 1 DAGs
[2021-05-15 17:32:17,084] {logging_mixin.py:104} INFO - [2021-05-15 17:32:17,084] {dag.py:2280} INFO - Setting next_dagrun for tutorial to 2021-05-13 00:00:00+00:00
[2021-05-15 17:32:17,091] {scheduler_job.py:190} INFO - Processing /Users/harry/.local/share/virtualenvs/rugby_data_project_airflow-d2RAFQI6/lib/python3.8/site-packages/airflow/example_dags/tutorial.py took 0.040 seconds
[2021-05-15 17:33:09,621] {scheduler_job.py:182} INFO - Started process (PID=22714) to work on /Users/harry/.local/share/virtualenvs/rugby_data_project_airflow-d2RAFQI6/lib/python3.8/site-packages/airflow/example_dags/tutorial.py
[2021-05-15 17:33:09,621] {scheduler_job.py:629} INFO - Processing file /Users/harry/.local/share/virtualenvs/rugby_data_project_airflow-d2RAFQI6/lib/python3.8/site-packages/airflow/example_dags/tutorial.py for tasks to queue
[2021-05-15 17:33:09,621] {logging_mixin.py:104} INFO - [2021-05-15 17:33:09,621] {dagbag.py:451} INFO - Filling up the DagBag from /Users/harry/.local/share/virtualenvs/rugby_data_project_airflow-d2RAFQI6/lib/python3.8/site-packages/airflow/example_dags/tutorial.py
[2021-05-15 17:33:09,625] {scheduler_job.py:639} INFO - DAG(s) dict_keys(['tutorial']) retrieved from /Users/harry/.local/share/virtualenvs/rugby_data_project_airflow-d2RAFQI6/lib/python3.8/site-packages/airflow/example_dags/tutorial.py
[2021-05-15 17:33:09,649] {logging_mixin.py:104} INFO - [2021-05-15 17:33:09,649] {dag.py:1824} INFO - Sync 1 DAGs
[2021-05-15 17:33:09,655] {logging_mixin.py:104} INFO - [2021-05-15 17:33:09,655] {dag.py:2280} INFO - Setting next_dagrun for tutorial to 2021-05-13 00:00:00+00:00
[2021-05-15 17:33:09,663] {scheduler_job.py:190} INFO - Processing /Users/harry/.local/share/virtualenvs/rugby_data_project_airflow-d2RAFQI6/lib/python3.8/site-packages/airflow/example_dags/tutorial.py took 0.043 seconds
[2021-05-15 17:33:41,163] {scheduler_job.py:182} INFO - Started process (PID=22835) to work on /Users/harry/.local/share/virtualenvs/rugby_data_project_airflow-d2RAFQI6/lib/python3.8/site-packages/airflow/example_dags/tutorial.py
[2021-05-15 17:33:41,164] {scheduler_job.py:629} INFO - Processing file /Users/harry/.local/share/virtualenvs/rugby_data_project_airflow-d2RAFQI6/lib/python3.8/site-packages/airflow/example_dags/tutorial.py for tasks to queue
[2021-05-15 17:33:41,164] {logging_mixin.py:104} INFO - [2021-05-15 17:33:41,164] {dagbag.py:451} INFO - Filling up the DagBag from /Users/harry/.local/share/virtualenvs/rugby_data_project_airflow-d2RAFQI6/lib/python3.8/site-packages/airflow/example_dags/tutorial.py
[2021-05-15 17:33:41,168] {scheduler_job.py:639} INFO - DAG(s) dict_keys(['tutorial']) retrieved from /Users/harry/.local/share/virtualenvs/rugby_data_project_airflow-d2RAFQI6/lib/python3.8/site-packages/airflow/example_dags/tutorial.py
[2021-05-15 17:33:41,192] {logging_mixin.py:104} INFO - [2021-05-15 17:33:41,192] {dag.py:1824} INFO - Sync 1 DAGs
[2021-05-15 17:33:41,198] {logging_mixin.py:104} INFO - [2021-05-15 17:33:41,198] {dag.py:2280} INFO - Setting next_dagrun for tutorial to 2021-05-13 00:00:00+00:00
[2021-05-15 17:33:41,205] {scheduler_job.py:190} INFO - Processing /Users/harry/.local/share/virtualenvs/rugby_data_project_airflow-d2RAFQI6/lib/python3.8/site-packages/airflow/example_dags/tutorial.py took 0.042 seconds
[2021-05-15 17:34:27,749] {scheduler_job.py:182} INFO - Started process (PID=24682) to work on /Users/harry/.local/share/virtualenvs/rugby_data_project_airflow-d2RAFQI6/lib/python3.8/site-packages/airflow/example_dags/tutorial.py
[2021-05-15 17:34:27,750] {scheduler_job.py:629} INFO - Processing file /Users/harry/.local/share/virtualenvs/rugby_data_project_airflow-d2RAFQI6/lib/python3.8/site-packages/airflow/example_dags/tutorial.py for tasks to queue
[2021-05-15 17:34:27,750] {logging_mixin.py:104} INFO - [2021-05-15 17:34:27,750] {dagbag.py:451} INFO - Filling up the DagBag from /Users/harry/.local/share/virtualenvs/rugby_data_project_airflow-d2RAFQI6/lib/python3.8/site-packages/airflow/example_dags/tutorial.py
[2021-05-15 17:34:27,756] {scheduler_job.py:639} INFO - DAG(s) dict_keys(['tutorial']) retrieved from /Users/harry/.local/share/virtualenvs/rugby_data_project_airflow-d2RAFQI6/lib/python3.8/site-packages/airflow/example_dags/tutorial.py
[2021-05-15 17:34:27,779] {logging_mixin.py:104} INFO - [2021-05-15 17:34:27,779] {dag.py:1824} INFO - Sync 1 DAGs
[2021-05-15 17:34:27,784] {logging_mixin.py:104} INFO - [2021-05-15 17:34:27,784] {dag.py:2280} INFO - Setting next_dagrun for tutorial to 2021-05-13 00:00:00+00:00
[2021-05-15 17:34:27,790] {scheduler_job.py:190} INFO - Processing /Users/harry/.local/share/virtualenvs/rugby_data_project_airflow-d2RAFQI6/lib/python3.8/site-packages/airflow/example_dags/tutorial.py took 0.041 seconds
[2021-05-15 17:37:19,831] {scheduler_job.py:182} INFO - Started process (PID=26188) to work on /Users/harry/.local/share/virtualenvs/rugby_data_project_airflow-d2RAFQI6/lib/python3.8/site-packages/airflow/example_dags/tutorial.py
[2021-05-15 17:37:19,832] {scheduler_job.py:629} INFO - Processing file /Users/harry/.local/share/virtualenvs/rugby_data_project_airflow-d2RAFQI6/lib/python3.8/site-packages/airflow/example_dags/tutorial.py for tasks to queue
[2021-05-15 17:37:19,833] {logging_mixin.py:104} INFO - [2021-05-15 17:37:19,832] {dagbag.py:451} INFO - Filling up the DagBag from /Users/harry/.local/share/virtualenvs/rugby_data_project_airflow-d2RAFQI6/lib/python3.8/site-packages/airflow/example_dags/tutorial.py
[2021-05-15 17:37:19,837] {scheduler_job.py:639} INFO - DAG(s) dict_keys(['tutorial']) retrieved from /Users/harry/.local/share/virtualenvs/rugby_data_project_airflow-d2RAFQI6/lib/python3.8/site-packages/airflow/example_dags/tutorial.py
[2021-05-15 17:37:19,860] {logging_mixin.py:104} INFO - [2021-05-15 17:37:19,860] {dag.py:1824} INFO - Sync 1 DAGs
[2021-05-15 17:37:19,866] {logging_mixin.py:104} INFO - [2021-05-15 17:37:19,866] {dag.py:2280} INFO - Setting next_dagrun for tutorial to 2021-05-13 00:00:00+00:00
[2021-05-15 17:37:19,872] {scheduler_job.py:190} INFO - Processing /Users/harry/.local/share/virtualenvs/rugby_data_project_airflow-d2RAFQI6/lib/python3.8/site-packages/airflow/example_dags/tutorial.py took 0.041 seconds
[2021-05-15 17:40:56,638] {scheduler_job.py:182} INFO - Started process (PID=27899) to work on /Users/harry/.local/share/virtualenvs/rugby_data_project_airflow-d2RAFQI6/lib/python3.8/site-packages/airflow/example_dags/tutorial.py
[2021-05-15 17:40:56,639] {scheduler_job.py:629} INFO - Processing file /Users/harry/.local/share/virtualenvs/rugby_data_project_airflow-d2RAFQI6/lib/python3.8/site-packages/airflow/example_dags/tutorial.py for tasks to queue
[2021-05-15 17:40:56,640] {logging_mixin.py:104} INFO - [2021-05-15 17:40:56,640] {dagbag.py:451} INFO - Filling up the DagBag from /Users/harry/.local/share/virtualenvs/rugby_data_project_airflow-d2RAFQI6/lib/python3.8/site-packages/airflow/example_dags/tutorial.py
[2021-05-15 17:40:56,644] {scheduler_job.py:639} INFO - DAG(s) dict_keys(['tutorial']) retrieved from /Users/harry/.local/share/virtualenvs/rugby_data_project_airflow-d2RAFQI6/lib/python3.8/site-packages/airflow/example_dags/tutorial.py
[2021-05-15 17:40:56,668] {logging_mixin.py:104} INFO - [2021-05-15 17:40:56,668] {dag.py:1824} INFO - Sync 1 DAGs
[2021-05-15 17:40:56,674] {logging_mixin.py:104} INFO - [2021-05-15 17:40:56,674] {dag.py:2280} INFO - Setting next_dagrun for tutorial to 2021-05-13 00:00:00+00:00
[2021-05-15 17:40:56,681] {scheduler_job.py:190} INFO - Processing /Users/harry/.local/share/virtualenvs/rugby_data_project_airflow-d2RAFQI6/lib/python3.8/site-packages/airflow/example_dags/tutorial.py took 0.044 seconds
[2021-05-15 17:44:32,606] {scheduler_job.py:182} INFO - Started process (PID=29618) to work on /Users/harry/.local/share/virtualenvs/rugby_data_project_airflow-d2RAFQI6/lib/python3.8/site-packages/airflow/example_dags/tutorial.py
[2021-05-15 17:44:32,608] {scheduler_job.py:629} INFO - Processing file /Users/harry/.local/share/virtualenvs/rugby_data_project_airflow-d2RAFQI6/lib/python3.8/site-packages/airflow/example_dags/tutorial.py for tasks to queue
[2021-05-15 17:44:32,608] {logging_mixin.py:104} INFO - [2021-05-15 17:44:32,608] {dagbag.py:451} INFO - Filling up the DagBag from /Users/harry/.local/share/virtualenvs/rugby_data_project_airflow-d2RAFQI6/lib/python3.8/site-packages/airflow/example_dags/tutorial.py
[2021-05-15 17:44:32,613] {scheduler_job.py:639} INFO - DAG(s) dict_keys(['tutorial']) retrieved from /Users/harry/.local/share/virtualenvs/rugby_data_project_airflow-d2RAFQI6/lib/python3.8/site-packages/airflow/example_dags/tutorial.py
[2021-05-15 17:44:32,636] {logging_mixin.py:104} INFO - [2021-05-15 17:44:32,636] {dag.py:1824} INFO - Sync 1 DAGs
[2021-05-15 17:44:32,641] {logging_mixin.py:104} INFO - [2021-05-15 17:44:32,641] {dag.py:2280} INFO - Setting next_dagrun for tutorial to 2021-05-13 00:00:00+00:00
[2021-05-15 17:44:32,647] {scheduler_job.py:190} INFO - Processing /Users/harry/.local/share/virtualenvs/rugby_data_project_airflow-d2RAFQI6/lib/python3.8/site-packages/airflow/example_dags/tutorial.py took 0.041 seconds
[2021-05-15 17:51:54,172] {scheduler_job.py:182} INFO - Started process (PID=31579) to work on /Users/harry/.local/share/virtualenvs/rugby_data_project_airflow-d2RAFQI6/lib/python3.8/site-packages/airflow/example_dags/tutorial.py
[2021-05-15 17:51:54,174] {scheduler_job.py:629} INFO - Processing file /Users/harry/.local/share/virtualenvs/rugby_data_project_airflow-d2RAFQI6/lib/python3.8/site-packages/airflow/example_dags/tutorial.py for tasks to queue
[2021-05-15 17:51:54,174] {logging_mixin.py:104} INFO - [2021-05-15 17:51:54,174] {dagbag.py:451} INFO - Filling up the DagBag from /Users/harry/.local/share/virtualenvs/rugby_data_project_airflow-d2RAFQI6/lib/python3.8/site-packages/airflow/example_dags/tutorial.py
[2021-05-15 17:51:54,179] {scheduler_job.py:639} INFO - DAG(s) dict_keys(['tutorial']) retrieved from /Users/harry/.local/share/virtualenvs/rugby_data_project_airflow-d2RAFQI6/lib/python3.8/site-packages/airflow/example_dags/tutorial.py
[2021-05-15 17:51:54,204] {logging_mixin.py:104} INFO - [2021-05-15 17:51:54,204] {dag.py:1824} INFO - Sync 1 DAGs
[2021-05-15 17:51:54,209] {logging_mixin.py:104} INFO - [2021-05-15 17:51:54,209] {dag.py:2280} INFO - Setting next_dagrun for tutorial to 2021-05-13 00:00:00+00:00
[2021-05-15 17:51:54,215] {scheduler_job.py:190} INFO - Processing /Users/harry/.local/share/virtualenvs/rugby_data_project_airflow-d2RAFQI6/lib/python3.8/site-packages/airflow/example_dags/tutorial.py took 0.043 seconds
[2021-05-15 17:55:29,554] {scheduler_job.py:182} INFO - Started process (PID=33386) to work on /Users/harry/.local/share/virtualenvs/rugby_data_project_airflow-d2RAFQI6/lib/python3.8/site-packages/airflow/example_dags/tutorial.py
[2021-05-15 17:55:29,556] {scheduler_job.py:629} INFO - Processing file /Users/harry/.local/share/virtualenvs/rugby_data_project_airflow-d2RAFQI6/lib/python3.8/site-packages/airflow/example_dags/tutorial.py for tasks to queue
[2021-05-15 17:55:29,557] {logging_mixin.py:104} INFO - [2021-05-15 17:55:29,557] {dagbag.py:451} INFO - Filling up the DagBag from /Users/harry/.local/share/virtualenvs/rugby_data_project_airflow-d2RAFQI6/lib/python3.8/site-packages/airflow/example_dags/tutorial.py
[2021-05-15 17:55:29,562] {scheduler_job.py:639} INFO - DAG(s) dict_keys(['tutorial']) retrieved from /Users/harry/.local/share/virtualenvs/rugby_data_project_airflow-d2RAFQI6/lib/python3.8/site-packages/airflow/example_dags/tutorial.py
[2021-05-15 17:55:29,584] {logging_mixin.py:104} INFO - [2021-05-15 17:55:29,584] {dag.py:1824} INFO - Sync 1 DAGs
[2021-05-15 17:55:29,589] {logging_mixin.py:104} INFO - [2021-05-15 17:55:29,589] {dag.py:2280} INFO - Setting next_dagrun for tutorial to 2021-05-13 00:00:00+00:00
[2021-05-15 17:55:29,595] {scheduler_job.py:190} INFO - Processing /Users/harry/.local/share/virtualenvs/rugby_data_project_airflow-d2RAFQI6/lib/python3.8/site-packages/airflow/example_dags/tutorial.py took 0.041 seconds
[2021-05-15 17:59:15,075] {scheduler_job.py:182} INFO - Started process (PID=35346) to work on /Users/harry/.local/share/virtualenvs/rugby_data_project_airflow-d2RAFQI6/lib/python3.8/site-packages/airflow/example_dags/tutorial.py
[2021-05-15 17:59:15,077] {scheduler_job.py:629} INFO - Processing file /Users/harry/.local/share/virtualenvs/rugby_data_project_airflow-d2RAFQI6/lib/python3.8/site-packages/airflow/example_dags/tutorial.py for tasks to queue
[2021-05-15 17:59:15,078] {logging_mixin.py:104} INFO - [2021-05-15 17:59:15,078] {dagbag.py:451} INFO - Filling up the DagBag from /Users/harry/.local/share/virtualenvs/rugby_data_project_airflow-d2RAFQI6/lib/python3.8/site-packages/airflow/example_dags/tutorial.py
[2021-05-15 17:59:15,091] {scheduler_job.py:639} INFO - DAG(s) dict_keys(['tutorial']) retrieved from /Users/harry/.local/share/virtualenvs/rugby_data_project_airflow-d2RAFQI6/lib/python3.8/site-packages/airflow/example_dags/tutorial.py
[2021-05-15 17:59:15,242] {logging_mixin.py:104} INFO - [2021-05-15 17:59:15,242] {dag.py:1824} INFO - Sync 1 DAGs
[2021-05-15 17:59:15,288] {logging_mixin.py:104} INFO - [2021-05-15 17:59:15,288] {dag.py:2280} INFO - Setting next_dagrun for tutorial to 2021-05-13 00:00:00+00:00
[2021-05-15 17:59:15,306] {scheduler_job.py:190} INFO - Processing /Users/harry/.local/share/virtualenvs/rugby_data_project_airflow-d2RAFQI6/lib/python3.8/site-packages/airflow/example_dags/tutorial.py took 0.231 seconds
[2021-05-15 18:02:51,950] {scheduler_job.py:182} INFO - Started process (PID=37108) to work on /Users/harry/.local/share/virtualenvs/rugby_data_project_airflow-d2RAFQI6/lib/python3.8/site-packages/airflow/example_dags/tutorial.py
[2021-05-15 18:02:51,950] {scheduler_job.py:629} INFO - Processing file /Users/harry/.local/share/virtualenvs/rugby_data_project_airflow-d2RAFQI6/lib/python3.8/site-packages/airflow/example_dags/tutorial.py for tasks to queue
[2021-05-15 18:02:51,951] {logging_mixin.py:104} INFO - [2021-05-15 18:02:51,951] {dagbag.py:451} INFO - Filling up the DagBag from /Users/harry/.local/share/virtualenvs/rugby_data_project_airflow-d2RAFQI6/lib/python3.8/site-packages/airflow/example_dags/tutorial.py
[2021-05-15 18:02:51,955] {scheduler_job.py:639} INFO - DAG(s) dict_keys(['tutorial']) retrieved from /Users/harry/.local/share/virtualenvs/rugby_data_project_airflow-d2RAFQI6/lib/python3.8/site-packages/airflow/example_dags/tutorial.py
[2021-05-15 18:02:51,977] {logging_mixin.py:104} INFO - [2021-05-15 18:02:51,977] {dag.py:1824} INFO - Sync 1 DAGs
[2021-05-15 18:02:51,983] {logging_mixin.py:104} INFO - [2021-05-15 18:02:51,982] {dag.py:2280} INFO - Setting next_dagrun for tutorial to 2021-05-13 00:00:00+00:00
[2021-05-15 18:02:51,990] {scheduler_job.py:190} INFO - Processing /Users/harry/.local/share/virtualenvs/rugby_data_project_airflow-d2RAFQI6/lib/python3.8/site-packages/airflow/example_dags/tutorial.py took 0.040 seconds
[2021-05-15 18:06:24,834] {scheduler_job.py:182} INFO - Started process (PID=38875) to work on /Users/harry/.local/share/virtualenvs/rugby_data_project_airflow-d2RAFQI6/lib/python3.8/site-packages/airflow/example_dags/tutorial.py
[2021-05-15 18:06:24,835] {scheduler_job.py:629} INFO - Processing file /Users/harry/.local/share/virtualenvs/rugby_data_project_airflow-d2RAFQI6/lib/python3.8/site-packages/airflow/example_dags/tutorial.py for tasks to queue
[2021-05-15 18:06:24,835] {logging_mixin.py:104} INFO - [2021-05-15 18:06:24,835] {dagbag.py:451} INFO - Filling up the DagBag from /Users/harry/.local/share/virtualenvs/rugby_data_project_airflow-d2RAFQI6/lib/python3.8/site-packages/airflow/example_dags/tutorial.py
[2021-05-15 18:06:24,840] {scheduler_job.py:639} INFO - DAG(s) dict_keys(['tutorial']) retrieved from /Users/harry/.local/share/virtualenvs/rugby_data_project_airflow-d2RAFQI6/lib/python3.8/site-packages/airflow/example_dags/tutorial.py
[2021-05-15 18:06:24,864] {logging_mixin.py:104} INFO - [2021-05-15 18:06:24,864] {dag.py:1824} INFO - Sync 1 DAGs
[2021-05-15 18:06:24,869] {logging_mixin.py:104} INFO - [2021-05-15 18:06:24,869] {dag.py:2280} INFO - Setting next_dagrun for tutorial to 2021-05-13 00:00:00+00:00
[2021-05-15 18:06:24,876] {scheduler_job.py:190} INFO - Processing /Users/harry/.local/share/virtualenvs/rugby_data_project_airflow-d2RAFQI6/lib/python3.8/site-packages/airflow/example_dags/tutorial.py took 0.043 seconds
[2021-05-15 18:09:57,020] {scheduler_job.py:182} INFO - Started process (PID=40661) to work on /Users/harry/.local/share/virtualenvs/rugby_data_project_airflow-d2RAFQI6/lib/python3.8/site-packages/airflow/example_dags/tutorial.py
[2021-05-15 18:09:57,020] {scheduler_job.py:629} INFO - Processing file /Users/harry/.local/share/virtualenvs/rugby_data_project_airflow-d2RAFQI6/lib/python3.8/site-packages/airflow/example_dags/tutorial.py for tasks to queue
[2021-05-15 18:09:57,020] {logging_mixin.py:104} INFO - [2021-05-15 18:09:57,020] {dagbag.py:451} INFO - Filling up the DagBag from /Users/harry/.local/share/virtualenvs/rugby_data_project_airflow-d2RAFQI6/lib/python3.8/site-packages/airflow/example_dags/tutorial.py
[2021-05-15 18:09:57,025] {scheduler_job.py:639} INFO - DAG(s) dict_keys(['tutorial']) retrieved from /Users/harry/.local/share/virtualenvs/rugby_data_project_airflow-d2RAFQI6/lib/python3.8/site-packages/airflow/example_dags/tutorial.py
[2021-05-15 18:09:57,048] {logging_mixin.py:104} INFO - [2021-05-15 18:09:57,047] {dag.py:1824} INFO - Sync 1 DAGs
[2021-05-15 18:09:57,053] {logging_mixin.py:104} INFO - [2021-05-15 18:09:57,053] {dag.py:2280} INFO - Setting next_dagrun for tutorial to 2021-05-13 00:00:00+00:00
[2021-05-15 18:09:57,058] {scheduler_job.py:190} INFO - Processing /Users/harry/.local/share/virtualenvs/rugby_data_project_airflow-d2RAFQI6/lib/python3.8/site-packages/airflow/example_dags/tutorial.py took 0.039 seconds
[2021-05-15 18:20:15,423] {scheduler_job.py:182} INFO - Started process (PID=42516) to work on /Users/harry/.local/share/virtualenvs/rugby_data_project_airflow-d2RAFQI6/lib/python3.8/site-packages/airflow/example_dags/tutorial.py
[2021-05-15 18:20:15,425] {scheduler_job.py:629} INFO - Processing file /Users/harry/.local/share/virtualenvs/rugby_data_project_airflow-d2RAFQI6/lib/python3.8/site-packages/airflow/example_dags/tutorial.py for tasks to queue
[2021-05-15 18:20:15,425] {logging_mixin.py:104} INFO - [2021-05-15 18:20:15,425] {dagbag.py:451} INFO - Filling up the DagBag from /Users/harry/.local/share/virtualenvs/rugby_data_project_airflow-d2RAFQI6/lib/python3.8/site-packages/airflow/example_dags/tutorial.py
[2021-05-15 18:20:15,430] {scheduler_job.py:639} INFO - DAG(s) dict_keys(['tutorial']) retrieved from /Users/harry/.local/share/virtualenvs/rugby_data_project_airflow-d2RAFQI6/lib/python3.8/site-packages/airflow/example_dags/tutorial.py
[2021-05-15 18:20:15,457] {logging_mixin.py:104} INFO - [2021-05-15 18:20:15,457] {dag.py:1824} INFO - Sync 1 DAGs
[2021-05-15 18:20:15,462] {logging_mixin.py:104} INFO - [2021-05-15 18:20:15,462] {dag.py:2280} INFO - Setting next_dagrun for tutorial to 2021-05-13 00:00:00+00:00
[2021-05-15 18:20:15,468] {scheduler_job.py:190} INFO - Processing /Users/harry/.local/share/virtualenvs/rugby_data_project_airflow-d2RAFQI6/lib/python3.8/site-packages/airflow/example_dags/tutorial.py took 0.045 seconds
[2021-05-15 18:23:58,250] {scheduler_job.py:182} INFO - Started process (PID=44344) to work on /Users/harry/.local/share/virtualenvs/rugby_data_project_airflow-d2RAFQI6/lib/python3.8/site-packages/airflow/example_dags/tutorial.py
[2021-05-15 18:23:58,251] {scheduler_job.py:629} INFO - Processing file /Users/harry/.local/share/virtualenvs/rugby_data_project_airflow-d2RAFQI6/lib/python3.8/site-packages/airflow/example_dags/tutorial.py for tasks to queue
[2021-05-15 18:23:58,252] {logging_mixin.py:104} INFO - [2021-05-15 18:23:58,252] {dagbag.py:451} INFO - Filling up the DagBag from /Users/harry/.local/share/virtualenvs/rugby_data_project_airflow-d2RAFQI6/lib/python3.8/site-packages/airflow/example_dags/tutorial.py
[2021-05-15 18:23:58,261] {scheduler_job.py:639} INFO - DAG(s) dict_keys(['tutorial']) retrieved from /Users/harry/.local/share/virtualenvs/rugby_data_project_airflow-d2RAFQI6/lib/python3.8/site-packages/airflow/example_dags/tutorial.py
[2021-05-15 18:23:58,291] {logging_mixin.py:104} INFO - [2021-05-15 18:23:58,291] {dag.py:1824} INFO - Sync 1 DAGs
[2021-05-15 18:23:58,296] {logging_mixin.py:104} INFO - [2021-05-15 18:23:58,296] {dag.py:2280} INFO - Setting next_dagrun for tutorial to 2021-05-13 00:00:00+00:00
[2021-05-15 18:23:58,301] {scheduler_job.py:190} INFO - Processing /Users/harry/.local/share/virtualenvs/rugby_data_project_airflow-d2RAFQI6/lib/python3.8/site-packages/airflow/example_dags/tutorial.py took 0.052 seconds
[2021-05-15 18:27:28,778] {scheduler_job.py:182} INFO - Started process (PID=46092) to work on /Users/harry/.local/share/virtualenvs/rugby_data_project_airflow-d2RAFQI6/lib/python3.8/site-packages/airflow/example_dags/tutorial.py
[2021-05-15 18:27:28,778] {scheduler_job.py:629} INFO - Processing file /Users/harry/.local/share/virtualenvs/rugby_data_project_airflow-d2RAFQI6/lib/python3.8/site-packages/airflow/example_dags/tutorial.py for tasks to queue
[2021-05-15 18:27:28,779] {logging_mixin.py:104} INFO - [2021-05-15 18:27:28,778] {dagbag.py:451} INFO - Filling up the DagBag from /Users/harry/.local/share/virtualenvs/rugby_data_project_airflow-d2RAFQI6/lib/python3.8/site-packages/airflow/example_dags/tutorial.py
[2021-05-15 18:27:28,783] {scheduler_job.py:639} INFO - DAG(s) dict_keys(['tutorial']) retrieved from /Users/harry/.local/share/virtualenvs/rugby_data_project_airflow-d2RAFQI6/lib/python3.8/site-packages/airflow/example_dags/tutorial.py
[2021-05-15 18:27:28,804] {logging_mixin.py:104} INFO - [2021-05-15 18:27:28,804] {dag.py:1824} INFO - Sync 1 DAGs
[2021-05-15 18:27:28,809] {logging_mixin.py:104} INFO - [2021-05-15 18:27:28,809] {dag.py:2280} INFO - Setting next_dagrun for tutorial to 2021-05-13 00:00:00+00:00
[2021-05-15 18:27:28,815] {scheduler_job.py:190} INFO - Processing /Users/harry/.local/share/virtualenvs/rugby_data_project_airflow-d2RAFQI6/lib/python3.8/site-packages/airflow/example_dags/tutorial.py took 0.038 seconds
[2021-05-15 18:31:00,523] {scheduler_job.py:182} INFO - Started process (PID=47777) to work on /Users/harry/.local/share/virtualenvs/rugby_data_project_airflow-d2RAFQI6/lib/python3.8/site-packages/airflow/example_dags/tutorial.py
[2021-05-15 18:31:00,523] {scheduler_job.py:629} INFO - Processing file /Users/harry/.local/share/virtualenvs/rugby_data_project_airflow-d2RAFQI6/lib/python3.8/site-packages/airflow/example_dags/tutorial.py for tasks to queue
[2021-05-15 18:31:00,523] {logging_mixin.py:104} INFO - [2021-05-15 18:31:00,523] {dagbag.py:451} INFO - Filling up the DagBag from /Users/harry/.local/share/virtualenvs/rugby_data_project_airflow-d2RAFQI6/lib/python3.8/site-packages/airflow/example_dags/tutorial.py
[2021-05-15 18:31:00,527] {scheduler_job.py:639} INFO - DAG(s) dict_keys(['tutorial']) retrieved from /Users/harry/.local/share/virtualenvs/rugby_data_project_airflow-d2RAFQI6/lib/python3.8/site-packages/airflow/example_dags/tutorial.py
[2021-05-15 18:31:00,549] {logging_mixin.py:104} INFO - [2021-05-15 18:31:00,549] {dag.py:1824} INFO - Sync 1 DAGs
[2021-05-15 18:31:00,554] {logging_mixin.py:104} INFO - [2021-05-15 18:31:00,554] {dag.py:2280} INFO - Setting next_dagrun for tutorial to 2021-05-13 00:00:00+00:00
[2021-05-15 18:31:00,560] {scheduler_job.py:190} INFO - Processing /Users/harry/.local/share/virtualenvs/rugby_data_project_airflow-d2RAFQI6/lib/python3.8/site-packages/airflow/example_dags/tutorial.py took 0.037 seconds
[2021-05-15 18:46:07,103] {scheduler_job.py:182} INFO - Started process (PID=49578) to work on /Users/harry/.local/share/virtualenvs/rugby_data_project_airflow-d2RAFQI6/lib/python3.8/site-packages/airflow/example_dags/tutorial.py
[2021-05-15 18:46:07,105] {scheduler_job.py:629} INFO - Processing file /Users/harry/.local/share/virtualenvs/rugby_data_project_airflow-d2RAFQI6/lib/python3.8/site-packages/airflow/example_dags/tutorial.py for tasks to queue
[2021-05-15 18:46:07,105] {logging_mixin.py:104} INFO - [2021-05-15 18:46:07,105] {dagbag.py:451} INFO - Filling up the DagBag from /Users/harry/.local/share/virtualenvs/rugby_data_project_airflow-d2RAFQI6/lib/python3.8/site-packages/airflow/example_dags/tutorial.py
[2021-05-15 18:46:07,110] {scheduler_job.py:639} INFO - DAG(s) dict_keys(['tutorial']) retrieved from /Users/harry/.local/share/virtualenvs/rugby_data_project_airflow-d2RAFQI6/lib/python3.8/site-packages/airflow/example_dags/tutorial.py
[2021-05-15 18:46:07,136] {logging_mixin.py:104} INFO - [2021-05-15 18:46:07,136] {dag.py:1824} INFO - Sync 1 DAGs
[2021-05-15 18:46:07,141] {logging_mixin.py:104} INFO - [2021-05-15 18:46:07,141] {dag.py:2280} INFO - Setting next_dagrun for tutorial to 2021-05-13 00:00:00+00:00
[2021-05-15 18:46:07,147] {scheduler_job.py:190} INFO - Processing /Users/harry/.local/share/virtualenvs/rugby_data_project_airflow-d2RAFQI6/lib/python3.8/site-packages/airflow/example_dags/tutorial.py took 0.045 seconds
[2021-05-15 18:49:41,992] {scheduler_job.py:182} INFO - Started process (PID=51462) to work on /Users/harry/.local/share/virtualenvs/rugby_data_project_airflow-d2RAFQI6/lib/python3.8/site-packages/airflow/example_dags/tutorial.py
[2021-05-15 18:49:41,993] {scheduler_job.py:629} INFO - Processing file /Users/harry/.local/share/virtualenvs/rugby_data_project_airflow-d2RAFQI6/lib/python3.8/site-packages/airflow/example_dags/tutorial.py for tasks to queue
[2021-05-15 18:49:41,993] {logging_mixin.py:104} INFO - [2021-05-15 18:49:41,993] {dagbag.py:451} INFO - Filling up the DagBag from /Users/harry/.local/share/virtualenvs/rugby_data_project_airflow-d2RAFQI6/lib/python3.8/site-packages/airflow/example_dags/tutorial.py
[2021-05-15 18:49:41,999] {scheduler_job.py:639} INFO - DAG(s) dict_keys(['tutorial']) retrieved from /Users/harry/.local/share/virtualenvs/rugby_data_project_airflow-d2RAFQI6/lib/python3.8/site-packages/airflow/example_dags/tutorial.py
[2021-05-15 18:49:42,022] {logging_mixin.py:104} INFO - [2021-05-15 18:49:42,022] {dag.py:1824} INFO - Sync 1 DAGs
[2021-05-15 18:49:42,027] {logging_mixin.py:104} INFO - [2021-05-15 18:49:42,027] {dag.py:2280} INFO - Setting next_dagrun for tutorial to 2021-05-13 00:00:00+00:00
[2021-05-15 18:49:42,033] {scheduler_job.py:190} INFO - Processing /Users/harry/.local/share/virtualenvs/rugby_data_project_airflow-d2RAFQI6/lib/python3.8/site-packages/airflow/example_dags/tutorial.py took 0.042 seconds
[2021-05-15 18:53:23,136] {scheduler_job.py:182} INFO - Started process (PID=53240) to work on /Users/harry/.local/share/virtualenvs/rugby_data_project_airflow-d2RAFQI6/lib/python3.8/site-packages/airflow/example_dags/tutorial.py
[2021-05-15 18:53:23,136] {scheduler_job.py:629} INFO - Processing file /Users/harry/.local/share/virtualenvs/rugby_data_project_airflow-d2RAFQI6/lib/python3.8/site-packages/airflow/example_dags/tutorial.py for tasks to queue
[2021-05-15 18:53:23,137] {logging_mixin.py:104} INFO - [2021-05-15 18:53:23,137] {dagbag.py:451} INFO - Filling up the DagBag from /Users/harry/.local/share/virtualenvs/rugby_data_project_airflow-d2RAFQI6/lib/python3.8/site-packages/airflow/example_dags/tutorial.py
[2021-05-15 18:53:23,142] {scheduler_job.py:639} INFO - DAG(s) dict_keys(['tutorial']) retrieved from /Users/harry/.local/share/virtualenvs/rugby_data_project_airflow-d2RAFQI6/lib/python3.8/site-packages/airflow/example_dags/tutorial.py
[2021-05-15 18:53:23,168] {logging_mixin.py:104} INFO - [2021-05-15 18:53:23,168] {dag.py:1824} INFO - Sync 1 DAGs
[2021-05-15 18:53:23,177] {logging_mixin.py:104} INFO - [2021-05-15 18:53:23,177] {dag.py:2280} INFO - Setting next_dagrun for tutorial to 2021-05-13 00:00:00+00:00
[2021-05-15 18:53:23,185] {scheduler_job.py:190} INFO - Processing /Users/harry/.local/share/virtualenvs/rugby_data_project_airflow-d2RAFQI6/lib/python3.8/site-packages/airflow/example_dags/tutorial.py took 0.050 seconds
[2021-05-15 18:57:21,754] {scheduler_job.py:182} INFO - Started process (PID=55193) to work on /Users/harry/.local/share/virtualenvs/rugby_data_project_airflow-d2RAFQI6/lib/python3.8/site-packages/airflow/example_dags/tutorial.py
[2021-05-15 18:57:21,755] {scheduler_job.py:629} INFO - Processing file /Users/harry/.local/share/virtualenvs/rugby_data_project_airflow-d2RAFQI6/lib/python3.8/site-packages/airflow/example_dags/tutorial.py for tasks to queue
[2021-05-15 18:57:21,755] {logging_mixin.py:104} INFO - [2021-05-15 18:57:21,755] {dagbag.py:451} INFO - Filling up the DagBag from /Users/harry/.local/share/virtualenvs/rugby_data_project_airflow-d2RAFQI6/lib/python3.8/site-packages/airflow/example_dags/tutorial.py
[2021-05-15 18:57:21,761] {scheduler_job.py:639} INFO - DAG(s) dict_keys(['tutorial']) retrieved from /Users/harry/.local/share/virtualenvs/rugby_data_project_airflow-d2RAFQI6/lib/python3.8/site-packages/airflow/example_dags/tutorial.py
[2021-05-15 18:57:21,786] {logging_mixin.py:104} INFO - [2021-05-15 18:57:21,786] {dag.py:1824} INFO - Sync 1 DAGs
[2021-05-15 18:57:21,792] {logging_mixin.py:104} INFO - [2021-05-15 18:57:21,792] {dag.py:2280} INFO - Setting next_dagrun for tutorial to 2021-05-13 00:00:00+00:00
[2021-05-15 18:57:21,797] {scheduler_job.py:190} INFO - Processing /Users/harry/.local/share/virtualenvs/rugby_data_project_airflow-d2RAFQI6/lib/python3.8/site-packages/airflow/example_dags/tutorial.py took 0.044 seconds
[2021-05-15 19:00:57,619] {scheduler_job.py:182} INFO - Started process (PID=56956) to work on /Users/harry/.local/share/virtualenvs/rugby_data_project_airflow-d2RAFQI6/lib/python3.8/site-packages/airflow/example_dags/tutorial.py
[2021-05-15 19:00:57,620] {scheduler_job.py:629} INFO - Processing file /Users/harry/.local/share/virtualenvs/rugby_data_project_airflow-d2RAFQI6/lib/python3.8/site-packages/airflow/example_dags/tutorial.py for tasks to queue
[2021-05-15 19:00:57,620] {logging_mixin.py:104} INFO - [2021-05-15 19:00:57,620] {dagbag.py:451} INFO - Filling up the DagBag from /Users/harry/.local/share/virtualenvs/rugby_data_project_airflow-d2RAFQI6/lib/python3.8/site-packages/airflow/example_dags/tutorial.py
[2021-05-15 19:00:57,626] {scheduler_job.py:639} INFO - DAG(s) dict_keys(['tutorial']) retrieved from /Users/harry/.local/share/virtualenvs/rugby_data_project_airflow-d2RAFQI6/lib/python3.8/site-packages/airflow/example_dags/tutorial.py
[2021-05-15 19:00:57,649] {logging_mixin.py:104} INFO - [2021-05-15 19:00:57,649] {dag.py:1824} INFO - Sync 1 DAGs
[2021-05-15 19:00:57,654] {logging_mixin.py:104} INFO - [2021-05-15 19:00:57,654] {dag.py:2280} INFO - Setting next_dagrun for tutorial to 2021-05-13 00:00:00+00:00
[2021-05-15 19:00:57,661] {scheduler_job.py:190} INFO - Processing /Users/harry/.local/share/virtualenvs/rugby_data_project_airflow-d2RAFQI6/lib/python3.8/site-packages/airflow/example_dags/tutorial.py took 0.042 seconds
[2021-05-15 19:04:34,941] {scheduler_job.py:182} INFO - Started process (PID=58791) to work on /Users/harry/.local/share/virtualenvs/rugby_data_project_airflow-d2RAFQI6/lib/python3.8/site-packages/airflow/example_dags/tutorial.py
[2021-05-15 19:04:34,942] {scheduler_job.py:629} INFO - Processing file /Users/harry/.local/share/virtualenvs/rugby_data_project_airflow-d2RAFQI6/lib/python3.8/site-packages/airflow/example_dags/tutorial.py for tasks to queue
[2021-05-15 19:04:34,943] {logging_mixin.py:104} INFO - [2021-05-15 19:04:34,942] {dagbag.py:451} INFO - Filling up the DagBag from /Users/harry/.local/share/virtualenvs/rugby_data_project_airflow-d2RAFQI6/lib/python3.8/site-packages/airflow/example_dags/tutorial.py
[2021-05-15 19:04:34,947] {scheduler_job.py:639} INFO - DAG(s) dict_keys(['tutorial']) retrieved from /Users/harry/.local/share/virtualenvs/rugby_data_project_airflow-d2RAFQI6/lib/python3.8/site-packages/airflow/example_dags/tutorial.py
[2021-05-15 19:04:34,970] {logging_mixin.py:104} INFO - [2021-05-15 19:04:34,970] {dag.py:1824} INFO - Sync 1 DAGs
[2021-05-15 19:04:34,975] {logging_mixin.py:104} INFO - [2021-05-15 19:04:34,975] {dag.py:2280} INFO - Setting next_dagrun for tutorial to 2021-05-13 00:00:00+00:00
[2021-05-15 19:04:34,981] {scheduler_job.py:190} INFO - Processing /Users/harry/.local/share/virtualenvs/rugby_data_project_airflow-d2RAFQI6/lib/python3.8/site-packages/airflow/example_dags/tutorial.py took 0.040 seconds
[2021-05-15 19:08:16,684] {scheduler_job.py:182} INFO - Started process (PID=60614) to work on /Users/harry/.local/share/virtualenvs/rugby_data_project_airflow-d2RAFQI6/lib/python3.8/site-packages/airflow/example_dags/tutorial.py
[2021-05-15 19:08:16,685] {scheduler_job.py:629} INFO - Processing file /Users/harry/.local/share/virtualenvs/rugby_data_project_airflow-d2RAFQI6/lib/python3.8/site-packages/airflow/example_dags/tutorial.py for tasks to queue
[2021-05-15 19:08:16,686] {logging_mixin.py:104} INFO - [2021-05-15 19:08:16,685] {dagbag.py:451} INFO - Filling up the DagBag from /Users/harry/.local/share/virtualenvs/rugby_data_project_airflow-d2RAFQI6/lib/python3.8/site-packages/airflow/example_dags/tutorial.py
[2021-05-15 19:08:16,690] {scheduler_job.py:639} INFO - DAG(s) dict_keys(['tutorial']) retrieved from /Users/harry/.local/share/virtualenvs/rugby_data_project_airflow-d2RAFQI6/lib/python3.8/site-packages/airflow/example_dags/tutorial.py
[2021-05-15 19:08:16,714] {logging_mixin.py:104} INFO - [2021-05-15 19:08:16,714] {dag.py:1824} INFO - Sync 1 DAGs
[2021-05-15 19:08:16,719] {logging_mixin.py:104} INFO - [2021-05-15 19:08:16,719] {dag.py:2280} INFO - Setting next_dagrun for tutorial to 2021-05-13 00:00:00+00:00
[2021-05-15 19:08:16,725] {scheduler_job.py:190} INFO - Processing /Users/harry/.local/share/virtualenvs/rugby_data_project_airflow-d2RAFQI6/lib/python3.8/site-packages/airflow/example_dags/tutorial.py took 0.042 seconds
[2021-05-15 19:11:52,948] {scheduler_job.py:182} INFO - Started process (PID=62414) to work on /Users/harry/.local/share/virtualenvs/rugby_data_project_airflow-d2RAFQI6/lib/python3.8/site-packages/airflow/example_dags/tutorial.py
[2021-05-15 19:11:52,949] {scheduler_job.py:629} INFO - Processing file /Users/harry/.local/share/virtualenvs/rugby_data_project_airflow-d2RAFQI6/lib/python3.8/site-packages/airflow/example_dags/tutorial.py for tasks to queue
[2021-05-15 19:11:52,949] {logging_mixin.py:104} INFO - [2021-05-15 19:11:52,949] {dagbag.py:451} INFO - Filling up the DagBag from /Users/harry/.local/share/virtualenvs/rugby_data_project_airflow-d2RAFQI6/lib/python3.8/site-packages/airflow/example_dags/tutorial.py
[2021-05-15 19:11:52,954] {scheduler_job.py:639} INFO - DAG(s) dict_keys(['tutorial']) retrieved from /Users/harry/.local/share/virtualenvs/rugby_data_project_airflow-d2RAFQI6/lib/python3.8/site-packages/airflow/example_dags/tutorial.py
[2021-05-15 19:11:52,977] {logging_mixin.py:104} INFO - [2021-05-15 19:11:52,977] {dag.py:1824} INFO - Sync 1 DAGs
[2021-05-15 19:11:52,982] {logging_mixin.py:104} INFO - [2021-05-15 19:11:52,982] {dag.py:2280} INFO - Setting next_dagrun for tutorial to 2021-05-13 00:00:00+00:00
[2021-05-15 19:11:52,988] {scheduler_job.py:190} INFO - Processing /Users/harry/.local/share/virtualenvs/rugby_data_project_airflow-d2RAFQI6/lib/python3.8/site-packages/airflow/example_dags/tutorial.py took 0.041 seconds
[2021-05-15 20:26:24,870] {scheduler_job.py:182} INFO - Started process (PID=65521) to work on /Users/harry/.local/share/virtualenvs/rugby_data_project_airflow-d2RAFQI6/lib/python3.8/site-packages/airflow/example_dags/tutorial.py
[2021-05-15 20:26:24,871] {scheduler_job.py:629} INFO - Processing file /Users/harry/.local/share/virtualenvs/rugby_data_project_airflow-d2RAFQI6/lib/python3.8/site-packages/airflow/example_dags/tutorial.py for tasks to queue
[2021-05-15 20:26:24,872] {logging_mixin.py:104} INFO - [2021-05-15 20:26:24,872] {dagbag.py:451} INFO - Filling up the DagBag from /Users/harry/.local/share/virtualenvs/rugby_data_project_airflow-d2RAFQI6/lib/python3.8/site-packages/airflow/example_dags/tutorial.py
[2021-05-15 20:26:24,877] {scheduler_job.py:639} INFO - DAG(s) dict_keys(['tutorial']) retrieved from /Users/harry/.local/share/virtualenvs/rugby_data_project_airflow-d2RAFQI6/lib/python3.8/site-packages/airflow/example_dags/tutorial.py
[2021-05-15 20:26:24,903] {logging_mixin.py:104} INFO - [2021-05-15 20:26:24,903] {dag.py:1824} INFO - Sync 1 DAGs
[2021-05-15 20:26:24,909] {logging_mixin.py:104} INFO - [2021-05-15 20:26:24,909] {dag.py:2280} INFO - Setting next_dagrun for tutorial to 2021-05-13 00:00:00+00:00
[2021-05-15 20:26:24,916] {scheduler_job.py:190} INFO - Processing /Users/harry/.local/share/virtualenvs/rugby_data_project_airflow-d2RAFQI6/lib/python3.8/site-packages/airflow/example_dags/tutorial.py took 0.046 seconds
[2021-05-15 20:30:24,507] {scheduler_job.py:182} INFO - Started process (PID=67438) to work on /Users/harry/.local/share/virtualenvs/rugby_data_project_airflow-d2RAFQI6/lib/python3.8/site-packages/airflow/example_dags/tutorial.py
[2021-05-15 20:30:24,507] {scheduler_job.py:629} INFO - Processing file /Users/harry/.local/share/virtualenvs/rugby_data_project_airflow-d2RAFQI6/lib/python3.8/site-packages/airflow/example_dags/tutorial.py for tasks to queue
[2021-05-15 20:30:24,508] {logging_mixin.py:104} INFO - [2021-05-15 20:30:24,508] {dagbag.py:451} INFO - Filling up the DagBag from /Users/harry/.local/share/virtualenvs/rugby_data_project_airflow-d2RAFQI6/lib/python3.8/site-packages/airflow/example_dags/tutorial.py
[2021-05-15 20:30:24,512] {scheduler_job.py:639} INFO - DAG(s) dict_keys(['tutorial']) retrieved from /Users/harry/.local/share/virtualenvs/rugby_data_project_airflow-d2RAFQI6/lib/python3.8/site-packages/airflow/example_dags/tutorial.py
[2021-05-15 20:30:24,535] {logging_mixin.py:104} INFO - [2021-05-15 20:30:24,535] {dag.py:1824} INFO - Sync 1 DAGs
[2021-05-15 20:30:24,540] {logging_mixin.py:104} INFO - [2021-05-15 20:30:24,540] {dag.py:2280} INFO - Setting next_dagrun for tutorial to 2021-05-13 00:00:00+00:00
[2021-05-15 20:30:24,546] {scheduler_job.py:190} INFO - Processing /Users/harry/.local/share/virtualenvs/rugby_data_project_airflow-d2RAFQI6/lib/python3.8/site-packages/airflow/example_dags/tutorial.py took 0.039 seconds
[2021-05-15 20:48:40,912] {scheduler_job.py:182} INFO - Started process (PID=71198) to work on /Users/harry/.local/share/virtualenvs/rugby_data_project_airflow-d2RAFQI6/lib/python3.8/site-packages/airflow/example_dags/tutorial.py
[2021-05-15 20:48:40,913] {scheduler_job.py:629} INFO - Processing file /Users/harry/.local/share/virtualenvs/rugby_data_project_airflow-d2RAFQI6/lib/python3.8/site-packages/airflow/example_dags/tutorial.py for tasks to queue
[2021-05-15 20:48:40,913] {logging_mixin.py:104} INFO - [2021-05-15 20:48:40,913] {dagbag.py:451} INFO - Filling up the DagBag from /Users/harry/.local/share/virtualenvs/rugby_data_project_airflow-d2RAFQI6/lib/python3.8/site-packages/airflow/example_dags/tutorial.py
[2021-05-15 20:48:40,918] {scheduler_job.py:639} INFO - DAG(s) dict_keys(['tutorial']) retrieved from /Users/harry/.local/share/virtualenvs/rugby_data_project_airflow-d2RAFQI6/lib/python3.8/site-packages/airflow/example_dags/tutorial.py
[2021-05-15 20:48:40,943] {logging_mixin.py:104} INFO - [2021-05-15 20:48:40,942] {dag.py:1824} INFO - Sync 1 DAGs
[2021-05-15 20:48:40,948] {logging_mixin.py:104} INFO - [2021-05-15 20:48:40,948] {dag.py:2280} INFO - Setting next_dagrun for tutorial to 2021-05-13 00:00:00+00:00
[2021-05-15 20:48:40,953] {scheduler_job.py:190} INFO - Processing /Users/harry/.local/share/virtualenvs/rugby_data_project_airflow-d2RAFQI6/lib/python3.8/site-packages/airflow/example_dags/tutorial.py took 0.042 seconds
[2021-05-15 20:56:07,730] {scheduler_job.py:182} INFO - Started process (PID=74958) to work on /Users/harry/.local/share/virtualenvs/rugby_data_project_airflow-d2RAFQI6/lib/python3.8/site-packages/airflow/example_dags/tutorial.py
[2021-05-15 20:56:07,732] {scheduler_job.py:629} INFO - Processing file /Users/harry/.local/share/virtualenvs/rugby_data_project_airflow-d2RAFQI6/lib/python3.8/site-packages/airflow/example_dags/tutorial.py for tasks to queue
[2021-05-15 20:56:07,732] {logging_mixin.py:104} INFO - [2021-05-15 20:56:07,732] {dagbag.py:451} INFO - Filling up the DagBag from /Users/harry/.local/share/virtualenvs/rugby_data_project_airflow-d2RAFQI6/lib/python3.8/site-packages/airflow/example_dags/tutorial.py
[2021-05-15 20:56:07,738] {scheduler_job.py:639} INFO - DAG(s) dict_keys(['tutorial']) retrieved from /Users/harry/.local/share/virtualenvs/rugby_data_project_airflow-d2RAFQI6/lib/python3.8/site-packages/airflow/example_dags/tutorial.py
[2021-05-15 20:56:07,762] {logging_mixin.py:104} INFO - [2021-05-15 20:56:07,761] {dag.py:1824} INFO - Sync 1 DAGs
[2021-05-15 20:56:07,767] {logging_mixin.py:104} INFO - [2021-05-15 20:56:07,767] {dag.py:2280} INFO - Setting next_dagrun for tutorial to 2021-05-13 00:00:00+00:00
[2021-05-15 20:56:07,773] {scheduler_job.py:190} INFO - Processing /Users/harry/.local/share/virtualenvs/rugby_data_project_airflow-d2RAFQI6/lib/python3.8/site-packages/airflow/example_dags/tutorial.py took 0.043 seconds
[2021-05-15 21:03:24,077] {scheduler_job.py:182} INFO - Started process (PID=78674) to work on /Users/harry/.local/share/virtualenvs/rugby_data_project_airflow-d2RAFQI6/lib/python3.8/site-packages/airflow/example_dags/tutorial.py
[2021-05-15 21:03:24,078] {scheduler_job.py:629} INFO - Processing file /Users/harry/.local/share/virtualenvs/rugby_data_project_airflow-d2RAFQI6/lib/python3.8/site-packages/airflow/example_dags/tutorial.py for tasks to queue
[2021-05-15 21:03:24,079] {logging_mixin.py:104} INFO - [2021-05-15 21:03:24,079] {dagbag.py:451} INFO - Filling up the DagBag from /Users/harry/.local/share/virtualenvs/rugby_data_project_airflow-d2RAFQI6/lib/python3.8/site-packages/airflow/example_dags/tutorial.py
[2021-05-15 21:03:24,084] {scheduler_job.py:639} INFO - DAG(s) dict_keys(['tutorial']) retrieved from /Users/harry/.local/share/virtualenvs/rugby_data_project_airflow-d2RAFQI6/lib/python3.8/site-packages/airflow/example_dags/tutorial.py
[2021-05-15 21:03:24,107] {logging_mixin.py:104} INFO - [2021-05-15 21:03:24,106] {dag.py:1824} INFO - Sync 1 DAGs
[2021-05-15 21:03:24,112] {logging_mixin.py:104} INFO - [2021-05-15 21:03:24,112] {dag.py:2280} INFO - Setting next_dagrun for tutorial to 2021-05-13 00:00:00+00:00
[2021-05-15 21:03:24,117] {scheduler_job.py:190} INFO - Processing /Users/harry/.local/share/virtualenvs/rugby_data_project_airflow-d2RAFQI6/lib/python3.8/site-packages/airflow/example_dags/tutorial.py took 0.041 seconds
[2021-05-15 21:10:38,169] {scheduler_job.py:182} INFO - Started process (PID=82202) to work on /Users/harry/.local/share/virtualenvs/rugby_data_project_airflow-d2RAFQI6/lib/python3.8/site-packages/airflow/example_dags/tutorial.py
[2021-05-15 21:10:38,170] {scheduler_job.py:629} INFO - Processing file /Users/harry/.local/share/virtualenvs/rugby_data_project_airflow-d2RAFQI6/lib/python3.8/site-packages/airflow/example_dags/tutorial.py for tasks to queue
[2021-05-15 21:10:38,170] {logging_mixin.py:104} INFO - [2021-05-15 21:10:38,170] {dagbag.py:451} INFO - Filling up the DagBag from /Users/harry/.local/share/virtualenvs/rugby_data_project_airflow-d2RAFQI6/lib/python3.8/site-packages/airflow/example_dags/tutorial.py
[2021-05-15 21:10:38,176] {scheduler_job.py:639} INFO - DAG(s) dict_keys(['tutorial']) retrieved from /Users/harry/.local/share/virtualenvs/rugby_data_project_airflow-d2RAFQI6/lib/python3.8/site-packages/airflow/example_dags/tutorial.py
[2021-05-15 21:10:38,200] {logging_mixin.py:104} INFO - [2021-05-15 21:10:38,200] {dag.py:1824} INFO - Sync 1 DAGs
[2021-05-15 21:10:38,205] {logging_mixin.py:104} INFO - [2021-05-15 21:10:38,205] {dag.py:2280} INFO - Setting next_dagrun for tutorial to 2021-05-13 00:00:00+00:00
[2021-05-15 21:10:38,211] {scheduler_job.py:190} INFO - Processing /Users/harry/.local/share/virtualenvs/rugby_data_project_airflow-d2RAFQI6/lib/python3.8/site-packages/airflow/example_dags/tutorial.py took 0.043 seconds
[2021-05-15 21:17:53,362] {scheduler_job.py:182} INFO - Started process (PID=85901) to work on /Users/harry/.local/share/virtualenvs/rugby_data_project_airflow-d2RAFQI6/lib/python3.8/site-packages/airflow/example_dags/tutorial.py
[2021-05-15 21:17:53,363] {scheduler_job.py:629} INFO - Processing file /Users/harry/.local/share/virtualenvs/rugby_data_project_airflow-d2RAFQI6/lib/python3.8/site-packages/airflow/example_dags/tutorial.py for tasks to queue
[2021-05-15 21:17:53,364] {logging_mixin.py:104} INFO - [2021-05-15 21:17:53,363] {dagbag.py:451} INFO - Filling up the DagBag from /Users/harry/.local/share/virtualenvs/rugby_data_project_airflow-d2RAFQI6/lib/python3.8/site-packages/airflow/example_dags/tutorial.py
[2021-05-15 21:17:53,368] {scheduler_job.py:639} INFO - DAG(s) dict_keys(['tutorial']) retrieved from /Users/harry/.local/share/virtualenvs/rugby_data_project_airflow-d2RAFQI6/lib/python3.8/site-packages/airflow/example_dags/tutorial.py
[2021-05-15 21:17:53,391] {logging_mixin.py:104} INFO - [2021-05-15 21:17:53,391] {dag.py:1824} INFO - Sync 1 DAGs
[2021-05-15 21:17:53,396] {logging_mixin.py:104} INFO - [2021-05-15 21:17:53,396] {dag.py:2280} INFO - Setting next_dagrun for tutorial to 2021-05-13 00:00:00+00:00
[2021-05-15 21:17:53,402] {scheduler_job.py:190} INFO - Processing /Users/harry/.local/share/virtualenvs/rugby_data_project_airflow-d2RAFQI6/lib/python3.8/site-packages/airflow/example_dags/tutorial.py took 0.040 seconds
[2021-05-15 21:25:06,266] {scheduler_job.py:182} INFO - Started process (PID=89519) to work on /Users/harry/.local/share/virtualenvs/rugby_data_project_airflow-d2RAFQI6/lib/python3.8/site-packages/airflow/example_dags/tutorial.py
[2021-05-15 21:25:06,267] {scheduler_job.py:629} INFO - Processing file /Users/harry/.local/share/virtualenvs/rugby_data_project_airflow-d2RAFQI6/lib/python3.8/site-packages/airflow/example_dags/tutorial.py for tasks to queue
[2021-05-15 21:25:06,268] {logging_mixin.py:104} INFO - [2021-05-15 21:25:06,268] {dagbag.py:451} INFO - Filling up the DagBag from /Users/harry/.local/share/virtualenvs/rugby_data_project_airflow-d2RAFQI6/lib/python3.8/site-packages/airflow/example_dags/tutorial.py
[2021-05-15 21:25:06,273] {scheduler_job.py:639} INFO - DAG(s) dict_keys(['tutorial']) retrieved from /Users/harry/.local/share/virtualenvs/rugby_data_project_airflow-d2RAFQI6/lib/python3.8/site-packages/airflow/example_dags/tutorial.py
[2021-05-15 21:25:06,298] {logging_mixin.py:104} INFO - [2021-05-15 21:25:06,298] {dag.py:1824} INFO - Sync 1 DAGs
[2021-05-15 21:25:06,303] {logging_mixin.py:104} INFO - [2021-05-15 21:25:06,303] {dag.py:2280} INFO - Setting next_dagrun for tutorial to 2021-05-13 00:00:00+00:00
[2021-05-15 21:25:06,308] {scheduler_job.py:190} INFO - Processing /Users/harry/.local/share/virtualenvs/rugby_data_project_airflow-d2RAFQI6/lib/python3.8/site-packages/airflow/example_dags/tutorial.py took 0.043 seconds
[2021-05-15 21:32:20,045] {scheduler_job.py:182} INFO - Started process (PID=93175) to work on /Users/harry/.local/share/virtualenvs/rugby_data_project_airflow-d2RAFQI6/lib/python3.8/site-packages/airflow/example_dags/tutorial.py
[2021-05-15 21:32:20,047] {scheduler_job.py:629} INFO - Processing file /Users/harry/.local/share/virtualenvs/rugby_data_project_airflow-d2RAFQI6/lib/python3.8/site-packages/airflow/example_dags/tutorial.py for tasks to queue
[2021-05-15 21:32:20,047] {logging_mixin.py:104} INFO - [2021-05-15 21:32:20,047] {dagbag.py:451} INFO - Filling up the DagBag from /Users/harry/.local/share/virtualenvs/rugby_data_project_airflow-d2RAFQI6/lib/python3.8/site-packages/airflow/example_dags/tutorial.py
[2021-05-15 21:32:20,052] {scheduler_job.py:639} INFO - DAG(s) dict_keys(['tutorial']) retrieved from /Users/harry/.local/share/virtualenvs/rugby_data_project_airflow-d2RAFQI6/lib/python3.8/site-packages/airflow/example_dags/tutorial.py
[2021-05-15 21:32:20,075] {logging_mixin.py:104} INFO - [2021-05-15 21:32:20,075] {dag.py:1824} INFO - Sync 1 DAGs
[2021-05-15 21:32:20,080] {logging_mixin.py:104} INFO - [2021-05-15 21:32:20,080] {dag.py:2280} INFO - Setting next_dagrun for tutorial to 2021-05-13 00:00:00+00:00
[2021-05-15 21:32:20,086] {scheduler_job.py:190} INFO - Processing /Users/harry/.local/share/virtualenvs/rugby_data_project_airflow-d2RAFQI6/lib/python3.8/site-packages/airflow/example_dags/tutorial.py took 0.041 seconds
[2021-05-15 21:39:43,557] {scheduler_job.py:182} INFO - Started process (PID=96861) to work on /Users/harry/.local/share/virtualenvs/rugby_data_project_airflow-d2RAFQI6/lib/python3.8/site-packages/airflow/example_dags/tutorial.py
[2021-05-15 21:39:43,558] {scheduler_job.py:629} INFO - Processing file /Users/harry/.local/share/virtualenvs/rugby_data_project_airflow-d2RAFQI6/lib/python3.8/site-packages/airflow/example_dags/tutorial.py for tasks to queue
[2021-05-15 21:39:43,559] {logging_mixin.py:104} INFO - [2021-05-15 21:39:43,559] {dagbag.py:451} INFO - Filling up the DagBag from /Users/harry/.local/share/virtualenvs/rugby_data_project_airflow-d2RAFQI6/lib/python3.8/site-packages/airflow/example_dags/tutorial.py
[2021-05-15 21:39:43,563] {scheduler_job.py:639} INFO - DAG(s) dict_keys(['tutorial']) retrieved from /Users/harry/.local/share/virtualenvs/rugby_data_project_airflow-d2RAFQI6/lib/python3.8/site-packages/airflow/example_dags/tutorial.py
[2021-05-15 21:39:43,586] {logging_mixin.py:104} INFO - [2021-05-15 21:39:43,586] {dag.py:1824} INFO - Sync 1 DAGs
[2021-05-15 21:39:43,592] {logging_mixin.py:104} INFO - [2021-05-15 21:39:43,591] {dag.py:2280} INFO - Setting next_dagrun for tutorial to 2021-05-13 00:00:00+00:00
[2021-05-15 21:39:43,597] {scheduler_job.py:190} INFO - Processing /Users/harry/.local/share/virtualenvs/rugby_data_project_airflow-d2RAFQI6/lib/python3.8/site-packages/airflow/example_dags/tutorial.py took 0.040 seconds
[2021-05-15 21:46:58,159] {scheduler_job.py:182} INFO - Started process (PID=777) to work on /Users/harry/.local/share/virtualenvs/rugby_data_project_airflow-d2RAFQI6/lib/python3.8/site-packages/airflow/example_dags/tutorial.py
[2021-05-15 21:46:58,160] {scheduler_job.py:629} INFO - Processing file /Users/harry/.local/share/virtualenvs/rugby_data_project_airflow-d2RAFQI6/lib/python3.8/site-packages/airflow/example_dags/tutorial.py for tasks to queue
[2021-05-15 21:46:58,161] {logging_mixin.py:104} INFO - [2021-05-15 21:46:58,161] {dagbag.py:451} INFO - Filling up the DagBag from /Users/harry/.local/share/virtualenvs/rugby_data_project_airflow-d2RAFQI6/lib/python3.8/site-packages/airflow/example_dags/tutorial.py
[2021-05-15 21:46:58,166] {scheduler_job.py:639} INFO - DAG(s) dict_keys(['tutorial']) retrieved from /Users/harry/.local/share/virtualenvs/rugby_data_project_airflow-d2RAFQI6/lib/python3.8/site-packages/airflow/example_dags/tutorial.py
[2021-05-15 21:46:58,189] {logging_mixin.py:104} INFO - [2021-05-15 21:46:58,189] {dag.py:1824} INFO - Sync 1 DAGs
[2021-05-15 21:46:58,195] {logging_mixin.py:104} INFO - [2021-05-15 21:46:58,195] {dag.py:2280} INFO - Setting next_dagrun for tutorial to 2021-05-13 00:00:00+00:00
[2021-05-15 21:46:58,200] {scheduler_job.py:190} INFO - Processing /Users/harry/.local/share/virtualenvs/rugby_data_project_airflow-d2RAFQI6/lib/python3.8/site-packages/airflow/example_dags/tutorial.py took 0.042 seconds
[2021-05-15 21:54:18,319] {scheduler_job.py:182} INFO - Started process (PID=4553) to work on /Users/harry/.local/share/virtualenvs/rugby_data_project_airflow-d2RAFQI6/lib/python3.8/site-packages/airflow/example_dags/tutorial.py
[2021-05-15 21:54:18,320] {scheduler_job.py:629} INFO - Processing file /Users/harry/.local/share/virtualenvs/rugby_data_project_airflow-d2RAFQI6/lib/python3.8/site-packages/airflow/example_dags/tutorial.py for tasks to queue
[2021-05-15 21:54:18,320] {logging_mixin.py:104} INFO - [2021-05-15 21:54:18,320] {dagbag.py:451} INFO - Filling up the DagBag from /Users/harry/.local/share/virtualenvs/rugby_data_project_airflow-d2RAFQI6/lib/python3.8/site-packages/airflow/example_dags/tutorial.py
[2021-05-15 21:54:18,326] {scheduler_job.py:639} INFO - DAG(s) dict_keys(['tutorial']) retrieved from /Users/harry/.local/share/virtualenvs/rugby_data_project_airflow-d2RAFQI6/lib/python3.8/site-packages/airflow/example_dags/tutorial.py
[2021-05-15 21:54:18,350] {logging_mixin.py:104} INFO - [2021-05-15 21:54:18,350] {dag.py:1824} INFO - Sync 1 DAGs
[2021-05-15 21:54:18,355] {logging_mixin.py:104} INFO - [2021-05-15 21:54:18,355] {dag.py:2280} INFO - Setting next_dagrun for tutorial to 2021-05-13 00:00:00+00:00
[2021-05-15 21:54:18,361] {scheduler_job.py:190} INFO - Processing /Users/harry/.local/share/virtualenvs/rugby_data_project_airflow-d2RAFQI6/lib/python3.8/site-packages/airflow/example_dags/tutorial.py took 0.043 seconds
[2021-05-15 22:01:36,646] {scheduler_job.py:182} INFO - Started process (PID=8199) to work on /Users/harry/.local/share/virtualenvs/rugby_data_project_airflow-d2RAFQI6/lib/python3.8/site-packages/airflow/example_dags/tutorial.py
[2021-05-15 22:01:36,648] {scheduler_job.py:629} INFO - Processing file /Users/harry/.local/share/virtualenvs/rugby_data_project_airflow-d2RAFQI6/lib/python3.8/site-packages/airflow/example_dags/tutorial.py for tasks to queue
[2021-05-15 22:01:36,648] {logging_mixin.py:104} INFO - [2021-05-15 22:01:36,648] {dagbag.py:451} INFO - Filling up the DagBag from /Users/harry/.local/share/virtualenvs/rugby_data_project_airflow-d2RAFQI6/lib/python3.8/site-packages/airflow/example_dags/tutorial.py
[2021-05-15 22:01:36,653] {scheduler_job.py:639} INFO - DAG(s) dict_keys(['tutorial']) retrieved from /Users/harry/.local/share/virtualenvs/rugby_data_project_airflow-d2RAFQI6/lib/python3.8/site-packages/airflow/example_dags/tutorial.py
[2021-05-15 22:01:36,676] {logging_mixin.py:104} INFO - [2021-05-15 22:01:36,676] {dag.py:1824} INFO - Sync 1 DAGs
[2021-05-15 22:01:36,681] {logging_mixin.py:104} INFO - [2021-05-15 22:01:36,681] {dag.py:2280} INFO - Setting next_dagrun for tutorial to 2021-05-13 00:00:00+00:00
[2021-05-15 22:01:36,686] {scheduler_job.py:190} INFO - Processing /Users/harry/.local/share/virtualenvs/rugby_data_project_airflow-d2RAFQI6/lib/python3.8/site-packages/airflow/example_dags/tutorial.py took 0.040 seconds
[2021-05-15 22:08:59,685] {scheduler_job.py:182} INFO - Started process (PID=11862) to work on /Users/harry/.local/share/virtualenvs/rugby_data_project_airflow-d2RAFQI6/lib/python3.8/site-packages/airflow/example_dags/tutorial.py
[2021-05-15 22:08:59,686] {scheduler_job.py:629} INFO - Processing file /Users/harry/.local/share/virtualenvs/rugby_data_project_airflow-d2RAFQI6/lib/python3.8/site-packages/airflow/example_dags/tutorial.py for tasks to queue
[2021-05-15 22:08:59,686] {logging_mixin.py:104} INFO - [2021-05-15 22:08:59,686] {dagbag.py:451} INFO - Filling up the DagBag from /Users/harry/.local/share/virtualenvs/rugby_data_project_airflow-d2RAFQI6/lib/python3.8/site-packages/airflow/example_dags/tutorial.py
[2021-05-15 22:08:59,692] {scheduler_job.py:639} INFO - DAG(s) dict_keys(['tutorial']) retrieved from /Users/harry/.local/share/virtualenvs/rugby_data_project_airflow-d2RAFQI6/lib/python3.8/site-packages/airflow/example_dags/tutorial.py
[2021-05-15 22:08:59,719] {logging_mixin.py:104} INFO - [2021-05-15 22:08:59,719] {dag.py:1824} INFO - Sync 1 DAGs
[2021-05-15 22:08:59,726] {logging_mixin.py:104} INFO - [2021-05-15 22:08:59,726] {dag.py:2280} INFO - Setting next_dagrun for tutorial to 2021-05-13 00:00:00+00:00
[2021-05-15 22:08:59,733] {scheduler_job.py:190} INFO - Processing /Users/harry/.local/share/virtualenvs/rugby_data_project_airflow-d2RAFQI6/lib/python3.8/site-packages/airflow/example_dags/tutorial.py took 0.049 seconds
[2021-05-15 22:16:25,201] {scheduler_job.py:182} INFO - Started process (PID=15493) to work on /Users/harry/.local/share/virtualenvs/rugby_data_project_airflow-d2RAFQI6/lib/python3.8/site-packages/airflow/example_dags/tutorial.py
[2021-05-15 22:16:25,202] {scheduler_job.py:629} INFO - Processing file /Users/harry/.local/share/virtualenvs/rugby_data_project_airflow-d2RAFQI6/lib/python3.8/site-packages/airflow/example_dags/tutorial.py for tasks to queue
[2021-05-15 22:16:25,203] {logging_mixin.py:104} INFO - [2021-05-15 22:16:25,203] {dagbag.py:451} INFO - Filling up the DagBag from /Users/harry/.local/share/virtualenvs/rugby_data_project_airflow-d2RAFQI6/lib/python3.8/site-packages/airflow/example_dags/tutorial.py
[2021-05-15 22:16:25,207] {scheduler_job.py:639} INFO - DAG(s) dict_keys(['tutorial']) retrieved from /Users/harry/.local/share/virtualenvs/rugby_data_project_airflow-d2RAFQI6/lib/python3.8/site-packages/airflow/example_dags/tutorial.py
[2021-05-15 22:16:25,232] {logging_mixin.py:104} INFO - [2021-05-15 22:16:25,232] {dag.py:1824} INFO - Sync 1 DAGs
[2021-05-15 22:16:25,238] {logging_mixin.py:104} INFO - [2021-05-15 22:16:25,237] {dag.py:2280} INFO - Setting next_dagrun for tutorial to 2021-05-13 00:00:00+00:00
[2021-05-15 22:16:25,244] {scheduler_job.py:190} INFO - Processing /Users/harry/.local/share/virtualenvs/rugby_data_project_airflow-d2RAFQI6/lib/python3.8/site-packages/airflow/example_dags/tutorial.py took 0.043 seconds
[2021-05-15 22:23:42,905] {scheduler_job.py:182} INFO - Started process (PID=19175) to work on /Users/harry/.local/share/virtualenvs/rugby_data_project_airflow-d2RAFQI6/lib/python3.8/site-packages/airflow/example_dags/tutorial.py
[2021-05-15 22:23:42,906] {scheduler_job.py:629} INFO - Processing file /Users/harry/.local/share/virtualenvs/rugby_data_project_airflow-d2RAFQI6/lib/python3.8/site-packages/airflow/example_dags/tutorial.py for tasks to queue
[2021-05-15 22:23:42,906] {logging_mixin.py:104} INFO - [2021-05-15 22:23:42,906] {dagbag.py:451} INFO - Filling up the DagBag from /Users/harry/.local/share/virtualenvs/rugby_data_project_airflow-d2RAFQI6/lib/python3.8/site-packages/airflow/example_dags/tutorial.py
[2021-05-15 22:23:42,912] {scheduler_job.py:639} INFO - DAG(s) dict_keys(['tutorial']) retrieved from /Users/harry/.local/share/virtualenvs/rugby_data_project_airflow-d2RAFQI6/lib/python3.8/site-packages/airflow/example_dags/tutorial.py
[2021-05-15 22:23:42,936] {logging_mixin.py:104} INFO - [2021-05-15 22:23:42,936] {dag.py:1824} INFO - Sync 1 DAGs
[2021-05-15 22:23:42,941] {logging_mixin.py:104} INFO - [2021-05-15 22:23:42,941] {dag.py:2280} INFO - Setting next_dagrun for tutorial to 2021-05-13 00:00:00+00:00
[2021-05-15 22:23:42,947] {scheduler_job.py:190} INFO - Processing /Users/harry/.local/share/virtualenvs/rugby_data_project_airflow-d2RAFQI6/lib/python3.8/site-packages/airflow/example_dags/tutorial.py took 0.043 seconds
[2021-05-15 22:31:10,392] {scheduler_job.py:182} INFO - Started process (PID=22652) to work on /Users/harry/.local/share/virtualenvs/rugby_data_project_airflow-d2RAFQI6/lib/python3.8/site-packages/airflow/example_dags/tutorial.py
[2021-05-15 22:31:10,393] {scheduler_job.py:629} INFO - Processing file /Users/harry/.local/share/virtualenvs/rugby_data_project_airflow-d2RAFQI6/lib/python3.8/site-packages/airflow/example_dags/tutorial.py for tasks to queue
[2021-05-15 22:31:10,393] {logging_mixin.py:104} INFO - [2021-05-15 22:31:10,393] {dagbag.py:451} INFO - Filling up the DagBag from /Users/harry/.local/share/virtualenvs/rugby_data_project_airflow-d2RAFQI6/lib/python3.8/site-packages/airflow/example_dags/tutorial.py
[2021-05-15 22:31:10,398] {scheduler_job.py:639} INFO - DAG(s) dict_keys(['tutorial']) retrieved from /Users/harry/.local/share/virtualenvs/rugby_data_project_airflow-d2RAFQI6/lib/python3.8/site-packages/airflow/example_dags/tutorial.py
[2021-05-15 22:31:10,423] {logging_mixin.py:104} INFO - [2021-05-15 22:31:10,422] {dag.py:1824} INFO - Sync 1 DAGs
[2021-05-15 22:31:10,428] {logging_mixin.py:104} INFO - [2021-05-15 22:31:10,428] {dag.py:2280} INFO - Setting next_dagrun for tutorial to 2021-05-13 00:00:00+00:00
[2021-05-15 22:31:10,434] {scheduler_job.py:190} INFO - Processing /Users/harry/.local/share/virtualenvs/rugby_data_project_airflow-d2RAFQI6/lib/python3.8/site-packages/airflow/example_dags/tutorial.py took 0.042 seconds
[2021-05-15 22:38:45,125] {scheduler_job.py:182} INFO - Started process (PID=26288) to work on /Users/harry/.local/share/virtualenvs/rugby_data_project_airflow-d2RAFQI6/lib/python3.8/site-packages/airflow/example_dags/tutorial.py
[2021-05-15 22:38:45,126] {scheduler_job.py:629} INFO - Processing file /Users/harry/.local/share/virtualenvs/rugby_data_project_airflow-d2RAFQI6/lib/python3.8/site-packages/airflow/example_dags/tutorial.py for tasks to queue
[2021-05-15 22:38:45,127] {logging_mixin.py:104} INFO - [2021-05-15 22:38:45,127] {dagbag.py:451} INFO - Filling up the DagBag from /Users/harry/.local/share/virtualenvs/rugby_data_project_airflow-d2RAFQI6/lib/python3.8/site-packages/airflow/example_dags/tutorial.py
[2021-05-15 22:38:45,131] {scheduler_job.py:639} INFO - DAG(s) dict_keys(['tutorial']) retrieved from /Users/harry/.local/share/virtualenvs/rugby_data_project_airflow-d2RAFQI6/lib/python3.8/site-packages/airflow/example_dags/tutorial.py
[2021-05-15 22:38:45,155] {logging_mixin.py:104} INFO - [2021-05-15 22:38:45,155] {dag.py:1824} INFO - Sync 1 DAGs
[2021-05-15 22:38:45,160] {logging_mixin.py:104} INFO - [2021-05-15 22:38:45,160] {dag.py:2280} INFO - Setting next_dagrun for tutorial to 2021-05-13 00:00:00+00:00
[2021-05-15 22:38:45,167] {scheduler_job.py:190} INFO - Processing /Users/harry/.local/share/virtualenvs/rugby_data_project_airflow-d2RAFQI6/lib/python3.8/site-packages/airflow/example_dags/tutorial.py took 0.042 seconds
[2021-05-15 22:46:52,929] {scheduler_job.py:182} INFO - Started process (PID=30011) to work on /Users/harry/.local/share/virtualenvs/rugby_data_project_airflow-d2RAFQI6/lib/python3.8/site-packages/airflow/example_dags/tutorial.py
[2021-05-15 22:46:52,930] {scheduler_job.py:629} INFO - Processing file /Users/harry/.local/share/virtualenvs/rugby_data_project_airflow-d2RAFQI6/lib/python3.8/site-packages/airflow/example_dags/tutorial.py for tasks to queue
[2021-05-15 22:46:52,930] {logging_mixin.py:104} INFO - [2021-05-15 22:46:52,930] {dagbag.py:451} INFO - Filling up the DagBag from /Users/harry/.local/share/virtualenvs/rugby_data_project_airflow-d2RAFQI6/lib/python3.8/site-packages/airflow/example_dags/tutorial.py
[2021-05-15 22:46:52,937] {scheduler_job.py:639} INFO - DAG(s) dict_keys(['tutorial']) retrieved from /Users/harry/.local/share/virtualenvs/rugby_data_project_airflow-d2RAFQI6/lib/python3.8/site-packages/airflow/example_dags/tutorial.py
[2021-05-15 22:46:52,966] {logging_mixin.py:104} INFO - [2021-05-15 22:46:52,966] {dag.py:1824} INFO - Sync 1 DAGs
[2021-05-15 22:46:52,973] {logging_mixin.py:104} INFO - [2021-05-15 22:46:52,973] {dag.py:2280} INFO - Setting next_dagrun for tutorial to 2021-05-13 00:00:00+00:00
[2021-05-15 22:46:52,979] {scheduler_job.py:190} INFO - Processing /Users/harry/.local/share/virtualenvs/rugby_data_project_airflow-d2RAFQI6/lib/python3.8/site-packages/airflow/example_dags/tutorial.py took 0.050 seconds
[2021-05-15 22:54:49,486] {scheduler_job.py:182} INFO - Started process (PID=33635) to work on /Users/harry/.local/share/virtualenvs/rugby_data_project_airflow-d2RAFQI6/lib/python3.8/site-packages/airflow/example_dags/tutorial.py
[2021-05-15 22:54:49,487] {scheduler_job.py:629} INFO - Processing file /Users/harry/.local/share/virtualenvs/rugby_data_project_airflow-d2RAFQI6/lib/python3.8/site-packages/airflow/example_dags/tutorial.py for tasks to queue
[2021-05-15 22:54:49,487] {logging_mixin.py:104} INFO - [2021-05-15 22:54:49,487] {dagbag.py:451} INFO - Filling up the DagBag from /Users/harry/.local/share/virtualenvs/rugby_data_project_airflow-d2RAFQI6/lib/python3.8/site-packages/airflow/example_dags/tutorial.py
[2021-05-15 22:54:49,493] {scheduler_job.py:639} INFO - DAG(s) dict_keys(['tutorial']) retrieved from /Users/harry/.local/share/virtualenvs/rugby_data_project_airflow-d2RAFQI6/lib/python3.8/site-packages/airflow/example_dags/tutorial.py
[2021-05-15 22:54:49,518] {logging_mixin.py:104} INFO - [2021-05-15 22:54:49,518] {dag.py:1824} INFO - Sync 1 DAGs
[2021-05-15 22:54:49,524] {logging_mixin.py:104} INFO - [2021-05-15 22:54:49,524] {dag.py:2280} INFO - Setting next_dagrun for tutorial to 2021-05-13 00:00:00+00:00
[2021-05-15 22:54:49,530] {scheduler_job.py:190} INFO - Processing /Users/harry/.local/share/virtualenvs/rugby_data_project_airflow-d2RAFQI6/lib/python3.8/site-packages/airflow/example_dags/tutorial.py took 0.045 seconds
[2021-05-16 00:46:24,809] {scheduler_job.py:182} INFO - Started process (PID=38432) to work on /Users/harry/.local/share/virtualenvs/rugby_data_project_airflow-d2RAFQI6/lib/python3.8/site-packages/airflow/example_dags/tutorial.py
[2021-05-16 00:46:24,810] {scheduler_job.py:629} INFO - Processing file /Users/harry/.local/share/virtualenvs/rugby_data_project_airflow-d2RAFQI6/lib/python3.8/site-packages/airflow/example_dags/tutorial.py for tasks to queue
[2021-05-16 00:46:24,810] {logging_mixin.py:104} INFO - [2021-05-16 00:46:24,810] {dagbag.py:451} INFO - Filling up the DagBag from /Users/harry/.local/share/virtualenvs/rugby_data_project_airflow-d2RAFQI6/lib/python3.8/site-packages/airflow/example_dags/tutorial.py
[2021-05-16 00:46:24,821] {scheduler_job.py:639} INFO - DAG(s) dict_keys(['tutorial']) retrieved from /Users/harry/.local/share/virtualenvs/rugby_data_project_airflow-d2RAFQI6/lib/python3.8/site-packages/airflow/example_dags/tutorial.py
[2021-05-16 00:46:24,844] {logging_mixin.py:104} INFO - [2021-05-16 00:46:24,844] {dag.py:1824} INFO - Sync 1 DAGs
[2021-05-16 00:46:24,852] {logging_mixin.py:104} INFO - [2021-05-16 00:46:24,851] {dag.py:2280} INFO - Setting next_dagrun for tutorial to 2021-05-13 00:00:00+00:00
[2021-05-16 00:46:24,858] {scheduler_job.py:190} INFO - Processing /Users/harry/.local/share/virtualenvs/rugby_data_project_airflow-d2RAFQI6/lib/python3.8/site-packages/airflow/example_dags/tutorial.py took 0.050 seconds
