[2021-05-15 20:59:47,414] {taskinstance.py:877} INFO - Dependencies all met for <TaskInstance: airflow_tutorial_v01.print_hello 2017-06-29T10:00:00+00:00 [queued]>
[2021-05-15 20:59:47,418] {taskinstance.py:877} INFO - Dependencies all met for <TaskInstance: airflow_tutorial_v01.print_hello 2017-06-29T10:00:00+00:00 [queued]>
[2021-05-15 20:59:47,418] {taskinstance.py:1068} INFO - 
--------------------------------------------------------------------------------
[2021-05-15 20:59:47,418] {taskinstance.py:1069} INFO - Starting attempt 1 of 2
[2021-05-15 20:59:47,419] {taskinstance.py:1070} INFO - 
--------------------------------------------------------------------------------
[2021-05-15 20:59:47,423] {taskinstance.py:1089} INFO - Executing <Task(BashOperator): print_hello> on 2017-06-29T10:00:00+00:00
[2021-05-15 20:59:47,425] {standard_task_runner.py:52} INFO - Started process 76852 to run task
[2021-05-15 20:59:47,431] {standard_task_runner.py:76} INFO - Running: ['airflow', 'tasks', 'run', 'airflow_tutorial_v01', 'print_hello', '2017-06-29T10:00:00+00:00', '--job-id', '2056', '--pool', 'default_pool', '--raw', '--subdir', 'DAGS_FOLDER/Untitled.py', '--cfg-path', '/var/folders/tp/ft4rfkmn1kz3dyw8hlfz1dxw0000gn/T/tmpgpptqdr7', '--error-file', '/var/folders/tp/ft4rfkmn1kz3dyw8hlfz1dxw0000gn/T/tmptas1sb8w']
[2021-05-15 20:59:47,432] {standard_task_runner.py:77} INFO - Job 2056: Subtask print_hello
[2021-05-15 20:59:47,460] {logging_mixin.py:104} INFO - Running <TaskInstance: airflow_tutorial_v01.print_hello 2017-06-29T10:00:00+00:00 [running]> on host henrys-macbook-pro.local
[2021-05-15 20:59:47,482] {taskinstance.py:1281} INFO - Exporting the following env vars:
AIRFLOW_CTX_DAG_OWNER=me
AIRFLOW_CTX_DAG_ID=airflow_tutorial_v01
AIRFLOW_CTX_TASK_ID=print_hello
AIRFLOW_CTX_EXECUTION_DATE=2017-06-29T10:00:00+00:00
AIRFLOW_CTX_DAG_RUN_ID=scheduled__2017-06-29T10:00:00+00:00
[2021-05-15 20:59:47,482] {bash.py:135} INFO - Tmp dir root location: 
 /var/folders/tp/ft4rfkmn1kz3dyw8hlfz1dxw0000gn/T
[2021-05-15 20:59:47,483] {bash.py:158} INFO - Running command: echo "hello"
[2021-05-15 20:59:47,489] {bash.py:169} INFO - Output:
[2021-05-15 20:59:47,491] {bash.py:173} INFO - hello
[2021-05-15 20:59:47,492] {bash.py:177} INFO - Command exited with return code 0
[2021-05-15 20:59:47,502] {taskinstance.py:1185} INFO - Marking task as SUCCESS. dag_id=airflow_tutorial_v01, task_id=print_hello, execution_date=20170629T100000, start_date=20210515T195947, end_date=20210515T195947
[2021-05-15 20:59:47,514] {taskinstance.py:1246} INFO - 1 downstream tasks scheduled from follow-on schedule check
[2021-05-15 20:59:47,530] {local_task_job.py:146} INFO - Task exited with return code 0
