[2021-05-15 21:39:26,367] {taskinstance.py:877} INFO - Dependencies all met for <TaskInstance: airflow_tutorial_v01.print_hello 2017-07-10T08:00:00+00:00 [queued]>
[2021-05-15 21:39:26,371] {taskinstance.py:877} INFO - Dependencies all met for <TaskInstance: airflow_tutorial_v01.print_hello 2017-07-10T08:00:00+00:00 [queued]>
[2021-05-15 21:39:26,371] {taskinstance.py:1068} INFO - 
--------------------------------------------------------------------------------
[2021-05-15 21:39:26,371] {taskinstance.py:1069} INFO - Starting attempt 1 of 2
[2021-05-15 21:39:26,371] {taskinstance.py:1070} INFO - 
--------------------------------------------------------------------------------
[2021-05-15 21:39:26,377] {taskinstance.py:1089} INFO - Executing <Task(BashOperator): print_hello> on 2017-07-10T08:00:00+00:00
[2021-05-15 21:39:26,378] {standard_task_runner.py:52} INFO - Started process 96735 to run task
[2021-05-15 21:39:26,384] {standard_task_runner.py:76} INFO - Running: ['airflow', 'tasks', 'run', 'airflow_tutorial_v01', 'print_hello', '2017-07-10T08:00:00+00:00', '--job-id', '2843', '--pool', 'default_pool', '--raw', '--subdir', 'DAGS_FOLDER/Untitled.py', '--cfg-path', '/var/folders/tp/ft4rfkmn1kz3dyw8hlfz1dxw0000gn/T/tmpf5mwssm5', '--error-file', '/var/folders/tp/ft4rfkmn1kz3dyw8hlfz1dxw0000gn/T/tmpm6_s4o1p']
[2021-05-15 21:39:26,385] {standard_task_runner.py:77} INFO - Job 2843: Subtask print_hello
[2021-05-15 21:39:26,413] {logging_mixin.py:104} INFO - Running <TaskInstance: airflow_tutorial_v01.print_hello 2017-07-10T08:00:00+00:00 [running]> on host henrys-macbook-pro.local
[2021-05-15 21:39:26,434] {taskinstance.py:1281} INFO - Exporting the following env vars:
AIRFLOW_CTX_DAG_OWNER=me
AIRFLOW_CTX_DAG_ID=airflow_tutorial_v01
AIRFLOW_CTX_TASK_ID=print_hello
AIRFLOW_CTX_EXECUTION_DATE=2017-07-10T08:00:00+00:00
AIRFLOW_CTX_DAG_RUN_ID=scheduled__2017-07-10T08:00:00+00:00
[2021-05-15 21:39:26,434] {bash.py:135} INFO - Tmp dir root location: 
 /var/folders/tp/ft4rfkmn1kz3dyw8hlfz1dxw0000gn/T
[2021-05-15 21:39:26,435] {bash.py:158} INFO - Running command: echo "hello"
[2021-05-15 21:39:26,441] {bash.py:169} INFO - Output:
[2021-05-15 21:39:26,444] {bash.py:173} INFO - hello
[2021-05-15 21:39:26,445] {bash.py:177} INFO - Command exited with return code 0
[2021-05-15 21:39:26,455] {taskinstance.py:1185} INFO - Marking task as SUCCESS. dag_id=airflow_tutorial_v01, task_id=print_hello, execution_date=20170710T080000, start_date=20210515T203926, end_date=20210515T203926
[2021-05-15 21:39:26,469] {taskinstance.py:1246} INFO - 1 downstream tasks scheduled from follow-on schedule check
[2021-05-15 21:39:26,480] {local_task_job.py:146} INFO - Task exited with return code 0
