[2021-05-16 09:02:39,354] {scheduler_job.py:182} INFO - Started process (PID=43633) to work on /Users/harry/.local/share/virtualenvs/rugby_data_project_airflow-d2RAFQI6/lib/python3.8/site-packages/airflow/example_dags/subdags/subdag.py
[2021-05-16 09:02:39,354] {scheduler_job.py:629} INFO - Processing file /Users/harry/.local/share/virtualenvs/rugby_data_project_airflow-d2RAFQI6/lib/python3.8/site-packages/airflow/example_dags/subdags/subdag.py for tasks to queue
[2021-05-16 09:02:39,355] {logging_mixin.py:104} INFO - [2021-05-16 09:02:39,355] {dagbag.py:451} INFO - Filling up the DagBag from /Users/harry/.local/share/virtualenvs/rugby_data_project_airflow-d2RAFQI6/lib/python3.8/site-packages/airflow/example_dags/subdags/subdag.py
[2021-05-16 09:02:39,356] {scheduler_job.py:641} WARNING - No viable dags retrieved from /Users/harry/.local/share/virtualenvs/rugby_data_project_airflow-d2RAFQI6/lib/python3.8/site-packages/airflow/example_dags/subdags/subdag.py
[2021-05-16 09:02:39,383] {scheduler_job.py:190} INFO - Processing /Users/harry/.local/share/virtualenvs/rugby_data_project_airflow-d2RAFQI6/lib/python3.8/site-packages/airflow/example_dags/subdags/subdag.py took 0.030 seconds
[2021-05-16 09:07:09,570] {scheduler_job.py:182} INFO - Started process (PID=45498) to work on /Users/harry/.local/share/virtualenvs/rugby_data_project_airflow-d2RAFQI6/lib/python3.8/site-packages/airflow/example_dags/subdags/subdag.py
[2021-05-16 09:07:09,571] {scheduler_job.py:629} INFO - Processing file /Users/harry/.local/share/virtualenvs/rugby_data_project_airflow-d2RAFQI6/lib/python3.8/site-packages/airflow/example_dags/subdags/subdag.py for tasks to queue
[2021-05-16 09:07:09,572] {logging_mixin.py:104} INFO - [2021-05-16 09:07:09,572] {dagbag.py:451} INFO - Filling up the DagBag from /Users/harry/.local/share/virtualenvs/rugby_data_project_airflow-d2RAFQI6/lib/python3.8/site-packages/airflow/example_dags/subdags/subdag.py
[2021-05-16 09:07:09,574] {scheduler_job.py:641} WARNING - No viable dags retrieved from /Users/harry/.local/share/virtualenvs/rugby_data_project_airflow-d2RAFQI6/lib/python3.8/site-packages/airflow/example_dags/subdags/subdag.py
[2021-05-16 09:07:09,600] {scheduler_job.py:190} INFO - Processing /Users/harry/.local/share/virtualenvs/rugby_data_project_airflow-d2RAFQI6/lib/python3.8/site-packages/airflow/example_dags/subdags/subdag.py took 0.030 seconds
[2021-05-16 09:11:14,761] {scheduler_job.py:182} INFO - Started process (PID=47286) to work on /Users/harry/.local/share/virtualenvs/rugby_data_project_airflow-d2RAFQI6/lib/python3.8/site-packages/airflow/example_dags/subdags/subdag.py
[2021-05-16 09:11:14,762] {scheduler_job.py:629} INFO - Processing file /Users/harry/.local/share/virtualenvs/rugby_data_project_airflow-d2RAFQI6/lib/python3.8/site-packages/airflow/example_dags/subdags/subdag.py for tasks to queue
[2021-05-16 09:11:14,763] {logging_mixin.py:104} INFO - [2021-05-16 09:11:14,763] {dagbag.py:451} INFO - Filling up the DagBag from /Users/harry/.local/share/virtualenvs/rugby_data_project_airflow-d2RAFQI6/lib/python3.8/site-packages/airflow/example_dags/subdags/subdag.py
[2021-05-16 09:11:14,764] {scheduler_job.py:641} WARNING - No viable dags retrieved from /Users/harry/.local/share/virtualenvs/rugby_data_project_airflow-d2RAFQI6/lib/python3.8/site-packages/airflow/example_dags/subdags/subdag.py
[2021-05-16 09:11:14,792] {scheduler_job.py:190} INFO - Processing /Users/harry/.local/share/virtualenvs/rugby_data_project_airflow-d2RAFQI6/lib/python3.8/site-packages/airflow/example_dags/subdags/subdag.py took 0.032 seconds
[2021-05-16 09:15:45,239] {scheduler_job.py:182} INFO - Started process (PID=49065) to work on /Users/harry/.local/share/virtualenvs/rugby_data_project_airflow-d2RAFQI6/lib/python3.8/site-packages/airflow/example_dags/subdags/subdag.py
[2021-05-16 09:15:45,240] {scheduler_job.py:629} INFO - Processing file /Users/harry/.local/share/virtualenvs/rugby_data_project_airflow-d2RAFQI6/lib/python3.8/site-packages/airflow/example_dags/subdags/subdag.py for tasks to queue
[2021-05-16 09:15:45,241] {logging_mixin.py:104} INFO - [2021-05-16 09:15:45,241] {dagbag.py:451} INFO - Filling up the DagBag from /Users/harry/.local/share/virtualenvs/rugby_data_project_airflow-d2RAFQI6/lib/python3.8/site-packages/airflow/example_dags/subdags/subdag.py
[2021-05-16 09:15:45,243] {scheduler_job.py:641} WARNING - No viable dags retrieved from /Users/harry/.local/share/virtualenvs/rugby_data_project_airflow-d2RAFQI6/lib/python3.8/site-packages/airflow/example_dags/subdags/subdag.py
[2021-05-16 09:15:45,279] {scheduler_job.py:190} INFO - Processing /Users/harry/.local/share/virtualenvs/rugby_data_project_airflow-d2RAFQI6/lib/python3.8/site-packages/airflow/example_dags/subdags/subdag.py took 0.040 seconds
[2021-05-16 09:20:38,782] {scheduler_job.py:182} INFO - Started process (PID=50941) to work on /Users/harry/.local/share/virtualenvs/rugby_data_project_airflow-d2RAFQI6/lib/python3.8/site-packages/airflow/example_dags/subdags/subdag.py
[2021-05-16 09:20:38,783] {scheduler_job.py:629} INFO - Processing file /Users/harry/.local/share/virtualenvs/rugby_data_project_airflow-d2RAFQI6/lib/python3.8/site-packages/airflow/example_dags/subdags/subdag.py for tasks to queue
[2021-05-16 09:20:38,784] {logging_mixin.py:104} INFO - [2021-05-16 09:20:38,784] {dagbag.py:451} INFO - Filling up the DagBag from /Users/harry/.local/share/virtualenvs/rugby_data_project_airflow-d2RAFQI6/lib/python3.8/site-packages/airflow/example_dags/subdags/subdag.py
[2021-05-16 09:20:38,786] {scheduler_job.py:641} WARNING - No viable dags retrieved from /Users/harry/.local/share/virtualenvs/rugby_data_project_airflow-d2RAFQI6/lib/python3.8/site-packages/airflow/example_dags/subdags/subdag.py
[2021-05-16 09:20:38,819] {scheduler_job.py:190} INFO - Processing /Users/harry/.local/share/virtualenvs/rugby_data_project_airflow-d2RAFQI6/lib/python3.8/site-packages/airflow/example_dags/subdags/subdag.py took 0.037 seconds
[2021-05-16 09:25:25,196] {scheduler_job.py:182} INFO - Started process (PID=52749) to work on /Users/harry/.local/share/virtualenvs/rugby_data_project_airflow-d2RAFQI6/lib/python3.8/site-packages/airflow/example_dags/subdags/subdag.py
[2021-05-16 09:25:25,197] {scheduler_job.py:629} INFO - Processing file /Users/harry/.local/share/virtualenvs/rugby_data_project_airflow-d2RAFQI6/lib/python3.8/site-packages/airflow/example_dags/subdags/subdag.py for tasks to queue
[2021-05-16 09:25:25,198] {logging_mixin.py:104} INFO - [2021-05-16 09:25:25,198] {dagbag.py:451} INFO - Filling up the DagBag from /Users/harry/.local/share/virtualenvs/rugby_data_project_airflow-d2RAFQI6/lib/python3.8/site-packages/airflow/example_dags/subdags/subdag.py
[2021-05-16 09:25:25,200] {scheduler_job.py:641} WARNING - No viable dags retrieved from /Users/harry/.local/share/virtualenvs/rugby_data_project_airflow-d2RAFQI6/lib/python3.8/site-packages/airflow/example_dags/subdags/subdag.py
[2021-05-16 09:25:25,233] {scheduler_job.py:190} INFO - Processing /Users/harry/.local/share/virtualenvs/rugby_data_project_airflow-d2RAFQI6/lib/python3.8/site-packages/airflow/example_dags/subdags/subdag.py took 0.037 seconds
[2021-05-16 09:30:16,690] {scheduler_job.py:182} INFO - Started process (PID=54577) to work on /Users/harry/.local/share/virtualenvs/rugby_data_project_airflow-d2RAFQI6/lib/python3.8/site-packages/airflow/example_dags/subdags/subdag.py
[2021-05-16 09:30:16,691] {scheduler_job.py:629} INFO - Processing file /Users/harry/.local/share/virtualenvs/rugby_data_project_airflow-d2RAFQI6/lib/python3.8/site-packages/airflow/example_dags/subdags/subdag.py for tasks to queue
[2021-05-16 09:30:16,692] {logging_mixin.py:104} INFO - [2021-05-16 09:30:16,692] {dagbag.py:451} INFO - Filling up the DagBag from /Users/harry/.local/share/virtualenvs/rugby_data_project_airflow-d2RAFQI6/lib/python3.8/site-packages/airflow/example_dags/subdags/subdag.py
[2021-05-16 09:30:16,694] {scheduler_job.py:641} WARNING - No viable dags retrieved from /Users/harry/.local/share/virtualenvs/rugby_data_project_airflow-d2RAFQI6/lib/python3.8/site-packages/airflow/example_dags/subdags/subdag.py
[2021-05-16 09:30:16,726] {scheduler_job.py:190} INFO - Processing /Users/harry/.local/share/virtualenvs/rugby_data_project_airflow-d2RAFQI6/lib/python3.8/site-packages/airflow/example_dags/subdags/subdag.py took 0.037 seconds
[2021-05-16 09:35:08,088] {scheduler_job.py:182} INFO - Started process (PID=56324) to work on /Users/harry/.local/share/virtualenvs/rugby_data_project_airflow-d2RAFQI6/lib/python3.8/site-packages/airflow/example_dags/subdags/subdag.py
[2021-05-16 09:35:08,089] {scheduler_job.py:629} INFO - Processing file /Users/harry/.local/share/virtualenvs/rugby_data_project_airflow-d2RAFQI6/lib/python3.8/site-packages/airflow/example_dags/subdags/subdag.py for tasks to queue
[2021-05-16 09:35:08,090] {logging_mixin.py:104} INFO - [2021-05-16 09:35:08,090] {dagbag.py:451} INFO - Filling up the DagBag from /Users/harry/.local/share/virtualenvs/rugby_data_project_airflow-d2RAFQI6/lib/python3.8/site-packages/airflow/example_dags/subdags/subdag.py
[2021-05-16 09:35:08,092] {scheduler_job.py:641} WARNING - No viable dags retrieved from /Users/harry/.local/share/virtualenvs/rugby_data_project_airflow-d2RAFQI6/lib/python3.8/site-packages/airflow/example_dags/subdags/subdag.py
[2021-05-16 09:35:08,124] {scheduler_job.py:190} INFO - Processing /Users/harry/.local/share/virtualenvs/rugby_data_project_airflow-d2RAFQI6/lib/python3.8/site-packages/airflow/example_dags/subdags/subdag.py took 0.037 seconds
[2021-05-16 09:40:01,898] {scheduler_job.py:182} INFO - Started process (PID=58127) to work on /Users/harry/.local/share/virtualenvs/rugby_data_project_airflow-d2RAFQI6/lib/python3.8/site-packages/airflow/example_dags/subdags/subdag.py
[2021-05-16 09:40:01,899] {scheduler_job.py:629} INFO - Processing file /Users/harry/.local/share/virtualenvs/rugby_data_project_airflow-d2RAFQI6/lib/python3.8/site-packages/airflow/example_dags/subdags/subdag.py for tasks to queue
[2021-05-16 09:40:01,900] {logging_mixin.py:104} INFO - [2021-05-16 09:40:01,900] {dagbag.py:451} INFO - Filling up the DagBag from /Users/harry/.local/share/virtualenvs/rugby_data_project_airflow-d2RAFQI6/lib/python3.8/site-packages/airflow/example_dags/subdags/subdag.py
[2021-05-16 09:40:01,902] {scheduler_job.py:641} WARNING - No viable dags retrieved from /Users/harry/.local/share/virtualenvs/rugby_data_project_airflow-d2RAFQI6/lib/python3.8/site-packages/airflow/example_dags/subdags/subdag.py
[2021-05-16 09:40:01,934] {scheduler_job.py:190} INFO - Processing /Users/harry/.local/share/virtualenvs/rugby_data_project_airflow-d2RAFQI6/lib/python3.8/site-packages/airflow/example_dags/subdags/subdag.py took 0.036 seconds
[2021-05-16 09:45:01,541] {scheduler_job.py:182} INFO - Started process (PID=59866) to work on /Users/harry/.local/share/virtualenvs/rugby_data_project_airflow-d2RAFQI6/lib/python3.8/site-packages/airflow/example_dags/subdags/subdag.py
[2021-05-16 09:45:01,542] {scheduler_job.py:629} INFO - Processing file /Users/harry/.local/share/virtualenvs/rugby_data_project_airflow-d2RAFQI6/lib/python3.8/site-packages/airflow/example_dags/subdags/subdag.py for tasks to queue
[2021-05-16 09:45:01,543] {logging_mixin.py:104} INFO - [2021-05-16 09:45:01,543] {dagbag.py:451} INFO - Filling up the DagBag from /Users/harry/.local/share/virtualenvs/rugby_data_project_airflow-d2RAFQI6/lib/python3.8/site-packages/airflow/example_dags/subdags/subdag.py
[2021-05-16 09:45:01,545] {scheduler_job.py:641} WARNING - No viable dags retrieved from /Users/harry/.local/share/virtualenvs/rugby_data_project_airflow-d2RAFQI6/lib/python3.8/site-packages/airflow/example_dags/subdags/subdag.py
[2021-05-16 09:45:01,579] {scheduler_job.py:190} INFO - Processing /Users/harry/.local/share/virtualenvs/rugby_data_project_airflow-d2RAFQI6/lib/python3.8/site-packages/airflow/example_dags/subdags/subdag.py took 0.039 seconds
[2021-05-16 13:21:41,497] {scheduler_job.py:182} INFO - Started process (PID=4769) to work on /Users/harry/.local/share/virtualenvs/rugby_data_project_airflow-d2RAFQI6/lib/python3.8/site-packages/airflow/example_dags/subdags/subdag.py
[2021-05-16 13:21:41,499] {scheduler_job.py:629} INFO - Processing file /Users/harry/.local/share/virtualenvs/rugby_data_project_airflow-d2RAFQI6/lib/python3.8/site-packages/airflow/example_dags/subdags/subdag.py for tasks to queue
[2021-05-16 13:21:41,500] {logging_mixin.py:104} INFO - [2021-05-16 13:21:41,500] {dagbag.py:451} INFO - Filling up the DagBag from /Users/harry/.local/share/virtualenvs/rugby_data_project_airflow-d2RAFQI6/lib/python3.8/site-packages/airflow/example_dags/subdags/subdag.py
[2021-05-16 13:21:41,503] {scheduler_job.py:641} WARNING - No viable dags retrieved from /Users/harry/.local/share/virtualenvs/rugby_data_project_airflow-d2RAFQI6/lib/python3.8/site-packages/airflow/example_dags/subdags/subdag.py
[2021-05-16 13:21:41,551] {scheduler_job.py:190} INFO - Processing /Users/harry/.local/share/virtualenvs/rugby_data_project_airflow-d2RAFQI6/lib/python3.8/site-packages/airflow/example_dags/subdags/subdag.py took 0.054 seconds
[2021-05-16 13:22:16,856] {scheduler_job.py:182} INFO - Started process (PID=5232) to work on /Users/harry/.local/share/virtualenvs/rugby_data_project_airflow-d2RAFQI6/lib/python3.8/site-packages/airflow/example_dags/subdags/subdag.py
[2021-05-16 13:22:16,856] {scheduler_job.py:629} INFO - Processing file /Users/harry/.local/share/virtualenvs/rugby_data_project_airflow-d2RAFQI6/lib/python3.8/site-packages/airflow/example_dags/subdags/subdag.py for tasks to queue
[2021-05-16 13:22:16,857] {logging_mixin.py:104} INFO - [2021-05-16 13:22:16,857] {dagbag.py:451} INFO - Filling up the DagBag from /Users/harry/.local/share/virtualenvs/rugby_data_project_airflow-d2RAFQI6/lib/python3.8/site-packages/airflow/example_dags/subdags/subdag.py
[2021-05-16 13:22:16,859] {scheduler_job.py:641} WARNING - No viable dags retrieved from /Users/harry/.local/share/virtualenvs/rugby_data_project_airflow-d2RAFQI6/lib/python3.8/site-packages/airflow/example_dags/subdags/subdag.py
[2021-05-16 13:22:16,879] {scheduler_job.py:190} INFO - Processing /Users/harry/.local/share/virtualenvs/rugby_data_project_airflow-d2RAFQI6/lib/python3.8/site-packages/airflow/example_dags/subdags/subdag.py took 0.024 seconds
[2021-05-16 13:22:59,933] {scheduler_job.py:182} INFO - Started process (PID=5847) to work on /Users/harry/.local/share/virtualenvs/rugby_data_project_airflow-d2RAFQI6/lib/python3.8/site-packages/airflow/example_dags/subdags/subdag.py
[2021-05-16 13:22:59,934] {scheduler_job.py:629} INFO - Processing file /Users/harry/.local/share/virtualenvs/rugby_data_project_airflow-d2RAFQI6/lib/python3.8/site-packages/airflow/example_dags/subdags/subdag.py for tasks to queue
[2021-05-16 13:22:59,934] {logging_mixin.py:104} INFO - [2021-05-16 13:22:59,934] {dagbag.py:451} INFO - Filling up the DagBag from /Users/harry/.local/share/virtualenvs/rugby_data_project_airflow-d2RAFQI6/lib/python3.8/site-packages/airflow/example_dags/subdags/subdag.py
[2021-05-16 13:22:59,936] {scheduler_job.py:641} WARNING - No viable dags retrieved from /Users/harry/.local/share/virtualenvs/rugby_data_project_airflow-d2RAFQI6/lib/python3.8/site-packages/airflow/example_dags/subdags/subdag.py
[2021-05-16 13:22:59,956] {scheduler_job.py:190} INFO - Processing /Users/harry/.local/share/virtualenvs/rugby_data_project_airflow-d2RAFQI6/lib/python3.8/site-packages/airflow/example_dags/subdags/subdag.py took 0.024 seconds
[2021-05-16 13:23:32,697] {scheduler_job.py:182} INFO - Started process (PID=6289) to work on /Users/harry/.local/share/virtualenvs/rugby_data_project_airflow-d2RAFQI6/lib/python3.8/site-packages/airflow/example_dags/subdags/subdag.py
[2021-05-16 13:23:32,697] {scheduler_job.py:629} INFO - Processing file /Users/harry/.local/share/virtualenvs/rugby_data_project_airflow-d2RAFQI6/lib/python3.8/site-packages/airflow/example_dags/subdags/subdag.py for tasks to queue
[2021-05-16 13:23:32,698] {logging_mixin.py:104} INFO - [2021-05-16 13:23:32,698] {dagbag.py:451} INFO - Filling up the DagBag from /Users/harry/.local/share/virtualenvs/rugby_data_project_airflow-d2RAFQI6/lib/python3.8/site-packages/airflow/example_dags/subdags/subdag.py
[2021-05-16 13:23:32,700] {scheduler_job.py:641} WARNING - No viable dags retrieved from /Users/harry/.local/share/virtualenvs/rugby_data_project_airflow-d2RAFQI6/lib/python3.8/site-packages/airflow/example_dags/subdags/subdag.py
[2021-05-16 13:23:32,720] {scheduler_job.py:190} INFO - Processing /Users/harry/.local/share/virtualenvs/rugby_data_project_airflow-d2RAFQI6/lib/python3.8/site-packages/airflow/example_dags/subdags/subdag.py took 0.024 seconds
[2021-05-16 13:24:07,556] {scheduler_job.py:182} INFO - Started process (PID=6789) to work on /Users/harry/.local/share/virtualenvs/rugby_data_project_airflow-d2RAFQI6/lib/python3.8/site-packages/airflow/example_dags/subdags/subdag.py
[2021-05-16 13:24:07,557] {scheduler_job.py:629} INFO - Processing file /Users/harry/.local/share/virtualenvs/rugby_data_project_airflow-d2RAFQI6/lib/python3.8/site-packages/airflow/example_dags/subdags/subdag.py for tasks to queue
[2021-05-16 13:24:07,557] {logging_mixin.py:104} INFO - [2021-05-16 13:24:07,557] {dagbag.py:451} INFO - Filling up the DagBag from /Users/harry/.local/share/virtualenvs/rugby_data_project_airflow-d2RAFQI6/lib/python3.8/site-packages/airflow/example_dags/subdags/subdag.py
[2021-05-16 13:24:07,559] {scheduler_job.py:641} WARNING - No viable dags retrieved from /Users/harry/.local/share/virtualenvs/rugby_data_project_airflow-d2RAFQI6/lib/python3.8/site-packages/airflow/example_dags/subdags/subdag.py
[2021-05-16 13:24:07,578] {scheduler_job.py:190} INFO - Processing /Users/harry/.local/share/virtualenvs/rugby_data_project_airflow-d2RAFQI6/lib/python3.8/site-packages/airflow/example_dags/subdags/subdag.py took 0.023 seconds
[2021-05-16 20:06:28,593] {scheduler_job.py:182} INFO - Started process (PID=14260) to work on /Users/harry/.local/share/virtualenvs/rugby_data_project_airflow-d2RAFQI6/lib/python3.8/site-packages/airflow/example_dags/subdags/subdag.py
[2021-05-16 20:06:28,594] {scheduler_job.py:629} INFO - Processing file /Users/harry/.local/share/virtualenvs/rugby_data_project_airflow-d2RAFQI6/lib/python3.8/site-packages/airflow/example_dags/subdags/subdag.py for tasks to queue
[2021-05-16 20:06:28,595] {logging_mixin.py:104} INFO - [2021-05-16 20:06:28,594] {dagbag.py:451} INFO - Filling up the DagBag from /Users/harry/.local/share/virtualenvs/rugby_data_project_airflow-d2RAFQI6/lib/python3.8/site-packages/airflow/example_dags/subdags/subdag.py
[2021-05-16 20:06:28,598] {scheduler_job.py:641} WARNING - No viable dags retrieved from /Users/harry/.local/share/virtualenvs/rugby_data_project_airflow-d2RAFQI6/lib/python3.8/site-packages/airflow/example_dags/subdags/subdag.py
[2021-05-16 20:06:28,621] {scheduler_job.py:190} INFO - Processing /Users/harry/.local/share/virtualenvs/rugby_data_project_airflow-d2RAFQI6/lib/python3.8/site-packages/airflow/example_dags/subdags/subdag.py took 0.028 seconds
[2021-05-16 20:07:22,424] {scheduler_job.py:182} INFO - Started process (PID=14833) to work on /Users/harry/.local/share/virtualenvs/rugby_data_project_airflow-d2RAFQI6/lib/python3.8/site-packages/airflow/example_dags/subdags/subdag.py
[2021-05-16 20:07:22,425] {scheduler_job.py:629} INFO - Processing file /Users/harry/.local/share/virtualenvs/rugby_data_project_airflow-d2RAFQI6/lib/python3.8/site-packages/airflow/example_dags/subdags/subdag.py for tasks to queue
[2021-05-16 20:07:22,425] {logging_mixin.py:104} INFO - [2021-05-16 20:07:22,425] {dagbag.py:451} INFO - Filling up the DagBag from /Users/harry/.local/share/virtualenvs/rugby_data_project_airflow-d2RAFQI6/lib/python3.8/site-packages/airflow/example_dags/subdags/subdag.py
[2021-05-16 20:07:22,427] {scheduler_job.py:641} WARNING - No viable dags retrieved from /Users/harry/.local/share/virtualenvs/rugby_data_project_airflow-d2RAFQI6/lib/python3.8/site-packages/airflow/example_dags/subdags/subdag.py
[2021-05-16 20:07:22,447] {scheduler_job.py:190} INFO - Processing /Users/harry/.local/share/virtualenvs/rugby_data_project_airflow-d2RAFQI6/lib/python3.8/site-packages/airflow/example_dags/subdags/subdag.py took 0.024 seconds
[2021-05-16 20:08:14,832] {scheduler_job.py:182} INFO - Started process (PID=15415) to work on /Users/harry/.local/share/virtualenvs/rugby_data_project_airflow-d2RAFQI6/lib/python3.8/site-packages/airflow/example_dags/subdags/subdag.py
[2021-05-16 20:08:14,833] {scheduler_job.py:629} INFO - Processing file /Users/harry/.local/share/virtualenvs/rugby_data_project_airflow-d2RAFQI6/lib/python3.8/site-packages/airflow/example_dags/subdags/subdag.py for tasks to queue
[2021-05-16 20:08:14,834] {logging_mixin.py:104} INFO - [2021-05-16 20:08:14,834] {dagbag.py:451} INFO - Filling up the DagBag from /Users/harry/.local/share/virtualenvs/rugby_data_project_airflow-d2RAFQI6/lib/python3.8/site-packages/airflow/example_dags/subdags/subdag.py
[2021-05-16 20:08:14,836] {scheduler_job.py:641} WARNING - No viable dags retrieved from /Users/harry/.local/share/virtualenvs/rugby_data_project_airflow-d2RAFQI6/lib/python3.8/site-packages/airflow/example_dags/subdags/subdag.py
[2021-05-16 20:08:14,855] {scheduler_job.py:190} INFO - Processing /Users/harry/.local/share/virtualenvs/rugby_data_project_airflow-d2RAFQI6/lib/python3.8/site-packages/airflow/example_dags/subdags/subdag.py took 0.023 seconds
[2021-05-16 20:09:02,853] {scheduler_job.py:182} INFO - Started process (PID=15923) to work on /Users/harry/.local/share/virtualenvs/rugby_data_project_airflow-d2RAFQI6/lib/python3.8/site-packages/airflow/example_dags/subdags/subdag.py
[2021-05-16 20:09:02,853] {scheduler_job.py:629} INFO - Processing file /Users/harry/.local/share/virtualenvs/rugby_data_project_airflow-d2RAFQI6/lib/python3.8/site-packages/airflow/example_dags/subdags/subdag.py for tasks to queue
[2021-05-16 20:09:02,854] {logging_mixin.py:104} INFO - [2021-05-16 20:09:02,853] {dagbag.py:451} INFO - Filling up the DagBag from /Users/harry/.local/share/virtualenvs/rugby_data_project_airflow-d2RAFQI6/lib/python3.8/site-packages/airflow/example_dags/subdags/subdag.py
[2021-05-16 20:09:02,855] {scheduler_job.py:641} WARNING - No viable dags retrieved from /Users/harry/.local/share/virtualenvs/rugby_data_project_airflow-d2RAFQI6/lib/python3.8/site-packages/airflow/example_dags/subdags/subdag.py
[2021-05-16 20:09:02,872] {scheduler_job.py:190} INFO - Processing /Users/harry/.local/share/virtualenvs/rugby_data_project_airflow-d2RAFQI6/lib/python3.8/site-packages/airflow/example_dags/subdags/subdag.py took 0.020 seconds
[2021-05-16 20:09:48,374] {scheduler_job.py:182} INFO - Started process (PID=16488) to work on /Users/harry/.local/share/virtualenvs/rugby_data_project_airflow-d2RAFQI6/lib/python3.8/site-packages/airflow/example_dags/subdags/subdag.py
[2021-05-16 20:09:48,375] {scheduler_job.py:629} INFO - Processing file /Users/harry/.local/share/virtualenvs/rugby_data_project_airflow-d2RAFQI6/lib/python3.8/site-packages/airflow/example_dags/subdags/subdag.py for tasks to queue
[2021-05-16 20:09:48,376] {logging_mixin.py:104} INFO - [2021-05-16 20:09:48,375] {dagbag.py:451} INFO - Filling up the DagBag from /Users/harry/.local/share/virtualenvs/rugby_data_project_airflow-d2RAFQI6/lib/python3.8/site-packages/airflow/example_dags/subdags/subdag.py
[2021-05-16 20:09:48,378] {scheduler_job.py:641} WARNING - No viable dags retrieved from /Users/harry/.local/share/virtualenvs/rugby_data_project_airflow-d2RAFQI6/lib/python3.8/site-packages/airflow/example_dags/subdags/subdag.py
[2021-05-16 20:09:48,399] {scheduler_job.py:190} INFO - Processing /Users/harry/.local/share/virtualenvs/rugby_data_project_airflow-d2RAFQI6/lib/python3.8/site-packages/airflow/example_dags/subdags/subdag.py took 0.025 seconds
[2021-05-16 20:10:39,964] {scheduler_job.py:182} INFO - Started process (PID=17060) to work on /Users/harry/.local/share/virtualenvs/rugby_data_project_airflow-d2RAFQI6/lib/python3.8/site-packages/airflow/example_dags/subdags/subdag.py
[2021-05-16 20:10:39,966] {scheduler_job.py:629} INFO - Processing file /Users/harry/.local/share/virtualenvs/rugby_data_project_airflow-d2RAFQI6/lib/python3.8/site-packages/airflow/example_dags/subdags/subdag.py for tasks to queue
[2021-05-16 20:10:39,967] {logging_mixin.py:104} INFO - [2021-05-16 20:10:39,966] {dagbag.py:451} INFO - Filling up the DagBag from /Users/harry/.local/share/virtualenvs/rugby_data_project_airflow-d2RAFQI6/lib/python3.8/site-packages/airflow/example_dags/subdags/subdag.py
[2021-05-16 20:10:39,970] {scheduler_job.py:641} WARNING - No viable dags retrieved from /Users/harry/.local/share/virtualenvs/rugby_data_project_airflow-d2RAFQI6/lib/python3.8/site-packages/airflow/example_dags/subdags/subdag.py
[2021-05-16 20:10:40,000] {scheduler_job.py:190} INFO - Processing /Users/harry/.local/share/virtualenvs/rugby_data_project_airflow-d2RAFQI6/lib/python3.8/site-packages/airflow/example_dags/subdags/subdag.py took 0.036 seconds
[2021-05-16 20:11:31,644] {scheduler_job.py:182} INFO - Started process (PID=17623) to work on /Users/harry/.local/share/virtualenvs/rugby_data_project_airflow-d2RAFQI6/lib/python3.8/site-packages/airflow/example_dags/subdags/subdag.py
[2021-05-16 20:11:31,645] {scheduler_job.py:629} INFO - Processing file /Users/harry/.local/share/virtualenvs/rugby_data_project_airflow-d2RAFQI6/lib/python3.8/site-packages/airflow/example_dags/subdags/subdag.py for tasks to queue
[2021-05-16 20:11:31,645] {logging_mixin.py:104} INFO - [2021-05-16 20:11:31,645] {dagbag.py:451} INFO - Filling up the DagBag from /Users/harry/.local/share/virtualenvs/rugby_data_project_airflow-d2RAFQI6/lib/python3.8/site-packages/airflow/example_dags/subdags/subdag.py
[2021-05-16 20:11:31,647] {scheduler_job.py:641} WARNING - No viable dags retrieved from /Users/harry/.local/share/virtualenvs/rugby_data_project_airflow-d2RAFQI6/lib/python3.8/site-packages/airflow/example_dags/subdags/subdag.py
[2021-05-16 20:11:31,667] {scheduler_job.py:190} INFO - Processing /Users/harry/.local/share/virtualenvs/rugby_data_project_airflow-d2RAFQI6/lib/python3.8/site-packages/airflow/example_dags/subdags/subdag.py took 0.023 seconds
[2021-05-16 20:12:18,962] {scheduler_job.py:182} INFO - Started process (PID=18145) to work on /Users/harry/.local/share/virtualenvs/rugby_data_project_airflow-d2RAFQI6/lib/python3.8/site-packages/airflow/example_dags/subdags/subdag.py
[2021-05-16 20:12:18,964] {scheduler_job.py:629} INFO - Processing file /Users/harry/.local/share/virtualenvs/rugby_data_project_airflow-d2RAFQI6/lib/python3.8/site-packages/airflow/example_dags/subdags/subdag.py for tasks to queue
[2021-05-16 20:12:18,964] {logging_mixin.py:104} INFO - [2021-05-16 20:12:18,964] {dagbag.py:451} INFO - Filling up the DagBag from /Users/harry/.local/share/virtualenvs/rugby_data_project_airflow-d2RAFQI6/lib/python3.8/site-packages/airflow/example_dags/subdags/subdag.py
[2021-05-16 20:12:18,967] {scheduler_job.py:641} WARNING - No viable dags retrieved from /Users/harry/.local/share/virtualenvs/rugby_data_project_airflow-d2RAFQI6/lib/python3.8/site-packages/airflow/example_dags/subdags/subdag.py
[2021-05-16 20:12:18,990] {scheduler_job.py:190} INFO - Processing /Users/harry/.local/share/virtualenvs/rugby_data_project_airflow-d2RAFQI6/lib/python3.8/site-packages/airflow/example_dags/subdags/subdag.py took 0.028 seconds
[2021-05-16 20:13:06,800] {scheduler_job.py:182} INFO - Started process (PID=18826) to work on /Users/harry/.local/share/virtualenvs/rugby_data_project_airflow-d2RAFQI6/lib/python3.8/site-packages/airflow/example_dags/subdags/subdag.py
[2021-05-16 20:13:06,801] {scheduler_job.py:629} INFO - Processing file /Users/harry/.local/share/virtualenvs/rugby_data_project_airflow-d2RAFQI6/lib/python3.8/site-packages/airflow/example_dags/subdags/subdag.py for tasks to queue
[2021-05-16 20:13:06,802] {logging_mixin.py:104} INFO - [2021-05-16 20:13:06,802] {dagbag.py:451} INFO - Filling up the DagBag from /Users/harry/.local/share/virtualenvs/rugby_data_project_airflow-d2RAFQI6/lib/python3.8/site-packages/airflow/example_dags/subdags/subdag.py
[2021-05-16 20:13:06,805] {scheduler_job.py:641} WARNING - No viable dags retrieved from /Users/harry/.local/share/virtualenvs/rugby_data_project_airflow-d2RAFQI6/lib/python3.8/site-packages/airflow/example_dags/subdags/subdag.py
[2021-05-16 20:13:06,835] {scheduler_job.py:190} INFO - Processing /Users/harry/.local/share/virtualenvs/rugby_data_project_airflow-d2RAFQI6/lib/python3.8/site-packages/airflow/example_dags/subdags/subdag.py took 0.036 seconds
[2021-05-16 20:13:59,199] {scheduler_job.py:182} INFO - Started process (PID=19458) to work on /Users/harry/.local/share/virtualenvs/rugby_data_project_airflow-d2RAFQI6/lib/python3.8/site-packages/airflow/example_dags/subdags/subdag.py
[2021-05-16 20:13:59,199] {scheduler_job.py:629} INFO - Processing file /Users/harry/.local/share/virtualenvs/rugby_data_project_airflow-d2RAFQI6/lib/python3.8/site-packages/airflow/example_dags/subdags/subdag.py for tasks to queue
[2021-05-16 20:13:59,200] {logging_mixin.py:104} INFO - [2021-05-16 20:13:59,200] {dagbag.py:451} INFO - Filling up the DagBag from /Users/harry/.local/share/virtualenvs/rugby_data_project_airflow-d2RAFQI6/lib/python3.8/site-packages/airflow/example_dags/subdags/subdag.py
[2021-05-16 20:13:59,202] {scheduler_job.py:641} WARNING - No viable dags retrieved from /Users/harry/.local/share/virtualenvs/rugby_data_project_airflow-d2RAFQI6/lib/python3.8/site-packages/airflow/example_dags/subdags/subdag.py
[2021-05-16 20:13:59,227] {scheduler_job.py:190} INFO - Processing /Users/harry/.local/share/virtualenvs/rugby_data_project_airflow-d2RAFQI6/lib/python3.8/site-packages/airflow/example_dags/subdags/subdag.py took 0.029 seconds
[2021-05-16 20:14:46,126] {scheduler_job.py:182} INFO - Started process (PID=19982) to work on /Users/harry/.local/share/virtualenvs/rugby_data_project_airflow-d2RAFQI6/lib/python3.8/site-packages/airflow/example_dags/subdags/subdag.py
[2021-05-16 20:14:46,127] {scheduler_job.py:629} INFO - Processing file /Users/harry/.local/share/virtualenvs/rugby_data_project_airflow-d2RAFQI6/lib/python3.8/site-packages/airflow/example_dags/subdags/subdag.py for tasks to queue
[2021-05-16 20:14:46,127] {logging_mixin.py:104} INFO - [2021-05-16 20:14:46,127] {dagbag.py:451} INFO - Filling up the DagBag from /Users/harry/.local/share/virtualenvs/rugby_data_project_airflow-d2RAFQI6/lib/python3.8/site-packages/airflow/example_dags/subdags/subdag.py
[2021-05-16 20:14:46,129] {scheduler_job.py:641} WARNING - No viable dags retrieved from /Users/harry/.local/share/virtualenvs/rugby_data_project_airflow-d2RAFQI6/lib/python3.8/site-packages/airflow/example_dags/subdags/subdag.py
[2021-05-16 20:14:46,150] {scheduler_job.py:190} INFO - Processing /Users/harry/.local/share/virtualenvs/rugby_data_project_airflow-d2RAFQI6/lib/python3.8/site-packages/airflow/example_dags/subdags/subdag.py took 0.024 seconds
[2021-05-16 20:15:33,936] {scheduler_job.py:182} INFO - Started process (PID=21347) to work on /Users/harry/.local/share/virtualenvs/rugby_data_project_airflow-d2RAFQI6/lib/python3.8/site-packages/airflow/example_dags/subdags/subdag.py
[2021-05-16 20:15:33,936] {scheduler_job.py:629} INFO - Processing file /Users/harry/.local/share/virtualenvs/rugby_data_project_airflow-d2RAFQI6/lib/python3.8/site-packages/airflow/example_dags/subdags/subdag.py for tasks to queue
[2021-05-16 20:15:33,937] {logging_mixin.py:104} INFO - [2021-05-16 20:15:33,937] {dagbag.py:451} INFO - Filling up the DagBag from /Users/harry/.local/share/virtualenvs/rugby_data_project_airflow-d2RAFQI6/lib/python3.8/site-packages/airflow/example_dags/subdags/subdag.py
[2021-05-16 20:15:33,939] {scheduler_job.py:641} WARNING - No viable dags retrieved from /Users/harry/.local/share/virtualenvs/rugby_data_project_airflow-d2RAFQI6/lib/python3.8/site-packages/airflow/example_dags/subdags/subdag.py
[2021-05-16 20:15:33,958] {scheduler_job.py:190} INFO - Processing /Users/harry/.local/share/virtualenvs/rugby_data_project_airflow-d2RAFQI6/lib/python3.8/site-packages/airflow/example_dags/subdags/subdag.py took 0.023 seconds
[2021-05-16 20:16:37,466] {scheduler_job.py:182} INFO - Started process (PID=22059) to work on /Users/harry/.local/share/virtualenvs/rugby_data_project_airflow-d2RAFQI6/lib/python3.8/site-packages/airflow/example_dags/subdags/subdag.py
[2021-05-16 20:16:37,468] {scheduler_job.py:629} INFO - Processing file /Users/harry/.local/share/virtualenvs/rugby_data_project_airflow-d2RAFQI6/lib/python3.8/site-packages/airflow/example_dags/subdags/subdag.py for tasks to queue
[2021-05-16 20:16:37,469] {logging_mixin.py:104} INFO - [2021-05-16 20:16:37,469] {dagbag.py:451} INFO - Filling up the DagBag from /Users/harry/.local/share/virtualenvs/rugby_data_project_airflow-d2RAFQI6/lib/python3.8/site-packages/airflow/example_dags/subdags/subdag.py
[2021-05-16 20:16:37,472] {scheduler_job.py:641} WARNING - No viable dags retrieved from /Users/harry/.local/share/virtualenvs/rugby_data_project_airflow-d2RAFQI6/lib/python3.8/site-packages/airflow/example_dags/subdags/subdag.py
[2021-05-16 20:16:37,501] {scheduler_job.py:190} INFO - Processing /Users/harry/.local/share/virtualenvs/rugby_data_project_airflow-d2RAFQI6/lib/python3.8/site-packages/airflow/example_dags/subdags/subdag.py took 0.035 seconds
