[2021-05-16 09:44:06,302] {taskinstance.py:877} INFO - Dependencies all met for <TaskInstance: airflow_tutorial_v01.sleep 2017-08-12T03:00:00+00:00 [queued]>
[2021-05-16 09:44:06,312] {taskinstance.py:877} INFO - Dependencies all met for <TaskInstance: airflow_tutorial_v01.sleep 2017-08-12T03:00:00+00:00 [queued]>
[2021-05-16 09:44:06,312] {taskinstance.py:1068} INFO - 
--------------------------------------------------------------------------------
[2021-05-16 09:44:06,312] {taskinstance.py:1069} INFO - Starting attempt 1 of 2
[2021-05-16 09:44:06,312] {taskinstance.py:1070} INFO - 
--------------------------------------------------------------------------------
[2021-05-16 09:44:06,323] {taskinstance.py:1089} INFO - Executing <Task(BashOperator): sleep> on 2017-08-12T03:00:00+00:00
[2021-05-16 09:44:06,327] {standard_task_runner.py:52} INFO - Started process 59558 to run task
[2021-05-16 09:44:06,338] {standard_task_runner.py:76} INFO - Running: ['airflow', 'tasks', 'run', 'airflow_tutorial_v01', 'sleep', '2017-08-12T03:00:00+00:00', '--job-id', '5209', '--pool', 'default_pool', '--raw', '--subdir', 'DAGS_FOLDER/Untitled.py', '--cfg-path', '/var/folders/tp/ft4rfkmn1kz3dyw8hlfz1dxw0000gn/T/tmp50wvfr9m', '--error-file', '/var/folders/tp/ft4rfkmn1kz3dyw8hlfz1dxw0000gn/T/tmpxzfb2xw8']
[2021-05-16 09:44:06,341] {standard_task_runner.py:77} INFO - Job 5209: Subtask sleep
[2021-05-16 09:44:06,399] {logging_mixin.py:104} INFO - Running <TaskInstance: airflow_tutorial_v01.sleep 2017-08-12T03:00:00+00:00 [running]> on host 1.0.0.127.in-addr.arpa
[2021-05-16 09:44:06,445] {taskinstance.py:1281} INFO - Exporting the following env vars:
AIRFLOW_CTX_DAG_OWNER=me
AIRFLOW_CTX_DAG_ID=airflow_tutorial_v01
AIRFLOW_CTX_TASK_ID=sleep
AIRFLOW_CTX_EXECUTION_DATE=2017-08-12T03:00:00+00:00
AIRFLOW_CTX_DAG_RUN_ID=scheduled__2017-08-12T03:00:00+00:00
[2021-05-16 09:44:06,446] {bash.py:135} INFO - Tmp dir root location: 
 /var/folders/tp/ft4rfkmn1kz3dyw8hlfz1dxw0000gn/T
[2021-05-16 09:44:06,448] {bash.py:158} INFO - Running command: sleep 5
[2021-05-16 09:44:06,461] {bash.py:169} INFO - Output:
[2021-05-16 09:44:11,477] {bash.py:177} INFO - Command exited with return code 0
[2021-05-16 09:44:11,495] {taskinstance.py:1185} INFO - Marking task as SUCCESS. dag_id=airflow_tutorial_v01, task_id=sleep, execution_date=20170812T030000, start_date=20210516T084406, end_date=20210516T084411
[2021-05-16 09:44:11,513] {taskinstance.py:1246} INFO - 1 downstream tasks scheduled from follow-on schedule check
[2021-05-16 09:44:11,553] {local_task_job.py:146} INFO - Task exited with return code 0
