[2021-05-15 22:25:27,710] {taskinstance.py:877} INFO - Dependencies all met for <TaskInstance: airflow_tutorial_v01.print_hello 2017-07-22T21:00:00+00:00 [queued]>
[2021-05-15 22:25:27,716] {taskinstance.py:877} INFO - Dependencies all met for <TaskInstance: airflow_tutorial_v01.print_hello 2017-07-22T21:00:00+00:00 [queued]>
[2021-05-15 22:25:27,716] {taskinstance.py:1068} INFO - 
--------------------------------------------------------------------------------
[2021-05-15 22:25:27,716] {taskinstance.py:1069} INFO - Starting attempt 1 of 2
[2021-05-15 22:25:27,716] {taskinstance.py:1070} INFO - 
--------------------------------------------------------------------------------
[2021-05-15 22:25:27,720] {taskinstance.py:1089} INFO - Executing <Task(BashOperator): print_hello> on 2017-07-22T21:00:00+00:00
[2021-05-15 22:25:27,722] {standard_task_runner.py:52} INFO - Started process 20031 to run task
[2021-05-15 22:25:27,728] {standard_task_runner.py:76} INFO - Running: ['airflow', 'tasks', 'run', 'airflow_tutorial_v01', 'print_hello', '2017-07-22T21:00:00+00:00', '--job-id', '3746', '--pool', 'default_pool', '--raw', '--subdir', 'DAGS_FOLDER/Untitled.py', '--cfg-path', '/var/folders/tp/ft4rfkmn1kz3dyw8hlfz1dxw0000gn/T/tmp5ju9gfet', '--error-file', '/var/folders/tp/ft4rfkmn1kz3dyw8hlfz1dxw0000gn/T/tmp4pgdai3q']
[2021-05-15 22:25:27,730] {standard_task_runner.py:77} INFO - Job 3746: Subtask print_hello
[2021-05-15 22:25:27,759] {logging_mixin.py:104} INFO - Running <TaskInstance: airflow_tutorial_v01.print_hello 2017-07-22T21:00:00+00:00 [running]> on host 1.0.0.0.0.0.0.0.0.0.0.0.0.0.0.0.0.0.0.0.0.0.0.0.0.0.0.0.0.0.0.0.ip6.arpa
[2021-05-15 22:25:27,781] {taskinstance.py:1281} INFO - Exporting the following env vars:
AIRFLOW_CTX_DAG_OWNER=me
AIRFLOW_CTX_DAG_ID=airflow_tutorial_v01
AIRFLOW_CTX_TASK_ID=print_hello
AIRFLOW_CTX_EXECUTION_DATE=2017-07-22T21:00:00+00:00
AIRFLOW_CTX_DAG_RUN_ID=scheduled__2017-07-22T21:00:00+00:00
[2021-05-15 22:25:27,782] {bash.py:135} INFO - Tmp dir root location: 
 /var/folders/tp/ft4rfkmn1kz3dyw8hlfz1dxw0000gn/T
[2021-05-15 22:25:27,783] {bash.py:158} INFO - Running command: echo "hello"
[2021-05-15 22:25:27,789] {bash.py:169} INFO - Output:
[2021-05-15 22:25:27,792] {bash.py:173} INFO - hello
[2021-05-15 22:25:27,793] {bash.py:177} INFO - Command exited with return code 0
[2021-05-15 22:25:27,803] {taskinstance.py:1185} INFO - Marking task as SUCCESS. dag_id=airflow_tutorial_v01, task_id=print_hello, execution_date=20170722T210000, start_date=20210515T212527, end_date=20210515T212527
[2021-05-15 22:25:27,817] {taskinstance.py:1246} INFO - 1 downstream tasks scheduled from follow-on schedule check
[2021-05-15 22:25:27,827] {local_task_job.py:146} INFO - Task exited with return code 0
