[2021-05-16 00:41:37,990] {taskinstance.py:877} INFO - Dependencies all met for <TaskInstance: airflow_tutorial_v01.print_world 2017-08-01T05:00:00+00:00 [queued]>
[2021-05-16 00:41:37,999] {taskinstance.py:877} INFO - Dependencies all met for <TaskInstance: airflow_tutorial_v01.print_world 2017-08-01T05:00:00+00:00 [queued]>
[2021-05-16 00:41:37,999] {taskinstance.py:1068} INFO - 
--------------------------------------------------------------------------------
[2021-05-16 00:41:37,999] {taskinstance.py:1069} INFO - Starting attempt 1 of 2
[2021-05-16 00:41:37,999] {taskinstance.py:1070} INFO - 
--------------------------------------------------------------------------------
[2021-05-16 00:41:38,007] {taskinstance.py:1089} INFO - Executing <Task(PythonOperator): print_world> on 2017-08-01T05:00:00+00:00
[2021-05-16 00:41:38,009] {standard_task_runner.py:52} INFO - Started process 37897 to run task
[2021-05-16 00:41:38,017] {standard_task_runner.py:76} INFO - Running: ['airflow', 'tasks', 'run', 'airflow_tutorial_v01', 'print_world', '2017-08-01T05:00:00+00:00', '--job-id', '4428', '--pool', 'default_pool', '--raw', '--subdir', 'DAGS_FOLDER/Untitled.py', '--cfg-path', '/var/folders/tp/ft4rfkmn1kz3dyw8hlfz1dxw0000gn/T/tmpa3q8z7fb', '--error-file', '/var/folders/tp/ft4rfkmn1kz3dyw8hlfz1dxw0000gn/T/tmpf1kd_cn7']
[2021-05-16 00:41:38,018] {standard_task_runner.py:77} INFO - Job 4428: Subtask print_world
[2021-05-16 00:41:43,059] {logging_mixin.py:104} INFO - Running <TaskInstance: airflow_tutorial_v01.print_world 2017-08-01T05:00:00+00:00 [running]> on host Henrys-MacBook-Pro.local
[2021-05-16 00:41:48,092] {taskinstance.py:1281} INFO - Exporting the following env vars:
AIRFLOW_CTX_DAG_OWNER=me
AIRFLOW_CTX_DAG_ID=airflow_tutorial_v01
AIRFLOW_CTX_TASK_ID=print_world
AIRFLOW_CTX_EXECUTION_DATE=2017-08-01T05:00:00+00:00
AIRFLOW_CTX_DAG_RUN_ID=scheduled__2017-08-01T05:00:00+00:00
[2021-05-16 00:41:48,093] {logging_mixin.py:104} INFO - world
[2021-05-16 00:41:48,094] {python.py:118} INFO - Done. Returned value was: None
[2021-05-16 00:41:48,098] {taskinstance.py:1185} INFO - Marking task as SUCCESS. dag_id=airflow_tutorial_v01, task_id=print_world, execution_date=20170801T050000, start_date=20210515T234137, end_date=20210515T234148
[2021-05-16 00:41:48,109] {taskinstance.py:1246} INFO - 0 downstream tasks scheduled from follow-on schedule check
[2021-05-16 00:41:48,127] {local_task_job.py:146} INFO - Task exited with return code 0
