[2021-05-15 20:54:48,529] {taskinstance.py:877} INFO - Dependencies all met for <TaskInstance: airflow_tutorial_v01.sleep 2017-06-28T00:00:00+00:00 [queued]>
[2021-05-15 20:54:48,534] {taskinstance.py:877} INFO - Dependencies all met for <TaskInstance: airflow_tutorial_v01.sleep 2017-06-28T00:00:00+00:00 [queued]>
[2021-05-15 20:54:48,534] {taskinstance.py:1068} INFO - 
--------------------------------------------------------------------------------
[2021-05-15 20:54:48,534] {taskinstance.py:1069} INFO - Starting attempt 1 of 2
[2021-05-15 20:54:48,534] {taskinstance.py:1070} INFO - 
--------------------------------------------------------------------------------
[2021-05-15 20:54:48,538] {taskinstance.py:1089} INFO - Executing <Task(BashOperator): sleep> on 2017-06-28T00:00:00+00:00
[2021-05-15 20:54:48,540] {standard_task_runner.py:52} INFO - Started process 74330 to run task
[2021-05-15 20:54:48,545] {standard_task_runner.py:76} INFO - Running: ['airflow', 'tasks', 'run', 'airflow_tutorial_v01', 'sleep', '2017-06-28T00:00:00+00:00', '--job-id', '1958', '--pool', 'default_pool', '--raw', '--subdir', 'DAGS_FOLDER/Untitled.py', '--cfg-path', '/var/folders/tp/ft4rfkmn1kz3dyw8hlfz1dxw0000gn/T/tmp9hsu78p3', '--error-file', '/var/folders/tp/ft4rfkmn1kz3dyw8hlfz1dxw0000gn/T/tmpvifcy63f']
[2021-05-15 20:54:48,547] {standard_task_runner.py:77} INFO - Job 1958: Subtask sleep
[2021-05-15 20:54:48,575] {logging_mixin.py:104} INFO - Running <TaskInstance: airflow_tutorial_v01.sleep 2017-06-28T00:00:00+00:00 [running]> on host henrys-macbook-pro.local
[2021-05-15 20:54:48,597] {taskinstance.py:1281} INFO - Exporting the following env vars:
AIRFLOW_CTX_DAG_OWNER=me
AIRFLOW_CTX_DAG_ID=airflow_tutorial_v01
AIRFLOW_CTX_TASK_ID=sleep
AIRFLOW_CTX_EXECUTION_DATE=2017-06-28T00:00:00+00:00
AIRFLOW_CTX_DAG_RUN_ID=scheduled__2017-06-28T00:00:00+00:00
[2021-05-15 20:54:48,598] {bash.py:135} INFO - Tmp dir root location: 
 /var/folders/tp/ft4rfkmn1kz3dyw8hlfz1dxw0000gn/T
[2021-05-15 20:54:48,599] {bash.py:158} INFO - Running command: sleep 5
[2021-05-15 20:54:48,605] {bash.py:169} INFO - Output:
[2021-05-15 20:54:53,612] {bash.py:177} INFO - Command exited with return code 0
[2021-05-15 20:54:53,630] {taskinstance.py:1185} INFO - Marking task as SUCCESS. dag_id=airflow_tutorial_v01, task_id=sleep, execution_date=20170628T000000, start_date=20210515T195448, end_date=20210515T195453
[2021-05-15 20:54:53,645] {taskinstance.py:1246} INFO - 1 downstream tasks scheduled from follow-on schedule check
[2021-05-15 20:54:53,662] {local_task_job.py:146} INFO - Task exited with return code 0
