[2021-05-15 21:51:33,308] {taskinstance.py:877} INFO - Dependencies all met for <TaskInstance: airflow_tutorial_v01.print_hello 2017-07-13T16:00:00+00:00 [queued]>
[2021-05-15 21:51:33,314] {taskinstance.py:877} INFO - Dependencies all met for <TaskInstance: airflow_tutorial_v01.print_hello 2017-07-13T16:00:00+00:00 [queued]>
[2021-05-15 21:51:33,314] {taskinstance.py:1068} INFO - 
--------------------------------------------------------------------------------
[2021-05-15 21:51:33,314] {taskinstance.py:1069} INFO - Starting attempt 1 of 2
[2021-05-15 21:51:33,314] {taskinstance.py:1070} INFO - 
--------------------------------------------------------------------------------
[2021-05-15 21:51:33,319] {taskinstance.py:1089} INFO - Executing <Task(BashOperator): print_hello> on 2017-07-13T16:00:00+00:00
[2021-05-15 21:51:33,321] {standard_task_runner.py:52} INFO - Started process 3147 to run task
[2021-05-15 21:51:33,327] {standard_task_runner.py:76} INFO - Running: ['airflow', 'tasks', 'run', 'airflow_tutorial_v01', 'print_hello', '2017-07-13T16:00:00+00:00', '--job-id', '3083', '--pool', 'default_pool', '--raw', '--subdir', 'DAGS_FOLDER/Untitled.py', '--cfg-path', '/var/folders/tp/ft4rfkmn1kz3dyw8hlfz1dxw0000gn/T/tmp5sa58g1b', '--error-file', '/var/folders/tp/ft4rfkmn1kz3dyw8hlfz1dxw0000gn/T/tmpnt25swct']
[2021-05-15 21:51:33,329] {standard_task_runner.py:77} INFO - Job 3083: Subtask print_hello
[2021-05-15 21:51:33,358] {logging_mixin.py:104} INFO - Running <TaskInstance: airflow_tutorial_v01.print_hello 2017-07-13T16:00:00+00:00 [running]> on host 1.0.0.0.0.0.0.0.0.0.0.0.0.0.0.0.0.0.0.0.0.0.0.0.0.0.0.0.0.0.0.0.ip6.arpa
[2021-05-15 21:51:33,382] {taskinstance.py:1281} INFO - Exporting the following env vars:
AIRFLOW_CTX_DAG_OWNER=me
AIRFLOW_CTX_DAG_ID=airflow_tutorial_v01
AIRFLOW_CTX_TASK_ID=print_hello
AIRFLOW_CTX_EXECUTION_DATE=2017-07-13T16:00:00+00:00
AIRFLOW_CTX_DAG_RUN_ID=scheduled__2017-07-13T16:00:00+00:00
[2021-05-15 21:51:33,382] {bash.py:135} INFO - Tmp dir root location: 
 /var/folders/tp/ft4rfkmn1kz3dyw8hlfz1dxw0000gn/T
[2021-05-15 21:51:33,383] {bash.py:158} INFO - Running command: echo "hello"
[2021-05-15 21:51:33,389] {bash.py:169} INFO - Output:
[2021-05-15 21:51:33,392] {bash.py:173} INFO - hello
[2021-05-15 21:51:33,392] {bash.py:177} INFO - Command exited with return code 0
[2021-05-15 21:51:33,404] {taskinstance.py:1185} INFO - Marking task as SUCCESS. dag_id=airflow_tutorial_v01, task_id=print_hello, execution_date=20170713T160000, start_date=20210515T205133, end_date=20210515T205133
[2021-05-15 21:51:33,418] {taskinstance.py:1246} INFO - 1 downstream tasks scheduled from follow-on schedule check
[2021-05-15 21:51:33,460] {local_task_job.py:146} INFO - Task exited with return code 0
