[2021-05-15 20:53:44,366] {taskinstance.py:877} INFO - Dependencies all met for <TaskInstance: airflow_tutorial_v01.sleep 2017-06-27T17:00:00+00:00 [queued]>
[2021-05-15 20:53:44,371] {taskinstance.py:877} INFO - Dependencies all met for <TaskInstance: airflow_tutorial_v01.sleep 2017-06-27T17:00:00+00:00 [queued]>
[2021-05-15 20:53:44,371] {taskinstance.py:1068} INFO - 
--------------------------------------------------------------------------------
[2021-05-15 20:53:44,371] {taskinstance.py:1069} INFO - Starting attempt 1 of 2
[2021-05-15 20:53:44,371] {taskinstance.py:1070} INFO - 
--------------------------------------------------------------------------------
[2021-05-15 20:53:44,376] {taskinstance.py:1089} INFO - Executing <Task(BashOperator): sleep> on 2017-06-27T17:00:00+00:00
[2021-05-15 20:53:44,378] {standard_task_runner.py:52} INFO - Started process 73798 to run task
[2021-05-15 20:53:44,383] {standard_task_runner.py:76} INFO - Running: ['airflow', 'tasks', 'run', 'airflow_tutorial_v01', 'sleep', '2017-06-27T17:00:00+00:00', '--job-id', '1936', '--pool', 'default_pool', '--raw', '--subdir', 'DAGS_FOLDER/Untitled.py', '--cfg-path', '/var/folders/tp/ft4rfkmn1kz3dyw8hlfz1dxw0000gn/T/tmpyz3710em', '--error-file', '/var/folders/tp/ft4rfkmn1kz3dyw8hlfz1dxw0000gn/T/tmp14rmf9ss']
[2021-05-15 20:53:44,385] {standard_task_runner.py:77} INFO - Job 1936: Subtask sleep
[2021-05-15 20:53:44,413] {logging_mixin.py:104} INFO - Running <TaskInstance: airflow_tutorial_v01.sleep 2017-06-27T17:00:00+00:00 [running]> on host henrys-macbook-pro.local
[2021-05-15 20:53:44,436] {taskinstance.py:1281} INFO - Exporting the following env vars:
AIRFLOW_CTX_DAG_OWNER=me
AIRFLOW_CTX_DAG_ID=airflow_tutorial_v01
AIRFLOW_CTX_TASK_ID=sleep
AIRFLOW_CTX_EXECUTION_DATE=2017-06-27T17:00:00+00:00
AIRFLOW_CTX_DAG_RUN_ID=scheduled__2017-06-27T17:00:00+00:00
[2021-05-15 20:53:44,437] {bash.py:135} INFO - Tmp dir root location: 
 /var/folders/tp/ft4rfkmn1kz3dyw8hlfz1dxw0000gn/T
[2021-05-15 20:53:44,438] {bash.py:158} INFO - Running command: sleep 5
[2021-05-15 20:53:44,443] {bash.py:169} INFO - Output:
[2021-05-15 20:53:49,453] {bash.py:177} INFO - Command exited with return code 0
[2021-05-15 20:53:49,473] {taskinstance.py:1185} INFO - Marking task as SUCCESS. dag_id=airflow_tutorial_v01, task_id=sleep, execution_date=20170627T170000, start_date=20210515T195344, end_date=20210515T195349
[2021-05-15 20:53:49,489] {taskinstance.py:1246} INFO - 1 downstream tasks scheduled from follow-on schedule check
[2021-05-15 20:53:49,495] {local_task_job.py:146} INFO - Task exited with return code 0
