[2021-05-15 20:34:06,146] {taskinstance.py:877} INFO - Dependencies all met for <TaskInstance: airflow_tutorial_v01.print_world 2017-06-25T07:00:00+00:00 [queued]>
[2021-05-15 20:34:06,151] {taskinstance.py:877} INFO - Dependencies all met for <TaskInstance: airflow_tutorial_v01.print_world 2017-06-25T07:00:00+00:00 [queued]>
[2021-05-15 20:34:06,151] {taskinstance.py:1068} INFO - 
--------------------------------------------------------------------------------
[2021-05-15 20:34:06,151] {taskinstance.py:1069} INFO - Starting attempt 1 of 2
[2021-05-15 20:34:06,151] {taskinstance.py:1070} INFO - 
--------------------------------------------------------------------------------
[2021-05-15 20:34:06,156] {taskinstance.py:1089} INFO - Executing <Task(PythonOperator): print_world> on 2017-06-25T07:00:00+00:00
[2021-05-15 20:34:06,158] {standard_task_runner.py:52} INFO - Started process 69252 to run task
[2021-05-15 20:34:06,164] {standard_task_runner.py:76} INFO - Running: ['airflow', 'tasks', 'run', 'airflow_tutorial_v01', 'print_world', '2017-06-25T07:00:00+00:00', '--job-id', '1764', '--pool', 'default_pool', '--raw', '--subdir', 'DAGS_FOLDER/Untitled.py', '--cfg-path', '/var/folders/tp/ft4rfkmn1kz3dyw8hlfz1dxw0000gn/T/tmpmc2qv5n6', '--error-file', '/var/folders/tp/ft4rfkmn1kz3dyw8hlfz1dxw0000gn/T/tmp15nlhn_z']
[2021-05-15 20:34:06,165] {standard_task_runner.py:77} INFO - Job 1764: Subtask print_world
[2021-05-15 20:34:06,195] {logging_mixin.py:104} INFO - Running <TaskInstance: airflow_tutorial_v01.print_world 2017-06-25T07:00:00+00:00 [running]> on host 1.0.0.127.in-addr.arpa
[2021-05-15 20:34:06,223] {taskinstance.py:1281} INFO - Exporting the following env vars:
AIRFLOW_CTX_DAG_OWNER=me
AIRFLOW_CTX_DAG_ID=airflow_tutorial_v01
AIRFLOW_CTX_TASK_ID=print_world
AIRFLOW_CTX_EXECUTION_DATE=2017-06-25T07:00:00+00:00
AIRFLOW_CTX_DAG_RUN_ID=scheduled__2017-06-25T07:00:00+00:00
[2021-05-15 20:34:06,223] {logging_mixin.py:104} INFO - world
[2021-05-15 20:34:06,224] {python.py:118} INFO - Done. Returned value was: None
[2021-05-15 20:34:06,227] {taskinstance.py:1185} INFO - Marking task as SUCCESS. dag_id=airflow_tutorial_v01, task_id=print_world, execution_date=20170625T070000, start_date=20210515T193406, end_date=20210515T193406
[2021-05-15 20:34:06,239] {taskinstance.py:1246} INFO - 0 downstream tasks scheduled from follow-on schedule check
[2021-05-15 20:34:06,270] {local_task_job.py:146} INFO - Task exited with return code 0
