[2021-05-15 21:53:44,153] {taskinstance.py:877} INFO - Dependencies all met for <TaskInstance: airflow_tutorial_v01.sleep 2017-07-14T05:00:00+00:00 [queued]>
[2021-05-15 21:53:44,158] {taskinstance.py:877} INFO - Dependencies all met for <TaskInstance: airflow_tutorial_v01.sleep 2017-07-14T05:00:00+00:00 [queued]>
[2021-05-15 21:53:44,158] {taskinstance.py:1068} INFO - 
--------------------------------------------------------------------------------
[2021-05-15 21:53:44,158] {taskinstance.py:1069} INFO - Starting attempt 1 of 2
[2021-05-15 21:53:44,158] {taskinstance.py:1070} INFO - 
--------------------------------------------------------------------------------
[2021-05-15 21:53:44,164] {taskinstance.py:1089} INFO - Executing <Task(BashOperator): sleep> on 2017-07-14T05:00:00+00:00
[2021-05-15 21:53:44,166] {standard_task_runner.py:52} INFO - Started process 4289 to run task
[2021-05-15 21:53:44,172] {standard_task_runner.py:76} INFO - Running: ['airflow', 'tasks', 'run', 'airflow_tutorial_v01', 'sleep', '2017-07-14T05:00:00+00:00', '--job-id', '3126', '--pool', 'default_pool', '--raw', '--subdir', 'DAGS_FOLDER/Untitled.py', '--cfg-path', '/var/folders/tp/ft4rfkmn1kz3dyw8hlfz1dxw0000gn/T/tmpi_72pbk7', '--error-file', '/var/folders/tp/ft4rfkmn1kz3dyw8hlfz1dxw0000gn/T/tmpcqfjo44a']
[2021-05-15 21:53:44,174] {standard_task_runner.py:77} INFO - Job 3126: Subtask sleep
[2021-05-15 21:53:44,203] {logging_mixin.py:104} INFO - Running <TaskInstance: airflow_tutorial_v01.sleep 2017-07-14T05:00:00+00:00 [running]> on host 1.0.0.0.0.0.0.0.0.0.0.0.0.0.0.0.0.0.0.0.0.0.0.0.0.0.0.0.0.0.0.0.ip6.arpa
[2021-05-15 21:53:44,225] {taskinstance.py:1281} INFO - Exporting the following env vars:
AIRFLOW_CTX_DAG_OWNER=me
AIRFLOW_CTX_DAG_ID=airflow_tutorial_v01
AIRFLOW_CTX_TASK_ID=sleep
AIRFLOW_CTX_EXECUTION_DATE=2017-07-14T05:00:00+00:00
AIRFLOW_CTX_DAG_RUN_ID=scheduled__2017-07-14T05:00:00+00:00
[2021-05-15 21:53:44,226] {bash.py:135} INFO - Tmp dir root location: 
 /var/folders/tp/ft4rfkmn1kz3dyw8hlfz1dxw0000gn/T
[2021-05-15 21:53:44,226] {bash.py:158} INFO - Running command: sleep 5
[2021-05-15 21:53:44,232] {bash.py:169} INFO - Output:
[2021-05-15 21:53:49,241] {bash.py:177} INFO - Command exited with return code 0
[2021-05-15 21:53:49,262] {taskinstance.py:1185} INFO - Marking task as SUCCESS. dag_id=airflow_tutorial_v01, task_id=sleep, execution_date=20170714T050000, start_date=20210515T205344, end_date=20210515T205349
[2021-05-15 21:53:49,278] {taskinstance.py:1246} INFO - 1 downstream tasks scheduled from follow-on schedule check
[2021-05-15 21:53:49,309] {local_task_job.py:146} INFO - Task exited with return code 0
