[2021-05-16 09:01:12,108] {taskinstance.py:877} INFO - Dependencies all met for <TaskInstance: airflow_tutorial_v01.sleep 2017-08-02T13:00:00+00:00 [queued]>
[2021-05-16 09:01:12,115] {taskinstance.py:877} INFO - Dependencies all met for <TaskInstance: airflow_tutorial_v01.sleep 2017-08-02T13:00:00+00:00 [queued]>
[2021-05-16 09:01:12,115] {taskinstance.py:1068} INFO - 
--------------------------------------------------------------------------------
[2021-05-16 09:01:12,115] {taskinstance.py:1069} INFO - Starting attempt 1 of 2
[2021-05-16 09:01:12,116] {taskinstance.py:1070} INFO - 
--------------------------------------------------------------------------------
[2021-05-16 09:01:12,123] {taskinstance.py:1089} INFO - Executing <Task(BashOperator): sleep> on 2017-08-02T13:00:00+00:00
[2021-05-16 09:01:12,126] {standard_task_runner.py:52} INFO - Started process 43045 to run task
[2021-05-16 09:01:12,136] {standard_task_runner.py:76} INFO - Running: ['airflow', 'tasks', 'run', 'airflow_tutorial_v01', 'sleep', '2017-08-02T13:00:00+00:00', '--job-id', '4520', '--pool', 'default_pool', '--raw', '--subdir', 'DAGS_FOLDER/Untitled.py', '--cfg-path', '/var/folders/tp/ft4rfkmn1kz3dyw8hlfz1dxw0000gn/T/tmp1i7ux6m6', '--error-file', '/var/folders/tp/ft4rfkmn1kz3dyw8hlfz1dxw0000gn/T/tmpuwpba9l_']
[2021-05-16 09:01:12,138] {standard_task_runner.py:77} INFO - Job 4520: Subtask sleep
[2021-05-16 09:01:12,182] {logging_mixin.py:104} INFO - Running <TaskInstance: airflow_tutorial_v01.sleep 2017-08-02T13:00:00+00:00 [running]> on host 1.0.0.127.in-addr.arpa
[2021-05-16 09:01:12,216] {taskinstance.py:1281} INFO - Exporting the following env vars:
AIRFLOW_CTX_DAG_OWNER=me
AIRFLOW_CTX_DAG_ID=airflow_tutorial_v01
AIRFLOW_CTX_TASK_ID=sleep
AIRFLOW_CTX_EXECUTION_DATE=2017-08-02T13:00:00+00:00
AIRFLOW_CTX_DAG_RUN_ID=scheduled__2017-08-02T13:00:00+00:00
[2021-05-16 09:01:12,216] {bash.py:135} INFO - Tmp dir root location: 
 /var/folders/tp/ft4rfkmn1kz3dyw8hlfz1dxw0000gn/T
[2021-05-16 09:01:12,217] {bash.py:158} INFO - Running command: sleep 5
[2021-05-16 09:01:12,227] {bash.py:169} INFO - Output:
[2021-05-16 09:01:17,238] {bash.py:177} INFO - Command exited with return code 0
[2021-05-16 09:01:17,261] {taskinstance.py:1185} INFO - Marking task as SUCCESS. dag_id=airflow_tutorial_v01, task_id=sleep, execution_date=20170802T130000, start_date=20210516T080112, end_date=20210516T080117
[2021-05-16 09:01:17,277] {taskinstance.py:1246} INFO - 1 downstream tasks scheduled from follow-on schedule check
[2021-05-16 09:01:17,316] {local_task_job.py:146} INFO - Task exited with return code 0
