[2021-05-15 21:42:07,759] {taskinstance.py:877} INFO - Dependencies all met for <TaskInstance: airflow_tutorial_v01.print_hello 2017-07-11T02:00:00+00:00 [queued]>
[2021-05-15 21:42:07,763] {taskinstance.py:877} INFO - Dependencies all met for <TaskInstance: airflow_tutorial_v01.print_hello 2017-07-11T02:00:00+00:00 [queued]>
[2021-05-15 21:42:07,763] {taskinstance.py:1068} INFO - 
--------------------------------------------------------------------------------
[2021-05-15 21:42:07,763] {taskinstance.py:1069} INFO - Starting attempt 1 of 2
[2021-05-15 21:42:07,763] {taskinstance.py:1070} INFO - 
--------------------------------------------------------------------------------
[2021-05-15 21:42:07,769] {taskinstance.py:1089} INFO - Executing <Task(BashOperator): print_hello> on 2017-07-11T02:00:00+00:00
[2021-05-15 21:42:07,770] {standard_task_runner.py:52} INFO - Started process 98003 to run task
[2021-05-15 21:42:07,776] {standard_task_runner.py:76} INFO - Running: ['airflow', 'tasks', 'run', 'airflow_tutorial_v01', 'print_hello', '2017-07-11T02:00:00+00:00', '--job-id', '2897', '--pool', 'default_pool', '--raw', '--subdir', 'DAGS_FOLDER/Untitled.py', '--cfg-path', '/var/folders/tp/ft4rfkmn1kz3dyw8hlfz1dxw0000gn/T/tmpv2gnuyrm', '--error-file', '/var/folders/tp/ft4rfkmn1kz3dyw8hlfz1dxw0000gn/T/tmpu7_x890q']
[2021-05-15 21:42:07,777] {standard_task_runner.py:77} INFO - Job 2897: Subtask print_hello
[2021-05-15 21:42:07,806] {logging_mixin.py:104} INFO - Running <TaskInstance: airflow_tutorial_v01.print_hello 2017-07-11T02:00:00+00:00 [running]> on host 1.0.0.127.in-addr.arpa
[2021-05-15 21:42:07,828] {taskinstance.py:1281} INFO - Exporting the following env vars:
AIRFLOW_CTX_DAG_OWNER=me
AIRFLOW_CTX_DAG_ID=airflow_tutorial_v01
AIRFLOW_CTX_TASK_ID=print_hello
AIRFLOW_CTX_EXECUTION_DATE=2017-07-11T02:00:00+00:00
AIRFLOW_CTX_DAG_RUN_ID=scheduled__2017-07-11T02:00:00+00:00
[2021-05-15 21:42:07,829] {bash.py:135} INFO - Tmp dir root location: 
 /var/folders/tp/ft4rfkmn1kz3dyw8hlfz1dxw0000gn/T
[2021-05-15 21:42:07,829] {bash.py:158} INFO - Running command: echo "hello"
[2021-05-15 21:42:07,836] {bash.py:169} INFO - Output:
[2021-05-15 21:42:07,838] {bash.py:173} INFO - hello
[2021-05-15 21:42:07,839] {bash.py:177} INFO - Command exited with return code 0
[2021-05-15 21:42:07,849] {taskinstance.py:1185} INFO - Marking task as SUCCESS. dag_id=airflow_tutorial_v01, task_id=print_hello, execution_date=20170711T020000, start_date=20210515T204207, end_date=20210515T204207
[2021-05-15 21:42:07,862] {taskinstance.py:1246} INFO - 1 downstream tasks scheduled from follow-on schedule check
[2021-05-15 21:42:07,891] {local_task_job.py:146} INFO - Task exited with return code 0
