[2021-05-15 18:19:56,385] {taskinstance.py:877} INFO - Dependencies all met for <TaskInstance: airflow_tutorial_v01.print_world 2017-06-10T14:00:00+00:00 [queued]>
[2021-05-15 18:19:56,389] {taskinstance.py:877} INFO - Dependencies all met for <TaskInstance: airflow_tutorial_v01.print_world 2017-06-10T14:00:00+00:00 [queued]>
[2021-05-15 18:19:56,389] {taskinstance.py:1068} INFO - 
--------------------------------------------------------------------------------
[2021-05-15 18:19:56,389] {taskinstance.py:1069} INFO - Starting attempt 1 of 2
[2021-05-15 18:19:56,389] {taskinstance.py:1070} INFO - 
--------------------------------------------------------------------------------
[2021-05-15 18:19:56,397] {taskinstance.py:1089} INFO - Executing <Task(PythonOperator): print_world> on 2017-06-10T14:00:00+00:00
[2021-05-15 18:19:56,404] {standard_task_runner.py:52} INFO - Started process 42358 to run task
[2021-05-15 18:19:56,414] {standard_task_runner.py:76} INFO - Running: ['airflow', 'tasks', 'run', 'airflow_tutorial_v01', 'print_world', '2017-06-10T14:00:00+00:00', '--job-id', '697', '--pool', 'default_pool', '--raw', '--subdir', 'DAGS_FOLDER/Untitled.py', '--cfg-path', '/var/folders/tp/ft4rfkmn1kz3dyw8hlfz1dxw0000gn/T/tmpyiqta3z2', '--error-file', '/var/folders/tp/ft4rfkmn1kz3dyw8hlfz1dxw0000gn/T/tmp36enen0n']
[2021-05-15 18:19:56,417] {standard_task_runner.py:77} INFO - Job 697: Subtask print_world
[2021-05-15 18:19:56,459] {logging_mixin.py:104} INFO - Running <TaskInstance: airflow_tutorial_v01.print_world 2017-06-10T14:00:00+00:00 [running]> on host henrys-macbook-pro.local
[2021-05-15 18:19:56,483] {taskinstance.py:1281} INFO - Exporting the following env vars:
AIRFLOW_CTX_DAG_OWNER=me
AIRFLOW_CTX_DAG_ID=airflow_tutorial_v01
AIRFLOW_CTX_TASK_ID=print_world
AIRFLOW_CTX_EXECUTION_DATE=2017-06-10T14:00:00+00:00
AIRFLOW_CTX_DAG_RUN_ID=scheduled__2017-06-10T14:00:00+00:00
[2021-05-15 18:19:56,484] {logging_mixin.py:104} INFO - world
[2021-05-15 18:19:56,485] {python.py:118} INFO - Done. Returned value was: None
[2021-05-15 18:19:56,490] {taskinstance.py:1185} INFO - Marking task as SUCCESS. dag_id=airflow_tutorial_v01, task_id=print_world, execution_date=20170610T140000, start_date=20210515T171956, end_date=20210515T171956
[2021-05-15 18:19:56,501] {taskinstance.py:1246} INFO - 0 downstream tasks scheduled from follow-on schedule check
[2021-05-15 18:19:56,527] {local_task_job.py:146} INFO - Task exited with return code 0
