[2021-05-17 09:44:51,681] {taskinstance.py:877} INFO - Dependencies all met for <TaskInstance: matches_links.get_six_nations_links 2021-04-24T10:00:00+00:00 [queued]>
[2021-05-17 09:44:51,687] {taskinstance.py:877} INFO - Dependencies all met for <TaskInstance: matches_links.get_six_nations_links 2021-04-24T10:00:00+00:00 [queued]>
[2021-05-17 09:44:51,687] {taskinstance.py:1068} INFO - 
--------------------------------------------------------------------------------
[2021-05-17 09:44:51,687] {taskinstance.py:1069} INFO - Starting attempt 1 of 2
[2021-05-17 09:44:51,687] {taskinstance.py:1070} INFO - 
--------------------------------------------------------------------------------
[2021-05-17 09:44:51,691] {taskinstance.py:1089} INFO - Executing <Task(BashOperator): get_six_nations_links> on 2021-04-24T10:00:00+00:00
[2021-05-17 09:44:51,693] {standard_task_runner.py:52} INFO - Started process 30759 to run task
[2021-05-17 09:44:51,699] {standard_task_runner.py:76} INFO - Running: ['airflow', 'tasks', 'run', 'matches_links', 'get_six_nations_links', '2021-04-24T10:00:00+00:00', '--job-id', '28', '--pool', 'default_pool', '--raw', '--subdir', 'DAGS_FOLDER/matches_links/matches_links.py', '--cfg-path', '/var/folders/tp/ft4rfkmn1kz3dyw8hlfz1dxw0000gn/T/tmpbt3dsc_2', '--error-file', '/var/folders/tp/ft4rfkmn1kz3dyw8hlfz1dxw0000gn/T/tmp0ytbkjbd']
[2021-05-17 09:44:51,700] {standard_task_runner.py:77} INFO - Job 28: Subtask get_six_nations_links
[2021-05-17 09:44:51,730] {logging_mixin.py:104} INFO - Running <TaskInstance: matches_links.get_six_nations_links 2021-04-24T10:00:00+00:00 [running]> on host 1.0.0.127.in-addr.arpa
[2021-05-17 09:44:51,752] {taskinstance.py:1281} INFO - Exporting the following env vars:
AIRFLOW_CTX_DAG_OWNER=me
AIRFLOW_CTX_DAG_ID=matches_links
AIRFLOW_CTX_TASK_ID=get_six_nations_links
AIRFLOW_CTX_EXECUTION_DATE=2021-04-24T10:00:00+00:00
AIRFLOW_CTX_DAG_RUN_ID=backfill__2021-04-24T10:00:00+00:00
[2021-05-17 09:44:51,753] {bash.py:135} INFO - Tmp dir root location: 
 /var/folders/tp/ft4rfkmn1kz3dyw8hlfz1dxw0000gn/T
[2021-05-17 09:44:51,754] {bash.py:158} INFO - Running command: Rscript /Users/harry/rugby_data_project_airflow/R/scripts/create_matches_table.R https://www.rugbypass.com/six-nations/matches/ 2021-04-24
[2021-05-17 09:44:51,760] {bash.py:169} INFO - Output:
[2021-05-17 09:44:52,899] {bash.py:173} INFO - ── Attaching packages ─────────────────────────────────────── tidyverse 1.3.0 ──
[2021-05-17 09:44:52,903] {bash.py:173} INFO - ✔ ggplot2 3.3.3     ✔ purrr   0.3.3
[2021-05-17 09:44:52,904] {bash.py:173} INFO - ✔ tibble  3.0.4     ✔ dplyr   1.0.2
[2021-05-17 09:44:52,904] {bash.py:173} INFO - ✔ tidyr   1.1.2     ✔ stringr 1.4.0
[2021-05-17 09:44:52,904] {bash.py:173} INFO - ✔ readr   1.3.1     ✔ forcats 0.5.0
[2021-05-17 09:44:52,979] {bash.py:173} INFO - ── Conflicts ────────────────────────────────────────── tidyverse_conflicts() ──
[2021-05-17 09:44:52,980] {bash.py:173} INFO - ✖ dplyr::filter() masks stats::filter()
[2021-05-17 09:44:52,980] {bash.py:173} INFO - ✖ dplyr::lag()    masks stats::lag()
[2021-05-17 09:44:52,989] {bash.py:173} INFO - 
[2021-05-17 09:44:52,990] {bash.py:173} INFO - Attaching package: ‘lubridate’
[2021-05-17 09:44:52,991] {bash.py:173} INFO - 
[2021-05-17 09:44:52,991] {bash.py:173} INFO - The following objects are masked from ‘package:base’:
[2021-05-17 09:44:52,992] {bash.py:173} INFO - 
[2021-05-17 09:44:52,992] {bash.py:173} INFO -     date, intersect, setdiff, union
[2021-05-17 09:44:52,993] {bash.py:173} INFO - 
[2021-05-17 09:44:52,994] {bash.py:173} INFO - Loading required package: xml2
[2021-05-17 09:44:53,001] {bash.py:173} INFO - 
[2021-05-17 09:44:53,002] {bash.py:173} INFO - Attaching package: ‘rvest’
[2021-05-17 09:44:53,002] {bash.py:173} INFO - 
[2021-05-17 09:44:53,002] {bash.py:173} INFO - The following object is masked from ‘package:purrr’:
[2021-05-17 09:44:53,003] {bash.py:173} INFO - 
[2021-05-17 09:44:53,003] {bash.py:173} INFO -     pluck
[2021-05-17 09:44:53,003] {bash.py:173} INFO - 
[2021-05-17 09:44:53,004] {bash.py:173} INFO - The following object is masked from ‘package:readr’:
[2021-05-17 09:44:53,004] {bash.py:173} INFO - 
[2021-05-17 09:44:53,004] {bash.py:173} INFO -     guess_encoding
[2021-05-17 09:44:53,004] {bash.py:173} INFO - 
[2021-05-17 09:44:53,005] {bash.py:173} INFO - [1] "2021-04-24"
[2021-05-17 09:44:53,007] {bash.py:173} INFO - [1] "Getting six_nations links"
[2021-05-17 09:44:55,500] {bash.py:173} INFO - [1] "six_nations saved"
[2021-05-17 09:44:55,517] {bash.py:177} INFO - Command exited with return code 0
[2021-05-17 09:44:55,530] {taskinstance.py:1185} INFO - Marking task as SUCCESS. dag_id=matches_links, task_id=get_six_nations_links, execution_date=20210424T100000, start_date=20210517T084451, end_date=20210517T084455
[2021-05-17 09:44:55,545] {taskinstance.py:1246} INFO - 0 downstream tasks scheduled from follow-on schedule check
[2021-05-17 09:44:55,578] {local_task_job.py:146} INFO - Task exited with return code 0
