[2021-05-15 17:53:51,685] {taskinstance.py:877} INFO - Dependencies all met for <TaskInstance: airflow_tutorial_v01.print_hello 2017-06-05T08:00:00+00:00 [queued]>
[2021-05-15 17:53:51,690] {taskinstance.py:877} INFO - Dependencies all met for <TaskInstance: airflow_tutorial_v01.print_hello 2017-06-05T08:00:00+00:00 [queued]>
[2021-05-15 17:53:51,690] {taskinstance.py:1068} INFO - 
--------------------------------------------------------------------------------
[2021-05-15 17:53:51,690] {taskinstance.py:1069} INFO - Starting attempt 1 of 2
[2021-05-15 17:53:51,690] {taskinstance.py:1070} INFO - 
--------------------------------------------------------------------------------
[2021-05-15 17:53:51,695] {taskinstance.py:1089} INFO - Executing <Task(BashOperator): print_hello> on 2017-06-05T08:00:00+00:00
[2021-05-15 17:53:51,697] {standard_task_runner.py:52} INFO - Started process 32558 to run task
[2021-05-15 17:53:51,704] {standard_task_runner.py:76} INFO - Running: ['airflow', 'tasks', 'run', 'airflow_tutorial_v01', 'print_hello', '2017-06-05T08:00:00+00:00', '--job-id', '313', '--pool', 'default_pool', '--raw', '--subdir', 'DAGS_FOLDER/Untitled.py', '--cfg-path', '/var/folders/tp/ft4rfkmn1kz3dyw8hlfz1dxw0000gn/T/tmprfpwvnfw', '--error-file', '/var/folders/tp/ft4rfkmn1kz3dyw8hlfz1dxw0000gn/T/tmpkvhtyvh0']
[2021-05-15 17:53:51,706] {standard_task_runner.py:77} INFO - Job 313: Subtask print_hello
[2021-05-15 17:53:51,741] {logging_mixin.py:104} INFO - Running <TaskInstance: airflow_tutorial_v01.print_hello 2017-06-05T08:00:00+00:00 [running]> on host henrys-macbook-pro.local
[2021-05-15 17:53:51,767] {taskinstance.py:1281} INFO - Exporting the following env vars:
AIRFLOW_CTX_DAG_OWNER=me
AIRFLOW_CTX_DAG_ID=airflow_tutorial_v01
AIRFLOW_CTX_TASK_ID=print_hello
AIRFLOW_CTX_EXECUTION_DATE=2017-06-05T08:00:00+00:00
AIRFLOW_CTX_DAG_RUN_ID=scheduled__2017-06-05T08:00:00+00:00
[2021-05-15 17:53:51,768] {bash.py:135} INFO - Tmp dir root location: 
 /var/folders/tp/ft4rfkmn1kz3dyw8hlfz1dxw0000gn/T
[2021-05-15 17:53:51,769] {bash.py:158} INFO - Running command: echo "hello"
[2021-05-15 17:53:51,775] {bash.py:169} INFO - Output:
[2021-05-15 17:53:51,778] {bash.py:173} INFO - hello
[2021-05-15 17:53:51,778] {bash.py:177} INFO - Command exited with return code 0
[2021-05-15 17:53:51,790] {taskinstance.py:1185} INFO - Marking task as SUCCESS. dag_id=airflow_tutorial_v01, task_id=print_hello, execution_date=20170605T080000, start_date=20210515T165351, end_date=20210515T165351
[2021-05-15 17:53:51,804] {taskinstance.py:1246} INFO - 1 downstream tasks scheduled from follow-on schedule check
[2021-05-15 17:53:51,847] {local_task_job.py:146} INFO - Task exited with return code 0
