[2021-05-15 20:58:24,591] {taskinstance.py:877} INFO - Dependencies all met for <TaskInstance: airflow_tutorial_v01.print_hello 2017-06-29T01:00:00+00:00 [queued]>
[2021-05-15 20:58:24,596] {taskinstance.py:877} INFO - Dependencies all met for <TaskInstance: airflow_tutorial_v01.print_hello 2017-06-29T01:00:00+00:00 [queued]>
[2021-05-15 20:58:24,596] {taskinstance.py:1068} INFO - 
--------------------------------------------------------------------------------
[2021-05-15 20:58:24,596] {taskinstance.py:1069} INFO - Starting attempt 1 of 2
[2021-05-15 20:58:24,596] {taskinstance.py:1070} INFO - 
--------------------------------------------------------------------------------
[2021-05-15 20:58:24,601] {taskinstance.py:1089} INFO - Executing <Task(BashOperator): print_hello> on 2017-06-29T01:00:00+00:00
[2021-05-15 20:58:24,603] {standard_task_runner.py:52} INFO - Started process 76112 to run task
[2021-05-15 20:58:24,608] {standard_task_runner.py:76} INFO - Running: ['airflow', 'tasks', 'run', 'airflow_tutorial_v01', 'print_hello', '2017-06-29T01:00:00+00:00', '--job-id', '2029', '--pool', 'default_pool', '--raw', '--subdir', 'DAGS_FOLDER/Untitled.py', '--cfg-path', '/var/folders/tp/ft4rfkmn1kz3dyw8hlfz1dxw0000gn/T/tmpiwltbgkr', '--error-file', '/var/folders/tp/ft4rfkmn1kz3dyw8hlfz1dxw0000gn/T/tmpj9r15w7z']
[2021-05-15 20:58:24,610] {standard_task_runner.py:77} INFO - Job 2029: Subtask print_hello
[2021-05-15 20:58:24,639] {logging_mixin.py:104} INFO - Running <TaskInstance: airflow_tutorial_v01.print_hello 2017-06-29T01:00:00+00:00 [running]> on host henrys-macbook-pro.local
[2021-05-15 20:58:24,665] {taskinstance.py:1281} INFO - Exporting the following env vars:
AIRFLOW_CTX_DAG_OWNER=me
AIRFLOW_CTX_DAG_ID=airflow_tutorial_v01
AIRFLOW_CTX_TASK_ID=print_hello
AIRFLOW_CTX_EXECUTION_DATE=2017-06-29T01:00:00+00:00
AIRFLOW_CTX_DAG_RUN_ID=scheduled__2017-06-29T01:00:00+00:00
[2021-05-15 20:58:24,666] {bash.py:135} INFO - Tmp dir root location: 
 /var/folders/tp/ft4rfkmn1kz3dyw8hlfz1dxw0000gn/T
[2021-05-15 20:58:24,667] {bash.py:158} INFO - Running command: echo "hello"
[2021-05-15 20:58:24,677] {bash.py:169} INFO - Output:
[2021-05-15 20:58:24,679] {bash.py:173} INFO - hello
[2021-05-15 20:58:24,680] {bash.py:177} INFO - Command exited with return code 0
[2021-05-15 20:58:24,692] {taskinstance.py:1185} INFO - Marking task as SUCCESS. dag_id=airflow_tutorial_v01, task_id=print_hello, execution_date=20170629T010000, start_date=20210515T195824, end_date=20210515T195824
[2021-05-15 20:58:24,705] {taskinstance.py:1246} INFO - 1 downstream tasks scheduled from follow-on schedule check
[2021-05-15 20:58:24,711] {local_task_job.py:146} INFO - Task exited with return code 0
