[2021-05-16 00:44:40,935] {taskinstance.py:877} INFO - Dependencies all met for <TaskInstance: airflow_tutorial_v01.print_world 2017-08-01T07:00:00+00:00 [queued]>
[2021-05-16 00:44:40,943] {taskinstance.py:877} INFO - Dependencies all met for <TaskInstance: airflow_tutorial_v01.print_world 2017-08-01T07:00:00+00:00 [queued]>
[2021-05-16 00:44:40,943] {taskinstance.py:1068} INFO - 
--------------------------------------------------------------------------------
[2021-05-16 00:44:40,944] {taskinstance.py:1069} INFO - Starting attempt 1 of 2
[2021-05-16 00:44:40,944] {taskinstance.py:1070} INFO - 
--------------------------------------------------------------------------------
[2021-05-16 00:44:40,952] {taskinstance.py:1089} INFO - Executing <Task(PythonOperator): print_world> on 2017-08-01T07:00:00+00:00
[2021-05-16 00:44:40,955] {standard_task_runner.py:52} INFO - Started process 38247 to run task
[2021-05-16 00:44:40,964] {standard_task_runner.py:76} INFO - Running: ['airflow', 'tasks', 'run', 'airflow_tutorial_v01', 'print_world', '2017-08-01T07:00:00+00:00', '--job-id', '4434', '--pool', 'default_pool', '--raw', '--subdir', 'DAGS_FOLDER/Untitled.py', '--cfg-path', '/var/folders/tp/ft4rfkmn1kz3dyw8hlfz1dxw0000gn/T/tmp878_aruc', '--error-file', '/var/folders/tp/ft4rfkmn1kz3dyw8hlfz1dxw0000gn/T/tmp_g4copdj']
[2021-05-16 00:44:40,966] {standard_task_runner.py:77} INFO - Job 4434: Subtask print_world
[2021-05-16 00:44:46,004] {logging_mixin.py:104} INFO - Running <TaskInstance: airflow_tutorial_v01.print_world 2017-08-01T07:00:00+00:00 [running]> on host Henrys-MacBook-Pro.local
[2021-05-16 00:44:51,041] {taskinstance.py:1281} INFO - Exporting the following env vars:
AIRFLOW_CTX_DAG_OWNER=me
AIRFLOW_CTX_DAG_ID=airflow_tutorial_v01
AIRFLOW_CTX_TASK_ID=print_world
AIRFLOW_CTX_EXECUTION_DATE=2017-08-01T07:00:00+00:00
AIRFLOW_CTX_DAG_RUN_ID=scheduled__2017-08-01T07:00:00+00:00
[2021-05-16 00:44:51,042] {logging_mixin.py:104} INFO - world
[2021-05-16 00:44:51,042] {python.py:118} INFO - Done. Returned value was: None
[2021-05-16 00:44:51,047] {taskinstance.py:1185} INFO - Marking task as SUCCESS. dag_id=airflow_tutorial_v01, task_id=print_world, execution_date=20170801T070000, start_date=20210515T234440, end_date=20210515T234451
[2021-05-16 00:44:51,057] {taskinstance.py:1246} INFO - 0 downstream tasks scheduled from follow-on schedule check
[2021-05-16 00:44:51,083] {local_task_job.py:146} INFO - Task exited with return code 0
