[2021-05-15 20:53:20,174] {taskinstance.py:877} INFO - Dependencies all met for <TaskInstance: airflow_tutorial_v01.sleep 2017-06-27T15:00:00+00:00 [queued]>
[2021-05-15 20:53:20,179] {taskinstance.py:877} INFO - Dependencies all met for <TaskInstance: airflow_tutorial_v01.sleep 2017-06-27T15:00:00+00:00 [queued]>
[2021-05-15 20:53:20,179] {taskinstance.py:1068} INFO - 
--------------------------------------------------------------------------------
[2021-05-15 20:53:20,179] {taskinstance.py:1069} INFO - Starting attempt 1 of 2
[2021-05-15 20:53:20,179] {taskinstance.py:1070} INFO - 
--------------------------------------------------------------------------------
[2021-05-15 20:53:20,184] {taskinstance.py:1089} INFO - Executing <Task(BashOperator): sleep> on 2017-06-27T15:00:00+00:00
[2021-05-15 20:53:20,186] {standard_task_runner.py:52} INFO - Started process 73621 to run task
[2021-05-15 20:53:20,193] {standard_task_runner.py:76} INFO - Running: ['airflow', 'tasks', 'run', 'airflow_tutorial_v01', 'sleep', '2017-06-27T15:00:00+00:00', '--job-id', '1929', '--pool', 'default_pool', '--raw', '--subdir', 'DAGS_FOLDER/Untitled.py', '--cfg-path', '/var/folders/tp/ft4rfkmn1kz3dyw8hlfz1dxw0000gn/T/tmp5xmyacsk', '--error-file', '/var/folders/tp/ft4rfkmn1kz3dyw8hlfz1dxw0000gn/T/tmpm9bfw17x']
[2021-05-15 20:53:20,195] {standard_task_runner.py:77} INFO - Job 1929: Subtask sleep
[2021-05-15 20:53:20,226] {logging_mixin.py:104} INFO - Running <TaskInstance: airflow_tutorial_v01.sleep 2017-06-27T15:00:00+00:00 [running]> on host henrys-macbook-pro.local
[2021-05-15 20:53:20,248] {taskinstance.py:1281} INFO - Exporting the following env vars:
AIRFLOW_CTX_DAG_OWNER=me
AIRFLOW_CTX_DAG_ID=airflow_tutorial_v01
AIRFLOW_CTX_TASK_ID=sleep
AIRFLOW_CTX_EXECUTION_DATE=2017-06-27T15:00:00+00:00
AIRFLOW_CTX_DAG_RUN_ID=scheduled__2017-06-27T15:00:00+00:00
[2021-05-15 20:53:20,249] {bash.py:135} INFO - Tmp dir root location: 
 /var/folders/tp/ft4rfkmn1kz3dyw8hlfz1dxw0000gn/T
[2021-05-15 20:53:20,251] {bash.py:158} INFO - Running command: sleep 5
[2021-05-15 20:53:20,257] {bash.py:169} INFO - Output:
[2021-05-15 20:53:25,263] {bash.py:177} INFO - Command exited with return code 0
[2021-05-15 20:53:25,286] {taskinstance.py:1185} INFO - Marking task as SUCCESS. dag_id=airflow_tutorial_v01, task_id=sleep, execution_date=20170627T150000, start_date=20210515T195320, end_date=20210515T195325
[2021-05-15 20:53:25,303] {taskinstance.py:1246} INFO - 1 downstream tasks scheduled from follow-on schedule check
[2021-05-15 20:53:25,323] {local_task_job.py:146} INFO - Task exited with return code 0
