[2021-05-15 18:55:32,536] {taskinstance.py:877} INFO - Dependencies all met for <TaskInstance: airflow_tutorial_v01.sleep 2017-06-17T06:00:00+00:00 [queued]>
[2021-05-15 18:55:32,542] {taskinstance.py:877} INFO - Dependencies all met for <TaskInstance: airflow_tutorial_v01.sleep 2017-06-17T06:00:00+00:00 [queued]>
[2021-05-15 18:55:32,542] {taskinstance.py:1068} INFO - 
--------------------------------------------------------------------------------
[2021-05-15 18:55:32,542] {taskinstance.py:1069} INFO - Starting attempt 1 of 2
[2021-05-15 18:55:32,542] {taskinstance.py:1070} INFO - 
--------------------------------------------------------------------------------
[2021-05-15 18:55:32,547] {taskinstance.py:1089} INFO - Executing <Task(BashOperator): sleep> on 2017-06-17T06:00:00+00:00
[2021-05-15 18:55:32,549] {standard_task_runner.py:52} INFO - Started process 54314 to run task
[2021-05-15 18:55:32,555] {standard_task_runner.py:76} INFO - Running: ['airflow', 'tasks', 'run', 'airflow_tutorial_v01', 'sleep', '2017-06-17T06:00:00+00:00', '--job-id', '1179', '--pool', 'default_pool', '--raw', '--subdir', 'DAGS_FOLDER/Untitled.py', '--cfg-path', '/var/folders/tp/ft4rfkmn1kz3dyw8hlfz1dxw0000gn/T/tmpq4kn0dm5', '--error-file', '/var/folders/tp/ft4rfkmn1kz3dyw8hlfz1dxw0000gn/T/tmproo4j_91']
[2021-05-15 18:55:32,556] {standard_task_runner.py:77} INFO - Job 1179: Subtask sleep
[2021-05-15 18:55:32,591] {logging_mixin.py:104} INFO - Running <TaskInstance: airflow_tutorial_v01.sleep 2017-06-17T06:00:00+00:00 [running]> on host 1.0.0.127.in-addr.arpa
[2021-05-15 18:55:32,619] {taskinstance.py:1281} INFO - Exporting the following env vars:
AIRFLOW_CTX_DAG_OWNER=me
AIRFLOW_CTX_DAG_ID=airflow_tutorial_v01
AIRFLOW_CTX_TASK_ID=sleep
AIRFLOW_CTX_EXECUTION_DATE=2017-06-17T06:00:00+00:00
AIRFLOW_CTX_DAG_RUN_ID=scheduled__2017-06-17T06:00:00+00:00
[2021-05-15 18:55:32,620] {bash.py:135} INFO - Tmp dir root location: 
 /var/folders/tp/ft4rfkmn1kz3dyw8hlfz1dxw0000gn/T
[2021-05-15 18:55:32,621] {bash.py:158} INFO - Running command: sleep 5
[2021-05-15 18:55:32,630] {bash.py:169} INFO - Output:
[2021-05-15 18:55:37,644] {bash.py:177} INFO - Command exited with return code 0
[2021-05-15 18:55:37,686] {taskinstance.py:1185} INFO - Marking task as SUCCESS. dag_id=airflow_tutorial_v01, task_id=sleep, execution_date=20170617T060000, start_date=20210515T175532, end_date=20210515T175537
[2021-05-15 18:55:37,711] {taskinstance.py:1246} INFO - 1 downstream tasks scheduled from follow-on schedule check
[2021-05-15 18:55:37,723] {local_task_job.py:146} INFO - Task exited with return code 0
