[2021-05-16 09:26:24,261] {taskinstance.py:877} INFO - Dependencies all met for <TaskInstance: airflow_tutorial_v01.print_hello 2017-08-08T10:00:00+00:00 [queued]>
[2021-05-16 09:26:24,270] {taskinstance.py:877} INFO - Dependencies all met for <TaskInstance: airflow_tutorial_v01.print_hello 2017-08-08T10:00:00+00:00 [queued]>
[2021-05-16 09:26:24,270] {taskinstance.py:1068} INFO - 
--------------------------------------------------------------------------------
[2021-05-16 09:26:24,270] {taskinstance.py:1069} INFO - Starting attempt 1 of 2
[2021-05-16 09:26:24,271] {taskinstance.py:1070} INFO - 
--------------------------------------------------------------------------------
[2021-05-16 09:26:24,279] {taskinstance.py:1089} INFO - Executing <Task(BashOperator): print_hello> on 2017-08-08T10:00:00+00:00
[2021-05-16 09:26:24,282] {standard_task_runner.py:52} INFO - Started process 53138 to run task
[2021-05-16 09:26:24,292] {standard_task_runner.py:76} INFO - Running: ['airflow', 'tasks', 'run', 'airflow_tutorial_v01', 'print_hello', '2017-08-08T10:00:00+00:00', '--job-id', '4939', '--pool', 'default_pool', '--raw', '--subdir', 'DAGS_FOLDER/Untitled.py', '--cfg-path', '/var/folders/tp/ft4rfkmn1kz3dyw8hlfz1dxw0000gn/T/tmpc4ztemwg', '--error-file', '/var/folders/tp/ft4rfkmn1kz3dyw8hlfz1dxw0000gn/T/tmp3_bk1c0o']
[2021-05-16 09:26:24,294] {standard_task_runner.py:77} INFO - Job 4939: Subtask print_hello
[2021-05-16 09:26:24,341] {logging_mixin.py:104} INFO - Running <TaskInstance: airflow_tutorial_v01.print_hello 2017-08-08T10:00:00+00:00 [running]> on host 1.0.0.127.in-addr.arpa
[2021-05-16 09:26:24,382] {taskinstance.py:1281} INFO - Exporting the following env vars:
AIRFLOW_CTX_DAG_OWNER=me
AIRFLOW_CTX_DAG_ID=airflow_tutorial_v01
AIRFLOW_CTX_TASK_ID=print_hello
AIRFLOW_CTX_EXECUTION_DATE=2017-08-08T10:00:00+00:00
AIRFLOW_CTX_DAG_RUN_ID=scheduled__2017-08-08T10:00:00+00:00
[2021-05-16 09:26:24,383] {bash.py:135} INFO - Tmp dir root location: 
 /var/folders/tp/ft4rfkmn1kz3dyw8hlfz1dxw0000gn/T
[2021-05-16 09:26:24,384] {bash.py:158} INFO - Running command: echo "hello"
[2021-05-16 09:26:24,396] {bash.py:169} INFO - Output:
[2021-05-16 09:26:24,401] {bash.py:173} INFO - hello
[2021-05-16 09:26:24,402] {bash.py:177} INFO - Command exited with return code 0
[2021-05-16 09:26:24,421] {taskinstance.py:1185} INFO - Marking task as SUCCESS. dag_id=airflow_tutorial_v01, task_id=print_hello, execution_date=20170808T100000, start_date=20210516T082624, end_date=20210516T082624
[2021-05-16 09:26:24,444] {taskinstance.py:1246} INFO - 1 downstream tasks scheduled from follow-on schedule check
[2021-05-16 09:26:24,487] {local_task_job.py:146} INFO - Task exited with return code 0
