[2021-05-15 21:31:00,517] {taskinstance.py:877} INFO - Dependencies all met for <TaskInstance: airflow_tutorial_v01.sleep 2017-07-08T00:00:00+00:00 [queued]>
[2021-05-15 21:31:00,522] {taskinstance.py:877} INFO - Dependencies all met for <TaskInstance: airflow_tutorial_v01.sleep 2017-07-08T00:00:00+00:00 [queued]>
[2021-05-15 21:31:00,523] {taskinstance.py:1068} INFO - 
--------------------------------------------------------------------------------
[2021-05-15 21:31:00,523] {taskinstance.py:1069} INFO - Starting attempt 1 of 2
[2021-05-15 21:31:00,523] {taskinstance.py:1070} INFO - 
--------------------------------------------------------------------------------
[2021-05-15 21:31:00,527] {taskinstance.py:1089} INFO - Executing <Task(BashOperator): sleep> on 2017-07-08T00:00:00+00:00
[2021-05-15 21:31:00,529] {standard_task_runner.py:52} INFO - Started process 92566 to run task
[2021-05-15 21:31:00,534] {standard_task_runner.py:76} INFO - Running: ['airflow', 'tasks', 'run', 'airflow_tutorial_v01', 'sleep', '2017-07-08T00:00:00+00:00', '--job-id', '2677', '--pool', 'default_pool', '--raw', '--subdir', 'DAGS_FOLDER/Untitled.py', '--cfg-path', '/var/folders/tp/ft4rfkmn1kz3dyw8hlfz1dxw0000gn/T/tmpru3zurc_', '--error-file', '/var/folders/tp/ft4rfkmn1kz3dyw8hlfz1dxw0000gn/T/tmp9ieslwc3']
[2021-05-15 21:31:00,536] {standard_task_runner.py:77} INFO - Job 2677: Subtask sleep
[2021-05-15 21:31:00,562] {logging_mixin.py:104} INFO - Running <TaskInstance: airflow_tutorial_v01.sleep 2017-07-08T00:00:00+00:00 [running]> on host 1.0.0.127.in-addr.arpa
[2021-05-15 21:31:00,585] {taskinstance.py:1281} INFO - Exporting the following env vars:
AIRFLOW_CTX_DAG_OWNER=me
AIRFLOW_CTX_DAG_ID=airflow_tutorial_v01
AIRFLOW_CTX_TASK_ID=sleep
AIRFLOW_CTX_EXECUTION_DATE=2017-07-08T00:00:00+00:00
AIRFLOW_CTX_DAG_RUN_ID=scheduled__2017-07-08T00:00:00+00:00
[2021-05-15 21:31:00,585] {bash.py:135} INFO - Tmp dir root location: 
 /var/folders/tp/ft4rfkmn1kz3dyw8hlfz1dxw0000gn/T
[2021-05-15 21:31:00,586] {bash.py:158} INFO - Running command: sleep 5
[2021-05-15 21:31:00,592] {bash.py:169} INFO - Output:
[2021-05-15 21:31:05,600] {bash.py:177} INFO - Command exited with return code 0
[2021-05-15 21:31:05,612] {taskinstance.py:1185} INFO - Marking task as SUCCESS. dag_id=airflow_tutorial_v01, task_id=sleep, execution_date=20170708T000000, start_date=20210515T203100, end_date=20210515T203105
[2021-05-15 21:31:05,625] {taskinstance.py:1246} INFO - 1 downstream tasks scheduled from follow-on schedule check
[2021-05-15 21:31:05,641] {local_task_job.py:146} INFO - Task exited with return code 0
