[2021-05-15 22:33:50,255] {taskinstance.py:877} INFO - Dependencies all met for <TaskInstance: airflow_tutorial_v01.sleep 2017-07-25T02:00:00+00:00 [queued]>
[2021-05-15 22:33:50,262] {taskinstance.py:877} INFO - Dependencies all met for <TaskInstance: airflow_tutorial_v01.sleep 2017-07-25T02:00:00+00:00 [queued]>
[2021-05-15 22:33:50,263] {taskinstance.py:1068} INFO - 
--------------------------------------------------------------------------------
[2021-05-15 22:33:50,263] {taskinstance.py:1069} INFO - Starting attempt 1 of 2
[2021-05-15 22:33:50,263] {taskinstance.py:1070} INFO - 
--------------------------------------------------------------------------------
[2021-05-15 22:33:50,267] {taskinstance.py:1089} INFO - Executing <Task(BashOperator): sleep> on 2017-07-25T02:00:00+00:00
[2021-05-15 22:33:50,269] {standard_task_runner.py:52} INFO - Started process 23964 to run task
[2021-05-15 22:33:50,276] {standard_task_runner.py:76} INFO - Running: ['airflow', 'tasks', 'run', 'airflow_tutorial_v01', 'sleep', '2017-07-25T02:00:00+00:00', '--job-id', '3908', '--pool', 'default_pool', '--raw', '--subdir', 'DAGS_FOLDER/Untitled.py', '--cfg-path', '/var/folders/tp/ft4rfkmn1kz3dyw8hlfz1dxw0000gn/T/tmp_196flq7', '--error-file', '/var/folders/tp/ft4rfkmn1kz3dyw8hlfz1dxw0000gn/T/tmpep5a3w3s']
[2021-05-15 22:33:50,277] {standard_task_runner.py:77} INFO - Job 3908: Subtask sleep
[2021-05-15 22:33:50,309] {logging_mixin.py:104} INFO - Running <TaskInstance: airflow_tutorial_v01.sleep 2017-07-25T02:00:00+00:00 [running]> on host 1.0.0.127.in-addr.arpa
[2021-05-15 22:33:50,335] {taskinstance.py:1281} INFO - Exporting the following env vars:
AIRFLOW_CTX_DAG_OWNER=me
AIRFLOW_CTX_DAG_ID=airflow_tutorial_v01
AIRFLOW_CTX_TASK_ID=sleep
AIRFLOW_CTX_EXECUTION_DATE=2017-07-25T02:00:00+00:00
AIRFLOW_CTX_DAG_RUN_ID=scheduled__2017-07-25T02:00:00+00:00
[2021-05-15 22:33:50,335] {bash.py:135} INFO - Tmp dir root location: 
 /var/folders/tp/ft4rfkmn1kz3dyw8hlfz1dxw0000gn/T
[2021-05-15 22:33:50,336] {bash.py:158} INFO - Running command: sleep 5
[2021-05-15 22:33:50,345] {bash.py:169} INFO - Output:
[2021-05-15 22:33:55,355] {bash.py:177} INFO - Command exited with return code 0
[2021-05-15 22:33:55,378] {taskinstance.py:1185} INFO - Marking task as SUCCESS. dag_id=airflow_tutorial_v01, task_id=sleep, execution_date=20170725T020000, start_date=20210515T213350, end_date=20210515T213355
[2021-05-15 22:33:55,394] {taskinstance.py:1246} INFO - 1 downstream tasks scheduled from follow-on schedule check
[2021-05-15 22:33:55,433] {local_task_job.py:146} INFO - Task exited with return code 0
