[2021-05-15 17:32:03,098] {scheduler_job.py:182} INFO - Started process (PID=22207) to work on /Users/harry/rugby_data_project_airflow/airflow/dags/Untitled.py
[2021-05-15 17:32:03,098] {scheduler_job.py:629} INFO - Processing file /Users/harry/rugby_data_project_airflow/airflow/dags/Untitled.py for tasks to queue
[2021-05-15 17:32:03,098] {logging_mixin.py:104} INFO - [2021-05-15 17:32:03,098] {dagbag.py:451} INFO - Filling up the DagBag from /Users/harry/rugby_data_project_airflow/airflow/dags/Untitled.py
[2021-05-15 17:32:03,110] {scheduler_job.py:639} INFO - DAG(s) dict_keys(['airflow_tutorial_v01']) retrieved from /Users/harry/rugby_data_project_airflow/airflow/dags/Untitled.py
[2021-05-15 17:32:03,136] {logging_mixin.py:104} INFO - [2021-05-15 17:32:03,136] {dag.py:1824} INFO - Sync 1 DAGs
[2021-05-15 17:32:03,139] {logging_mixin.py:104} INFO - [2021-05-15 17:32:03,139] {dag.py:1843} INFO - Creating ORM DAG for airflow_tutorial_v01
[2021-05-15 17:32:03,145] {logging_mixin.py:104} INFO - [2021-05-15 17:32:03,145] {dag.py:2280} INFO - Setting next_dagrun for airflow_tutorial_v01 to 2017-06-01T00:00:00+00:00
[2021-05-15 17:32:03,153] {scheduler_job.py:190} INFO - Processing /Users/harry/rugby_data_project_airflow/airflow/dags/Untitled.py took 0.056 seconds
[2021-05-15 17:32:53,844] {scheduler_job.py:182} INFO - Started process (PID=22602) to work on /Users/harry/rugby_data_project_airflow/airflow/dags/Untitled.py
[2021-05-15 17:32:53,844] {scheduler_job.py:629} INFO - Processing file /Users/harry/rugby_data_project_airflow/airflow/dags/Untitled.py for tasks to queue
[2021-05-15 17:32:53,845] {logging_mixin.py:104} INFO - [2021-05-15 17:32:53,844] {dagbag.py:451} INFO - Filling up the DagBag from /Users/harry/rugby_data_project_airflow/airflow/dags/Untitled.py
[2021-05-15 17:32:53,851] {scheduler_job.py:639} INFO - DAG(s) dict_keys(['airflow_tutorial_v01']) retrieved from /Users/harry/rugby_data_project_airflow/airflow/dags/Untitled.py
[2021-05-15 17:32:53,873] {logging_mixin.py:104} INFO - [2021-05-15 17:32:53,872] {dag.py:1824} INFO - Sync 1 DAGs
[2021-05-15 17:32:53,880] {logging_mixin.py:104} INFO - [2021-05-15 17:32:53,880] {dag.py:2280} INFO - Setting next_dagrun for airflow_tutorial_v01 to 2017-06-01T00:00:00+00:00
[2021-05-15 17:32:53,887] {scheduler_job.py:190} INFO - Processing /Users/harry/rugby_data_project_airflow/airflow/dags/Untitled.py took 0.043 seconds
[2021-05-15 17:34:08,391] {scheduler_job.py:182} INFO - Started process (PID=23017) to work on /Users/harry/rugby_data_project_airflow/airflow/dags/Untitled.py
[2021-05-15 17:34:08,391] {scheduler_job.py:629} INFO - Processing file /Users/harry/rugby_data_project_airflow/airflow/dags/Untitled.py for tasks to queue
[2021-05-15 17:34:08,392] {logging_mixin.py:104} INFO - [2021-05-15 17:34:08,392] {dagbag.py:451} INFO - Filling up the DagBag from /Users/harry/rugby_data_project_airflow/airflow/dags/Untitled.py
[2021-05-15 17:34:08,398] {scheduler_job.py:639} INFO - DAG(s) dict_keys(['airflow_tutorial_v01']) retrieved from /Users/harry/rugby_data_project_airflow/airflow/dags/Untitled.py
[2021-05-15 17:34:08,422] {logging_mixin.py:104} INFO - [2021-05-15 17:34:08,422] {dag.py:1824} INFO - Sync 1 DAGs
[2021-05-15 17:34:08,430] {logging_mixin.py:104} INFO - [2021-05-15 17:34:08,430] {dag.py:2280} INFO - Setting next_dagrun for airflow_tutorial_v01 to 2017-06-01T00:00:00+00:00
[2021-05-15 17:34:08,436] {scheduler_job.py:190} INFO - Processing /Users/harry/rugby_data_project_airflow/airflow/dags/Untitled.py took 0.045 seconds
[2021-05-15 17:35:41,216] {scheduler_job.py:182} INFO - Started process (PID=25305) to work on /Users/harry/rugby_data_project_airflow/airflow/dags/Untitled.py
[2021-05-15 17:35:41,217] {scheduler_job.py:629} INFO - Processing file /Users/harry/rugby_data_project_airflow/airflow/dags/Untitled.py for tasks to queue
[2021-05-15 17:35:41,218] {logging_mixin.py:104} INFO - [2021-05-15 17:35:41,218] {dagbag.py:451} INFO - Filling up the DagBag from /Users/harry/rugby_data_project_airflow/airflow/dags/Untitled.py
[2021-05-15 17:35:41,225] {scheduler_job.py:639} INFO - DAG(s) dict_keys(['airflow_tutorial_v01']) retrieved from /Users/harry/rugby_data_project_airflow/airflow/dags/Untitled.py
[2021-05-15 17:35:41,249] {logging_mixin.py:104} INFO - [2021-05-15 17:35:41,248] {dag.py:1824} INFO - Sync 1 DAGs
[2021-05-15 17:35:41,256] {logging_mixin.py:104} INFO - [2021-05-15 17:35:41,256] {dag.py:2280} INFO - Setting next_dagrun for airflow_tutorial_v01 to 2017-06-01T08:00:00+00:00
[2021-05-15 17:35:41,262] {scheduler_job.py:190} INFO - Processing /Users/harry/rugby_data_project_airflow/airflow/dags/Untitled.py took 0.046 seconds
[2021-05-15 17:39:16,891] {scheduler_job.py:182} INFO - Started process (PID=27105) to work on /Users/harry/rugby_data_project_airflow/airflow/dags/Untitled.py
[2021-05-15 17:39:16,892] {scheduler_job.py:629} INFO - Processing file /Users/harry/rugby_data_project_airflow/airflow/dags/Untitled.py for tasks to queue
[2021-05-15 17:39:16,893] {logging_mixin.py:104} INFO - [2021-05-15 17:39:16,893] {dagbag.py:451} INFO - Filling up the DagBag from /Users/harry/rugby_data_project_airflow/airflow/dags/Untitled.py
[2021-05-15 17:39:16,900] {scheduler_job.py:639} INFO - DAG(s) dict_keys(['airflow_tutorial_v01']) retrieved from /Users/harry/rugby_data_project_airflow/airflow/dags/Untitled.py
[2021-05-15 17:39:16,922] {logging_mixin.py:104} INFO - [2021-05-15 17:39:16,922] {dag.py:1824} INFO - Sync 1 DAGs
[2021-05-15 17:39:16,929] {logging_mixin.py:104} INFO - [2021-05-15 17:39:16,929] {dag.py:2280} INFO - Setting next_dagrun for airflow_tutorial_v01 to 2017-06-02T08:00:00+00:00
[2021-05-15 17:39:16,935] {scheduler_job.py:190} INFO - Processing /Users/harry/rugby_data_project_airflow/airflow/dags/Untitled.py took 0.044 seconds
[2021-05-15 17:43:20,831] {scheduler_job.py:182} INFO - Started process (PID=29050) to work on /Users/harry/rugby_data_project_airflow/airflow/dags/Untitled.py
[2021-05-15 17:43:20,832] {scheduler_job.py:629} INFO - Processing file /Users/harry/rugby_data_project_airflow/airflow/dags/Untitled.py for tasks to queue
[2021-05-15 17:43:20,833] {logging_mixin.py:104} INFO - [2021-05-15 17:43:20,833] {dagbag.py:451} INFO - Filling up the DagBag from /Users/harry/rugby_data_project_airflow/airflow/dags/Untitled.py
[2021-05-15 17:43:20,841] {scheduler_job.py:639} INFO - DAG(s) dict_keys(['airflow_tutorial_v01']) retrieved from /Users/harry/rugby_data_project_airflow/airflow/dags/Untitled.py
[2021-05-15 17:43:20,865] {logging_mixin.py:104} INFO - [2021-05-15 17:43:20,865] {dag.py:1824} INFO - Sync 1 DAGs
[2021-05-15 17:43:20,872] {logging_mixin.py:104} INFO - [2021-05-15 17:43:20,872] {dag.py:2280} INFO - Setting next_dagrun for airflow_tutorial_v01 to 2017-06-03T11:00:00+00:00
[2021-05-15 17:43:20,877] {scheduler_job.py:190} INFO - Processing /Users/harry/rugby_data_project_airflow/airflow/dags/Untitled.py took 0.047 seconds
[2021-05-15 17:50:40,666] {scheduler_job.py:182} INFO - Started process (PID=30974) to work on /Users/harry/rugby_data_project_airflow/airflow/dags/Untitled.py
[2021-05-15 17:50:40,667] {scheduler_job.py:629} INFO - Processing file /Users/harry/rugby_data_project_airflow/airflow/dags/Untitled.py for tasks to queue
[2021-05-15 17:50:40,668] {logging_mixin.py:104} INFO - [2021-05-15 17:50:40,668] {dagbag.py:451} INFO - Filling up the DagBag from /Users/harry/rugby_data_project_airflow/airflow/dags/Untitled.py
[2021-05-15 17:50:40,675] {scheduler_job.py:639} INFO - DAG(s) dict_keys(['airflow_tutorial_v01']) retrieved from /Users/harry/rugby_data_project_airflow/airflow/dags/Untitled.py
[2021-05-15 17:50:40,699] {logging_mixin.py:104} INFO - [2021-05-15 17:50:40,698] {dag.py:1824} INFO - Sync 1 DAGs
[2021-05-15 17:50:40,706] {logging_mixin.py:104} INFO - [2021-05-15 17:50:40,705] {dag.py:2280} INFO - Setting next_dagrun for airflow_tutorial_v01 to 2017-06-04T11:00:00+00:00
[2021-05-15 17:50:40,711] {scheduler_job.py:190} INFO - Processing /Users/harry/rugby_data_project_airflow/airflow/dags/Untitled.py took 0.045 seconds
[2021-05-15 17:54:17,916] {scheduler_job.py:182} INFO - Started process (PID=32769) to work on /Users/harry/rugby_data_project_airflow/airflow/dags/Untitled.py
[2021-05-15 17:54:17,916] {scheduler_job.py:629} INFO - Processing file /Users/harry/rugby_data_project_airflow/airflow/dags/Untitled.py for tasks to queue
[2021-05-15 17:54:17,917] {logging_mixin.py:104} INFO - [2021-05-15 17:54:17,917] {dagbag.py:451} INFO - Filling up the DagBag from /Users/harry/rugby_data_project_airflow/airflow/dags/Untitled.py
[2021-05-15 17:54:17,923] {scheduler_job.py:639} INFO - DAG(s) dict_keys(['airflow_tutorial_v01']) retrieved from /Users/harry/rugby_data_project_airflow/airflow/dags/Untitled.py
[2021-05-15 17:54:17,945] {logging_mixin.py:104} INFO - [2021-05-15 17:54:17,945] {dag.py:1824} INFO - Sync 1 DAGs
[2021-05-15 17:54:17,952] {logging_mixin.py:104} INFO - [2021-05-15 17:54:17,952] {dag.py:2280} INFO - Setting next_dagrun for airflow_tutorial_v01 to 2017-06-05T11:00:00+00:00
[2021-05-15 17:54:17,957] {scheduler_job.py:190} INFO - Processing /Users/harry/rugby_data_project_airflow/airflow/dags/Untitled.py took 0.041 seconds
[2021-05-15 17:57:53,438] {scheduler_job.py:182} INFO - Started process (PID=34675) to work on /Users/harry/rugby_data_project_airflow/airflow/dags/Untitled.py
[2021-05-15 17:57:53,439] {scheduler_job.py:629} INFO - Processing file /Users/harry/rugby_data_project_airflow/airflow/dags/Untitled.py for tasks to queue
[2021-05-15 17:57:53,440] {logging_mixin.py:104} INFO - [2021-05-15 17:57:53,440] {dagbag.py:451} INFO - Filling up the DagBag from /Users/harry/rugby_data_project_airflow/airflow/dags/Untitled.py
[2021-05-15 17:57:53,446] {scheduler_job.py:639} INFO - DAG(s) dict_keys(['airflow_tutorial_v01']) retrieved from /Users/harry/rugby_data_project_airflow/airflow/dags/Untitled.py
[2021-05-15 17:57:53,468] {logging_mixin.py:104} INFO - [2021-05-15 17:57:53,467] {dag.py:1824} INFO - Sync 1 DAGs
[2021-05-15 17:57:53,475] {logging_mixin.py:104} INFO - [2021-05-15 17:57:53,475] {dag.py:2280} INFO - Setting next_dagrun for airflow_tutorial_v01 to 2017-06-06T11:00:00+00:00
[2021-05-15 17:57:53,480] {scheduler_job.py:190} INFO - Processing /Users/harry/rugby_data_project_airflow/airflow/dags/Untitled.py took 0.042 seconds
[2021-05-15 18:01:41,283] {scheduler_job.py:182} INFO - Started process (PID=36559) to work on /Users/harry/rugby_data_project_airflow/airflow/dags/Untitled.py
[2021-05-15 18:01:41,285] {scheduler_job.py:629} INFO - Processing file /Users/harry/rugby_data_project_airflow/airflow/dags/Untitled.py for tasks to queue
[2021-05-15 18:01:41,285] {logging_mixin.py:104} INFO - [2021-05-15 18:01:41,285] {dagbag.py:451} INFO - Filling up the DagBag from /Users/harry/rugby_data_project_airflow/airflow/dags/Untitled.py
[2021-05-15 18:01:41,292] {scheduler_job.py:639} INFO - DAG(s) dict_keys(['airflow_tutorial_v01']) retrieved from /Users/harry/rugby_data_project_airflow/airflow/dags/Untitled.py
[2021-05-15 18:01:41,315] {logging_mixin.py:104} INFO - [2021-05-15 18:01:41,315] {dag.py:1824} INFO - Sync 1 DAGs
[2021-05-15 18:01:41,322] {logging_mixin.py:104} INFO - [2021-05-15 18:01:41,322] {dag.py:2280} INFO - Setting next_dagrun for airflow_tutorial_v01 to 2017-06-07T11:00:00+00:00
[2021-05-15 18:01:41,329] {scheduler_job.py:190} INFO - Processing /Users/harry/rugby_data_project_airflow/airflow/dags/Untitled.py took 0.046 seconds
[2021-05-15 18:05:13,540] {scheduler_job.py:182} INFO - Started process (PID=38257) to work on /Users/harry/rugby_data_project_airflow/airflow/dags/Untitled.py
[2021-05-15 18:05:13,540] {scheduler_job.py:629} INFO - Processing file /Users/harry/rugby_data_project_airflow/airflow/dags/Untitled.py for tasks to queue
[2021-05-15 18:05:13,541] {logging_mixin.py:104} INFO - [2021-05-15 18:05:13,540] {dagbag.py:451} INFO - Filling up the DagBag from /Users/harry/rugby_data_project_airflow/airflow/dags/Untitled.py
[2021-05-15 18:05:13,547] {scheduler_job.py:639} INFO - DAG(s) dict_keys(['airflow_tutorial_v01']) retrieved from /Users/harry/rugby_data_project_airflow/airflow/dags/Untitled.py
[2021-05-15 18:05:13,570] {logging_mixin.py:104} INFO - [2021-05-15 18:05:13,570] {dag.py:1824} INFO - Sync 1 DAGs
[2021-05-15 18:05:13,577] {logging_mixin.py:104} INFO - [2021-05-15 18:05:13,577] {dag.py:2280} INFO - Setting next_dagrun for airflow_tutorial_v01 to 2017-06-08T11:00:00+00:00
[2021-05-15 18:05:13,585] {scheduler_job.py:190} INFO - Processing /Users/harry/rugby_data_project_airflow/airflow/dags/Untitled.py took 0.045 seconds
[2021-05-15 18:08:46,234] {scheduler_job.py:182} INFO - Started process (PID=40024) to work on /Users/harry/rugby_data_project_airflow/airflow/dags/Untitled.py
[2021-05-15 18:08:46,235] {scheduler_job.py:629} INFO - Processing file /Users/harry/rugby_data_project_airflow/airflow/dags/Untitled.py for tasks to queue
[2021-05-15 18:08:46,236] {logging_mixin.py:104} INFO - [2021-05-15 18:08:46,236] {dagbag.py:451} INFO - Filling up the DagBag from /Users/harry/rugby_data_project_airflow/airflow/dags/Untitled.py
[2021-05-15 18:08:46,243] {scheduler_job.py:639} INFO - DAG(s) dict_keys(['airflow_tutorial_v01']) retrieved from /Users/harry/rugby_data_project_airflow/airflow/dags/Untitled.py
[2021-05-15 18:08:46,266] {logging_mixin.py:104} INFO - [2021-05-15 18:08:46,266] {dag.py:1824} INFO - Sync 1 DAGs
[2021-05-15 18:08:46,273] {logging_mixin.py:104} INFO - [2021-05-15 18:08:46,273] {dag.py:2280} INFO - Setting next_dagrun for airflow_tutorial_v01 to 2017-06-09T11:00:00+00:00
[2021-05-15 18:08:46,280] {scheduler_job.py:190} INFO - Processing /Users/harry/rugby_data_project_airflow/airflow/dags/Untitled.py took 0.047 seconds
[2021-05-15 18:19:01,028] {scheduler_job.py:182} INFO - Started process (PID=41894) to work on /Users/harry/rugby_data_project_airflow/airflow/dags/Untitled.py
[2021-05-15 18:19:01,029] {scheduler_job.py:629} INFO - Processing file /Users/harry/rugby_data_project_airflow/airflow/dags/Untitled.py for tasks to queue
[2021-05-15 18:19:01,030] {logging_mixin.py:104} INFO - [2021-05-15 18:19:01,030] {dagbag.py:451} INFO - Filling up the DagBag from /Users/harry/rugby_data_project_airflow/airflow/dags/Untitled.py
[2021-05-15 18:19:01,037] {scheduler_job.py:639} INFO - DAG(s) dict_keys(['airflow_tutorial_v01']) retrieved from /Users/harry/rugby_data_project_airflow/airflow/dags/Untitled.py
[2021-05-15 18:19:01,062] {logging_mixin.py:104} INFO - [2021-05-15 18:19:01,062] {dag.py:1824} INFO - Sync 1 DAGs
[2021-05-15 18:19:01,069] {logging_mixin.py:104} INFO - [2021-05-15 18:19:01,069] {dag.py:2280} INFO - Setting next_dagrun for airflow_tutorial_v01 to 2017-06-10T11:00:00+00:00
[2021-05-15 18:19:01,074] {scheduler_job.py:190} INFO - Processing /Users/harry/rugby_data_project_airflow/airflow/dags/Untitled.py took 0.047 seconds
[2021-05-15 18:22:45,309] {scheduler_job.py:182} INFO - Started process (PID=43741) to work on /Users/harry/rugby_data_project_airflow/airflow/dags/Untitled.py
[2021-05-15 18:22:45,311] {scheduler_job.py:629} INFO - Processing file /Users/harry/rugby_data_project_airflow/airflow/dags/Untitled.py for tasks to queue
[2021-05-15 18:22:45,311] {logging_mixin.py:104} INFO - [2021-05-15 18:22:45,311] {dagbag.py:451} INFO - Filling up the DagBag from /Users/harry/rugby_data_project_airflow/airflow/dags/Untitled.py
[2021-05-15 18:22:45,318] {scheduler_job.py:639} INFO - DAG(s) dict_keys(['airflow_tutorial_v01']) retrieved from /Users/harry/rugby_data_project_airflow/airflow/dags/Untitled.py
[2021-05-15 18:22:45,341] {logging_mixin.py:104} INFO - [2021-05-15 18:22:45,341] {dag.py:1824} INFO - Sync 1 DAGs
[2021-05-15 18:22:45,348] {logging_mixin.py:104} INFO - [2021-05-15 18:22:45,348] {dag.py:2280} INFO - Setting next_dagrun for airflow_tutorial_v01 to 2017-06-11T11:00:00+00:00
[2021-05-15 18:22:45,353] {scheduler_job.py:190} INFO - Processing /Users/harry/rugby_data_project_airflow/airflow/dags/Untitled.py took 0.045 seconds
[2021-05-15 18:26:18,377] {scheduler_job.py:182} INFO - Started process (PID=45517) to work on /Users/harry/rugby_data_project_airflow/airflow/dags/Untitled.py
[2021-05-15 18:26:18,378] {scheduler_job.py:629} INFO - Processing file /Users/harry/rugby_data_project_airflow/airflow/dags/Untitled.py for tasks to queue
[2021-05-15 18:26:18,379] {logging_mixin.py:104} INFO - [2021-05-15 18:26:18,378] {dagbag.py:451} INFO - Filling up the DagBag from /Users/harry/rugby_data_project_airflow/airflow/dags/Untitled.py
[2021-05-15 18:26:18,384] {scheduler_job.py:639} INFO - DAG(s) dict_keys(['airflow_tutorial_v01']) retrieved from /Users/harry/rugby_data_project_airflow/airflow/dags/Untitled.py
[2021-05-15 18:26:18,406] {logging_mixin.py:104} INFO - [2021-05-15 18:26:18,406] {dag.py:1824} INFO - Sync 1 DAGs
[2021-05-15 18:26:18,412] {logging_mixin.py:104} INFO - [2021-05-15 18:26:18,412] {dag.py:2280} INFO - Setting next_dagrun for airflow_tutorial_v01 to 2017-06-12T11:00:00+00:00
[2021-05-15 18:26:18,417] {scheduler_job.py:190} INFO - Processing /Users/harry/rugby_data_project_airflow/airflow/dags/Untitled.py took 0.040 seconds
[2021-05-15 18:29:49,896] {scheduler_job.py:182} INFO - Started process (PID=47227) to work on /Users/harry/rugby_data_project_airflow/airflow/dags/Untitled.py
[2021-05-15 18:29:49,896] {scheduler_job.py:629} INFO - Processing file /Users/harry/rugby_data_project_airflow/airflow/dags/Untitled.py for tasks to queue
[2021-05-15 18:29:49,897] {logging_mixin.py:104} INFO - [2021-05-15 18:29:49,897] {dagbag.py:451} INFO - Filling up the DagBag from /Users/harry/rugby_data_project_airflow/airflow/dags/Untitled.py
[2021-05-15 18:29:49,903] {scheduler_job.py:639} INFO - DAG(s) dict_keys(['airflow_tutorial_v01']) retrieved from /Users/harry/rugby_data_project_airflow/airflow/dags/Untitled.py
[2021-05-15 18:29:49,926] {logging_mixin.py:104} INFO - [2021-05-15 18:29:49,926] {dag.py:1824} INFO - Sync 1 DAGs
[2021-05-15 18:29:49,933] {logging_mixin.py:104} INFO - [2021-05-15 18:29:49,933] {dag.py:2280} INFO - Setting next_dagrun for airflow_tutorial_v01 to 2017-06-13T11:00:00+00:00
[2021-05-15 18:29:49,938] {scheduler_job.py:190} INFO - Processing /Users/harry/rugby_data_project_airflow/airflow/dags/Untitled.py took 0.042 seconds
[2021-05-15 18:33:19,631] {scheduler_job.py:182} INFO - Started process (PID=48898) to work on /Users/harry/rugby_data_project_airflow/airflow/dags/Untitled.py
[2021-05-15 18:33:19,632] {scheduler_job.py:629} INFO - Processing file /Users/harry/rugby_data_project_airflow/airflow/dags/Untitled.py for tasks to queue
[2021-05-15 18:33:19,632] {logging_mixin.py:104} INFO - [2021-05-15 18:33:19,632] {dagbag.py:451} INFO - Filling up the DagBag from /Users/harry/rugby_data_project_airflow/airflow/dags/Untitled.py
[2021-05-15 18:33:19,638] {scheduler_job.py:639} INFO - DAG(s) dict_keys(['airflow_tutorial_v01']) retrieved from /Users/harry/rugby_data_project_airflow/airflow/dags/Untitled.py
[2021-05-15 18:33:19,659] {logging_mixin.py:104} INFO - [2021-05-15 18:33:19,659] {dag.py:1824} INFO - Sync 1 DAGs
[2021-05-15 18:33:19,666] {logging_mixin.py:104} INFO - [2021-05-15 18:33:19,666] {dag.py:2280} INFO - Setting next_dagrun for airflow_tutorial_v01 to 2017-06-14T11:00:00+00:00
[2021-05-15 18:33:19,671] {scheduler_job.py:190} INFO - Processing /Users/harry/rugby_data_project_airflow/airflow/dags/Untitled.py took 0.040 seconds
[2021-05-15 18:48:30,768] {scheduler_job.py:182} INFO - Started process (PID=50884) to work on /Users/harry/rugby_data_project_airflow/airflow/dags/Untitled.py
[2021-05-15 18:48:30,769] {scheduler_job.py:629} INFO - Processing file /Users/harry/rugby_data_project_airflow/airflow/dags/Untitled.py for tasks to queue
[2021-05-15 18:48:30,770] {logging_mixin.py:104} INFO - [2021-05-15 18:48:30,770] {dagbag.py:451} INFO - Filling up the DagBag from /Users/harry/rugby_data_project_airflow/airflow/dags/Untitled.py
[2021-05-15 18:48:30,777] {scheduler_job.py:639} INFO - DAG(s) dict_keys(['airflow_tutorial_v01']) retrieved from /Users/harry/rugby_data_project_airflow/airflow/dags/Untitled.py
[2021-05-15 18:48:30,800] {logging_mixin.py:104} INFO - [2021-05-15 18:48:30,800] {dag.py:1824} INFO - Sync 1 DAGs
[2021-05-15 18:48:30,807] {logging_mixin.py:104} INFO - [2021-05-15 18:48:30,807] {dag.py:2280} INFO - Setting next_dagrun for airflow_tutorial_v01 to 2017-06-15T11:00:00+00:00
[2021-05-15 18:48:30,812] {scheduler_job.py:190} INFO - Processing /Users/harry/rugby_data_project_airflow/airflow/dags/Untitled.py took 0.045 seconds
[2021-05-15 18:52:06,501] {scheduler_job.py:182} INFO - Started process (PID=52601) to work on /Users/harry/rugby_data_project_airflow/airflow/dags/Untitled.py
[2021-05-15 18:52:06,502] {scheduler_job.py:629} INFO - Processing file /Users/harry/rugby_data_project_airflow/airflow/dags/Untitled.py for tasks to queue
[2021-05-15 18:52:06,502] {logging_mixin.py:104} INFO - [2021-05-15 18:52:06,502] {dagbag.py:451} INFO - Filling up the DagBag from /Users/harry/rugby_data_project_airflow/airflow/dags/Untitled.py
[2021-05-15 18:52:06,509] {scheduler_job.py:639} INFO - DAG(s) dict_keys(['airflow_tutorial_v01']) retrieved from /Users/harry/rugby_data_project_airflow/airflow/dags/Untitled.py
[2021-05-15 18:52:06,532] {logging_mixin.py:104} INFO - [2021-05-15 18:52:06,532] {dag.py:1824} INFO - Sync 1 DAGs
[2021-05-15 18:52:06,540] {logging_mixin.py:104} INFO - [2021-05-15 18:52:06,540] {dag.py:2280} INFO - Setting next_dagrun for airflow_tutorial_v01 to 2017-06-16T11:00:00+00:00
[2021-05-15 18:52:06,544] {scheduler_job.py:190} INFO - Processing /Users/harry/rugby_data_project_airflow/airflow/dags/Untitled.py took 0.044 seconds
[2021-05-15 18:56:07,389] {scheduler_job.py:182} INFO - Started process (PID=54576) to work on /Users/harry/rugby_data_project_airflow/airflow/dags/Untitled.py
[2021-05-15 18:56:07,390] {scheduler_job.py:629} INFO - Processing file /Users/harry/rugby_data_project_airflow/airflow/dags/Untitled.py for tasks to queue
[2021-05-15 18:56:07,391] {logging_mixin.py:104} INFO - [2021-05-15 18:56:07,390] {dagbag.py:451} INFO - Filling up the DagBag from /Users/harry/rugby_data_project_airflow/airflow/dags/Untitled.py
[2021-05-15 18:56:07,398] {scheduler_job.py:639} INFO - DAG(s) dict_keys(['airflow_tutorial_v01']) retrieved from /Users/harry/rugby_data_project_airflow/airflow/dags/Untitled.py
[2021-05-15 18:56:07,421] {logging_mixin.py:104} INFO - [2021-05-15 18:56:07,421] {dag.py:1824} INFO - Sync 1 DAGs
[2021-05-15 18:56:07,428] {logging_mixin.py:104} INFO - [2021-05-15 18:56:07,428] {dag.py:2280} INFO - Setting next_dagrun for airflow_tutorial_v01 to 2017-06-17T11:00:00+00:00
[2021-05-15 18:56:07,433] {scheduler_job.py:190} INFO - Processing /Users/harry/rugby_data_project_airflow/airflow/dags/Untitled.py took 0.045 seconds
[2021-05-15 18:59:47,125] {scheduler_job.py:182} INFO - Started process (PID=56409) to work on /Users/harry/rugby_data_project_airflow/airflow/dags/Untitled.py
[2021-05-15 18:59:47,126] {scheduler_job.py:629} INFO - Processing file /Users/harry/rugby_data_project_airflow/airflow/dags/Untitled.py for tasks to queue
[2021-05-15 18:59:47,126] {logging_mixin.py:104} INFO - [2021-05-15 18:59:47,126] {dagbag.py:451} INFO - Filling up the DagBag from /Users/harry/rugby_data_project_airflow/airflow/dags/Untitled.py
[2021-05-15 18:59:47,134] {scheduler_job.py:639} INFO - DAG(s) dict_keys(['airflow_tutorial_v01']) retrieved from /Users/harry/rugby_data_project_airflow/airflow/dags/Untitled.py
[2021-05-15 18:59:47,157] {logging_mixin.py:104} INFO - [2021-05-15 18:59:47,157] {dag.py:1824} INFO - Sync 1 DAGs
[2021-05-15 18:59:47,164] {logging_mixin.py:104} INFO - [2021-05-15 18:59:47,164] {dag.py:2280} INFO - Setting next_dagrun for airflow_tutorial_v01 to 2017-06-18T11:00:00+00:00
[2021-05-15 18:59:47,169] {scheduler_job.py:190} INFO - Processing /Users/harry/rugby_data_project_airflow/airflow/dags/Untitled.py took 0.045 seconds
[2021-05-15 19:03:22,829] {scheduler_job.py:182} INFO - Started process (PID=58163) to work on /Users/harry/rugby_data_project_airflow/airflow/dags/Untitled.py
[2021-05-15 19:03:22,830] {scheduler_job.py:629} INFO - Processing file /Users/harry/rugby_data_project_airflow/airflow/dags/Untitled.py for tasks to queue
[2021-05-15 19:03:22,830] {logging_mixin.py:104} INFO - [2021-05-15 19:03:22,830] {dagbag.py:451} INFO - Filling up the DagBag from /Users/harry/rugby_data_project_airflow/airflow/dags/Untitled.py
[2021-05-15 19:03:22,838] {scheduler_job.py:639} INFO - DAG(s) dict_keys(['airflow_tutorial_v01']) retrieved from /Users/harry/rugby_data_project_airflow/airflow/dags/Untitled.py
[2021-05-15 19:03:22,864] {logging_mixin.py:104} INFO - [2021-05-15 19:03:22,864] {dag.py:1824} INFO - Sync 1 DAGs
[2021-05-15 19:03:22,871] {logging_mixin.py:104} INFO - [2021-05-15 19:03:22,871] {dag.py:2280} INFO - Setting next_dagrun for airflow_tutorial_v01 to 2017-06-19T11:00:00+00:00
[2021-05-15 19:03:22,877] {scheduler_job.py:190} INFO - Processing /Users/harry/rugby_data_project_airflow/airflow/dags/Untitled.py took 0.048 seconds
[2021-05-15 19:07:04,979] {scheduler_job.py:182} INFO - Started process (PID=60034) to work on /Users/harry/rugby_data_project_airflow/airflow/dags/Untitled.py
[2021-05-15 19:07:04,980] {scheduler_job.py:629} INFO - Processing file /Users/harry/rugby_data_project_airflow/airflow/dags/Untitled.py for tasks to queue
[2021-05-15 19:07:04,981] {logging_mixin.py:104} INFO - [2021-05-15 19:07:04,981] {dagbag.py:451} INFO - Filling up the DagBag from /Users/harry/rugby_data_project_airflow/airflow/dags/Untitled.py
[2021-05-15 19:07:04,987] {scheduler_job.py:639} INFO - DAG(s) dict_keys(['airflow_tutorial_v01']) retrieved from /Users/harry/rugby_data_project_airflow/airflow/dags/Untitled.py
[2021-05-15 19:07:05,010] {logging_mixin.py:104} INFO - [2021-05-15 19:07:05,010] {dag.py:1824} INFO - Sync 1 DAGs
[2021-05-15 19:07:05,018] {logging_mixin.py:104} INFO - [2021-05-15 19:07:05,017] {dag.py:2280} INFO - Setting next_dagrun for airflow_tutorial_v01 to 2017-06-20T11:00:00+00:00
[2021-05-15 19:07:05,023] {scheduler_job.py:190} INFO - Processing /Users/harry/rugby_data_project_airflow/airflow/dags/Untitled.py took 0.044 seconds
[2021-05-15 19:10:41,396] {scheduler_job.py:182} INFO - Started process (PID=61826) to work on /Users/harry/rugby_data_project_airflow/airflow/dags/Untitled.py
[2021-05-15 19:10:41,398] {scheduler_job.py:629} INFO - Processing file /Users/harry/rugby_data_project_airflow/airflow/dags/Untitled.py for tasks to queue
[2021-05-15 19:10:41,399] {logging_mixin.py:104} INFO - [2021-05-15 19:10:41,399] {dagbag.py:451} INFO - Filling up the DagBag from /Users/harry/rugby_data_project_airflow/airflow/dags/Untitled.py
[2021-05-15 19:10:41,406] {scheduler_job.py:639} INFO - DAG(s) dict_keys(['airflow_tutorial_v01']) retrieved from /Users/harry/rugby_data_project_airflow/airflow/dags/Untitled.py
[2021-05-15 19:10:41,430] {logging_mixin.py:104} INFO - [2021-05-15 19:10:41,430] {dag.py:1824} INFO - Sync 1 DAGs
[2021-05-15 19:10:41,438] {logging_mixin.py:104} INFO - [2021-05-15 19:10:41,438] {dag.py:2280} INFO - Setting next_dagrun for airflow_tutorial_v01 to 2017-06-21T11:00:00+00:00
[2021-05-15 19:10:41,443] {scheduler_job.py:190} INFO - Processing /Users/harry/rugby_data_project_airflow/airflow/dags/Untitled.py took 0.047 seconds
[2021-05-15 19:44:39,086] {scheduler_job.py:182} INFO - Started process (PID=63433) to work on /Users/harry/rugby_data_project_airflow/airflow/dags/Untitled.py
[2021-05-15 19:44:39,089] {scheduler_job.py:629} INFO - Processing file /Users/harry/rugby_data_project_airflow/airflow/dags/Untitled.py for tasks to queue
[2021-05-15 19:44:39,092] {logging_mixin.py:104} INFO - [2021-05-15 19:44:39,092] {dagbag.py:451} INFO - Filling up the DagBag from /Users/harry/rugby_data_project_airflow/airflow/dags/Untitled.py
[2021-05-15 19:44:39,175] {scheduler_job.py:639} INFO - DAG(s) dict_keys(['airflow_tutorial_v01']) retrieved from /Users/harry/rugby_data_project_airflow/airflow/dags/Untitled.py
[2021-05-15 19:44:39,417] {logging_mixin.py:104} INFO - [2021-05-15 19:44:39,416] {dag.py:1824} INFO - Sync 1 DAGs
[2021-05-15 19:44:39,511] {logging_mixin.py:104} INFO - [2021-05-15 19:44:39,510] {dag.py:2280} INFO - Setting next_dagrun for airflow_tutorial_v01 to 2017-06-22T08:00:00+00:00
[2021-05-15 19:44:39,556] {scheduler_job.py:190} INFO - Processing /Users/harry/rugby_data_project_airflow/airflow/dags/Untitled.py took 0.474 seconds
[2021-05-15 20:26:07,040] {scheduler_job.py:182} INFO - Started process (PID=65377) to work on /Users/harry/rugby_data_project_airflow/airflow/dags/Untitled.py
[2021-05-15 20:26:07,041] {scheduler_job.py:629} INFO - Processing file /Users/harry/rugby_data_project_airflow/airflow/dags/Untitled.py for tasks to queue
[2021-05-15 20:26:07,042] {logging_mixin.py:104} INFO - [2021-05-15 20:26:07,042] {dagbag.py:451} INFO - Filling up the DagBag from /Users/harry/rugby_data_project_airflow/airflow/dags/Untitled.py
[2021-05-15 20:26:07,049] {scheduler_job.py:639} INFO - DAG(s) dict_keys(['airflow_tutorial_v01']) retrieved from /Users/harry/rugby_data_project_airflow/airflow/dags/Untitled.py
[2021-05-15 20:26:07,073] {logging_mixin.py:104} INFO - [2021-05-15 20:26:07,073] {dag.py:1824} INFO - Sync 1 DAGs
[2021-05-15 20:26:07,081] {logging_mixin.py:104} INFO - [2021-05-15 20:26:07,081] {dag.py:2280} INFO - Setting next_dagrun for airflow_tutorial_v01 to 2017-06-23T05:00:00+00:00
[2021-05-15 20:26:07,086] {scheduler_job.py:190} INFO - Processing /Users/harry/rugby_data_project_airflow/airflow/dags/Untitled.py took 0.047 seconds
[2021-05-15 20:30:06,640] {scheduler_job.py:182} INFO - Started process (PID=67302) to work on /Users/harry/rugby_data_project_airflow/airflow/dags/Untitled.py
[2021-05-15 20:30:06,641] {scheduler_job.py:629} INFO - Processing file /Users/harry/rugby_data_project_airflow/airflow/dags/Untitled.py for tasks to queue
[2021-05-15 20:30:06,641] {logging_mixin.py:104} INFO - [2021-05-15 20:30:06,641] {dagbag.py:451} INFO - Filling up the DagBag from /Users/harry/rugby_data_project_airflow/airflow/dags/Untitled.py
[2021-05-15 20:30:06,648] {scheduler_job.py:639} INFO - DAG(s) dict_keys(['airflow_tutorial_v01']) retrieved from /Users/harry/rugby_data_project_airflow/airflow/dags/Untitled.py
[2021-05-15 20:30:06,670] {logging_mixin.py:104} INFO - [2021-05-15 20:30:06,670] {dag.py:1824} INFO - Sync 1 DAGs
[2021-05-15 20:30:06,678] {logging_mixin.py:104} INFO - [2021-05-15 20:30:06,677] {dag.py:2280} INFO - Setting next_dagrun for airflow_tutorial_v01 to 2017-06-24T08:00:00+00:00
[2021-05-15 20:30:06,683] {scheduler_job.py:190} INFO - Processing /Users/harry/rugby_data_project_airflow/airflow/dags/Untitled.py took 0.043 seconds
[2021-05-15 20:33:49,063] {scheduler_job.py:182} INFO - Started process (PID=69118) to work on /Users/harry/rugby_data_project_airflow/airflow/dags/Untitled.py
[2021-05-15 20:33:49,064] {scheduler_job.py:629} INFO - Processing file /Users/harry/rugby_data_project_airflow/airflow/dags/Untitled.py for tasks to queue
[2021-05-15 20:33:49,065] {logging_mixin.py:104} INFO - [2021-05-15 20:33:49,065] {dagbag.py:451} INFO - Filling up the DagBag from /Users/harry/rugby_data_project_airflow/airflow/dags/Untitled.py
[2021-05-15 20:33:49,072] {scheduler_job.py:639} INFO - DAG(s) dict_keys(['airflow_tutorial_v01']) retrieved from /Users/harry/rugby_data_project_airflow/airflow/dags/Untitled.py
[2021-05-15 20:33:49,095] {logging_mixin.py:104} INFO - [2021-05-15 20:33:49,095] {dag.py:1824} INFO - Sync 1 DAGs
[2021-05-15 20:33:49,103] {logging_mixin.py:104} INFO - [2021-05-15 20:33:49,103] {dag.py:2280} INFO - Setting next_dagrun for airflow_tutorial_v01 to 2017-06-25T08:00:00+00:00
[2021-05-15 20:33:49,108] {scheduler_job.py:190} INFO - Processing /Users/harry/rugby_data_project_airflow/airflow/dags/Untitled.py took 0.046 seconds
[2021-05-15 20:48:22,757] {scheduler_job.py:182} INFO - Started process (PID=71040) to work on /Users/harry/rugby_data_project_airflow/airflow/dags/Untitled.py
[2021-05-15 20:48:22,759] {scheduler_job.py:629} INFO - Processing file /Users/harry/rugby_data_project_airflow/airflow/dags/Untitled.py for tasks to queue
[2021-05-15 20:48:22,759] {logging_mixin.py:104} INFO - [2021-05-15 20:48:22,759] {dagbag.py:451} INFO - Filling up the DagBag from /Users/harry/rugby_data_project_airflow/airflow/dags/Untitled.py
[2021-05-15 20:48:22,767] {scheduler_job.py:639} INFO - DAG(s) dict_keys(['airflow_tutorial_v01']) retrieved from /Users/harry/rugby_data_project_airflow/airflow/dags/Untitled.py
[2021-05-15 20:48:22,791] {logging_mixin.py:104} INFO - [2021-05-15 20:48:22,791] {dag.py:1824} INFO - Sync 1 DAGs
[2021-05-15 20:48:22,799] {logging_mixin.py:104} INFO - [2021-05-15 20:48:22,799] {dag.py:2280} INFO - Setting next_dagrun for airflow_tutorial_v01 to 2017-06-26T08:00:00+00:00
[2021-05-15 20:48:22,804] {scheduler_job.py:190} INFO - Processing /Users/harry/rugby_data_project_airflow/airflow/dags/Untitled.py took 0.047 seconds
[2021-05-15 20:52:05,828] {scheduler_job.py:182} INFO - Started process (PID=72934) to work on /Users/harry/rugby_data_project_airflow/airflow/dags/Untitled.py
[2021-05-15 20:52:05,829] {scheduler_job.py:629} INFO - Processing file /Users/harry/rugby_data_project_airflow/airflow/dags/Untitled.py for tasks to queue
[2021-05-15 20:52:05,830] {logging_mixin.py:104} INFO - [2021-05-15 20:52:05,830] {dagbag.py:451} INFO - Filling up the DagBag from /Users/harry/rugby_data_project_airflow/airflow/dags/Untitled.py
[2021-05-15 20:52:05,838] {scheduler_job.py:639} INFO - DAG(s) dict_keys(['airflow_tutorial_v01']) retrieved from /Users/harry/rugby_data_project_airflow/airflow/dags/Untitled.py
[2021-05-15 20:52:05,863] {logging_mixin.py:104} INFO - [2021-05-15 20:52:05,863] {dag.py:1824} INFO - Sync 1 DAGs
[2021-05-15 20:52:05,871] {logging_mixin.py:104} INFO - [2021-05-15 20:52:05,871] {dag.py:2280} INFO - Setting next_dagrun for airflow_tutorial_v01 to 2017-06-27T08:00:00+00:00
[2021-05-15 20:52:05,876] {scheduler_job.py:190} INFO - Processing /Users/harry/rugby_data_project_airflow/airflow/dags/Untitled.py took 0.049 seconds
[2021-05-15 20:55:49,710] {scheduler_job.py:182} INFO - Started process (PID=74807) to work on /Users/harry/rugby_data_project_airflow/airflow/dags/Untitled.py
[2021-05-15 20:55:49,711] {scheduler_job.py:629} INFO - Processing file /Users/harry/rugby_data_project_airflow/airflow/dags/Untitled.py for tasks to queue
[2021-05-15 20:55:49,711] {logging_mixin.py:104} INFO - [2021-05-15 20:55:49,711] {dagbag.py:451} INFO - Filling up the DagBag from /Users/harry/rugby_data_project_airflow/airflow/dags/Untitled.py
[2021-05-15 20:55:49,719] {scheduler_job.py:639} INFO - DAG(s) dict_keys(['airflow_tutorial_v01']) retrieved from /Users/harry/rugby_data_project_airflow/airflow/dags/Untitled.py
[2021-05-15 20:55:49,742] {logging_mixin.py:104} INFO - [2021-05-15 20:55:49,742] {dag.py:1824} INFO - Sync 1 DAGs
[2021-05-15 20:55:49,750] {logging_mixin.py:104} INFO - [2021-05-15 20:55:49,750] {dag.py:2280} INFO - Setting next_dagrun for airflow_tutorial_v01 to 2017-06-28T08:00:00+00:00
[2021-05-15 20:55:49,755] {scheduler_job.py:190} INFO - Processing /Users/harry/rugby_data_project_airflow/airflow/dags/Untitled.py took 0.046 seconds
[2021-05-15 20:59:28,542] {scheduler_job.py:182} INFO - Started process (PID=76668) to work on /Users/harry/rugby_data_project_airflow/airflow/dags/Untitled.py
[2021-05-15 20:59:28,544] {scheduler_job.py:629} INFO - Processing file /Users/harry/rugby_data_project_airflow/airflow/dags/Untitled.py for tasks to queue
[2021-05-15 20:59:28,544] {logging_mixin.py:104} INFO - [2021-05-15 20:59:28,544] {dagbag.py:451} INFO - Filling up the DagBag from /Users/harry/rugby_data_project_airflow/airflow/dags/Untitled.py
[2021-05-15 20:59:28,551] {scheduler_job.py:639} INFO - DAG(s) dict_keys(['airflow_tutorial_v01']) retrieved from /Users/harry/rugby_data_project_airflow/airflow/dags/Untitled.py
[2021-05-15 20:59:28,574] {logging_mixin.py:104} INFO - [2021-05-15 20:59:28,574] {dag.py:1824} INFO - Sync 1 DAGs
[2021-05-15 20:59:28,581] {logging_mixin.py:104} INFO - [2021-05-15 20:59:28,581] {dag.py:2280} INFO - Setting next_dagrun for airflow_tutorial_v01 to 2017-06-29T08:00:00+00:00
[2021-05-15 20:59:28,586] {scheduler_job.py:190} INFO - Processing /Users/harry/rugby_data_project_airflow/airflow/dags/Untitled.py took 0.044 seconds
[2021-05-15 21:03:06,124] {scheduler_job.py:182} INFO - Started process (PID=78529) to work on /Users/harry/rugby_data_project_airflow/airflow/dags/Untitled.py
[2021-05-15 21:03:06,126] {scheduler_job.py:629} INFO - Processing file /Users/harry/rugby_data_project_airflow/airflow/dags/Untitled.py for tasks to queue
[2021-05-15 21:03:06,126] {logging_mixin.py:104} INFO - [2021-05-15 21:03:06,126] {dagbag.py:451} INFO - Filling up the DagBag from /Users/harry/rugby_data_project_airflow/airflow/dags/Untitled.py
[2021-05-15 21:03:06,133] {scheduler_job.py:639} INFO - DAG(s) dict_keys(['airflow_tutorial_v01']) retrieved from /Users/harry/rugby_data_project_airflow/airflow/dags/Untitled.py
[2021-05-15 21:03:06,155] {logging_mixin.py:104} INFO - [2021-05-15 21:03:06,155] {dag.py:1824} INFO - Sync 1 DAGs
[2021-05-15 21:03:06,163] {logging_mixin.py:104} INFO - [2021-05-15 21:03:06,163] {dag.py:2280} INFO - Setting next_dagrun for airflow_tutorial_v01 to 2017-06-30T08:00:00+00:00
[2021-05-15 21:03:06,168] {scheduler_job.py:190} INFO - Processing /Users/harry/rugby_data_project_airflow/airflow/dags/Untitled.py took 0.044 seconds
[2021-05-15 21:06:43,303] {scheduler_job.py:182} INFO - Started process (PID=80293) to work on /Users/harry/rugby_data_project_airflow/airflow/dags/Untitled.py
[2021-05-15 21:06:43,303] {scheduler_job.py:629} INFO - Processing file /Users/harry/rugby_data_project_airflow/airflow/dags/Untitled.py for tasks to queue
[2021-05-15 21:06:43,304] {logging_mixin.py:104} INFO - [2021-05-15 21:06:43,304] {dagbag.py:451} INFO - Filling up the DagBag from /Users/harry/rugby_data_project_airflow/airflow/dags/Untitled.py
[2021-05-15 21:06:43,310] {scheduler_job.py:639} INFO - DAG(s) dict_keys(['airflow_tutorial_v01']) retrieved from /Users/harry/rugby_data_project_airflow/airflow/dags/Untitled.py
[2021-05-15 21:06:43,332] {logging_mixin.py:104} INFO - [2021-05-15 21:06:43,332] {dag.py:1824} INFO - Sync 1 DAGs
[2021-05-15 21:06:43,340] {logging_mixin.py:104} INFO - [2021-05-15 21:06:43,340] {dag.py:2280} INFO - Setting next_dagrun for airflow_tutorial_v01 to 2017-07-01T08:00:00+00:00
[2021-05-15 21:06:43,346] {scheduler_job.py:190} INFO - Processing /Users/harry/rugby_data_project_airflow/airflow/dags/Untitled.py took 0.043 seconds
[2021-05-15 21:10:20,270] {scheduler_job.py:182} INFO - Started process (PID=82047) to work on /Users/harry/rugby_data_project_airflow/airflow/dags/Untitled.py
[2021-05-15 21:10:20,271] {scheduler_job.py:629} INFO - Processing file /Users/harry/rugby_data_project_airflow/airflow/dags/Untitled.py for tasks to queue
[2021-05-15 21:10:20,272] {logging_mixin.py:104} INFO - [2021-05-15 21:10:20,272] {dagbag.py:451} INFO - Filling up the DagBag from /Users/harry/rugby_data_project_airflow/airflow/dags/Untitled.py
[2021-05-15 21:10:20,279] {scheduler_job.py:639} INFO - DAG(s) dict_keys(['airflow_tutorial_v01']) retrieved from /Users/harry/rugby_data_project_airflow/airflow/dags/Untitled.py
[2021-05-15 21:10:20,303] {logging_mixin.py:104} INFO - [2021-05-15 21:10:20,303] {dag.py:1824} INFO - Sync 1 DAGs
[2021-05-15 21:10:20,310] {logging_mixin.py:104} INFO - [2021-05-15 21:10:20,310] {dag.py:2280} INFO - Setting next_dagrun for airflow_tutorial_v01 to 2017-07-02T08:00:00+00:00
[2021-05-15 21:10:20,316] {scheduler_job.py:190} INFO - Processing /Users/harry/rugby_data_project_airflow/airflow/dags/Untitled.py took 0.046 seconds
[2021-05-15 21:13:57,362] {scheduler_job.py:182} INFO - Started process (PID=83958) to work on /Users/harry/rugby_data_project_airflow/airflow/dags/Untitled.py
[2021-05-15 21:13:57,363] {scheduler_job.py:629} INFO - Processing file /Users/harry/rugby_data_project_airflow/airflow/dags/Untitled.py for tasks to queue
[2021-05-15 21:13:57,364] {logging_mixin.py:104} INFO - [2021-05-15 21:13:57,364] {dagbag.py:451} INFO - Filling up the DagBag from /Users/harry/rugby_data_project_airflow/airflow/dags/Untitled.py
[2021-05-15 21:13:57,372] {scheduler_job.py:639} INFO - DAG(s) dict_keys(['airflow_tutorial_v01']) retrieved from /Users/harry/rugby_data_project_airflow/airflow/dags/Untitled.py
[2021-05-15 21:13:57,395] {logging_mixin.py:104} INFO - [2021-05-15 21:13:57,395] {dag.py:1824} INFO - Sync 1 DAGs
[2021-05-15 21:13:57,402] {logging_mixin.py:104} INFO - [2021-05-15 21:13:57,402] {dag.py:2280} INFO - Setting next_dagrun for airflow_tutorial_v01 to 2017-07-03T08:00:00+00:00
[2021-05-15 21:13:57,407] {scheduler_job.py:190} INFO - Processing /Users/harry/rugby_data_project_airflow/airflow/dags/Untitled.py took 0.046 seconds
[2021-05-15 21:17:35,347] {scheduler_job.py:182} INFO - Started process (PID=85747) to work on /Users/harry/rugby_data_project_airflow/airflow/dags/Untitled.py
[2021-05-15 21:17:35,348] {scheduler_job.py:629} INFO - Processing file /Users/harry/rugby_data_project_airflow/airflow/dags/Untitled.py for tasks to queue
[2021-05-15 21:17:35,348] {logging_mixin.py:104} INFO - [2021-05-15 21:17:35,348] {dagbag.py:451} INFO - Filling up the DagBag from /Users/harry/rugby_data_project_airflow/airflow/dags/Untitled.py
[2021-05-15 21:17:35,355] {scheduler_job.py:639} INFO - DAG(s) dict_keys(['airflow_tutorial_v01']) retrieved from /Users/harry/rugby_data_project_airflow/airflow/dags/Untitled.py
[2021-05-15 21:17:35,378] {logging_mixin.py:104} INFO - [2021-05-15 21:17:35,377] {dag.py:1824} INFO - Sync 1 DAGs
[2021-05-15 21:17:35,385] {logging_mixin.py:104} INFO - [2021-05-15 21:17:35,385] {dag.py:2280} INFO - Setting next_dagrun for airflow_tutorial_v01 to 2017-07-04T08:00:00+00:00
[2021-05-15 21:17:35,392] {scheduler_job.py:190} INFO - Processing /Users/harry/rugby_data_project_airflow/airflow/dags/Untitled.py took 0.046 seconds
[2021-05-15 21:21:10,977] {scheduler_job.py:182} INFO - Started process (PID=87509) to work on /Users/harry/rugby_data_project_airflow/airflow/dags/Untitled.py
[2021-05-15 21:21:10,978] {scheduler_job.py:629} INFO - Processing file /Users/harry/rugby_data_project_airflow/airflow/dags/Untitled.py for tasks to queue
[2021-05-15 21:21:10,979] {logging_mixin.py:104} INFO - [2021-05-15 21:21:10,979] {dagbag.py:451} INFO - Filling up the DagBag from /Users/harry/rugby_data_project_airflow/airflow/dags/Untitled.py
[2021-05-15 21:21:10,986] {scheduler_job.py:639} INFO - DAG(s) dict_keys(['airflow_tutorial_v01']) retrieved from /Users/harry/rugby_data_project_airflow/airflow/dags/Untitled.py
[2021-05-15 21:21:11,009] {logging_mixin.py:104} INFO - [2021-05-15 21:21:11,009] {dag.py:1824} INFO - Sync 1 DAGs
[2021-05-15 21:21:11,016] {logging_mixin.py:104} INFO - [2021-05-15 21:21:11,016] {dag.py:2280} INFO - Setting next_dagrun for airflow_tutorial_v01 to 2017-07-05T08:00:00+00:00
[2021-05-15 21:21:11,021] {scheduler_job.py:190} INFO - Processing /Users/harry/rugby_data_project_airflow/airflow/dags/Untitled.py took 0.045 seconds
[2021-05-15 21:24:48,242] {scheduler_job.py:182} INFO - Started process (PID=89375) to work on /Users/harry/rugby_data_project_airflow/airflow/dags/Untitled.py
[2021-05-15 21:24:48,243] {scheduler_job.py:629} INFO - Processing file /Users/harry/rugby_data_project_airflow/airflow/dags/Untitled.py for tasks to queue
[2021-05-15 21:24:48,243] {logging_mixin.py:104} INFO - [2021-05-15 21:24:48,243] {dagbag.py:451} INFO - Filling up the DagBag from /Users/harry/rugby_data_project_airflow/airflow/dags/Untitled.py
[2021-05-15 21:24:48,250] {scheduler_job.py:639} INFO - DAG(s) dict_keys(['airflow_tutorial_v01']) retrieved from /Users/harry/rugby_data_project_airflow/airflow/dags/Untitled.py
[2021-05-15 21:24:48,273] {logging_mixin.py:104} INFO - [2021-05-15 21:24:48,273] {dag.py:1824} INFO - Sync 1 DAGs
[2021-05-15 21:24:48,281] {logging_mixin.py:104} INFO - [2021-05-15 21:24:48,281] {dag.py:2280} INFO - Setting next_dagrun for airflow_tutorial_v01 to 2017-07-06T08:00:00+00:00
[2021-05-15 21:24:48,286] {scheduler_job.py:190} INFO - Processing /Users/harry/rugby_data_project_airflow/airflow/dags/Untitled.py took 0.044 seconds
[2021-05-15 21:28:24,825] {scheduler_job.py:182} INFO - Started process (PID=91176) to work on /Users/harry/rugby_data_project_airflow/airflow/dags/Untitled.py
[2021-05-15 21:28:24,825] {scheduler_job.py:629} INFO - Processing file /Users/harry/rugby_data_project_airflow/airflow/dags/Untitled.py for tasks to queue
[2021-05-15 21:28:24,826] {logging_mixin.py:104} INFO - [2021-05-15 21:28:24,826] {dagbag.py:451} INFO - Filling up the DagBag from /Users/harry/rugby_data_project_airflow/airflow/dags/Untitled.py
[2021-05-15 21:28:24,832] {scheduler_job.py:639} INFO - DAG(s) dict_keys(['airflow_tutorial_v01']) retrieved from /Users/harry/rugby_data_project_airflow/airflow/dags/Untitled.py
[2021-05-15 21:28:24,854] {logging_mixin.py:104} INFO - [2021-05-15 21:28:24,854] {dag.py:1824} INFO - Sync 1 DAGs
[2021-05-15 21:28:24,862] {logging_mixin.py:104} INFO - [2021-05-15 21:28:24,862] {dag.py:2280} INFO - Setting next_dagrun for airflow_tutorial_v01 to 2017-07-07T08:00:00+00:00
[2021-05-15 21:28:24,867] {scheduler_job.py:190} INFO - Processing /Users/harry/rugby_data_project_airflow/airflow/dags/Untitled.py took 0.042 seconds
[2021-05-15 21:32:01,834] {scheduler_job.py:182} INFO - Started process (PID=93037) to work on /Users/harry/rugby_data_project_airflow/airflow/dags/Untitled.py
[2021-05-15 21:32:01,835] {scheduler_job.py:629} INFO - Processing file /Users/harry/rugby_data_project_airflow/airflow/dags/Untitled.py for tasks to queue
[2021-05-15 21:32:01,835] {logging_mixin.py:104} INFO - [2021-05-15 21:32:01,835] {dagbag.py:451} INFO - Filling up the DagBag from /Users/harry/rugby_data_project_airflow/airflow/dags/Untitled.py
[2021-05-15 21:32:01,843] {scheduler_job.py:639} INFO - DAG(s) dict_keys(['airflow_tutorial_v01']) retrieved from /Users/harry/rugby_data_project_airflow/airflow/dags/Untitled.py
[2021-05-15 21:32:01,866] {logging_mixin.py:104} INFO - [2021-05-15 21:32:01,866] {dag.py:1824} INFO - Sync 1 DAGs
[2021-05-15 21:32:01,873] {logging_mixin.py:104} INFO - [2021-05-15 21:32:01,873] {dag.py:2280} INFO - Setting next_dagrun for airflow_tutorial_v01 to 2017-07-08T08:00:00+00:00
[2021-05-15 21:32:01,878] {scheduler_job.py:190} INFO - Processing /Users/harry/rugby_data_project_airflow/airflow/dags/Untitled.py took 0.045 seconds
[2021-05-15 21:35:51,022] {scheduler_job.py:182} INFO - Started process (PID=94978) to work on /Users/harry/rugby_data_project_airflow/airflow/dags/Untitled.py
[2021-05-15 21:35:51,023] {scheduler_job.py:629} INFO - Processing file /Users/harry/rugby_data_project_airflow/airflow/dags/Untitled.py for tasks to queue
[2021-05-15 21:35:51,024] {logging_mixin.py:104} INFO - [2021-05-15 21:35:51,024] {dagbag.py:451} INFO - Filling up the DagBag from /Users/harry/rugby_data_project_airflow/airflow/dags/Untitled.py
[2021-05-15 21:35:51,030] {scheduler_job.py:639} INFO - DAG(s) dict_keys(['airflow_tutorial_v01']) retrieved from /Users/harry/rugby_data_project_airflow/airflow/dags/Untitled.py
[2021-05-15 21:35:51,053] {logging_mixin.py:104} INFO - [2021-05-15 21:35:51,053] {dag.py:1824} INFO - Sync 1 DAGs
[2021-05-15 21:35:51,060] {logging_mixin.py:104} INFO - [2021-05-15 21:35:51,060] {dag.py:2280} INFO - Setting next_dagrun for airflow_tutorial_v01 to 2017-07-09T08:00:00+00:00
[2021-05-15 21:35:51,066] {scheduler_job.py:190} INFO - Processing /Users/harry/rugby_data_project_airflow/airflow/dags/Untitled.py took 0.044 seconds
[2021-05-15 21:39:25,331] {scheduler_job.py:182} INFO - Started process (PID=96712) to work on /Users/harry/rugby_data_project_airflow/airflow/dags/Untitled.py
[2021-05-15 21:39:25,333] {scheduler_job.py:629} INFO - Processing file /Users/harry/rugby_data_project_airflow/airflow/dags/Untitled.py for tasks to queue
[2021-05-15 21:39:25,334] {logging_mixin.py:104} INFO - [2021-05-15 21:39:25,333] {dagbag.py:451} INFO - Filling up the DagBag from /Users/harry/rugby_data_project_airflow/airflow/dags/Untitled.py
[2021-05-15 21:39:25,346] {scheduler_job.py:639} INFO - DAG(s) dict_keys(['airflow_tutorial_v01']) retrieved from /Users/harry/rugby_data_project_airflow/airflow/dags/Untitled.py
[2021-05-15 21:39:25,372] {logging_mixin.py:104} INFO - [2021-05-15 21:39:25,372] {dag.py:1824} INFO - Sync 1 DAGs
[2021-05-15 21:39:25,380] {logging_mixin.py:104} INFO - [2021-05-15 21:39:25,380] {dag.py:2280} INFO - Setting next_dagrun for airflow_tutorial_v01 to 2017-07-10T08:00:00+00:00
[2021-05-15 21:39:25,386] {scheduler_job.py:190} INFO - Processing /Users/harry/rugby_data_project_airflow/airflow/dags/Untitled.py took 0.055 seconds
[2021-05-15 21:43:00,909] {scheduler_job.py:182} INFO - Started process (PID=98475) to work on /Users/harry/rugby_data_project_airflow/airflow/dags/Untitled.py
[2021-05-15 21:43:00,911] {scheduler_job.py:629} INFO - Processing file /Users/harry/rugby_data_project_airflow/airflow/dags/Untitled.py for tasks to queue
[2021-05-15 21:43:00,912] {logging_mixin.py:104} INFO - [2021-05-15 21:43:00,912] {dagbag.py:451} INFO - Filling up the DagBag from /Users/harry/rugby_data_project_airflow/airflow/dags/Untitled.py
[2021-05-15 21:43:00,923] {scheduler_job.py:639} INFO - DAG(s) dict_keys(['airflow_tutorial_v01']) retrieved from /Users/harry/rugby_data_project_airflow/airflow/dags/Untitled.py
[2021-05-15 21:43:00,952] {logging_mixin.py:104} INFO - [2021-05-15 21:43:00,952] {dag.py:1824} INFO - Sync 1 DAGs
[2021-05-15 21:43:00,960] {logging_mixin.py:104} INFO - [2021-05-15 21:43:00,960] {dag.py:2280} INFO - Setting next_dagrun for airflow_tutorial_v01 to 2017-07-11T08:00:00+00:00
[2021-05-15 21:43:00,966] {scheduler_job.py:190} INFO - Processing /Users/harry/rugby_data_project_airflow/airflow/dags/Untitled.py took 0.057 seconds
[2021-05-15 21:46:40,059] {scheduler_job.py:182} INFO - Started process (PID=616) to work on /Users/harry/rugby_data_project_airflow/airflow/dags/Untitled.py
[2021-05-15 21:46:40,060] {scheduler_job.py:629} INFO - Processing file /Users/harry/rugby_data_project_airflow/airflow/dags/Untitled.py for tasks to queue
[2021-05-15 21:46:40,061] {logging_mixin.py:104} INFO - [2021-05-15 21:46:40,061] {dagbag.py:451} INFO - Filling up the DagBag from /Users/harry/rugby_data_project_airflow/airflow/dags/Untitled.py
[2021-05-15 21:46:40,068] {scheduler_job.py:639} INFO - DAG(s) dict_keys(['airflow_tutorial_v01']) retrieved from /Users/harry/rugby_data_project_airflow/airflow/dags/Untitled.py
[2021-05-15 21:46:40,094] {logging_mixin.py:104} INFO - [2021-05-15 21:46:40,093] {dag.py:1824} INFO - Sync 1 DAGs
[2021-05-15 21:46:40,101] {logging_mixin.py:104} INFO - [2021-05-15 21:46:40,101] {dag.py:2280} INFO - Setting next_dagrun for airflow_tutorial_v01 to 2017-07-12T08:00:00+00:00
[2021-05-15 21:46:40,106] {scheduler_job.py:190} INFO - Processing /Users/harry/rugby_data_project_airflow/airflow/dags/Untitled.py took 0.048 seconds
[2021-05-15 21:50:18,649] {scheduler_job.py:182} INFO - Started process (PID=2523) to work on /Users/harry/rugby_data_project_airflow/airflow/dags/Untitled.py
[2021-05-15 21:50:18,650] {scheduler_job.py:629} INFO - Processing file /Users/harry/rugby_data_project_airflow/airflow/dags/Untitled.py for tasks to queue
[2021-05-15 21:50:18,650] {logging_mixin.py:104} INFO - [2021-05-15 21:50:18,650] {dagbag.py:451} INFO - Filling up the DagBag from /Users/harry/rugby_data_project_airflow/airflow/dags/Untitled.py
[2021-05-15 21:50:18,657] {scheduler_job.py:639} INFO - DAG(s) dict_keys(['airflow_tutorial_v01']) retrieved from /Users/harry/rugby_data_project_airflow/airflow/dags/Untitled.py
[2021-05-15 21:50:18,680] {logging_mixin.py:104} INFO - [2021-05-15 21:50:18,680] {dag.py:1824} INFO - Sync 1 DAGs
[2021-05-15 21:50:18,687] {logging_mixin.py:104} INFO - [2021-05-15 21:50:18,687] {dag.py:2280} INFO - Setting next_dagrun for airflow_tutorial_v01 to 2017-07-13T08:00:00+00:00
[2021-05-15 21:50:18,692] {scheduler_job.py:190} INFO - Processing /Users/harry/rugby_data_project_airflow/airflow/dags/Untitled.py took 0.043 seconds
[2021-05-15 21:54:00,187] {scheduler_job.py:182} INFO - Started process (PID=4389) to work on /Users/harry/rugby_data_project_airflow/airflow/dags/Untitled.py
[2021-05-15 21:54:00,188] {scheduler_job.py:629} INFO - Processing file /Users/harry/rugby_data_project_airflow/airflow/dags/Untitled.py for tasks to queue
[2021-05-15 21:54:00,189] {logging_mixin.py:104} INFO - [2021-05-15 21:54:00,189] {dagbag.py:451} INFO - Filling up the DagBag from /Users/harry/rugby_data_project_airflow/airflow/dags/Untitled.py
[2021-05-15 21:54:00,196] {scheduler_job.py:639} INFO - DAG(s) dict_keys(['airflow_tutorial_v01']) retrieved from /Users/harry/rugby_data_project_airflow/airflow/dags/Untitled.py
[2021-05-15 21:54:00,221] {logging_mixin.py:104} INFO - [2021-05-15 21:54:00,221] {dag.py:1824} INFO - Sync 1 DAGs
[2021-05-15 21:54:00,229] {logging_mixin.py:104} INFO - [2021-05-15 21:54:00,229] {dag.py:2280} INFO - Setting next_dagrun for airflow_tutorial_v01 to 2017-07-14T08:00:00+00:00
[2021-05-15 21:54:00,234] {scheduler_job.py:190} INFO - Processing /Users/harry/rugby_data_project_airflow/airflow/dags/Untitled.py took 0.047 seconds
[2021-05-15 21:57:40,780] {scheduler_job.py:182} INFO - Started process (PID=6195) to work on /Users/harry/rugby_data_project_airflow/airflow/dags/Untitled.py
[2021-05-15 21:57:40,781] {scheduler_job.py:629} INFO - Processing file /Users/harry/rugby_data_project_airflow/airflow/dags/Untitled.py for tasks to queue
[2021-05-15 21:57:40,782] {logging_mixin.py:104} INFO - [2021-05-15 21:57:40,781] {dagbag.py:451} INFO - Filling up the DagBag from /Users/harry/rugby_data_project_airflow/airflow/dags/Untitled.py
[2021-05-15 21:57:40,793] {scheduler_job.py:639} INFO - DAG(s) dict_keys(['airflow_tutorial_v01']) retrieved from /Users/harry/rugby_data_project_airflow/airflow/dags/Untitled.py
[2021-05-15 21:57:40,823] {logging_mixin.py:104} INFO - [2021-05-15 21:57:40,823] {dag.py:1824} INFO - Sync 1 DAGs
[2021-05-15 21:57:40,831] {logging_mixin.py:104} INFO - [2021-05-15 21:57:40,831] {dag.py:2280} INFO - Setting next_dagrun for airflow_tutorial_v01 to 2017-07-15T08:00:00+00:00
[2021-05-15 21:57:40,838] {scheduler_job.py:190} INFO - Processing /Users/harry/rugby_data_project_airflow/airflow/dags/Untitled.py took 0.059 seconds
[2021-05-15 22:01:18,644] {scheduler_job.py:182} INFO - Started process (PID=8038) to work on /Users/harry/rugby_data_project_airflow/airflow/dags/Untitled.py
[2021-05-15 22:01:18,645] {scheduler_job.py:629} INFO - Processing file /Users/harry/rugby_data_project_airflow/airflow/dags/Untitled.py for tasks to queue
[2021-05-15 22:01:18,646] {logging_mixin.py:104} INFO - [2021-05-15 22:01:18,646] {dagbag.py:451} INFO - Filling up the DagBag from /Users/harry/rugby_data_project_airflow/airflow/dags/Untitled.py
[2021-05-15 22:01:18,653] {scheduler_job.py:639} INFO - DAG(s) dict_keys(['airflow_tutorial_v01']) retrieved from /Users/harry/rugby_data_project_airflow/airflow/dags/Untitled.py
[2021-05-15 22:01:18,677] {logging_mixin.py:104} INFO - [2021-05-15 22:01:18,677] {dag.py:1824} INFO - Sync 1 DAGs
[2021-05-15 22:01:18,684] {logging_mixin.py:104} INFO - [2021-05-15 22:01:18,684] {dag.py:2280} INFO - Setting next_dagrun for airflow_tutorial_v01 to 2017-07-16T08:00:00+00:00
[2021-05-15 22:01:18,689] {scheduler_job.py:190} INFO - Processing /Users/harry/rugby_data_project_airflow/airflow/dags/Untitled.py took 0.046 seconds
[2021-05-15 22:04:56,220] {scheduler_job.py:182} INFO - Started process (PID=9882) to work on /Users/harry/rugby_data_project_airflow/airflow/dags/Untitled.py
[2021-05-15 22:04:56,221] {scheduler_job.py:629} INFO - Processing file /Users/harry/rugby_data_project_airflow/airflow/dags/Untitled.py for tasks to queue
[2021-05-15 22:04:56,221] {logging_mixin.py:104} INFO - [2021-05-15 22:04:56,221] {dagbag.py:451} INFO - Filling up the DagBag from /Users/harry/rugby_data_project_airflow/airflow/dags/Untitled.py
[2021-05-15 22:04:56,227] {scheduler_job.py:639} INFO - DAG(s) dict_keys(['airflow_tutorial_v01']) retrieved from /Users/harry/rugby_data_project_airflow/airflow/dags/Untitled.py
[2021-05-15 22:04:56,250] {logging_mixin.py:104} INFO - [2021-05-15 22:04:56,250] {dag.py:1824} INFO - Sync 1 DAGs
[2021-05-15 22:04:56,257] {logging_mixin.py:104} INFO - [2021-05-15 22:04:56,257] {dag.py:2280} INFO - Setting next_dagrun for airflow_tutorial_v01 to 2017-07-17T08:00:00+00:00
[2021-05-15 22:04:56,262] {scheduler_job.py:190} INFO - Processing /Users/harry/rugby_data_project_airflow/airflow/dags/Untitled.py took 0.043 seconds
[2021-05-15 22:08:40,841] {scheduler_job.py:182} INFO - Started process (PID=11715) to work on /Users/harry/rugby_data_project_airflow/airflow/dags/Untitled.py
[2021-05-15 22:08:40,842] {scheduler_job.py:629} INFO - Processing file /Users/harry/rugby_data_project_airflow/airflow/dags/Untitled.py for tasks to queue
[2021-05-15 22:08:40,843] {logging_mixin.py:104} INFO - [2021-05-15 22:08:40,842] {dagbag.py:451} INFO - Filling up the DagBag from /Users/harry/rugby_data_project_airflow/airflow/dags/Untitled.py
[2021-05-15 22:08:40,850] {scheduler_job.py:639} INFO - DAG(s) dict_keys(['airflow_tutorial_v01']) retrieved from /Users/harry/rugby_data_project_airflow/airflow/dags/Untitled.py
[2021-05-15 22:08:40,876] {logging_mixin.py:104} INFO - [2021-05-15 22:08:40,876] {dag.py:1824} INFO - Sync 1 DAGs
[2021-05-15 22:08:40,884] {logging_mixin.py:104} INFO - [2021-05-15 22:08:40,884] {dag.py:2280} INFO - Setting next_dagrun for airflow_tutorial_v01 to 2017-07-18T08:00:00+00:00
[2021-05-15 22:08:40,888] {scheduler_job.py:190} INFO - Processing /Users/harry/rugby_data_project_airflow/airflow/dags/Untitled.py took 0.048 seconds
[2021-05-15 22:12:24,131] {scheduler_job.py:182} INFO - Started process (PID=13503) to work on /Users/harry/rugby_data_project_airflow/airflow/dags/Untitled.py
[2021-05-15 22:12:24,132] {scheduler_job.py:629} INFO - Processing file /Users/harry/rugby_data_project_airflow/airflow/dags/Untitled.py for tasks to queue
[2021-05-15 22:12:24,133] {logging_mixin.py:104} INFO - [2021-05-15 22:12:24,133] {dagbag.py:451} INFO - Filling up the DagBag from /Users/harry/rugby_data_project_airflow/airflow/dags/Untitled.py
[2021-05-15 22:12:24,141] {scheduler_job.py:639} INFO - DAG(s) dict_keys(['airflow_tutorial_v01']) retrieved from /Users/harry/rugby_data_project_airflow/airflow/dags/Untitled.py
[2021-05-15 22:12:24,165] {logging_mixin.py:104} INFO - [2021-05-15 22:12:24,165] {dag.py:1824} INFO - Sync 1 DAGs
[2021-05-15 22:12:24,174] {logging_mixin.py:104} INFO - [2021-05-15 22:12:24,174] {dag.py:2280} INFO - Setting next_dagrun for airflow_tutorial_v01 to 2017-07-19T08:00:00+00:00
[2021-05-15 22:12:24,179] {scheduler_job.py:190} INFO - Processing /Users/harry/rugby_data_project_airflow/airflow/dags/Untitled.py took 0.048 seconds
[2021-05-15 22:16:07,052] {scheduler_job.py:182} INFO - Started process (PID=15341) to work on /Users/harry/rugby_data_project_airflow/airflow/dags/Untitled.py
[2021-05-15 22:16:07,053] {scheduler_job.py:629} INFO - Processing file /Users/harry/rugby_data_project_airflow/airflow/dags/Untitled.py for tasks to queue
[2021-05-15 22:16:07,054] {logging_mixin.py:104} INFO - [2021-05-15 22:16:07,054] {dagbag.py:451} INFO - Filling up the DagBag from /Users/harry/rugby_data_project_airflow/airflow/dags/Untitled.py
[2021-05-15 22:16:07,060] {scheduler_job.py:639} INFO - DAG(s) dict_keys(['airflow_tutorial_v01']) retrieved from /Users/harry/rugby_data_project_airflow/airflow/dags/Untitled.py
[2021-05-15 22:16:07,083] {logging_mixin.py:104} INFO - [2021-05-15 22:16:07,083] {dag.py:1824} INFO - Sync 1 DAGs
[2021-05-15 22:16:07,092] {logging_mixin.py:104} INFO - [2021-05-15 22:16:07,092] {dag.py:2280} INFO - Setting next_dagrun for airflow_tutorial_v01 to 2017-07-20T08:00:00+00:00
[2021-05-15 22:16:07,097] {scheduler_job.py:190} INFO - Processing /Users/harry/rugby_data_project_airflow/airflow/dags/Untitled.py took 0.045 seconds
[2021-05-15 22:19:43,529] {scheduler_job.py:182} INFO - Started process (PID=17125) to work on /Users/harry/rugby_data_project_airflow/airflow/dags/Untitled.py
[2021-05-15 22:19:43,530] {scheduler_job.py:629} INFO - Processing file /Users/harry/rugby_data_project_airflow/airflow/dags/Untitled.py for tasks to queue
[2021-05-15 22:19:43,530] {logging_mixin.py:104} INFO - [2021-05-15 22:19:43,530] {dagbag.py:451} INFO - Filling up the DagBag from /Users/harry/rugby_data_project_airflow/airflow/dags/Untitled.py
[2021-05-15 22:19:43,537] {scheduler_job.py:639} INFO - DAG(s) dict_keys(['airflow_tutorial_v01']) retrieved from /Users/harry/rugby_data_project_airflow/airflow/dags/Untitled.py
[2021-05-15 22:19:43,560] {logging_mixin.py:104} INFO - [2021-05-15 22:19:43,559] {dag.py:1824} INFO - Sync 1 DAGs
[2021-05-15 22:19:43,567] {logging_mixin.py:104} INFO - [2021-05-15 22:19:43,567] {dag.py:2280} INFO - Setting next_dagrun for airflow_tutorial_v01 to 2017-07-21T08:00:00+00:00
[2021-05-15 22:19:43,573] {scheduler_job.py:190} INFO - Processing /Users/harry/rugby_data_project_airflow/airflow/dags/Untitled.py took 0.044 seconds
[2021-05-15 22:23:23,853] {scheduler_job.py:182} INFO - Started process (PID=19021) to work on /Users/harry/rugby_data_project_airflow/airflow/dags/Untitled.py
[2021-05-15 22:23:23,864] {scheduler_job.py:629} INFO - Processing file /Users/harry/rugby_data_project_airflow/airflow/dags/Untitled.py for tasks to queue
[2021-05-15 22:23:23,864] {logging_mixin.py:104} INFO - [2021-05-15 22:23:23,864] {dagbag.py:451} INFO - Filling up the DagBag from /Users/harry/rugby_data_project_airflow/airflow/dags/Untitled.py
[2021-05-15 22:23:23,873] {scheduler_job.py:639} INFO - DAG(s) dict_keys(['airflow_tutorial_v01']) retrieved from /Users/harry/rugby_data_project_airflow/airflow/dags/Untitled.py
[2021-05-15 22:23:23,908] {logging_mixin.py:104} INFO - [2021-05-15 22:23:23,908] {dag.py:1824} INFO - Sync 1 DAGs
[2021-05-15 22:23:23,922] {logging_mixin.py:104} INFO - [2021-05-15 22:23:23,922] {dag.py:2280} INFO - Setting next_dagrun for airflow_tutorial_v01 to 2017-07-22T08:00:00+00:00
[2021-05-15 22:23:23,929] {scheduler_job.py:190} INFO - Processing /Users/harry/rugby_data_project_airflow/airflow/dags/Untitled.py took 0.077 seconds
[2021-05-15 22:27:08,612] {scheduler_job.py:182} INFO - Started process (PID=20833) to work on /Users/harry/rugby_data_project_airflow/airflow/dags/Untitled.py
[2021-05-15 22:27:08,613] {scheduler_job.py:629} INFO - Processing file /Users/harry/rugby_data_project_airflow/airflow/dags/Untitled.py for tasks to queue
[2021-05-15 22:27:08,614] {logging_mixin.py:104} INFO - [2021-05-15 22:27:08,614] {dagbag.py:451} INFO - Filling up the DagBag from /Users/harry/rugby_data_project_airflow/airflow/dags/Untitled.py
[2021-05-15 22:27:08,620] {scheduler_job.py:639} INFO - DAG(s) dict_keys(['airflow_tutorial_v01']) retrieved from /Users/harry/rugby_data_project_airflow/airflow/dags/Untitled.py
[2021-05-15 22:27:08,645] {logging_mixin.py:104} INFO - [2021-05-15 22:27:08,645] {dag.py:1824} INFO - Sync 1 DAGs
[2021-05-15 22:27:08,653] {logging_mixin.py:104} INFO - [2021-05-15 22:27:08,653] {dag.py:2280} INFO - Setting next_dagrun for airflow_tutorial_v01 to 2017-07-23T08:00:00+00:00
[2021-05-15 22:27:08,659] {scheduler_job.py:190} INFO - Processing /Users/harry/rugby_data_project_airflow/airflow/dags/Untitled.py took 0.047 seconds
[2021-05-15 22:30:51,734] {scheduler_job.py:182} INFO - Started process (PID=22501) to work on /Users/harry/rugby_data_project_airflow/airflow/dags/Untitled.py
[2021-05-15 22:30:51,735] {scheduler_job.py:629} INFO - Processing file /Users/harry/rugby_data_project_airflow/airflow/dags/Untitled.py for tasks to queue
[2021-05-15 22:30:51,735] {logging_mixin.py:104} INFO - [2021-05-15 22:30:51,735] {dagbag.py:451} INFO - Filling up the DagBag from /Users/harry/rugby_data_project_airflow/airflow/dags/Untitled.py
[2021-05-15 22:30:51,742] {scheduler_job.py:639} INFO - DAG(s) dict_keys(['airflow_tutorial_v01']) retrieved from /Users/harry/rugby_data_project_airflow/airflow/dags/Untitled.py
[2021-05-15 22:30:51,766] {logging_mixin.py:104} INFO - [2021-05-15 22:30:51,766] {dag.py:1824} INFO - Sync 1 DAGs
[2021-05-15 22:30:51,774] {logging_mixin.py:104} INFO - [2021-05-15 22:30:51,774] {dag.py:2280} INFO - Setting next_dagrun for airflow_tutorial_v01 to 2017-07-24T08:00:00+00:00
[2021-05-15 22:30:51,779] {scheduler_job.py:190} INFO - Processing /Users/harry/rugby_data_project_airflow/airflow/dags/Untitled.py took 0.045 seconds
[2021-05-15 22:34:35,182] {scheduler_job.py:182} INFO - Started process (PID=24295) to work on /Users/harry/rugby_data_project_airflow/airflow/dags/Untitled.py
[2021-05-15 22:34:35,184] {scheduler_job.py:629} INFO - Processing file /Users/harry/rugby_data_project_airflow/airflow/dags/Untitled.py for tasks to queue
[2021-05-15 22:34:35,184] {logging_mixin.py:104} INFO - [2021-05-15 22:34:35,184] {dagbag.py:451} INFO - Filling up the DagBag from /Users/harry/rugby_data_project_airflow/airflow/dags/Untitled.py
[2021-05-15 22:34:35,191] {scheduler_job.py:639} INFO - DAG(s) dict_keys(['airflow_tutorial_v01']) retrieved from /Users/harry/rugby_data_project_airflow/airflow/dags/Untitled.py
[2021-05-15 22:34:35,218] {logging_mixin.py:104} INFO - [2021-05-15 22:34:35,218] {dag.py:1824} INFO - Sync 1 DAGs
[2021-05-15 22:34:35,227] {logging_mixin.py:104} INFO - [2021-05-15 22:34:35,226] {dag.py:2280} INFO - Setting next_dagrun for airflow_tutorial_v01 to 2017-07-25T08:00:00+00:00
[2021-05-15 22:34:35,232] {scheduler_job.py:190} INFO - Processing /Users/harry/rugby_data_project_airflow/airflow/dags/Untitled.py took 0.050 seconds
[2021-05-15 22:38:26,500] {scheduler_job.py:182} INFO - Started process (PID=26136) to work on /Users/harry/rugby_data_project_airflow/airflow/dags/Untitled.py
[2021-05-15 22:38:26,501] {scheduler_job.py:629} INFO - Processing file /Users/harry/rugby_data_project_airflow/airflow/dags/Untitled.py for tasks to queue
[2021-05-15 22:38:26,502] {logging_mixin.py:104} INFO - [2021-05-15 22:38:26,502] {dagbag.py:451} INFO - Filling up the DagBag from /Users/harry/rugby_data_project_airflow/airflow/dags/Untitled.py
[2021-05-15 22:38:26,509] {scheduler_job.py:639} INFO - DAG(s) dict_keys(['airflow_tutorial_v01']) retrieved from /Users/harry/rugby_data_project_airflow/airflow/dags/Untitled.py
[2021-05-15 22:38:26,534] {logging_mixin.py:104} INFO - [2021-05-15 22:38:26,534] {dag.py:1824} INFO - Sync 1 DAGs
[2021-05-15 22:38:26,543] {logging_mixin.py:104} INFO - [2021-05-15 22:38:26,542] {dag.py:2280} INFO - Setting next_dagrun for airflow_tutorial_v01 to 2017-07-26T08:00:00+00:00
[2021-05-15 22:38:26,548] {scheduler_job.py:190} INFO - Processing /Users/harry/rugby_data_project_airflow/airflow/dags/Untitled.py took 0.048 seconds
[2021-05-15 22:42:27,859] {scheduler_job.py:182} INFO - Started process (PID=27952) to work on /Users/harry/rugby_data_project_airflow/airflow/dags/Untitled.py
[2021-05-15 22:42:27,861] {scheduler_job.py:629} INFO - Processing file /Users/harry/rugby_data_project_airflow/airflow/dags/Untitled.py for tasks to queue
[2021-05-15 22:42:27,861] {logging_mixin.py:104} INFO - [2021-05-15 22:42:27,861] {dagbag.py:451} INFO - Filling up the DagBag from /Users/harry/rugby_data_project_airflow/airflow/dags/Untitled.py
[2021-05-15 22:42:27,868] {scheduler_job.py:639} INFO - DAG(s) dict_keys(['airflow_tutorial_v01']) retrieved from /Users/harry/rugby_data_project_airflow/airflow/dags/Untitled.py
[2021-05-15 22:42:27,893] {logging_mixin.py:104} INFO - [2021-05-15 22:42:27,893] {dag.py:1824} INFO - Sync 1 DAGs
[2021-05-15 22:42:27,907] {logging_mixin.py:104} INFO - [2021-05-15 22:42:27,907] {dag.py:2280} INFO - Setting next_dagrun for airflow_tutorial_v01 to 2017-07-27T08:00:00+00:00
[2021-05-15 22:42:27,912] {scheduler_job.py:190} INFO - Processing /Users/harry/rugby_data_project_airflow/airflow/dags/Untitled.py took 0.053 seconds
[2021-05-15 22:46:31,924] {scheduler_job.py:182} INFO - Started process (PID=29859) to work on /Users/harry/rugby_data_project_airflow/airflow/dags/Untitled.py
[2021-05-15 22:46:31,926] {scheduler_job.py:629} INFO - Processing file /Users/harry/rugby_data_project_airflow/airflow/dags/Untitled.py for tasks to queue
[2021-05-15 22:46:31,926] {logging_mixin.py:104} INFO - [2021-05-15 22:46:31,926] {dagbag.py:451} INFO - Filling up the DagBag from /Users/harry/rugby_data_project_airflow/airflow/dags/Untitled.py
[2021-05-15 22:46:31,933] {scheduler_job.py:639} INFO - DAG(s) dict_keys(['airflow_tutorial_v01']) retrieved from /Users/harry/rugby_data_project_airflow/airflow/dags/Untitled.py
[2021-05-15 22:46:31,960] {logging_mixin.py:104} INFO - [2021-05-15 22:46:31,960] {dag.py:1824} INFO - Sync 1 DAGs
[2021-05-15 22:46:31,968] {logging_mixin.py:104} INFO - [2021-05-15 22:46:31,968] {dag.py:2280} INFO - Setting next_dagrun for airflow_tutorial_v01 to 2017-07-28T08:00:00+00:00
[2021-05-15 22:46:31,974] {scheduler_job.py:190} INFO - Processing /Users/harry/rugby_data_project_airflow/airflow/dags/Untitled.py took 0.050 seconds
[2021-05-15 22:50:49,953] {scheduler_job.py:182} INFO - Started process (PID=31775) to work on /Users/harry/rugby_data_project_airflow/airflow/dags/Untitled.py
[2021-05-15 22:50:49,955] {scheduler_job.py:629} INFO - Processing file /Users/harry/rugby_data_project_airflow/airflow/dags/Untitled.py for tasks to queue
[2021-05-15 22:50:49,956] {logging_mixin.py:104} INFO - [2021-05-15 22:50:49,955] {dagbag.py:451} INFO - Filling up the DagBag from /Users/harry/rugby_data_project_airflow/airflow/dags/Untitled.py
[2021-05-15 22:50:49,962] {scheduler_job.py:639} INFO - DAG(s) dict_keys(['airflow_tutorial_v01']) retrieved from /Users/harry/rugby_data_project_airflow/airflow/dags/Untitled.py
[2021-05-15 22:50:49,990] {logging_mixin.py:104} INFO - [2021-05-15 22:50:49,990] {dag.py:1824} INFO - Sync 1 DAGs
[2021-05-15 22:50:50,002] {logging_mixin.py:104} INFO - [2021-05-15 22:50:50,002] {dag.py:2280} INFO - Setting next_dagrun for airflow_tutorial_v01 to 2017-07-29T09:00:00+00:00
[2021-05-15 22:50:50,008] {scheduler_job.py:190} INFO - Processing /Users/harry/rugby_data_project_airflow/airflow/dags/Untitled.py took 0.056 seconds
[2021-05-15 22:54:39,536] {scheduler_job.py:182} INFO - Started process (PID=33565) to work on /Users/harry/rugby_data_project_airflow/airflow/dags/Untitled.py
[2021-05-15 22:54:39,537] {scheduler_job.py:629} INFO - Processing file /Users/harry/rugby_data_project_airflow/airflow/dags/Untitled.py for tasks to queue
[2021-05-15 22:54:39,538] {logging_mixin.py:104} INFO - [2021-05-15 22:54:39,538] {dagbag.py:451} INFO - Filling up the DagBag from /Users/harry/rugby_data_project_airflow/airflow/dags/Untitled.py
[2021-05-15 22:54:39,544] {scheduler_job.py:639} INFO - DAG(s) dict_keys(['airflow_tutorial_v01']) retrieved from /Users/harry/rugby_data_project_airflow/airflow/dags/Untitled.py
[2021-05-15 22:54:39,570] {logging_mixin.py:104} INFO - [2021-05-15 22:54:39,570] {dag.py:1824} INFO - Sync 1 DAGs
[2021-05-15 22:54:39,582] {logging_mixin.py:104} INFO - [2021-05-15 22:54:39,582] {dag.py:2280} INFO - Setting next_dagrun for airflow_tutorial_v01 to 2017-07-30T09:00:00+00:00
[2021-05-15 22:54:39,587] {scheduler_job.py:190} INFO - Processing /Users/harry/rugby_data_project_airflow/airflow/dags/Untitled.py took 0.051 seconds
[2021-05-15 22:58:28,567] {scheduler_job.py:182} INFO - Started process (PID=35304) to work on /Users/harry/rugby_data_project_airflow/airflow/dags/Untitled.py
[2021-05-15 22:58:28,569] {scheduler_job.py:629} INFO - Processing file /Users/harry/rugby_data_project_airflow/airflow/dags/Untitled.py for tasks to queue
[2021-05-15 22:58:28,569] {logging_mixin.py:104} INFO - [2021-05-15 22:58:28,569] {dagbag.py:451} INFO - Filling up the DagBag from /Users/harry/rugby_data_project_airflow/airflow/dags/Untitled.py
[2021-05-15 22:58:28,577] {scheduler_job.py:639} INFO - DAG(s) dict_keys(['airflow_tutorial_v01']) retrieved from /Users/harry/rugby_data_project_airflow/airflow/dags/Untitled.py
[2021-05-15 22:58:28,606] {logging_mixin.py:104} INFO - [2021-05-15 22:58:28,606] {dag.py:1824} INFO - Sync 1 DAGs
[2021-05-15 22:58:28,618] {logging_mixin.py:104} INFO - [2021-05-15 22:58:28,618] {dag.py:2280} INFO - Setting next_dagrun for airflow_tutorial_v01 to 2017-07-31T09:00:00+00:00
[2021-05-15 22:58:28,624] {scheduler_job.py:190} INFO - Processing /Users/harry/rugby_data_project_airflow/airflow/dags/Untitled.py took 0.057 seconds
[2021-05-15 23:32:01,767] {scheduler_job.py:182} INFO - Started process (PID=36686) to work on /Users/harry/rugby_data_project_airflow/airflow/dags/Untitled.py
[2021-05-15 23:32:01,772] {scheduler_job.py:629} INFO - Processing file /Users/harry/rugby_data_project_airflow/airflow/dags/Untitled.py for tasks to queue
[2021-05-15 23:32:01,777] {logging_mixin.py:104} INFO - [2021-05-15 23:32:01,776] {dagbag.py:451} INFO - Filling up the DagBag from /Users/harry/rugby_data_project_airflow/airflow/dags/Untitled.py
[2021-05-15 23:32:01,867] {scheduler_job.py:639} INFO - DAG(s) dict_keys(['airflow_tutorial_v01']) retrieved from /Users/harry/rugby_data_project_airflow/airflow/dags/Untitled.py
[2021-05-15 23:32:02,183] {scheduler_job.py:596} INFO - Executed failure callback for <TaskInstance: airflow_tutorial_v01.sleep 2017-08-01 00:00:00+00:00 [up_for_retry]> in state up_for_retry
[2021-05-15 23:32:02,237] {logging_mixin.py:104} INFO - [2021-05-15 23:32:02,236] {dag.py:1824} INFO - Sync 1 DAGs
[2021-05-15 23:32:02,973] {logging_mixin.py:104} INFO - [2021-05-15 23:32:02,965] {dag.py:2280} INFO - Setting next_dagrun for airflow_tutorial_v01 to 2017-08-01T02:00:00+00:00
[2021-05-15 23:32:03,057] {scheduler_job.py:190} INFO - Processing /Users/harry/rugby_data_project_airflow/airflow/dags/Untitled.py took 1.294 seconds
