[2021-05-15 17:51:46,136] {taskinstance.py:877} INFO - Dependencies all met for <TaskInstance: airflow_tutorial_v01.print_hello 2017-06-04T18:00:00+00:00 [queued]>
[2021-05-15 17:51:46,141] {taskinstance.py:877} INFO - Dependencies all met for <TaskInstance: airflow_tutorial_v01.print_hello 2017-06-04T18:00:00+00:00 [queued]>
[2021-05-15 17:51:46,141] {taskinstance.py:1068} INFO - 
--------------------------------------------------------------------------------
[2021-05-15 17:51:46,142] {taskinstance.py:1069} INFO - Starting attempt 1 of 2
[2021-05-15 17:51:46,142] {taskinstance.py:1070} INFO - 
--------------------------------------------------------------------------------
[2021-05-15 17:51:46,147] {taskinstance.py:1089} INFO - Executing <Task(BashOperator): print_hello> on 2017-06-04T18:00:00+00:00
[2021-05-15 17:51:46,149] {standard_task_runner.py:52} INFO - Started process 31526 to run task
[2021-05-15 17:51:46,155] {standard_task_runner.py:76} INFO - Running: ['airflow', 'tasks', 'run', 'airflow_tutorial_v01', 'print_hello', '2017-06-04T18:00:00+00:00', '--job-id', '271', '--pool', 'default_pool', '--raw', '--subdir', 'DAGS_FOLDER/Untitled.py', '--cfg-path', '/var/folders/tp/ft4rfkmn1kz3dyw8hlfz1dxw0000gn/T/tmpe9e040wj', '--error-file', '/var/folders/tp/ft4rfkmn1kz3dyw8hlfz1dxw0000gn/T/tmpajsq56gk']
[2021-05-15 17:51:46,157] {standard_task_runner.py:77} INFO - Job 271: Subtask print_hello
[2021-05-15 17:51:46,188] {logging_mixin.py:104} INFO - Running <TaskInstance: airflow_tutorial_v01.print_hello 2017-06-04T18:00:00+00:00 [running]> on host henrys-macbook-pro.local
[2021-05-15 17:51:46,209] {taskinstance.py:1281} INFO - Exporting the following env vars:
AIRFLOW_CTX_DAG_OWNER=me
AIRFLOW_CTX_DAG_ID=airflow_tutorial_v01
AIRFLOW_CTX_TASK_ID=print_hello
AIRFLOW_CTX_EXECUTION_DATE=2017-06-04T18:00:00+00:00
AIRFLOW_CTX_DAG_RUN_ID=scheduled__2017-06-04T18:00:00+00:00
[2021-05-15 17:51:46,210] {bash.py:135} INFO - Tmp dir root location: 
 /var/folders/tp/ft4rfkmn1kz3dyw8hlfz1dxw0000gn/T
[2021-05-15 17:51:46,210] {bash.py:158} INFO - Running command: echo "hello"
[2021-05-15 17:51:46,216] {bash.py:169} INFO - Output:
[2021-05-15 17:51:46,219] {bash.py:173} INFO - hello
[2021-05-15 17:51:46,220] {bash.py:177} INFO - Command exited with return code 0
[2021-05-15 17:51:46,231] {taskinstance.py:1185} INFO - Marking task as SUCCESS. dag_id=airflow_tutorial_v01, task_id=print_hello, execution_date=20170604T180000, start_date=20210515T165146, end_date=20210515T165146
[2021-05-15 17:51:46,245] {taskinstance.py:1246} INFO - 1 downstream tasks scheduled from follow-on schedule check
[2021-05-15 17:51:46,257] {local_task_job.py:146} INFO - Task exited with return code 0
