[2021-05-16 20:17:01,554] {scheduler_job.py:182} INFO - Started process (PID=22402) to work on /Users/harry/rugby_data_project_airflow/airflow/dags/matches_links.py
[2021-05-16 20:17:01,555] {scheduler_job.py:629} INFO - Processing file /Users/harry/rugby_data_project_airflow/airflow/dags/matches_links.py for tasks to queue
[2021-05-16 20:17:01,555] {logging_mixin.py:104} INFO - [2021-05-16 20:17:01,555] {dagbag.py:451} INFO - Filling up the DagBag from /Users/harry/rugby_data_project_airflow/airflow/dags/matches_links.py
[2021-05-16 20:17:01,793] {scheduler_job.py:639} INFO - DAG(s) dict_keys(['matches_links']) retrieved from /Users/harry/rugby_data_project_airflow/airflow/dags/matches_links.py
[2021-05-16 20:17:01,797] {logging_mixin.py:104} INFO - [2021-05-16 20:17:01,797] {dag.py:1824} INFO - Sync 1 DAGs
[2021-05-16 20:17:01,821] {logging_mixin.py:104} INFO - [2021-05-16 20:17:01,821] {dag.py:2280} INFO - Setting next_dagrun for matches_links to 2017-06-01T00:00:00+00:00
[2021-05-16 20:17:01,826] {scheduler_job.py:190} INFO - Processing /Users/harry/rugby_data_project_airflow/airflow/dags/matches_links.py took 0.273 seconds
[2021-05-16 20:17:33,579] {scheduler_job.py:182} INFO - Started process (PID=22824) to work on /Users/harry/rugby_data_project_airflow/airflow/dags/matches_links.py
[2021-05-16 20:17:33,580] {scheduler_job.py:629} INFO - Processing file /Users/harry/rugby_data_project_airflow/airflow/dags/matches_links.py for tasks to queue
[2021-05-16 20:17:33,580] {logging_mixin.py:104} INFO - [2021-05-16 20:17:33,580] {dagbag.py:451} INFO - Filling up the DagBag from /Users/harry/rugby_data_project_airflow/airflow/dags/matches_links.py
[2021-05-16 20:17:33,784] {scheduler_job.py:639} INFO - DAG(s) dict_keys(['matches_links']) retrieved from /Users/harry/rugby_data_project_airflow/airflow/dags/matches_links.py
[2021-05-16 20:17:33,808] {logging_mixin.py:104} INFO - [2021-05-16 20:17:33,808] {dag.py:1824} INFO - Sync 1 DAGs
[2021-05-16 20:17:33,815] {logging_mixin.py:104} INFO - [2021-05-16 20:17:33,815] {dag.py:2280} INFO - Setting next_dagrun for matches_links to 2017-06-13 00:00:00+00:00
[2021-05-16 20:17:33,821] {scheduler_job.py:190} INFO - Processing /Users/harry/rugby_data_project_airflow/airflow/dags/matches_links.py took 0.242 seconds
[2021-05-16 20:18:05,463] {scheduler_job.py:182} INFO - Started process (PID=23140) to work on /Users/harry/rugby_data_project_airflow/airflow/dags/matches_links.py
[2021-05-16 20:18:05,463] {scheduler_job.py:629} INFO - Processing file /Users/harry/rugby_data_project_airflow/airflow/dags/matches_links.py for tasks to queue
[2021-05-16 20:18:05,463] {logging_mixin.py:104} INFO - [2021-05-16 20:18:05,463] {dagbag.py:451} INFO - Filling up the DagBag from /Users/harry/rugby_data_project_airflow/airflow/dags/matches_links.py
[2021-05-16 20:18:05,671] {scheduler_job.py:639} INFO - DAG(s) dict_keys(['matches_links']) retrieved from /Users/harry/rugby_data_project_airflow/airflow/dags/matches_links.py
[2021-05-16 20:18:05,694] {logging_mixin.py:104} INFO - [2021-05-16 20:18:05,694] {dag.py:1824} INFO - Sync 1 DAGs
[2021-05-16 20:18:05,701] {logging_mixin.py:104} INFO - [2021-05-16 20:18:05,701] {dag.py:2280} INFO - Setting next_dagrun for matches_links to 2017-06-17 00:00:00+00:00
[2021-05-16 20:18:05,710] {scheduler_job.py:190} INFO - Processing /Users/harry/rugby_data_project_airflow/airflow/dags/matches_links.py took 0.248 seconds
[2021-05-16 20:18:37,092] {scheduler_job.py:182} INFO - Started process (PID=23462) to work on /Users/harry/rugby_data_project_airflow/airflow/dags/matches_links.py
[2021-05-16 20:18:37,092] {scheduler_job.py:629} INFO - Processing file /Users/harry/rugby_data_project_airflow/airflow/dags/matches_links.py for tasks to queue
[2021-05-16 20:18:37,093] {logging_mixin.py:104} INFO - [2021-05-16 20:18:37,092] {dagbag.py:451} INFO - Filling up the DagBag from /Users/harry/rugby_data_project_airflow/airflow/dags/matches_links.py
[2021-05-16 20:18:37,321] {scheduler_job.py:639} INFO - DAG(s) dict_keys(['matches_links']) retrieved from /Users/harry/rugby_data_project_airflow/airflow/dags/matches_links.py
[2021-05-16 20:18:37,347] {logging_mixin.py:104} INFO - [2021-05-16 20:18:37,346] {dag.py:1824} INFO - Sync 1 DAGs
[2021-05-16 20:18:37,355] {logging_mixin.py:104} INFO - [2021-05-16 20:18:37,355] {dag.py:2280} INFO - Setting next_dagrun for matches_links to 2017-06-17 00:00:00+00:00
[2021-05-16 20:18:37,361] {scheduler_job.py:190} INFO - Processing /Users/harry/rugby_data_project_airflow/airflow/dags/matches_links.py took 0.270 seconds
[2021-05-16 20:19:08,785] {scheduler_job.py:182} INFO - Started process (PID=23793) to work on /Users/harry/rugby_data_project_airflow/airflow/dags/matches_links.py
[2021-05-16 20:19:08,786] {scheduler_job.py:629} INFO - Processing file /Users/harry/rugby_data_project_airflow/airflow/dags/matches_links.py for tasks to queue
[2021-05-16 20:19:08,786] {logging_mixin.py:104} INFO - [2021-05-16 20:19:08,786] {dagbag.py:451} INFO - Filling up the DagBag from /Users/harry/rugby_data_project_airflow/airflow/dags/matches_links.py
[2021-05-16 20:19:09,078] {scheduler_job.py:639} INFO - DAG(s) dict_keys(['matches_links']) retrieved from /Users/harry/rugby_data_project_airflow/airflow/dags/matches_links.py
[2021-05-16 20:19:09,103] {logging_mixin.py:104} INFO - [2021-05-16 20:19:09,103] {dag.py:1824} INFO - Sync 1 DAGs
[2021-05-16 20:19:09,111] {logging_mixin.py:104} INFO - [2021-05-16 20:19:09,111] {dag.py:2280} INFO - Setting next_dagrun for matches_links to 2017-06-16 10:00:00+00:00
[2021-05-16 20:19:09,118] {scheduler_job.py:190} INFO - Processing /Users/harry/rugby_data_project_airflow/airflow/dags/matches_links.py took 0.333 seconds
[2021-05-16 20:19:40,591] {scheduler_job.py:182} INFO - Started process (PID=24165) to work on /Users/harry/rugby_data_project_airflow/airflow/dags/matches_links.py
[2021-05-16 20:19:40,591] {scheduler_job.py:629} INFO - Processing file /Users/harry/rugby_data_project_airflow/airflow/dags/matches_links.py for tasks to queue
[2021-05-16 20:19:40,592] {logging_mixin.py:104} INFO - [2021-05-16 20:19:40,592] {dagbag.py:451} INFO - Filling up the DagBag from /Users/harry/rugby_data_project_airflow/airflow/dags/matches_links.py
[2021-05-16 20:19:40,873] {scheduler_job.py:639} INFO - DAG(s) dict_keys(['matches_links']) retrieved from /Users/harry/rugby_data_project_airflow/airflow/dags/matches_links.py
[2021-05-16 20:19:40,901] {logging_mixin.py:104} INFO - [2021-05-16 20:19:40,901] {dag.py:1824} INFO - Sync 1 DAGs
[2021-05-16 20:19:40,909] {logging_mixin.py:104} INFO - [2021-05-16 20:19:40,909] {dag.py:2280} INFO - Setting next_dagrun for matches_links to 2017-06-16 10:00:00+00:00
[2021-05-16 20:19:40,916] {scheduler_job.py:190} INFO - Processing /Users/harry/rugby_data_project_airflow/airflow/dags/matches_links.py took 0.326 seconds
[2021-05-16 20:20:04,181] {scheduler_job.py:182} INFO - Started process (PID=24466) to work on /Users/harry/rugby_data_project_airflow/airflow/dags/matches_links.py
[2021-05-16 20:20:04,182] {scheduler_job.py:629} INFO - Processing file /Users/harry/rugby_data_project_airflow/airflow/dags/matches_links.py for tasks to queue
[2021-05-16 20:20:04,182] {logging_mixin.py:104} INFO - [2021-05-16 20:20:04,182] {dagbag.py:451} INFO - Filling up the DagBag from /Users/harry/rugby_data_project_airflow/airflow/dags/matches_links.py
[2021-05-16 20:20:04,384] {scheduler_job.py:639} INFO - DAG(s) dict_keys(['matches_links']) retrieved from /Users/harry/rugby_data_project_airflow/airflow/dags/matches_links.py
[2021-05-16 20:20:04,388] {logging_mixin.py:104} INFO - [2021-05-16 20:20:04,388] {dag.py:1824} INFO - Sync 1 DAGs
[2021-05-16 20:20:04,413] {logging_mixin.py:104} INFO - [2021-05-16 20:20:04,413] {dag.py:2280} INFO - Setting next_dagrun for matches_links to 2021-05-16 10:00:00+00:00
[2021-05-16 20:20:04,419] {scheduler_job.py:190} INFO - Processing /Users/harry/rugby_data_project_airflow/airflow/dags/matches_links.py took 0.238 seconds
[2021-05-16 20:20:36,046] {scheduler_job.py:182} INFO - Started process (PID=24744) to work on /Users/harry/rugby_data_project_airflow/airflow/dags/matches_links.py
[2021-05-16 20:20:36,046] {scheduler_job.py:629} INFO - Processing file /Users/harry/rugby_data_project_airflow/airflow/dags/matches_links.py for tasks to queue
[2021-05-16 20:20:36,047] {logging_mixin.py:104} INFO - [2021-05-16 20:20:36,047] {dagbag.py:451} INFO - Filling up the DagBag from /Users/harry/rugby_data_project_airflow/airflow/dags/matches_links.py
[2021-05-16 20:20:36,319] {scheduler_job.py:639} INFO - DAG(s) dict_keys(['matches_links']) retrieved from /Users/harry/rugby_data_project_airflow/airflow/dags/matches_links.py
[2021-05-16 20:20:36,345] {logging_mixin.py:104} INFO - [2021-05-16 20:20:36,345] {dag.py:1824} INFO - Sync 1 DAGs
[2021-05-16 20:20:36,354] {logging_mixin.py:104} INFO - [2021-05-16 20:20:36,354] {dag.py:2280} INFO - Setting next_dagrun for matches_links to 2021-05-16 10:00:00+00:00
[2021-05-16 20:20:36,360] {scheduler_job.py:190} INFO - Processing /Users/harry/rugby_data_project_airflow/airflow/dags/matches_links.py took 0.314 seconds
[2021-05-16 20:21:07,703] {scheduler_job.py:182} INFO - Started process (PID=25066) to work on /Users/harry/rugby_data_project_airflow/airflow/dags/matches_links.py
[2021-05-16 20:21:07,704] {scheduler_job.py:629} INFO - Processing file /Users/harry/rugby_data_project_airflow/airflow/dags/matches_links.py for tasks to queue
[2021-05-16 20:21:07,705] {logging_mixin.py:104} INFO - [2021-05-16 20:21:07,705] {dagbag.py:451} INFO - Filling up the DagBag from /Users/harry/rugby_data_project_airflow/airflow/dags/matches_links.py
[2021-05-16 20:21:08,027] {scheduler_job.py:639} INFO - DAG(s) dict_keys(['matches_links']) retrieved from /Users/harry/rugby_data_project_airflow/airflow/dags/matches_links.py
[2021-05-16 20:21:08,053] {logging_mixin.py:104} INFO - [2021-05-16 20:21:08,053] {dag.py:1824} INFO - Sync 1 DAGs
[2021-05-16 20:21:08,061] {logging_mixin.py:104} INFO - [2021-05-16 20:21:08,061] {dag.py:2280} INFO - Setting next_dagrun for matches_links to 2021-05-16 10:00:00+00:00
[2021-05-16 20:21:08,067] {scheduler_job.py:190} INFO - Processing /Users/harry/rugby_data_project_airflow/airflow/dags/matches_links.py took 0.364 seconds
[2021-05-16 20:21:39,843] {scheduler_job.py:182} INFO - Started process (PID=25370) to work on /Users/harry/rugby_data_project_airflow/airflow/dags/matches_links.py
[2021-05-16 20:21:39,843] {scheduler_job.py:629} INFO - Processing file /Users/harry/rugby_data_project_airflow/airflow/dags/matches_links.py for tasks to queue
[2021-05-16 20:21:39,844] {logging_mixin.py:104} INFO - [2021-05-16 20:21:39,844] {dagbag.py:451} INFO - Filling up the DagBag from /Users/harry/rugby_data_project_airflow/airflow/dags/matches_links.py
[2021-05-16 20:21:40,141] {scheduler_job.py:639} INFO - DAG(s) dict_keys(['matches_links']) retrieved from /Users/harry/rugby_data_project_airflow/airflow/dags/matches_links.py
[2021-05-16 20:21:40,165] {logging_mixin.py:104} INFO - [2021-05-16 20:21:40,165] {dag.py:1824} INFO - Sync 1 DAGs
[2021-05-16 20:21:40,173] {logging_mixin.py:104} INFO - [2021-05-16 20:21:40,173] {dag.py:2280} INFO - Setting next_dagrun for matches_links to 2021-05-16 10:00:00+00:00
[2021-05-16 20:21:40,179] {scheduler_job.py:190} INFO - Processing /Users/harry/rugby_data_project_airflow/airflow/dags/matches_links.py took 0.336 seconds
[2021-05-16 20:22:11,613] {scheduler_job.py:182} INFO - Started process (PID=25659) to work on /Users/harry/rugby_data_project_airflow/airflow/dags/matches_links.py
[2021-05-16 20:22:11,614] {scheduler_job.py:629} INFO - Processing file /Users/harry/rugby_data_project_airflow/airflow/dags/matches_links.py for tasks to queue
[2021-05-16 20:22:11,614] {logging_mixin.py:104} INFO - [2021-05-16 20:22:11,614] {dagbag.py:451} INFO - Filling up the DagBag from /Users/harry/rugby_data_project_airflow/airflow/dags/matches_links.py
[2021-05-16 20:22:11,895] {scheduler_job.py:639} INFO - DAG(s) dict_keys(['matches_links']) retrieved from /Users/harry/rugby_data_project_airflow/airflow/dags/matches_links.py
[2021-05-16 20:22:11,919] {logging_mixin.py:104} INFO - [2021-05-16 20:22:11,919] {dag.py:1824} INFO - Sync 1 DAGs
[2021-05-16 20:22:11,927] {logging_mixin.py:104} INFO - [2021-05-16 20:22:11,927] {dag.py:2280} INFO - Setting next_dagrun for matches_links to 2021-05-16 10:00:00+00:00
[2021-05-16 20:22:11,932] {scheduler_job.py:190} INFO - Processing /Users/harry/rugby_data_project_airflow/airflow/dags/matches_links.py took 0.320 seconds
[2021-05-16 20:22:43,402] {scheduler_job.py:182} INFO - Started process (PID=26014) to work on /Users/harry/rugby_data_project_airflow/airflow/dags/matches_links.py
[2021-05-16 20:22:43,402] {scheduler_job.py:629} INFO - Processing file /Users/harry/rugby_data_project_airflow/airflow/dags/matches_links.py for tasks to queue
[2021-05-16 20:22:43,403] {logging_mixin.py:104} INFO - [2021-05-16 20:22:43,403] {dagbag.py:451} INFO - Filling up the DagBag from /Users/harry/rugby_data_project_airflow/airflow/dags/matches_links.py
[2021-05-16 20:22:43,682] {scheduler_job.py:639} INFO - DAG(s) dict_keys(['matches_links']) retrieved from /Users/harry/rugby_data_project_airflow/airflow/dags/matches_links.py
[2021-05-16 20:22:43,707] {logging_mixin.py:104} INFO - [2021-05-16 20:22:43,707] {dag.py:1824} INFO - Sync 1 DAGs
[2021-05-16 20:22:43,715] {logging_mixin.py:104} INFO - [2021-05-16 20:22:43,715] {dag.py:2280} INFO - Setting next_dagrun for matches_links to 2021-05-16 10:00:00+00:00
[2021-05-16 20:22:43,724] {scheduler_job.py:190} INFO - Processing /Users/harry/rugby_data_project_airflow/airflow/dags/matches_links.py took 0.322 seconds
[2021-05-16 20:23:14,894] {scheduler_job.py:182} INFO - Started process (PID=26323) to work on /Users/harry/rugby_data_project_airflow/airflow/dags/matches_links.py
[2021-05-16 20:23:14,894] {scheduler_job.py:629} INFO - Processing file /Users/harry/rugby_data_project_airflow/airflow/dags/matches_links.py for tasks to queue
[2021-05-16 20:23:14,895] {logging_mixin.py:104} INFO - [2021-05-16 20:23:14,895] {dagbag.py:451} INFO - Filling up the DagBag from /Users/harry/rugby_data_project_airflow/airflow/dags/matches_links.py
[2021-05-16 20:23:15,092] {scheduler_job.py:639} INFO - DAG(s) dict_keys(['matches_links']) retrieved from /Users/harry/rugby_data_project_airflow/airflow/dags/matches_links.py
[2021-05-16 20:23:15,115] {logging_mixin.py:104} INFO - [2021-05-16 20:23:15,115] {dag.py:1824} INFO - Sync 1 DAGs
[2021-05-16 20:23:15,123] {logging_mixin.py:104} INFO - [2021-05-16 20:23:15,123] {dag.py:2280} INFO - Setting next_dagrun for matches_links to 2021-05-16 10:00:00+00:00
[2021-05-16 20:23:15,129] {scheduler_job.py:190} INFO - Processing /Users/harry/rugby_data_project_airflow/airflow/dags/matches_links.py took 0.236 seconds
[2021-05-16 20:23:46,131] {scheduler_job.py:182} INFO - Started process (PID=26615) to work on /Users/harry/rugby_data_project_airflow/airflow/dags/matches_links.py
[2021-05-16 20:23:46,132] {scheduler_job.py:629} INFO - Processing file /Users/harry/rugby_data_project_airflow/airflow/dags/matches_links.py for tasks to queue
[2021-05-16 20:23:46,132] {logging_mixin.py:104} INFO - [2021-05-16 20:23:46,132] {dagbag.py:451} INFO - Filling up the DagBag from /Users/harry/rugby_data_project_airflow/airflow/dags/matches_links.py
[2021-05-16 20:23:46,333] {scheduler_job.py:639} INFO - DAG(s) dict_keys(['matches_links']) retrieved from /Users/harry/rugby_data_project_airflow/airflow/dags/matches_links.py
[2021-05-16 20:23:46,355] {logging_mixin.py:104} INFO - [2021-05-16 20:23:46,355] {dag.py:1824} INFO - Sync 1 DAGs
[2021-05-16 20:23:46,364] {logging_mixin.py:104} INFO - [2021-05-16 20:23:46,363] {dag.py:2280} INFO - Setting next_dagrun for matches_links to 2021-05-16 10:00:00+00:00
[2021-05-16 20:23:46,370] {scheduler_job.py:190} INFO - Processing /Users/harry/rugby_data_project_airflow/airflow/dags/matches_links.py took 0.239 seconds
[2021-05-16 20:24:17,387] {scheduler_job.py:182} INFO - Started process (PID=26987) to work on /Users/harry/rugby_data_project_airflow/airflow/dags/matches_links.py
[2021-05-16 20:24:17,387] {scheduler_job.py:629} INFO - Processing file /Users/harry/rugby_data_project_airflow/airflow/dags/matches_links.py for tasks to queue
[2021-05-16 20:24:17,387] {logging_mixin.py:104} INFO - [2021-05-16 20:24:17,387] {dagbag.py:451} INFO - Filling up the DagBag from /Users/harry/rugby_data_project_airflow/airflow/dags/matches_links.py
[2021-05-16 20:24:17,620] {scheduler_job.py:639} INFO - DAG(s) dict_keys(['matches_links']) retrieved from /Users/harry/rugby_data_project_airflow/airflow/dags/matches_links.py
[2021-05-16 20:24:17,648] {logging_mixin.py:104} INFO - [2021-05-16 20:24:17,648] {dag.py:1824} INFO - Sync 1 DAGs
[2021-05-16 20:24:17,667] {logging_mixin.py:104} INFO - [2021-05-16 20:24:17,667] {dag.py:2280} INFO - Setting next_dagrun for matches_links to 2021-05-16 10:00:00+00:00
[2021-05-16 20:24:17,676] {scheduler_job.py:190} INFO - Processing /Users/harry/rugby_data_project_airflow/airflow/dags/matches_links.py took 0.289 seconds
[2021-05-16 20:24:49,985] {scheduler_job.py:182} INFO - Started process (PID=27299) to work on /Users/harry/rugby_data_project_airflow/airflow/dags/matches_links.py
[2021-05-16 20:24:49,986] {scheduler_job.py:629} INFO - Processing file /Users/harry/rugby_data_project_airflow/airflow/dags/matches_links.py for tasks to queue
[2021-05-16 20:24:49,986] {logging_mixin.py:104} INFO - [2021-05-16 20:24:49,986] {dagbag.py:451} INFO - Filling up the DagBag from /Users/harry/rugby_data_project_airflow/airflow/dags/matches_links.py
[2021-05-16 20:24:50,295] {scheduler_job.py:639} INFO - DAG(s) dict_keys(['matches_links']) retrieved from /Users/harry/rugby_data_project_airflow/airflow/dags/matches_links.py
[2021-05-16 20:24:50,321] {logging_mixin.py:104} INFO - [2021-05-16 20:24:50,321] {dag.py:1824} INFO - Sync 1 DAGs
[2021-05-16 20:24:50,330] {logging_mixin.py:104} INFO - [2021-05-16 20:24:50,330] {dag.py:2280} INFO - Setting next_dagrun for matches_links to 2021-05-16 10:00:00+00:00
[2021-05-16 20:24:50,336] {scheduler_job.py:190} INFO - Processing /Users/harry/rugby_data_project_airflow/airflow/dags/matches_links.py took 0.351 seconds
[2021-05-16 20:25:21,143] {scheduler_job.py:182} INFO - Started process (PID=27614) to work on /Users/harry/rugby_data_project_airflow/airflow/dags/matches_links.py
[2021-05-16 20:25:21,144] {scheduler_job.py:629} INFO - Processing file /Users/harry/rugby_data_project_airflow/airflow/dags/matches_links.py for tasks to queue
[2021-05-16 20:25:21,144] {logging_mixin.py:104} INFO - [2021-05-16 20:25:21,144] {dagbag.py:451} INFO - Filling up the DagBag from /Users/harry/rugby_data_project_airflow/airflow/dags/matches_links.py
[2021-05-16 20:25:21,429] {scheduler_job.py:639} INFO - DAG(s) dict_keys(['matches_links']) retrieved from /Users/harry/rugby_data_project_airflow/airflow/dags/matches_links.py
[2021-05-16 20:25:21,456] {logging_mixin.py:104} INFO - [2021-05-16 20:25:21,456] {dag.py:1824} INFO - Sync 1 DAGs
[2021-05-16 20:25:21,466] {logging_mixin.py:104} INFO - [2021-05-16 20:25:21,466] {dag.py:2280} INFO - Setting next_dagrun for matches_links to 2021-05-16 10:00:00+00:00
[2021-05-16 20:25:21,473] {scheduler_job.py:190} INFO - Processing /Users/harry/rugby_data_project_airflow/airflow/dags/matches_links.py took 0.330 seconds
[2021-05-16 20:25:52,268] {scheduler_job.py:182} INFO - Started process (PID=27953) to work on /Users/harry/rugby_data_project_airflow/airflow/dags/matches_links.py
[2021-05-16 20:25:52,268] {scheduler_job.py:629} INFO - Processing file /Users/harry/rugby_data_project_airflow/airflow/dags/matches_links.py for tasks to queue
[2021-05-16 20:25:52,269] {logging_mixin.py:104} INFO - [2021-05-16 20:25:52,269] {dagbag.py:451} INFO - Filling up the DagBag from /Users/harry/rugby_data_project_airflow/airflow/dags/matches_links.py
[2021-05-16 20:25:52,567] {scheduler_job.py:639} INFO - DAG(s) dict_keys(['matches_links']) retrieved from /Users/harry/rugby_data_project_airflow/airflow/dags/matches_links.py
[2021-05-16 20:25:52,597] {logging_mixin.py:104} INFO - [2021-05-16 20:25:52,597] {dag.py:1824} INFO - Sync 1 DAGs
[2021-05-16 20:25:52,607] {logging_mixin.py:104} INFO - [2021-05-16 20:25:52,607] {dag.py:2280} INFO - Setting next_dagrun for matches_links to 2021-05-16 10:00:00+00:00
[2021-05-16 20:25:52,614] {scheduler_job.py:190} INFO - Processing /Users/harry/rugby_data_project_airflow/airflow/dags/matches_links.py took 0.347 seconds
[2021-05-16 20:26:23,804] {scheduler_job.py:182} INFO - Started process (PID=28302) to work on /Users/harry/rugby_data_project_airflow/airflow/dags/matches_links.py
[2021-05-16 20:26:23,804] {scheduler_job.py:629} INFO - Processing file /Users/harry/rugby_data_project_airflow/airflow/dags/matches_links.py for tasks to queue
[2021-05-16 20:26:23,805] {logging_mixin.py:104} INFO - [2021-05-16 20:26:23,805] {dagbag.py:451} INFO - Filling up the DagBag from /Users/harry/rugby_data_project_airflow/airflow/dags/matches_links.py
[2021-05-16 20:26:24,062] {scheduler_job.py:639} INFO - DAG(s) dict_keys(['matches_links']) retrieved from /Users/harry/rugby_data_project_airflow/airflow/dags/matches_links.py
[2021-05-16 20:26:24,086] {logging_mixin.py:104} INFO - [2021-05-16 20:26:24,085] {dag.py:1824} INFO - Sync 1 DAGs
[2021-05-16 20:26:24,122] {logging_mixin.py:104} INFO - [2021-05-16 20:26:24,122] {dag.py:2280} INFO - Setting next_dagrun for matches_links to 2021-05-16 10:00:00+00:00
[2021-05-16 20:26:24,143] {scheduler_job.py:190} INFO - Processing /Users/harry/rugby_data_project_airflow/airflow/dags/matches_links.py took 0.340 seconds
[2021-05-16 20:26:55,058] {scheduler_job.py:182} INFO - Started process (PID=28623) to work on /Users/harry/rugby_data_project_airflow/airflow/dags/matches_links.py
[2021-05-16 20:26:55,059] {scheduler_job.py:629} INFO - Processing file /Users/harry/rugby_data_project_airflow/airflow/dags/matches_links.py for tasks to queue
[2021-05-16 20:26:55,059] {logging_mixin.py:104} INFO - [2021-05-16 20:26:55,059] {dagbag.py:451} INFO - Filling up the DagBag from /Users/harry/rugby_data_project_airflow/airflow/dags/matches_links.py
[2021-05-16 20:26:55,376] {scheduler_job.py:639} INFO - DAG(s) dict_keys(['matches_links']) retrieved from /Users/harry/rugby_data_project_airflow/airflow/dags/matches_links.py
[2021-05-16 20:26:55,402] {logging_mixin.py:104} INFO - [2021-05-16 20:26:55,401] {dag.py:1824} INFO - Sync 1 DAGs
[2021-05-16 20:26:55,409] {logging_mixin.py:104} INFO - [2021-05-16 20:26:55,409] {dag.py:2280} INFO - Setting next_dagrun for matches_links to 2021-04-23 10:00:00+00:00
[2021-05-16 20:26:55,416] {scheduler_job.py:190} INFO - Processing /Users/harry/rugby_data_project_airflow/airflow/dags/matches_links.py took 0.359 seconds
[2021-05-16 20:27:26,481] {scheduler_job.py:182} INFO - Started process (PID=28904) to work on /Users/harry/rugby_data_project_airflow/airflow/dags/matches_links.py
[2021-05-16 20:27:26,481] {scheduler_job.py:629} INFO - Processing file /Users/harry/rugby_data_project_airflow/airflow/dags/matches_links.py for tasks to queue
[2021-05-16 20:27:26,482] {logging_mixin.py:104} INFO - [2021-05-16 20:27:26,482] {dagbag.py:451} INFO - Filling up the DagBag from /Users/harry/rugby_data_project_airflow/airflow/dags/matches_links.py
[2021-05-16 20:27:26,745] {scheduler_job.py:639} INFO - DAG(s) dict_keys(['matches_links']) retrieved from /Users/harry/rugby_data_project_airflow/airflow/dags/matches_links.py
[2021-05-16 20:27:26,768] {logging_mixin.py:104} INFO - [2021-05-16 20:27:26,768] {dag.py:1824} INFO - Sync 1 DAGs
[2021-05-16 20:27:26,775] {logging_mixin.py:104} INFO - [2021-05-16 20:27:26,775] {dag.py:2280} INFO - Setting next_dagrun for matches_links to 2021-05-16 10:00:00+00:00
[2021-05-16 20:27:26,781] {scheduler_job.py:190} INFO - Processing /Users/harry/rugby_data_project_airflow/airflow/dags/matches_links.py took 0.301 seconds
[2021-05-16 20:27:57,806] {scheduler_job.py:182} INFO - Started process (PID=29208) to work on /Users/harry/rugby_data_project_airflow/airflow/dags/matches_links.py
[2021-05-16 20:27:57,807] {scheduler_job.py:629} INFO - Processing file /Users/harry/rugby_data_project_airflow/airflow/dags/matches_links.py for tasks to queue
[2021-05-16 20:27:57,807] {logging_mixin.py:104} INFO - [2021-05-16 20:27:57,807] {dagbag.py:451} INFO - Filling up the DagBag from /Users/harry/rugby_data_project_airflow/airflow/dags/matches_links.py
[2021-05-16 20:27:58,113] {scheduler_job.py:639} INFO - DAG(s) dict_keys(['matches_links']) retrieved from /Users/harry/rugby_data_project_airflow/airflow/dags/matches_links.py
[2021-05-16 20:27:58,148] {logging_mixin.py:104} INFO - [2021-05-16 20:27:58,148] {dag.py:1824} INFO - Sync 1 DAGs
[2021-05-16 20:27:58,158] {logging_mixin.py:104} INFO - [2021-05-16 20:27:58,158] {dag.py:2280} INFO - Setting next_dagrun for matches_links to 2021-05-16 10:00:00+00:00
[2021-05-16 20:27:58,165] {scheduler_job.py:190} INFO - Processing /Users/harry/rugby_data_project_airflow/airflow/dags/matches_links.py took 0.359 seconds
[2021-05-16 20:28:29,387] {scheduler_job.py:182} INFO - Started process (PID=29523) to work on /Users/harry/rugby_data_project_airflow/airflow/dags/matches_links.py
[2021-05-16 20:28:29,390] {scheduler_job.py:629} INFO - Processing file /Users/harry/rugby_data_project_airflow/airflow/dags/matches_links.py for tasks to queue
[2021-05-16 20:28:29,400] {logging_mixin.py:104} INFO - [2021-05-16 20:28:29,400] {dagbag.py:451} INFO - Filling up the DagBag from /Users/harry/rugby_data_project_airflow/airflow/dags/matches_links.py
[2021-05-16 20:28:29,737] {scheduler_job.py:639} INFO - DAG(s) dict_keys(['matches_links']) retrieved from /Users/harry/rugby_data_project_airflow/airflow/dags/matches_links.py
[2021-05-16 20:28:29,760] {logging_mixin.py:104} INFO - [2021-05-16 20:28:29,760] {dag.py:1824} INFO - Sync 1 DAGs
[2021-05-16 20:28:29,768] {logging_mixin.py:104} INFO - [2021-05-16 20:28:29,768] {dag.py:2280} INFO - Setting next_dagrun for matches_links to 2021-05-16 10:00:00+00:00
[2021-05-16 20:28:29,775] {scheduler_job.py:190} INFO - Processing /Users/harry/rugby_data_project_airflow/airflow/dags/matches_links.py took 0.389 seconds
[2021-05-16 20:29:00,836] {scheduler_job.py:182} INFO - Started process (PID=29887) to work on /Users/harry/rugby_data_project_airflow/airflow/dags/matches_links.py
[2021-05-16 20:29:00,836] {scheduler_job.py:629} INFO - Processing file /Users/harry/rugby_data_project_airflow/airflow/dags/matches_links.py for tasks to queue
[2021-05-16 20:29:00,837] {logging_mixin.py:104} INFO - [2021-05-16 20:29:00,837] {dagbag.py:451} INFO - Filling up the DagBag from /Users/harry/rugby_data_project_airflow/airflow/dags/matches_links.py
[2021-05-16 20:29:00,837] {scheduler_job.py:641} WARNING - No viable dags retrieved from /Users/harry/rugby_data_project_airflow/airflow/dags/matches_links.py
[2021-05-16 20:29:00,837] {scheduler_job.py:190} INFO - Processing /Users/harry/rugby_data_project_airflow/airflow/dags/matches_links.py took 0.001 seconds
[2021-05-16 20:29:31,617] {scheduler_job.py:182} INFO - Started process (PID=30229) to work on /Users/harry/rugby_data_project_airflow/airflow/dags/matches_links.py
[2021-05-16 20:29:31,617] {scheduler_job.py:629} INFO - Processing file /Users/harry/rugby_data_project_airflow/airflow/dags/matches_links.py for tasks to queue
[2021-05-16 20:29:31,617] {logging_mixin.py:104} INFO - [2021-05-16 20:29:31,617] {dagbag.py:451} INFO - Filling up the DagBag from /Users/harry/rugby_data_project_airflow/airflow/dags/matches_links.py
[2021-05-16 20:29:31,618] {scheduler_job.py:641} WARNING - No viable dags retrieved from /Users/harry/rugby_data_project_airflow/airflow/dags/matches_links.py
[2021-05-16 20:29:31,618] {scheduler_job.py:190} INFO - Processing /Users/harry/rugby_data_project_airflow/airflow/dags/matches_links.py took 0.002 seconds
[2021-05-16 20:30:02,589] {scheduler_job.py:182} INFO - Started process (PID=30616) to work on /Users/harry/rugby_data_project_airflow/airflow/dags/matches_links.py
[2021-05-16 20:30:02,589] {scheduler_job.py:629} INFO - Processing file /Users/harry/rugby_data_project_airflow/airflow/dags/matches_links.py for tasks to queue
[2021-05-16 20:30:02,590] {logging_mixin.py:104} INFO - [2021-05-16 20:30:02,590] {dagbag.py:451} INFO - Filling up the DagBag from /Users/harry/rugby_data_project_airflow/airflow/dags/matches_links.py
[2021-05-16 20:30:02,590] {scheduler_job.py:641} WARNING - No viable dags retrieved from /Users/harry/rugby_data_project_airflow/airflow/dags/matches_links.py
[2021-05-16 20:30:02,590] {scheduler_job.py:190} INFO - Processing /Users/harry/rugby_data_project_airflow/airflow/dags/matches_links.py took 0.002 seconds
