[2021-05-16 09:03:29,298] {scheduler_job.py:182} INFO - Started process (PID=43975) to work on /Users/harry/rugby_data_project_airflow/airflow/dags/Untitled.py
[2021-05-16 09:03:29,298] {scheduler_job.py:629} INFO - Processing file /Users/harry/rugby_data_project_airflow/airflow/dags/Untitled.py for tasks to queue
[2021-05-16 09:03:29,299] {logging_mixin.py:104} INFO - [2021-05-16 09:03:29,298] {dagbag.py:451} INFO - Filling up the DagBag from /Users/harry/rugby_data_project_airflow/airflow/dags/Untitled.py
[2021-05-16 09:03:29,307] {scheduler_job.py:639} INFO - DAG(s) dict_keys(['airflow_tutorial_v01']) retrieved from /Users/harry/rugby_data_project_airflow/airflow/dags/Untitled.py
[2021-05-16 09:03:29,339] {logging_mixin.py:104} INFO - [2021-05-16 09:03:29,338] {dag.py:1824} INFO - Sync 1 DAGs
[2021-05-16 09:03:29,354] {logging_mixin.py:104} INFO - [2021-05-16 09:03:29,354] {dag.py:2280} INFO - Setting next_dagrun for airflow_tutorial_v01 to 2017-08-03T04:00:00+00:00
[2021-05-16 09:03:29,360] {scheduler_job.py:190} INFO - Processing /Users/harry/rugby_data_project_airflow/airflow/dags/Untitled.py took 0.063 seconds
[2021-05-16 09:07:49,495] {scheduler_job.py:182} INFO - Started process (PID=45780) to work on /Users/harry/rugby_data_project_airflow/airflow/dags/Untitled.py
[2021-05-16 09:07:49,497] {scheduler_job.py:629} INFO - Processing file /Users/harry/rugby_data_project_airflow/airflow/dags/Untitled.py for tasks to queue
[2021-05-16 09:07:49,497] {logging_mixin.py:104} INFO - [2021-05-16 09:07:49,497] {dagbag.py:451} INFO - Filling up the DagBag from /Users/harry/rugby_data_project_airflow/airflow/dags/Untitled.py
[2021-05-16 09:07:49,505] {scheduler_job.py:639} INFO - DAG(s) dict_keys(['airflow_tutorial_v01']) retrieved from /Users/harry/rugby_data_project_airflow/airflow/dags/Untitled.py
[2021-05-16 09:07:49,536] {logging_mixin.py:104} INFO - [2021-05-16 09:07:49,536] {dag.py:1824} INFO - Sync 1 DAGs
[2021-05-16 09:07:49,551] {logging_mixin.py:104} INFO - [2021-05-16 09:07:49,551] {dag.py:2280} INFO - Setting next_dagrun for airflow_tutorial_v01 to 2017-08-04T06:00:00+00:00
[2021-05-16 09:07:49,557] {scheduler_job.py:190} INFO - Processing /Users/harry/rugby_data_project_airflow/airflow/dags/Untitled.py took 0.062 seconds
[2021-05-16 09:11:54,797] {scheduler_job.py:182} INFO - Started process (PID=47566) to work on /Users/harry/rugby_data_project_airflow/airflow/dags/Untitled.py
[2021-05-16 09:11:54,798] {scheduler_job.py:629} INFO - Processing file /Users/harry/rugby_data_project_airflow/airflow/dags/Untitled.py for tasks to queue
[2021-05-16 09:11:54,798] {logging_mixin.py:104} INFO - [2021-05-16 09:11:54,798] {dagbag.py:451} INFO - Filling up the DagBag from /Users/harry/rugby_data_project_airflow/airflow/dags/Untitled.py
[2021-05-16 09:11:54,807] {scheduler_job.py:639} INFO - DAG(s) dict_keys(['airflow_tutorial_v01']) retrieved from /Users/harry/rugby_data_project_airflow/airflow/dags/Untitled.py
[2021-05-16 09:11:54,837] {logging_mixin.py:104} INFO - [2021-05-16 09:11:54,837] {dag.py:1824} INFO - Sync 1 DAGs
[2021-05-16 09:11:54,851] {logging_mixin.py:104} INFO - [2021-05-16 09:11:54,851] {dag.py:2280} INFO - Setting next_dagrun for airflow_tutorial_v01 to 2017-08-05T06:00:00+00:00
[2021-05-16 09:11:54,858] {scheduler_job.py:190} INFO - Processing /Users/harry/rugby_data_project_airflow/airflow/dags/Untitled.py took 0.062 seconds
[2021-05-16 09:16:35,861] {scheduler_job.py:182} INFO - Started process (PID=49380) to work on /Users/harry/rugby_data_project_airflow/airflow/dags/Untitled.py
[2021-05-16 09:16:35,863] {scheduler_job.py:629} INFO - Processing file /Users/harry/rugby_data_project_airflow/airflow/dags/Untitled.py for tasks to queue
[2021-05-16 09:16:35,863] {logging_mixin.py:104} INFO - [2021-05-16 09:16:35,863] {dagbag.py:451} INFO - Filling up the DagBag from /Users/harry/rugby_data_project_airflow/airflow/dags/Untitled.py
[2021-05-16 09:16:35,873] {scheduler_job.py:639} INFO - DAG(s) dict_keys(['airflow_tutorial_v01']) retrieved from /Users/harry/rugby_data_project_airflow/airflow/dags/Untitled.py
[2021-05-16 09:16:35,912] {logging_mixin.py:104} INFO - [2021-05-16 09:16:35,912] {dag.py:1824} INFO - Sync 1 DAGs
[2021-05-16 09:16:35,929] {logging_mixin.py:104} INFO - [2021-05-16 09:16:35,929] {dag.py:2280} INFO - Setting next_dagrun for airflow_tutorial_v01 to 2017-08-06T07:00:00+00:00
[2021-05-16 09:16:35,936] {scheduler_job.py:190} INFO - Processing /Users/harry/rugby_data_project_airflow/airflow/dags/Untitled.py took 0.075 seconds
[2021-05-16 09:21:25,523] {scheduler_job.py:182} INFO - Started process (PID=51255) to work on /Users/harry/rugby_data_project_airflow/airflow/dags/Untitled.py
[2021-05-16 09:21:25,524] {scheduler_job.py:629} INFO - Processing file /Users/harry/rugby_data_project_airflow/airflow/dags/Untitled.py for tasks to queue
[2021-05-16 09:21:25,525] {logging_mixin.py:104} INFO - [2021-05-16 09:21:25,525] {dagbag.py:451} INFO - Filling up the DagBag from /Users/harry/rugby_data_project_airflow/airflow/dags/Untitled.py
[2021-05-16 09:21:25,535] {scheduler_job.py:639} INFO - DAG(s) dict_keys(['airflow_tutorial_v01']) retrieved from /Users/harry/rugby_data_project_airflow/airflow/dags/Untitled.py
[2021-05-16 09:21:25,571] {logging_mixin.py:104} INFO - [2021-05-16 09:21:25,571] {dag.py:1824} INFO - Sync 1 DAGs
[2021-05-16 09:21:25,587] {logging_mixin.py:104} INFO - [2021-05-16 09:21:25,587] {dag.py:2280} INFO - Setting next_dagrun for airflow_tutorial_v01 to 2017-08-07T08:00:00+00:00
[2021-05-16 09:21:25,595] {scheduler_job.py:190} INFO - Processing /Users/harry/rugby_data_project_airflow/airflow/dags/Untitled.py took 0.072 seconds
[2021-05-16 09:26:11,383] {scheduler_job.py:182} INFO - Started process (PID=53046) to work on /Users/harry/rugby_data_project_airflow/airflow/dags/Untitled.py
[2021-05-16 09:26:11,384] {scheduler_job.py:629} INFO - Processing file /Users/harry/rugby_data_project_airflow/airflow/dags/Untitled.py for tasks to queue
[2021-05-16 09:26:11,385] {logging_mixin.py:104} INFO - [2021-05-16 09:26:11,385] {dagbag.py:451} INFO - Filling up the DagBag from /Users/harry/rugby_data_project_airflow/airflow/dags/Untitled.py
[2021-05-16 09:26:11,396] {scheduler_job.py:639} INFO - DAG(s) dict_keys(['airflow_tutorial_v01']) retrieved from /Users/harry/rugby_data_project_airflow/airflow/dags/Untitled.py
[2021-05-16 09:26:11,433] {logging_mixin.py:104} INFO - [2021-05-16 09:26:11,433] {dag.py:1824} INFO - Sync 1 DAGs
[2021-05-16 09:26:11,450] {logging_mixin.py:104} INFO - [2021-05-16 09:26:11,450] {dag.py:2280} INFO - Setting next_dagrun for airflow_tutorial_v01 to 2017-08-08T09:00:00+00:00
[2021-05-16 09:26:11,458] {scheduler_job.py:190} INFO - Processing /Users/harry/rugby_data_project_airflow/airflow/dags/Untitled.py took 0.075 seconds
[2021-05-16 09:31:03,032] {scheduler_job.py:182} INFO - Started process (PID=54848) to work on /Users/harry/rugby_data_project_airflow/airflow/dags/Untitled.py
[2021-05-16 09:31:03,033] {scheduler_job.py:629} INFO - Processing file /Users/harry/rugby_data_project_airflow/airflow/dags/Untitled.py for tasks to queue
[2021-05-16 09:31:03,034] {logging_mixin.py:104} INFO - [2021-05-16 09:31:03,034] {dagbag.py:451} INFO - Filling up the DagBag from /Users/harry/rugby_data_project_airflow/airflow/dags/Untitled.py
[2021-05-16 09:31:03,046] {scheduler_job.py:639} INFO - DAG(s) dict_keys(['airflow_tutorial_v01']) retrieved from /Users/harry/rugby_data_project_airflow/airflow/dags/Untitled.py
[2021-05-16 09:31:03,086] {logging_mixin.py:104} INFO - [2021-05-16 09:31:03,085] {dag.py:1824} INFO - Sync 1 DAGs
[2021-05-16 09:31:03,103] {logging_mixin.py:104} INFO - [2021-05-16 09:31:03,103] {dag.py:2280} INFO - Setting next_dagrun for airflow_tutorial_v01 to 2017-08-09T10:00:00+00:00
[2021-05-16 09:31:03,110] {scheduler_job.py:190} INFO - Processing /Users/harry/rugby_data_project_airflow/airflow/dags/Untitled.py took 0.079 seconds
[2021-05-16 09:35:54,904] {scheduler_job.py:182} INFO - Started process (PID=56597) to work on /Users/harry/rugby_data_project_airflow/airflow/dags/Untitled.py
[2021-05-16 09:35:54,905] {scheduler_job.py:629} INFO - Processing file /Users/harry/rugby_data_project_airflow/airflow/dags/Untitled.py for tasks to queue
[2021-05-16 09:35:54,906] {logging_mixin.py:104} INFO - [2021-05-16 09:35:54,906] {dagbag.py:451} INFO - Filling up the DagBag from /Users/harry/rugby_data_project_airflow/airflow/dags/Untitled.py
[2021-05-16 09:35:54,916] {scheduler_job.py:639} INFO - DAG(s) dict_keys(['airflow_tutorial_v01']) retrieved from /Users/harry/rugby_data_project_airflow/airflow/dags/Untitled.py
[2021-05-16 09:35:54,954] {logging_mixin.py:104} INFO - [2021-05-16 09:35:54,954] {dag.py:1824} INFO - Sync 1 DAGs
[2021-05-16 09:35:54,971] {logging_mixin.py:104} INFO - [2021-05-16 09:35:54,971] {dag.py:2280} INFO - Setting next_dagrun for airflow_tutorial_v01 to 2017-08-10T11:00:00+00:00
[2021-05-16 09:35:54,979] {scheduler_job.py:190} INFO - Processing /Users/harry/rugby_data_project_airflow/airflow/dags/Untitled.py took 0.076 seconds
[2021-05-16 09:40:46,451] {scheduler_job.py:182} INFO - Started process (PID=58382) to work on /Users/harry/rugby_data_project_airflow/airflow/dags/Untitled.py
[2021-05-16 09:40:46,452] {scheduler_job.py:629} INFO - Processing file /Users/harry/rugby_data_project_airflow/airflow/dags/Untitled.py for tasks to queue
[2021-05-16 09:40:46,453] {logging_mixin.py:104} INFO - [2021-05-16 09:40:46,453] {dagbag.py:451} INFO - Filling up the DagBag from /Users/harry/rugby_data_project_airflow/airflow/dags/Untitled.py
[2021-05-16 09:40:46,464] {scheduler_job.py:639} INFO - DAG(s) dict_keys(['airflow_tutorial_v01']) retrieved from /Users/harry/rugby_data_project_airflow/airflow/dags/Untitled.py
[2021-05-16 09:40:46,504] {logging_mixin.py:104} INFO - [2021-05-16 09:40:46,504] {dag.py:1824} INFO - Sync 1 DAGs
[2021-05-16 09:40:46,521] {logging_mixin.py:104} INFO - [2021-05-16 09:40:46,521] {dag.py:2280} INFO - Setting next_dagrun for airflow_tutorial_v01 to 2017-08-11T12:00:00+00:00
[2021-05-16 09:40:46,529] {scheduler_job.py:190} INFO - Processing /Users/harry/rugby_data_project_airflow/airflow/dags/Untitled.py took 0.079 seconds
[2021-05-16 09:46:16,363] {scheduler_job.py:182} INFO - Started process (PID=60053) to work on /Users/harry/rugby_data_project_airflow/airflow/dags/Untitled.py
[2021-05-16 09:46:16,364] {scheduler_job.py:629} INFO - Processing file /Users/harry/rugby_data_project_airflow/airflow/dags/Untitled.py for tasks to queue
[2021-05-16 09:46:16,365] {logging_mixin.py:104} INFO - [2021-05-16 09:46:16,365] {dagbag.py:451} INFO - Filling up the DagBag from /Users/harry/rugby_data_project_airflow/airflow/dags/Untitled.py
[2021-05-16 09:46:16,387] {scheduler_job.py:639} INFO - DAG(s) dict_keys(['airflow_tutorial_v01']) retrieved from /Users/harry/rugby_data_project_airflow/airflow/dags/Untitled.py
[2021-05-16 09:46:16,559] {logging_mixin.py:104} INFO - [2021-05-16 09:46:16,554] {dag.py:1824} INFO - Sync 1 DAGs
[2021-05-16 09:46:17,139] {logging_mixin.py:104} INFO - [2021-05-16 09:46:17,139] {dag.py:2280} INFO - Setting next_dagrun for airflow_tutorial_v01 to 2017-08-12T10:00:00+00:00
[2021-05-16 09:46:17,840] {scheduler_job.py:190} INFO - Processing /Users/harry/rugby_data_project_airflow/airflow/dags/Untitled.py took 1.476 seconds
[2021-05-16 13:21:48,725] {scheduler_job.py:182} INFO - Started process (PID=4844) to work on /Users/harry/rugby_data_project_airflow/airflow/dags/Untitled.py
[2021-05-16 13:21:48,726] {scheduler_job.py:629} INFO - Processing file /Users/harry/rugby_data_project_airflow/airflow/dags/Untitled.py for tasks to queue
[2021-05-16 13:21:48,726] {logging_mixin.py:104} INFO - [2021-05-16 13:21:48,726] {dagbag.py:451} INFO - Filling up the DagBag from /Users/harry/rugby_data_project_airflow/airflow/dags/Untitled.py
[2021-05-16 13:21:48,734] {scheduler_job.py:639} INFO - DAG(s) dict_keys(['airflow_tutorial_v01']) retrieved from /Users/harry/rugby_data_project_airflow/airflow/dags/Untitled.py
[2021-05-16 13:21:48,759] {logging_mixin.py:104} INFO - [2021-05-16 13:21:48,758] {dag.py:1824} INFO - Sync 1 DAGs
[2021-05-16 13:21:48,768] {logging_mixin.py:104} INFO - [2021-05-16 13:21:48,768] {dag.py:2280} INFO - Setting next_dagrun for airflow_tutorial_v01 to 2017-08-12T19:00:00+00:00
[2021-05-16 13:21:48,773] {scheduler_job.py:190} INFO - Processing /Users/harry/rugby_data_project_airflow/airflow/dags/Untitled.py took 0.049 seconds
[2021-05-16 13:22:46,995] {scheduler_job.py:182} INFO - Started process (PID=5642) to work on /Users/harry/rugby_data_project_airflow/airflow/dags/Untitled.py
[2021-05-16 13:22:46,996] {scheduler_job.py:629} INFO - Processing file /Users/harry/rugby_data_project_airflow/airflow/dags/Untitled.py for tasks to queue
[2021-05-16 13:22:46,996] {logging_mixin.py:104} INFO - [2021-05-16 13:22:46,996] {dagbag.py:451} INFO - Filling up the DagBag from /Users/harry/rugby_data_project_airflow/airflow/dags/Untitled.py
[2021-05-16 13:22:47,003] {scheduler_job.py:639} INFO - DAG(s) dict_keys(['airflow_tutorial_v01']) retrieved from /Users/harry/rugby_data_project_airflow/airflow/dags/Untitled.py
[2021-05-16 13:22:47,028] {logging_mixin.py:104} INFO - [2021-05-16 13:22:47,028] {dag.py:1824} INFO - Sync 1 DAGs
[2021-05-16 13:22:47,036] {logging_mixin.py:104} INFO - [2021-05-16 13:22:47,036] {dag.py:2280} INFO - Setting next_dagrun for airflow_tutorial_v01 to 2017-08-12T19:00:00+00:00
[2021-05-16 13:22:47,042] {scheduler_job.py:190} INFO - Processing /Users/harry/rugby_data_project_airflow/airflow/dags/Untitled.py took 0.047 seconds
[2021-05-16 13:23:34,476] {scheduler_job.py:182} INFO - Started process (PID=6341) to work on /Users/harry/rugby_data_project_airflow/airflow/dags/Untitled.py
[2021-05-16 13:23:34,477] {scheduler_job.py:629} INFO - Processing file /Users/harry/rugby_data_project_airflow/airflow/dags/Untitled.py for tasks to queue
[2021-05-16 13:23:34,478] {logging_mixin.py:104} INFO - [2021-05-16 13:23:34,478] {dagbag.py:451} INFO - Filling up the DagBag from /Users/harry/rugby_data_project_airflow/airflow/dags/Untitled.py
[2021-05-16 13:23:34,485] {scheduler_job.py:639} INFO - DAG(s) dict_keys(['airflow_tutorial_v01']) retrieved from /Users/harry/rugby_data_project_airflow/airflow/dags/Untitled.py
[2021-05-16 13:23:34,508] {logging_mixin.py:104} INFO - [2021-05-16 13:23:34,508] {dag.py:1824} INFO - Sync 1 DAGs
[2021-05-16 13:23:34,516] {logging_mixin.py:104} INFO - [2021-05-16 13:23:34,516] {dag.py:2280} INFO - Setting next_dagrun for airflow_tutorial_v01 to 2017-08-12T19:00:00+00:00
[2021-05-16 13:23:34,521] {scheduler_job.py:190} INFO - Processing /Users/harry/rugby_data_project_airflow/airflow/dags/Untitled.py took 0.045 seconds
[2021-05-16 13:24:09,282] {scheduler_job.py:182} INFO - Started process (PID=6840) to work on /Users/harry/rugby_data_project_airflow/airflow/dags/Untitled.py
[2021-05-16 13:24:09,284] {scheduler_job.py:629} INFO - Processing file /Users/harry/rugby_data_project_airflow/airflow/dags/Untitled.py for tasks to queue
[2021-05-16 13:24:09,284] {logging_mixin.py:104} INFO - [2021-05-16 13:24:09,284] {dagbag.py:451} INFO - Filling up the DagBag from /Users/harry/rugby_data_project_airflow/airflow/dags/Untitled.py
[2021-05-16 13:24:09,291] {scheduler_job.py:639} INFO - DAG(s) dict_keys(['airflow_tutorial_v01']) retrieved from /Users/harry/rugby_data_project_airflow/airflow/dags/Untitled.py
[2021-05-16 13:24:09,315] {logging_mixin.py:104} INFO - [2021-05-16 13:24:09,315] {dag.py:1824} INFO - Sync 1 DAGs
[2021-05-16 13:24:09,323] {logging_mixin.py:104} INFO - [2021-05-16 13:24:09,323] {dag.py:2280} INFO - Setting next_dagrun for airflow_tutorial_v01 to 2017-08-12T19:00:00+00:00
[2021-05-16 13:24:09,329] {scheduler_job.py:190} INFO - Processing /Users/harry/rugby_data_project_airflow/airflow/dags/Untitled.py took 0.047 seconds
[2021-05-16 20:06:42,613] {scheduler_job.py:182} INFO - Started process (PID=14418) to work on /Users/harry/rugby_data_project_airflow/airflow/dags/Untitled.py
[2021-05-16 20:06:42,614] {scheduler_job.py:629} INFO - Processing file /Users/harry/rugby_data_project_airflow/airflow/dags/Untitled.py for tasks to queue
[2021-05-16 20:06:42,615] {logging_mixin.py:104} INFO - [2021-05-16 20:06:42,615] {dagbag.py:451} INFO - Filling up the DagBag from /Users/harry/rugby_data_project_airflow/airflow/dags/Untitled.py
[2021-05-16 20:06:42,627] {scheduler_job.py:639} INFO - DAG(s) dict_keys(['airflow_tutorial_v01']) retrieved from /Users/harry/rugby_data_project_airflow/airflow/dags/Untitled.py
[2021-05-16 20:06:42,655] {logging_mixin.py:104} INFO - [2021-05-16 20:06:42,655] {dag.py:1824} INFO - Sync 1 DAGs
[2021-05-16 20:06:42,666] {logging_mixin.py:104} INFO - [2021-05-16 20:06:42,666] {dag.py:2280} INFO - Setting next_dagrun for airflow_tutorial_v01 to 2017-08-12T19:00:00+00:00
[2021-05-16 20:06:42,672] {scheduler_job.py:190} INFO - Processing /Users/harry/rugby_data_project_airflow/airflow/dags/Untitled.py took 0.059 seconds
[2021-05-16 20:07:18,902] {scheduler_job.py:182} INFO - Started process (PID=14785) to work on /Users/harry/rugby_data_project_airflow/airflow/dags/Untitled.py
[2021-05-16 20:07:18,903] {scheduler_job.py:629} INFO - Processing file /Users/harry/rugby_data_project_airflow/airflow/dags/Untitled.py for tasks to queue
[2021-05-16 20:07:18,904] {logging_mixin.py:104} INFO - [2021-05-16 20:07:18,904] {dagbag.py:451} INFO - Filling up the DagBag from /Users/harry/rugby_data_project_airflow/airflow/dags/Untitled.py
[2021-05-16 20:07:18,912] {scheduler_job.py:639} INFO - DAG(s) dict_keys(['airflow_tutorial_v01']) retrieved from /Users/harry/rugby_data_project_airflow/airflow/dags/Untitled.py
[2021-05-16 20:07:18,936] {logging_mixin.py:104} INFO - [2021-05-16 20:07:18,936] {dag.py:1824} INFO - Sync 1 DAGs
[2021-05-16 20:07:18,945] {logging_mixin.py:104} INFO - [2021-05-16 20:07:18,945] {dag.py:2280} INFO - Setting next_dagrun for airflow_tutorial_v01 to 2017-08-12T19:00:00+00:00
[2021-05-16 20:07:18,950] {scheduler_job.py:190} INFO - Processing /Users/harry/rugby_data_project_airflow/airflow/dags/Untitled.py took 0.048 seconds
[2021-05-16 20:08:04,505] {scheduler_job.py:182} INFO - Started process (PID=15297) to work on /Users/harry/rugby_data_project_airflow/airflow/dags/Untitled.py
[2021-05-16 20:08:04,506] {scheduler_job.py:629} INFO - Processing file /Users/harry/rugby_data_project_airflow/airflow/dags/Untitled.py for tasks to queue
[2021-05-16 20:08:04,506] {logging_mixin.py:104} INFO - [2021-05-16 20:08:04,506] {dagbag.py:451} INFO - Filling up the DagBag from /Users/harry/rugby_data_project_airflow/airflow/dags/Untitled.py
[2021-05-16 20:08:04,513] {scheduler_job.py:639} INFO - DAG(s) dict_keys(['airflow_tutorial_v01']) retrieved from /Users/harry/rugby_data_project_airflow/airflow/dags/Untitled.py
[2021-05-16 20:08:04,536] {logging_mixin.py:104} INFO - [2021-05-16 20:08:04,536] {dag.py:1824} INFO - Sync 1 DAGs
[2021-05-16 20:08:04,539] {logging_mixin.py:104} INFO - [2021-05-16 20:08:04,539] {dag.py:1843} INFO - Creating ORM DAG for airflow_tutorial_v01
[2021-05-16 20:08:04,544] {logging_mixin.py:104} INFO - [2021-05-16 20:08:04,544] {dag.py:2280} INFO - Setting next_dagrun for airflow_tutorial_v01 to 2017-06-01T00:00:00+00:00
[2021-05-16 20:08:04,550] {scheduler_job.py:190} INFO - Processing /Users/harry/rugby_data_project_airflow/airflow/dags/Untitled.py took 0.045 seconds
[2021-05-16 20:08:48,429] {scheduler_job.py:182} INFO - Started process (PID=15771) to work on /Users/harry/rugby_data_project_airflow/airflow/dags/Untitled.py
[2021-05-16 20:08:48,430] {scheduler_job.py:629} INFO - Processing file /Users/harry/rugby_data_project_airflow/airflow/dags/Untitled.py for tasks to queue
[2021-05-16 20:08:48,430] {logging_mixin.py:104} INFO - [2021-05-16 20:08:48,430] {dagbag.py:451} INFO - Filling up the DagBag from /Users/harry/rugby_data_project_airflow/airflow/dags/Untitled.py
[2021-05-16 20:08:48,436] {scheduler_job.py:639} INFO - DAG(s) dict_keys(['airflow_tutorial_v01']) retrieved from /Users/harry/rugby_data_project_airflow/airflow/dags/Untitled.py
[2021-05-16 20:08:48,458] {logging_mixin.py:104} INFO - [2021-05-16 20:08:48,458] {dag.py:1824} INFO - Sync 1 DAGs
[2021-05-16 20:08:48,465] {logging_mixin.py:104} INFO - [2021-05-16 20:08:48,465] {dag.py:2280} INFO - Setting next_dagrun for airflow_tutorial_v01 to 2017-06-01T00:00:00+00:00
[2021-05-16 20:08:48,472] {scheduler_job.py:190} INFO - Processing /Users/harry/rugby_data_project_airflow/airflow/dags/Untitled.py took 0.043 seconds
[2021-05-16 20:09:34,389] {scheduler_job.py:182} INFO - Started process (PID=16283) to work on /Users/harry/rugby_data_project_airflow/airflow/dags/Untitled.py
[2021-05-16 20:09:34,390] {scheduler_job.py:629} INFO - Processing file /Users/harry/rugby_data_project_airflow/airflow/dags/Untitled.py for tasks to queue
[2021-05-16 20:09:34,390] {logging_mixin.py:104} INFO - [2021-05-16 20:09:34,390] {dagbag.py:451} INFO - Filling up the DagBag from /Users/harry/rugby_data_project_airflow/airflow/dags/Untitled.py
[2021-05-16 20:09:34,397] {scheduler_job.py:639} INFO - DAG(s) dict_keys(['airflow_tutorial_v01']) retrieved from /Users/harry/rugby_data_project_airflow/airflow/dags/Untitled.py
[2021-05-16 20:09:34,420] {logging_mixin.py:104} INFO - [2021-05-16 20:09:34,420] {dag.py:1824} INFO - Sync 1 DAGs
[2021-05-16 20:09:34,427] {logging_mixin.py:104} INFO - [2021-05-16 20:09:34,427] {dag.py:2280} INFO - Setting next_dagrun for airflow_tutorial_v01 to 2017-06-01T00:00:00+00:00
[2021-05-16 20:09:34,432] {scheduler_job.py:190} INFO - Processing /Users/harry/rugby_data_project_airflow/airflow/dags/Untitled.py took 0.043 seconds
[2021-05-16 20:10:28,378] {scheduler_job.py:182} INFO - Started process (PID=16952) to work on /Users/harry/rugby_data_project_airflow/airflow/dags/Untitled.py
[2021-05-16 20:10:28,379] {scheduler_job.py:629} INFO - Processing file /Users/harry/rugby_data_project_airflow/airflow/dags/Untitled.py for tasks to queue
[2021-05-16 20:10:28,379] {logging_mixin.py:104} INFO - [2021-05-16 20:10:28,379] {dagbag.py:451} INFO - Filling up the DagBag from /Users/harry/rugby_data_project_airflow/airflow/dags/Untitled.py
[2021-05-16 20:10:29,359] {scheduler_job.py:639} INFO - DAG(s) dict_keys(['matches_links']) retrieved from /Users/harry/rugby_data_project_airflow/airflow/dags/Untitled.py
[2021-05-16 20:10:29,384] {logging_mixin.py:104} INFO - [2021-05-16 20:10:29,384] {dag.py:1824} INFO - Sync 1 DAGs
[2021-05-16 20:10:29,387] {logging_mixin.py:104} INFO - [2021-05-16 20:10:29,387] {dag.py:1843} INFO - Creating ORM DAG for matches_links
[2021-05-16 20:10:29,393] {logging_mixin.py:104} INFO - [2021-05-16 20:10:29,393] {dag.py:2280} INFO - Setting next_dagrun for matches_links to 2017-06-01T00:00:00+00:00
[2021-05-16 20:10:29,400] {scheduler_job.py:190} INFO - Processing /Users/harry/rugby_data_project_airflow/airflow/dags/Untitled.py took 1.023 seconds
[2021-05-16 20:11:14,876] {scheduler_job.py:182} INFO - Started process (PID=17413) to work on /Users/harry/rugby_data_project_airflow/airflow/dags/Untitled.py
[2021-05-16 20:11:14,878] {scheduler_job.py:629} INFO - Processing file /Users/harry/rugby_data_project_airflow/airflow/dags/Untitled.py for tasks to queue
[2021-05-16 20:11:14,878] {logging_mixin.py:104} INFO - [2021-05-16 20:11:14,878] {dagbag.py:451} INFO - Filling up the DagBag from /Users/harry/rugby_data_project_airflow/airflow/dags/Untitled.py
[2021-05-16 20:11:15,217] {scheduler_job.py:639} INFO - DAG(s) dict_keys(['matches_links']) retrieved from /Users/harry/rugby_data_project_airflow/airflow/dags/Untitled.py
[2021-05-16 20:11:15,240] {logging_mixin.py:104} INFO - [2021-05-16 20:11:15,239] {dag.py:1824} INFO - Sync 1 DAGs
[2021-05-16 20:11:15,247] {logging_mixin.py:104} INFO - [2021-05-16 20:11:15,247] {dag.py:2280} INFO - Setting next_dagrun for matches_links to 2017-06-01T00:00:00+00:00
[2021-05-16 20:11:15,253] {scheduler_job.py:190} INFO - Processing /Users/harry/rugby_data_project_airflow/airflow/dags/Untitled.py took 0.377 seconds
[2021-05-16 20:12:00,440] {scheduler_job.py:182} INFO - Started process (PID=17903) to work on /Users/harry/rugby_data_project_airflow/airflow/dags/Untitled.py
[2021-05-16 20:12:00,441] {scheduler_job.py:629} INFO - Processing file /Users/harry/rugby_data_project_airflow/airflow/dags/Untitled.py for tasks to queue
[2021-05-16 20:12:00,441] {logging_mixin.py:104} INFO - [2021-05-16 20:12:00,441] {dagbag.py:451} INFO - Filling up the DagBag from /Users/harry/rugby_data_project_airflow/airflow/dags/Untitled.py
[2021-05-16 20:12:00,767] {scheduler_job.py:639} INFO - DAG(s) dict_keys(['matches_links']) retrieved from /Users/harry/rugby_data_project_airflow/airflow/dags/Untitled.py
[2021-05-16 20:12:00,797] {logging_mixin.py:104} INFO - [2021-05-16 20:12:00,797] {dag.py:1824} INFO - Sync 1 DAGs
[2021-05-16 20:12:00,806] {logging_mixin.py:104} INFO - [2021-05-16 20:12:00,806] {dag.py:2280} INFO - Setting next_dagrun for matches_links to 2017-06-01T00:00:00+00:00
[2021-05-16 20:12:00,814] {scheduler_job.py:190} INFO - Processing /Users/harry/rugby_data_project_airflow/airflow/dags/Untitled.py took 0.375 seconds
[2021-05-16 20:12:47,523] {scheduler_job.py:182} INFO - Started process (PID=18571) to work on /Users/harry/rugby_data_project_airflow/airflow/dags/Untitled.py
[2021-05-16 20:12:47,524] {scheduler_job.py:629} INFO - Processing file /Users/harry/rugby_data_project_airflow/airflow/dags/Untitled.py for tasks to queue
[2021-05-16 20:12:47,524] {logging_mixin.py:104} INFO - [2021-05-16 20:12:47,524] {dagbag.py:451} INFO - Filling up the DagBag from /Users/harry/rugby_data_project_airflow/airflow/dags/Untitled.py
[2021-05-16 20:12:47,524] {scheduler_job.py:641} WARNING - No viable dags retrieved from /Users/harry/rugby_data_project_airflow/airflow/dags/Untitled.py
[2021-05-16 20:12:47,525] {scheduler_job.py:190} INFO - Processing /Users/harry/rugby_data_project_airflow/airflow/dags/Untitled.py took 0.002 seconds
[2021-05-16 20:13:39,925] {scheduler_job.py:182} INFO - Started process (PID=19237) to work on /Users/harry/rugby_data_project_airflow/airflow/dags/Untitled.py
[2021-05-16 20:13:39,926] {scheduler_job.py:629} INFO - Processing file /Users/harry/rugby_data_project_airflow/airflow/dags/Untitled.py for tasks to queue
[2021-05-16 20:13:39,927] {logging_mixin.py:104} INFO - [2021-05-16 20:13:39,927] {dagbag.py:451} INFO - Filling up the DagBag from /Users/harry/rugby_data_project_airflow/airflow/dags/Untitled.py
[2021-05-16 20:13:39,927] {scheduler_job.py:641} WARNING - No viable dags retrieved from /Users/harry/rugby_data_project_airflow/airflow/dags/Untitled.py
[2021-05-16 20:13:39,927] {scheduler_job.py:190} INFO - Processing /Users/harry/rugby_data_project_airflow/airflow/dags/Untitled.py took 0.003 seconds
[2021-05-16 20:14:29,775] {scheduler_job.py:182} INFO - Started process (PID=19785) to work on /Users/harry/rugby_data_project_airflow/airflow/dags/Untitled.py
[2021-05-16 20:14:29,788] {scheduler_job.py:629} INFO - Processing file /Users/harry/rugby_data_project_airflow/airflow/dags/Untitled.py for tasks to queue
[2021-05-16 20:14:29,789] {logging_mixin.py:104} INFO - [2021-05-16 20:14:29,789] {dagbag.py:451} INFO - Filling up the DagBag from /Users/harry/rugby_data_project_airflow/airflow/dags/Untitled.py
[2021-05-16 20:14:29,789] {scheduler_job.py:641} WARNING - No viable dags retrieved from /Users/harry/rugby_data_project_airflow/airflow/dags/Untitled.py
[2021-05-16 20:14:29,789] {scheduler_job.py:190} INFO - Processing /Users/harry/rugby_data_project_airflow/airflow/dags/Untitled.py took 0.015 seconds
[2021-05-16 20:15:14,729] {scheduler_job.py:182} INFO - Started process (PID=21113) to work on /Users/harry/rugby_data_project_airflow/airflow/dags/Untitled.py
[2021-05-16 20:15:14,731] {scheduler_job.py:629} INFO - Processing file /Users/harry/rugby_data_project_airflow/airflow/dags/Untitled.py for tasks to queue
[2021-05-16 20:15:14,732] {logging_mixin.py:104} INFO - [2021-05-16 20:15:14,731] {dagbag.py:451} INFO - Filling up the DagBag from /Users/harry/rugby_data_project_airflow/airflow/dags/Untitled.py
[2021-05-16 20:15:14,732] {scheduler_job.py:641} WARNING - No viable dags retrieved from /Users/harry/rugby_data_project_airflow/airflow/dags/Untitled.py
[2021-05-16 20:15:14,732] {scheduler_job.py:190} INFO - Processing /Users/harry/rugby_data_project_airflow/airflow/dags/Untitled.py took 0.003 seconds
