[2021-05-15 21:18:48,946] {taskinstance.py:877} INFO - Dependencies all met for <TaskInstance: airflow_tutorial_v01.sleep 2017-07-04T15:00:00+00:00 [queued]>
[2021-05-15 21:18:48,950] {taskinstance.py:877} INFO - Dependencies all met for <TaskInstance: airflow_tutorial_v01.sleep 2017-07-04T15:00:00+00:00 [queued]>
[2021-05-15 21:18:48,950] {taskinstance.py:1068} INFO - 
--------------------------------------------------------------------------------
[2021-05-15 21:18:48,950] {taskinstance.py:1069} INFO - Starting attempt 1 of 2
[2021-05-15 21:18:48,950] {taskinstance.py:1070} INFO - 
--------------------------------------------------------------------------------
[2021-05-15 21:18:48,955] {taskinstance.py:1089} INFO - Executing <Task(BashOperator): sleep> on 2017-07-04T15:00:00+00:00
[2021-05-15 21:18:48,957] {standard_task_runner.py:52} INFO - Started process 86403 to run task
[2021-05-15 21:18:48,963] {standard_task_runner.py:76} INFO - Running: ['airflow', 'tasks', 'run', 'airflow_tutorial_v01', 'sleep', '2017-07-04T15:00:00+00:00', '--job-id', '2435', '--pool', 'default_pool', '--raw', '--subdir', 'DAGS_FOLDER/Untitled.py', '--cfg-path', '/var/folders/tp/ft4rfkmn1kz3dyw8hlfz1dxw0000gn/T/tmpm9f5ti77', '--error-file', '/var/folders/tp/ft4rfkmn1kz3dyw8hlfz1dxw0000gn/T/tmpjlbosrj1']
[2021-05-15 21:18:48,964] {standard_task_runner.py:77} INFO - Job 2435: Subtask sleep
[2021-05-15 21:18:48,993] {logging_mixin.py:104} INFO - Running <TaskInstance: airflow_tutorial_v01.sleep 2017-07-04T15:00:00+00:00 [running]> on host henrys-macbook-pro.local
[2021-05-15 21:18:49,015] {taskinstance.py:1281} INFO - Exporting the following env vars:
AIRFLOW_CTX_DAG_OWNER=me
AIRFLOW_CTX_DAG_ID=airflow_tutorial_v01
AIRFLOW_CTX_TASK_ID=sleep
AIRFLOW_CTX_EXECUTION_DATE=2017-07-04T15:00:00+00:00
AIRFLOW_CTX_DAG_RUN_ID=scheduled__2017-07-04T15:00:00+00:00
[2021-05-15 21:18:49,015] {bash.py:135} INFO - Tmp dir root location: 
 /var/folders/tp/ft4rfkmn1kz3dyw8hlfz1dxw0000gn/T
[2021-05-15 21:18:49,016] {bash.py:158} INFO - Running command: sleep 5
[2021-05-15 21:18:49,022] {bash.py:169} INFO - Output:
[2021-05-15 21:18:54,027] {bash.py:177} INFO - Command exited with return code 0
[2021-05-15 21:18:54,042] {taskinstance.py:1185} INFO - Marking task as SUCCESS. dag_id=airflow_tutorial_v01, task_id=sleep, execution_date=20170704T150000, start_date=20210515T201848, end_date=20210515T201854
[2021-05-15 21:18:54,057] {taskinstance.py:1246} INFO - 1 downstream tasks scheduled from follow-on schedule check
[2021-05-15 21:18:54,079] {local_task_job.py:146} INFO - Task exited with return code 0
