[2021-05-16 09:29:05,752] {taskinstance.py:877} INFO - Dependencies all met for <TaskInstance: airflow_tutorial_v01.print_world 2017-08-08T21:00:00+00:00 [queued]>
[2021-05-16 09:29:05,759] {taskinstance.py:877} INFO - Dependencies all met for <TaskInstance: airflow_tutorial_v01.print_world 2017-08-08T21:00:00+00:00 [queued]>
[2021-05-16 09:29:05,759] {taskinstance.py:1068} INFO - 
--------------------------------------------------------------------------------
[2021-05-16 09:29:05,759] {taskinstance.py:1069} INFO - Starting attempt 1 of 2
[2021-05-16 09:29:05,759] {taskinstance.py:1070} INFO - 
--------------------------------------------------------------------------------
[2021-05-16 09:29:05,766] {taskinstance.py:1089} INFO - Executing <Task(PythonOperator): print_world> on 2017-08-08T21:00:00+00:00
[2021-05-16 09:29:05,769] {standard_task_runner.py:52} INFO - Started process 54159 to run task
[2021-05-16 09:29:05,778] {standard_task_runner.py:76} INFO - Running: ['airflow', 'tasks', 'run', 'airflow_tutorial_v01', 'print_world', '2017-08-08T21:00:00+00:00', '--job-id', '4980', '--pool', 'default_pool', '--raw', '--subdir', 'DAGS_FOLDER/Untitled.py', '--cfg-path', '/var/folders/tp/ft4rfkmn1kz3dyw8hlfz1dxw0000gn/T/tmpb46iax89', '--error-file', '/var/folders/tp/ft4rfkmn1kz3dyw8hlfz1dxw0000gn/T/tmp95vdnw59']
[2021-05-16 09:29:05,780] {standard_task_runner.py:77} INFO - Job 4980: Subtask print_world
[2021-05-16 09:29:05,821] {logging_mixin.py:104} INFO - Running <TaskInstance: airflow_tutorial_v01.print_world 2017-08-08T21:00:00+00:00 [running]> on host 1.0.0.127.in-addr.arpa
[2021-05-16 09:29:06,063] {taskinstance.py:1281} INFO - Exporting the following env vars:
AIRFLOW_CTX_DAG_OWNER=me
AIRFLOW_CTX_DAG_ID=airflow_tutorial_v01
AIRFLOW_CTX_TASK_ID=print_world
AIRFLOW_CTX_EXECUTION_DATE=2017-08-08T21:00:00+00:00
AIRFLOW_CTX_DAG_RUN_ID=scheduled__2017-08-08T21:00:00+00:00
[2021-05-16 09:29:06,064] {logging_mixin.py:104} INFO - world
[2021-05-16 09:29:06,065] {python.py:118} INFO - Done. Returned value was: None
[2021-05-16 09:29:06,070] {taskinstance.py:1185} INFO - Marking task as SUCCESS. dag_id=airflow_tutorial_v01, task_id=print_world, execution_date=20170808T210000, start_date=20210516T082905, end_date=20210516T082906
[2021-05-16 09:29:06,083] {taskinstance.py:1246} INFO - 0 downstream tasks scheduled from follow-on schedule check
[2021-05-16 09:29:06,112] {local_task_job.py:146} INFO - Task exited with return code 0
