[2021-05-15 22:04:49,313] {taskinstance.py:877} INFO - Dependencies all met for <TaskInstance: airflow_tutorial_v01.sleep 2017-07-17T06:00:00+00:00 [queued]>
[2021-05-15 22:04:49,317] {taskinstance.py:877} INFO - Dependencies all met for <TaskInstance: airflow_tutorial_v01.sleep 2017-07-17T06:00:00+00:00 [queued]>
[2021-05-15 22:04:49,317] {taskinstance.py:1068} INFO - 
--------------------------------------------------------------------------------
[2021-05-15 22:04:49,317] {taskinstance.py:1069} INFO - Starting attempt 1 of 2
[2021-05-15 22:04:49,318] {taskinstance.py:1070} INFO - 
--------------------------------------------------------------------------------
[2021-05-15 22:04:49,322] {taskinstance.py:1089} INFO - Executing <Task(BashOperator): sleep> on 2017-07-17T06:00:00+00:00
[2021-05-15 22:04:49,324] {standard_task_runner.py:52} INFO - Started process 9852 to run task
[2021-05-15 22:04:49,330] {standard_task_runner.py:76} INFO - Running: ['airflow', 'tasks', 'run', 'airflow_tutorial_v01', 'sleep', '2017-07-17T06:00:00+00:00', '--job-id', '3345', '--pool', 'default_pool', '--raw', '--subdir', 'DAGS_FOLDER/Untitled.py', '--cfg-path', '/var/folders/tp/ft4rfkmn1kz3dyw8hlfz1dxw0000gn/T/tmp4ekp8hfk', '--error-file', '/var/folders/tp/ft4rfkmn1kz3dyw8hlfz1dxw0000gn/T/tmp3ivx84d1']
[2021-05-15 22:04:49,332] {standard_task_runner.py:77} INFO - Job 3345: Subtask sleep
[2021-05-15 22:04:49,360] {logging_mixin.py:104} INFO - Running <TaskInstance: airflow_tutorial_v01.sleep 2017-07-17T06:00:00+00:00 [running]> on host henrys-macbook-pro.local
[2021-05-15 22:04:49,381] {taskinstance.py:1281} INFO - Exporting the following env vars:
AIRFLOW_CTX_DAG_OWNER=me
AIRFLOW_CTX_DAG_ID=airflow_tutorial_v01
AIRFLOW_CTX_TASK_ID=sleep
AIRFLOW_CTX_EXECUTION_DATE=2017-07-17T06:00:00+00:00
AIRFLOW_CTX_DAG_RUN_ID=scheduled__2017-07-17T06:00:00+00:00
[2021-05-15 22:04:49,382] {bash.py:135} INFO - Tmp dir root location: 
 /var/folders/tp/ft4rfkmn1kz3dyw8hlfz1dxw0000gn/T
[2021-05-15 22:04:49,383] {bash.py:158} INFO - Running command: sleep 5
[2021-05-15 22:04:49,389] {bash.py:169} INFO - Output:
[2021-05-15 22:04:54,396] {bash.py:177} INFO - Command exited with return code 0
[2021-05-15 22:04:54,419] {taskinstance.py:1185} INFO - Marking task as SUCCESS. dag_id=airflow_tutorial_v01, task_id=sleep, execution_date=20170717T060000, start_date=20210515T210449, end_date=20210515T210454
[2021-05-15 22:04:54,435] {taskinstance.py:1246} INFO - 1 downstream tasks scheduled from follow-on schedule check
[2021-05-15 22:04:54,467] {local_task_job.py:146} INFO - Task exited with return code 0
