[2021-05-15 17:58:58,152] {taskinstance.py:877} INFO - Dependencies all met for <TaskInstance: airflow_tutorial_v01.print_hello 2017-06-06T18:00:00+00:00 [queued]>
[2021-05-15 17:58:58,156] {taskinstance.py:877} INFO - Dependencies all met for <TaskInstance: airflow_tutorial_v01.print_hello 2017-06-06T18:00:00+00:00 [queued]>
[2021-05-15 17:58:58,157] {taskinstance.py:1068} INFO - 
--------------------------------------------------------------------------------
[2021-05-15 17:58:58,157] {taskinstance.py:1069} INFO - Starting attempt 1 of 2
[2021-05-15 17:58:58,157] {taskinstance.py:1070} INFO - 
--------------------------------------------------------------------------------
[2021-05-15 17:58:58,162] {taskinstance.py:1089} INFO - Executing <Task(BashOperator): print_hello> on 2017-06-06T18:00:00+00:00
[2021-05-15 17:58:58,163] {standard_task_runner.py:52} INFO - Started process 35245 to run task
[2021-05-15 17:58:58,169] {standard_task_runner.py:76} INFO - Running: ['airflow', 'tasks', 'run', 'airflow_tutorial_v01', 'print_hello', '2017-06-06T18:00:00+00:00', '--job-id', '415', '--pool', 'default_pool', '--raw', '--subdir', 'DAGS_FOLDER/Untitled.py', '--cfg-path', '/var/folders/tp/ft4rfkmn1kz3dyw8hlfz1dxw0000gn/T/tmpm4gaw3zs', '--error-file', '/var/folders/tp/ft4rfkmn1kz3dyw8hlfz1dxw0000gn/T/tmpev0fhv9m']
[2021-05-15 17:58:58,171] {standard_task_runner.py:77} INFO - Job 415: Subtask print_hello
[2021-05-15 17:58:58,198] {logging_mixin.py:104} INFO - Running <TaskInstance: airflow_tutorial_v01.print_hello 2017-06-06T18:00:00+00:00 [running]> on host 1.0.0.127.in-addr.arpa
[2021-05-15 17:58:58,220] {taskinstance.py:1281} INFO - Exporting the following env vars:
AIRFLOW_CTX_DAG_OWNER=me
AIRFLOW_CTX_DAG_ID=airflow_tutorial_v01
AIRFLOW_CTX_TASK_ID=print_hello
AIRFLOW_CTX_EXECUTION_DATE=2017-06-06T18:00:00+00:00
AIRFLOW_CTX_DAG_RUN_ID=scheduled__2017-06-06T18:00:00+00:00
[2021-05-15 17:58:58,221] {bash.py:135} INFO - Tmp dir root location: 
 /var/folders/tp/ft4rfkmn1kz3dyw8hlfz1dxw0000gn/T
[2021-05-15 17:58:58,222] {bash.py:158} INFO - Running command: echo "hello"
[2021-05-15 17:58:58,230] {bash.py:169} INFO - Output:
[2021-05-15 17:58:58,232] {bash.py:173} INFO - hello
[2021-05-15 17:58:58,233] {bash.py:177} INFO - Command exited with return code 0
[2021-05-15 17:58:58,246] {taskinstance.py:1185} INFO - Marking task as SUCCESS. dag_id=airflow_tutorial_v01, task_id=print_hello, execution_date=20170606T180000, start_date=20210515T165858, end_date=20210515T165858
[2021-05-15 17:58:58,258] {taskinstance.py:1246} INFO - 1 downstream tasks scheduled from follow-on schedule check
[2021-05-15 17:58:58,268] {local_task_job.py:146} INFO - Task exited with return code 0
