[2021-05-15 18:24:00,151] {taskinstance.py:877} INFO - Dependencies all met for <TaskInstance: airflow_tutorial_v01.sleep 2017-06-11T18:00:00+00:00 [queued]>
[2021-05-15 18:24:00,155] {taskinstance.py:877} INFO - Dependencies all met for <TaskInstance: airflow_tutorial_v01.sleep 2017-06-11T18:00:00+00:00 [queued]>
[2021-05-15 18:24:00,155] {taskinstance.py:1068} INFO - 
--------------------------------------------------------------------------------
[2021-05-15 18:24:00,155] {taskinstance.py:1069} INFO - Starting attempt 1 of 2
[2021-05-15 18:24:00,155] {taskinstance.py:1070} INFO - 
--------------------------------------------------------------------------------
[2021-05-15 18:24:00,160] {taskinstance.py:1089} INFO - Executing <Task(BashOperator): sleep> on 2017-06-11T18:00:00+00:00
[2021-05-15 18:24:00,162] {standard_task_runner.py:52} INFO - Started process 44387 to run task
[2021-05-15 18:24:00,167] {standard_task_runner.py:76} INFO - Running: ['airflow', 'tasks', 'run', 'airflow_tutorial_v01', 'sleep', '2017-06-11T18:00:00+00:00', '--job-id', '780', '--pool', 'default_pool', '--raw', '--subdir', 'DAGS_FOLDER/Untitled.py', '--cfg-path', '/var/folders/tp/ft4rfkmn1kz3dyw8hlfz1dxw0000gn/T/tmpe_ezaf2c', '--error-file', '/var/folders/tp/ft4rfkmn1kz3dyw8hlfz1dxw0000gn/T/tmp3i823dix']
[2021-05-15 18:24:00,169] {standard_task_runner.py:77} INFO - Job 780: Subtask sleep
[2021-05-15 18:24:00,202] {logging_mixin.py:104} INFO - Running <TaskInstance: airflow_tutorial_v01.sleep 2017-06-11T18:00:00+00:00 [running]> on host 1.0.0.127.in-addr.arpa
[2021-05-15 18:24:00,223] {taskinstance.py:1281} INFO - Exporting the following env vars:
AIRFLOW_CTX_DAG_OWNER=me
AIRFLOW_CTX_DAG_ID=airflow_tutorial_v01
AIRFLOW_CTX_TASK_ID=sleep
AIRFLOW_CTX_EXECUTION_DATE=2017-06-11T18:00:00+00:00
AIRFLOW_CTX_DAG_RUN_ID=scheduled__2017-06-11T18:00:00+00:00
[2021-05-15 18:24:00,224] {bash.py:135} INFO - Tmp dir root location: 
 /var/folders/tp/ft4rfkmn1kz3dyw8hlfz1dxw0000gn/T
[2021-05-15 18:24:00,225] {bash.py:158} INFO - Running command: sleep 5
[2021-05-15 18:24:00,230] {bash.py:169} INFO - Output:
[2021-05-15 18:24:05,238] {bash.py:177} INFO - Command exited with return code 0
[2021-05-15 18:24:05,259] {taskinstance.py:1185} INFO - Marking task as SUCCESS. dag_id=airflow_tutorial_v01, task_id=sleep, execution_date=20170611T180000, start_date=20210515T172400, end_date=20210515T172405
[2021-05-15 18:24:05,275] {taskinstance.py:1246} INFO - 1 downstream tasks scheduled from follow-on schedule check
[2021-05-15 18:24:05,315] {local_task_job.py:146} INFO - Task exited with return code 0
