[2021-05-15 22:49:33,892] {taskinstance.py:877} INFO - Dependencies all met for <TaskInstance: airflow_tutorial_v01.print_hello 2017-07-29T02:00:00+00:00 [queued]>
[2021-05-15 22:49:33,898] {taskinstance.py:877} INFO - Dependencies all met for <TaskInstance: airflow_tutorial_v01.print_hello 2017-07-29T02:00:00+00:00 [queued]>
[2021-05-15 22:49:33,898] {taskinstance.py:1068} INFO - 
--------------------------------------------------------------------------------
[2021-05-15 22:49:33,898] {taskinstance.py:1069} INFO - Starting attempt 1 of 2
[2021-05-15 22:49:33,898] {taskinstance.py:1070} INFO - 
--------------------------------------------------------------------------------
[2021-05-15 22:49:33,904] {taskinstance.py:1089} INFO - Executing <Task(BashOperator): print_hello> on 2017-07-29T02:00:00+00:00
[2021-05-15 22:49:33,906] {standard_task_runner.py:52} INFO - Started process 31208 to run task
[2021-05-15 22:49:33,914] {standard_task_runner.py:76} INFO - Running: ['airflow', 'tasks', 'run', 'airflow_tutorial_v01', 'print_hello', '2017-07-29T02:00:00+00:00', '--job-id', '4194', '--pool', 'default_pool', '--raw', '--subdir', 'DAGS_FOLDER/Untitled.py', '--cfg-path', '/var/folders/tp/ft4rfkmn1kz3dyw8hlfz1dxw0000gn/T/tmpk3gxcau_', '--error-file', '/var/folders/tp/ft4rfkmn1kz3dyw8hlfz1dxw0000gn/T/tmp2a6ahfbf']
[2021-05-15 22:49:33,916] {standard_task_runner.py:77} INFO - Job 4194: Subtask print_hello
[2021-05-15 22:49:33,953] {logging_mixin.py:104} INFO - Running <TaskInstance: airflow_tutorial_v01.print_hello 2017-07-29T02:00:00+00:00 [running]> on host 1.0.0.127.in-addr.arpa
[2021-05-15 22:49:33,977] {taskinstance.py:1281} INFO - Exporting the following env vars:
AIRFLOW_CTX_DAG_OWNER=me
AIRFLOW_CTX_DAG_ID=airflow_tutorial_v01
AIRFLOW_CTX_TASK_ID=print_hello
AIRFLOW_CTX_EXECUTION_DATE=2017-07-29T02:00:00+00:00
AIRFLOW_CTX_DAG_RUN_ID=scheduled__2017-07-29T02:00:00+00:00
[2021-05-15 22:49:33,977] {bash.py:135} INFO - Tmp dir root location: 
 /var/folders/tp/ft4rfkmn1kz3dyw8hlfz1dxw0000gn/T
[2021-05-15 22:49:33,978] {bash.py:158} INFO - Running command: echo "hello"
[2021-05-15 22:49:33,985] {bash.py:169} INFO - Output:
[2021-05-15 22:49:33,989] {bash.py:173} INFO - hello
[2021-05-15 22:49:33,990] {bash.py:177} INFO - Command exited with return code 0
[2021-05-15 22:49:34,002] {taskinstance.py:1185} INFO - Marking task as SUCCESS. dag_id=airflow_tutorial_v01, task_id=print_hello, execution_date=20170729T020000, start_date=20210515T214933, end_date=20210515T214934
[2021-05-15 22:49:34,015] {taskinstance.py:1246} INFO - 1 downstream tasks scheduled from follow-on schedule check
[2021-05-15 22:49:34,052] {local_task_job.py:146} INFO - Task exited with return code 0
