[2021-05-17 10:03:03,625] {taskinstance.py:877} INFO - Dependencies all met for <TaskInstance: matches_links.get_super_rugby_aus_links 2021-05-16T09:00:00+00:00 [queued]>
[2021-05-17 10:03:03,632] {taskinstance.py:877} INFO - Dependencies all met for <TaskInstance: matches_links.get_super_rugby_aus_links 2021-05-16T09:00:00+00:00 [queued]>
[2021-05-17 10:03:03,632] {taskinstance.py:1068} INFO - 
--------------------------------------------------------------------------------
[2021-05-17 10:03:03,632] {taskinstance.py:1069} INFO - Starting attempt 1 of 2
[2021-05-17 10:03:03,632] {taskinstance.py:1070} INFO - 
--------------------------------------------------------------------------------
[2021-05-17 10:03:03,638] {taskinstance.py:1089} INFO - Executing <Task(BashOperator): get_super_rugby_aus_links> on 2021-05-16T09:00:00+00:00
[2021-05-17 10:03:03,640] {standard_task_runner.py:52} INFO - Started process 38800 to run task
[2021-05-17 10:03:03,646] {standard_task_runner.py:76} INFO - Running: ['airflow', 'tasks', 'run', 'matches_links', 'get_super_rugby_aus_links', '2021-05-16T09:00:00+00:00', '--job-id', '17', '--pool', 'default_pool', '--raw', '--subdir', 'DAGS_FOLDER/matches_links/matches_links.py', '--cfg-path', '/var/folders/tp/ft4rfkmn1kz3dyw8hlfz1dxw0000gn/T/tmpmb8wappx', '--error-file', '/var/folders/tp/ft4rfkmn1kz3dyw8hlfz1dxw0000gn/T/tmphbw6k5z4']
[2021-05-17 10:03:03,648] {standard_task_runner.py:77} INFO - Job 17: Subtask get_super_rugby_aus_links
[2021-05-17 10:03:03,677] {logging_mixin.py:104} INFO - Running <TaskInstance: matches_links.get_super_rugby_aus_links 2021-05-16T09:00:00+00:00 [running]> on host henrys-macbook-pro.local
[2021-05-17 10:03:03,699] {taskinstance.py:1281} INFO - Exporting the following env vars:
AIRFLOW_CTX_DAG_OWNER=me
AIRFLOW_CTX_DAG_ID=matches_links
AIRFLOW_CTX_TASK_ID=get_super_rugby_aus_links
AIRFLOW_CTX_EXECUTION_DATE=2021-05-16T09:00:00+00:00
AIRFLOW_CTX_DAG_RUN_ID=scheduled__2021-05-16T09:00:00+00:00
[2021-05-17 10:03:03,700] {bash.py:135} INFO - Tmp dir root location: 
 /var/folders/tp/ft4rfkmn1kz3dyw8hlfz1dxw0000gn/T
[2021-05-17 10:03:03,701] {bash.py:158} INFO - Running command: Rscript /Users/harry/rugby_data_project_airflow/R/scripts/create_matches_table.R https://www.rugbypass.com/super-rugby-australia/matches/ 2021-05-16
[2021-05-17 10:03:03,708] {bash.py:169} INFO - Output:
[2021-05-17 10:03:04,720] {bash.py:173} INFO - ── Attaching packages ─────────────────────────────────────── tidyverse 1.3.0 ──
[2021-05-17 10:03:04,724] {bash.py:173} INFO - ✔ ggplot2 3.3.3     ✔ purrr   0.3.3
[2021-05-17 10:03:04,724] {bash.py:173} INFO - ✔ tibble  3.0.4     ✔ dplyr   1.0.2
[2021-05-17 10:03:04,725] {bash.py:173} INFO - ✔ tidyr   1.1.2     ✔ stringr 1.4.0
[2021-05-17 10:03:04,725] {bash.py:173} INFO - ✔ readr   1.3.1     ✔ forcats 0.5.0
[2021-05-17 10:03:04,795] {bash.py:173} INFO - ── Conflicts ────────────────────────────────────────── tidyverse_conflicts() ──
[2021-05-17 10:03:04,796] {bash.py:173} INFO - ✖ dplyr::filter() masks stats::filter()
[2021-05-17 10:03:04,796] {bash.py:173} INFO - ✖ dplyr::lag()    masks stats::lag()
[2021-05-17 10:03:04,802] {bash.py:173} INFO - 
[2021-05-17 10:03:04,802] {bash.py:173} INFO - Attaching package: ‘lubridate’
[2021-05-17 10:03:04,803] {bash.py:173} INFO - 
[2021-05-17 10:03:04,803] {bash.py:173} INFO - The following objects are masked from ‘package:base’:
[2021-05-17 10:03:04,803] {bash.py:173} INFO - 
[2021-05-17 10:03:04,803] {bash.py:173} INFO -     date, intersect, setdiff, union
[2021-05-17 10:03:04,804] {bash.py:173} INFO - 
[2021-05-17 10:03:04,805] {bash.py:173} INFO - Loading required package: xml2
[2021-05-17 10:03:04,815] {bash.py:173} INFO - 
[2021-05-17 10:03:04,815] {bash.py:173} INFO - Attaching package: ‘rvest’
[2021-05-17 10:03:04,815] {bash.py:173} INFO - 
[2021-05-17 10:03:04,816] {bash.py:173} INFO - The following object is masked from ‘package:purrr’:
[2021-05-17 10:03:04,816] {bash.py:173} INFO - 
[2021-05-17 10:03:04,816] {bash.py:173} INFO -     pluck
[2021-05-17 10:03:04,817] {bash.py:173} INFO - 
[2021-05-17 10:03:04,817] {bash.py:173} INFO - The following object is masked from ‘package:readr’:
[2021-05-17 10:03:04,817] {bash.py:173} INFO - 
[2021-05-17 10:03:04,817] {bash.py:173} INFO -     guess_encoding
[2021-05-17 10:03:04,818] {bash.py:173} INFO - 
[2021-05-17 10:03:04,818] {bash.py:173} INFO - [1] "2021-05-16"
[2021-05-17 10:03:04,820] {bash.py:173} INFO - [1] "Getting super_rugby_australia links"
[2021-05-17 10:03:07,115] {bash.py:173} INFO - [1] "super_rugby_australia saved"
[2021-05-17 10:03:07,130] {bash.py:177} INFO - Command exited with return code 0
[2021-05-17 10:03:07,144] {taskinstance.py:1185} INFO - Marking task as SUCCESS. dag_id=matches_links, task_id=get_super_rugby_aus_links, execution_date=20210516T090000, start_date=20210517T090303, end_date=20210517T090307
[2021-05-17 10:03:07,153] {taskinstance.py:1246} INFO - 0 downstream tasks scheduled from follow-on schedule check
[2021-05-17 10:03:07,180] {local_task_job.py:146} INFO - Task exited with return code 0
