[2021-05-15 18:20:26,325] {taskinstance.py:877} INFO - Dependencies all met for <TaskInstance: airflow_tutorial_v01.sleep 2017-06-10T19:00:00+00:00 [queued]>
[2021-05-15 18:20:26,329] {taskinstance.py:877} INFO - Dependencies all met for <TaskInstance: airflow_tutorial_v01.sleep 2017-06-10T19:00:00+00:00 [queued]>
[2021-05-15 18:20:26,329] {taskinstance.py:1068} INFO - 
--------------------------------------------------------------------------------
[2021-05-15 18:20:26,329] {taskinstance.py:1069} INFO - Starting attempt 1 of 2
[2021-05-15 18:20:26,329] {taskinstance.py:1070} INFO - 
--------------------------------------------------------------------------------
[2021-05-15 18:20:26,334] {taskinstance.py:1089} INFO - Executing <Task(BashOperator): sleep> on 2017-06-10T19:00:00+00:00
[2021-05-15 18:20:26,336] {standard_task_runner.py:52} INFO - Started process 42632 to run task
[2021-05-15 18:20:26,341] {standard_task_runner.py:76} INFO - Running: ['airflow', 'tasks', 'run', 'airflow_tutorial_v01', 'sleep', '2017-06-10T19:00:00+00:00', '--job-id', '708', '--pool', 'default_pool', '--raw', '--subdir', 'DAGS_FOLDER/Untitled.py', '--cfg-path', '/var/folders/tp/ft4rfkmn1kz3dyw8hlfz1dxw0000gn/T/tmpjt933rnd', '--error-file', '/var/folders/tp/ft4rfkmn1kz3dyw8hlfz1dxw0000gn/T/tmp5rm9xvnm']
[2021-05-15 18:20:26,343] {standard_task_runner.py:77} INFO - Job 708: Subtask sleep
[2021-05-15 18:20:26,370] {logging_mixin.py:104} INFO - Running <TaskInstance: airflow_tutorial_v01.sleep 2017-06-10T19:00:00+00:00 [running]> on host 1.0.0.127.in-addr.arpa
[2021-05-15 18:20:26,391] {taskinstance.py:1281} INFO - Exporting the following env vars:
AIRFLOW_CTX_DAG_OWNER=me
AIRFLOW_CTX_DAG_ID=airflow_tutorial_v01
AIRFLOW_CTX_TASK_ID=sleep
AIRFLOW_CTX_EXECUTION_DATE=2017-06-10T19:00:00+00:00
AIRFLOW_CTX_DAG_RUN_ID=scheduled__2017-06-10T19:00:00+00:00
[2021-05-15 18:20:26,392] {bash.py:135} INFO - Tmp dir root location: 
 /var/folders/tp/ft4rfkmn1kz3dyw8hlfz1dxw0000gn/T
[2021-05-15 18:20:26,392] {bash.py:158} INFO - Running command: sleep 5
[2021-05-15 18:20:26,398] {bash.py:169} INFO - Output:
[2021-05-15 18:20:31,404] {bash.py:177} INFO - Command exited with return code 0
[2021-05-15 18:20:31,422] {taskinstance.py:1185} INFO - Marking task as SUCCESS. dag_id=airflow_tutorial_v01, task_id=sleep, execution_date=20170610T190000, start_date=20210515T172026, end_date=20210515T172031
[2021-05-15 18:20:31,436] {taskinstance.py:1246} INFO - 1 downstream tasks scheduled from follow-on schedule check
[2021-05-15 18:20:31,473] {local_task_job.py:146} INFO - Task exited with return code 0
