[2021-05-15 21:52:48,169] {taskinstance.py:877} INFO - Dependencies all met for <TaskInstance: airflow_tutorial_v01.sleep 2017-07-13T23:00:00+00:00 [queued]>
[2021-05-15 21:52:48,173] {taskinstance.py:877} INFO - Dependencies all met for <TaskInstance: airflow_tutorial_v01.sleep 2017-07-13T23:00:00+00:00 [queued]>
[2021-05-15 21:52:48,173] {taskinstance.py:1068} INFO - 
--------------------------------------------------------------------------------
[2021-05-15 21:52:48,173] {taskinstance.py:1069} INFO - Starting attempt 1 of 2
[2021-05-15 21:52:48,173] {taskinstance.py:1070} INFO - 
--------------------------------------------------------------------------------
[2021-05-15 21:52:48,179] {taskinstance.py:1089} INFO - Executing <Task(BashOperator): sleep> on 2017-07-13T23:00:00+00:00
[2021-05-15 21:52:48,181] {standard_task_runner.py:52} INFO - Started process 3809 to run task
[2021-05-15 21:52:48,186] {standard_task_runner.py:76} INFO - Running: ['airflow', 'tasks', 'run', 'airflow_tutorial_v01', 'sleep', '2017-07-13T23:00:00+00:00', '--job-id', '3108', '--pool', 'default_pool', '--raw', '--subdir', 'DAGS_FOLDER/Untitled.py', '--cfg-path', '/var/folders/tp/ft4rfkmn1kz3dyw8hlfz1dxw0000gn/T/tmphe40abin', '--error-file', '/var/folders/tp/ft4rfkmn1kz3dyw8hlfz1dxw0000gn/T/tmpo5x4mr6h']
[2021-05-15 21:52:48,187] {standard_task_runner.py:77} INFO - Job 3108: Subtask sleep
[2021-05-15 21:52:48,217] {logging_mixin.py:104} INFO - Running <TaskInstance: airflow_tutorial_v01.sleep 2017-07-13T23:00:00+00:00 [running]> on host 1.0.0.0.0.0.0.0.0.0.0.0.0.0.0.0.0.0.0.0.0.0.0.0.0.0.0.0.0.0.0.0.ip6.arpa
[2021-05-15 21:52:48,238] {taskinstance.py:1281} INFO - Exporting the following env vars:
AIRFLOW_CTX_DAG_OWNER=me
AIRFLOW_CTX_DAG_ID=airflow_tutorial_v01
AIRFLOW_CTX_TASK_ID=sleep
AIRFLOW_CTX_EXECUTION_DATE=2017-07-13T23:00:00+00:00
AIRFLOW_CTX_DAG_RUN_ID=scheduled__2017-07-13T23:00:00+00:00
[2021-05-15 21:52:48,239] {bash.py:135} INFO - Tmp dir root location: 
 /var/folders/tp/ft4rfkmn1kz3dyw8hlfz1dxw0000gn/T
[2021-05-15 21:52:48,240] {bash.py:158} INFO - Running command: sleep 5
[2021-05-15 21:52:48,246] {bash.py:169} INFO - Output:
[2021-05-15 21:52:53,256] {bash.py:177} INFO - Command exited with return code 0
[2021-05-15 21:52:53,276] {taskinstance.py:1185} INFO - Marking task as SUCCESS. dag_id=airflow_tutorial_v01, task_id=sleep, execution_date=20170713T230000, start_date=20210515T205248, end_date=20210515T205253
[2021-05-15 21:52:53,294] {taskinstance.py:1246} INFO - 1 downstream tasks scheduled from follow-on schedule check
[2021-05-15 21:52:53,332] {local_task_job.py:146} INFO - Task exited with return code 0
