[2021-05-15 21:11:49,353] {taskinstance.py:877} INFO - Dependencies all met for <TaskInstance: airflow_tutorial_v01.print_world 2017-07-02T15:00:00+00:00 [queued]>
[2021-05-15 21:11:49,358] {taskinstance.py:877} INFO - Dependencies all met for <TaskInstance: airflow_tutorial_v01.print_world 2017-07-02T15:00:00+00:00 [queued]>
[2021-05-15 21:11:49,358] {taskinstance.py:1068} INFO - 
--------------------------------------------------------------------------------
[2021-05-15 21:11:49,358] {taskinstance.py:1069} INFO - Starting attempt 1 of 2
[2021-05-15 21:11:49,358] {taskinstance.py:1070} INFO - 
--------------------------------------------------------------------------------
[2021-05-15 21:11:49,362] {taskinstance.py:1089} INFO - Executing <Task(PythonOperator): print_world> on 2017-07-02T15:00:00+00:00
[2021-05-15 21:11:49,364] {standard_task_runner.py:52} INFO - Started process 82810 to run task
[2021-05-15 21:11:49,370] {standard_task_runner.py:76} INFO - Running: ['airflow', 'tasks', 'run', 'airflow_tutorial_v01', 'print_world', '2017-07-02T15:00:00+00:00', '--job-id', '2295', '--pool', 'default_pool', '--raw', '--subdir', 'DAGS_FOLDER/Untitled.py', '--cfg-path', '/var/folders/tp/ft4rfkmn1kz3dyw8hlfz1dxw0000gn/T/tmpirvrx9cs', '--error-file', '/var/folders/tp/ft4rfkmn1kz3dyw8hlfz1dxw0000gn/T/tmpjskjm3ym']
[2021-05-15 21:11:49,371] {standard_task_runner.py:77} INFO - Job 2295: Subtask print_world
[2021-05-15 21:11:49,399] {logging_mixin.py:104} INFO - Running <TaskInstance: airflow_tutorial_v01.print_world 2017-07-02T15:00:00+00:00 [running]> on host 1.0.0.127.in-addr.arpa
[2021-05-15 21:11:49,420] {taskinstance.py:1281} INFO - Exporting the following env vars:
AIRFLOW_CTX_DAG_OWNER=me
AIRFLOW_CTX_DAG_ID=airflow_tutorial_v01
AIRFLOW_CTX_TASK_ID=print_world
AIRFLOW_CTX_EXECUTION_DATE=2017-07-02T15:00:00+00:00
AIRFLOW_CTX_DAG_RUN_ID=scheduled__2017-07-02T15:00:00+00:00
[2021-05-15 21:11:49,421] {logging_mixin.py:104} INFO - world
[2021-05-15 21:11:49,421] {python.py:118} INFO - Done. Returned value was: None
[2021-05-15 21:11:49,424] {taskinstance.py:1185} INFO - Marking task as SUCCESS. dag_id=airflow_tutorial_v01, task_id=print_world, execution_date=20170702T150000, start_date=20210515T201149, end_date=20210515T201149
[2021-05-15 21:11:49,434] {taskinstance.py:1246} INFO - 0 downstream tasks scheduled from follow-on schedule check
[2021-05-15 21:11:49,467] {local_task_job.py:146} INFO - Task exited with return code 0
