[2021-05-15 21:49:04,949] {taskinstance.py:877} INFO - Dependencies all met for <TaskInstance: airflow_tutorial_v01.print_world 2017-07-12T21:00:00+00:00 [queued]>
[2021-05-15 21:49:04,954] {taskinstance.py:877} INFO - Dependencies all met for <TaskInstance: airflow_tutorial_v01.print_world 2017-07-12T21:00:00+00:00 [queued]>
[2021-05-15 21:49:04,954] {taskinstance.py:1068} INFO - 
--------------------------------------------------------------------------------
[2021-05-15 21:49:04,954] {taskinstance.py:1069} INFO - Starting attempt 1 of 2
[2021-05-15 21:49:04,954] {taskinstance.py:1070} INFO - 
--------------------------------------------------------------------------------
[2021-05-15 21:49:04,958] {taskinstance.py:1089} INFO - Executing <Task(PythonOperator): print_world> on 2017-07-12T21:00:00+00:00
[2021-05-15 21:49:04,960] {standard_task_runner.py:52} INFO - Started process 1898 to run task
[2021-05-15 21:49:04,967] {standard_task_runner.py:76} INFO - Running: ['airflow', 'tasks', 'run', 'airflow_tutorial_v01', 'print_world', '2017-07-12T21:00:00+00:00', '--job-id', '3034', '--pool', 'default_pool', '--raw', '--subdir', 'DAGS_FOLDER/Untitled.py', '--cfg-path', '/var/folders/tp/ft4rfkmn1kz3dyw8hlfz1dxw0000gn/T/tmp9qujhrgq', '--error-file', '/var/folders/tp/ft4rfkmn1kz3dyw8hlfz1dxw0000gn/T/tmpi_62usu4']
[2021-05-15 21:49:04,968] {standard_task_runner.py:77} INFO - Job 3034: Subtask print_world
[2021-05-15 21:49:04,996] {logging_mixin.py:104} INFO - Running <TaskInstance: airflow_tutorial_v01.print_world 2017-07-12T21:00:00+00:00 [running]> on host 1.0.0.0.0.0.0.0.0.0.0.0.0.0.0.0.0.0.0.0.0.0.0.0.0.0.0.0.0.0.0.0.ip6.arpa
[2021-05-15 21:49:05,017] {taskinstance.py:1281} INFO - Exporting the following env vars:
AIRFLOW_CTX_DAG_OWNER=me
AIRFLOW_CTX_DAG_ID=airflow_tutorial_v01
AIRFLOW_CTX_TASK_ID=print_world
AIRFLOW_CTX_EXECUTION_DATE=2017-07-12T21:00:00+00:00
AIRFLOW_CTX_DAG_RUN_ID=scheduled__2017-07-12T21:00:00+00:00
[2021-05-15 21:49:05,018] {logging_mixin.py:104} INFO - world
[2021-05-15 21:49:05,018] {python.py:118} INFO - Done. Returned value was: None
[2021-05-15 21:49:05,021] {taskinstance.py:1185} INFO - Marking task as SUCCESS. dag_id=airflow_tutorial_v01, task_id=print_world, execution_date=20170712T210000, start_date=20210515T204904, end_date=20210515T204905
[2021-05-15 21:49:05,031] {taskinstance.py:1246} INFO - 0 downstream tasks scheduled from follow-on schedule check
[2021-05-15 21:49:05,064] {local_task_job.py:146} INFO - Task exited with return code 0
