[2021-05-15 21:27:58,660] {taskinstance.py:877} INFO - Dependencies all met for <TaskInstance: airflow_tutorial_v01.print_hello 2017-07-07T05:00:00+00:00 [queued]>
[2021-05-15 21:27:58,666] {taskinstance.py:877} INFO - Dependencies all met for <TaskInstance: airflow_tutorial_v01.print_hello 2017-07-07T05:00:00+00:00 [queued]>
[2021-05-15 21:27:58,666] {taskinstance.py:1068} INFO - 
--------------------------------------------------------------------------------
[2021-05-15 21:27:58,666] {taskinstance.py:1069} INFO - Starting attempt 1 of 2
[2021-05-15 21:27:58,666] {taskinstance.py:1070} INFO - 
--------------------------------------------------------------------------------
[2021-05-15 21:27:58,671] {taskinstance.py:1089} INFO - Executing <Task(BashOperator): print_hello> on 2017-07-07T05:00:00+00:00
[2021-05-15 21:27:58,672] {standard_task_runner.py:52} INFO - Started process 90984 to run task
[2021-05-15 21:27:58,678] {standard_task_runner.py:76} INFO - Running: ['airflow', 'tasks', 'run', 'airflow_tutorial_v01', 'print_hello', '2017-07-07T05:00:00+00:00', '--job-id', '2617', '--pool', 'default_pool', '--raw', '--subdir', 'DAGS_FOLDER/Untitled.py', '--cfg-path', '/var/folders/tp/ft4rfkmn1kz3dyw8hlfz1dxw0000gn/T/tmp_gr0wcn7', '--error-file', '/var/folders/tp/ft4rfkmn1kz3dyw8hlfz1dxw0000gn/T/tmp1gq6qrk5']
[2021-05-15 21:27:58,680] {standard_task_runner.py:77} INFO - Job 2617: Subtask print_hello
[2021-05-15 21:27:58,707] {logging_mixin.py:104} INFO - Running <TaskInstance: airflow_tutorial_v01.print_hello 2017-07-07T05:00:00+00:00 [running]> on host henrys-macbook-pro.local
[2021-05-15 21:27:58,729] {taskinstance.py:1281} INFO - Exporting the following env vars:
AIRFLOW_CTX_DAG_OWNER=me
AIRFLOW_CTX_DAG_ID=airflow_tutorial_v01
AIRFLOW_CTX_TASK_ID=print_hello
AIRFLOW_CTX_EXECUTION_DATE=2017-07-07T05:00:00+00:00
AIRFLOW_CTX_DAG_RUN_ID=scheduled__2017-07-07T05:00:00+00:00
[2021-05-15 21:27:58,730] {bash.py:135} INFO - Tmp dir root location: 
 /var/folders/tp/ft4rfkmn1kz3dyw8hlfz1dxw0000gn/T
[2021-05-15 21:27:58,731] {bash.py:158} INFO - Running command: echo "hello"
[2021-05-15 21:27:58,737] {bash.py:169} INFO - Output:
[2021-05-15 21:27:58,739] {bash.py:173} INFO - hello
[2021-05-15 21:27:58,740] {bash.py:177} INFO - Command exited with return code 0
[2021-05-15 21:27:58,751] {taskinstance.py:1185} INFO - Marking task as SUCCESS. dag_id=airflow_tutorial_v01, task_id=print_hello, execution_date=20170707T050000, start_date=20210515T202758, end_date=20210515T202758
[2021-05-15 21:27:58,764] {taskinstance.py:1246} INFO - 1 downstream tasks scheduled from follow-on schedule check
[2021-05-15 21:27:58,774] {local_task_job.py:146} INFO - Task exited with return code 0
