[2021-05-16 09:02:49,319] {scheduler_job.py:182} INFO - Started process (PID=43703) to work on /Users/harry/.local/share/virtualenvs/rugby_data_project_airflow-d2RAFQI6/lib/python3.8/site-packages/airflow/example_dags/example_xcomargs.py
[2021-05-16 09:02:49,319] {scheduler_job.py:629} INFO - Processing file /Users/harry/.local/share/virtualenvs/rugby_data_project_airflow-d2RAFQI6/lib/python3.8/site-packages/airflow/example_dags/example_xcomargs.py for tasks to queue
[2021-05-16 09:02:49,320] {logging_mixin.py:104} INFO - [2021-05-16 09:02:49,320] {dagbag.py:451} INFO - Filling up the DagBag from /Users/harry/.local/share/virtualenvs/rugby_data_project_airflow-d2RAFQI6/lib/python3.8/site-packages/airflow/example_dags/example_xcomargs.py
[2021-05-16 09:02:49,327] {scheduler_job.py:639} INFO - DAG(s) dict_keys(['example_xcom_args', 'example_xcom_args_with_operators']) retrieved from /Users/harry/.local/share/virtualenvs/rugby_data_project_airflow-d2RAFQI6/lib/python3.8/site-packages/airflow/example_dags/example_xcomargs.py
[2021-05-16 09:02:49,363] {logging_mixin.py:104} INFO - [2021-05-16 09:02:49,363] {dag.py:1824} INFO - Sync 2 DAGs
[2021-05-16 09:02:49,370] {logging_mixin.py:104} INFO - [2021-05-16 09:02:49,370] {dag.py:2280} INFO - Setting next_dagrun for example_xcom_args to None
[2021-05-16 09:02:49,370] {logging_mixin.py:104} INFO - [2021-05-16 09:02:49,370] {dag.py:2280} INFO - Setting next_dagrun for example_xcom_args_with_operators to None
[2021-05-16 09:02:49,379] {scheduler_job.py:190} INFO - Processing /Users/harry/.local/share/virtualenvs/rugby_data_project_airflow-d2RAFQI6/lib/python3.8/site-packages/airflow/example_dags/example_xcomargs.py took 0.060 seconds
[2021-05-16 09:08:43,339] {scheduler_job.py:182} INFO - Started process (PID=46188) to work on /Users/harry/.local/share/virtualenvs/rugby_data_project_airflow-d2RAFQI6/lib/python3.8/site-packages/airflow/example_dags/example_xcomargs.py
[2021-05-16 09:08:43,341] {scheduler_job.py:629} INFO - Processing file /Users/harry/.local/share/virtualenvs/rugby_data_project_airflow-d2RAFQI6/lib/python3.8/site-packages/airflow/example_dags/example_xcomargs.py for tasks to queue
[2021-05-16 09:08:43,341] {logging_mixin.py:104} INFO - [2021-05-16 09:08:43,341] {dagbag.py:451} INFO - Filling up the DagBag from /Users/harry/.local/share/virtualenvs/rugby_data_project_airflow-d2RAFQI6/lib/python3.8/site-packages/airflow/example_dags/example_xcomargs.py
[2021-05-16 09:08:43,350] {scheduler_job.py:639} INFO - DAG(s) dict_keys(['example_xcom_args', 'example_xcom_args_with_operators']) retrieved from /Users/harry/.local/share/virtualenvs/rugby_data_project_airflow-d2RAFQI6/lib/python3.8/site-packages/airflow/example_dags/example_xcomargs.py
[2021-05-16 09:08:43,385] {logging_mixin.py:104} INFO - [2021-05-16 09:08:43,385] {dag.py:1824} INFO - Sync 2 DAGs
[2021-05-16 09:08:43,392] {logging_mixin.py:104} INFO - [2021-05-16 09:08:43,392] {dag.py:2280} INFO - Setting next_dagrun for example_xcom_args to None
[2021-05-16 09:08:43,393] {logging_mixin.py:104} INFO - [2021-05-16 09:08:43,393] {dag.py:2280} INFO - Setting next_dagrun for example_xcom_args_with_operators to None
[2021-05-16 09:08:43,401] {scheduler_job.py:190} INFO - Processing /Users/harry/.local/share/virtualenvs/rugby_data_project_airflow-d2RAFQI6/lib/python3.8/site-packages/airflow/example_dags/example_xcomargs.py took 0.063 seconds
[2021-05-16 09:17:44,249] {scheduler_job.py:182} INFO - Started process (PID=49810) to work on /Users/harry/.local/share/virtualenvs/rugby_data_project_airflow-d2RAFQI6/lib/python3.8/site-packages/airflow/example_dags/example_xcomargs.py
[2021-05-16 09:17:44,250] {scheduler_job.py:629} INFO - Processing file /Users/harry/.local/share/virtualenvs/rugby_data_project_airflow-d2RAFQI6/lib/python3.8/site-packages/airflow/example_dags/example_xcomargs.py for tasks to queue
[2021-05-16 09:17:44,250] {logging_mixin.py:104} INFO - [2021-05-16 09:17:44,250] {dagbag.py:451} INFO - Filling up the DagBag from /Users/harry/.local/share/virtualenvs/rugby_data_project_airflow-d2RAFQI6/lib/python3.8/site-packages/airflow/example_dags/example_xcomargs.py
[2021-05-16 09:17:44,259] {scheduler_job.py:639} INFO - DAG(s) dict_keys(['example_xcom_args', 'example_xcom_args_with_operators']) retrieved from /Users/harry/.local/share/virtualenvs/rugby_data_project_airflow-d2RAFQI6/lib/python3.8/site-packages/airflow/example_dags/example_xcomargs.py
[2021-05-16 09:17:44,297] {logging_mixin.py:104} INFO - [2021-05-16 09:17:44,297] {dag.py:1824} INFO - Sync 2 DAGs
[2021-05-16 09:17:44,305] {logging_mixin.py:104} INFO - [2021-05-16 09:17:44,305] {dag.py:2280} INFO - Setting next_dagrun for example_xcom_args to None
[2021-05-16 09:17:44,306] {logging_mixin.py:104} INFO - [2021-05-16 09:17:44,306] {dag.py:2280} INFO - Setting next_dagrun for example_xcom_args_with_operators to None
[2021-05-16 09:17:44,315] {scheduler_job.py:190} INFO - Processing /Users/harry/.local/share/virtualenvs/rugby_data_project_airflow-d2RAFQI6/lib/python3.8/site-packages/airflow/example_dags/example_xcomargs.py took 0.067 seconds
[2021-05-16 09:27:20,181] {scheduler_job.py:182} INFO - Started process (PID=53468) to work on /Users/harry/.local/share/virtualenvs/rugby_data_project_airflow-d2RAFQI6/lib/python3.8/site-packages/airflow/example_dags/example_xcomargs.py
[2021-05-16 09:27:20,183] {scheduler_job.py:629} INFO - Processing file /Users/harry/.local/share/virtualenvs/rugby_data_project_airflow-d2RAFQI6/lib/python3.8/site-packages/airflow/example_dags/example_xcomargs.py for tasks to queue
[2021-05-16 09:27:20,183] {logging_mixin.py:104} INFO - [2021-05-16 09:27:20,183] {dagbag.py:451} INFO - Filling up the DagBag from /Users/harry/.local/share/virtualenvs/rugby_data_project_airflow-d2RAFQI6/lib/python3.8/site-packages/airflow/example_dags/example_xcomargs.py
[2021-05-16 09:27:20,194] {scheduler_job.py:639} INFO - DAG(s) dict_keys(['example_xcom_args', 'example_xcom_args_with_operators']) retrieved from /Users/harry/.local/share/virtualenvs/rugby_data_project_airflow-d2RAFQI6/lib/python3.8/site-packages/airflow/example_dags/example_xcomargs.py
[2021-05-16 09:27:20,236] {logging_mixin.py:104} INFO - [2021-05-16 09:27:20,236] {dag.py:1824} INFO - Sync 2 DAGs
[2021-05-16 09:27:20,245] {logging_mixin.py:104} INFO - [2021-05-16 09:27:20,245] {dag.py:2280} INFO - Setting next_dagrun for example_xcom_args to None
[2021-05-16 09:27:20,246] {logging_mixin.py:104} INFO - [2021-05-16 09:27:20,246] {dag.py:2280} INFO - Setting next_dagrun for example_xcom_args_with_operators to None
[2021-05-16 09:27:20,256] {scheduler_job.py:190} INFO - Processing /Users/harry/.local/share/virtualenvs/rugby_data_project_airflow-d2RAFQI6/lib/python3.8/site-packages/airflow/example_dags/example_xcomargs.py took 0.075 seconds
[2021-05-16 09:37:04,841] {scheduler_job.py:182} INFO - Started process (PID=57019) to work on /Users/harry/.local/share/virtualenvs/rugby_data_project_airflow-d2RAFQI6/lib/python3.8/site-packages/airflow/example_dags/example_xcomargs.py
[2021-05-16 09:37:04,842] {scheduler_job.py:629} INFO - Processing file /Users/harry/.local/share/virtualenvs/rugby_data_project_airflow-d2RAFQI6/lib/python3.8/site-packages/airflow/example_dags/example_xcomargs.py for tasks to queue
[2021-05-16 09:37:04,843] {logging_mixin.py:104} INFO - [2021-05-16 09:37:04,843] {dagbag.py:451} INFO - Filling up the DagBag from /Users/harry/.local/share/virtualenvs/rugby_data_project_airflow-d2RAFQI6/lib/python3.8/site-packages/airflow/example_dags/example_xcomargs.py
[2021-05-16 09:37:04,853] {scheduler_job.py:639} INFO - DAG(s) dict_keys(['example_xcom_args', 'example_xcom_args_with_operators']) retrieved from /Users/harry/.local/share/virtualenvs/rugby_data_project_airflow-d2RAFQI6/lib/python3.8/site-packages/airflow/example_dags/example_xcomargs.py
[2021-05-16 09:37:04,896] {logging_mixin.py:104} INFO - [2021-05-16 09:37:04,896] {dag.py:1824} INFO - Sync 2 DAGs
[2021-05-16 09:37:04,905] {logging_mixin.py:104} INFO - [2021-05-16 09:37:04,905] {dag.py:2280} INFO - Setting next_dagrun for example_xcom_args to None
[2021-05-16 09:37:04,906] {logging_mixin.py:104} INFO - [2021-05-16 09:37:04,906] {dag.py:2280} INFO - Setting next_dagrun for example_xcom_args_with_operators to None
[2021-05-16 09:37:04,916] {scheduler_job.py:190} INFO - Processing /Users/harry/.local/share/virtualenvs/rugby_data_project_airflow-d2RAFQI6/lib/python3.8/site-packages/airflow/example_dags/example_xcomargs.py took 0.076 seconds
[2021-05-16 09:48:00,220] {scheduler_job.py:182} INFO - Started process (PID=60818) to work on /Users/harry/.local/share/virtualenvs/rugby_data_project_airflow-d2RAFQI6/lib/python3.8/site-packages/airflow/example_dags/example_xcomargs.py
[2021-05-16 09:48:00,221] {scheduler_job.py:629} INFO - Processing file /Users/harry/.local/share/virtualenvs/rugby_data_project_airflow-d2RAFQI6/lib/python3.8/site-packages/airflow/example_dags/example_xcomargs.py for tasks to queue
[2021-05-16 09:48:00,221] {logging_mixin.py:104} INFO - [2021-05-16 09:48:00,221] {dagbag.py:451} INFO - Filling up the DagBag from /Users/harry/.local/share/virtualenvs/rugby_data_project_airflow-d2RAFQI6/lib/python3.8/site-packages/airflow/example_dags/example_xcomargs.py
[2021-05-16 09:48:00,230] {scheduler_job.py:639} INFO - DAG(s) dict_keys(['example_xcom_args', 'example_xcom_args_with_operators']) retrieved from /Users/harry/.local/share/virtualenvs/rugby_data_project_airflow-d2RAFQI6/lib/python3.8/site-packages/airflow/example_dags/example_xcomargs.py
[2021-05-16 09:48:00,274] {logging_mixin.py:104} INFO - [2021-05-16 09:48:00,274] {dag.py:1824} INFO - Sync 2 DAGs
[2021-05-16 09:48:00,284] {logging_mixin.py:104} INFO - [2021-05-16 09:48:00,284] {dag.py:2280} INFO - Setting next_dagrun for example_xcom_args to None
[2021-05-16 09:48:00,284] {logging_mixin.py:104} INFO - [2021-05-16 09:48:00,284] {dag.py:2280} INFO - Setting next_dagrun for example_xcom_args_with_operators to None
[2021-05-16 09:48:00,295] {scheduler_job.py:190} INFO - Processing /Users/harry/.local/share/virtualenvs/rugby_data_project_airflow-d2RAFQI6/lib/python3.8/site-packages/airflow/example_dags/example_xcomargs.py took 0.075 seconds
[2021-05-16 13:21:25,831] {scheduler_job.py:182} INFO - Started process (PID=4584) to work on /Users/harry/.local/share/virtualenvs/rugby_data_project_airflow-d2RAFQI6/lib/python3.8/site-packages/airflow/example_dags/example_xcomargs.py
[2021-05-16 13:21:25,832] {scheduler_job.py:629} INFO - Processing file /Users/harry/.local/share/virtualenvs/rugby_data_project_airflow-d2RAFQI6/lib/python3.8/site-packages/airflow/example_dags/example_xcomargs.py for tasks to queue
[2021-05-16 13:21:25,832] {logging_mixin.py:104} INFO - [2021-05-16 13:21:25,832] {dagbag.py:451} INFO - Filling up the DagBag from /Users/harry/.local/share/virtualenvs/rugby_data_project_airflow-d2RAFQI6/lib/python3.8/site-packages/airflow/example_dags/example_xcomargs.py
[2021-05-16 13:21:25,840] {scheduler_job.py:639} INFO - DAG(s) dict_keys(['example_xcom_args', 'example_xcom_args_with_operators']) retrieved from /Users/harry/.local/share/virtualenvs/rugby_data_project_airflow-d2RAFQI6/lib/python3.8/site-packages/airflow/example_dags/example_xcomargs.py
[2021-05-16 13:21:25,867] {logging_mixin.py:104} INFO - [2021-05-16 13:21:25,867] {dag.py:1824} INFO - Sync 2 DAGs
[2021-05-16 13:21:25,873] {logging_mixin.py:104} INFO - [2021-05-16 13:21:25,873] {dag.py:2280} INFO - Setting next_dagrun for example_xcom_args to None
[2021-05-16 13:21:25,873] {logging_mixin.py:104} INFO - [2021-05-16 13:21:25,873] {dag.py:2280} INFO - Setting next_dagrun for example_xcom_args_with_operators to None
[2021-05-16 13:21:25,880] {scheduler_job.py:190} INFO - Processing /Users/harry/.local/share/virtualenvs/rugby_data_project_airflow-d2RAFQI6/lib/python3.8/site-packages/airflow/example_dags/example_xcomargs.py took 0.050 seconds
[2021-05-16 13:22:27,611] {scheduler_job.py:182} INFO - Started process (PID=5372) to work on /Users/harry/.local/share/virtualenvs/rugby_data_project_airflow-d2RAFQI6/lib/python3.8/site-packages/airflow/example_dags/example_xcomargs.py
[2021-05-16 13:22:27,612] {scheduler_job.py:629} INFO - Processing file /Users/harry/.local/share/virtualenvs/rugby_data_project_airflow-d2RAFQI6/lib/python3.8/site-packages/airflow/example_dags/example_xcomargs.py for tasks to queue
[2021-05-16 13:22:27,612] {logging_mixin.py:104} INFO - [2021-05-16 13:22:27,612] {dagbag.py:451} INFO - Filling up the DagBag from /Users/harry/.local/share/virtualenvs/rugby_data_project_airflow-d2RAFQI6/lib/python3.8/site-packages/airflow/example_dags/example_xcomargs.py
[2021-05-16 13:22:27,619] {scheduler_job.py:639} INFO - DAG(s) dict_keys(['example_xcom_args', 'example_xcom_args_with_operators']) retrieved from /Users/harry/.local/share/virtualenvs/rugby_data_project_airflow-d2RAFQI6/lib/python3.8/site-packages/airflow/example_dags/example_xcomargs.py
[2021-05-16 13:22:27,645] {logging_mixin.py:104} INFO - [2021-05-16 13:22:27,645] {dag.py:1824} INFO - Sync 2 DAGs
[2021-05-16 13:22:27,651] {logging_mixin.py:104} INFO - [2021-05-16 13:22:27,651] {dag.py:2280} INFO - Setting next_dagrun for example_xcom_args to None
[2021-05-16 13:22:27,651] {logging_mixin.py:104} INFO - [2021-05-16 13:22:27,651] {dag.py:2280} INFO - Setting next_dagrun for example_xcom_args_with_operators to None
[2021-05-16 13:22:27,657] {scheduler_job.py:190} INFO - Processing /Users/harry/.local/share/virtualenvs/rugby_data_project_airflow-d2RAFQI6/lib/python3.8/site-packages/airflow/example_dags/example_xcomargs.py took 0.046 seconds
[2021-05-16 13:23:17,909] {scheduler_job.py:182} INFO - Started process (PID=6068) to work on /Users/harry/.local/share/virtualenvs/rugby_data_project_airflow-d2RAFQI6/lib/python3.8/site-packages/airflow/example_dags/example_xcomargs.py
[2021-05-16 13:23:17,911] {scheduler_job.py:629} INFO - Processing file /Users/harry/.local/share/virtualenvs/rugby_data_project_airflow-d2RAFQI6/lib/python3.8/site-packages/airflow/example_dags/example_xcomargs.py for tasks to queue
[2021-05-16 13:23:17,911] {logging_mixin.py:104} INFO - [2021-05-16 13:23:17,911] {dagbag.py:451} INFO - Filling up the DagBag from /Users/harry/.local/share/virtualenvs/rugby_data_project_airflow-d2RAFQI6/lib/python3.8/site-packages/airflow/example_dags/example_xcomargs.py
[2021-05-16 13:23:17,924] {scheduler_job.py:639} INFO - DAG(s) dict_keys(['example_xcom_args', 'example_xcom_args_with_operators']) retrieved from /Users/harry/.local/share/virtualenvs/rugby_data_project_airflow-d2RAFQI6/lib/python3.8/site-packages/airflow/example_dags/example_xcomargs.py
[2021-05-16 13:23:17,964] {logging_mixin.py:104} INFO - [2021-05-16 13:23:17,964] {dag.py:1824} INFO - Sync 2 DAGs
[2021-05-16 13:23:17,970] {logging_mixin.py:104} INFO - [2021-05-16 13:23:17,970] {dag.py:2280} INFO - Setting next_dagrun for example_xcom_args to None
[2021-05-16 13:23:17,971] {logging_mixin.py:104} INFO - [2021-05-16 13:23:17,971] {dag.py:2280} INFO - Setting next_dagrun for example_xcom_args_with_operators to None
[2021-05-16 13:23:17,978] {scheduler_job.py:190} INFO - Processing /Users/harry/.local/share/virtualenvs/rugby_data_project_airflow-d2RAFQI6/lib/python3.8/site-packages/airflow/example_dags/example_xcomargs.py took 0.069 seconds
[2021-05-16 13:23:58,524] {scheduler_job.py:182} INFO - Started process (PID=6652) to work on /Users/harry/.local/share/virtualenvs/rugby_data_project_airflow-d2RAFQI6/lib/python3.8/site-packages/airflow/example_dags/example_xcomargs.py
[2021-05-16 13:23:58,525] {scheduler_job.py:629} INFO - Processing file /Users/harry/.local/share/virtualenvs/rugby_data_project_airflow-d2RAFQI6/lib/python3.8/site-packages/airflow/example_dags/example_xcomargs.py for tasks to queue
[2021-05-16 13:23:58,525] {logging_mixin.py:104} INFO - [2021-05-16 13:23:58,525] {dagbag.py:451} INFO - Filling up the DagBag from /Users/harry/.local/share/virtualenvs/rugby_data_project_airflow-d2RAFQI6/lib/python3.8/site-packages/airflow/example_dags/example_xcomargs.py
[2021-05-16 13:23:58,533] {scheduler_job.py:639} INFO - DAG(s) dict_keys(['example_xcom_args', 'example_xcom_args_with_operators']) retrieved from /Users/harry/.local/share/virtualenvs/rugby_data_project_airflow-d2RAFQI6/lib/python3.8/site-packages/airflow/example_dags/example_xcomargs.py
[2021-05-16 13:23:58,558] {logging_mixin.py:104} INFO - [2021-05-16 13:23:58,558] {dag.py:1824} INFO - Sync 2 DAGs
[2021-05-16 13:23:58,564] {logging_mixin.py:104} INFO - [2021-05-16 13:23:58,564] {dag.py:2280} INFO - Setting next_dagrun for example_xcom_args to None
[2021-05-16 13:23:58,565] {logging_mixin.py:104} INFO - [2021-05-16 13:23:58,565] {dag.py:2280} INFO - Setting next_dagrun for example_xcom_args_with_operators to None
[2021-05-16 13:23:58,571] {scheduler_job.py:190} INFO - Processing /Users/harry/.local/share/virtualenvs/rugby_data_project_airflow-d2RAFQI6/lib/python3.8/site-packages/airflow/example_dags/example_xcomargs.py took 0.048 seconds
[2021-05-16 20:06:35,614] {scheduler_job.py:182} INFO - Started process (PID=14315) to work on /Users/harry/.local/share/virtualenvs/rugby_data_project_airflow-d2RAFQI6/lib/python3.8/site-packages/airflow/example_dags/example_xcomargs.py
[2021-05-16 20:06:35,615] {scheduler_job.py:629} INFO - Processing file /Users/harry/.local/share/virtualenvs/rugby_data_project_airflow-d2RAFQI6/lib/python3.8/site-packages/airflow/example_dags/example_xcomargs.py for tasks to queue
[2021-05-16 20:06:35,616] {logging_mixin.py:104} INFO - [2021-05-16 20:06:35,616] {dagbag.py:451} INFO - Filling up the DagBag from /Users/harry/.local/share/virtualenvs/rugby_data_project_airflow-d2RAFQI6/lib/python3.8/site-packages/airflow/example_dags/example_xcomargs.py
[2021-05-16 20:06:35,623] {scheduler_job.py:639} INFO - DAG(s) dict_keys(['example_xcom_args', 'example_xcom_args_with_operators']) retrieved from /Users/harry/.local/share/virtualenvs/rugby_data_project_airflow-d2RAFQI6/lib/python3.8/site-packages/airflow/example_dags/example_xcomargs.py
[2021-05-16 20:06:35,649] {logging_mixin.py:104} INFO - [2021-05-16 20:06:35,648] {dag.py:1824} INFO - Sync 2 DAGs
[2021-05-16 20:06:35,654] {logging_mixin.py:104} INFO - [2021-05-16 20:06:35,654] {dag.py:2280} INFO - Setting next_dagrun for example_xcom_args to None
[2021-05-16 20:06:35,654] {logging_mixin.py:104} INFO - [2021-05-16 20:06:35,654] {dag.py:2280} INFO - Setting next_dagrun for example_xcom_args_with_operators to None
[2021-05-16 20:06:35,661] {scheduler_job.py:190} INFO - Processing /Users/harry/.local/share/virtualenvs/rugby_data_project_airflow-d2RAFQI6/lib/python3.8/site-packages/airflow/example_dags/example_xcomargs.py took 0.047 seconds
[2021-05-16 20:07:29,537] {scheduler_job.py:182} INFO - Started process (PID=14885) to work on /Users/harry/.local/share/virtualenvs/rugby_data_project_airflow-d2RAFQI6/lib/python3.8/site-packages/airflow/example_dags/example_xcomargs.py
[2021-05-16 20:07:29,538] {scheduler_job.py:629} INFO - Processing file /Users/harry/.local/share/virtualenvs/rugby_data_project_airflow-d2RAFQI6/lib/python3.8/site-packages/airflow/example_dags/example_xcomargs.py for tasks to queue
[2021-05-16 20:07:29,539] {logging_mixin.py:104} INFO - [2021-05-16 20:07:29,539] {dagbag.py:451} INFO - Filling up the DagBag from /Users/harry/.local/share/virtualenvs/rugby_data_project_airflow-d2RAFQI6/lib/python3.8/site-packages/airflow/example_dags/example_xcomargs.py
[2021-05-16 20:07:29,546] {scheduler_job.py:639} INFO - DAG(s) dict_keys(['example_xcom_args', 'example_xcom_args_with_operators']) retrieved from /Users/harry/.local/share/virtualenvs/rugby_data_project_airflow-d2RAFQI6/lib/python3.8/site-packages/airflow/example_dags/example_xcomargs.py
[2021-05-16 20:07:29,573] {logging_mixin.py:104} INFO - [2021-05-16 20:07:29,572] {dag.py:1824} INFO - Sync 2 DAGs
[2021-05-16 20:07:29,578] {logging_mixin.py:104} INFO - [2021-05-16 20:07:29,578] {dag.py:2280} INFO - Setting next_dagrun for example_xcom_args to None
[2021-05-16 20:07:29,579] {logging_mixin.py:104} INFO - [2021-05-16 20:07:29,579] {dag.py:2280} INFO - Setting next_dagrun for example_xcom_args_with_operators to None
[2021-05-16 20:07:29,586] {scheduler_job.py:190} INFO - Processing /Users/harry/.local/share/virtualenvs/rugby_data_project_airflow-d2RAFQI6/lib/python3.8/site-packages/airflow/example_dags/example_xcomargs.py took 0.049 seconds
[2021-05-16 20:08:21,243] {scheduler_job.py:182} INFO - Started process (PID=15493) to work on /Users/harry/.local/share/virtualenvs/rugby_data_project_airflow-d2RAFQI6/lib/python3.8/site-packages/airflow/example_dags/example_xcomargs.py
[2021-05-16 20:08:21,244] {scheduler_job.py:629} INFO - Processing file /Users/harry/.local/share/virtualenvs/rugby_data_project_airflow-d2RAFQI6/lib/python3.8/site-packages/airflow/example_dags/example_xcomargs.py for tasks to queue
[2021-05-16 20:08:21,244] {logging_mixin.py:104} INFO - [2021-05-16 20:08:21,244] {dagbag.py:451} INFO - Filling up the DagBag from /Users/harry/.local/share/virtualenvs/rugby_data_project_airflow-d2RAFQI6/lib/python3.8/site-packages/airflow/example_dags/example_xcomargs.py
[2021-05-16 20:08:21,251] {scheduler_job.py:639} INFO - DAG(s) dict_keys(['example_xcom_args', 'example_xcom_args_with_operators']) retrieved from /Users/harry/.local/share/virtualenvs/rugby_data_project_airflow-d2RAFQI6/lib/python3.8/site-packages/airflow/example_dags/example_xcomargs.py
[2021-05-16 20:08:21,283] {logging_mixin.py:104} INFO - [2021-05-16 20:08:21,283] {dag.py:1824} INFO - Sync 2 DAGs
[2021-05-16 20:08:21,292] {logging_mixin.py:104} INFO - [2021-05-16 20:08:21,292] {dag.py:2280} INFO - Setting next_dagrun for example_xcom_args to None
[2021-05-16 20:08:21,292] {logging_mixin.py:104} INFO - [2021-05-16 20:08:21,292] {dag.py:2280} INFO - Setting next_dagrun for example_xcom_args_with_operators to None
[2021-05-16 20:08:21,301] {scheduler_job.py:190} INFO - Processing /Users/harry/.local/share/virtualenvs/rugby_data_project_airflow-d2RAFQI6/lib/python3.8/site-packages/airflow/example_dags/example_xcomargs.py took 0.059 seconds
[2021-05-16 20:09:09,817] {scheduler_job.py:182} INFO - Started process (PID=15978) to work on /Users/harry/.local/share/virtualenvs/rugby_data_project_airflow-d2RAFQI6/lib/python3.8/site-packages/airflow/example_dags/example_xcomargs.py
[2021-05-16 20:09:09,817] {scheduler_job.py:629} INFO - Processing file /Users/harry/.local/share/virtualenvs/rugby_data_project_airflow-d2RAFQI6/lib/python3.8/site-packages/airflow/example_dags/example_xcomargs.py for tasks to queue
[2021-05-16 20:09:09,818] {logging_mixin.py:104} INFO - [2021-05-16 20:09:09,818] {dagbag.py:451} INFO - Filling up the DagBag from /Users/harry/.local/share/virtualenvs/rugby_data_project_airflow-d2RAFQI6/lib/python3.8/site-packages/airflow/example_dags/example_xcomargs.py
[2021-05-16 20:09:09,824] {scheduler_job.py:639} INFO - DAG(s) dict_keys(['example_xcom_args', 'example_xcom_args_with_operators']) retrieved from /Users/harry/.local/share/virtualenvs/rugby_data_project_airflow-d2RAFQI6/lib/python3.8/site-packages/airflow/example_dags/example_xcomargs.py
[2021-05-16 20:09:09,849] {logging_mixin.py:104} INFO - [2021-05-16 20:09:09,849] {dag.py:1824} INFO - Sync 2 DAGs
[2021-05-16 20:09:09,854] {logging_mixin.py:104} INFO - [2021-05-16 20:09:09,854] {dag.py:2280} INFO - Setting next_dagrun for example_xcom_args to None
[2021-05-16 20:09:09,854] {logging_mixin.py:104} INFO - [2021-05-16 20:09:09,854] {dag.py:2280} INFO - Setting next_dagrun for example_xcom_args_with_operators to None
[2021-05-16 20:09:09,860] {scheduler_job.py:190} INFO - Processing /Users/harry/.local/share/virtualenvs/rugby_data_project_airflow-d2RAFQI6/lib/python3.8/site-packages/airflow/example_dags/example_xcomargs.py took 0.044 seconds
[2021-05-16 20:09:55,065] {scheduler_job.py:182} INFO - Started process (PID=16547) to work on /Users/harry/.local/share/virtualenvs/rugby_data_project_airflow-d2RAFQI6/lib/python3.8/site-packages/airflow/example_dags/example_xcomargs.py
[2021-05-16 20:09:55,065] {scheduler_job.py:629} INFO - Processing file /Users/harry/.local/share/virtualenvs/rugby_data_project_airflow-d2RAFQI6/lib/python3.8/site-packages/airflow/example_dags/example_xcomargs.py for tasks to queue
[2021-05-16 20:09:55,066] {logging_mixin.py:104} INFO - [2021-05-16 20:09:55,066] {dagbag.py:451} INFO - Filling up the DagBag from /Users/harry/.local/share/virtualenvs/rugby_data_project_airflow-d2RAFQI6/lib/python3.8/site-packages/airflow/example_dags/example_xcomargs.py
[2021-05-16 20:09:55,072] {scheduler_job.py:639} INFO - DAG(s) dict_keys(['example_xcom_args', 'example_xcom_args_with_operators']) retrieved from /Users/harry/.local/share/virtualenvs/rugby_data_project_airflow-d2RAFQI6/lib/python3.8/site-packages/airflow/example_dags/example_xcomargs.py
[2021-05-16 20:09:55,097] {logging_mixin.py:104} INFO - [2021-05-16 20:09:55,097] {dag.py:1824} INFO - Sync 2 DAGs
[2021-05-16 20:09:55,102] {logging_mixin.py:104} INFO - [2021-05-16 20:09:55,102] {dag.py:2280} INFO - Setting next_dagrun for example_xcom_args to None
[2021-05-16 20:09:55,102] {logging_mixin.py:104} INFO - [2021-05-16 20:09:55,102] {dag.py:2280} INFO - Setting next_dagrun for example_xcom_args_with_operators to None
[2021-05-16 20:09:55,108] {scheduler_job.py:190} INFO - Processing /Users/harry/.local/share/virtualenvs/rugby_data_project_airflow-d2RAFQI6/lib/python3.8/site-packages/airflow/example_dags/example_xcomargs.py took 0.044 seconds
[2021-05-16 20:10:46,895] {scheduler_job.py:182} INFO - Started process (PID=17156) to work on /Users/harry/.local/share/virtualenvs/rugby_data_project_airflow-d2RAFQI6/lib/python3.8/site-packages/airflow/example_dags/example_xcomargs.py
[2021-05-16 20:10:46,896] {scheduler_job.py:629} INFO - Processing file /Users/harry/.local/share/virtualenvs/rugby_data_project_airflow-d2RAFQI6/lib/python3.8/site-packages/airflow/example_dags/example_xcomargs.py for tasks to queue
[2021-05-16 20:10:46,896] {logging_mixin.py:104} INFO - [2021-05-16 20:10:46,896] {dagbag.py:451} INFO - Filling up the DagBag from /Users/harry/.local/share/virtualenvs/rugby_data_project_airflow-d2RAFQI6/lib/python3.8/site-packages/airflow/example_dags/example_xcomargs.py
[2021-05-16 20:10:46,903] {scheduler_job.py:639} INFO - DAG(s) dict_keys(['example_xcom_args', 'example_xcom_args_with_operators']) retrieved from /Users/harry/.local/share/virtualenvs/rugby_data_project_airflow-d2RAFQI6/lib/python3.8/site-packages/airflow/example_dags/example_xcomargs.py
[2021-05-16 20:10:46,929] {logging_mixin.py:104} INFO - [2021-05-16 20:10:46,929] {dag.py:1824} INFO - Sync 2 DAGs
[2021-05-16 20:10:46,934] {logging_mixin.py:104} INFO - [2021-05-16 20:10:46,934] {dag.py:2280} INFO - Setting next_dagrun for example_xcom_args to None
[2021-05-16 20:10:46,934] {logging_mixin.py:104} INFO - [2021-05-16 20:10:46,934] {dag.py:2280} INFO - Setting next_dagrun for example_xcom_args_with_operators to None
[2021-05-16 20:10:46,940] {scheduler_job.py:190} INFO - Processing /Users/harry/.local/share/virtualenvs/rugby_data_project_airflow-d2RAFQI6/lib/python3.8/site-packages/airflow/example_dags/example_xcomargs.py took 0.046 seconds
[2021-05-16 20:11:37,687] {scheduler_job.py:182} INFO - Started process (PID=17677) to work on /Users/harry/.local/share/virtualenvs/rugby_data_project_airflow-d2RAFQI6/lib/python3.8/site-packages/airflow/example_dags/example_xcomargs.py
[2021-05-16 20:11:37,689] {scheduler_job.py:629} INFO - Processing file /Users/harry/.local/share/virtualenvs/rugby_data_project_airflow-d2RAFQI6/lib/python3.8/site-packages/airflow/example_dags/example_xcomargs.py for tasks to queue
[2021-05-16 20:11:37,690] {logging_mixin.py:104} INFO - [2021-05-16 20:11:37,690] {dagbag.py:451} INFO - Filling up the DagBag from /Users/harry/.local/share/virtualenvs/rugby_data_project_airflow-d2RAFQI6/lib/python3.8/site-packages/airflow/example_dags/example_xcomargs.py
[2021-05-16 20:11:37,703] {scheduler_job.py:639} INFO - DAG(s) dict_keys(['example_xcom_args', 'example_xcom_args_with_operators']) retrieved from /Users/harry/.local/share/virtualenvs/rugby_data_project_airflow-d2RAFQI6/lib/python3.8/site-packages/airflow/example_dags/example_xcomargs.py
[2021-05-16 20:11:37,734] {logging_mixin.py:104} INFO - [2021-05-16 20:11:37,734] {dag.py:1824} INFO - Sync 2 DAGs
[2021-05-16 20:11:37,739] {logging_mixin.py:104} INFO - [2021-05-16 20:11:37,739] {dag.py:2280} INFO - Setting next_dagrun for example_xcom_args to None
[2021-05-16 20:11:37,740] {logging_mixin.py:104} INFO - [2021-05-16 20:11:37,740] {dag.py:2280} INFO - Setting next_dagrun for example_xcom_args_with_operators to None
[2021-05-16 20:11:37,747] {scheduler_job.py:190} INFO - Processing /Users/harry/.local/share/virtualenvs/rugby_data_project_airflow-d2RAFQI6/lib/python3.8/site-packages/airflow/example_dags/example_xcomargs.py took 0.060 seconds
[2021-05-16 20:12:24,931] {scheduler_job.py:182} INFO - Started process (PID=18225) to work on /Users/harry/.local/share/virtualenvs/rugby_data_project_airflow-d2RAFQI6/lib/python3.8/site-packages/airflow/example_dags/example_xcomargs.py
[2021-05-16 20:12:24,932] {scheduler_job.py:629} INFO - Processing file /Users/harry/.local/share/virtualenvs/rugby_data_project_airflow-d2RAFQI6/lib/python3.8/site-packages/airflow/example_dags/example_xcomargs.py for tasks to queue
[2021-05-16 20:12:24,933] {logging_mixin.py:104} INFO - [2021-05-16 20:12:24,932] {dagbag.py:451} INFO - Filling up the DagBag from /Users/harry/.local/share/virtualenvs/rugby_data_project_airflow-d2RAFQI6/lib/python3.8/site-packages/airflow/example_dags/example_xcomargs.py
[2021-05-16 20:12:24,939] {scheduler_job.py:639} INFO - DAG(s) dict_keys(['example_xcom_args', 'example_xcom_args_with_operators']) retrieved from /Users/harry/.local/share/virtualenvs/rugby_data_project_airflow-d2RAFQI6/lib/python3.8/site-packages/airflow/example_dags/example_xcomargs.py
[2021-05-16 20:12:24,965] {logging_mixin.py:104} INFO - [2021-05-16 20:12:24,965] {dag.py:1824} INFO - Sync 2 DAGs
[2021-05-16 20:12:24,970] {logging_mixin.py:104} INFO - [2021-05-16 20:12:24,970] {dag.py:2280} INFO - Setting next_dagrun for example_xcom_args to None
[2021-05-16 20:12:24,971] {logging_mixin.py:104} INFO - [2021-05-16 20:12:24,971] {dag.py:2280} INFO - Setting next_dagrun for example_xcom_args_with_operators to None
[2021-05-16 20:12:24,977] {scheduler_job.py:190} INFO - Processing /Users/harry/.local/share/virtualenvs/rugby_data_project_airflow-d2RAFQI6/lib/python3.8/site-packages/airflow/example_dags/example_xcomargs.py took 0.047 seconds
[2021-05-16 20:13:13,685] {scheduler_job.py:182} INFO - Started process (PID=18909) to work on /Users/harry/.local/share/virtualenvs/rugby_data_project_airflow-d2RAFQI6/lib/python3.8/site-packages/airflow/example_dags/example_xcomargs.py
[2021-05-16 20:13:13,687] {scheduler_job.py:629} INFO - Processing file /Users/harry/.local/share/virtualenvs/rugby_data_project_airflow-d2RAFQI6/lib/python3.8/site-packages/airflow/example_dags/example_xcomargs.py for tasks to queue
[2021-05-16 20:13:13,687] {logging_mixin.py:104} INFO - [2021-05-16 20:13:13,687] {dagbag.py:451} INFO - Filling up the DagBag from /Users/harry/.local/share/virtualenvs/rugby_data_project_airflow-d2RAFQI6/lib/python3.8/site-packages/airflow/example_dags/example_xcomargs.py
[2021-05-16 20:13:13,696] {scheduler_job.py:639} INFO - DAG(s) dict_keys(['example_xcom_args', 'example_xcom_args_with_operators']) retrieved from /Users/harry/.local/share/virtualenvs/rugby_data_project_airflow-d2RAFQI6/lib/python3.8/site-packages/airflow/example_dags/example_xcomargs.py
[2021-05-16 20:13:13,723] {logging_mixin.py:104} INFO - [2021-05-16 20:13:13,723] {dag.py:1824} INFO - Sync 2 DAGs
[2021-05-16 20:13:13,728] {logging_mixin.py:104} INFO - [2021-05-16 20:13:13,728] {dag.py:2280} INFO - Setting next_dagrun for example_xcom_args to None
[2021-05-16 20:13:13,728] {logging_mixin.py:104} INFO - [2021-05-16 20:13:13,728] {dag.py:2280} INFO - Setting next_dagrun for example_xcom_args_with_operators to None
[2021-05-16 20:13:13,734] {scheduler_job.py:190} INFO - Processing /Users/harry/.local/share/virtualenvs/rugby_data_project_airflow-d2RAFQI6/lib/python3.8/site-packages/airflow/example_dags/example_xcomargs.py took 0.049 seconds
[2021-05-16 20:14:06,448] {scheduler_job.py:182} INFO - Started process (PID=19546) to work on /Users/harry/.local/share/virtualenvs/rugby_data_project_airflow-d2RAFQI6/lib/python3.8/site-packages/airflow/example_dags/example_xcomargs.py
[2021-05-16 20:14:06,449] {scheduler_job.py:629} INFO - Processing file /Users/harry/.local/share/virtualenvs/rugby_data_project_airflow-d2RAFQI6/lib/python3.8/site-packages/airflow/example_dags/example_xcomargs.py for tasks to queue
[2021-05-16 20:14:06,450] {logging_mixin.py:104} INFO - [2021-05-16 20:14:06,450] {dagbag.py:451} INFO - Filling up the DagBag from /Users/harry/.local/share/virtualenvs/rugby_data_project_airflow-d2RAFQI6/lib/python3.8/site-packages/airflow/example_dags/example_xcomargs.py
[2021-05-16 20:14:06,457] {scheduler_job.py:639} INFO - DAG(s) dict_keys(['example_xcom_args', 'example_xcom_args_with_operators']) retrieved from /Users/harry/.local/share/virtualenvs/rugby_data_project_airflow-d2RAFQI6/lib/python3.8/site-packages/airflow/example_dags/example_xcomargs.py
[2021-05-16 20:14:06,484] {logging_mixin.py:104} INFO - [2021-05-16 20:14:06,484] {dag.py:1824} INFO - Sync 2 DAGs
[2021-05-16 20:14:06,490] {logging_mixin.py:104} INFO - [2021-05-16 20:14:06,490] {dag.py:2280} INFO - Setting next_dagrun for example_xcom_args to None
[2021-05-16 20:14:06,490] {logging_mixin.py:104} INFO - [2021-05-16 20:14:06,490] {dag.py:2280} INFO - Setting next_dagrun for example_xcom_args_with_operators to None
[2021-05-16 20:14:06,497] {scheduler_job.py:190} INFO - Processing /Users/harry/.local/share/virtualenvs/rugby_data_project_airflow-d2RAFQI6/lib/python3.8/site-packages/airflow/example_dags/example_xcomargs.py took 0.049 seconds
[2021-05-16 20:14:51,910] {scheduler_job.py:182} INFO - Started process (PID=20088) to work on /Users/harry/.local/share/virtualenvs/rugby_data_project_airflow-d2RAFQI6/lib/python3.8/site-packages/airflow/example_dags/example_xcomargs.py
[2021-05-16 20:14:51,911] {scheduler_job.py:629} INFO - Processing file /Users/harry/.local/share/virtualenvs/rugby_data_project_airflow-d2RAFQI6/lib/python3.8/site-packages/airflow/example_dags/example_xcomargs.py for tasks to queue
[2021-05-16 20:14:51,912] {logging_mixin.py:104} INFO - [2021-05-16 20:14:51,911] {dagbag.py:451} INFO - Filling up the DagBag from /Users/harry/.local/share/virtualenvs/rugby_data_project_airflow-d2RAFQI6/lib/python3.8/site-packages/airflow/example_dags/example_xcomargs.py
[2021-05-16 20:14:51,921] {scheduler_job.py:639} INFO - DAG(s) dict_keys(['example_xcom_args', 'example_xcom_args_with_operators']) retrieved from /Users/harry/.local/share/virtualenvs/rugby_data_project_airflow-d2RAFQI6/lib/python3.8/site-packages/airflow/example_dags/example_xcomargs.py
[2021-05-16 20:14:51,948] {logging_mixin.py:104} INFO - [2021-05-16 20:14:51,948] {dag.py:1824} INFO - Sync 2 DAGs
[2021-05-16 20:14:51,953] {logging_mixin.py:104} INFO - [2021-05-16 20:14:51,953] {dag.py:2280} INFO - Setting next_dagrun for example_xcom_args to None
[2021-05-16 20:14:51,954] {logging_mixin.py:104} INFO - [2021-05-16 20:14:51,954] {dag.py:2280} INFO - Setting next_dagrun for example_xcom_args_with_operators to None
[2021-05-16 20:14:51,960] {scheduler_job.py:190} INFO - Processing /Users/harry/.local/share/virtualenvs/rugby_data_project_airflow-d2RAFQI6/lib/python3.8/site-packages/airflow/example_dags/example_xcomargs.py took 0.050 seconds
[2021-05-16 20:15:41,111] {scheduler_job.py:182} INFO - Started process (PID=21405) to work on /Users/harry/.local/share/virtualenvs/rugby_data_project_airflow-d2RAFQI6/lib/python3.8/site-packages/airflow/example_dags/example_xcomargs.py
[2021-05-16 20:15:41,112] {scheduler_job.py:629} INFO - Processing file /Users/harry/.local/share/virtualenvs/rugby_data_project_airflow-d2RAFQI6/lib/python3.8/site-packages/airflow/example_dags/example_xcomargs.py for tasks to queue
[2021-05-16 20:15:41,113] {logging_mixin.py:104} INFO - [2021-05-16 20:15:41,113] {dagbag.py:451} INFO - Filling up the DagBag from /Users/harry/.local/share/virtualenvs/rugby_data_project_airflow-d2RAFQI6/lib/python3.8/site-packages/airflow/example_dags/example_xcomargs.py
[2021-05-16 20:15:41,120] {scheduler_job.py:639} INFO - DAG(s) dict_keys(['example_xcom_args', 'example_xcom_args_with_operators']) retrieved from /Users/harry/.local/share/virtualenvs/rugby_data_project_airflow-d2RAFQI6/lib/python3.8/site-packages/airflow/example_dags/example_xcomargs.py
[2021-05-16 20:15:41,146] {logging_mixin.py:104} INFO - [2021-05-16 20:15:41,146] {dag.py:1824} INFO - Sync 2 DAGs
[2021-05-16 20:15:41,151] {logging_mixin.py:104} INFO - [2021-05-16 20:15:41,151] {dag.py:2280} INFO - Setting next_dagrun for example_xcom_args to None
[2021-05-16 20:15:41,152] {logging_mixin.py:104} INFO - [2021-05-16 20:15:41,152] {dag.py:2280} INFO - Setting next_dagrun for example_xcom_args_with_operators to None
[2021-05-16 20:15:41,158] {scheduler_job.py:190} INFO - Processing /Users/harry/.local/share/virtualenvs/rugby_data_project_airflow-d2RAFQI6/lib/python3.8/site-packages/airflow/example_dags/example_xcomargs.py took 0.048 seconds
[2021-05-16 20:16:44,464] {scheduler_job.py:182} INFO - Started process (PID=22176) to work on /Users/harry/.local/share/virtualenvs/rugby_data_project_airflow-d2RAFQI6/lib/python3.8/site-packages/airflow/example_dags/example_xcomargs.py
[2021-05-16 20:16:44,466] {scheduler_job.py:629} INFO - Processing file /Users/harry/.local/share/virtualenvs/rugby_data_project_airflow-d2RAFQI6/lib/python3.8/site-packages/airflow/example_dags/example_xcomargs.py for tasks to queue
[2021-05-16 20:16:44,467] {logging_mixin.py:104} INFO - [2021-05-16 20:16:44,467] {dagbag.py:451} INFO - Filling up the DagBag from /Users/harry/.local/share/virtualenvs/rugby_data_project_airflow-d2RAFQI6/lib/python3.8/site-packages/airflow/example_dags/example_xcomargs.py
[2021-05-16 20:16:44,478] {scheduler_job.py:639} INFO - DAG(s) dict_keys(['example_xcom_args', 'example_xcom_args_with_operators']) retrieved from /Users/harry/.local/share/virtualenvs/rugby_data_project_airflow-d2RAFQI6/lib/python3.8/site-packages/airflow/example_dags/example_xcomargs.py
[2021-05-16 20:16:44,509] {logging_mixin.py:104} INFO - [2021-05-16 20:16:44,509] {dag.py:1824} INFO - Sync 2 DAGs
[2021-05-16 20:16:44,515] {logging_mixin.py:104} INFO - [2021-05-16 20:16:44,515] {dag.py:2280} INFO - Setting next_dagrun for example_xcom_args to None
[2021-05-16 20:16:44,515] {logging_mixin.py:104} INFO - [2021-05-16 20:16:44,515] {dag.py:2280} INFO - Setting next_dagrun for example_xcom_args_with_operators to None
[2021-05-16 20:16:44,522] {scheduler_job.py:190} INFO - Processing /Users/harry/.local/share/virtualenvs/rugby_data_project_airflow-d2RAFQI6/lib/python3.8/site-packages/airflow/example_dags/example_xcomargs.py took 0.058 seconds
