[2021-05-16 09:00:33,940] {scheduler_job.py:182} INFO - Started process (PID=42777) to work on /Users/harry/.local/share/virtualenvs/rugby_data_project_airflow-d2RAFQI6/lib/python3.8/site-packages/airflow/example_dags/example_python_operator.py
[2021-05-16 09:00:33,941] {scheduler_job.py:629} INFO - Processing file /Users/harry/.local/share/virtualenvs/rugby_data_project_airflow-d2RAFQI6/lib/python3.8/site-packages/airflow/example_dags/example_python_operator.py for tasks to queue
[2021-05-16 09:00:33,942] {logging_mixin.py:104} INFO - [2021-05-16 09:00:33,942] {dagbag.py:451} INFO - Filling up the DagBag from /Users/harry/.local/share/virtualenvs/rugby_data_project_airflow-d2RAFQI6/lib/python3.8/site-packages/airflow/example_dags/example_python_operator.py
[2021-05-16 09:00:33,954] {scheduler_job.py:639} INFO - DAG(s) dict_keys(['example_python_operator']) retrieved from /Users/harry/.local/share/virtualenvs/rugby_data_project_airflow-d2RAFQI6/lib/python3.8/site-packages/airflow/example_dags/example_python_operator.py
[2021-05-16 09:00:34,016] {logging_mixin.py:104} INFO - [2021-05-16 09:00:34,015] {dag.py:1824} INFO - Sync 1 DAGs
[2021-05-16 09:00:34,027] {logging_mixin.py:104} INFO - [2021-05-16 09:00:34,027] {dag.py:2280} INFO - Setting next_dagrun for example_python_operator to None
[2021-05-16 09:00:34,040] {scheduler_job.py:190} INFO - Processing /Users/harry/.local/share/virtualenvs/rugby_data_project_airflow-d2RAFQI6/lib/python3.8/site-packages/airflow/example_dags/example_python_operator.py took 0.100 seconds
[2021-05-16 09:05:09,607] {scheduler_job.py:182} INFO - Started process (PID=44670) to work on /Users/harry/.local/share/virtualenvs/rugby_data_project_airflow-d2RAFQI6/lib/python3.8/site-packages/airflow/example_dags/example_python_operator.py
[2021-05-16 09:05:09,608] {scheduler_job.py:629} INFO - Processing file /Users/harry/.local/share/virtualenvs/rugby_data_project_airflow-d2RAFQI6/lib/python3.8/site-packages/airflow/example_dags/example_python_operator.py for tasks to queue
[2021-05-16 09:05:09,608] {logging_mixin.py:104} INFO - [2021-05-16 09:05:09,608] {dagbag.py:451} INFO - Filling up the DagBag from /Users/harry/.local/share/virtualenvs/rugby_data_project_airflow-d2RAFQI6/lib/python3.8/site-packages/airflow/example_dags/example_python_operator.py
[2021-05-16 09:05:09,615] {scheduler_job.py:639} INFO - DAG(s) dict_keys(['example_python_operator']) retrieved from /Users/harry/.local/share/virtualenvs/rugby_data_project_airflow-d2RAFQI6/lib/python3.8/site-packages/airflow/example_dags/example_python_operator.py
[2021-05-16 09:05:09,644] {logging_mixin.py:104} INFO - [2021-05-16 09:05:09,644] {dag.py:1824} INFO - Sync 1 DAGs
[2021-05-16 09:05:09,651] {logging_mixin.py:104} INFO - [2021-05-16 09:05:09,651] {dag.py:2280} INFO - Setting next_dagrun for example_python_operator to None
[2021-05-16 09:05:09,658] {scheduler_job.py:190} INFO - Processing /Users/harry/.local/share/virtualenvs/rugby_data_project_airflow-d2RAFQI6/lib/python3.8/site-packages/airflow/example_dags/example_python_operator.py took 0.052 seconds
[2021-05-16 09:09:13,614] {scheduler_job.py:182} INFO - Started process (PID=46400) to work on /Users/harry/.local/share/virtualenvs/rugby_data_project_airflow-d2RAFQI6/lib/python3.8/site-packages/airflow/example_dags/example_python_operator.py
[2021-05-16 09:09:13,615] {scheduler_job.py:629} INFO - Processing file /Users/harry/.local/share/virtualenvs/rugby_data_project_airflow-d2RAFQI6/lib/python3.8/site-packages/airflow/example_dags/example_python_operator.py for tasks to queue
[2021-05-16 09:09:13,616] {logging_mixin.py:104} INFO - [2021-05-16 09:09:13,616] {dagbag.py:451} INFO - Filling up the DagBag from /Users/harry/.local/share/virtualenvs/rugby_data_project_airflow-d2RAFQI6/lib/python3.8/site-packages/airflow/example_dags/example_python_operator.py
[2021-05-16 09:09:13,624] {scheduler_job.py:639} INFO - DAG(s) dict_keys(['example_python_operator']) retrieved from /Users/harry/.local/share/virtualenvs/rugby_data_project_airflow-d2RAFQI6/lib/python3.8/site-packages/airflow/example_dags/example_python_operator.py
[2021-05-16 09:09:13,656] {logging_mixin.py:104} INFO - [2021-05-16 09:09:13,656] {dag.py:1824} INFO - Sync 1 DAGs
[2021-05-16 09:09:13,664] {logging_mixin.py:104} INFO - [2021-05-16 09:09:13,664] {dag.py:2280} INFO - Setting next_dagrun for example_python_operator to None
[2021-05-16 09:09:13,672] {scheduler_job.py:190} INFO - Processing /Users/harry/.local/share/virtualenvs/rugby_data_project_airflow-d2RAFQI6/lib/python3.8/site-packages/airflow/example_dags/example_python_operator.py took 0.058 seconds
[2021-05-16 09:13:30,754] {scheduler_job.py:182} INFO - Started process (PID=48213) to work on /Users/harry/.local/share/virtualenvs/rugby_data_project_airflow-d2RAFQI6/lib/python3.8/site-packages/airflow/example_dags/example_python_operator.py
[2021-05-16 09:13:30,755] {scheduler_job.py:629} INFO - Processing file /Users/harry/.local/share/virtualenvs/rugby_data_project_airflow-d2RAFQI6/lib/python3.8/site-packages/airflow/example_dags/example_python_operator.py for tasks to queue
[2021-05-16 09:13:30,756] {logging_mixin.py:104} INFO - [2021-05-16 09:13:30,755] {dagbag.py:451} INFO - Filling up the DagBag from /Users/harry/.local/share/virtualenvs/rugby_data_project_airflow-d2RAFQI6/lib/python3.8/site-packages/airflow/example_dags/example_python_operator.py
[2021-05-16 09:13:30,764] {scheduler_job.py:639} INFO - DAG(s) dict_keys(['example_python_operator']) retrieved from /Users/harry/.local/share/virtualenvs/rugby_data_project_airflow-d2RAFQI6/lib/python3.8/site-packages/airflow/example_dags/example_python_operator.py
[2021-05-16 09:13:30,799] {logging_mixin.py:104} INFO - [2021-05-16 09:13:30,799] {dag.py:1824} INFO - Sync 1 DAGs
[2021-05-16 09:13:30,807] {logging_mixin.py:104} INFO - [2021-05-16 09:13:30,807] {dag.py:2280} INFO - Setting next_dagrun for example_python_operator to None
[2021-05-16 09:13:30,815] {scheduler_job.py:190} INFO - Processing /Users/harry/.local/share/virtualenvs/rugby_data_project_airflow-d2RAFQI6/lib/python3.8/site-packages/airflow/example_dags/example_python_operator.py took 0.062 seconds
[2021-05-16 09:18:21,046] {scheduler_job.py:182} INFO - Started process (PID=50086) to work on /Users/harry/.local/share/virtualenvs/rugby_data_project_airflow-d2RAFQI6/lib/python3.8/site-packages/airflow/example_dags/example_python_operator.py
[2021-05-16 09:18:21,047] {scheduler_job.py:629} INFO - Processing file /Users/harry/.local/share/virtualenvs/rugby_data_project_airflow-d2RAFQI6/lib/python3.8/site-packages/airflow/example_dags/example_python_operator.py for tasks to queue
[2021-05-16 09:18:21,048] {logging_mixin.py:104} INFO - [2021-05-16 09:18:21,048] {dagbag.py:451} INFO - Filling up the DagBag from /Users/harry/.local/share/virtualenvs/rugby_data_project_airflow-d2RAFQI6/lib/python3.8/site-packages/airflow/example_dags/example_python_operator.py
[2021-05-16 09:18:21,057] {scheduler_job.py:639} INFO - DAG(s) dict_keys(['example_python_operator']) retrieved from /Users/harry/.local/share/virtualenvs/rugby_data_project_airflow-d2RAFQI6/lib/python3.8/site-packages/airflow/example_dags/example_python_operator.py
[2021-05-16 09:18:21,099] {logging_mixin.py:104} INFO - [2021-05-16 09:18:21,098] {dag.py:1824} INFO - Sync 1 DAGs
[2021-05-16 09:18:21,107] {logging_mixin.py:104} INFO - [2021-05-16 09:18:21,107] {dag.py:2280} INFO - Setting next_dagrun for example_python_operator to None
[2021-05-16 09:18:21,116] {scheduler_job.py:190} INFO - Processing /Users/harry/.local/share/virtualenvs/rugby_data_project_airflow-d2RAFQI6/lib/python3.8/site-packages/airflow/example_dags/example_python_operator.py took 0.071 seconds
[2021-05-16 09:23:07,842] {scheduler_job.py:182} INFO - Started process (PID=51902) to work on /Users/harry/.local/share/virtualenvs/rugby_data_project_airflow-d2RAFQI6/lib/python3.8/site-packages/airflow/example_dags/example_python_operator.py
[2021-05-16 09:23:07,843] {scheduler_job.py:629} INFO - Processing file /Users/harry/.local/share/virtualenvs/rugby_data_project_airflow-d2RAFQI6/lib/python3.8/site-packages/airflow/example_dags/example_python_operator.py for tasks to queue
[2021-05-16 09:23:07,844] {logging_mixin.py:104} INFO - [2021-05-16 09:23:07,844] {dagbag.py:451} INFO - Filling up the DagBag from /Users/harry/.local/share/virtualenvs/rugby_data_project_airflow-d2RAFQI6/lib/python3.8/site-packages/airflow/example_dags/example_python_operator.py
[2021-05-16 09:23:07,853] {scheduler_job.py:639} INFO - DAG(s) dict_keys(['example_python_operator']) retrieved from /Users/harry/.local/share/virtualenvs/rugby_data_project_airflow-d2RAFQI6/lib/python3.8/site-packages/airflow/example_dags/example_python_operator.py
[2021-05-16 09:23:07,891] {logging_mixin.py:104} INFO - [2021-05-16 09:23:07,891] {dag.py:1824} INFO - Sync 1 DAGs
[2021-05-16 09:23:07,900] {logging_mixin.py:104} INFO - [2021-05-16 09:23:07,900] {dag.py:2280} INFO - Setting next_dagrun for example_python_operator to None
[2021-05-16 09:23:07,909] {scheduler_job.py:190} INFO - Processing /Users/harry/.local/share/virtualenvs/rugby_data_project_airflow-d2RAFQI6/lib/python3.8/site-packages/airflow/example_dags/example_python_operator.py took 0.068 seconds
[2021-05-16 09:27:55,725] {scheduler_job.py:182} INFO - Started process (PID=53720) to work on /Users/harry/.local/share/virtualenvs/rugby_data_project_airflow-d2RAFQI6/lib/python3.8/site-packages/airflow/example_dags/example_python_operator.py
[2021-05-16 09:27:55,726] {scheduler_job.py:629} INFO - Processing file /Users/harry/.local/share/virtualenvs/rugby_data_project_airflow-d2RAFQI6/lib/python3.8/site-packages/airflow/example_dags/example_python_operator.py for tasks to queue
[2021-05-16 09:27:55,727] {logging_mixin.py:104} INFO - [2021-05-16 09:27:55,726] {dagbag.py:451} INFO - Filling up the DagBag from /Users/harry/.local/share/virtualenvs/rugby_data_project_airflow-d2RAFQI6/lib/python3.8/site-packages/airflow/example_dags/example_python_operator.py
[2021-05-16 09:27:55,739] {scheduler_job.py:639} INFO - DAG(s) dict_keys(['example_python_operator']) retrieved from /Users/harry/.local/share/virtualenvs/rugby_data_project_airflow-d2RAFQI6/lib/python3.8/site-packages/airflow/example_dags/example_python_operator.py
[2021-05-16 09:27:55,788] {logging_mixin.py:104} INFO - [2021-05-16 09:27:55,788] {dag.py:1824} INFO - Sync 1 DAGs
[2021-05-16 09:27:55,799] {logging_mixin.py:104} INFO - [2021-05-16 09:27:55,799] {dag.py:2280} INFO - Setting next_dagrun for example_python_operator to None
[2021-05-16 09:27:55,809] {scheduler_job.py:190} INFO - Processing /Users/harry/.local/share/virtualenvs/rugby_data_project_airflow-d2RAFQI6/lib/python3.8/site-packages/airflow/example_dags/example_python_operator.py took 0.086 seconds
[2021-05-16 09:32:47,867] {scheduler_job.py:182} INFO - Started process (PID=55472) to work on /Users/harry/.local/share/virtualenvs/rugby_data_project_airflow-d2RAFQI6/lib/python3.8/site-packages/airflow/example_dags/example_python_operator.py
[2021-05-16 09:32:47,869] {scheduler_job.py:629} INFO - Processing file /Users/harry/.local/share/virtualenvs/rugby_data_project_airflow-d2RAFQI6/lib/python3.8/site-packages/airflow/example_dags/example_python_operator.py for tasks to queue
[2021-05-16 09:32:47,869] {logging_mixin.py:104} INFO - [2021-05-16 09:32:47,869] {dagbag.py:451} INFO - Filling up the DagBag from /Users/harry/.local/share/virtualenvs/rugby_data_project_airflow-d2RAFQI6/lib/python3.8/site-packages/airflow/example_dags/example_python_operator.py
[2021-05-16 09:32:47,878] {scheduler_job.py:639} INFO - DAG(s) dict_keys(['example_python_operator']) retrieved from /Users/harry/.local/share/virtualenvs/rugby_data_project_airflow-d2RAFQI6/lib/python3.8/site-packages/airflow/example_dags/example_python_operator.py
[2021-05-16 09:32:47,917] {logging_mixin.py:104} INFO - [2021-05-16 09:32:47,917] {dag.py:1824} INFO - Sync 1 DAGs
[2021-05-16 09:32:47,926] {logging_mixin.py:104} INFO - [2021-05-16 09:32:47,925] {dag.py:2280} INFO - Setting next_dagrun for example_python_operator to None
[2021-05-16 09:32:47,934] {scheduler_job.py:190} INFO - Processing /Users/harry/.local/share/virtualenvs/rugby_data_project_airflow-d2RAFQI6/lib/python3.8/site-packages/airflow/example_dags/example_python_operator.py took 0.068 seconds
[2021-05-16 09:37:39,986] {scheduler_job.py:182} INFO - Started process (PID=57231) to work on /Users/harry/.local/share/virtualenvs/rugby_data_project_airflow-d2RAFQI6/lib/python3.8/site-packages/airflow/example_dags/example_python_operator.py
[2021-05-16 09:37:39,987] {scheduler_job.py:629} INFO - Processing file /Users/harry/.local/share/virtualenvs/rugby_data_project_airflow-d2RAFQI6/lib/python3.8/site-packages/airflow/example_dags/example_python_operator.py for tasks to queue
[2021-05-16 09:37:39,988] {logging_mixin.py:104} INFO - [2021-05-16 09:37:39,988] {dagbag.py:451} INFO - Filling up the DagBag from /Users/harry/.local/share/virtualenvs/rugby_data_project_airflow-d2RAFQI6/lib/python3.8/site-packages/airflow/example_dags/example_python_operator.py
[2021-05-16 09:37:39,997] {scheduler_job.py:639} INFO - DAG(s) dict_keys(['example_python_operator']) retrieved from /Users/harry/.local/share/virtualenvs/rugby_data_project_airflow-d2RAFQI6/lib/python3.8/site-packages/airflow/example_dags/example_python_operator.py
[2021-05-16 09:37:40,035] {logging_mixin.py:104} INFO - [2021-05-16 09:37:40,035] {dag.py:1824} INFO - Sync 1 DAGs
[2021-05-16 09:37:40,044] {logging_mixin.py:104} INFO - [2021-05-16 09:37:40,044] {dag.py:2280} INFO - Setting next_dagrun for example_python_operator to None
[2021-05-16 09:37:40,054] {scheduler_job.py:190} INFO - Processing /Users/harry/.local/share/virtualenvs/rugby_data_project_airflow-d2RAFQI6/lib/python3.8/site-packages/airflow/example_dags/example_python_operator.py took 0.068 seconds
[2021-05-16 09:42:30,880] {scheduler_job.py:182} INFO - Started process (PID=58990) to work on /Users/harry/.local/share/virtualenvs/rugby_data_project_airflow-d2RAFQI6/lib/python3.8/site-packages/airflow/example_dags/example_python_operator.py
[2021-05-16 09:42:30,881] {scheduler_job.py:629} INFO - Processing file /Users/harry/.local/share/virtualenvs/rugby_data_project_airflow-d2RAFQI6/lib/python3.8/site-packages/airflow/example_dags/example_python_operator.py for tasks to queue
[2021-05-16 09:42:30,881] {logging_mixin.py:104} INFO - [2021-05-16 09:42:30,881] {dagbag.py:451} INFO - Filling up the DagBag from /Users/harry/.local/share/virtualenvs/rugby_data_project_airflow-d2RAFQI6/lib/python3.8/site-packages/airflow/example_dags/example_python_operator.py
[2021-05-16 09:42:30,891] {scheduler_job.py:639} INFO - DAG(s) dict_keys(['example_python_operator']) retrieved from /Users/harry/.local/share/virtualenvs/rugby_data_project_airflow-d2RAFQI6/lib/python3.8/site-packages/airflow/example_dags/example_python_operator.py
[2021-05-16 09:42:30,931] {logging_mixin.py:104} INFO - [2021-05-16 09:42:30,931] {dag.py:1824} INFO - Sync 1 DAGs
[2021-05-16 09:42:30,941] {logging_mixin.py:104} INFO - [2021-05-16 09:42:30,941] {dag.py:2280} INFO - Setting next_dagrun for example_python_operator to None
[2021-05-16 09:42:30,950] {scheduler_job.py:190} INFO - Processing /Users/harry/.local/share/virtualenvs/rugby_data_project_airflow-d2RAFQI6/lib/python3.8/site-packages/airflow/example_dags/example_python_operator.py took 0.071 seconds
[2021-05-16 13:21:22,212] {scheduler_job.py:182} INFO - Started process (PID=4527) to work on /Users/harry/.local/share/virtualenvs/rugby_data_project_airflow-d2RAFQI6/lib/python3.8/site-packages/airflow/example_dags/example_python_operator.py
[2021-05-16 13:21:22,213] {scheduler_job.py:629} INFO - Processing file /Users/harry/.local/share/virtualenvs/rugby_data_project_airflow-d2RAFQI6/lib/python3.8/site-packages/airflow/example_dags/example_python_operator.py for tasks to queue
[2021-05-16 13:21:22,214] {logging_mixin.py:104} INFO - [2021-05-16 13:21:22,214] {dagbag.py:451} INFO - Filling up the DagBag from /Users/harry/.local/share/virtualenvs/rugby_data_project_airflow-d2RAFQI6/lib/python3.8/site-packages/airflow/example_dags/example_python_operator.py
[2021-05-16 13:21:22,219] {scheduler_job.py:639} INFO - DAG(s) dict_keys(['example_python_operator']) retrieved from /Users/harry/.local/share/virtualenvs/rugby_data_project_airflow-d2RAFQI6/lib/python3.8/site-packages/airflow/example_dags/example_python_operator.py
[2021-05-16 13:21:22,243] {logging_mixin.py:104} INFO - [2021-05-16 13:21:22,243] {dag.py:1824} INFO - Sync 1 DAGs
[2021-05-16 13:21:22,248] {logging_mixin.py:104} INFO - [2021-05-16 13:21:22,248] {dag.py:2280} INFO - Setting next_dagrun for example_python_operator to None
[2021-05-16 13:21:22,254] {scheduler_job.py:190} INFO - Processing /Users/harry/.local/share/virtualenvs/rugby_data_project_airflow-d2RAFQI6/lib/python3.8/site-packages/airflow/example_dags/example_python_operator.py took 0.042 seconds
[2021-05-16 13:22:22,234] {scheduler_job.py:182} INFO - Started process (PID=5303) to work on /Users/harry/.local/share/virtualenvs/rugby_data_project_airflow-d2RAFQI6/lib/python3.8/site-packages/airflow/example_dags/example_python_operator.py
[2021-05-16 13:22:22,234] {scheduler_job.py:629} INFO - Processing file /Users/harry/.local/share/virtualenvs/rugby_data_project_airflow-d2RAFQI6/lib/python3.8/site-packages/airflow/example_dags/example_python_operator.py for tasks to queue
[2021-05-16 13:22:22,235] {logging_mixin.py:104} INFO - [2021-05-16 13:22:22,235] {dagbag.py:451} INFO - Filling up the DagBag from /Users/harry/.local/share/virtualenvs/rugby_data_project_airflow-d2RAFQI6/lib/python3.8/site-packages/airflow/example_dags/example_python_operator.py
[2021-05-16 13:22:22,241] {scheduler_job.py:639} INFO - DAG(s) dict_keys(['example_python_operator']) retrieved from /Users/harry/.local/share/virtualenvs/rugby_data_project_airflow-d2RAFQI6/lib/python3.8/site-packages/airflow/example_dags/example_python_operator.py
[2021-05-16 13:22:22,265] {logging_mixin.py:104} INFO - [2021-05-16 13:22:22,265] {dag.py:1824} INFO - Sync 1 DAGs
[2021-05-16 13:22:22,271] {logging_mixin.py:104} INFO - [2021-05-16 13:22:22,270] {dag.py:2280} INFO - Setting next_dagrun for example_python_operator to None
[2021-05-16 13:22:22,276] {scheduler_job.py:190} INFO - Processing /Users/harry/.local/share/virtualenvs/rugby_data_project_airflow-d2RAFQI6/lib/python3.8/site-packages/airflow/example_dags/example_python_operator.py took 0.043 seconds
[2021-05-16 13:23:03,489] {scheduler_job.py:182} INFO - Started process (PID=5867) to work on /Users/harry/.local/share/virtualenvs/rugby_data_project_airflow-d2RAFQI6/lib/python3.8/site-packages/airflow/example_dags/example_python_operator.py
[2021-05-16 13:23:03,490] {scheduler_job.py:629} INFO - Processing file /Users/harry/.local/share/virtualenvs/rugby_data_project_airflow-d2RAFQI6/lib/python3.8/site-packages/airflow/example_dags/example_python_operator.py for tasks to queue
[2021-05-16 13:23:03,490] {logging_mixin.py:104} INFO - [2021-05-16 13:23:03,490] {dagbag.py:451} INFO - Filling up the DagBag from /Users/harry/.local/share/virtualenvs/rugby_data_project_airflow-d2RAFQI6/lib/python3.8/site-packages/airflow/example_dags/example_python_operator.py
[2021-05-16 13:23:03,497] {scheduler_job.py:639} INFO - DAG(s) dict_keys(['example_python_operator']) retrieved from /Users/harry/.local/share/virtualenvs/rugby_data_project_airflow-d2RAFQI6/lib/python3.8/site-packages/airflow/example_dags/example_python_operator.py
[2021-05-16 13:23:03,521] {logging_mixin.py:104} INFO - [2021-05-16 13:23:03,521] {dag.py:1824} INFO - Sync 1 DAGs
[2021-05-16 13:23:03,526] {logging_mixin.py:104} INFO - [2021-05-16 13:23:03,526] {dag.py:2280} INFO - Setting next_dagrun for example_python_operator to None
[2021-05-16 13:23:03,532] {scheduler_job.py:190} INFO - Processing /Users/harry/.local/share/virtualenvs/rugby_data_project_airflow-d2RAFQI6/lib/python3.8/site-packages/airflow/example_dags/example_python_operator.py took 0.043 seconds
[2021-05-16 13:23:50,873] {scheduler_job.py:182} INFO - Started process (PID=6567) to work on /Users/harry/.local/share/virtualenvs/rugby_data_project_airflow-d2RAFQI6/lib/python3.8/site-packages/airflow/example_dags/example_python_operator.py
[2021-05-16 13:23:50,874] {scheduler_job.py:629} INFO - Processing file /Users/harry/.local/share/virtualenvs/rugby_data_project_airflow-d2RAFQI6/lib/python3.8/site-packages/airflow/example_dags/example_python_operator.py for tasks to queue
[2021-05-16 13:23:50,874] {logging_mixin.py:104} INFO - [2021-05-16 13:23:50,874] {dagbag.py:451} INFO - Filling up the DagBag from /Users/harry/.local/share/virtualenvs/rugby_data_project_airflow-d2RAFQI6/lib/python3.8/site-packages/airflow/example_dags/example_python_operator.py
[2021-05-16 13:23:50,881] {scheduler_job.py:639} INFO - DAG(s) dict_keys(['example_python_operator']) retrieved from /Users/harry/.local/share/virtualenvs/rugby_data_project_airflow-d2RAFQI6/lib/python3.8/site-packages/airflow/example_dags/example_python_operator.py
[2021-05-16 13:23:50,905] {logging_mixin.py:104} INFO - [2021-05-16 13:23:50,905] {dag.py:1824} INFO - Sync 1 DAGs
[2021-05-16 13:23:50,911] {logging_mixin.py:104} INFO - [2021-05-16 13:23:50,911] {dag.py:2280} INFO - Setting next_dagrun for example_python_operator to None
[2021-05-16 13:23:50,917] {scheduler_job.py:190} INFO - Processing /Users/harry/.local/share/virtualenvs/rugby_data_project_airflow-d2RAFQI6/lib/python3.8/site-packages/airflow/example_dags/example_python_operator.py took 0.044 seconds
[2021-05-16 20:06:26,813] {scheduler_job.py:182} INFO - Started process (PID=14258) to work on /Users/harry/.local/share/virtualenvs/rugby_data_project_airflow-d2RAFQI6/lib/python3.8/site-packages/airflow/example_dags/example_python_operator.py
[2021-05-16 20:06:26,815] {scheduler_job.py:629} INFO - Processing file /Users/harry/.local/share/virtualenvs/rugby_data_project_airflow-d2RAFQI6/lib/python3.8/site-packages/airflow/example_dags/example_python_operator.py for tasks to queue
[2021-05-16 20:06:26,815] {logging_mixin.py:104} INFO - [2021-05-16 20:06:26,815] {dagbag.py:451} INFO - Filling up the DagBag from /Users/harry/.local/share/virtualenvs/rugby_data_project_airflow-d2RAFQI6/lib/python3.8/site-packages/airflow/example_dags/example_python_operator.py
[2021-05-16 20:06:26,823] {scheduler_job.py:639} INFO - DAG(s) dict_keys(['example_python_operator']) retrieved from /Users/harry/.local/share/virtualenvs/rugby_data_project_airflow-d2RAFQI6/lib/python3.8/site-packages/airflow/example_dags/example_python_operator.py
[2021-05-16 20:06:26,849] {logging_mixin.py:104} INFO - [2021-05-16 20:06:26,849] {dag.py:1824} INFO - Sync 1 DAGs
[2021-05-16 20:06:26,854] {logging_mixin.py:104} INFO - [2021-05-16 20:06:26,854] {dag.py:2280} INFO - Setting next_dagrun for example_python_operator to None
[2021-05-16 20:06:26,860] {scheduler_job.py:190} INFO - Processing /Users/harry/.local/share/virtualenvs/rugby_data_project_airflow-d2RAFQI6/lib/python3.8/site-packages/airflow/example_dags/example_python_operator.py took 0.047 seconds
[2021-05-16 20:07:13,474] {scheduler_job.py:182} INFO - Started process (PID=14734) to work on /Users/harry/.local/share/virtualenvs/rugby_data_project_airflow-d2RAFQI6/lib/python3.8/site-packages/airflow/example_dags/example_python_operator.py
[2021-05-16 20:07:13,475] {scheduler_job.py:629} INFO - Processing file /Users/harry/.local/share/virtualenvs/rugby_data_project_airflow-d2RAFQI6/lib/python3.8/site-packages/airflow/example_dags/example_python_operator.py for tasks to queue
[2021-05-16 20:07:13,476] {logging_mixin.py:104} INFO - [2021-05-16 20:07:13,476] {dagbag.py:451} INFO - Filling up the DagBag from /Users/harry/.local/share/virtualenvs/rugby_data_project_airflow-d2RAFQI6/lib/python3.8/site-packages/airflow/example_dags/example_python_operator.py
[2021-05-16 20:07:13,482] {scheduler_job.py:639} INFO - DAG(s) dict_keys(['example_python_operator']) retrieved from /Users/harry/.local/share/virtualenvs/rugby_data_project_airflow-d2RAFQI6/lib/python3.8/site-packages/airflow/example_dags/example_python_operator.py
[2021-05-16 20:07:13,506] {logging_mixin.py:104} INFO - [2021-05-16 20:07:13,505] {dag.py:1824} INFO - Sync 1 DAGs
[2021-05-16 20:07:13,511] {logging_mixin.py:104} INFO - [2021-05-16 20:07:13,511] {dag.py:2280} INFO - Setting next_dagrun for example_python_operator to None
[2021-05-16 20:07:13,516] {scheduler_job.py:190} INFO - Processing /Users/harry/.local/share/virtualenvs/rugby_data_project_airflow-d2RAFQI6/lib/python3.8/site-packages/airflow/example_dags/example_python_operator.py took 0.042 seconds
[2021-05-16 20:08:06,355] {scheduler_job.py:182} INFO - Started process (PID=15331) to work on /Users/harry/.local/share/virtualenvs/rugby_data_project_airflow-d2RAFQI6/lib/python3.8/site-packages/airflow/example_dags/example_python_operator.py
[2021-05-16 20:08:06,356] {scheduler_job.py:629} INFO - Processing file /Users/harry/.local/share/virtualenvs/rugby_data_project_airflow-d2RAFQI6/lib/python3.8/site-packages/airflow/example_dags/example_python_operator.py for tasks to queue
[2021-05-16 20:08:06,357] {logging_mixin.py:104} INFO - [2021-05-16 20:08:06,357] {dagbag.py:451} INFO - Filling up the DagBag from /Users/harry/.local/share/virtualenvs/rugby_data_project_airflow-d2RAFQI6/lib/python3.8/site-packages/airflow/example_dags/example_python_operator.py
[2021-05-16 20:08:06,363] {scheduler_job.py:639} INFO - DAG(s) dict_keys(['example_python_operator']) retrieved from /Users/harry/.local/share/virtualenvs/rugby_data_project_airflow-d2RAFQI6/lib/python3.8/site-packages/airflow/example_dags/example_python_operator.py
[2021-05-16 20:08:06,387] {logging_mixin.py:104} INFO - [2021-05-16 20:08:06,387] {dag.py:1824} INFO - Sync 1 DAGs
[2021-05-16 20:08:06,393] {logging_mixin.py:104} INFO - [2021-05-16 20:08:06,393] {dag.py:2280} INFO - Setting next_dagrun for example_python_operator to None
[2021-05-16 20:08:06,400] {scheduler_job.py:190} INFO - Processing /Users/harry/.local/share/virtualenvs/rugby_data_project_airflow-d2RAFQI6/lib/python3.8/site-packages/airflow/example_dags/example_python_operator.py took 0.045 seconds
[2021-05-16 20:08:57,097] {scheduler_job.py:182} INFO - Started process (PID=15871) to work on /Users/harry/.local/share/virtualenvs/rugby_data_project_airflow-d2RAFQI6/lib/python3.8/site-packages/airflow/example_dags/example_python_operator.py
[2021-05-16 20:08:57,098] {scheduler_job.py:629} INFO - Processing file /Users/harry/.local/share/virtualenvs/rugby_data_project_airflow-d2RAFQI6/lib/python3.8/site-packages/airflow/example_dags/example_python_operator.py for tasks to queue
[2021-05-16 20:08:57,098] {logging_mixin.py:104} INFO - [2021-05-16 20:08:57,098] {dagbag.py:451} INFO - Filling up the DagBag from /Users/harry/.local/share/virtualenvs/rugby_data_project_airflow-d2RAFQI6/lib/python3.8/site-packages/airflow/example_dags/example_python_operator.py
[2021-05-16 20:08:57,103] {scheduler_job.py:639} INFO - DAG(s) dict_keys(['example_python_operator']) retrieved from /Users/harry/.local/share/virtualenvs/rugby_data_project_airflow-d2RAFQI6/lib/python3.8/site-packages/airflow/example_dags/example_python_operator.py
[2021-05-16 20:08:57,126] {logging_mixin.py:104} INFO - [2021-05-16 20:08:57,126] {dag.py:1824} INFO - Sync 1 DAGs
[2021-05-16 20:08:57,132] {logging_mixin.py:104} INFO - [2021-05-16 20:08:57,132] {dag.py:2280} INFO - Setting next_dagrun for example_python_operator to None
[2021-05-16 20:08:57,139] {scheduler_job.py:190} INFO - Processing /Users/harry/.local/share/virtualenvs/rugby_data_project_airflow-d2RAFQI6/lib/python3.8/site-packages/airflow/example_dags/example_python_operator.py took 0.042 seconds
[2021-05-16 20:09:47,580] {scheduler_job.py:182} INFO - Started process (PID=16486) to work on /Users/harry/.local/share/virtualenvs/rugby_data_project_airflow-d2RAFQI6/lib/python3.8/site-packages/airflow/example_dags/example_python_operator.py
[2021-05-16 20:09:47,581] {scheduler_job.py:629} INFO - Processing file /Users/harry/.local/share/virtualenvs/rugby_data_project_airflow-d2RAFQI6/lib/python3.8/site-packages/airflow/example_dags/example_python_operator.py for tasks to queue
[2021-05-16 20:09:47,581] {logging_mixin.py:104} INFO - [2021-05-16 20:09:47,581] {dagbag.py:451} INFO - Filling up the DagBag from /Users/harry/.local/share/virtualenvs/rugby_data_project_airflow-d2RAFQI6/lib/python3.8/site-packages/airflow/example_dags/example_python_operator.py
[2021-05-16 20:09:47,587] {scheduler_job.py:639} INFO - DAG(s) dict_keys(['example_python_operator']) retrieved from /Users/harry/.local/share/virtualenvs/rugby_data_project_airflow-d2RAFQI6/lib/python3.8/site-packages/airflow/example_dags/example_python_operator.py
[2021-05-16 20:09:47,610] {logging_mixin.py:104} INFO - [2021-05-16 20:09:47,610] {dag.py:1824} INFO - Sync 1 DAGs
[2021-05-16 20:09:47,616] {logging_mixin.py:104} INFO - [2021-05-16 20:09:47,616] {dag.py:2280} INFO - Setting next_dagrun for example_python_operator to None
[2021-05-16 20:09:47,623] {scheduler_job.py:190} INFO - Processing /Users/harry/.local/share/virtualenvs/rugby_data_project_airflow-d2RAFQI6/lib/python3.8/site-packages/airflow/example_dags/example_python_operator.py took 0.043 seconds
[2021-05-16 20:10:38,249] {scheduler_job.py:182} INFO - Started process (PID=17056) to work on /Users/harry/.local/share/virtualenvs/rugby_data_project_airflow-d2RAFQI6/lib/python3.8/site-packages/airflow/example_dags/example_python_operator.py
[2021-05-16 20:10:38,250] {scheduler_job.py:629} INFO - Processing file /Users/harry/.local/share/virtualenvs/rugby_data_project_airflow-d2RAFQI6/lib/python3.8/site-packages/airflow/example_dags/example_python_operator.py for tasks to queue
[2021-05-16 20:10:38,250] {logging_mixin.py:104} INFO - [2021-05-16 20:10:38,250] {dagbag.py:451} INFO - Filling up the DagBag from /Users/harry/.local/share/virtualenvs/rugby_data_project_airflow-d2RAFQI6/lib/python3.8/site-packages/airflow/example_dags/example_python_operator.py
[2021-05-16 20:10:38,257] {scheduler_job.py:639} INFO - DAG(s) dict_keys(['example_python_operator']) retrieved from /Users/harry/.local/share/virtualenvs/rugby_data_project_airflow-d2RAFQI6/lib/python3.8/site-packages/airflow/example_dags/example_python_operator.py
[2021-05-16 20:10:38,279] {logging_mixin.py:104} INFO - [2021-05-16 20:10:38,279] {dag.py:1824} INFO - Sync 1 DAGs
[2021-05-16 20:10:38,284] {logging_mixin.py:104} INFO - [2021-05-16 20:10:38,284] {dag.py:2280} INFO - Setting next_dagrun for example_python_operator to None
[2021-05-16 20:10:38,289] {scheduler_job.py:190} INFO - Processing /Users/harry/.local/share/virtualenvs/rugby_data_project_airflow-d2RAFQI6/lib/python3.8/site-packages/airflow/example_dags/example_python_operator.py took 0.041 seconds
[2021-05-16 20:11:24,616] {scheduler_job.py:182} INFO - Started process (PID=17525) to work on /Users/harry/.local/share/virtualenvs/rugby_data_project_airflow-d2RAFQI6/lib/python3.8/site-packages/airflow/example_dags/example_python_operator.py
[2021-05-16 20:11:24,617] {scheduler_job.py:629} INFO - Processing file /Users/harry/.local/share/virtualenvs/rugby_data_project_airflow-d2RAFQI6/lib/python3.8/site-packages/airflow/example_dags/example_python_operator.py for tasks to queue
[2021-05-16 20:11:24,617] {logging_mixin.py:104} INFO - [2021-05-16 20:11:24,617] {dagbag.py:451} INFO - Filling up the DagBag from /Users/harry/.local/share/virtualenvs/rugby_data_project_airflow-d2RAFQI6/lib/python3.8/site-packages/airflow/example_dags/example_python_operator.py
[2021-05-16 20:11:24,623] {scheduler_job.py:639} INFO - DAG(s) dict_keys(['example_python_operator']) retrieved from /Users/harry/.local/share/virtualenvs/rugby_data_project_airflow-d2RAFQI6/lib/python3.8/site-packages/airflow/example_dags/example_python_operator.py
[2021-05-16 20:11:24,647] {logging_mixin.py:104} INFO - [2021-05-16 20:11:24,647] {dag.py:1824} INFO - Sync 1 DAGs
[2021-05-16 20:11:24,652] {logging_mixin.py:104} INFO - [2021-05-16 20:11:24,652] {dag.py:2280} INFO - Setting next_dagrun for example_python_operator to None
[2021-05-16 20:11:24,657] {scheduler_job.py:190} INFO - Processing /Users/harry/.local/share/virtualenvs/rugby_data_project_airflow-d2RAFQI6/lib/python3.8/site-packages/airflow/example_dags/example_python_operator.py took 0.041 seconds
[2021-05-16 20:12:10,942] {scheduler_job.py:182} INFO - Started process (PID=18035) to work on /Users/harry/.local/share/virtualenvs/rugby_data_project_airflow-d2RAFQI6/lib/python3.8/site-packages/airflow/example_dags/example_python_operator.py
[2021-05-16 20:12:10,943] {scheduler_job.py:629} INFO - Processing file /Users/harry/.local/share/virtualenvs/rugby_data_project_airflow-d2RAFQI6/lib/python3.8/site-packages/airflow/example_dags/example_python_operator.py for tasks to queue
[2021-05-16 20:12:10,943] {logging_mixin.py:104} INFO - [2021-05-16 20:12:10,943] {dagbag.py:451} INFO - Filling up the DagBag from /Users/harry/.local/share/virtualenvs/rugby_data_project_airflow-d2RAFQI6/lib/python3.8/site-packages/airflow/example_dags/example_python_operator.py
[2021-05-16 20:12:10,949] {scheduler_job.py:639} INFO - DAG(s) dict_keys(['example_python_operator']) retrieved from /Users/harry/.local/share/virtualenvs/rugby_data_project_airflow-d2RAFQI6/lib/python3.8/site-packages/airflow/example_dags/example_python_operator.py
[2021-05-16 20:12:10,977] {logging_mixin.py:104} INFO - [2021-05-16 20:12:10,977] {dag.py:1824} INFO - Sync 1 DAGs
[2021-05-16 20:12:10,984] {logging_mixin.py:104} INFO - [2021-05-16 20:12:10,984] {dag.py:2280} INFO - Setting next_dagrun for example_python_operator to None
[2021-05-16 20:12:10,991] {scheduler_job.py:190} INFO - Processing /Users/harry/.local/share/virtualenvs/rugby_data_project_airflow-d2RAFQI6/lib/python3.8/site-packages/airflow/example_dags/example_python_operator.py took 0.050 seconds
[2021-05-16 20:12:58,037] {scheduler_job.py:182} INFO - Started process (PID=18703) to work on /Users/harry/.local/share/virtualenvs/rugby_data_project_airflow-d2RAFQI6/lib/python3.8/site-packages/airflow/example_dags/example_python_operator.py
[2021-05-16 20:12:58,037] {scheduler_job.py:629} INFO - Processing file /Users/harry/.local/share/virtualenvs/rugby_data_project_airflow-d2RAFQI6/lib/python3.8/site-packages/airflow/example_dags/example_python_operator.py for tasks to queue
[2021-05-16 20:12:58,038] {logging_mixin.py:104} INFO - [2021-05-16 20:12:58,037] {dagbag.py:451} INFO - Filling up the DagBag from /Users/harry/.local/share/virtualenvs/rugby_data_project_airflow-d2RAFQI6/lib/python3.8/site-packages/airflow/example_dags/example_python_operator.py
[2021-05-16 20:12:58,043] {scheduler_job.py:639} INFO - DAG(s) dict_keys(['example_python_operator']) retrieved from /Users/harry/.local/share/virtualenvs/rugby_data_project_airflow-d2RAFQI6/lib/python3.8/site-packages/airflow/example_dags/example_python_operator.py
[2021-05-16 20:12:58,066] {logging_mixin.py:104} INFO - [2021-05-16 20:12:58,066] {dag.py:1824} INFO - Sync 1 DAGs
[2021-05-16 20:12:58,071] {logging_mixin.py:104} INFO - [2021-05-16 20:12:58,071] {dag.py:2280} INFO - Setting next_dagrun for example_python_operator to None
[2021-05-16 20:12:58,079] {scheduler_job.py:190} INFO - Processing /Users/harry/.local/share/virtualenvs/rugby_data_project_airflow-d2RAFQI6/lib/python3.8/site-packages/airflow/example_dags/example_python_operator.py took 0.043 seconds
[2021-05-16 20:13:50,335] {scheduler_job.py:182} INFO - Started process (PID=19351) to work on /Users/harry/.local/share/virtualenvs/rugby_data_project_airflow-d2RAFQI6/lib/python3.8/site-packages/airflow/example_dags/example_python_operator.py
[2021-05-16 20:13:50,335] {scheduler_job.py:629} INFO - Processing file /Users/harry/.local/share/virtualenvs/rugby_data_project_airflow-d2RAFQI6/lib/python3.8/site-packages/airflow/example_dags/example_python_operator.py for tasks to queue
[2021-05-16 20:13:50,336] {logging_mixin.py:104} INFO - [2021-05-16 20:13:50,335] {dagbag.py:451} INFO - Filling up the DagBag from /Users/harry/.local/share/virtualenvs/rugby_data_project_airflow-d2RAFQI6/lib/python3.8/site-packages/airflow/example_dags/example_python_operator.py
[2021-05-16 20:13:50,341] {scheduler_job.py:639} INFO - DAG(s) dict_keys(['example_python_operator']) retrieved from /Users/harry/.local/share/virtualenvs/rugby_data_project_airflow-d2RAFQI6/lib/python3.8/site-packages/airflow/example_dags/example_python_operator.py
[2021-05-16 20:13:50,365] {logging_mixin.py:104} INFO - [2021-05-16 20:13:50,364] {dag.py:1824} INFO - Sync 1 DAGs
[2021-05-16 20:13:50,370] {logging_mixin.py:104} INFO - [2021-05-16 20:13:50,370] {dag.py:2280} INFO - Setting next_dagrun for example_python_operator to None
[2021-05-16 20:13:50,376] {scheduler_job.py:190} INFO - Processing /Users/harry/.local/share/virtualenvs/rugby_data_project_airflow-d2RAFQI6/lib/python3.8/site-packages/airflow/example_dags/example_python_operator.py took 0.042 seconds
[2021-05-16 20:14:39,039] {scheduler_job.py:182} INFO - Started process (PID=19924) to work on /Users/harry/.local/share/virtualenvs/rugby_data_project_airflow-d2RAFQI6/lib/python3.8/site-packages/airflow/example_dags/example_python_operator.py
[2021-05-16 20:14:39,040] {scheduler_job.py:629} INFO - Processing file /Users/harry/.local/share/virtualenvs/rugby_data_project_airflow-d2RAFQI6/lib/python3.8/site-packages/airflow/example_dags/example_python_operator.py for tasks to queue
[2021-05-16 20:14:39,041] {logging_mixin.py:104} INFO - [2021-05-16 20:14:39,041] {dagbag.py:451} INFO - Filling up the DagBag from /Users/harry/.local/share/virtualenvs/rugby_data_project_airflow-d2RAFQI6/lib/python3.8/site-packages/airflow/example_dags/example_python_operator.py
[2021-05-16 20:14:39,054] {scheduler_job.py:639} INFO - DAG(s) dict_keys(['example_python_operator']) retrieved from /Users/harry/.local/share/virtualenvs/rugby_data_project_airflow-d2RAFQI6/lib/python3.8/site-packages/airflow/example_dags/example_python_operator.py
[2021-05-16 20:14:39,083] {logging_mixin.py:104} INFO - [2021-05-16 20:14:39,083] {dag.py:1824} INFO - Sync 1 DAGs
[2021-05-16 20:14:39,089] {logging_mixin.py:104} INFO - [2021-05-16 20:14:39,089] {dag.py:2280} INFO - Setting next_dagrun for example_python_operator to None
[2021-05-16 20:14:39,095] {scheduler_job.py:190} INFO - Processing /Users/harry/.local/share/virtualenvs/rugby_data_project_airflow-d2RAFQI6/lib/python3.8/site-packages/airflow/example_dags/example_python_operator.py took 0.056 seconds
[2021-05-16 20:15:25,175] {scheduler_job.py:182} INFO - Started process (PID=21240) to work on /Users/harry/.local/share/virtualenvs/rugby_data_project_airflow-d2RAFQI6/lib/python3.8/site-packages/airflow/example_dags/example_python_operator.py
[2021-05-16 20:15:25,176] {scheduler_job.py:629} INFO - Processing file /Users/harry/.local/share/virtualenvs/rugby_data_project_airflow-d2RAFQI6/lib/python3.8/site-packages/airflow/example_dags/example_python_operator.py for tasks to queue
[2021-05-16 20:15:25,176] {logging_mixin.py:104} INFO - [2021-05-16 20:15:25,176] {dagbag.py:451} INFO - Filling up the DagBag from /Users/harry/.local/share/virtualenvs/rugby_data_project_airflow-d2RAFQI6/lib/python3.8/site-packages/airflow/example_dags/example_python_operator.py
[2021-05-16 20:15:25,184] {scheduler_job.py:639} INFO - DAG(s) dict_keys(['example_python_operator']) retrieved from /Users/harry/.local/share/virtualenvs/rugby_data_project_airflow-d2RAFQI6/lib/python3.8/site-packages/airflow/example_dags/example_python_operator.py
[2021-05-16 20:15:25,215] {logging_mixin.py:104} INFO - [2021-05-16 20:15:25,215] {dag.py:1824} INFO - Sync 1 DAGs
[2021-05-16 20:15:25,220] {logging_mixin.py:104} INFO - [2021-05-16 20:15:25,220] {dag.py:2280} INFO - Setting next_dagrun for example_python_operator to None
[2021-05-16 20:15:25,227] {scheduler_job.py:190} INFO - Processing /Users/harry/.local/share/virtualenvs/rugby_data_project_airflow-d2RAFQI6/lib/python3.8/site-packages/airflow/example_dags/example_python_operator.py took 0.053 seconds
