[2021-05-16 08:55:47,565] {scheduler_job.py:182} INFO - Started process (PID=42032) to work on /Users/harry/.local/share/virtualenvs/rugby_data_project_airflow-d2RAFQI6/lib/python3.8/site-packages/airflow/example_dags/example_skip_dag.py
[2021-05-16 08:55:47,565] {scheduler_job.py:629} INFO - Processing file /Users/harry/.local/share/virtualenvs/rugby_data_project_airflow-d2RAFQI6/lib/python3.8/site-packages/airflow/example_dags/example_skip_dag.py for tasks to queue
[2021-05-16 08:55:47,566] {logging_mixin.py:104} INFO - [2021-05-16 08:55:47,566] {dagbag.py:451} INFO - Filling up the DagBag from /Users/harry/.local/share/virtualenvs/rugby_data_project_airflow-d2RAFQI6/lib/python3.8/site-packages/airflow/example_dags/example_skip_dag.py
[2021-05-16 08:55:47,579] {scheduler_job.py:639} INFO - DAG(s) dict_keys(['example_skip_dag']) retrieved from /Users/harry/.local/share/virtualenvs/rugby_data_project_airflow-d2RAFQI6/lib/python3.8/site-packages/airflow/example_dags/example_skip_dag.py
[2021-05-16 08:55:47,608] {logging_mixin.py:104} INFO - [2021-05-16 08:55:47,608] {dag.py:1824} INFO - Sync 1 DAGs
[2021-05-16 08:55:47,615] {logging_mixin.py:104} INFO - [2021-05-16 08:55:47,614] {dag.py:2280} INFO - Setting next_dagrun for example_skip_dag to 2021-05-14 00:00:00+00:00
[2021-05-16 08:55:47,622] {scheduler_job.py:190} INFO - Processing /Users/harry/.local/share/virtualenvs/rugby_data_project_airflow-d2RAFQI6/lib/python3.8/site-packages/airflow/example_dags/example_skip_dag.py took 0.057 seconds
[2021-05-16 09:01:49,376] {scheduler_job.py:182} INFO - Started process (PID=43278) to work on /Users/harry/.local/share/virtualenvs/rugby_data_project_airflow-d2RAFQI6/lib/python3.8/site-packages/airflow/example_dags/example_skip_dag.py
[2021-05-16 09:01:49,377] {scheduler_job.py:629} INFO - Processing file /Users/harry/.local/share/virtualenvs/rugby_data_project_airflow-d2RAFQI6/lib/python3.8/site-packages/airflow/example_dags/example_skip_dag.py for tasks to queue
[2021-05-16 09:01:49,377] {logging_mixin.py:104} INFO - [2021-05-16 09:01:49,377] {dagbag.py:451} INFO - Filling up the DagBag from /Users/harry/.local/share/virtualenvs/rugby_data_project_airflow-d2RAFQI6/lib/python3.8/site-packages/airflow/example_dags/example_skip_dag.py
[2021-05-16 09:01:49,384] {scheduler_job.py:639} INFO - DAG(s) dict_keys(['example_skip_dag']) retrieved from /Users/harry/.local/share/virtualenvs/rugby_data_project_airflow-d2RAFQI6/lib/python3.8/site-packages/airflow/example_dags/example_skip_dag.py
[2021-05-16 09:01:49,415] {logging_mixin.py:104} INFO - [2021-05-16 09:01:49,414] {dag.py:1824} INFO - Sync 1 DAGs
[2021-05-16 09:01:49,421] {logging_mixin.py:104} INFO - [2021-05-16 09:01:49,421] {dag.py:2280} INFO - Setting next_dagrun for example_skip_dag to 2021-05-14 00:00:00+00:00
[2021-05-16 09:01:49,428] {scheduler_job.py:190} INFO - Processing /Users/harry/.local/share/virtualenvs/rugby_data_project_airflow-d2RAFQI6/lib/python3.8/site-packages/airflow/example_dags/example_skip_dag.py took 0.053 seconds
[2021-05-16 09:06:19,466] {scheduler_job.py:182} INFO - Started process (PID=45157) to work on /Users/harry/.local/share/virtualenvs/rugby_data_project_airflow-d2RAFQI6/lib/python3.8/site-packages/airflow/example_dags/example_skip_dag.py
[2021-05-16 09:06:19,467] {scheduler_job.py:629} INFO - Processing file /Users/harry/.local/share/virtualenvs/rugby_data_project_airflow-d2RAFQI6/lib/python3.8/site-packages/airflow/example_dags/example_skip_dag.py for tasks to queue
[2021-05-16 09:06:19,467] {logging_mixin.py:104} INFO - [2021-05-16 09:06:19,467] {dagbag.py:451} INFO - Filling up the DagBag from /Users/harry/.local/share/virtualenvs/rugby_data_project_airflow-d2RAFQI6/lib/python3.8/site-packages/airflow/example_dags/example_skip_dag.py
[2021-05-16 09:06:19,474] {scheduler_job.py:639} INFO - DAG(s) dict_keys(['example_skip_dag']) retrieved from /Users/harry/.local/share/virtualenvs/rugby_data_project_airflow-d2RAFQI6/lib/python3.8/site-packages/airflow/example_dags/example_skip_dag.py
[2021-05-16 09:06:19,504] {logging_mixin.py:104} INFO - [2021-05-16 09:06:19,504] {dag.py:1824} INFO - Sync 1 DAGs
[2021-05-16 09:06:19,512] {logging_mixin.py:104} INFO - [2021-05-16 09:06:19,512] {dag.py:2280} INFO - Setting next_dagrun for example_skip_dag to 2021-05-14 00:00:00+00:00
[2021-05-16 09:06:19,519] {scheduler_job.py:190} INFO - Processing /Users/harry/.local/share/virtualenvs/rugby_data_project_airflow-d2RAFQI6/lib/python3.8/site-packages/airflow/example_dags/example_skip_dag.py took 0.054 seconds
[2021-05-16 09:10:24,153] {scheduler_job.py:182} INFO - Started process (PID=46917) to work on /Users/harry/.local/share/virtualenvs/rugby_data_project_airflow-d2RAFQI6/lib/python3.8/site-packages/airflow/example_dags/example_skip_dag.py
[2021-05-16 09:10:24,154] {scheduler_job.py:629} INFO - Processing file /Users/harry/.local/share/virtualenvs/rugby_data_project_airflow-d2RAFQI6/lib/python3.8/site-packages/airflow/example_dags/example_skip_dag.py for tasks to queue
[2021-05-16 09:10:24,154] {logging_mixin.py:104} INFO - [2021-05-16 09:10:24,154] {dagbag.py:451} INFO - Filling up the DagBag from /Users/harry/.local/share/virtualenvs/rugby_data_project_airflow-d2RAFQI6/lib/python3.8/site-packages/airflow/example_dags/example_skip_dag.py
[2021-05-16 09:10:24,160] {scheduler_job.py:639} INFO - DAG(s) dict_keys(['example_skip_dag']) retrieved from /Users/harry/.local/share/virtualenvs/rugby_data_project_airflow-d2RAFQI6/lib/python3.8/site-packages/airflow/example_dags/example_skip_dag.py
[2021-05-16 09:10:24,190] {logging_mixin.py:104} INFO - [2021-05-16 09:10:24,190] {dag.py:1824} INFO - Sync 1 DAGs
[2021-05-16 09:10:24,198] {logging_mixin.py:104} INFO - [2021-05-16 09:10:24,198] {dag.py:2280} INFO - Setting next_dagrun for example_skip_dag to 2021-05-14 00:00:00+00:00
[2021-05-16 09:10:24,205] {scheduler_job.py:190} INFO - Processing /Users/harry/.local/share/virtualenvs/rugby_data_project_airflow-d2RAFQI6/lib/python3.8/site-packages/airflow/example_dags/example_skip_dag.py took 0.052 seconds
[2021-05-16 09:14:48,505] {scheduler_job.py:182} INFO - Started process (PID=48711) to work on /Users/harry/.local/share/virtualenvs/rugby_data_project_airflow-d2RAFQI6/lib/python3.8/site-packages/airflow/example_dags/example_skip_dag.py
[2021-05-16 09:14:48,506] {scheduler_job.py:629} INFO - Processing file /Users/harry/.local/share/virtualenvs/rugby_data_project_airflow-d2RAFQI6/lib/python3.8/site-packages/airflow/example_dags/example_skip_dag.py for tasks to queue
[2021-05-16 09:14:48,506] {logging_mixin.py:104} INFO - [2021-05-16 09:14:48,506] {dagbag.py:451} INFO - Filling up the DagBag from /Users/harry/.local/share/virtualenvs/rugby_data_project_airflow-d2RAFQI6/lib/python3.8/site-packages/airflow/example_dags/example_skip_dag.py
[2021-05-16 09:14:48,513] {scheduler_job.py:639} INFO - DAG(s) dict_keys(['example_skip_dag']) retrieved from /Users/harry/.local/share/virtualenvs/rugby_data_project_airflow-d2RAFQI6/lib/python3.8/site-packages/airflow/example_dags/example_skip_dag.py
[2021-05-16 09:14:48,550] {logging_mixin.py:104} INFO - [2021-05-16 09:14:48,550] {dag.py:1824} INFO - Sync 1 DAGs
[2021-05-16 09:14:48,558] {logging_mixin.py:104} INFO - [2021-05-16 09:14:48,558] {dag.py:2280} INFO - Setting next_dagrun for example_skip_dag to 2021-05-14 00:00:00+00:00
[2021-05-16 09:14:48,567] {scheduler_job.py:190} INFO - Processing /Users/harry/.local/share/virtualenvs/rugby_data_project_airflow-d2RAFQI6/lib/python3.8/site-packages/airflow/example_dags/example_skip_dag.py took 0.063 seconds
[2021-05-16 09:19:42,170] {scheduler_job.py:182} INFO - Started process (PID=50591) to work on /Users/harry/.local/share/virtualenvs/rugby_data_project_airflow-d2RAFQI6/lib/python3.8/site-packages/airflow/example_dags/example_skip_dag.py
[2021-05-16 09:19:42,171] {scheduler_job.py:629} INFO - Processing file /Users/harry/.local/share/virtualenvs/rugby_data_project_airflow-d2RAFQI6/lib/python3.8/site-packages/airflow/example_dags/example_skip_dag.py for tasks to queue
[2021-05-16 09:19:42,172] {logging_mixin.py:104} INFO - [2021-05-16 09:19:42,172] {dagbag.py:451} INFO - Filling up the DagBag from /Users/harry/.local/share/virtualenvs/rugby_data_project_airflow-d2RAFQI6/lib/python3.8/site-packages/airflow/example_dags/example_skip_dag.py
[2021-05-16 09:19:42,181] {scheduler_job.py:639} INFO - DAG(s) dict_keys(['example_skip_dag']) retrieved from /Users/harry/.local/share/virtualenvs/rugby_data_project_airflow-d2RAFQI6/lib/python3.8/site-packages/airflow/example_dags/example_skip_dag.py
[2021-05-16 09:19:42,218] {logging_mixin.py:104} INFO - [2021-05-16 09:19:42,218] {dag.py:1824} INFO - Sync 1 DAGs
[2021-05-16 09:19:42,227] {logging_mixin.py:104} INFO - [2021-05-16 09:19:42,227] {dag.py:2280} INFO - Setting next_dagrun for example_skip_dag to 2021-05-14 00:00:00+00:00
[2021-05-16 09:19:42,236] {scheduler_job.py:190} INFO - Processing /Users/harry/.local/share/virtualenvs/rugby_data_project_airflow-d2RAFQI6/lib/python3.8/site-packages/airflow/example_dags/example_skip_dag.py took 0.066 seconds
[2021-05-16 09:24:27,770] {scheduler_job.py:182} INFO - Started process (PID=52403) to work on /Users/harry/.local/share/virtualenvs/rugby_data_project_airflow-d2RAFQI6/lib/python3.8/site-packages/airflow/example_dags/example_skip_dag.py
[2021-05-16 09:24:27,771] {scheduler_job.py:629} INFO - Processing file /Users/harry/.local/share/virtualenvs/rugby_data_project_airflow-d2RAFQI6/lib/python3.8/site-packages/airflow/example_dags/example_skip_dag.py for tasks to queue
[2021-05-16 09:24:27,772] {logging_mixin.py:104} INFO - [2021-05-16 09:24:27,772] {dagbag.py:451} INFO - Filling up the DagBag from /Users/harry/.local/share/virtualenvs/rugby_data_project_airflow-d2RAFQI6/lib/python3.8/site-packages/airflow/example_dags/example_skip_dag.py
[2021-05-16 09:24:27,780] {scheduler_job.py:639} INFO - DAG(s) dict_keys(['example_skip_dag']) retrieved from /Users/harry/.local/share/virtualenvs/rugby_data_project_airflow-d2RAFQI6/lib/python3.8/site-packages/airflow/example_dags/example_skip_dag.py
[2021-05-16 09:24:27,818] {logging_mixin.py:104} INFO - [2021-05-16 09:24:27,818] {dag.py:1824} INFO - Sync 1 DAGs
[2021-05-16 09:24:27,827] {logging_mixin.py:104} INFO - [2021-05-16 09:24:27,827] {dag.py:2280} INFO - Setting next_dagrun for example_skip_dag to 2021-05-14 00:00:00+00:00
[2021-05-16 09:24:27,836] {scheduler_job.py:190} INFO - Processing /Users/harry/.local/share/virtualenvs/rugby_data_project_airflow-d2RAFQI6/lib/python3.8/site-packages/airflow/example_dags/example_skip_dag.py took 0.067 seconds
[2021-05-16 09:29:18,617] {scheduler_job.py:182} INFO - Started process (PID=54228) to work on /Users/harry/.local/share/virtualenvs/rugby_data_project_airflow-d2RAFQI6/lib/python3.8/site-packages/airflow/example_dags/example_skip_dag.py
[2021-05-16 09:29:18,619] {scheduler_job.py:629} INFO - Processing file /Users/harry/.local/share/virtualenvs/rugby_data_project_airflow-d2RAFQI6/lib/python3.8/site-packages/airflow/example_dags/example_skip_dag.py for tasks to queue
[2021-05-16 09:29:18,619] {logging_mixin.py:104} INFO - [2021-05-16 09:29:18,619] {dagbag.py:451} INFO - Filling up the DagBag from /Users/harry/.local/share/virtualenvs/rugby_data_project_airflow-d2RAFQI6/lib/python3.8/site-packages/airflow/example_dags/example_skip_dag.py
[2021-05-16 09:29:18,627] {scheduler_job.py:639} INFO - DAG(s) dict_keys(['example_skip_dag']) retrieved from /Users/harry/.local/share/virtualenvs/rugby_data_project_airflow-d2RAFQI6/lib/python3.8/site-packages/airflow/example_dags/example_skip_dag.py
[2021-05-16 09:29:18,667] {logging_mixin.py:104} INFO - [2021-05-16 09:29:18,667] {dag.py:1824} INFO - Sync 1 DAGs
[2021-05-16 09:29:18,676] {logging_mixin.py:104} INFO - [2021-05-16 09:29:18,676] {dag.py:2280} INFO - Setting next_dagrun for example_skip_dag to 2021-05-14 00:00:00+00:00
[2021-05-16 09:29:18,686] {scheduler_job.py:190} INFO - Processing /Users/harry/.local/share/virtualenvs/rugby_data_project_airflow-d2RAFQI6/lib/python3.8/site-packages/airflow/example_dags/example_skip_dag.py took 0.069 seconds
[2021-05-16 09:34:09,663] {scheduler_job.py:182} INFO - Started process (PID=55966) to work on /Users/harry/.local/share/virtualenvs/rugby_data_project_airflow-d2RAFQI6/lib/python3.8/site-packages/airflow/example_dags/example_skip_dag.py
[2021-05-16 09:34:09,664] {scheduler_job.py:629} INFO - Processing file /Users/harry/.local/share/virtualenvs/rugby_data_project_airflow-d2RAFQI6/lib/python3.8/site-packages/airflow/example_dags/example_skip_dag.py for tasks to queue
[2021-05-16 09:34:09,665] {logging_mixin.py:104} INFO - [2021-05-16 09:34:09,665] {dagbag.py:451} INFO - Filling up the DagBag from /Users/harry/.local/share/virtualenvs/rugby_data_project_airflow-d2RAFQI6/lib/python3.8/site-packages/airflow/example_dags/example_skip_dag.py
[2021-05-16 09:34:09,673] {scheduler_job.py:639} INFO - DAG(s) dict_keys(['example_skip_dag']) retrieved from /Users/harry/.local/share/virtualenvs/rugby_data_project_airflow-d2RAFQI6/lib/python3.8/site-packages/airflow/example_dags/example_skip_dag.py
[2021-05-16 09:34:09,712] {logging_mixin.py:104} INFO - [2021-05-16 09:34:09,712] {dag.py:1824} INFO - Sync 1 DAGs
[2021-05-16 09:34:09,721] {logging_mixin.py:104} INFO - [2021-05-16 09:34:09,721] {dag.py:2280} INFO - Setting next_dagrun for example_skip_dag to 2021-05-14 00:00:00+00:00
[2021-05-16 09:34:09,732] {scheduler_job.py:190} INFO - Processing /Users/harry/.local/share/virtualenvs/rugby_data_project_airflow-d2RAFQI6/lib/python3.8/site-packages/airflow/example_dags/example_skip_dag.py took 0.069 seconds
[2021-05-16 09:39:03,581] {scheduler_job.py:182} INFO - Started process (PID=57784) to work on /Users/harry/.local/share/virtualenvs/rugby_data_project_airflow-d2RAFQI6/lib/python3.8/site-packages/airflow/example_dags/example_skip_dag.py
[2021-05-16 09:39:03,582] {scheduler_job.py:629} INFO - Processing file /Users/harry/.local/share/virtualenvs/rugby_data_project_airflow-d2RAFQI6/lib/python3.8/site-packages/airflow/example_dags/example_skip_dag.py for tasks to queue
[2021-05-16 09:39:03,583] {logging_mixin.py:104} INFO - [2021-05-16 09:39:03,583] {dagbag.py:451} INFO - Filling up the DagBag from /Users/harry/.local/share/virtualenvs/rugby_data_project_airflow-d2RAFQI6/lib/python3.8/site-packages/airflow/example_dags/example_skip_dag.py
[2021-05-16 09:39:03,591] {scheduler_job.py:639} INFO - DAG(s) dict_keys(['example_skip_dag']) retrieved from /Users/harry/.local/share/virtualenvs/rugby_data_project_airflow-d2RAFQI6/lib/python3.8/site-packages/airflow/example_dags/example_skip_dag.py
[2021-05-16 09:39:03,631] {logging_mixin.py:104} INFO - [2021-05-16 09:39:03,631] {dag.py:1824} INFO - Sync 1 DAGs
[2021-05-16 09:39:03,640] {logging_mixin.py:104} INFO - [2021-05-16 09:39:03,640] {dag.py:2280} INFO - Setting next_dagrun for example_skip_dag to 2021-05-14 00:00:00+00:00
[2021-05-16 09:39:03,650] {scheduler_job.py:190} INFO - Processing /Users/harry/.local/share/virtualenvs/rugby_data_project_airflow-d2RAFQI6/lib/python3.8/site-packages/airflow/example_dags/example_skip_dag.py took 0.069 seconds
[2021-05-16 09:44:02,578] {scheduler_job.py:182} INFO - Started process (PID=59517) to work on /Users/harry/.local/share/virtualenvs/rugby_data_project_airflow-d2RAFQI6/lib/python3.8/site-packages/airflow/example_dags/example_skip_dag.py
[2021-05-16 09:44:02,579] {scheduler_job.py:629} INFO - Processing file /Users/harry/.local/share/virtualenvs/rugby_data_project_airflow-d2RAFQI6/lib/python3.8/site-packages/airflow/example_dags/example_skip_dag.py for tasks to queue
[2021-05-16 09:44:02,580] {logging_mixin.py:104} INFO - [2021-05-16 09:44:02,579] {dagbag.py:451} INFO - Filling up the DagBag from /Users/harry/.local/share/virtualenvs/rugby_data_project_airflow-d2RAFQI6/lib/python3.8/site-packages/airflow/example_dags/example_skip_dag.py
[2021-05-16 09:44:02,587] {scheduler_job.py:639} INFO - DAG(s) dict_keys(['example_skip_dag']) retrieved from /Users/harry/.local/share/virtualenvs/rugby_data_project_airflow-d2RAFQI6/lib/python3.8/site-packages/airflow/example_dags/example_skip_dag.py
[2021-05-16 09:44:02,626] {logging_mixin.py:104} INFO - [2021-05-16 09:44:02,625] {dag.py:1824} INFO - Sync 1 DAGs
[2021-05-16 09:44:02,634] {logging_mixin.py:104} INFO - [2021-05-16 09:44:02,634] {dag.py:2280} INFO - Setting next_dagrun for example_skip_dag to 2021-05-14 00:00:00+00:00
[2021-05-16 09:44:02,643] {scheduler_job.py:190} INFO - Processing /Users/harry/.local/share/virtualenvs/rugby_data_project_airflow-d2RAFQI6/lib/python3.8/site-packages/airflow/example_dags/example_skip_dag.py took 0.066 seconds
[2021-05-16 09:46:40,123] {scheduler_job.py:182} INFO - Started process (PID=60203) to work on /Users/harry/.local/share/virtualenvs/rugby_data_project_airflow-d2RAFQI6/lib/python3.8/site-packages/airflow/example_dags/example_skip_dag.py
[2021-05-16 09:46:40,124] {scheduler_job.py:629} INFO - Processing file /Users/harry/.local/share/virtualenvs/rugby_data_project_airflow-d2RAFQI6/lib/python3.8/site-packages/airflow/example_dags/example_skip_dag.py for tasks to queue
[2021-05-16 09:46:40,124] {logging_mixin.py:104} INFO - [2021-05-16 09:46:40,124] {dagbag.py:451} INFO - Filling up the DagBag from /Users/harry/.local/share/virtualenvs/rugby_data_project_airflow-d2RAFQI6/lib/python3.8/site-packages/airflow/example_dags/example_skip_dag.py
[2021-05-16 09:46:40,129] {scheduler_job.py:639} INFO - DAG(s) dict_keys(['example_skip_dag']) retrieved from /Users/harry/.local/share/virtualenvs/rugby_data_project_airflow-d2RAFQI6/lib/python3.8/site-packages/airflow/example_dags/example_skip_dag.py
[2021-05-16 09:46:40,155] {logging_mixin.py:104} INFO - [2021-05-16 09:46:40,155] {dag.py:1824} INFO - Sync 1 DAGs
[2021-05-16 09:46:40,161] {logging_mixin.py:104} INFO - [2021-05-16 09:46:40,161] {dag.py:2280} INFO - Setting next_dagrun for example_skip_dag to 2021-05-14 00:00:00+00:00
[2021-05-16 09:46:40,167] {scheduler_job.py:190} INFO - Processing /Users/harry/.local/share/virtualenvs/rugby_data_project_airflow-d2RAFQI6/lib/python3.8/site-packages/airflow/example_dags/example_skip_dag.py took 0.044 seconds
[2021-05-16 13:21:36,838] {scheduler_job.py:182} INFO - Started process (PID=4712) to work on /Users/harry/.local/share/virtualenvs/rugby_data_project_airflow-d2RAFQI6/lib/python3.8/site-packages/airflow/example_dags/example_skip_dag.py
[2021-05-16 13:21:36,839] {scheduler_job.py:629} INFO - Processing file /Users/harry/.local/share/virtualenvs/rugby_data_project_airflow-d2RAFQI6/lib/python3.8/site-packages/airflow/example_dags/example_skip_dag.py for tasks to queue
[2021-05-16 13:21:36,840] {logging_mixin.py:104} INFO - [2021-05-16 13:21:36,840] {dagbag.py:451} INFO - Filling up the DagBag from /Users/harry/.local/share/virtualenvs/rugby_data_project_airflow-d2RAFQI6/lib/python3.8/site-packages/airflow/example_dags/example_skip_dag.py
[2021-05-16 13:21:36,845] {scheduler_job.py:639} INFO - DAG(s) dict_keys(['example_skip_dag']) retrieved from /Users/harry/.local/share/virtualenvs/rugby_data_project_airflow-d2RAFQI6/lib/python3.8/site-packages/airflow/example_dags/example_skip_dag.py
[2021-05-16 13:21:36,870] {logging_mixin.py:104} INFO - [2021-05-16 13:21:36,869] {dag.py:1824} INFO - Sync 1 DAGs
[2021-05-16 13:21:36,875] {logging_mixin.py:104} INFO - [2021-05-16 13:21:36,875] {dag.py:2280} INFO - Setting next_dagrun for example_skip_dag to 2021-05-14 00:00:00+00:00
[2021-05-16 13:21:36,881] {scheduler_job.py:190} INFO - Processing /Users/harry/.local/share/virtualenvs/rugby_data_project_airflow-d2RAFQI6/lib/python3.8/site-packages/airflow/example_dags/example_skip_dag.py took 0.043 seconds
[2021-05-16 13:22:18,676] {scheduler_job.py:182} INFO - Started process (PID=5239) to work on /Users/harry/.local/share/virtualenvs/rugby_data_project_airflow-d2RAFQI6/lib/python3.8/site-packages/airflow/example_dags/example_skip_dag.py
[2021-05-16 13:22:18,677] {scheduler_job.py:629} INFO - Processing file /Users/harry/.local/share/virtualenvs/rugby_data_project_airflow-d2RAFQI6/lib/python3.8/site-packages/airflow/example_dags/example_skip_dag.py for tasks to queue
[2021-05-16 13:22:18,677] {logging_mixin.py:104} INFO - [2021-05-16 13:22:18,677] {dagbag.py:451} INFO - Filling up the DagBag from /Users/harry/.local/share/virtualenvs/rugby_data_project_airflow-d2RAFQI6/lib/python3.8/site-packages/airflow/example_dags/example_skip_dag.py
[2021-05-16 13:22:18,682] {scheduler_job.py:639} INFO - DAG(s) dict_keys(['example_skip_dag']) retrieved from /Users/harry/.local/share/virtualenvs/rugby_data_project_airflow-d2RAFQI6/lib/python3.8/site-packages/airflow/example_dags/example_skip_dag.py
[2021-05-16 13:22:18,706] {logging_mixin.py:104} INFO - [2021-05-16 13:22:18,706] {dag.py:1824} INFO - Sync 1 DAGs
[2021-05-16 13:22:18,711] {logging_mixin.py:104} INFO - [2021-05-16 13:22:18,711] {dag.py:2280} INFO - Setting next_dagrun for example_skip_dag to 2021-05-14 00:00:00+00:00
[2021-05-16 13:22:18,717] {scheduler_job.py:190} INFO - Processing /Users/harry/.local/share/virtualenvs/rugby_data_project_airflow-d2RAFQI6/lib/python3.8/site-packages/airflow/example_dags/example_skip_dag.py took 0.042 seconds
[2021-05-16 13:23:08,850] {scheduler_job.py:182} INFO - Started process (PID=5936) to work on /Users/harry/.local/share/virtualenvs/rugby_data_project_airflow-d2RAFQI6/lib/python3.8/site-packages/airflow/example_dags/example_skip_dag.py
[2021-05-16 13:23:08,852] {scheduler_job.py:629} INFO - Processing file /Users/harry/.local/share/virtualenvs/rugby_data_project_airflow-d2RAFQI6/lib/python3.8/site-packages/airflow/example_dags/example_skip_dag.py for tasks to queue
[2021-05-16 13:23:08,852] {logging_mixin.py:104} INFO - [2021-05-16 13:23:08,852] {dagbag.py:451} INFO - Filling up the DagBag from /Users/harry/.local/share/virtualenvs/rugby_data_project_airflow-d2RAFQI6/lib/python3.8/site-packages/airflow/example_dags/example_skip_dag.py
[2021-05-16 13:23:08,857] {scheduler_job.py:639} INFO - DAG(s) dict_keys(['example_skip_dag']) retrieved from /Users/harry/.local/share/virtualenvs/rugby_data_project_airflow-d2RAFQI6/lib/python3.8/site-packages/airflow/example_dags/example_skip_dag.py
[2021-05-16 13:23:08,882] {logging_mixin.py:104} INFO - [2021-05-16 13:23:08,881] {dag.py:1824} INFO - Sync 1 DAGs
[2021-05-16 13:23:08,887] {logging_mixin.py:104} INFO - [2021-05-16 13:23:08,887] {dag.py:2280} INFO - Setting next_dagrun for example_skip_dag to 2021-05-14 00:00:00+00:00
[2021-05-16 13:23:08,893] {scheduler_job.py:190} INFO - Processing /Users/harry/.local/share/virtualenvs/rugby_data_project_airflow-d2RAFQI6/lib/python3.8/site-packages/airflow/example_dags/example_skip_dag.py took 0.043 seconds
[2021-05-16 13:24:00,295] {scheduler_job.py:182} INFO - Started process (PID=6701) to work on /Users/harry/.local/share/virtualenvs/rugby_data_project_airflow-d2RAFQI6/lib/python3.8/site-packages/airflow/example_dags/example_skip_dag.py
[2021-05-16 13:24:00,296] {scheduler_job.py:629} INFO - Processing file /Users/harry/.local/share/virtualenvs/rugby_data_project_airflow-d2RAFQI6/lib/python3.8/site-packages/airflow/example_dags/example_skip_dag.py for tasks to queue
[2021-05-16 13:24:00,296] {logging_mixin.py:104} INFO - [2021-05-16 13:24:00,296] {dagbag.py:451} INFO - Filling up the DagBag from /Users/harry/.local/share/virtualenvs/rugby_data_project_airflow-d2RAFQI6/lib/python3.8/site-packages/airflow/example_dags/example_skip_dag.py
[2021-05-16 13:24:00,302] {scheduler_job.py:639} INFO - DAG(s) dict_keys(['example_skip_dag']) retrieved from /Users/harry/.local/share/virtualenvs/rugby_data_project_airflow-d2RAFQI6/lib/python3.8/site-packages/airflow/example_dags/example_skip_dag.py
[2021-05-16 13:24:00,326] {logging_mixin.py:104} INFO - [2021-05-16 13:24:00,326] {dag.py:1824} INFO - Sync 1 DAGs
[2021-05-16 13:24:00,331] {logging_mixin.py:104} INFO - [2021-05-16 13:24:00,331] {dag.py:2280} INFO - Setting next_dagrun for example_skip_dag to 2021-05-14 00:00:00+00:00
[2021-05-16 13:24:00,337] {scheduler_job.py:190} INFO - Processing /Users/harry/.local/share/virtualenvs/rugby_data_project_airflow-d2RAFQI6/lib/python3.8/site-packages/airflow/example_dags/example_skip_dag.py took 0.042 seconds
[2021-05-16 20:06:56,789] {scheduler_job.py:182} INFO - Started process (PID=14568) to work on /Users/harry/.local/share/virtualenvs/rugby_data_project_airflow-d2RAFQI6/lib/python3.8/site-packages/airflow/example_dags/example_skip_dag.py
[2021-05-16 20:06:56,790] {scheduler_job.py:629} INFO - Processing file /Users/harry/.local/share/virtualenvs/rugby_data_project_airflow-d2RAFQI6/lib/python3.8/site-packages/airflow/example_dags/example_skip_dag.py for tasks to queue
[2021-05-16 20:06:56,791] {logging_mixin.py:104} INFO - [2021-05-16 20:06:56,791] {dagbag.py:451} INFO - Filling up the DagBag from /Users/harry/.local/share/virtualenvs/rugby_data_project_airflow-d2RAFQI6/lib/python3.8/site-packages/airflow/example_dags/example_skip_dag.py
[2021-05-16 20:06:56,797] {scheduler_job.py:639} INFO - DAG(s) dict_keys(['example_skip_dag']) retrieved from /Users/harry/.local/share/virtualenvs/rugby_data_project_airflow-d2RAFQI6/lib/python3.8/site-packages/airflow/example_dags/example_skip_dag.py
[2021-05-16 20:06:56,826] {logging_mixin.py:104} INFO - [2021-05-16 20:06:56,826] {dag.py:1824} INFO - Sync 1 DAGs
[2021-05-16 20:06:56,832] {logging_mixin.py:104} INFO - [2021-05-16 20:06:56,832] {dag.py:2280} INFO - Setting next_dagrun for example_skip_dag to 2021-05-14 00:00:00+00:00
[2021-05-16 20:06:56,839] {scheduler_job.py:190} INFO - Processing /Users/harry/.local/share/virtualenvs/rugby_data_project_airflow-d2RAFQI6/lib/python3.8/site-packages/airflow/example_dags/example_skip_dag.py took 0.050 seconds
[2021-05-16 20:07:48,309] {scheduler_job.py:182} INFO - Started process (PID=15089) to work on /Users/harry/.local/share/virtualenvs/rugby_data_project_airflow-d2RAFQI6/lib/python3.8/site-packages/airflow/example_dags/example_skip_dag.py
[2021-05-16 20:07:48,310] {scheduler_job.py:629} INFO - Processing file /Users/harry/.local/share/virtualenvs/rugby_data_project_airflow-d2RAFQI6/lib/python3.8/site-packages/airflow/example_dags/example_skip_dag.py for tasks to queue
[2021-05-16 20:07:48,311] {logging_mixin.py:104} INFO - [2021-05-16 20:07:48,310] {dagbag.py:451} INFO - Filling up the DagBag from /Users/harry/.local/share/virtualenvs/rugby_data_project_airflow-d2RAFQI6/lib/python3.8/site-packages/airflow/example_dags/example_skip_dag.py
[2021-05-16 20:07:48,316] {scheduler_job.py:639} INFO - DAG(s) dict_keys(['example_skip_dag']) retrieved from /Users/harry/.local/share/virtualenvs/rugby_data_project_airflow-d2RAFQI6/lib/python3.8/site-packages/airflow/example_dags/example_skip_dag.py
[2021-05-16 20:07:48,341] {logging_mixin.py:104} INFO - [2021-05-16 20:07:48,341] {dag.py:1824} INFO - Sync 1 DAGs
[2021-05-16 20:07:48,347] {logging_mixin.py:104} INFO - [2021-05-16 20:07:48,347] {dag.py:2280} INFO - Setting next_dagrun for example_skip_dag to 2021-05-14 00:00:00+00:00
[2021-05-16 20:07:48,352] {scheduler_job.py:190} INFO - Processing /Users/harry/.local/share/virtualenvs/rugby_data_project_airflow-d2RAFQI6/lib/python3.8/site-packages/airflow/example_dags/example_skip_dag.py took 0.043 seconds
[2021-05-16 20:08:40,919] {scheduler_job.py:182} INFO - Started process (PID=15673) to work on /Users/harry/.local/share/virtualenvs/rugby_data_project_airflow-d2RAFQI6/lib/python3.8/site-packages/airflow/example_dags/example_skip_dag.py
[2021-05-16 20:08:40,920] {scheduler_job.py:629} INFO - Processing file /Users/harry/.local/share/virtualenvs/rugby_data_project_airflow-d2RAFQI6/lib/python3.8/site-packages/airflow/example_dags/example_skip_dag.py for tasks to queue
[2021-05-16 20:08:40,921] {logging_mixin.py:104} INFO - [2021-05-16 20:08:40,921] {dagbag.py:451} INFO - Filling up the DagBag from /Users/harry/.local/share/virtualenvs/rugby_data_project_airflow-d2RAFQI6/lib/python3.8/site-packages/airflow/example_dags/example_skip_dag.py
[2021-05-16 20:08:40,926] {scheduler_job.py:639} INFO - DAG(s) dict_keys(['example_skip_dag']) retrieved from /Users/harry/.local/share/virtualenvs/rugby_data_project_airflow-d2RAFQI6/lib/python3.8/site-packages/airflow/example_dags/example_skip_dag.py
[2021-05-16 20:08:40,949] {logging_mixin.py:104} INFO - [2021-05-16 20:08:40,949] {dag.py:1824} INFO - Sync 1 DAGs
[2021-05-16 20:08:40,955] {logging_mixin.py:104} INFO - [2021-05-16 20:08:40,955] {dag.py:2280} INFO - Setting next_dagrun for example_skip_dag to 2021-05-14 00:00:00+00:00
[2021-05-16 20:08:40,960] {scheduler_job.py:190} INFO - Processing /Users/harry/.local/share/virtualenvs/rugby_data_project_airflow-d2RAFQI6/lib/python3.8/site-packages/airflow/example_dags/example_skip_dag.py took 0.041 seconds
[2021-05-16 20:09:26,003] {scheduler_job.py:182} INFO - Started process (PID=16151) to work on /Users/harry/.local/share/virtualenvs/rugby_data_project_airflow-d2RAFQI6/lib/python3.8/site-packages/airflow/example_dags/example_skip_dag.py
[2021-05-16 20:09:26,004] {scheduler_job.py:629} INFO - Processing file /Users/harry/.local/share/virtualenvs/rugby_data_project_airflow-d2RAFQI6/lib/python3.8/site-packages/airflow/example_dags/example_skip_dag.py for tasks to queue
[2021-05-16 20:09:26,004] {logging_mixin.py:104} INFO - [2021-05-16 20:09:26,004] {dagbag.py:451} INFO - Filling up the DagBag from /Users/harry/.local/share/virtualenvs/rugby_data_project_airflow-d2RAFQI6/lib/python3.8/site-packages/airflow/example_dags/example_skip_dag.py
[2021-05-16 20:09:26,010] {scheduler_job.py:639} INFO - DAG(s) dict_keys(['example_skip_dag']) retrieved from /Users/harry/.local/share/virtualenvs/rugby_data_project_airflow-d2RAFQI6/lib/python3.8/site-packages/airflow/example_dags/example_skip_dag.py
[2021-05-16 20:09:26,034] {logging_mixin.py:104} INFO - [2021-05-16 20:09:26,033] {dag.py:1824} INFO - Sync 1 DAGs
[2021-05-16 20:09:26,039] {logging_mixin.py:104} INFO - [2021-05-16 20:09:26,038] {dag.py:2280} INFO - Setting next_dagrun for example_skip_dag to 2021-05-14 00:00:00+00:00
[2021-05-16 20:09:26,046] {scheduler_job.py:190} INFO - Processing /Users/harry/.local/share/virtualenvs/rugby_data_project_airflow-d2RAFQI6/lib/python3.8/site-packages/airflow/example_dags/example_skip_dag.py took 0.043 seconds
[2021-05-16 20:10:12,593] {scheduler_job.py:182} INFO - Started process (PID=16789) to work on /Users/harry/.local/share/virtualenvs/rugby_data_project_airflow-d2RAFQI6/lib/python3.8/site-packages/airflow/example_dags/example_skip_dag.py
[2021-05-16 20:10:12,595] {scheduler_job.py:629} INFO - Processing file /Users/harry/.local/share/virtualenvs/rugby_data_project_airflow-d2RAFQI6/lib/python3.8/site-packages/airflow/example_dags/example_skip_dag.py for tasks to queue
[2021-05-16 20:10:12,595] {logging_mixin.py:104} INFO - [2021-05-16 20:10:12,595] {dagbag.py:451} INFO - Filling up the DagBag from /Users/harry/.local/share/virtualenvs/rugby_data_project_airflow-d2RAFQI6/lib/python3.8/site-packages/airflow/example_dags/example_skip_dag.py
[2021-05-16 20:10:12,601] {scheduler_job.py:639} INFO - DAG(s) dict_keys(['example_skip_dag']) retrieved from /Users/harry/.local/share/virtualenvs/rugby_data_project_airflow-d2RAFQI6/lib/python3.8/site-packages/airflow/example_dags/example_skip_dag.py
[2021-05-16 20:10:12,623] {logging_mixin.py:104} INFO - [2021-05-16 20:10:12,623] {dag.py:1824} INFO - Sync 1 DAGs
[2021-05-16 20:10:12,628] {logging_mixin.py:104} INFO - [2021-05-16 20:10:12,628] {dag.py:2280} INFO - Setting next_dagrun for example_skip_dag to 2021-05-14 00:00:00+00:00
[2021-05-16 20:10:12,633] {scheduler_job.py:190} INFO - Processing /Users/harry/.local/share/virtualenvs/rugby_data_project_airflow-d2RAFQI6/lib/python3.8/site-packages/airflow/example_dags/example_skip_dag.py took 0.040 seconds
[2021-05-16 20:11:07,891] {scheduler_job.py:182} INFO - Started process (PID=17360) to work on /Users/harry/.local/share/virtualenvs/rugby_data_project_airflow-d2RAFQI6/lib/python3.8/site-packages/airflow/example_dags/example_skip_dag.py
[2021-05-16 20:11:07,892] {scheduler_job.py:629} INFO - Processing file /Users/harry/.local/share/virtualenvs/rugby_data_project_airflow-d2RAFQI6/lib/python3.8/site-packages/airflow/example_dags/example_skip_dag.py for tasks to queue
[2021-05-16 20:11:07,892] {logging_mixin.py:104} INFO - [2021-05-16 20:11:07,892] {dagbag.py:451} INFO - Filling up the DagBag from /Users/harry/.local/share/virtualenvs/rugby_data_project_airflow-d2RAFQI6/lib/python3.8/site-packages/airflow/example_dags/example_skip_dag.py
[2021-05-16 20:11:07,897] {scheduler_job.py:639} INFO - DAG(s) dict_keys(['example_skip_dag']) retrieved from /Users/harry/.local/share/virtualenvs/rugby_data_project_airflow-d2RAFQI6/lib/python3.8/site-packages/airflow/example_dags/example_skip_dag.py
[2021-05-16 20:11:07,921] {logging_mixin.py:104} INFO - [2021-05-16 20:11:07,921] {dag.py:1824} INFO - Sync 1 DAGs
[2021-05-16 20:11:07,926] {logging_mixin.py:104} INFO - [2021-05-16 20:11:07,926] {dag.py:2280} INFO - Setting next_dagrun for example_skip_dag to 2021-05-14 00:00:00+00:00
[2021-05-16 20:11:07,931] {scheduler_job.py:190} INFO - Processing /Users/harry/.local/share/virtualenvs/rugby_data_project_airflow-d2RAFQI6/lib/python3.8/site-packages/airflow/example_dags/example_skip_dag.py took 0.041 seconds
[2021-05-16 20:11:55,176] {scheduler_job.py:182} INFO - Started process (PID=17846) to work on /Users/harry/.local/share/virtualenvs/rugby_data_project_airflow-d2RAFQI6/lib/python3.8/site-packages/airflow/example_dags/example_skip_dag.py
[2021-05-16 20:11:55,177] {scheduler_job.py:629} INFO - Processing file /Users/harry/.local/share/virtualenvs/rugby_data_project_airflow-d2RAFQI6/lib/python3.8/site-packages/airflow/example_dags/example_skip_dag.py for tasks to queue
[2021-05-16 20:11:55,177] {logging_mixin.py:104} INFO - [2021-05-16 20:11:55,177] {dagbag.py:451} INFO - Filling up the DagBag from /Users/harry/.local/share/virtualenvs/rugby_data_project_airflow-d2RAFQI6/lib/python3.8/site-packages/airflow/example_dags/example_skip_dag.py
[2021-05-16 20:11:55,185] {scheduler_job.py:639} INFO - DAG(s) dict_keys(['example_skip_dag']) retrieved from /Users/harry/.local/share/virtualenvs/rugby_data_project_airflow-d2RAFQI6/lib/python3.8/site-packages/airflow/example_dags/example_skip_dag.py
[2021-05-16 20:11:55,210] {logging_mixin.py:104} INFO - [2021-05-16 20:11:55,210] {dag.py:1824} INFO - Sync 1 DAGs
[2021-05-16 20:11:55,215] {logging_mixin.py:104} INFO - [2021-05-16 20:11:55,215] {dag.py:2280} INFO - Setting next_dagrun for example_skip_dag to 2021-05-14 00:00:00+00:00
[2021-05-16 20:11:55,222] {scheduler_job.py:190} INFO - Processing /Users/harry/.local/share/virtualenvs/rugby_data_project_airflow-d2RAFQI6/lib/python3.8/site-packages/airflow/example_dags/example_skip_dag.py took 0.047 seconds
[2021-05-16 20:12:42,255] {scheduler_job.py:182} INFO - Started process (PID=18513) to work on /Users/harry/.local/share/virtualenvs/rugby_data_project_airflow-d2RAFQI6/lib/python3.8/site-packages/airflow/example_dags/example_skip_dag.py
[2021-05-16 20:12:42,256] {scheduler_job.py:629} INFO - Processing file /Users/harry/.local/share/virtualenvs/rugby_data_project_airflow-d2RAFQI6/lib/python3.8/site-packages/airflow/example_dags/example_skip_dag.py for tasks to queue
[2021-05-16 20:12:42,256] {logging_mixin.py:104} INFO - [2021-05-16 20:12:42,256] {dagbag.py:451} INFO - Filling up the DagBag from /Users/harry/.local/share/virtualenvs/rugby_data_project_airflow-d2RAFQI6/lib/python3.8/site-packages/airflow/example_dags/example_skip_dag.py
[2021-05-16 20:12:42,263] {scheduler_job.py:639} INFO - DAG(s) dict_keys(['example_skip_dag']) retrieved from /Users/harry/.local/share/virtualenvs/rugby_data_project_airflow-d2RAFQI6/lib/python3.8/site-packages/airflow/example_dags/example_skip_dag.py
[2021-05-16 20:12:42,286] {logging_mixin.py:104} INFO - [2021-05-16 20:12:42,286] {dag.py:1824} INFO - Sync 1 DAGs
[2021-05-16 20:12:42,291] {logging_mixin.py:104} INFO - [2021-05-16 20:12:42,291] {dag.py:2280} INFO - Setting next_dagrun for example_skip_dag to 2021-05-14 00:00:00+00:00
[2021-05-16 20:12:42,297] {scheduler_job.py:190} INFO - Processing /Users/harry/.local/share/virtualenvs/rugby_data_project_airflow-d2RAFQI6/lib/python3.8/site-packages/airflow/example_dags/example_skip_dag.py took 0.043 seconds
[2021-05-16 20:13:32,995] {scheduler_job.py:182} INFO - Started process (PID=19159) to work on /Users/harry/.local/share/virtualenvs/rugby_data_project_airflow-d2RAFQI6/lib/python3.8/site-packages/airflow/example_dags/example_skip_dag.py
[2021-05-16 20:13:32,996] {scheduler_job.py:629} INFO - Processing file /Users/harry/.local/share/virtualenvs/rugby_data_project_airflow-d2RAFQI6/lib/python3.8/site-packages/airflow/example_dags/example_skip_dag.py for tasks to queue
[2021-05-16 20:13:32,996] {logging_mixin.py:104} INFO - [2021-05-16 20:13:32,996] {dagbag.py:451} INFO - Filling up the DagBag from /Users/harry/.local/share/virtualenvs/rugby_data_project_airflow-d2RAFQI6/lib/python3.8/site-packages/airflow/example_dags/example_skip_dag.py
[2021-05-16 20:13:33,003] {scheduler_job.py:639} INFO - DAG(s) dict_keys(['example_skip_dag']) retrieved from /Users/harry/.local/share/virtualenvs/rugby_data_project_airflow-d2RAFQI6/lib/python3.8/site-packages/airflow/example_dags/example_skip_dag.py
[2021-05-16 20:13:33,028] {logging_mixin.py:104} INFO - [2021-05-16 20:13:33,028] {dag.py:1824} INFO - Sync 1 DAGs
[2021-05-16 20:13:33,033] {logging_mixin.py:104} INFO - [2021-05-16 20:13:33,033] {dag.py:2280} INFO - Setting next_dagrun for example_skip_dag to 2021-05-14 00:00:00+00:00
[2021-05-16 20:13:33,039] {scheduler_job.py:190} INFO - Processing /Users/harry/.local/share/virtualenvs/rugby_data_project_airflow-d2RAFQI6/lib/python3.8/site-packages/airflow/example_dags/example_skip_dag.py took 0.045 seconds
[2021-05-16 20:14:24,428] {scheduler_job.py:182} INFO - Started process (PID=19731) to work on /Users/harry/.local/share/virtualenvs/rugby_data_project_airflow-d2RAFQI6/lib/python3.8/site-packages/airflow/example_dags/example_skip_dag.py
[2021-05-16 20:14:24,429] {scheduler_job.py:629} INFO - Processing file /Users/harry/.local/share/virtualenvs/rugby_data_project_airflow-d2RAFQI6/lib/python3.8/site-packages/airflow/example_dags/example_skip_dag.py for tasks to queue
[2021-05-16 20:14:24,429] {logging_mixin.py:104} INFO - [2021-05-16 20:14:24,429] {dagbag.py:451} INFO - Filling up the DagBag from /Users/harry/.local/share/virtualenvs/rugby_data_project_airflow-d2RAFQI6/lib/python3.8/site-packages/airflow/example_dags/example_skip_dag.py
[2021-05-16 20:14:24,435] {scheduler_job.py:639} INFO - DAG(s) dict_keys(['example_skip_dag']) retrieved from /Users/harry/.local/share/virtualenvs/rugby_data_project_airflow-d2RAFQI6/lib/python3.8/site-packages/airflow/example_dags/example_skip_dag.py
[2021-05-16 20:14:24,457] {logging_mixin.py:104} INFO - [2021-05-16 20:14:24,456] {dag.py:1824} INFO - Sync 1 DAGs
[2021-05-16 20:14:24,462] {logging_mixin.py:104} INFO - [2021-05-16 20:14:24,462] {dag.py:2280} INFO - Setting next_dagrun for example_skip_dag to 2021-05-14 00:00:00+00:00
[2021-05-16 20:14:24,467] {scheduler_job.py:190} INFO - Processing /Users/harry/.local/share/virtualenvs/rugby_data_project_airflow-d2RAFQI6/lib/python3.8/site-packages/airflow/example_dags/example_skip_dag.py took 0.039 seconds
[2021-05-16 20:15:09,458] {scheduler_job.py:182} INFO - Started process (PID=21029) to work on /Users/harry/.local/share/virtualenvs/rugby_data_project_airflow-d2RAFQI6/lib/python3.8/site-packages/airflow/example_dags/example_skip_dag.py
[2021-05-16 20:15:09,459] {scheduler_job.py:629} INFO - Processing file /Users/harry/.local/share/virtualenvs/rugby_data_project_airflow-d2RAFQI6/lib/python3.8/site-packages/airflow/example_dags/example_skip_dag.py for tasks to queue
[2021-05-16 20:15:09,459] {logging_mixin.py:104} INFO - [2021-05-16 20:15:09,459] {dagbag.py:451} INFO - Filling up the DagBag from /Users/harry/.local/share/virtualenvs/rugby_data_project_airflow-d2RAFQI6/lib/python3.8/site-packages/airflow/example_dags/example_skip_dag.py
[2021-05-16 20:15:09,465] {scheduler_job.py:639} INFO - DAG(s) dict_keys(['example_skip_dag']) retrieved from /Users/harry/.local/share/virtualenvs/rugby_data_project_airflow-d2RAFQI6/lib/python3.8/site-packages/airflow/example_dags/example_skip_dag.py
[2021-05-16 20:15:09,487] {logging_mixin.py:104} INFO - [2021-05-16 20:15:09,487] {dag.py:1824} INFO - Sync 1 DAGs
[2021-05-16 20:15:09,492] {logging_mixin.py:104} INFO - [2021-05-16 20:15:09,492] {dag.py:2280} INFO - Setting next_dagrun for example_skip_dag to 2021-05-14 00:00:00+00:00
[2021-05-16 20:15:09,498] {scheduler_job.py:190} INFO - Processing /Users/harry/.local/share/virtualenvs/rugby_data_project_airflow-d2RAFQI6/lib/python3.8/site-packages/airflow/example_dags/example_skip_dag.py took 0.040 seconds
