[2021-05-16 09:00:20,747] {scheduler_job.py:182} INFO - Started process (PID=42686) to work on /Users/harry/.local/share/virtualenvs/rugby_data_project_airflow-d2RAFQI6/lib/python3.8/site-packages/airflow/example_dags/example_external_task_marker_dag.py
[2021-05-16 09:00:20,748] {scheduler_job.py:629} INFO - Processing file /Users/harry/.local/share/virtualenvs/rugby_data_project_airflow-d2RAFQI6/lib/python3.8/site-packages/airflow/example_dags/example_external_task_marker_dag.py for tasks to queue
[2021-05-16 09:00:20,749] {logging_mixin.py:104} INFO - [2021-05-16 09:00:20,749] {dagbag.py:451} INFO - Filling up the DagBag from /Users/harry/.local/share/virtualenvs/rugby_data_project_airflow-d2RAFQI6/lib/python3.8/site-packages/airflow/example_dags/example_external_task_marker_dag.py
[2021-05-16 09:00:20,756] {scheduler_job.py:639} INFO - DAG(s) dict_keys(['example_external_task_marker_parent', 'example_external_task_marker_child']) retrieved from /Users/harry/.local/share/virtualenvs/rugby_data_project_airflow-d2RAFQI6/lib/python3.8/site-packages/airflow/example_dags/example_external_task_marker_dag.py
[2021-05-16 09:00:20,796] {logging_mixin.py:104} INFO - [2021-05-16 09:00:20,796] {dag.py:1824} INFO - Sync 2 DAGs
[2021-05-16 09:00:20,804] {logging_mixin.py:104} INFO - [2021-05-16 09:00:20,804] {dag.py:2280} INFO - Setting next_dagrun for example_external_task_marker_child to None
[2021-05-16 09:00:20,805] {logging_mixin.py:104} INFO - [2021-05-16 09:00:20,805] {dag.py:2280} INFO - Setting next_dagrun for example_external_task_marker_parent to None
[2021-05-16 09:00:20,815] {scheduler_job.py:190} INFO - Processing /Users/harry/.local/share/virtualenvs/rugby_data_project_airflow-d2RAFQI6/lib/python3.8/site-packages/airflow/example_dags/example_external_task_marker_dag.py took 0.068 seconds
[2021-05-16 09:04:59,633] {scheduler_job.py:182} INFO - Started process (PID=44595) to work on /Users/harry/.local/share/virtualenvs/rugby_data_project_airflow-d2RAFQI6/lib/python3.8/site-packages/airflow/example_dags/example_external_task_marker_dag.py
[2021-05-16 09:04:59,635] {scheduler_job.py:629} INFO - Processing file /Users/harry/.local/share/virtualenvs/rugby_data_project_airflow-d2RAFQI6/lib/python3.8/site-packages/airflow/example_dags/example_external_task_marker_dag.py for tasks to queue
[2021-05-16 09:04:59,635] {logging_mixin.py:104} INFO - [2021-05-16 09:04:59,635] {dagbag.py:451} INFO - Filling up the DagBag from /Users/harry/.local/share/virtualenvs/rugby_data_project_airflow-d2RAFQI6/lib/python3.8/site-packages/airflow/example_dags/example_external_task_marker_dag.py
[2021-05-16 09:04:59,643] {scheduler_job.py:639} INFO - DAG(s) dict_keys(['example_external_task_marker_parent', 'example_external_task_marker_child']) retrieved from /Users/harry/.local/share/virtualenvs/rugby_data_project_airflow-d2RAFQI6/lib/python3.8/site-packages/airflow/example_dags/example_external_task_marker_dag.py
[2021-05-16 09:04:59,676] {logging_mixin.py:104} INFO - [2021-05-16 09:04:59,676] {dag.py:1824} INFO - Sync 2 DAGs
[2021-05-16 09:04:59,683] {logging_mixin.py:104} INFO - [2021-05-16 09:04:59,683] {dag.py:2280} INFO - Setting next_dagrun for example_external_task_marker_child to None
[2021-05-16 09:04:59,683] {logging_mixin.py:104} INFO - [2021-05-16 09:04:59,683] {dag.py:2280} INFO - Setting next_dagrun for example_external_task_marker_parent to None
[2021-05-16 09:04:59,692] {scheduler_job.py:190} INFO - Processing /Users/harry/.local/share/virtualenvs/rugby_data_project_airflow-d2RAFQI6/lib/python3.8/site-packages/airflow/example_dags/example_external_task_marker_dag.py took 0.059 seconds
[2021-05-16 09:09:03,477] {scheduler_job.py:182} INFO - Started process (PID=46325) to work on /Users/harry/.local/share/virtualenvs/rugby_data_project_airflow-d2RAFQI6/lib/python3.8/site-packages/airflow/example_dags/example_external_task_marker_dag.py
[2021-05-16 09:09:03,478] {scheduler_job.py:629} INFO - Processing file /Users/harry/.local/share/virtualenvs/rugby_data_project_airflow-d2RAFQI6/lib/python3.8/site-packages/airflow/example_dags/example_external_task_marker_dag.py for tasks to queue
[2021-05-16 09:09:03,478] {logging_mixin.py:104} INFO - [2021-05-16 09:09:03,478] {dagbag.py:451} INFO - Filling up the DagBag from /Users/harry/.local/share/virtualenvs/rugby_data_project_airflow-d2RAFQI6/lib/python3.8/site-packages/airflow/example_dags/example_external_task_marker_dag.py
[2021-05-16 09:09:03,485] {scheduler_job.py:639} INFO - DAG(s) dict_keys(['example_external_task_marker_parent', 'example_external_task_marker_child']) retrieved from /Users/harry/.local/share/virtualenvs/rugby_data_project_airflow-d2RAFQI6/lib/python3.8/site-packages/airflow/example_dags/example_external_task_marker_dag.py
[2021-05-16 09:09:03,518] {logging_mixin.py:104} INFO - [2021-05-16 09:09:03,518] {dag.py:1824} INFO - Sync 2 DAGs
[2021-05-16 09:09:03,525] {logging_mixin.py:104} INFO - [2021-05-16 09:09:03,524] {dag.py:2280} INFO - Setting next_dagrun for example_external_task_marker_child to None
[2021-05-16 09:09:03,525] {logging_mixin.py:104} INFO - [2021-05-16 09:09:03,525] {dag.py:2280} INFO - Setting next_dagrun for example_external_task_marker_parent to None
[2021-05-16 09:09:03,534] {scheduler_job.py:190} INFO - Processing /Users/harry/.local/share/virtualenvs/rugby_data_project_airflow-d2RAFQI6/lib/python3.8/site-packages/airflow/example_dags/example_external_task_marker_dag.py took 0.057 seconds
[2021-05-16 09:13:19,697] {scheduler_job.py:182} INFO - Started process (PID=48142) to work on /Users/harry/.local/share/virtualenvs/rugby_data_project_airflow-d2RAFQI6/lib/python3.8/site-packages/airflow/example_dags/example_external_task_marker_dag.py
[2021-05-16 09:13:19,698] {scheduler_job.py:629} INFO - Processing file /Users/harry/.local/share/virtualenvs/rugby_data_project_airflow-d2RAFQI6/lib/python3.8/site-packages/airflow/example_dags/example_external_task_marker_dag.py for tasks to queue
[2021-05-16 09:13:19,699] {logging_mixin.py:104} INFO - [2021-05-16 09:13:19,699] {dagbag.py:451} INFO - Filling up the DagBag from /Users/harry/.local/share/virtualenvs/rugby_data_project_airflow-d2RAFQI6/lib/python3.8/site-packages/airflow/example_dags/example_external_task_marker_dag.py
[2021-05-16 09:13:19,707] {scheduler_job.py:639} INFO - DAG(s) dict_keys(['example_external_task_marker_parent', 'example_external_task_marker_child']) retrieved from /Users/harry/.local/share/virtualenvs/rugby_data_project_airflow-d2RAFQI6/lib/python3.8/site-packages/airflow/example_dags/example_external_task_marker_dag.py
[2021-05-16 09:13:19,746] {logging_mixin.py:104} INFO - [2021-05-16 09:13:19,746] {dag.py:1824} INFO - Sync 2 DAGs
[2021-05-16 09:13:19,754] {logging_mixin.py:104} INFO - [2021-05-16 09:13:19,754] {dag.py:2280} INFO - Setting next_dagrun for example_external_task_marker_child to None
[2021-05-16 09:13:19,754] {logging_mixin.py:104} INFO - [2021-05-16 09:13:19,754] {dag.py:2280} INFO - Setting next_dagrun for example_external_task_marker_parent to None
[2021-05-16 09:13:19,763] {scheduler_job.py:190} INFO - Processing /Users/harry/.local/share/virtualenvs/rugby_data_project_airflow-d2RAFQI6/lib/python3.8/site-packages/airflow/example_dags/example_external_task_marker_dag.py took 0.067 seconds
[2021-05-16 09:18:09,907] {scheduler_job.py:182} INFO - Started process (PID=50019) to work on /Users/harry/.local/share/virtualenvs/rugby_data_project_airflow-d2RAFQI6/lib/python3.8/site-packages/airflow/example_dags/example_external_task_marker_dag.py
[2021-05-16 09:18:09,908] {scheduler_job.py:629} INFO - Processing file /Users/harry/.local/share/virtualenvs/rugby_data_project_airflow-d2RAFQI6/lib/python3.8/site-packages/airflow/example_dags/example_external_task_marker_dag.py for tasks to queue
[2021-05-16 09:18:09,909] {logging_mixin.py:104} INFO - [2021-05-16 09:18:09,909] {dagbag.py:451} INFO - Filling up the DagBag from /Users/harry/.local/share/virtualenvs/rugby_data_project_airflow-d2RAFQI6/lib/python3.8/site-packages/airflow/example_dags/example_external_task_marker_dag.py
[2021-05-16 09:18:09,918] {scheduler_job.py:639} INFO - DAG(s) dict_keys(['example_external_task_marker_parent', 'example_external_task_marker_child']) retrieved from /Users/harry/.local/share/virtualenvs/rugby_data_project_airflow-d2RAFQI6/lib/python3.8/site-packages/airflow/example_dags/example_external_task_marker_dag.py
[2021-05-16 09:18:09,964] {logging_mixin.py:104} INFO - [2021-05-16 09:18:09,964] {dag.py:1824} INFO - Sync 2 DAGs
[2021-05-16 09:18:09,974] {logging_mixin.py:104} INFO - [2021-05-16 09:18:09,974] {dag.py:2280} INFO - Setting next_dagrun for example_external_task_marker_child to None
[2021-05-16 09:18:09,974] {logging_mixin.py:104} INFO - [2021-05-16 09:18:09,974] {dag.py:2280} INFO - Setting next_dagrun for example_external_task_marker_parent to None
[2021-05-16 09:18:09,986] {scheduler_job.py:190} INFO - Processing /Users/harry/.local/share/virtualenvs/rugby_data_project_airflow-d2RAFQI6/lib/python3.8/site-packages/airflow/example_dags/example_external_task_marker_dag.py took 0.079 seconds
[2021-05-16 09:22:56,408] {scheduler_job.py:182} INFO - Started process (PID=51820) to work on /Users/harry/.local/share/virtualenvs/rugby_data_project_airflow-d2RAFQI6/lib/python3.8/site-packages/airflow/example_dags/example_external_task_marker_dag.py
[2021-05-16 09:22:56,409] {scheduler_job.py:629} INFO - Processing file /Users/harry/.local/share/virtualenvs/rugby_data_project_airflow-d2RAFQI6/lib/python3.8/site-packages/airflow/example_dags/example_external_task_marker_dag.py for tasks to queue
[2021-05-16 09:22:56,410] {logging_mixin.py:104} INFO - [2021-05-16 09:22:56,409] {dagbag.py:451} INFO - Filling up the DagBag from /Users/harry/.local/share/virtualenvs/rugby_data_project_airflow-d2RAFQI6/lib/python3.8/site-packages/airflow/example_dags/example_external_task_marker_dag.py
[2021-05-16 09:22:56,418] {scheduler_job.py:639} INFO - DAG(s) dict_keys(['example_external_task_marker_parent', 'example_external_task_marker_child']) retrieved from /Users/harry/.local/share/virtualenvs/rugby_data_project_airflow-d2RAFQI6/lib/python3.8/site-packages/airflow/example_dags/example_external_task_marker_dag.py
[2021-05-16 09:22:56,458] {logging_mixin.py:104} INFO - [2021-05-16 09:22:56,458] {dag.py:1824} INFO - Sync 2 DAGs
[2021-05-16 09:22:56,466] {logging_mixin.py:104} INFO - [2021-05-16 09:22:56,466] {dag.py:2280} INFO - Setting next_dagrun for example_external_task_marker_child to None
[2021-05-16 09:22:56,467] {logging_mixin.py:104} INFO - [2021-05-16 09:22:56,467] {dag.py:2280} INFO - Setting next_dagrun for example_external_task_marker_parent to None
[2021-05-16 09:22:56,477] {scheduler_job.py:190} INFO - Processing /Users/harry/.local/share/virtualenvs/rugby_data_project_airflow-d2RAFQI6/lib/python3.8/site-packages/airflow/example_dags/example_external_task_marker_dag.py took 0.070 seconds
[2021-05-16 09:27:43,385] {scheduler_job.py:182} INFO - Started process (PID=53614) to work on /Users/harry/.local/share/virtualenvs/rugby_data_project_airflow-d2RAFQI6/lib/python3.8/site-packages/airflow/example_dags/example_external_task_marker_dag.py
[2021-05-16 09:27:43,386] {scheduler_job.py:629} INFO - Processing file /Users/harry/.local/share/virtualenvs/rugby_data_project_airflow-d2RAFQI6/lib/python3.8/site-packages/airflow/example_dags/example_external_task_marker_dag.py for tasks to queue
[2021-05-16 09:27:43,387] {logging_mixin.py:104} INFO - [2021-05-16 09:27:43,387] {dagbag.py:451} INFO - Filling up the DagBag from /Users/harry/.local/share/virtualenvs/rugby_data_project_airflow-d2RAFQI6/lib/python3.8/site-packages/airflow/example_dags/example_external_task_marker_dag.py
[2021-05-16 09:27:43,396] {scheduler_job.py:639} INFO - DAG(s) dict_keys(['example_external_task_marker_parent', 'example_external_task_marker_child']) retrieved from /Users/harry/.local/share/virtualenvs/rugby_data_project_airflow-d2RAFQI6/lib/python3.8/site-packages/airflow/example_dags/example_external_task_marker_dag.py
[2021-05-16 09:27:43,437] {logging_mixin.py:104} INFO - [2021-05-16 09:27:43,437] {dag.py:1824} INFO - Sync 2 DAGs
[2021-05-16 09:27:43,446] {logging_mixin.py:104} INFO - [2021-05-16 09:27:43,446] {dag.py:2280} INFO - Setting next_dagrun for example_external_task_marker_child to None
[2021-05-16 09:27:43,447] {logging_mixin.py:104} INFO - [2021-05-16 09:27:43,447] {dag.py:2280} INFO - Setting next_dagrun for example_external_task_marker_parent to None
[2021-05-16 09:27:43,457] {scheduler_job.py:190} INFO - Processing /Users/harry/.local/share/virtualenvs/rugby_data_project_airflow-d2RAFQI6/lib/python3.8/site-packages/airflow/example_dags/example_external_task_marker_dag.py took 0.073 seconds
[2021-05-16 09:32:36,272] {scheduler_job.py:182} INFO - Started process (PID=55404) to work on /Users/harry/.local/share/virtualenvs/rugby_data_project_airflow-d2RAFQI6/lib/python3.8/site-packages/airflow/example_dags/example_external_task_marker_dag.py
[2021-05-16 09:32:36,273] {scheduler_job.py:629} INFO - Processing file /Users/harry/.local/share/virtualenvs/rugby_data_project_airflow-d2RAFQI6/lib/python3.8/site-packages/airflow/example_dags/example_external_task_marker_dag.py for tasks to queue
[2021-05-16 09:32:36,274] {logging_mixin.py:104} INFO - [2021-05-16 09:32:36,274] {dagbag.py:451} INFO - Filling up the DagBag from /Users/harry/.local/share/virtualenvs/rugby_data_project_airflow-d2RAFQI6/lib/python3.8/site-packages/airflow/example_dags/example_external_task_marker_dag.py
[2021-05-16 09:32:36,282] {scheduler_job.py:639} INFO - DAG(s) dict_keys(['example_external_task_marker_parent', 'example_external_task_marker_child']) retrieved from /Users/harry/.local/share/virtualenvs/rugby_data_project_airflow-d2RAFQI6/lib/python3.8/site-packages/airflow/example_dags/example_external_task_marker_dag.py
[2021-05-16 09:32:36,328] {logging_mixin.py:104} INFO - [2021-05-16 09:32:36,328] {dag.py:1824} INFO - Sync 2 DAGs
[2021-05-16 09:32:36,337] {logging_mixin.py:104} INFO - [2021-05-16 09:32:36,337] {dag.py:2280} INFO - Setting next_dagrun for example_external_task_marker_child to None
[2021-05-16 09:32:36,338] {logging_mixin.py:104} INFO - [2021-05-16 09:32:36,338] {dag.py:2280} INFO - Setting next_dagrun for example_external_task_marker_parent to None
[2021-05-16 09:32:36,348] {scheduler_job.py:190} INFO - Processing /Users/harry/.local/share/virtualenvs/rugby_data_project_airflow-d2RAFQI6/lib/python3.8/site-packages/airflow/example_dags/example_external_task_marker_dag.py took 0.077 seconds
[2021-05-16 09:37:28,210] {scheduler_job.py:182} INFO - Started process (PID=57162) to work on /Users/harry/.local/share/virtualenvs/rugby_data_project_airflow-d2RAFQI6/lib/python3.8/site-packages/airflow/example_dags/example_external_task_marker_dag.py
[2021-05-16 09:37:28,211] {scheduler_job.py:629} INFO - Processing file /Users/harry/.local/share/virtualenvs/rugby_data_project_airflow-d2RAFQI6/lib/python3.8/site-packages/airflow/example_dags/example_external_task_marker_dag.py for tasks to queue
[2021-05-16 09:37:28,212] {logging_mixin.py:104} INFO - [2021-05-16 09:37:28,212] {dagbag.py:451} INFO - Filling up the DagBag from /Users/harry/.local/share/virtualenvs/rugby_data_project_airflow-d2RAFQI6/lib/python3.8/site-packages/airflow/example_dags/example_external_task_marker_dag.py
[2021-05-16 09:37:28,221] {scheduler_job.py:639} INFO - DAG(s) dict_keys(['example_external_task_marker_parent', 'example_external_task_marker_child']) retrieved from /Users/harry/.local/share/virtualenvs/rugby_data_project_airflow-d2RAFQI6/lib/python3.8/site-packages/airflow/example_dags/example_external_task_marker_dag.py
[2021-05-16 09:37:28,265] {logging_mixin.py:104} INFO - [2021-05-16 09:37:28,264] {dag.py:1824} INFO - Sync 2 DAGs
[2021-05-16 09:37:28,274] {logging_mixin.py:104} INFO - [2021-05-16 09:37:28,273] {dag.py:2280} INFO - Setting next_dagrun for example_external_task_marker_child to None
[2021-05-16 09:37:28,274] {logging_mixin.py:104} INFO - [2021-05-16 09:37:28,274] {dag.py:2280} INFO - Setting next_dagrun for example_external_task_marker_parent to None
[2021-05-16 09:37:28,285] {scheduler_job.py:190} INFO - Processing /Users/harry/.local/share/virtualenvs/rugby_data_project_airflow-d2RAFQI6/lib/python3.8/site-packages/airflow/example_dags/example_external_task_marker_dag.py took 0.076 seconds
[2021-05-16 09:42:19,523] {scheduler_job.py:182} INFO - Started process (PID=58923) to work on /Users/harry/.local/share/virtualenvs/rugby_data_project_airflow-d2RAFQI6/lib/python3.8/site-packages/airflow/example_dags/example_external_task_marker_dag.py
[2021-05-16 09:42:19,525] {scheduler_job.py:629} INFO - Processing file /Users/harry/.local/share/virtualenvs/rugby_data_project_airflow-d2RAFQI6/lib/python3.8/site-packages/airflow/example_dags/example_external_task_marker_dag.py for tasks to queue
[2021-05-16 09:42:19,525] {logging_mixin.py:104} INFO - [2021-05-16 09:42:19,525] {dagbag.py:451} INFO - Filling up the DagBag from /Users/harry/.local/share/virtualenvs/rugby_data_project_airflow-d2RAFQI6/lib/python3.8/site-packages/airflow/example_dags/example_external_task_marker_dag.py
[2021-05-16 09:42:19,534] {scheduler_job.py:639} INFO - DAG(s) dict_keys(['example_external_task_marker_parent', 'example_external_task_marker_child']) retrieved from /Users/harry/.local/share/virtualenvs/rugby_data_project_airflow-d2RAFQI6/lib/python3.8/site-packages/airflow/example_dags/example_external_task_marker_dag.py
[2021-05-16 09:42:19,576] {logging_mixin.py:104} INFO - [2021-05-16 09:42:19,576] {dag.py:1824} INFO - Sync 2 DAGs
[2021-05-16 09:42:19,586] {logging_mixin.py:104} INFO - [2021-05-16 09:42:19,586] {dag.py:2280} INFO - Setting next_dagrun for example_external_task_marker_child to None
[2021-05-16 09:42:19,587] {logging_mixin.py:104} INFO - [2021-05-16 09:42:19,587] {dag.py:2280} INFO - Setting next_dagrun for example_external_task_marker_parent to None
[2021-05-16 09:42:19,597] {scheduler_job.py:190} INFO - Processing /Users/harry/.local/share/virtualenvs/rugby_data_project_airflow-d2RAFQI6/lib/python3.8/site-packages/airflow/example_dags/example_external_task_marker_dag.py took 0.074 seconds
[2021-05-16 13:21:44,829] {scheduler_job.py:182} INFO - Started process (PID=4826) to work on /Users/harry/.local/share/virtualenvs/rugby_data_project_airflow-d2RAFQI6/lib/python3.8/site-packages/airflow/example_dags/example_external_task_marker_dag.py
[2021-05-16 13:21:44,830] {scheduler_job.py:629} INFO - Processing file /Users/harry/.local/share/virtualenvs/rugby_data_project_airflow-d2RAFQI6/lib/python3.8/site-packages/airflow/example_dags/example_external_task_marker_dag.py for tasks to queue
[2021-05-16 13:21:44,831] {logging_mixin.py:104} INFO - [2021-05-16 13:21:44,831] {dagbag.py:451} INFO - Filling up the DagBag from /Users/harry/.local/share/virtualenvs/rugby_data_project_airflow-d2RAFQI6/lib/python3.8/site-packages/airflow/example_dags/example_external_task_marker_dag.py
[2021-05-16 13:21:44,838] {scheduler_job.py:639} INFO - DAG(s) dict_keys(['example_external_task_marker_parent', 'example_external_task_marker_child']) retrieved from /Users/harry/.local/share/virtualenvs/rugby_data_project_airflow-d2RAFQI6/lib/python3.8/site-packages/airflow/example_dags/example_external_task_marker_dag.py
[2021-05-16 13:21:44,872] {logging_mixin.py:104} INFO - [2021-05-16 13:21:44,872] {dag.py:1824} INFO - Sync 2 DAGs
[2021-05-16 13:21:44,879] {logging_mixin.py:104} INFO - [2021-05-16 13:21:44,879] {dag.py:2280} INFO - Setting next_dagrun for example_external_task_marker_child to None
[2021-05-16 13:21:44,880] {logging_mixin.py:104} INFO - [2021-05-16 13:21:44,880] {dag.py:2280} INFO - Setting next_dagrun for example_external_task_marker_parent to None
[2021-05-16 13:21:44,888] {scheduler_job.py:190} INFO - Processing /Users/harry/.local/share/virtualenvs/rugby_data_project_airflow-d2RAFQI6/lib/python3.8/site-packages/airflow/example_dags/example_external_task_marker_dag.py took 0.059 seconds
[2021-05-16 13:22:39,771] {scheduler_job.py:182} INFO - Started process (PID=5562) to work on /Users/harry/.local/share/virtualenvs/rugby_data_project_airflow-d2RAFQI6/lib/python3.8/site-packages/airflow/example_dags/example_external_task_marker_dag.py
[2021-05-16 13:22:39,772] {scheduler_job.py:629} INFO - Processing file /Users/harry/.local/share/virtualenvs/rugby_data_project_airflow-d2RAFQI6/lib/python3.8/site-packages/airflow/example_dags/example_external_task_marker_dag.py for tasks to queue
[2021-05-16 13:22:39,773] {logging_mixin.py:104} INFO - [2021-05-16 13:22:39,773] {dagbag.py:451} INFO - Filling up the DagBag from /Users/harry/.local/share/virtualenvs/rugby_data_project_airflow-d2RAFQI6/lib/python3.8/site-packages/airflow/example_dags/example_external_task_marker_dag.py
[2021-05-16 13:22:39,779] {scheduler_job.py:639} INFO - DAG(s) dict_keys(['example_external_task_marker_parent', 'example_external_task_marker_child']) retrieved from /Users/harry/.local/share/virtualenvs/rugby_data_project_airflow-d2RAFQI6/lib/python3.8/site-packages/airflow/example_dags/example_external_task_marker_dag.py
[2021-05-16 13:22:39,806] {logging_mixin.py:104} INFO - [2021-05-16 13:22:39,805] {dag.py:1824} INFO - Sync 2 DAGs
[2021-05-16 13:22:39,811] {logging_mixin.py:104} INFO - [2021-05-16 13:22:39,811] {dag.py:2280} INFO - Setting next_dagrun for example_external_task_marker_child to None
[2021-05-16 13:22:39,811] {logging_mixin.py:104} INFO - [2021-05-16 13:22:39,811] {dag.py:2280} INFO - Setting next_dagrun for example_external_task_marker_parent to None
[2021-05-16 13:22:39,817] {scheduler_job.py:190} INFO - Processing /Users/harry/.local/share/virtualenvs/rugby_data_project_airflow-d2RAFQI6/lib/python3.8/site-packages/airflow/example_dags/example_external_task_marker_dag.py took 0.047 seconds
[2021-05-16 13:23:14,350] {scheduler_job.py:182} INFO - Started process (PID=6052) to work on /Users/harry/.local/share/virtualenvs/rugby_data_project_airflow-d2RAFQI6/lib/python3.8/site-packages/airflow/example_dags/example_external_task_marker_dag.py
[2021-05-16 13:23:14,351] {scheduler_job.py:629} INFO - Processing file /Users/harry/.local/share/virtualenvs/rugby_data_project_airflow-d2RAFQI6/lib/python3.8/site-packages/airflow/example_dags/example_external_task_marker_dag.py for tasks to queue
[2021-05-16 13:23:14,351] {logging_mixin.py:104} INFO - [2021-05-16 13:23:14,351] {dagbag.py:451} INFO - Filling up the DagBag from /Users/harry/.local/share/virtualenvs/rugby_data_project_airflow-d2RAFQI6/lib/python3.8/site-packages/airflow/example_dags/example_external_task_marker_dag.py
[2021-05-16 13:23:14,358] {scheduler_job.py:639} INFO - DAG(s) dict_keys(['example_external_task_marker_parent', 'example_external_task_marker_child']) retrieved from /Users/harry/.local/share/virtualenvs/rugby_data_project_airflow-d2RAFQI6/lib/python3.8/site-packages/airflow/example_dags/example_external_task_marker_dag.py
[2021-05-16 13:23:14,384] {logging_mixin.py:104} INFO - [2021-05-16 13:23:14,384] {dag.py:1824} INFO - Sync 2 DAGs
[2021-05-16 13:23:14,389] {logging_mixin.py:104} INFO - [2021-05-16 13:23:14,389] {dag.py:2280} INFO - Setting next_dagrun for example_external_task_marker_child to None
[2021-05-16 13:23:14,390] {logging_mixin.py:104} INFO - [2021-05-16 13:23:14,390] {dag.py:2280} INFO - Setting next_dagrun for example_external_task_marker_parent to None
[2021-05-16 13:23:14,396] {scheduler_job.py:190} INFO - Processing /Users/harry/.local/share/virtualenvs/rugby_data_project_airflow-d2RAFQI6/lib/python3.8/site-packages/airflow/example_dags/example_external_task_marker_dag.py took 0.047 seconds
[2021-05-16 13:23:54,842] {scheduler_job.py:182} INFO - Started process (PID=6629) to work on /Users/harry/.local/share/virtualenvs/rugby_data_project_airflow-d2RAFQI6/lib/python3.8/site-packages/airflow/example_dags/example_external_task_marker_dag.py
[2021-05-16 13:23:54,843] {scheduler_job.py:629} INFO - Processing file /Users/harry/.local/share/virtualenvs/rugby_data_project_airflow-d2RAFQI6/lib/python3.8/site-packages/airflow/example_dags/example_external_task_marker_dag.py for tasks to queue
[2021-05-16 13:23:54,843] {logging_mixin.py:104} INFO - [2021-05-16 13:23:54,843] {dagbag.py:451} INFO - Filling up the DagBag from /Users/harry/.local/share/virtualenvs/rugby_data_project_airflow-d2RAFQI6/lib/python3.8/site-packages/airflow/example_dags/example_external_task_marker_dag.py
[2021-05-16 13:23:54,850] {scheduler_job.py:639} INFO - DAG(s) dict_keys(['example_external_task_marker_parent', 'example_external_task_marker_child']) retrieved from /Users/harry/.local/share/virtualenvs/rugby_data_project_airflow-d2RAFQI6/lib/python3.8/site-packages/airflow/example_dags/example_external_task_marker_dag.py
[2021-05-16 13:23:54,876] {logging_mixin.py:104} INFO - [2021-05-16 13:23:54,876] {dag.py:1824} INFO - Sync 2 DAGs
[2021-05-16 13:23:54,883] {logging_mixin.py:104} INFO - [2021-05-16 13:23:54,883] {dag.py:2280} INFO - Setting next_dagrun for example_external_task_marker_child to None
[2021-05-16 13:23:54,884] {logging_mixin.py:104} INFO - [2021-05-16 13:23:54,884] {dag.py:2280} INFO - Setting next_dagrun for example_external_task_marker_parent to None
[2021-05-16 13:23:54,890] {scheduler_job.py:190} INFO - Processing /Users/harry/.local/share/virtualenvs/rugby_data_project_airflow-d2RAFQI6/lib/python3.8/site-packages/airflow/example_dags/example_external_task_marker_dag.py took 0.048 seconds
[2021-05-16 20:06:19,605] {scheduler_job.py:182} INFO - Started process (PID=14160) to work on /Users/harry/.local/share/virtualenvs/rugby_data_project_airflow-d2RAFQI6/lib/python3.8/site-packages/airflow/example_dags/example_external_task_marker_dag.py
[2021-05-16 20:06:19,606] {scheduler_job.py:629} INFO - Processing file /Users/harry/.local/share/virtualenvs/rugby_data_project_airflow-d2RAFQI6/lib/python3.8/site-packages/airflow/example_dags/example_external_task_marker_dag.py for tasks to queue
[2021-05-16 20:06:19,606] {logging_mixin.py:104} INFO - [2021-05-16 20:06:19,606] {dagbag.py:451} INFO - Filling up the DagBag from /Users/harry/.local/share/virtualenvs/rugby_data_project_airflow-d2RAFQI6/lib/python3.8/site-packages/airflow/example_dags/example_external_task_marker_dag.py
[2021-05-16 20:06:19,612] {scheduler_job.py:639} INFO - DAG(s) dict_keys(['example_external_task_marker_parent', 'example_external_task_marker_child']) retrieved from /Users/harry/.local/share/virtualenvs/rugby_data_project_airflow-d2RAFQI6/lib/python3.8/site-packages/airflow/example_dags/example_external_task_marker_dag.py
[2021-05-16 20:06:19,637] {logging_mixin.py:104} INFO - [2021-05-16 20:06:19,637] {dag.py:1824} INFO - Sync 2 DAGs
[2021-05-16 20:06:19,642] {logging_mixin.py:104} INFO - [2021-05-16 20:06:19,642] {dag.py:2280} INFO - Setting next_dagrun for example_external_task_marker_child to None
[2021-05-16 20:06:19,642] {logging_mixin.py:104} INFO - [2021-05-16 20:06:19,642] {dag.py:2280} INFO - Setting next_dagrun for example_external_task_marker_parent to None
[2021-05-16 20:06:19,649] {scheduler_job.py:190} INFO - Processing /Users/harry/.local/share/virtualenvs/rugby_data_project_airflow-d2RAFQI6/lib/python3.8/site-packages/airflow/example_dags/example_external_task_marker_dag.py took 0.045 seconds
[2021-05-16 20:07:07,701] {scheduler_job.py:182} INFO - Started process (PID=14676) to work on /Users/harry/.local/share/virtualenvs/rugby_data_project_airflow-d2RAFQI6/lib/python3.8/site-packages/airflow/example_dags/example_external_task_marker_dag.py
[2021-05-16 20:07:07,702] {scheduler_job.py:629} INFO - Processing file /Users/harry/.local/share/virtualenvs/rugby_data_project_airflow-d2RAFQI6/lib/python3.8/site-packages/airflow/example_dags/example_external_task_marker_dag.py for tasks to queue
[2021-05-16 20:07:07,702] {logging_mixin.py:104} INFO - [2021-05-16 20:07:07,702] {dagbag.py:451} INFO - Filling up the DagBag from /Users/harry/.local/share/virtualenvs/rugby_data_project_airflow-d2RAFQI6/lib/python3.8/site-packages/airflow/example_dags/example_external_task_marker_dag.py
[2021-05-16 20:07:07,708] {scheduler_job.py:639} INFO - DAG(s) dict_keys(['example_external_task_marker_parent', 'example_external_task_marker_child']) retrieved from /Users/harry/.local/share/virtualenvs/rugby_data_project_airflow-d2RAFQI6/lib/python3.8/site-packages/airflow/example_dags/example_external_task_marker_dag.py
[2021-05-16 20:07:07,734] {logging_mixin.py:104} INFO - [2021-05-16 20:07:07,734] {dag.py:1824} INFO - Sync 2 DAGs
[2021-05-16 20:07:07,741] {logging_mixin.py:104} INFO - [2021-05-16 20:07:07,741] {dag.py:2280} INFO - Setting next_dagrun for example_external_task_marker_child to None
[2021-05-16 20:07:07,741] {logging_mixin.py:104} INFO - [2021-05-16 20:07:07,741] {dag.py:2280} INFO - Setting next_dagrun for example_external_task_marker_parent to None
[2021-05-16 20:07:07,748] {scheduler_job.py:190} INFO - Processing /Users/harry/.local/share/virtualenvs/rugby_data_project_airflow-d2RAFQI6/lib/python3.8/site-packages/airflow/example_dags/example_external_task_marker_dag.py took 0.047 seconds
[2021-05-16 20:07:57,309] {scheduler_job.py:182} INFO - Started process (PID=15213) to work on /Users/harry/.local/share/virtualenvs/rugby_data_project_airflow-d2RAFQI6/lib/python3.8/site-packages/airflow/example_dags/example_external_task_marker_dag.py
[2021-05-16 20:07:57,310] {scheduler_job.py:629} INFO - Processing file /Users/harry/.local/share/virtualenvs/rugby_data_project_airflow-d2RAFQI6/lib/python3.8/site-packages/airflow/example_dags/example_external_task_marker_dag.py for tasks to queue
[2021-05-16 20:07:57,311] {logging_mixin.py:104} INFO - [2021-05-16 20:07:57,311] {dagbag.py:451} INFO - Filling up the DagBag from /Users/harry/.local/share/virtualenvs/rugby_data_project_airflow-d2RAFQI6/lib/python3.8/site-packages/airflow/example_dags/example_external_task_marker_dag.py
[2021-05-16 20:07:57,319] {scheduler_job.py:639} INFO - DAG(s) dict_keys(['example_external_task_marker_parent', 'example_external_task_marker_child']) retrieved from /Users/harry/.local/share/virtualenvs/rugby_data_project_airflow-d2RAFQI6/lib/python3.8/site-packages/airflow/example_dags/example_external_task_marker_dag.py
[2021-05-16 20:07:57,346] {logging_mixin.py:104} INFO - [2021-05-16 20:07:57,345] {dag.py:1824} INFO - Sync 2 DAGs
[2021-05-16 20:07:57,351] {logging_mixin.py:104} INFO - [2021-05-16 20:07:57,351] {dag.py:2280} INFO - Setting next_dagrun for example_external_task_marker_child to None
[2021-05-16 20:07:57,351] {logging_mixin.py:104} INFO - [2021-05-16 20:07:57,351] {dag.py:2280} INFO - Setting next_dagrun for example_external_task_marker_parent to None
[2021-05-16 20:07:57,357] {scheduler_job.py:190} INFO - Processing /Users/harry/.local/share/virtualenvs/rugby_data_project_airflow-d2RAFQI6/lib/python3.8/site-packages/airflow/example_dags/example_external_task_marker_dag.py took 0.048 seconds
[2021-05-16 20:08:50,149] {scheduler_job.py:182} INFO - Started process (PID=15774) to work on /Users/harry/.local/share/virtualenvs/rugby_data_project_airflow-d2RAFQI6/lib/python3.8/site-packages/airflow/example_dags/example_external_task_marker_dag.py
[2021-05-16 20:08:50,149] {scheduler_job.py:629} INFO - Processing file /Users/harry/.local/share/virtualenvs/rugby_data_project_airflow-d2RAFQI6/lib/python3.8/site-packages/airflow/example_dags/example_external_task_marker_dag.py for tasks to queue
[2021-05-16 20:08:50,150] {logging_mixin.py:104} INFO - [2021-05-16 20:08:50,150] {dagbag.py:451} INFO - Filling up the DagBag from /Users/harry/.local/share/virtualenvs/rugby_data_project_airflow-d2RAFQI6/lib/python3.8/site-packages/airflow/example_dags/example_external_task_marker_dag.py
[2021-05-16 20:08:50,156] {scheduler_job.py:639} INFO - DAG(s) dict_keys(['example_external_task_marker_parent', 'example_external_task_marker_child']) retrieved from /Users/harry/.local/share/virtualenvs/rugby_data_project_airflow-d2RAFQI6/lib/python3.8/site-packages/airflow/example_dags/example_external_task_marker_dag.py
[2021-05-16 20:08:50,180] {logging_mixin.py:104} INFO - [2021-05-16 20:08:50,180] {dag.py:1824} INFO - Sync 2 DAGs
[2021-05-16 20:08:50,185] {logging_mixin.py:104} INFO - [2021-05-16 20:08:50,185] {dag.py:2280} INFO - Setting next_dagrun for example_external_task_marker_child to None
[2021-05-16 20:08:50,185] {logging_mixin.py:104} INFO - [2021-05-16 20:08:50,185] {dag.py:2280} INFO - Setting next_dagrun for example_external_task_marker_parent to None
[2021-05-16 20:08:50,192] {scheduler_job.py:190} INFO - Processing /Users/harry/.local/share/virtualenvs/rugby_data_project_airflow-d2RAFQI6/lib/python3.8/site-packages/airflow/example_dags/example_external_task_marker_dag.py took 0.043 seconds
[2021-05-16 20:09:35,270] {scheduler_job.py:182} INFO - Started process (PID=16296) to work on /Users/harry/.local/share/virtualenvs/rugby_data_project_airflow-d2RAFQI6/lib/python3.8/site-packages/airflow/example_dags/example_external_task_marker_dag.py
[2021-05-16 20:09:35,271] {scheduler_job.py:629} INFO - Processing file /Users/harry/.local/share/virtualenvs/rugby_data_project_airflow-d2RAFQI6/lib/python3.8/site-packages/airflow/example_dags/example_external_task_marker_dag.py for tasks to queue
[2021-05-16 20:09:35,271] {logging_mixin.py:104} INFO - [2021-05-16 20:09:35,271] {dagbag.py:451} INFO - Filling up the DagBag from /Users/harry/.local/share/virtualenvs/rugby_data_project_airflow-d2RAFQI6/lib/python3.8/site-packages/airflow/example_dags/example_external_task_marker_dag.py
[2021-05-16 20:09:35,277] {scheduler_job.py:639} INFO - DAG(s) dict_keys(['example_external_task_marker_parent', 'example_external_task_marker_child']) retrieved from /Users/harry/.local/share/virtualenvs/rugby_data_project_airflow-d2RAFQI6/lib/python3.8/site-packages/airflow/example_dags/example_external_task_marker_dag.py
[2021-05-16 20:09:35,301] {logging_mixin.py:104} INFO - [2021-05-16 20:09:35,301] {dag.py:1824} INFO - Sync 2 DAGs
[2021-05-16 20:09:35,306] {logging_mixin.py:104} INFO - [2021-05-16 20:09:35,306] {dag.py:2280} INFO - Setting next_dagrun for example_external_task_marker_child to None
[2021-05-16 20:09:35,307] {logging_mixin.py:104} INFO - [2021-05-16 20:09:35,307] {dag.py:2280} INFO - Setting next_dagrun for example_external_task_marker_parent to None
[2021-05-16 20:09:35,313] {scheduler_job.py:190} INFO - Processing /Users/harry/.local/share/virtualenvs/rugby_data_project_airflow-d2RAFQI6/lib/python3.8/site-packages/airflow/example_dags/example_external_task_marker_dag.py took 0.044 seconds
[2021-05-16 20:10:21,319] {scheduler_job.py:182} INFO - Started process (PID=16871) to work on /Users/harry/.local/share/virtualenvs/rugby_data_project_airflow-d2RAFQI6/lib/python3.8/site-packages/airflow/example_dags/example_external_task_marker_dag.py
[2021-05-16 20:10:21,321] {scheduler_job.py:629} INFO - Processing file /Users/harry/.local/share/virtualenvs/rugby_data_project_airflow-d2RAFQI6/lib/python3.8/site-packages/airflow/example_dags/example_external_task_marker_dag.py for tasks to queue
[2021-05-16 20:10:21,321] {logging_mixin.py:104} INFO - [2021-05-16 20:10:21,321] {dagbag.py:451} INFO - Filling up the DagBag from /Users/harry/.local/share/virtualenvs/rugby_data_project_airflow-d2RAFQI6/lib/python3.8/site-packages/airflow/example_dags/example_external_task_marker_dag.py
[2021-05-16 20:10:21,327] {scheduler_job.py:639} INFO - DAG(s) dict_keys(['example_external_task_marker_parent', 'example_external_task_marker_child']) retrieved from /Users/harry/.local/share/virtualenvs/rugby_data_project_airflow-d2RAFQI6/lib/python3.8/site-packages/airflow/example_dags/example_external_task_marker_dag.py
[2021-05-16 20:10:21,349] {logging_mixin.py:104} INFO - [2021-05-16 20:10:21,349] {dag.py:1824} INFO - Sync 2 DAGs
[2021-05-16 20:10:21,355] {logging_mixin.py:104} INFO - [2021-05-16 20:10:21,355] {dag.py:2280} INFO - Setting next_dagrun for example_external_task_marker_child to None
[2021-05-16 20:10:21,355] {logging_mixin.py:104} INFO - [2021-05-16 20:10:21,355] {dag.py:2280} INFO - Setting next_dagrun for example_external_task_marker_parent to None
[2021-05-16 20:10:21,360] {scheduler_job.py:190} INFO - Processing /Users/harry/.local/share/virtualenvs/rugby_data_project_airflow-d2RAFQI6/lib/python3.8/site-packages/airflow/example_dags/example_external_task_marker_dag.py took 0.041 seconds
[2021-05-16 20:11:16,966] {scheduler_job.py:182} INFO - Started process (PID=17466) to work on /Users/harry/.local/share/virtualenvs/rugby_data_project_airflow-d2RAFQI6/lib/python3.8/site-packages/airflow/example_dags/example_external_task_marker_dag.py
[2021-05-16 20:11:16,967] {scheduler_job.py:629} INFO - Processing file /Users/harry/.local/share/virtualenvs/rugby_data_project_airflow-d2RAFQI6/lib/python3.8/site-packages/airflow/example_dags/example_external_task_marker_dag.py for tasks to queue
[2021-05-16 20:11:16,967] {logging_mixin.py:104} INFO - [2021-05-16 20:11:16,967] {dagbag.py:451} INFO - Filling up the DagBag from /Users/harry/.local/share/virtualenvs/rugby_data_project_airflow-d2RAFQI6/lib/python3.8/site-packages/airflow/example_dags/example_external_task_marker_dag.py
[2021-05-16 20:11:16,973] {scheduler_job.py:639} INFO - DAG(s) dict_keys(['example_external_task_marker_parent', 'example_external_task_marker_child']) retrieved from /Users/harry/.local/share/virtualenvs/rugby_data_project_airflow-d2RAFQI6/lib/python3.8/site-packages/airflow/example_dags/example_external_task_marker_dag.py
[2021-05-16 20:11:16,997] {logging_mixin.py:104} INFO - [2021-05-16 20:11:16,997] {dag.py:1824} INFO - Sync 2 DAGs
[2021-05-16 20:11:17,002] {logging_mixin.py:104} INFO - [2021-05-16 20:11:17,002] {dag.py:2280} INFO - Setting next_dagrun for example_external_task_marker_child to None
[2021-05-16 20:11:17,003] {logging_mixin.py:104} INFO - [2021-05-16 20:11:17,003] {dag.py:2280} INFO - Setting next_dagrun for example_external_task_marker_parent to None
[2021-05-16 20:11:17,011] {scheduler_job.py:190} INFO - Processing /Users/harry/.local/share/virtualenvs/rugby_data_project_airflow-d2RAFQI6/lib/python3.8/site-packages/airflow/example_dags/example_external_task_marker_dag.py took 0.046 seconds
[2021-05-16 20:12:06,118] {scheduler_job.py:182} INFO - Started process (PID=17965) to work on /Users/harry/.local/share/virtualenvs/rugby_data_project_airflow-d2RAFQI6/lib/python3.8/site-packages/airflow/example_dags/example_external_task_marker_dag.py
[2021-05-16 20:12:06,119] {scheduler_job.py:629} INFO - Processing file /Users/harry/.local/share/virtualenvs/rugby_data_project_airflow-d2RAFQI6/lib/python3.8/site-packages/airflow/example_dags/example_external_task_marker_dag.py for tasks to queue
[2021-05-16 20:12:06,120] {logging_mixin.py:104} INFO - [2021-05-16 20:12:06,120] {dagbag.py:451} INFO - Filling up the DagBag from /Users/harry/.local/share/virtualenvs/rugby_data_project_airflow-d2RAFQI6/lib/python3.8/site-packages/airflow/example_dags/example_external_task_marker_dag.py
[2021-05-16 20:12:06,133] {scheduler_job.py:639} INFO - DAG(s) dict_keys(['example_external_task_marker_parent', 'example_external_task_marker_child']) retrieved from /Users/harry/.local/share/virtualenvs/rugby_data_project_airflow-d2RAFQI6/lib/python3.8/site-packages/airflow/example_dags/example_external_task_marker_dag.py
[2021-05-16 20:12:06,164] {logging_mixin.py:104} INFO - [2021-05-16 20:12:06,164] {dag.py:1824} INFO - Sync 2 DAGs
[2021-05-16 20:12:06,169] {logging_mixin.py:104} INFO - [2021-05-16 20:12:06,169] {dag.py:2280} INFO - Setting next_dagrun for example_external_task_marker_child to None
[2021-05-16 20:12:06,170] {logging_mixin.py:104} INFO - [2021-05-16 20:12:06,170] {dag.py:2280} INFO - Setting next_dagrun for example_external_task_marker_parent to None
[2021-05-16 20:12:06,177] {scheduler_job.py:190} INFO - Processing /Users/harry/.local/share/virtualenvs/rugby_data_project_airflow-d2RAFQI6/lib/python3.8/site-packages/airflow/example_dags/example_external_task_marker_dag.py took 0.059 seconds
[2021-05-16 20:12:49,298] {scheduler_job.py:182} INFO - Started process (PID=18573) to work on /Users/harry/.local/share/virtualenvs/rugby_data_project_airflow-d2RAFQI6/lib/python3.8/site-packages/airflow/example_dags/example_external_task_marker_dag.py
[2021-05-16 20:12:49,299] {scheduler_job.py:629} INFO - Processing file /Users/harry/.local/share/virtualenvs/rugby_data_project_airflow-d2RAFQI6/lib/python3.8/site-packages/airflow/example_dags/example_external_task_marker_dag.py for tasks to queue
[2021-05-16 20:12:49,299] {logging_mixin.py:104} INFO - [2021-05-16 20:12:49,299] {dagbag.py:451} INFO - Filling up the DagBag from /Users/harry/.local/share/virtualenvs/rugby_data_project_airflow-d2RAFQI6/lib/python3.8/site-packages/airflow/example_dags/example_external_task_marker_dag.py
[2021-05-16 20:12:49,309] {scheduler_job.py:639} INFO - DAG(s) dict_keys(['example_external_task_marker_parent', 'example_external_task_marker_child']) retrieved from /Users/harry/.local/share/virtualenvs/rugby_data_project_airflow-d2RAFQI6/lib/python3.8/site-packages/airflow/example_dags/example_external_task_marker_dag.py
[2021-05-16 20:12:49,336] {logging_mixin.py:104} INFO - [2021-05-16 20:12:49,336] {dag.py:1824} INFO - Sync 2 DAGs
[2021-05-16 20:12:49,342] {logging_mixin.py:104} INFO - [2021-05-16 20:12:49,342] {dag.py:2280} INFO - Setting next_dagrun for example_external_task_marker_child to None
[2021-05-16 20:12:49,342] {logging_mixin.py:104} INFO - [2021-05-16 20:12:49,342] {dag.py:2280} INFO - Setting next_dagrun for example_external_task_marker_parent to None
[2021-05-16 20:12:49,350] {scheduler_job.py:190} INFO - Processing /Users/harry/.local/share/virtualenvs/rugby_data_project_airflow-d2RAFQI6/lib/python3.8/site-packages/airflow/example_dags/example_external_task_marker_dag.py took 0.053 seconds
[2021-05-16 20:13:41,596] {scheduler_job.py:182} INFO - Started process (PID=19261) to work on /Users/harry/.local/share/virtualenvs/rugby_data_project_airflow-d2RAFQI6/lib/python3.8/site-packages/airflow/example_dags/example_external_task_marker_dag.py
[2021-05-16 20:13:41,597] {scheduler_job.py:629} INFO - Processing file /Users/harry/.local/share/virtualenvs/rugby_data_project_airflow-d2RAFQI6/lib/python3.8/site-packages/airflow/example_dags/example_external_task_marker_dag.py for tasks to queue
[2021-05-16 20:13:41,597] {logging_mixin.py:104} INFO - [2021-05-16 20:13:41,597] {dagbag.py:451} INFO - Filling up the DagBag from /Users/harry/.local/share/virtualenvs/rugby_data_project_airflow-d2RAFQI6/lib/python3.8/site-packages/airflow/example_dags/example_external_task_marker_dag.py
[2021-05-16 20:13:41,610] {scheduler_job.py:639} INFO - DAG(s) dict_keys(['example_external_task_marker_parent', 'example_external_task_marker_child']) retrieved from /Users/harry/.local/share/virtualenvs/rugby_data_project_airflow-d2RAFQI6/lib/python3.8/site-packages/airflow/example_dags/example_external_task_marker_dag.py
[2021-05-16 20:13:41,642] {logging_mixin.py:104} INFO - [2021-05-16 20:13:41,642] {dag.py:1824} INFO - Sync 2 DAGs
[2021-05-16 20:13:41,647] {logging_mixin.py:104} INFO - [2021-05-16 20:13:41,647] {dag.py:2280} INFO - Setting next_dagrun for example_external_task_marker_child to None
[2021-05-16 20:13:41,648] {logging_mixin.py:104} INFO - [2021-05-16 20:13:41,648] {dag.py:2280} INFO - Setting next_dagrun for example_external_task_marker_parent to None
[2021-05-16 20:13:41,654] {scheduler_job.py:190} INFO - Processing /Users/harry/.local/share/virtualenvs/rugby_data_project_airflow-d2RAFQI6/lib/python3.8/site-packages/airflow/example_dags/example_external_task_marker_dag.py took 0.058 seconds
[2021-05-16 20:14:34,666] {scheduler_job.py:182} INFO - Started process (PID=19868) to work on /Users/harry/.local/share/virtualenvs/rugby_data_project_airflow-d2RAFQI6/lib/python3.8/site-packages/airflow/example_dags/example_external_task_marker_dag.py
[2021-05-16 20:14:34,668] {scheduler_job.py:629} INFO - Processing file /Users/harry/.local/share/virtualenvs/rugby_data_project_airflow-d2RAFQI6/lib/python3.8/site-packages/airflow/example_dags/example_external_task_marker_dag.py for tasks to queue
[2021-05-16 20:14:34,668] {logging_mixin.py:104} INFO - [2021-05-16 20:14:34,668] {dagbag.py:451} INFO - Filling up the DagBag from /Users/harry/.local/share/virtualenvs/rugby_data_project_airflow-d2RAFQI6/lib/python3.8/site-packages/airflow/example_dags/example_external_task_marker_dag.py
[2021-05-16 20:14:34,676] {scheduler_job.py:639} INFO - DAG(s) dict_keys(['example_external_task_marker_parent', 'example_external_task_marker_child']) retrieved from /Users/harry/.local/share/virtualenvs/rugby_data_project_airflow-d2RAFQI6/lib/python3.8/site-packages/airflow/example_dags/example_external_task_marker_dag.py
[2021-05-16 20:14:34,703] {logging_mixin.py:104} INFO - [2021-05-16 20:14:34,703] {dag.py:1824} INFO - Sync 2 DAGs
[2021-05-16 20:14:34,709] {logging_mixin.py:104} INFO - [2021-05-16 20:14:34,709] {dag.py:2280} INFO - Setting next_dagrun for example_external_task_marker_child to None
[2021-05-16 20:14:34,709] {logging_mixin.py:104} INFO - [2021-05-16 20:14:34,709] {dag.py:2280} INFO - Setting next_dagrun for example_external_task_marker_parent to None
[2021-05-16 20:14:34,716] {scheduler_job.py:190} INFO - Processing /Users/harry/.local/share/virtualenvs/rugby_data_project_airflow-d2RAFQI6/lib/python3.8/site-packages/airflow/example_dags/example_external_task_marker_dag.py took 0.050 seconds
[2021-05-16 20:15:19,886] {scheduler_job.py:182} INFO - Started process (PID=21169) to work on /Users/harry/.local/share/virtualenvs/rugby_data_project_airflow-d2RAFQI6/lib/python3.8/site-packages/airflow/example_dags/example_external_task_marker_dag.py
[2021-05-16 20:15:19,887] {scheduler_job.py:629} INFO - Processing file /Users/harry/.local/share/virtualenvs/rugby_data_project_airflow-d2RAFQI6/lib/python3.8/site-packages/airflow/example_dags/example_external_task_marker_dag.py for tasks to queue
[2021-05-16 20:15:19,887] {logging_mixin.py:104} INFO - [2021-05-16 20:15:19,887] {dagbag.py:451} INFO - Filling up the DagBag from /Users/harry/.local/share/virtualenvs/rugby_data_project_airflow-d2RAFQI6/lib/python3.8/site-packages/airflow/example_dags/example_external_task_marker_dag.py
[2021-05-16 20:15:19,900] {scheduler_job.py:639} INFO - DAG(s) dict_keys(['example_external_task_marker_parent', 'example_external_task_marker_child']) retrieved from /Users/harry/.local/share/virtualenvs/rugby_data_project_airflow-d2RAFQI6/lib/python3.8/site-packages/airflow/example_dags/example_external_task_marker_dag.py
[2021-05-16 20:15:19,933] {logging_mixin.py:104} INFO - [2021-05-16 20:15:19,933] {dag.py:1824} INFO - Sync 2 DAGs
[2021-05-16 20:15:19,939] {logging_mixin.py:104} INFO - [2021-05-16 20:15:19,939] {dag.py:2280} INFO - Setting next_dagrun for example_external_task_marker_child to None
[2021-05-16 20:15:19,939] {logging_mixin.py:104} INFO - [2021-05-16 20:15:19,939] {dag.py:2280} INFO - Setting next_dagrun for example_external_task_marker_parent to None
[2021-05-16 20:15:19,946] {scheduler_job.py:190} INFO - Processing /Users/harry/.local/share/virtualenvs/rugby_data_project_airflow-d2RAFQI6/lib/python3.8/site-packages/airflow/example_dags/example_external_task_marker_dag.py took 0.061 seconds
[2021-05-16 20:16:46,224] {scheduler_job.py:182} INFO - Started process (PID=22181) to work on /Users/harry/.local/share/virtualenvs/rugby_data_project_airflow-d2RAFQI6/lib/python3.8/site-packages/airflow/example_dags/example_external_task_marker_dag.py
[2021-05-16 20:16:46,225] {scheduler_job.py:629} INFO - Processing file /Users/harry/.local/share/virtualenvs/rugby_data_project_airflow-d2RAFQI6/lib/python3.8/site-packages/airflow/example_dags/example_external_task_marker_dag.py for tasks to queue
[2021-05-16 20:16:46,225] {logging_mixin.py:104} INFO - [2021-05-16 20:16:46,225] {dagbag.py:451} INFO - Filling up the DagBag from /Users/harry/.local/share/virtualenvs/rugby_data_project_airflow-d2RAFQI6/lib/python3.8/site-packages/airflow/example_dags/example_external_task_marker_dag.py
[2021-05-16 20:16:46,232] {scheduler_job.py:639} INFO - DAG(s) dict_keys(['example_external_task_marker_parent', 'example_external_task_marker_child']) retrieved from /Users/harry/.local/share/virtualenvs/rugby_data_project_airflow-d2RAFQI6/lib/python3.8/site-packages/airflow/example_dags/example_external_task_marker_dag.py
[2021-05-16 20:16:46,258] {logging_mixin.py:104} INFO - [2021-05-16 20:16:46,258] {dag.py:1824} INFO - Sync 2 DAGs
[2021-05-16 20:16:46,263] {logging_mixin.py:104} INFO - [2021-05-16 20:16:46,263] {dag.py:2280} INFO - Setting next_dagrun for example_external_task_marker_child to None
[2021-05-16 20:16:46,264] {logging_mixin.py:104} INFO - [2021-05-16 20:16:46,264] {dag.py:2280} INFO - Setting next_dagrun for example_external_task_marker_parent to None
[2021-05-16 20:16:46,270] {scheduler_job.py:190} INFO - Processing /Users/harry/.local/share/virtualenvs/rugby_data_project_airflow-d2RAFQI6/lib/python3.8/site-packages/airflow/example_dags/example_external_task_marker_dag.py took 0.046 seconds
