[2021-05-16 09:01:29,486] {scheduler_job.py:182} INFO - Started process (PID=43141) to work on /Users/harry/.local/share/virtualenvs/rugby_data_project_airflow-d2RAFQI6/lib/python3.8/site-packages/airflow/example_dags/example_latest_only.py
[2021-05-16 09:01:29,486] {scheduler_job.py:629} INFO - Processing file /Users/harry/.local/share/virtualenvs/rugby_data_project_airflow-d2RAFQI6/lib/python3.8/site-packages/airflow/example_dags/example_latest_only.py for tasks to queue
[2021-05-16 09:01:29,487] {logging_mixin.py:104} INFO - [2021-05-16 09:01:29,487] {dagbag.py:451} INFO - Filling up the DagBag from /Users/harry/.local/share/virtualenvs/rugby_data_project_airflow-d2RAFQI6/lib/python3.8/site-packages/airflow/example_dags/example_latest_only.py
[2021-05-16 09:01:29,493] {scheduler_job.py:639} INFO - DAG(s) dict_keys(['latest_only']) retrieved from /Users/harry/.local/share/virtualenvs/rugby_data_project_airflow-d2RAFQI6/lib/python3.8/site-packages/airflow/example_dags/example_latest_only.py
[2021-05-16 09:01:29,525] {logging_mixin.py:104} INFO - [2021-05-16 09:01:29,525] {dag.py:1824} INFO - Sync 1 DAGs
[2021-05-16 09:01:29,532] {logging_mixin.py:104} INFO - [2021-05-16 09:01:29,532] {dag.py:2280} INFO - Setting next_dagrun for latest_only to 2021-05-14 00:00:00+00:00
[2021-05-16 09:01:29,541] {scheduler_job.py:190} INFO - Processing /Users/harry/.local/share/virtualenvs/rugby_data_project_airflow-d2RAFQI6/lib/python3.8/site-packages/airflow/example_dags/example_latest_only.py took 0.055 seconds
[2021-05-16 09:05:59,426] {scheduler_job.py:182} INFO - Started process (PID=45012) to work on /Users/harry/.local/share/virtualenvs/rugby_data_project_airflow-d2RAFQI6/lib/python3.8/site-packages/airflow/example_dags/example_latest_only.py
[2021-05-16 09:05:59,427] {scheduler_job.py:629} INFO - Processing file /Users/harry/.local/share/virtualenvs/rugby_data_project_airflow-d2RAFQI6/lib/python3.8/site-packages/airflow/example_dags/example_latest_only.py for tasks to queue
[2021-05-16 09:05:59,427] {logging_mixin.py:104} INFO - [2021-05-16 09:05:59,427] {dagbag.py:451} INFO - Filling up the DagBag from /Users/harry/.local/share/virtualenvs/rugby_data_project_airflow-d2RAFQI6/lib/python3.8/site-packages/airflow/example_dags/example_latest_only.py
[2021-05-16 09:05:59,433] {scheduler_job.py:639} INFO - DAG(s) dict_keys(['latest_only']) retrieved from /Users/harry/.local/share/virtualenvs/rugby_data_project_airflow-d2RAFQI6/lib/python3.8/site-packages/airflow/example_dags/example_latest_only.py
[2021-05-16 09:05:59,464] {logging_mixin.py:104} INFO - [2021-05-16 09:05:59,464] {dag.py:1824} INFO - Sync 1 DAGs
[2021-05-16 09:05:59,471] {logging_mixin.py:104} INFO - [2021-05-16 09:05:59,471] {dag.py:2280} INFO - Setting next_dagrun for latest_only to 2021-05-14 00:00:00+00:00
[2021-05-16 09:05:59,478] {scheduler_job.py:190} INFO - Processing /Users/harry/.local/share/virtualenvs/rugby_data_project_airflow-d2RAFQI6/lib/python3.8/site-packages/airflow/example_dags/example_latest_only.py took 0.053 seconds
[2021-05-16 09:10:04,056] {scheduler_job.py:182} INFO - Started process (PID=46747) to work on /Users/harry/.local/share/virtualenvs/rugby_data_project_airflow-d2RAFQI6/lib/python3.8/site-packages/airflow/example_dags/example_latest_only.py
[2021-05-16 09:10:04,057] {scheduler_job.py:629} INFO - Processing file /Users/harry/.local/share/virtualenvs/rugby_data_project_airflow-d2RAFQI6/lib/python3.8/site-packages/airflow/example_dags/example_latest_only.py for tasks to queue
[2021-05-16 09:10:04,057] {logging_mixin.py:104} INFO - [2021-05-16 09:10:04,057] {dagbag.py:451} INFO - Filling up the DagBag from /Users/harry/.local/share/virtualenvs/rugby_data_project_airflow-d2RAFQI6/lib/python3.8/site-packages/airflow/example_dags/example_latest_only.py
[2021-05-16 09:10:04,064] {scheduler_job.py:639} INFO - DAG(s) dict_keys(['latest_only']) retrieved from /Users/harry/.local/share/virtualenvs/rugby_data_project_airflow-d2RAFQI6/lib/python3.8/site-packages/airflow/example_dags/example_latest_only.py
[2021-05-16 09:10:04,098] {logging_mixin.py:104} INFO - [2021-05-16 09:10:04,098] {dag.py:1824} INFO - Sync 1 DAGs
[2021-05-16 09:10:04,105] {logging_mixin.py:104} INFO - [2021-05-16 09:10:04,105] {dag.py:2280} INFO - Setting next_dagrun for latest_only to 2021-05-14 00:00:00+00:00
[2021-05-16 09:10:04,113] {scheduler_job.py:190} INFO - Processing /Users/harry/.local/share/virtualenvs/rugby_data_project_airflow-d2RAFQI6/lib/python3.8/site-packages/airflow/example_dags/example_latest_only.py took 0.058 seconds
[2021-05-16 09:14:26,393] {scheduler_job.py:182} INFO - Started process (PID=48568) to work on /Users/harry/.local/share/virtualenvs/rugby_data_project_airflow-d2RAFQI6/lib/python3.8/site-packages/airflow/example_dags/example_latest_only.py
[2021-05-16 09:14:26,394] {scheduler_job.py:629} INFO - Processing file /Users/harry/.local/share/virtualenvs/rugby_data_project_airflow-d2RAFQI6/lib/python3.8/site-packages/airflow/example_dags/example_latest_only.py for tasks to queue
[2021-05-16 09:14:26,395] {logging_mixin.py:104} INFO - [2021-05-16 09:14:26,395] {dagbag.py:451} INFO - Filling up the DagBag from /Users/harry/.local/share/virtualenvs/rugby_data_project_airflow-d2RAFQI6/lib/python3.8/site-packages/airflow/example_dags/example_latest_only.py
[2021-05-16 09:14:26,402] {scheduler_job.py:639} INFO - DAG(s) dict_keys(['latest_only']) retrieved from /Users/harry/.local/share/virtualenvs/rugby_data_project_airflow-d2RAFQI6/lib/python3.8/site-packages/airflow/example_dags/example_latest_only.py
[2021-05-16 09:14:26,438] {logging_mixin.py:104} INFO - [2021-05-16 09:14:26,438] {dag.py:1824} INFO - Sync 1 DAGs
[2021-05-16 09:14:26,447] {logging_mixin.py:104} INFO - [2021-05-16 09:14:26,447] {dag.py:2280} INFO - Setting next_dagrun for latest_only to 2021-05-14 00:00:00+00:00
[2021-05-16 09:14:26,456] {scheduler_job.py:190} INFO - Processing /Users/harry/.local/share/virtualenvs/rugby_data_project_airflow-d2RAFQI6/lib/python3.8/site-packages/airflow/example_dags/example_latest_only.py took 0.063 seconds
[2021-05-16 09:19:18,977] {scheduler_job.py:182} INFO - Started process (PID=50444) to work on /Users/harry/.local/share/virtualenvs/rugby_data_project_airflow-d2RAFQI6/lib/python3.8/site-packages/airflow/example_dags/example_latest_only.py
[2021-05-16 09:19:18,978] {scheduler_job.py:629} INFO - Processing file /Users/harry/.local/share/virtualenvs/rugby_data_project_airflow-d2RAFQI6/lib/python3.8/site-packages/airflow/example_dags/example_latest_only.py for tasks to queue
[2021-05-16 09:19:18,979] {logging_mixin.py:104} INFO - [2021-05-16 09:19:18,979] {dagbag.py:451} INFO - Filling up the DagBag from /Users/harry/.local/share/virtualenvs/rugby_data_project_airflow-d2RAFQI6/lib/python3.8/site-packages/airflow/example_dags/example_latest_only.py
[2021-05-16 09:19:18,987] {scheduler_job.py:639} INFO - DAG(s) dict_keys(['latest_only']) retrieved from /Users/harry/.local/share/virtualenvs/rugby_data_project_airflow-d2RAFQI6/lib/python3.8/site-packages/airflow/example_dags/example_latest_only.py
[2021-05-16 09:19:19,025] {logging_mixin.py:104} INFO - [2021-05-16 09:19:19,025] {dag.py:1824} INFO - Sync 1 DAGs
[2021-05-16 09:19:19,034] {logging_mixin.py:104} INFO - [2021-05-16 09:19:19,034] {dag.py:2280} INFO - Setting next_dagrun for latest_only to 2021-05-14 00:00:00+00:00
[2021-05-16 09:19:19,043] {scheduler_job.py:190} INFO - Processing /Users/harry/.local/share/virtualenvs/rugby_data_project_airflow-d2RAFQI6/lib/python3.8/site-packages/airflow/example_dags/example_latest_only.py took 0.067 seconds
[2021-05-16 09:24:04,743] {scheduler_job.py:182} INFO - Started process (PID=52260) to work on /Users/harry/.local/share/virtualenvs/rugby_data_project_airflow-d2RAFQI6/lib/python3.8/site-packages/airflow/example_dags/example_latest_only.py
[2021-05-16 09:24:04,745] {scheduler_job.py:629} INFO - Processing file /Users/harry/.local/share/virtualenvs/rugby_data_project_airflow-d2RAFQI6/lib/python3.8/site-packages/airflow/example_dags/example_latest_only.py for tasks to queue
[2021-05-16 09:24:04,745] {logging_mixin.py:104} INFO - [2021-05-16 09:24:04,745] {dagbag.py:451} INFO - Filling up the DagBag from /Users/harry/.local/share/virtualenvs/rugby_data_project_airflow-d2RAFQI6/lib/python3.8/site-packages/airflow/example_dags/example_latest_only.py
[2021-05-16 09:24:04,752] {scheduler_job.py:639} INFO - DAG(s) dict_keys(['latest_only']) retrieved from /Users/harry/.local/share/virtualenvs/rugby_data_project_airflow-d2RAFQI6/lib/python3.8/site-packages/airflow/example_dags/example_latest_only.py
[2021-05-16 09:24:04,788] {logging_mixin.py:104} INFO - [2021-05-16 09:24:04,787] {dag.py:1824} INFO - Sync 1 DAGs
[2021-05-16 09:24:04,795] {logging_mixin.py:104} INFO - [2021-05-16 09:24:04,795] {dag.py:2280} INFO - Setting next_dagrun for latest_only to 2021-05-14 00:00:00+00:00
[2021-05-16 09:24:04,804] {scheduler_job.py:190} INFO - Processing /Users/harry/.local/share/virtualenvs/rugby_data_project_airflow-d2RAFQI6/lib/python3.8/site-packages/airflow/example_dags/example_latest_only.py took 0.061 seconds
[2021-05-16 09:28:55,460] {scheduler_job.py:182} INFO - Started process (PID=54093) to work on /Users/harry/.local/share/virtualenvs/rugby_data_project_airflow-d2RAFQI6/lib/python3.8/site-packages/airflow/example_dags/example_latest_only.py
[2021-05-16 09:28:55,462] {scheduler_job.py:629} INFO - Processing file /Users/harry/.local/share/virtualenvs/rugby_data_project_airflow-d2RAFQI6/lib/python3.8/site-packages/airflow/example_dags/example_latest_only.py for tasks to queue
[2021-05-16 09:28:55,462] {logging_mixin.py:104} INFO - [2021-05-16 09:28:55,462] {dagbag.py:451} INFO - Filling up the DagBag from /Users/harry/.local/share/virtualenvs/rugby_data_project_airflow-d2RAFQI6/lib/python3.8/site-packages/airflow/example_dags/example_latest_only.py
[2021-05-16 09:28:55,470] {scheduler_job.py:639} INFO - DAG(s) dict_keys(['latest_only']) retrieved from /Users/harry/.local/share/virtualenvs/rugby_data_project_airflow-d2RAFQI6/lib/python3.8/site-packages/airflow/example_dags/example_latest_only.py
[2021-05-16 09:28:55,507] {logging_mixin.py:104} INFO - [2021-05-16 09:28:55,507] {dag.py:1824} INFO - Sync 1 DAGs
[2021-05-16 09:28:55,517] {logging_mixin.py:104} INFO - [2021-05-16 09:28:55,517] {dag.py:2280} INFO - Setting next_dagrun for latest_only to 2021-05-14 00:00:00+00:00
[2021-05-16 09:28:55,526] {scheduler_job.py:190} INFO - Processing /Users/harry/.local/share/virtualenvs/rugby_data_project_airflow-d2RAFQI6/lib/python3.8/site-packages/airflow/example_dags/example_latest_only.py took 0.067 seconds
[2021-05-16 09:33:46,407] {scheduler_job.py:182} INFO - Started process (PID=55816) to work on /Users/harry/.local/share/virtualenvs/rugby_data_project_airflow-d2RAFQI6/lib/python3.8/site-packages/airflow/example_dags/example_latest_only.py
[2021-05-16 09:33:46,408] {scheduler_job.py:629} INFO - Processing file /Users/harry/.local/share/virtualenvs/rugby_data_project_airflow-d2RAFQI6/lib/python3.8/site-packages/airflow/example_dags/example_latest_only.py for tasks to queue
[2021-05-16 09:33:46,409] {logging_mixin.py:104} INFO - [2021-05-16 09:33:46,409] {dagbag.py:451} INFO - Filling up the DagBag from /Users/harry/.local/share/virtualenvs/rugby_data_project_airflow-d2RAFQI6/lib/python3.8/site-packages/airflow/example_dags/example_latest_only.py
[2021-05-16 09:33:46,416] {scheduler_job.py:639} INFO - DAG(s) dict_keys(['latest_only']) retrieved from /Users/harry/.local/share/virtualenvs/rugby_data_project_airflow-d2RAFQI6/lib/python3.8/site-packages/airflow/example_dags/example_latest_only.py
[2021-05-16 09:33:46,454] {logging_mixin.py:104} INFO - [2021-05-16 09:33:46,454] {dag.py:1824} INFO - Sync 1 DAGs
[2021-05-16 09:33:46,463] {logging_mixin.py:104} INFO - [2021-05-16 09:33:46,463] {dag.py:2280} INFO - Setting next_dagrun for latest_only to 2021-05-14 00:00:00+00:00
[2021-05-16 09:33:46,472] {scheduler_job.py:190} INFO - Processing /Users/harry/.local/share/virtualenvs/rugby_data_project_airflow-d2RAFQI6/lib/python3.8/site-packages/airflow/example_dags/example_latest_only.py took 0.066 seconds
[2021-05-16 09:38:39,790] {scheduler_job.py:182} INFO - Started process (PID=57648) to work on /Users/harry/.local/share/virtualenvs/rugby_data_project_airflow-d2RAFQI6/lib/python3.8/site-packages/airflow/example_dags/example_latest_only.py
[2021-05-16 09:38:39,791] {scheduler_job.py:629} INFO - Processing file /Users/harry/.local/share/virtualenvs/rugby_data_project_airflow-d2RAFQI6/lib/python3.8/site-packages/airflow/example_dags/example_latest_only.py for tasks to queue
[2021-05-16 09:38:39,792] {logging_mixin.py:104} INFO - [2021-05-16 09:38:39,792] {dagbag.py:451} INFO - Filling up the DagBag from /Users/harry/.local/share/virtualenvs/rugby_data_project_airflow-d2RAFQI6/lib/python3.8/site-packages/airflow/example_dags/example_latest_only.py
[2021-05-16 09:38:39,801] {scheduler_job.py:639} INFO - DAG(s) dict_keys(['latest_only']) retrieved from /Users/harry/.local/share/virtualenvs/rugby_data_project_airflow-d2RAFQI6/lib/python3.8/site-packages/airflow/example_dags/example_latest_only.py
[2021-05-16 09:38:39,840] {logging_mixin.py:104} INFO - [2021-05-16 09:38:39,840] {dag.py:1824} INFO - Sync 1 DAGs
[2021-05-16 09:38:39,849] {logging_mixin.py:104} INFO - [2021-05-16 09:38:39,849] {dag.py:2280} INFO - Setting next_dagrun for latest_only to 2021-05-14 00:00:00+00:00
[2021-05-16 09:38:39,859] {scheduler_job.py:190} INFO - Processing /Users/harry/.local/share/virtualenvs/rugby_data_project_airflow-d2RAFQI6/lib/python3.8/site-packages/airflow/example_dags/example_latest_only.py took 0.069 seconds
[2021-05-16 09:43:36,282] {scheduler_job.py:182} INFO - Started process (PID=59367) to work on /Users/harry/.local/share/virtualenvs/rugby_data_project_airflow-d2RAFQI6/lib/python3.8/site-packages/airflow/example_dags/example_latest_only.py
[2021-05-16 09:43:36,283] {scheduler_job.py:629} INFO - Processing file /Users/harry/.local/share/virtualenvs/rugby_data_project_airflow-d2RAFQI6/lib/python3.8/site-packages/airflow/example_dags/example_latest_only.py for tasks to queue
[2021-05-16 09:43:36,284] {logging_mixin.py:104} INFO - [2021-05-16 09:43:36,284] {dagbag.py:451} INFO - Filling up the DagBag from /Users/harry/.local/share/virtualenvs/rugby_data_project_airflow-d2RAFQI6/lib/python3.8/site-packages/airflow/example_dags/example_latest_only.py
[2021-05-16 09:43:36,292] {scheduler_job.py:639} INFO - DAG(s) dict_keys(['latest_only']) retrieved from /Users/harry/.local/share/virtualenvs/rugby_data_project_airflow-d2RAFQI6/lib/python3.8/site-packages/airflow/example_dags/example_latest_only.py
[2021-05-16 09:43:36,334] {logging_mixin.py:104} INFO - [2021-05-16 09:43:36,334] {dag.py:1824} INFO - Sync 1 DAGs
[2021-05-16 09:43:36,344] {logging_mixin.py:104} INFO - [2021-05-16 09:43:36,344] {dag.py:2280} INFO - Setting next_dagrun for latest_only to 2021-05-14 00:00:00+00:00
[2021-05-16 09:43:36,353] {scheduler_job.py:190} INFO - Processing /Users/harry/.local/share/virtualenvs/rugby_data_project_airflow-d2RAFQI6/lib/python3.8/site-packages/airflow/example_dags/example_latest_only.py took 0.072 seconds
[2021-05-16 13:21:56,828] {scheduler_job.py:182} INFO - Started process (PID=4963) to work on /Users/harry/.local/share/virtualenvs/rugby_data_project_airflow-d2RAFQI6/lib/python3.8/site-packages/airflow/example_dags/example_latest_only.py
[2021-05-16 13:21:56,829] {scheduler_job.py:629} INFO - Processing file /Users/harry/.local/share/virtualenvs/rugby_data_project_airflow-d2RAFQI6/lib/python3.8/site-packages/airflow/example_dags/example_latest_only.py for tasks to queue
[2021-05-16 13:21:56,829] {logging_mixin.py:104} INFO - [2021-05-16 13:21:56,829] {dagbag.py:451} INFO - Filling up the DagBag from /Users/harry/.local/share/virtualenvs/rugby_data_project_airflow-d2RAFQI6/lib/python3.8/site-packages/airflow/example_dags/example_latest_only.py
[2021-05-16 13:21:56,837] {scheduler_job.py:639} INFO - DAG(s) dict_keys(['latest_only']) retrieved from /Users/harry/.local/share/virtualenvs/rugby_data_project_airflow-d2RAFQI6/lib/python3.8/site-packages/airflow/example_dags/example_latest_only.py
[2021-05-16 13:21:56,864] {logging_mixin.py:104} INFO - [2021-05-16 13:21:56,864] {dag.py:1824} INFO - Sync 1 DAGs
[2021-05-16 13:21:56,870] {logging_mixin.py:104} INFO - [2021-05-16 13:21:56,870] {dag.py:2280} INFO - Setting next_dagrun for latest_only to 2021-05-14 00:00:00+00:00
[2021-05-16 13:21:56,876] {scheduler_job.py:190} INFO - Processing /Users/harry/.local/share/virtualenvs/rugby_data_project_airflow-d2RAFQI6/lib/python3.8/site-packages/airflow/example_dags/example_latest_only.py took 0.049 seconds
[2021-05-16 13:22:50,588] {scheduler_job.py:182} INFO - Started process (PID=5707) to work on /Users/harry/.local/share/virtualenvs/rugby_data_project_airflow-d2RAFQI6/lib/python3.8/site-packages/airflow/example_dags/example_latest_only.py
[2021-05-16 13:22:50,588] {scheduler_job.py:629} INFO - Processing file /Users/harry/.local/share/virtualenvs/rugby_data_project_airflow-d2RAFQI6/lib/python3.8/site-packages/airflow/example_dags/example_latest_only.py for tasks to queue
[2021-05-16 13:22:50,589] {logging_mixin.py:104} INFO - [2021-05-16 13:22:50,589] {dagbag.py:451} INFO - Filling up the DagBag from /Users/harry/.local/share/virtualenvs/rugby_data_project_airflow-d2RAFQI6/lib/python3.8/site-packages/airflow/example_dags/example_latest_only.py
[2021-05-16 13:22:50,595] {scheduler_job.py:639} INFO - DAG(s) dict_keys(['latest_only']) retrieved from /Users/harry/.local/share/virtualenvs/rugby_data_project_airflow-d2RAFQI6/lib/python3.8/site-packages/airflow/example_dags/example_latest_only.py
[2021-05-16 13:22:50,620] {logging_mixin.py:104} INFO - [2021-05-16 13:22:50,620] {dag.py:1824} INFO - Sync 1 DAGs
[2021-05-16 13:22:50,626] {logging_mixin.py:104} INFO - [2021-05-16 13:22:50,626] {dag.py:2280} INFO - Setting next_dagrun for latest_only to 2021-05-14 00:00:00+00:00
[2021-05-16 13:22:50,632] {scheduler_job.py:190} INFO - Processing /Users/harry/.local/share/virtualenvs/rugby_data_project_airflow-d2RAFQI6/lib/python3.8/site-packages/airflow/example_dags/example_latest_only.py took 0.044 seconds
[2021-05-16 13:23:39,894] {scheduler_job.py:182} INFO - Started process (PID=6412) to work on /Users/harry/.local/share/virtualenvs/rugby_data_project_airflow-d2RAFQI6/lib/python3.8/site-packages/airflow/example_dags/example_latest_only.py
[2021-05-16 13:23:39,895] {scheduler_job.py:629} INFO - Processing file /Users/harry/.local/share/virtualenvs/rugby_data_project_airflow-d2RAFQI6/lib/python3.8/site-packages/airflow/example_dags/example_latest_only.py for tasks to queue
[2021-05-16 13:23:39,895] {logging_mixin.py:104} INFO - [2021-05-16 13:23:39,895] {dagbag.py:451} INFO - Filling up the DagBag from /Users/harry/.local/share/virtualenvs/rugby_data_project_airflow-d2RAFQI6/lib/python3.8/site-packages/airflow/example_dags/example_latest_only.py
[2021-05-16 13:23:39,901] {scheduler_job.py:639} INFO - DAG(s) dict_keys(['latest_only']) retrieved from /Users/harry/.local/share/virtualenvs/rugby_data_project_airflow-d2RAFQI6/lib/python3.8/site-packages/airflow/example_dags/example_latest_only.py
[2021-05-16 13:23:39,925] {logging_mixin.py:104} INFO - [2021-05-16 13:23:39,925] {dag.py:1824} INFO - Sync 1 DAGs
[2021-05-16 13:23:39,932] {logging_mixin.py:104} INFO - [2021-05-16 13:23:39,931] {dag.py:2280} INFO - Setting next_dagrun for latest_only to 2021-05-14 00:00:00+00:00
[2021-05-16 13:23:39,937] {scheduler_job.py:190} INFO - Processing /Users/harry/.local/share/virtualenvs/rugby_data_project_airflow-d2RAFQI6/lib/python3.8/site-packages/airflow/example_dags/example_latest_only.py took 0.044 seconds
[2021-05-16 20:06:23,296] {scheduler_job.py:182} INFO - Started process (PID=14210) to work on /Users/harry/.local/share/virtualenvs/rugby_data_project_airflow-d2RAFQI6/lib/python3.8/site-packages/airflow/example_dags/example_latest_only.py
[2021-05-16 20:06:23,297] {scheduler_job.py:629} INFO - Processing file /Users/harry/.local/share/virtualenvs/rugby_data_project_airflow-d2RAFQI6/lib/python3.8/site-packages/airflow/example_dags/example_latest_only.py for tasks to queue
[2021-05-16 20:06:23,298] {logging_mixin.py:104} INFO - [2021-05-16 20:06:23,298] {dagbag.py:451} INFO - Filling up the DagBag from /Users/harry/.local/share/virtualenvs/rugby_data_project_airflow-d2RAFQI6/lib/python3.8/site-packages/airflow/example_dags/example_latest_only.py
[2021-05-16 20:06:23,310] {scheduler_job.py:639} INFO - DAG(s) dict_keys(['latest_only']) retrieved from /Users/harry/.local/share/virtualenvs/rugby_data_project_airflow-d2RAFQI6/lib/python3.8/site-packages/airflow/example_dags/example_latest_only.py
[2021-05-16 20:06:23,344] {logging_mixin.py:104} INFO - [2021-05-16 20:06:23,344] {dag.py:1824} INFO - Sync 1 DAGs
[2021-05-16 20:06:23,350] {logging_mixin.py:104} INFO - [2021-05-16 20:06:23,350] {dag.py:2280} INFO - Setting next_dagrun for latest_only to 2021-05-14 00:00:00+00:00
[2021-05-16 20:06:23,357] {scheduler_job.py:190} INFO - Processing /Users/harry/.local/share/virtualenvs/rugby_data_project_airflow-d2RAFQI6/lib/python3.8/site-packages/airflow/example_dags/example_latest_only.py took 0.061 seconds
[2021-05-16 20:07:11,428] {scheduler_job.py:182} INFO - Started process (PID=14706) to work on /Users/harry/.local/share/virtualenvs/rugby_data_project_airflow-d2RAFQI6/lib/python3.8/site-packages/airflow/example_dags/example_latest_only.py
[2021-05-16 20:07:11,429] {scheduler_job.py:629} INFO - Processing file /Users/harry/.local/share/virtualenvs/rugby_data_project_airflow-d2RAFQI6/lib/python3.8/site-packages/airflow/example_dags/example_latest_only.py for tasks to queue
[2021-05-16 20:07:11,430] {logging_mixin.py:104} INFO - [2021-05-16 20:07:11,430] {dagbag.py:451} INFO - Filling up the DagBag from /Users/harry/.local/share/virtualenvs/rugby_data_project_airflow-d2RAFQI6/lib/python3.8/site-packages/airflow/example_dags/example_latest_only.py
[2021-05-16 20:07:11,437] {scheduler_job.py:639} INFO - DAG(s) dict_keys(['latest_only']) retrieved from /Users/harry/.local/share/virtualenvs/rugby_data_project_airflow-d2RAFQI6/lib/python3.8/site-packages/airflow/example_dags/example_latest_only.py
[2021-05-16 20:07:11,464] {logging_mixin.py:104} INFO - [2021-05-16 20:07:11,463] {dag.py:1824} INFO - Sync 1 DAGs
[2021-05-16 20:07:11,469] {logging_mixin.py:104} INFO - [2021-05-16 20:07:11,469] {dag.py:2280} INFO - Setting next_dagrun for latest_only to 2021-05-14 00:00:00+00:00
[2021-05-16 20:07:11,475] {scheduler_job.py:190} INFO - Processing /Users/harry/.local/share/virtualenvs/rugby_data_project_airflow-d2RAFQI6/lib/python3.8/site-packages/airflow/example_dags/example_latest_only.py took 0.047 seconds
[2021-05-16 20:07:59,090] {scheduler_job.py:182} INFO - Started process (PID=15215) to work on /Users/harry/.local/share/virtualenvs/rugby_data_project_airflow-d2RAFQI6/lib/python3.8/site-packages/airflow/example_dags/example_latest_only.py
[2021-05-16 20:07:59,091] {scheduler_job.py:629} INFO - Processing file /Users/harry/.local/share/virtualenvs/rugby_data_project_airflow-d2RAFQI6/lib/python3.8/site-packages/airflow/example_dags/example_latest_only.py for tasks to queue
[2021-05-16 20:07:59,091] {logging_mixin.py:104} INFO - [2021-05-16 20:07:59,091] {dagbag.py:451} INFO - Filling up the DagBag from /Users/harry/.local/share/virtualenvs/rugby_data_project_airflow-d2RAFQI6/lib/python3.8/site-packages/airflow/example_dags/example_latest_only.py
[2021-05-16 20:07:59,097] {scheduler_job.py:639} INFO - DAG(s) dict_keys(['latest_only']) retrieved from /Users/harry/.local/share/virtualenvs/rugby_data_project_airflow-d2RAFQI6/lib/python3.8/site-packages/airflow/example_dags/example_latest_only.py
[2021-05-16 20:07:59,122] {logging_mixin.py:104} INFO - [2021-05-16 20:07:59,122] {dag.py:1824} INFO - Sync 1 DAGs
[2021-05-16 20:07:59,128] {logging_mixin.py:104} INFO - [2021-05-16 20:07:59,128] {dag.py:2280} INFO - Setting next_dagrun for latest_only to 2021-05-14 00:00:00+00:00
[2021-05-16 20:07:59,133] {scheduler_job.py:190} INFO - Processing /Users/harry/.local/share/virtualenvs/rugby_data_project_airflow-d2RAFQI6/lib/python3.8/site-packages/airflow/example_dags/example_latest_only.py took 0.044 seconds
[2021-05-16 20:08:53,601] {scheduler_job.py:182} INFO - Started process (PID=15822) to work on /Users/harry/.local/share/virtualenvs/rugby_data_project_airflow-d2RAFQI6/lib/python3.8/site-packages/airflow/example_dags/example_latest_only.py
[2021-05-16 20:08:53,601] {scheduler_job.py:629} INFO - Processing file /Users/harry/.local/share/virtualenvs/rugby_data_project_airflow-d2RAFQI6/lib/python3.8/site-packages/airflow/example_dags/example_latest_only.py for tasks to queue
[2021-05-16 20:08:53,601] {logging_mixin.py:104} INFO - [2021-05-16 20:08:53,601] {dagbag.py:451} INFO - Filling up the DagBag from /Users/harry/.local/share/virtualenvs/rugby_data_project_airflow-d2RAFQI6/lib/python3.8/site-packages/airflow/example_dags/example_latest_only.py
[2021-05-16 20:08:53,612] {scheduler_job.py:639} INFO - DAG(s) dict_keys(['latest_only']) retrieved from /Users/harry/.local/share/virtualenvs/rugby_data_project_airflow-d2RAFQI6/lib/python3.8/site-packages/airflow/example_dags/example_latest_only.py
[2021-05-16 20:08:53,643] {logging_mixin.py:104} INFO - [2021-05-16 20:08:53,643] {dag.py:1824} INFO - Sync 1 DAGs
[2021-05-16 20:08:53,648] {logging_mixin.py:104} INFO - [2021-05-16 20:08:53,648] {dag.py:2280} INFO - Setting next_dagrun for latest_only to 2021-05-14 00:00:00+00:00
[2021-05-16 20:08:53,654] {scheduler_job.py:190} INFO - Processing /Users/harry/.local/share/virtualenvs/rugby_data_project_airflow-d2RAFQI6/lib/python3.8/site-packages/airflow/example_dags/example_latest_only.py took 0.054 seconds
[2021-05-16 20:09:38,790] {scheduler_job.py:182} INFO - Started process (PID=16366) to work on /Users/harry/.local/share/virtualenvs/rugby_data_project_airflow-d2RAFQI6/lib/python3.8/site-packages/airflow/example_dags/example_latest_only.py
[2021-05-16 20:09:38,791] {scheduler_job.py:629} INFO - Processing file /Users/harry/.local/share/virtualenvs/rugby_data_project_airflow-d2RAFQI6/lib/python3.8/site-packages/airflow/example_dags/example_latest_only.py for tasks to queue
[2021-05-16 20:09:38,791] {logging_mixin.py:104} INFO - [2021-05-16 20:09:38,791] {dagbag.py:451} INFO - Filling up the DagBag from /Users/harry/.local/share/virtualenvs/rugby_data_project_airflow-d2RAFQI6/lib/python3.8/site-packages/airflow/example_dags/example_latest_only.py
[2021-05-16 20:09:38,798] {scheduler_job.py:639} INFO - DAG(s) dict_keys(['latest_only']) retrieved from /Users/harry/.local/share/virtualenvs/rugby_data_project_airflow-d2RAFQI6/lib/python3.8/site-packages/airflow/example_dags/example_latest_only.py
[2021-05-16 20:09:38,822] {logging_mixin.py:104} INFO - [2021-05-16 20:09:38,822] {dag.py:1824} INFO - Sync 1 DAGs
[2021-05-16 20:09:38,827] {logging_mixin.py:104} INFO - [2021-05-16 20:09:38,827] {dag.py:2280} INFO - Setting next_dagrun for latest_only to 2021-05-14 00:00:00+00:00
[2021-05-16 20:09:38,835] {scheduler_job.py:190} INFO - Processing /Users/harry/.local/share/virtualenvs/rugby_data_project_airflow-d2RAFQI6/lib/python3.8/site-packages/airflow/example_dags/example_latest_only.py took 0.045 seconds
[2021-05-16 20:10:24,844] {scheduler_job.py:182} INFO - Started process (PID=16904) to work on /Users/harry/.local/share/virtualenvs/rugby_data_project_airflow-d2RAFQI6/lib/python3.8/site-packages/airflow/example_dags/example_latest_only.py
[2021-05-16 20:10:24,845] {scheduler_job.py:629} INFO - Processing file /Users/harry/.local/share/virtualenvs/rugby_data_project_airflow-d2RAFQI6/lib/python3.8/site-packages/airflow/example_dags/example_latest_only.py for tasks to queue
[2021-05-16 20:10:24,846] {logging_mixin.py:104} INFO - [2021-05-16 20:10:24,846] {dagbag.py:451} INFO - Filling up the DagBag from /Users/harry/.local/share/virtualenvs/rugby_data_project_airflow-d2RAFQI6/lib/python3.8/site-packages/airflow/example_dags/example_latest_only.py
[2021-05-16 20:10:24,854] {scheduler_job.py:639} INFO - DAG(s) dict_keys(['latest_only']) retrieved from /Users/harry/.local/share/virtualenvs/rugby_data_project_airflow-d2RAFQI6/lib/python3.8/site-packages/airflow/example_dags/example_latest_only.py
[2021-05-16 20:10:24,880] {logging_mixin.py:104} INFO - [2021-05-16 20:10:24,880] {dag.py:1824} INFO - Sync 1 DAGs
[2021-05-16 20:10:24,885] {logging_mixin.py:104} INFO - [2021-05-16 20:10:24,885] {dag.py:2280} INFO - Setting next_dagrun for latest_only to 2021-05-14 00:00:00+00:00
[2021-05-16 20:10:24,891] {scheduler_job.py:190} INFO - Processing /Users/harry/.local/share/virtualenvs/rugby_data_project_airflow-d2RAFQI6/lib/python3.8/site-packages/airflow/example_dags/example_latest_only.py took 0.048 seconds
[2021-05-16 20:11:18,741] {scheduler_job.py:182} INFO - Started process (PID=17468) to work on /Users/harry/.local/share/virtualenvs/rugby_data_project_airflow-d2RAFQI6/lib/python3.8/site-packages/airflow/example_dags/example_latest_only.py
[2021-05-16 20:11:18,742] {scheduler_job.py:629} INFO - Processing file /Users/harry/.local/share/virtualenvs/rugby_data_project_airflow-d2RAFQI6/lib/python3.8/site-packages/airflow/example_dags/example_latest_only.py for tasks to queue
[2021-05-16 20:11:18,743] {logging_mixin.py:104} INFO - [2021-05-16 20:11:18,742] {dagbag.py:451} INFO - Filling up the DagBag from /Users/harry/.local/share/virtualenvs/rugby_data_project_airflow-d2RAFQI6/lib/python3.8/site-packages/airflow/example_dags/example_latest_only.py
[2021-05-16 20:11:18,747] {scheduler_job.py:639} INFO - DAG(s) dict_keys(['latest_only']) retrieved from /Users/harry/.local/share/virtualenvs/rugby_data_project_airflow-d2RAFQI6/lib/python3.8/site-packages/airflow/example_dags/example_latest_only.py
[2021-05-16 20:11:18,772] {logging_mixin.py:104} INFO - [2021-05-16 20:11:18,772] {dag.py:1824} INFO - Sync 1 DAGs
[2021-05-16 20:11:18,777] {logging_mixin.py:104} INFO - [2021-05-16 20:11:18,777] {dag.py:2280} INFO - Setting next_dagrun for latest_only to 2021-05-14 00:00:00+00:00
[2021-05-16 20:11:18,784] {scheduler_job.py:190} INFO - Processing /Users/harry/.local/share/virtualenvs/rugby_data_project_airflow-d2RAFQI6/lib/python3.8/site-packages/airflow/example_dags/example_latest_only.py took 0.043 seconds
[2021-05-16 20:12:04,368] {scheduler_job.py:182} INFO - Started process (PID=17963) to work on /Users/harry/.local/share/virtualenvs/rugby_data_project_airflow-d2RAFQI6/lib/python3.8/site-packages/airflow/example_dags/example_latest_only.py
[2021-05-16 20:12:04,369] {scheduler_job.py:629} INFO - Processing file /Users/harry/.local/share/virtualenvs/rugby_data_project_airflow-d2RAFQI6/lib/python3.8/site-packages/airflow/example_dags/example_latest_only.py for tasks to queue
[2021-05-16 20:12:04,370] {logging_mixin.py:104} INFO - [2021-05-16 20:12:04,369] {dagbag.py:451} INFO - Filling up the DagBag from /Users/harry/.local/share/virtualenvs/rugby_data_project_airflow-d2RAFQI6/lib/python3.8/site-packages/airflow/example_dags/example_latest_only.py
[2021-05-16 20:12:04,377] {scheduler_job.py:639} INFO - DAG(s) dict_keys(['latest_only']) retrieved from /Users/harry/.local/share/virtualenvs/rugby_data_project_airflow-d2RAFQI6/lib/python3.8/site-packages/airflow/example_dags/example_latest_only.py
[2021-05-16 20:12:04,400] {logging_mixin.py:104} INFO - [2021-05-16 20:12:04,400] {dag.py:1824} INFO - Sync 1 DAGs
[2021-05-16 20:12:04,405] {logging_mixin.py:104} INFO - [2021-05-16 20:12:04,405] {dag.py:2280} INFO - Setting next_dagrun for latest_only to 2021-05-14 00:00:00+00:00
[2021-05-16 20:12:04,411] {scheduler_job.py:190} INFO - Processing /Users/harry/.local/share/virtualenvs/rugby_data_project_airflow-d2RAFQI6/lib/python3.8/site-packages/airflow/example_dags/example_latest_only.py took 0.043 seconds
[2021-05-16 20:12:51,053] {scheduler_job.py:182} INFO - Started process (PID=18577) to work on /Users/harry/.local/share/virtualenvs/rugby_data_project_airflow-d2RAFQI6/lib/python3.8/site-packages/airflow/example_dags/example_latest_only.py
[2021-05-16 20:12:51,054] {scheduler_job.py:629} INFO - Processing file /Users/harry/.local/share/virtualenvs/rugby_data_project_airflow-d2RAFQI6/lib/python3.8/site-packages/airflow/example_dags/example_latest_only.py for tasks to queue
[2021-05-16 20:12:51,055] {logging_mixin.py:104} INFO - [2021-05-16 20:12:51,055] {dagbag.py:451} INFO - Filling up the DagBag from /Users/harry/.local/share/virtualenvs/rugby_data_project_airflow-d2RAFQI6/lib/python3.8/site-packages/airflow/example_dags/example_latest_only.py
[2021-05-16 20:12:51,061] {scheduler_job.py:639} INFO - DAG(s) dict_keys(['latest_only']) retrieved from /Users/harry/.local/share/virtualenvs/rugby_data_project_airflow-d2RAFQI6/lib/python3.8/site-packages/airflow/example_dags/example_latest_only.py
[2021-05-16 20:12:51,084] {logging_mixin.py:104} INFO - [2021-05-16 20:12:51,084] {dag.py:1824} INFO - Sync 1 DAGs
[2021-05-16 20:12:51,090] {logging_mixin.py:104} INFO - [2021-05-16 20:12:51,089] {dag.py:2280} INFO - Setting next_dagrun for latest_only to 2021-05-14 00:00:00+00:00
[2021-05-16 20:12:51,096] {scheduler_job.py:190} INFO - Processing /Users/harry/.local/share/virtualenvs/rugby_data_project_airflow-d2RAFQI6/lib/python3.8/site-packages/airflow/example_dags/example_latest_only.py took 0.043 seconds
[2021-05-16 20:13:45,096] {scheduler_job.py:182} INFO - Started process (PID=19293) to work on /Users/harry/.local/share/virtualenvs/rugby_data_project_airflow-d2RAFQI6/lib/python3.8/site-packages/airflow/example_dags/example_latest_only.py
[2021-05-16 20:13:45,096] {scheduler_job.py:629} INFO - Processing file /Users/harry/.local/share/virtualenvs/rugby_data_project_airflow-d2RAFQI6/lib/python3.8/site-packages/airflow/example_dags/example_latest_only.py for tasks to queue
[2021-05-16 20:13:45,096] {logging_mixin.py:104} INFO - [2021-05-16 20:13:45,096] {dagbag.py:451} INFO - Filling up the DagBag from /Users/harry/.local/share/virtualenvs/rugby_data_project_airflow-d2RAFQI6/lib/python3.8/site-packages/airflow/example_dags/example_latest_only.py
[2021-05-16 20:13:45,102] {scheduler_job.py:639} INFO - DAG(s) dict_keys(['latest_only']) retrieved from /Users/harry/.local/share/virtualenvs/rugby_data_project_airflow-d2RAFQI6/lib/python3.8/site-packages/airflow/example_dags/example_latest_only.py
[2021-05-16 20:13:45,124] {logging_mixin.py:104} INFO - [2021-05-16 20:13:45,124] {dag.py:1824} INFO - Sync 1 DAGs
[2021-05-16 20:13:45,129] {logging_mixin.py:104} INFO - [2021-05-16 20:13:45,129] {dag.py:2280} INFO - Setting next_dagrun for latest_only to 2021-05-14 00:00:00+00:00
[2021-05-16 20:13:45,137] {scheduler_job.py:190} INFO - Processing /Users/harry/.local/share/virtualenvs/rugby_data_project_airflow-d2RAFQI6/lib/python3.8/site-packages/airflow/example_dags/example_latest_only.py took 0.042 seconds
[2021-05-16 20:14:32,925] {scheduler_job.py:182} INFO - Started process (PID=19866) to work on /Users/harry/.local/share/virtualenvs/rugby_data_project_airflow-d2RAFQI6/lib/python3.8/site-packages/airflow/example_dags/example_latest_only.py
[2021-05-16 20:14:32,926] {scheduler_job.py:629} INFO - Processing file /Users/harry/.local/share/virtualenvs/rugby_data_project_airflow-d2RAFQI6/lib/python3.8/site-packages/airflow/example_dags/example_latest_only.py for tasks to queue
[2021-05-16 20:14:32,926] {logging_mixin.py:104} INFO - [2021-05-16 20:14:32,926] {dagbag.py:451} INFO - Filling up the DagBag from /Users/harry/.local/share/virtualenvs/rugby_data_project_airflow-d2RAFQI6/lib/python3.8/site-packages/airflow/example_dags/example_latest_only.py
[2021-05-16 20:14:32,932] {scheduler_job.py:639} INFO - DAG(s) dict_keys(['latest_only']) retrieved from /Users/harry/.local/share/virtualenvs/rugby_data_project_airflow-d2RAFQI6/lib/python3.8/site-packages/airflow/example_dags/example_latest_only.py
[2021-05-16 20:14:32,956] {logging_mixin.py:104} INFO - [2021-05-16 20:14:32,956] {dag.py:1824} INFO - Sync 1 DAGs
[2021-05-16 20:14:32,961] {logging_mixin.py:104} INFO - [2021-05-16 20:14:32,961] {dag.py:2280} INFO - Setting next_dagrun for latest_only to 2021-05-14 00:00:00+00:00
[2021-05-16 20:14:32,967] {scheduler_job.py:190} INFO - Processing /Users/harry/.local/share/virtualenvs/rugby_data_project_airflow-d2RAFQI6/lib/python3.8/site-packages/airflow/example_dags/example_latest_only.py took 0.042 seconds
[2021-05-16 20:15:18,151] {scheduler_job.py:182} INFO - Started process (PID=21161) to work on /Users/harry/.local/share/virtualenvs/rugby_data_project_airflow-d2RAFQI6/lib/python3.8/site-packages/airflow/example_dags/example_latest_only.py
[2021-05-16 20:15:18,152] {scheduler_job.py:629} INFO - Processing file /Users/harry/.local/share/virtualenvs/rugby_data_project_airflow-d2RAFQI6/lib/python3.8/site-packages/airflow/example_dags/example_latest_only.py for tasks to queue
[2021-05-16 20:15:18,153] {logging_mixin.py:104} INFO - [2021-05-16 20:15:18,153] {dagbag.py:451} INFO - Filling up the DagBag from /Users/harry/.local/share/virtualenvs/rugby_data_project_airflow-d2RAFQI6/lib/python3.8/site-packages/airflow/example_dags/example_latest_only.py
[2021-05-16 20:15:18,158] {scheduler_job.py:639} INFO - DAG(s) dict_keys(['latest_only']) retrieved from /Users/harry/.local/share/virtualenvs/rugby_data_project_airflow-d2RAFQI6/lib/python3.8/site-packages/airflow/example_dags/example_latest_only.py
[2021-05-16 20:15:18,181] {logging_mixin.py:104} INFO - [2021-05-16 20:15:18,181] {dag.py:1824} INFO - Sync 1 DAGs
[2021-05-16 20:15:18,187] {logging_mixin.py:104} INFO - [2021-05-16 20:15:18,187] {dag.py:2280} INFO - Setting next_dagrun for latest_only to 2021-05-14 00:00:00+00:00
[2021-05-16 20:15:18,194] {scheduler_job.py:190} INFO - Processing /Users/harry/.local/share/virtualenvs/rugby_data_project_airflow-d2RAFQI6/lib/python3.8/site-packages/airflow/example_dags/example_latest_only.py took 0.044 seconds
[2021-05-16 20:16:42,718] {scheduler_job.py:182} INFO - Started process (PID=22172) to work on /Users/harry/.local/share/virtualenvs/rugby_data_project_airflow-d2RAFQI6/lib/python3.8/site-packages/airflow/example_dags/example_latest_only.py
[2021-05-16 20:16:42,719] {scheduler_job.py:629} INFO - Processing file /Users/harry/.local/share/virtualenvs/rugby_data_project_airflow-d2RAFQI6/lib/python3.8/site-packages/airflow/example_dags/example_latest_only.py for tasks to queue
[2021-05-16 20:16:42,719] {logging_mixin.py:104} INFO - [2021-05-16 20:16:42,719] {dagbag.py:451} INFO - Filling up the DagBag from /Users/harry/.local/share/virtualenvs/rugby_data_project_airflow-d2RAFQI6/lib/python3.8/site-packages/airflow/example_dags/example_latest_only.py
[2021-05-16 20:16:42,727] {scheduler_job.py:639} INFO - DAG(s) dict_keys(['latest_only']) retrieved from /Users/harry/.local/share/virtualenvs/rugby_data_project_airflow-d2RAFQI6/lib/python3.8/site-packages/airflow/example_dags/example_latest_only.py
[2021-05-16 20:16:42,753] {logging_mixin.py:104} INFO - [2021-05-16 20:16:42,753] {dag.py:1824} INFO - Sync 1 DAGs
[2021-05-16 20:16:42,758] {logging_mixin.py:104} INFO - [2021-05-16 20:16:42,758] {dag.py:2280} INFO - Setting next_dagrun for latest_only to 2021-05-14 00:00:00+00:00
[2021-05-16 20:16:42,764] {scheduler_job.py:190} INFO - Processing /Users/harry/.local/share/virtualenvs/rugby_data_project_airflow-d2RAFQI6/lib/python3.8/site-packages/airflow/example_dags/example_latest_only.py took 0.047 seconds
