[2021-05-16 01:01:39,633] {scheduler_job.py:182} INFO - Started process (PID=40169) to work on /Users/harry/.local/share/virtualenvs/rugby_data_project_airflow-d2RAFQI6/lib/python3.8/site-packages/airflow/example_dags/example_xcom.py
[2021-05-16 01:01:39,633] {scheduler_job.py:629} INFO - Processing file /Users/harry/.local/share/virtualenvs/rugby_data_project_airflow-d2RAFQI6/lib/python3.8/site-packages/airflow/example_dags/example_xcom.py for tasks to queue
[2021-05-16 01:01:39,634] {logging_mixin.py:104} INFO - [2021-05-16 01:01:39,634] {dagbag.py:451} INFO - Filling up the DagBag from /Users/harry/.local/share/virtualenvs/rugby_data_project_airflow-d2RAFQI6/lib/python3.8/site-packages/airflow/example_dags/example_xcom.py
[2021-05-16 01:01:39,639] {scheduler_job.py:639} INFO - DAG(s) dict_keys(['example_xcom']) retrieved from /Users/harry/.local/share/virtualenvs/rugby_data_project_airflow-d2RAFQI6/lib/python3.8/site-packages/airflow/example_dags/example_xcom.py
[2021-05-16 01:01:39,665] {logging_mixin.py:104} INFO - [2021-05-16 01:01:39,664] {dag.py:1824} INFO - Sync 1 DAGs
[2021-05-16 01:01:39,672] {logging_mixin.py:104} INFO - [2021-05-16 01:01:39,672] {dag.py:2280} INFO - Setting next_dagrun for example_xcom to 2021-05-14 00:00:00+00:00
[2021-05-16 01:01:39,679] {scheduler_job.py:190} INFO - Processing /Users/harry/.local/share/virtualenvs/rugby_data_project_airflow-d2RAFQI6/lib/python3.8/site-packages/airflow/example_dags/example_xcom.py took 0.046 seconds
[2021-05-16 09:02:29,403] {scheduler_job.py:182} INFO - Started process (PID=43565) to work on /Users/harry/.local/share/virtualenvs/rugby_data_project_airflow-d2RAFQI6/lib/python3.8/site-packages/airflow/example_dags/example_xcom.py
[2021-05-16 09:02:29,404] {scheduler_job.py:629} INFO - Processing file /Users/harry/.local/share/virtualenvs/rugby_data_project_airflow-d2RAFQI6/lib/python3.8/site-packages/airflow/example_dags/example_xcom.py for tasks to queue
[2021-05-16 09:02:29,404] {logging_mixin.py:104} INFO - [2021-05-16 09:02:29,404] {dagbag.py:451} INFO - Filling up the DagBag from /Users/harry/.local/share/virtualenvs/rugby_data_project_airflow-d2RAFQI6/lib/python3.8/site-packages/airflow/example_dags/example_xcom.py
[2021-05-16 09:02:29,411] {scheduler_job.py:639} INFO - DAG(s) dict_keys(['example_xcom']) retrieved from /Users/harry/.local/share/virtualenvs/rugby_data_project_airflow-d2RAFQI6/lib/python3.8/site-packages/airflow/example_dags/example_xcom.py
[2021-05-16 09:02:29,441] {logging_mixin.py:104} INFO - [2021-05-16 09:02:29,441] {dag.py:1824} INFO - Sync 1 DAGs
[2021-05-16 09:02:29,449] {logging_mixin.py:104} INFO - [2021-05-16 09:02:29,448] {dag.py:2280} INFO - Setting next_dagrun for example_xcom to 2021-05-14 00:00:00+00:00
[2021-05-16 09:02:29,456] {scheduler_job.py:190} INFO - Processing /Users/harry/.local/share/virtualenvs/rugby_data_project_airflow-d2RAFQI6/lib/python3.8/site-packages/airflow/example_dags/example_xcom.py took 0.053 seconds
[2021-05-16 09:06:59,551] {scheduler_job.py:182} INFO - Started process (PID=45430) to work on /Users/harry/.local/share/virtualenvs/rugby_data_project_airflow-d2RAFQI6/lib/python3.8/site-packages/airflow/example_dags/example_xcom.py
[2021-05-16 09:06:59,552] {scheduler_job.py:629} INFO - Processing file /Users/harry/.local/share/virtualenvs/rugby_data_project_airflow-d2RAFQI6/lib/python3.8/site-packages/airflow/example_dags/example_xcom.py for tasks to queue
[2021-05-16 09:06:59,552] {logging_mixin.py:104} INFO - [2021-05-16 09:06:59,552] {dagbag.py:451} INFO - Filling up the DagBag from /Users/harry/.local/share/virtualenvs/rugby_data_project_airflow-d2RAFQI6/lib/python3.8/site-packages/airflow/example_dags/example_xcom.py
[2021-05-16 09:06:59,559] {scheduler_job.py:639} INFO - DAG(s) dict_keys(['example_xcom']) retrieved from /Users/harry/.local/share/virtualenvs/rugby_data_project_airflow-d2RAFQI6/lib/python3.8/site-packages/airflow/example_dags/example_xcom.py
[2021-05-16 09:06:59,589] {logging_mixin.py:104} INFO - [2021-05-16 09:06:59,589] {dag.py:1824} INFO - Sync 1 DAGs
[2021-05-16 09:06:59,596] {logging_mixin.py:104} INFO - [2021-05-16 09:06:59,596] {dag.py:2280} INFO - Setting next_dagrun for example_xcom to 2021-05-14 00:00:00+00:00
[2021-05-16 09:06:59,603] {scheduler_job.py:190} INFO - Processing /Users/harry/.local/share/virtualenvs/rugby_data_project_airflow-d2RAFQI6/lib/python3.8/site-packages/airflow/example_dags/example_xcom.py took 0.053 seconds
[2021-05-16 09:11:04,645] {scheduler_job.py:182} INFO - Started process (PID=47211) to work on /Users/harry/.local/share/virtualenvs/rugby_data_project_airflow-d2RAFQI6/lib/python3.8/site-packages/airflow/example_dags/example_xcom.py
[2021-05-16 09:11:04,646] {scheduler_job.py:629} INFO - Processing file /Users/harry/.local/share/virtualenvs/rugby_data_project_airflow-d2RAFQI6/lib/python3.8/site-packages/airflow/example_dags/example_xcom.py for tasks to queue
[2021-05-16 09:11:04,647] {logging_mixin.py:104} INFO - [2021-05-16 09:11:04,647] {dagbag.py:451} INFO - Filling up the DagBag from /Users/harry/.local/share/virtualenvs/rugby_data_project_airflow-d2RAFQI6/lib/python3.8/site-packages/airflow/example_dags/example_xcom.py
[2021-05-16 09:11:04,654] {scheduler_job.py:639} INFO - DAG(s) dict_keys(['example_xcom']) retrieved from /Users/harry/.local/share/virtualenvs/rugby_data_project_airflow-d2RAFQI6/lib/python3.8/site-packages/airflow/example_dags/example_xcom.py
[2021-05-16 09:11:04,685] {logging_mixin.py:104} INFO - [2021-05-16 09:11:04,684] {dag.py:1824} INFO - Sync 1 DAGs
[2021-05-16 09:11:04,692] {logging_mixin.py:104} INFO - [2021-05-16 09:11:04,692] {dag.py:2280} INFO - Setting next_dagrun for example_xcom to 2021-05-14 00:00:00+00:00
[2021-05-16 09:11:04,700] {scheduler_job.py:190} INFO - Processing /Users/harry/.local/share/virtualenvs/rugby_data_project_airflow-d2RAFQI6/lib/python3.8/site-packages/airflow/example_dags/example_xcom.py took 0.055 seconds
[2021-05-16 09:15:34,083] {scheduler_job.py:182} INFO - Started process (PID=48989) to work on /Users/harry/.local/share/virtualenvs/rugby_data_project_airflow-d2RAFQI6/lib/python3.8/site-packages/airflow/example_dags/example_xcom.py
[2021-05-16 09:15:34,084] {scheduler_job.py:629} INFO - Processing file /Users/harry/.local/share/virtualenvs/rugby_data_project_airflow-d2RAFQI6/lib/python3.8/site-packages/airflow/example_dags/example_xcom.py for tasks to queue
[2021-05-16 09:15:34,085] {logging_mixin.py:104} INFO - [2021-05-16 09:15:34,085] {dagbag.py:451} INFO - Filling up the DagBag from /Users/harry/.local/share/virtualenvs/rugby_data_project_airflow-d2RAFQI6/lib/python3.8/site-packages/airflow/example_dags/example_xcom.py
[2021-05-16 09:15:34,094] {scheduler_job.py:639} INFO - DAG(s) dict_keys(['example_xcom']) retrieved from /Users/harry/.local/share/virtualenvs/rugby_data_project_airflow-d2RAFQI6/lib/python3.8/site-packages/airflow/example_dags/example_xcom.py
[2021-05-16 09:15:34,135] {logging_mixin.py:104} INFO - [2021-05-16 09:15:34,135] {dag.py:1824} INFO - Sync 1 DAGs
[2021-05-16 09:15:34,144] {logging_mixin.py:104} INFO - [2021-05-16 09:15:34,144] {dag.py:2280} INFO - Setting next_dagrun for example_xcom to 2021-05-14 00:00:00+00:00
[2021-05-16 09:15:34,154] {scheduler_job.py:190} INFO - Processing /Users/harry/.local/share/virtualenvs/rugby_data_project_airflow-d2RAFQI6/lib/python3.8/site-packages/airflow/example_dags/example_xcom.py took 0.071 seconds
[2021-05-16 09:20:27,296] {scheduler_job.py:182} INFO - Started process (PID=50872) to work on /Users/harry/.local/share/virtualenvs/rugby_data_project_airflow-d2RAFQI6/lib/python3.8/site-packages/airflow/example_dags/example_xcom.py
[2021-05-16 09:20:27,297] {scheduler_job.py:629} INFO - Processing file /Users/harry/.local/share/virtualenvs/rugby_data_project_airflow-d2RAFQI6/lib/python3.8/site-packages/airflow/example_dags/example_xcom.py for tasks to queue
[2021-05-16 09:20:27,297] {logging_mixin.py:104} INFO - [2021-05-16 09:20:27,297] {dagbag.py:451} INFO - Filling up the DagBag from /Users/harry/.local/share/virtualenvs/rugby_data_project_airflow-d2RAFQI6/lib/python3.8/site-packages/airflow/example_dags/example_xcom.py
[2021-05-16 09:20:27,306] {scheduler_job.py:639} INFO - DAG(s) dict_keys(['example_xcom']) retrieved from /Users/harry/.local/share/virtualenvs/rugby_data_project_airflow-d2RAFQI6/lib/python3.8/site-packages/airflow/example_dags/example_xcom.py
[2021-05-16 09:20:27,344] {logging_mixin.py:104} INFO - [2021-05-16 09:20:27,344] {dag.py:1824} INFO - Sync 1 DAGs
[2021-05-16 09:20:27,353] {logging_mixin.py:104} INFO - [2021-05-16 09:20:27,352] {dag.py:2280} INFO - Setting next_dagrun for example_xcom to 2021-05-14 00:00:00+00:00
[2021-05-16 09:20:27,362] {scheduler_job.py:190} INFO - Processing /Users/harry/.local/share/virtualenvs/rugby_data_project_airflow-d2RAFQI6/lib/python3.8/site-packages/airflow/example_dags/example_xcom.py took 0.067 seconds
[2021-05-16 09:25:13,670] {scheduler_job.py:182} INFO - Started process (PID=52681) to work on /Users/harry/.local/share/virtualenvs/rugby_data_project_airflow-d2RAFQI6/lib/python3.8/site-packages/airflow/example_dags/example_xcom.py
[2021-05-16 09:25:13,672] {scheduler_job.py:629} INFO - Processing file /Users/harry/.local/share/virtualenvs/rugby_data_project_airflow-d2RAFQI6/lib/python3.8/site-packages/airflow/example_dags/example_xcom.py for tasks to queue
[2021-05-16 09:25:13,672] {logging_mixin.py:104} INFO - [2021-05-16 09:25:13,672] {dagbag.py:451} INFO - Filling up the DagBag from /Users/harry/.local/share/virtualenvs/rugby_data_project_airflow-d2RAFQI6/lib/python3.8/site-packages/airflow/example_dags/example_xcom.py
[2021-05-16 09:25:13,681] {scheduler_job.py:639} INFO - DAG(s) dict_keys(['example_xcom']) retrieved from /Users/harry/.local/share/virtualenvs/rugby_data_project_airflow-d2RAFQI6/lib/python3.8/site-packages/airflow/example_dags/example_xcom.py
[2021-05-16 09:25:13,719] {logging_mixin.py:104} INFO - [2021-05-16 09:25:13,719] {dag.py:1824} INFO - Sync 1 DAGs
[2021-05-16 09:25:13,728] {logging_mixin.py:104} INFO - [2021-05-16 09:25:13,728] {dag.py:2280} INFO - Setting next_dagrun for example_xcom to 2021-05-14 00:00:00+00:00
[2021-05-16 09:25:13,737] {scheduler_job.py:190} INFO - Processing /Users/harry/.local/share/virtualenvs/rugby_data_project_airflow-d2RAFQI6/lib/python3.8/site-packages/airflow/example_dags/example_xcom.py took 0.067 seconds
[2021-05-16 09:30:05,218] {scheduler_job.py:182} INFO - Started process (PID=54509) to work on /Users/harry/.local/share/virtualenvs/rugby_data_project_airflow-d2RAFQI6/lib/python3.8/site-packages/airflow/example_dags/example_xcom.py
[2021-05-16 09:30:05,220] {scheduler_job.py:629} INFO - Processing file /Users/harry/.local/share/virtualenvs/rugby_data_project_airflow-d2RAFQI6/lib/python3.8/site-packages/airflow/example_dags/example_xcom.py for tasks to queue
[2021-05-16 09:30:05,220] {logging_mixin.py:104} INFO - [2021-05-16 09:30:05,220] {dagbag.py:451} INFO - Filling up the DagBag from /Users/harry/.local/share/virtualenvs/rugby_data_project_airflow-d2RAFQI6/lib/python3.8/site-packages/airflow/example_dags/example_xcom.py
[2021-05-16 09:30:05,229] {scheduler_job.py:639} INFO - DAG(s) dict_keys(['example_xcom']) retrieved from /Users/harry/.local/share/virtualenvs/rugby_data_project_airflow-d2RAFQI6/lib/python3.8/site-packages/airflow/example_dags/example_xcom.py
[2021-05-16 09:30:05,267] {logging_mixin.py:104} INFO - [2021-05-16 09:30:05,267] {dag.py:1824} INFO - Sync 1 DAGs
[2021-05-16 09:30:05,275] {logging_mixin.py:104} INFO - [2021-05-16 09:30:05,275] {dag.py:2280} INFO - Setting next_dagrun for example_xcom to 2021-05-14 00:00:00+00:00
[2021-05-16 09:30:05,284] {scheduler_job.py:190} INFO - Processing /Users/harry/.local/share/virtualenvs/rugby_data_project_airflow-d2RAFQI6/lib/python3.8/site-packages/airflow/example_dags/example_xcom.py took 0.067 seconds
[2021-05-16 09:34:56,598] {scheduler_job.py:182} INFO - Started process (PID=56249) to work on /Users/harry/.local/share/virtualenvs/rugby_data_project_airflow-d2RAFQI6/lib/python3.8/site-packages/airflow/example_dags/example_xcom.py
[2021-05-16 09:34:56,599] {scheduler_job.py:629} INFO - Processing file /Users/harry/.local/share/virtualenvs/rugby_data_project_airflow-d2RAFQI6/lib/python3.8/site-packages/airflow/example_dags/example_xcom.py for tasks to queue
[2021-05-16 09:34:56,600] {logging_mixin.py:104} INFO - [2021-05-16 09:34:56,600] {dagbag.py:451} INFO - Filling up the DagBag from /Users/harry/.local/share/virtualenvs/rugby_data_project_airflow-d2RAFQI6/lib/python3.8/site-packages/airflow/example_dags/example_xcom.py
[2021-05-16 09:34:56,608] {scheduler_job.py:639} INFO - DAG(s) dict_keys(['example_xcom']) retrieved from /Users/harry/.local/share/virtualenvs/rugby_data_project_airflow-d2RAFQI6/lib/python3.8/site-packages/airflow/example_dags/example_xcom.py
[2021-05-16 09:34:56,646] {logging_mixin.py:104} INFO - [2021-05-16 09:34:56,646] {dag.py:1824} INFO - Sync 1 DAGs
[2021-05-16 09:34:56,655] {logging_mixin.py:104} INFO - [2021-05-16 09:34:56,655] {dag.py:2280} INFO - Setting next_dagrun for example_xcom to 2021-05-14 00:00:00+00:00
[2021-05-16 09:34:56,664] {scheduler_job.py:190} INFO - Processing /Users/harry/.local/share/virtualenvs/rugby_data_project_airflow-d2RAFQI6/lib/python3.8/site-packages/airflow/example_dags/example_xcom.py took 0.067 seconds
[2021-05-16 09:39:50,315] {scheduler_job.py:182} INFO - Started process (PID=58059) to work on /Users/harry/.local/share/virtualenvs/rugby_data_project_airflow-d2RAFQI6/lib/python3.8/site-packages/airflow/example_dags/example_xcom.py
[2021-05-16 09:39:50,316] {scheduler_job.py:629} INFO - Processing file /Users/harry/.local/share/virtualenvs/rugby_data_project_airflow-d2RAFQI6/lib/python3.8/site-packages/airflow/example_dags/example_xcom.py for tasks to queue
[2021-05-16 09:39:50,317] {logging_mixin.py:104} INFO - [2021-05-16 09:39:50,317] {dagbag.py:451} INFO - Filling up the DagBag from /Users/harry/.local/share/virtualenvs/rugby_data_project_airflow-d2RAFQI6/lib/python3.8/site-packages/airflow/example_dags/example_xcom.py
[2021-05-16 09:39:50,325] {scheduler_job.py:639} INFO - DAG(s) dict_keys(['example_xcom']) retrieved from /Users/harry/.local/share/virtualenvs/rugby_data_project_airflow-d2RAFQI6/lib/python3.8/site-packages/airflow/example_dags/example_xcom.py
[2021-05-16 09:39:50,362] {logging_mixin.py:104} INFO - [2021-05-16 09:39:50,362] {dag.py:1824} INFO - Sync 1 DAGs
[2021-05-16 09:39:50,371] {logging_mixin.py:104} INFO - [2021-05-16 09:39:50,371] {dag.py:2280} INFO - Setting next_dagrun for example_xcom to 2021-05-14 00:00:00+00:00
[2021-05-16 09:39:50,380] {scheduler_job.py:190} INFO - Processing /Users/harry/.local/share/virtualenvs/rugby_data_project_airflow-d2RAFQI6/lib/python3.8/site-packages/airflow/example_dags/example_xcom.py took 0.065 seconds
[2021-05-16 09:44:49,829] {scheduler_job.py:182} INFO - Started process (PID=59797) to work on /Users/harry/.local/share/virtualenvs/rugby_data_project_airflow-d2RAFQI6/lib/python3.8/site-packages/airflow/example_dags/example_xcom.py
[2021-05-16 09:44:49,830] {scheduler_job.py:629} INFO - Processing file /Users/harry/.local/share/virtualenvs/rugby_data_project_airflow-d2RAFQI6/lib/python3.8/site-packages/airflow/example_dags/example_xcom.py for tasks to queue
[2021-05-16 09:44:49,831] {logging_mixin.py:104} INFO - [2021-05-16 09:44:49,831] {dagbag.py:451} INFO - Filling up the DagBag from /Users/harry/.local/share/virtualenvs/rugby_data_project_airflow-d2RAFQI6/lib/python3.8/site-packages/airflow/example_dags/example_xcom.py
[2021-05-16 09:44:49,840] {scheduler_job.py:639} INFO - DAG(s) dict_keys(['example_xcom']) retrieved from /Users/harry/.local/share/virtualenvs/rugby_data_project_airflow-d2RAFQI6/lib/python3.8/site-packages/airflow/example_dags/example_xcom.py
[2021-05-16 09:44:49,877] {logging_mixin.py:104} INFO - [2021-05-16 09:44:49,877] {dag.py:1824} INFO - Sync 1 DAGs
[2021-05-16 09:44:49,886] {logging_mixin.py:104} INFO - [2021-05-16 09:44:49,885] {dag.py:2280} INFO - Setting next_dagrun for example_xcom to 2021-05-14 00:00:00+00:00
[2021-05-16 09:44:49,894] {scheduler_job.py:190} INFO - Processing /Users/harry/.local/share/virtualenvs/rugby_data_project_airflow-d2RAFQI6/lib/python3.8/site-packages/airflow/example_dags/example_xcom.py took 0.066 seconds
[2021-05-16 13:21:29,548] {scheduler_job.py:182} INFO - Started process (PID=4641) to work on /Users/harry/.local/share/virtualenvs/rugby_data_project_airflow-d2RAFQI6/lib/python3.8/site-packages/airflow/example_dags/example_xcom.py
[2021-05-16 13:21:29,549] {scheduler_job.py:629} INFO - Processing file /Users/harry/.local/share/virtualenvs/rugby_data_project_airflow-d2RAFQI6/lib/python3.8/site-packages/airflow/example_dags/example_xcom.py for tasks to queue
[2021-05-16 13:21:29,549] {logging_mixin.py:104} INFO - [2021-05-16 13:21:29,549] {dagbag.py:451} INFO - Filling up the DagBag from /Users/harry/.local/share/virtualenvs/rugby_data_project_airflow-d2RAFQI6/lib/python3.8/site-packages/airflow/example_dags/example_xcom.py
[2021-05-16 13:21:29,555] {scheduler_job.py:639} INFO - DAG(s) dict_keys(['example_xcom']) retrieved from /Users/harry/.local/share/virtualenvs/rugby_data_project_airflow-d2RAFQI6/lib/python3.8/site-packages/airflow/example_dags/example_xcom.py
[2021-05-16 13:21:29,580] {logging_mixin.py:104} INFO - [2021-05-16 13:21:29,580] {dag.py:1824} INFO - Sync 1 DAGs
[2021-05-16 13:21:29,585] {logging_mixin.py:104} INFO - [2021-05-16 13:21:29,585] {dag.py:2280} INFO - Setting next_dagrun for example_xcom to 2021-05-14 00:00:00+00:00
[2021-05-16 13:21:29,591] {scheduler_job.py:190} INFO - Processing /Users/harry/.local/share/virtualenvs/rugby_data_project_airflow-d2RAFQI6/lib/python3.8/site-packages/airflow/example_dags/example_xcom.py took 0.043 seconds
[2021-05-16 13:22:31,136] {scheduler_job.py:182} INFO - Started process (PID=5428) to work on /Users/harry/.local/share/virtualenvs/rugby_data_project_airflow-d2RAFQI6/lib/python3.8/site-packages/airflow/example_dags/example_xcom.py
[2021-05-16 13:22:31,137] {scheduler_job.py:629} INFO - Processing file /Users/harry/.local/share/virtualenvs/rugby_data_project_airflow-d2RAFQI6/lib/python3.8/site-packages/airflow/example_dags/example_xcom.py for tasks to queue
[2021-05-16 13:22:31,138] {logging_mixin.py:104} INFO - [2021-05-16 13:22:31,138] {dagbag.py:451} INFO - Filling up the DagBag from /Users/harry/.local/share/virtualenvs/rugby_data_project_airflow-d2RAFQI6/lib/python3.8/site-packages/airflow/example_dags/example_xcom.py
[2021-05-16 13:22:31,144] {scheduler_job.py:639} INFO - DAG(s) dict_keys(['example_xcom']) retrieved from /Users/harry/.local/share/virtualenvs/rugby_data_project_airflow-d2RAFQI6/lib/python3.8/site-packages/airflow/example_dags/example_xcom.py
[2021-05-16 13:22:31,166] {logging_mixin.py:104} INFO - [2021-05-16 13:22:31,166] {dag.py:1824} INFO - Sync 1 DAGs
[2021-05-16 13:22:31,172] {logging_mixin.py:104} INFO - [2021-05-16 13:22:31,172] {dag.py:2280} INFO - Setting next_dagrun for example_xcom to 2021-05-14 00:00:00+00:00
[2021-05-16 13:22:31,177] {scheduler_job.py:190} INFO - Processing /Users/harry/.local/share/virtualenvs/rugby_data_project_airflow-d2RAFQI6/lib/python3.8/site-packages/airflow/example_dags/example_xcom.py took 0.042 seconds
[2021-05-16 13:23:22,805] {scheduler_job.py:182} INFO - Started process (PID=6141) to work on /Users/harry/.local/share/virtualenvs/rugby_data_project_airflow-d2RAFQI6/lib/python3.8/site-packages/airflow/example_dags/example_xcom.py
[2021-05-16 13:23:22,806] {scheduler_job.py:629} INFO - Processing file /Users/harry/.local/share/virtualenvs/rugby_data_project_airflow-d2RAFQI6/lib/python3.8/site-packages/airflow/example_dags/example_xcom.py for tasks to queue
[2021-05-16 13:23:22,806] {logging_mixin.py:104} INFO - [2021-05-16 13:23:22,806] {dagbag.py:451} INFO - Filling up the DagBag from /Users/harry/.local/share/virtualenvs/rugby_data_project_airflow-d2RAFQI6/lib/python3.8/site-packages/airflow/example_dags/example_xcom.py
[2021-05-16 13:23:22,811] {scheduler_job.py:639} INFO - DAG(s) dict_keys(['example_xcom']) retrieved from /Users/harry/.local/share/virtualenvs/rugby_data_project_airflow-d2RAFQI6/lib/python3.8/site-packages/airflow/example_dags/example_xcom.py
[2021-05-16 13:23:22,835] {logging_mixin.py:104} INFO - [2021-05-16 13:23:22,835] {dag.py:1824} INFO - Sync 1 DAGs
[2021-05-16 13:23:22,841] {logging_mixin.py:104} INFO - [2021-05-16 13:23:22,841] {dag.py:2280} INFO - Setting next_dagrun for example_xcom to 2021-05-14 00:00:00+00:00
[2021-05-16 13:23:22,847] {scheduler_job.py:190} INFO - Processing /Users/harry/.local/share/virtualenvs/rugby_data_project_airflow-d2RAFQI6/lib/python3.8/site-packages/airflow/example_dags/example_xcom.py took 0.043 seconds
[2021-05-16 13:24:14,750] {scheduler_job.py:182} INFO - Started process (PID=6906) to work on /Users/harry/.local/share/virtualenvs/rugby_data_project_airflow-d2RAFQI6/lib/python3.8/site-packages/airflow/example_dags/example_xcom.py
[2021-05-16 13:24:14,751] {scheduler_job.py:629} INFO - Processing file /Users/harry/.local/share/virtualenvs/rugby_data_project_airflow-d2RAFQI6/lib/python3.8/site-packages/airflow/example_dags/example_xcom.py for tasks to queue
[2021-05-16 13:24:14,752] {logging_mixin.py:104} INFO - [2021-05-16 13:24:14,752] {dagbag.py:451} INFO - Filling up the DagBag from /Users/harry/.local/share/virtualenvs/rugby_data_project_airflow-d2RAFQI6/lib/python3.8/site-packages/airflow/example_dags/example_xcom.py
[2021-05-16 13:24:14,758] {scheduler_job.py:639} INFO - DAG(s) dict_keys(['example_xcom']) retrieved from /Users/harry/.local/share/virtualenvs/rugby_data_project_airflow-d2RAFQI6/lib/python3.8/site-packages/airflow/example_dags/example_xcom.py
[2021-05-16 13:24:14,781] {logging_mixin.py:104} INFO - [2021-05-16 13:24:14,781] {dag.py:1824} INFO - Sync 1 DAGs
[2021-05-16 13:24:14,787] {logging_mixin.py:104} INFO - [2021-05-16 13:24:14,787] {dag.py:2280} INFO - Setting next_dagrun for example_xcom to 2021-05-14 00:00:00+00:00
[2021-05-16 13:24:14,793] {scheduler_job.py:190} INFO - Processing /Users/harry/.local/share/virtualenvs/rugby_data_project_airflow-d2RAFQI6/lib/python3.8/site-packages/airflow/example_dags/example_xcom.py took 0.043 seconds
[2021-05-16 20:06:53,237] {scheduler_job.py:182} INFO - Started process (PID=14520) to work on /Users/harry/.local/share/virtualenvs/rugby_data_project_airflow-d2RAFQI6/lib/python3.8/site-packages/airflow/example_dags/example_xcom.py
[2021-05-16 20:06:53,238] {scheduler_job.py:629} INFO - Processing file /Users/harry/.local/share/virtualenvs/rugby_data_project_airflow-d2RAFQI6/lib/python3.8/site-packages/airflow/example_dags/example_xcom.py for tasks to queue
[2021-05-16 20:06:53,239] {logging_mixin.py:104} INFO - [2021-05-16 20:06:53,239] {dagbag.py:451} INFO - Filling up the DagBag from /Users/harry/.local/share/virtualenvs/rugby_data_project_airflow-d2RAFQI6/lib/python3.8/site-packages/airflow/example_dags/example_xcom.py
[2021-05-16 20:06:53,245] {scheduler_job.py:639} INFO - DAG(s) dict_keys(['example_xcom']) retrieved from /Users/harry/.local/share/virtualenvs/rugby_data_project_airflow-d2RAFQI6/lib/python3.8/site-packages/airflow/example_dags/example_xcom.py
[2021-05-16 20:06:53,267] {logging_mixin.py:104} INFO - [2021-05-16 20:06:53,267] {dag.py:1824} INFO - Sync 1 DAGs
[2021-05-16 20:06:53,272] {logging_mixin.py:104} INFO - [2021-05-16 20:06:53,272] {dag.py:2280} INFO - Setting next_dagrun for example_xcom to 2021-05-14 00:00:00+00:00
[2021-05-16 20:06:53,277] {scheduler_job.py:190} INFO - Processing /Users/harry/.local/share/virtualenvs/rugby_data_project_airflow-d2RAFQI6/lib/python3.8/site-packages/airflow/example_dags/example_xcom.py took 0.041 seconds
[2021-05-16 20:07:45,409] {scheduler_job.py:182} INFO - Started process (PID=15039) to work on /Users/harry/.local/share/virtualenvs/rugby_data_project_airflow-d2RAFQI6/lib/python3.8/site-packages/airflow/example_dags/example_xcom.py
[2021-05-16 20:07:45,410] {scheduler_job.py:629} INFO - Processing file /Users/harry/.local/share/virtualenvs/rugby_data_project_airflow-d2RAFQI6/lib/python3.8/site-packages/airflow/example_dags/example_xcom.py for tasks to queue
[2021-05-16 20:07:45,410] {logging_mixin.py:104} INFO - [2021-05-16 20:07:45,410] {dagbag.py:451} INFO - Filling up the DagBag from /Users/harry/.local/share/virtualenvs/rugby_data_project_airflow-d2RAFQI6/lib/python3.8/site-packages/airflow/example_dags/example_xcom.py
[2021-05-16 20:07:45,417] {scheduler_job.py:639} INFO - DAG(s) dict_keys(['example_xcom']) retrieved from /Users/harry/.local/share/virtualenvs/rugby_data_project_airflow-d2RAFQI6/lib/python3.8/site-packages/airflow/example_dags/example_xcom.py
[2021-05-16 20:07:45,445] {logging_mixin.py:104} INFO - [2021-05-16 20:07:45,445] {dag.py:1824} INFO - Sync 1 DAGs
[2021-05-16 20:07:45,451] {logging_mixin.py:104} INFO - [2021-05-16 20:07:45,451] {dag.py:2280} INFO - Setting next_dagrun for example_xcom to 2021-05-14 00:00:00+00:00
[2021-05-16 20:07:45,461] {scheduler_job.py:190} INFO - Processing /Users/harry/.local/share/virtualenvs/rugby_data_project_airflow-d2RAFQI6/lib/python3.8/site-packages/airflow/example_dags/example_xcom.py took 0.052 seconds
[2021-05-16 20:08:37,278] {scheduler_job.py:182} INFO - Started process (PID=15669) to work on /Users/harry/.local/share/virtualenvs/rugby_data_project_airflow-d2RAFQI6/lib/python3.8/site-packages/airflow/example_dags/example_xcom.py
[2021-05-16 20:08:37,279] {scheduler_job.py:629} INFO - Processing file /Users/harry/.local/share/virtualenvs/rugby_data_project_airflow-d2RAFQI6/lib/python3.8/site-packages/airflow/example_dags/example_xcom.py for tasks to queue
[2021-05-16 20:08:37,279] {logging_mixin.py:104} INFO - [2021-05-16 20:08:37,279] {dagbag.py:451} INFO - Filling up the DagBag from /Users/harry/.local/share/virtualenvs/rugby_data_project_airflow-d2RAFQI6/lib/python3.8/site-packages/airflow/example_dags/example_xcom.py
[2021-05-16 20:08:37,286] {scheduler_job.py:639} INFO - DAG(s) dict_keys(['example_xcom']) retrieved from /Users/harry/.local/share/virtualenvs/rugby_data_project_airflow-d2RAFQI6/lib/python3.8/site-packages/airflow/example_dags/example_xcom.py
[2021-05-16 20:08:37,309] {logging_mixin.py:104} INFO - [2021-05-16 20:08:37,308] {dag.py:1824} INFO - Sync 1 DAGs
[2021-05-16 20:08:37,314] {logging_mixin.py:104} INFO - [2021-05-16 20:08:37,313] {dag.py:2280} INFO - Setting next_dagrun for example_xcom to 2021-05-14 00:00:00+00:00
[2021-05-16 20:08:37,319] {scheduler_job.py:190} INFO - Processing /Users/harry/.local/share/virtualenvs/rugby_data_project_airflow-d2RAFQI6/lib/python3.8/site-packages/airflow/example_dags/example_xcom.py took 0.042 seconds
[2021-05-16 20:09:22,451] {scheduler_job.py:182} INFO - Started process (PID=16139) to work on /Users/harry/.local/share/virtualenvs/rugby_data_project_airflow-d2RAFQI6/lib/python3.8/site-packages/airflow/example_dags/example_xcom.py
[2021-05-16 20:09:22,452] {scheduler_job.py:629} INFO - Processing file /Users/harry/.local/share/virtualenvs/rugby_data_project_airflow-d2RAFQI6/lib/python3.8/site-packages/airflow/example_dags/example_xcom.py for tasks to queue
[2021-05-16 20:09:22,452] {logging_mixin.py:104} INFO - [2021-05-16 20:09:22,452] {dagbag.py:451} INFO - Filling up the DagBag from /Users/harry/.local/share/virtualenvs/rugby_data_project_airflow-d2RAFQI6/lib/python3.8/site-packages/airflow/example_dags/example_xcom.py
[2021-05-16 20:09:22,458] {scheduler_job.py:639} INFO - DAG(s) dict_keys(['example_xcom']) retrieved from /Users/harry/.local/share/virtualenvs/rugby_data_project_airflow-d2RAFQI6/lib/python3.8/site-packages/airflow/example_dags/example_xcom.py
[2021-05-16 20:09:22,493] {logging_mixin.py:104} INFO - [2021-05-16 20:09:22,493] {dag.py:1824} INFO - Sync 1 DAGs
[2021-05-16 20:09:22,499] {logging_mixin.py:104} INFO - [2021-05-16 20:09:22,499] {dag.py:2280} INFO - Setting next_dagrun for example_xcom to 2021-05-14 00:00:00+00:00
[2021-05-16 20:09:22,505] {scheduler_job.py:190} INFO - Processing /Users/harry/.local/share/virtualenvs/rugby_data_project_airflow-d2RAFQI6/lib/python3.8/site-packages/airflow/example_dags/example_xcom.py took 0.054 seconds
[2021-05-16 20:10:09,165] {scheduler_job.py:182} INFO - Started process (PID=16734) to work on /Users/harry/.local/share/virtualenvs/rugby_data_project_airflow-d2RAFQI6/lib/python3.8/site-packages/airflow/example_dags/example_xcom.py
[2021-05-16 20:10:09,166] {scheduler_job.py:629} INFO - Processing file /Users/harry/.local/share/virtualenvs/rugby_data_project_airflow-d2RAFQI6/lib/python3.8/site-packages/airflow/example_dags/example_xcom.py for tasks to queue
[2021-05-16 20:10:09,167] {logging_mixin.py:104} INFO - [2021-05-16 20:10:09,167] {dagbag.py:451} INFO - Filling up the DagBag from /Users/harry/.local/share/virtualenvs/rugby_data_project_airflow-d2RAFQI6/lib/python3.8/site-packages/airflow/example_dags/example_xcom.py
[2021-05-16 20:10:09,173] {scheduler_job.py:639} INFO - DAG(s) dict_keys(['example_xcom']) retrieved from /Users/harry/.local/share/virtualenvs/rugby_data_project_airflow-d2RAFQI6/lib/python3.8/site-packages/airflow/example_dags/example_xcom.py
[2021-05-16 20:10:09,194] {logging_mixin.py:104} INFO - [2021-05-16 20:10:09,194] {dag.py:1824} INFO - Sync 1 DAGs
[2021-05-16 20:10:09,199] {logging_mixin.py:104} INFO - [2021-05-16 20:10:09,199] {dag.py:2280} INFO - Setting next_dagrun for example_xcom to 2021-05-14 00:00:00+00:00
[2021-05-16 20:10:09,204] {scheduler_job.py:190} INFO - Processing /Users/harry/.local/share/virtualenvs/rugby_data_project_airflow-d2RAFQI6/lib/python3.8/site-packages/airflow/example_dags/example_xcom.py took 0.040 seconds
[2021-05-16 20:11:04,463] {scheduler_job.py:182} INFO - Started process (PID=17312) to work on /Users/harry/.local/share/virtualenvs/rugby_data_project_airflow-d2RAFQI6/lib/python3.8/site-packages/airflow/example_dags/example_xcom.py
[2021-05-16 20:11:04,464] {scheduler_job.py:629} INFO - Processing file /Users/harry/.local/share/virtualenvs/rugby_data_project_airflow-d2RAFQI6/lib/python3.8/site-packages/airflow/example_dags/example_xcom.py for tasks to queue
[2021-05-16 20:11:04,464] {logging_mixin.py:104} INFO - [2021-05-16 20:11:04,464] {dagbag.py:451} INFO - Filling up the DagBag from /Users/harry/.local/share/virtualenvs/rugby_data_project_airflow-d2RAFQI6/lib/python3.8/site-packages/airflow/example_dags/example_xcom.py
[2021-05-16 20:11:04,469] {scheduler_job.py:639} INFO - DAG(s) dict_keys(['example_xcom']) retrieved from /Users/harry/.local/share/virtualenvs/rugby_data_project_airflow-d2RAFQI6/lib/python3.8/site-packages/airflow/example_dags/example_xcom.py
[2021-05-16 20:11:04,491] {logging_mixin.py:104} INFO - [2021-05-16 20:11:04,490] {dag.py:1824} INFO - Sync 1 DAGs
[2021-05-16 20:11:04,495] {logging_mixin.py:104} INFO - [2021-05-16 20:11:04,495] {dag.py:2280} INFO - Setting next_dagrun for example_xcom to 2021-05-14 00:00:00+00:00
[2021-05-16 20:11:04,501] {scheduler_job.py:190} INFO - Processing /Users/harry/.local/share/virtualenvs/rugby_data_project_airflow-d2RAFQI6/lib/python3.8/site-packages/airflow/example_dags/example_xcom.py took 0.038 seconds
[2021-05-16 20:11:51,656] {scheduler_job.py:182} INFO - Started process (PID=17836) to work on /Users/harry/.local/share/virtualenvs/rugby_data_project_airflow-d2RAFQI6/lib/python3.8/site-packages/airflow/example_dags/example_xcom.py
[2021-05-16 20:11:51,657] {scheduler_job.py:629} INFO - Processing file /Users/harry/.local/share/virtualenvs/rugby_data_project_airflow-d2RAFQI6/lib/python3.8/site-packages/airflow/example_dags/example_xcom.py for tasks to queue
[2021-05-16 20:11:51,658] {logging_mixin.py:104} INFO - [2021-05-16 20:11:51,658] {dagbag.py:451} INFO - Filling up the DagBag from /Users/harry/.local/share/virtualenvs/rugby_data_project_airflow-d2RAFQI6/lib/python3.8/site-packages/airflow/example_dags/example_xcom.py
[2021-05-16 20:11:51,666] {scheduler_job.py:639} INFO - DAG(s) dict_keys(['example_xcom']) retrieved from /Users/harry/.local/share/virtualenvs/rugby_data_project_airflow-d2RAFQI6/lib/python3.8/site-packages/airflow/example_dags/example_xcom.py
[2021-05-16 20:11:51,691] {logging_mixin.py:104} INFO - [2021-05-16 20:11:51,691] {dag.py:1824} INFO - Sync 1 DAGs
[2021-05-16 20:11:51,696] {logging_mixin.py:104} INFO - [2021-05-16 20:11:51,696] {dag.py:2280} INFO - Setting next_dagrun for example_xcom to 2021-05-14 00:00:00+00:00
[2021-05-16 20:11:51,703] {scheduler_job.py:190} INFO - Processing /Users/harry/.local/share/virtualenvs/rugby_data_project_airflow-d2RAFQI6/lib/python3.8/site-packages/airflow/example_dags/example_xcom.py took 0.047 seconds
[2021-05-16 20:12:38,729] {scheduler_job.py:182} INFO - Started process (PID=18459) to work on /Users/harry/.local/share/virtualenvs/rugby_data_project_airflow-d2RAFQI6/lib/python3.8/site-packages/airflow/example_dags/example_xcom.py
[2021-05-16 20:12:38,731] {scheduler_job.py:629} INFO - Processing file /Users/harry/.local/share/virtualenvs/rugby_data_project_airflow-d2RAFQI6/lib/python3.8/site-packages/airflow/example_dags/example_xcom.py for tasks to queue
[2021-05-16 20:12:38,731] {logging_mixin.py:104} INFO - [2021-05-16 20:12:38,731] {dagbag.py:451} INFO - Filling up the DagBag from /Users/harry/.local/share/virtualenvs/rugby_data_project_airflow-d2RAFQI6/lib/python3.8/site-packages/airflow/example_dags/example_xcom.py
[2021-05-16 20:12:38,738] {scheduler_job.py:639} INFO - DAG(s) dict_keys(['example_xcom']) retrieved from /Users/harry/.local/share/virtualenvs/rugby_data_project_airflow-d2RAFQI6/lib/python3.8/site-packages/airflow/example_dags/example_xcom.py
[2021-05-16 20:12:38,761] {logging_mixin.py:104} INFO - [2021-05-16 20:12:38,761] {dag.py:1824} INFO - Sync 1 DAGs
[2021-05-16 20:12:38,766] {logging_mixin.py:104} INFO - [2021-05-16 20:12:38,766] {dag.py:2280} INFO - Setting next_dagrun for example_xcom to 2021-05-14 00:00:00+00:00
[2021-05-16 20:12:38,772] {scheduler_job.py:190} INFO - Processing /Users/harry/.local/share/virtualenvs/rugby_data_project_airflow-d2RAFQI6/lib/python3.8/site-packages/airflow/example_dags/example_xcom.py took 0.043 seconds
[2021-05-16 20:13:29,457] {scheduler_job.py:182} INFO - Started process (PID=19110) to work on /Users/harry/.local/share/virtualenvs/rugby_data_project_airflow-d2RAFQI6/lib/python3.8/site-packages/airflow/example_dags/example_xcom.py
[2021-05-16 20:13:29,458] {scheduler_job.py:629} INFO - Processing file /Users/harry/.local/share/virtualenvs/rugby_data_project_airflow-d2RAFQI6/lib/python3.8/site-packages/airflow/example_dags/example_xcom.py for tasks to queue
[2021-05-16 20:13:29,458] {logging_mixin.py:104} INFO - [2021-05-16 20:13:29,458] {dagbag.py:451} INFO - Filling up the DagBag from /Users/harry/.local/share/virtualenvs/rugby_data_project_airflow-d2RAFQI6/lib/python3.8/site-packages/airflow/example_dags/example_xcom.py
[2021-05-16 20:13:29,464] {scheduler_job.py:639} INFO - DAG(s) dict_keys(['example_xcom']) retrieved from /Users/harry/.local/share/virtualenvs/rugby_data_project_airflow-d2RAFQI6/lib/python3.8/site-packages/airflow/example_dags/example_xcom.py
[2021-05-16 20:13:29,489] {logging_mixin.py:104} INFO - [2021-05-16 20:13:29,489] {dag.py:1824} INFO - Sync 1 DAGs
[2021-05-16 20:13:29,494] {logging_mixin.py:104} INFO - [2021-05-16 20:13:29,494] {dag.py:2280} INFO - Setting next_dagrun for example_xcom to 2021-05-14 00:00:00+00:00
[2021-05-16 20:13:29,499] {scheduler_job.py:190} INFO - Processing /Users/harry/.local/share/virtualenvs/rugby_data_project_airflow-d2RAFQI6/lib/python3.8/site-packages/airflow/example_dags/example_xcom.py took 0.043 seconds
[2021-05-16 20:14:20,975] {scheduler_job.py:182} INFO - Started process (PID=19678) to work on /Users/harry/.local/share/virtualenvs/rugby_data_project_airflow-d2RAFQI6/lib/python3.8/site-packages/airflow/example_dags/example_xcom.py
[2021-05-16 20:14:20,976] {scheduler_job.py:629} INFO - Processing file /Users/harry/.local/share/virtualenvs/rugby_data_project_airflow-d2RAFQI6/lib/python3.8/site-packages/airflow/example_dags/example_xcom.py for tasks to queue
[2021-05-16 20:14:20,977] {logging_mixin.py:104} INFO - [2021-05-16 20:14:20,977] {dagbag.py:451} INFO - Filling up the DagBag from /Users/harry/.local/share/virtualenvs/rugby_data_project_airflow-d2RAFQI6/lib/python3.8/site-packages/airflow/example_dags/example_xcom.py
[2021-05-16 20:14:20,982] {scheduler_job.py:639} INFO - DAG(s) dict_keys(['example_xcom']) retrieved from /Users/harry/.local/share/virtualenvs/rugby_data_project_airflow-d2RAFQI6/lib/python3.8/site-packages/airflow/example_dags/example_xcom.py
[2021-05-16 20:14:21,005] {logging_mixin.py:104} INFO - [2021-05-16 20:14:21,004] {dag.py:1824} INFO - Sync 1 DAGs
[2021-05-16 20:14:21,010] {logging_mixin.py:104} INFO - [2021-05-16 20:14:21,009] {dag.py:2280} INFO - Setting next_dagrun for example_xcom to 2021-05-14 00:00:00+00:00
[2021-05-16 20:14:21,015] {scheduler_job.py:190} INFO - Processing /Users/harry/.local/share/virtualenvs/rugby_data_project_airflow-d2RAFQI6/lib/python3.8/site-packages/airflow/example_dags/example_xcom.py took 0.041 seconds
[2021-05-16 20:15:05,992] {scheduler_job.py:182} INFO - Started process (PID=20216) to work on /Users/harry/.local/share/virtualenvs/rugby_data_project_airflow-d2RAFQI6/lib/python3.8/site-packages/airflow/example_dags/example_xcom.py
[2021-05-16 20:15:05,993] {scheduler_job.py:629} INFO - Processing file /Users/harry/.local/share/virtualenvs/rugby_data_project_airflow-d2RAFQI6/lib/python3.8/site-packages/airflow/example_dags/example_xcom.py for tasks to queue
[2021-05-16 20:15:05,993] {logging_mixin.py:104} INFO - [2021-05-16 20:15:05,993] {dagbag.py:451} INFO - Filling up the DagBag from /Users/harry/.local/share/virtualenvs/rugby_data_project_airflow-d2RAFQI6/lib/python3.8/site-packages/airflow/example_dags/example_xcom.py
[2021-05-16 20:15:05,999] {scheduler_job.py:639} INFO - DAG(s) dict_keys(['example_xcom']) retrieved from /Users/harry/.local/share/virtualenvs/rugby_data_project_airflow-d2RAFQI6/lib/python3.8/site-packages/airflow/example_dags/example_xcom.py
[2021-05-16 20:15:06,021] {logging_mixin.py:104} INFO - [2021-05-16 20:15:06,020] {dag.py:1824} INFO - Sync 1 DAGs
[2021-05-16 20:15:06,026] {logging_mixin.py:104} INFO - [2021-05-16 20:15:06,026] {dag.py:2280} INFO - Setting next_dagrun for example_xcom to 2021-05-14 00:00:00+00:00
[2021-05-16 20:15:06,031] {scheduler_job.py:190} INFO - Processing /Users/harry/.local/share/virtualenvs/rugby_data_project_airflow-d2RAFQI6/lib/python3.8/site-packages/airflow/example_dags/example_xcom.py took 0.040 seconds
[2021-05-16 20:15:56,684] {scheduler_job.py:182} INFO - Started process (PID=21606) to work on /Users/harry/.local/share/virtualenvs/rugby_data_project_airflow-d2RAFQI6/lib/python3.8/site-packages/airflow/example_dags/example_xcom.py
[2021-05-16 20:15:56,685] {scheduler_job.py:629} INFO - Processing file /Users/harry/.local/share/virtualenvs/rugby_data_project_airflow-d2RAFQI6/lib/python3.8/site-packages/airflow/example_dags/example_xcom.py for tasks to queue
[2021-05-16 20:15:56,685] {logging_mixin.py:104} INFO - [2021-05-16 20:15:56,685] {dagbag.py:451} INFO - Filling up the DagBag from /Users/harry/.local/share/virtualenvs/rugby_data_project_airflow-d2RAFQI6/lib/python3.8/site-packages/airflow/example_dags/example_xcom.py
[2021-05-16 20:15:56,691] {scheduler_job.py:639} INFO - DAG(s) dict_keys(['example_xcom']) retrieved from /Users/harry/.local/share/virtualenvs/rugby_data_project_airflow-d2RAFQI6/lib/python3.8/site-packages/airflow/example_dags/example_xcom.py
[2021-05-16 20:15:56,714] {logging_mixin.py:104} INFO - [2021-05-16 20:15:56,714] {dag.py:1824} INFO - Sync 1 DAGs
[2021-05-16 20:15:56,720] {logging_mixin.py:104} INFO - [2021-05-16 20:15:56,720] {dag.py:2280} INFO - Setting next_dagrun for example_xcom to 2021-05-14 00:00:00+00:00
[2021-05-16 20:15:56,728] {scheduler_job.py:190} INFO - Processing /Users/harry/.local/share/virtualenvs/rugby_data_project_airflow-d2RAFQI6/lib/python3.8/site-packages/airflow/example_dags/example_xcom.py took 0.044 seconds
