[2021-05-16 09:04:29,508] {scheduler_job.py:182} INFO - Started process (PID=44387) to work on /Users/harry/.local/share/virtualenvs/rugby_data_project_airflow-d2RAFQI6/lib/python3.8/site-packages/airflow/example_dags/example_bash_operator.py
[2021-05-16 09:04:29,508] {scheduler_job.py:629} INFO - Processing file /Users/harry/.local/share/virtualenvs/rugby_data_project_airflow-d2RAFQI6/lib/python3.8/site-packages/airflow/example_dags/example_bash_operator.py for tasks to queue
[2021-05-16 09:04:29,509] {logging_mixin.py:104} INFO - [2021-05-16 09:04:29,509] {dagbag.py:451} INFO - Filling up the DagBag from /Users/harry/.local/share/virtualenvs/rugby_data_project_airflow-d2RAFQI6/lib/python3.8/site-packages/airflow/example_dags/example_bash_operator.py
[2021-05-16 09:04:29,516] {scheduler_job.py:639} INFO - DAG(s) dict_keys(['example_bash_operator']) retrieved from /Users/harry/.local/share/virtualenvs/rugby_data_project_airflow-d2RAFQI6/lib/python3.8/site-packages/airflow/example_dags/example_bash_operator.py
[2021-05-16 09:04:29,549] {logging_mixin.py:104} INFO - [2021-05-16 09:04:29,549] {dag.py:1824} INFO - Sync 1 DAGs
[2021-05-16 09:04:29,562] {logging_mixin.py:104} INFO - [2021-05-16 09:04:29,562] {dag.py:2280} INFO - Setting next_dagrun for example_bash_operator to 2021-05-14 00:00:00+00:00
[2021-05-16 09:04:29,571] {scheduler_job.py:190} INFO - Processing /Users/harry/.local/share/virtualenvs/rugby_data_project_airflow-d2RAFQI6/lib/python3.8/site-packages/airflow/example_dags/example_bash_operator.py took 0.064 seconds
[2021-05-16 09:12:47,186] {scheduler_job.py:182} INFO - Started process (PID=47933) to work on /Users/harry/.local/share/virtualenvs/rugby_data_project_airflow-d2RAFQI6/lib/python3.8/site-packages/airflow/example_dags/example_bash_operator.py
[2021-05-16 09:12:47,188] {scheduler_job.py:629} INFO - Processing file /Users/harry/.local/share/virtualenvs/rugby_data_project_airflow-d2RAFQI6/lib/python3.8/site-packages/airflow/example_dags/example_bash_operator.py for tasks to queue
[2021-05-16 09:12:47,188] {logging_mixin.py:104} INFO - [2021-05-16 09:12:47,188] {dagbag.py:451} INFO - Filling up the DagBag from /Users/harry/.local/share/virtualenvs/rugby_data_project_airflow-d2RAFQI6/lib/python3.8/site-packages/airflow/example_dags/example_bash_operator.py
[2021-05-16 09:12:47,196] {scheduler_job.py:639} INFO - DAG(s) dict_keys(['example_bash_operator']) retrieved from /Users/harry/.local/share/virtualenvs/rugby_data_project_airflow-d2RAFQI6/lib/python3.8/site-packages/airflow/example_dags/example_bash_operator.py
[2021-05-16 09:12:47,231] {logging_mixin.py:104} INFO - [2021-05-16 09:12:47,231] {dag.py:1824} INFO - Sync 1 DAGs
[2021-05-16 09:12:47,246] {logging_mixin.py:104} INFO - [2021-05-16 09:12:47,246] {dag.py:2280} INFO - Setting next_dagrun for example_bash_operator to 2021-05-14 00:00:00+00:00
[2021-05-16 09:12:47,255] {scheduler_job.py:190} INFO - Processing /Users/harry/.local/share/virtualenvs/rugby_data_project_airflow-d2RAFQI6/lib/python3.8/site-packages/airflow/example_dags/example_bash_operator.py took 0.069 seconds
[2021-05-16 09:22:22,386] {scheduler_job.py:182} INFO - Started process (PID=51602) to work on /Users/harry/.local/share/virtualenvs/rugby_data_project_airflow-d2RAFQI6/lib/python3.8/site-packages/airflow/example_dags/example_bash_operator.py
[2021-05-16 09:22:22,387] {scheduler_job.py:629} INFO - Processing file /Users/harry/.local/share/virtualenvs/rugby_data_project_airflow-d2RAFQI6/lib/python3.8/site-packages/airflow/example_dags/example_bash_operator.py for tasks to queue
[2021-05-16 09:22:22,388] {logging_mixin.py:104} INFO - [2021-05-16 09:22:22,387] {dagbag.py:451} INFO - Filling up the DagBag from /Users/harry/.local/share/virtualenvs/rugby_data_project_airflow-d2RAFQI6/lib/python3.8/site-packages/airflow/example_dags/example_bash_operator.py
[2021-05-16 09:22:22,396] {scheduler_job.py:639} INFO - DAG(s) dict_keys(['example_bash_operator']) retrieved from /Users/harry/.local/share/virtualenvs/rugby_data_project_airflow-d2RAFQI6/lib/python3.8/site-packages/airflow/example_dags/example_bash_operator.py
[2021-05-16 09:22:22,436] {logging_mixin.py:104} INFO - [2021-05-16 09:22:22,435] {dag.py:1824} INFO - Sync 1 DAGs
[2021-05-16 09:22:22,451] {logging_mixin.py:104} INFO - [2021-05-16 09:22:22,451] {dag.py:2280} INFO - Setting next_dagrun for example_bash_operator to 2021-05-14 00:00:00+00:00
[2021-05-16 09:22:22,460] {scheduler_job.py:190} INFO - Processing /Users/harry/.local/share/virtualenvs/rugby_data_project_airflow-d2RAFQI6/lib/python3.8/site-packages/airflow/example_dags/example_bash_operator.py took 0.075 seconds
[2021-05-16 09:32:01,431] {scheduler_job.py:182} INFO - Started process (PID=55198) to work on /Users/harry/.local/share/virtualenvs/rugby_data_project_airflow-d2RAFQI6/lib/python3.8/site-packages/airflow/example_dags/example_bash_operator.py
[2021-05-16 09:32:01,433] {scheduler_job.py:629} INFO - Processing file /Users/harry/.local/share/virtualenvs/rugby_data_project_airflow-d2RAFQI6/lib/python3.8/site-packages/airflow/example_dags/example_bash_operator.py for tasks to queue
[2021-05-16 09:32:01,433] {logging_mixin.py:104} INFO - [2021-05-16 09:32:01,433] {dagbag.py:451} INFO - Filling up the DagBag from /Users/harry/.local/share/virtualenvs/rugby_data_project_airflow-d2RAFQI6/lib/python3.8/site-packages/airflow/example_dags/example_bash_operator.py
[2021-05-16 09:32:01,443] {scheduler_job.py:639} INFO - DAG(s) dict_keys(['example_bash_operator']) retrieved from /Users/harry/.local/share/virtualenvs/rugby_data_project_airflow-d2RAFQI6/lib/python3.8/site-packages/airflow/example_dags/example_bash_operator.py
[2021-05-16 09:32:01,484] {logging_mixin.py:104} INFO - [2021-05-16 09:32:01,484] {dag.py:1824} INFO - Sync 1 DAGs
[2021-05-16 09:32:01,501] {logging_mixin.py:104} INFO - [2021-05-16 09:32:01,501] {dag.py:2280} INFO - Setting next_dagrun for example_bash_operator to 2021-05-14 00:00:00+00:00
[2021-05-16 09:32:01,525] {scheduler_job.py:190} INFO - Processing /Users/harry/.local/share/virtualenvs/rugby_data_project_airflow-d2RAFQI6/lib/python3.8/site-packages/airflow/example_dags/example_bash_operator.py took 0.094 seconds
[2021-05-16 09:41:45,504] {scheduler_job.py:182} INFO - Started process (PID=58729) to work on /Users/harry/.local/share/virtualenvs/rugby_data_project_airflow-d2RAFQI6/lib/python3.8/site-packages/airflow/example_dags/example_bash_operator.py
[2021-05-16 09:41:45,505] {scheduler_job.py:629} INFO - Processing file /Users/harry/.local/share/virtualenvs/rugby_data_project_airflow-d2RAFQI6/lib/python3.8/site-packages/airflow/example_dags/example_bash_operator.py for tasks to queue
[2021-05-16 09:41:45,506] {logging_mixin.py:104} INFO - [2021-05-16 09:41:45,506] {dagbag.py:451} INFO - Filling up the DagBag from /Users/harry/.local/share/virtualenvs/rugby_data_project_airflow-d2RAFQI6/lib/python3.8/site-packages/airflow/example_dags/example_bash_operator.py
[2021-05-16 09:41:45,515] {scheduler_job.py:639} INFO - DAG(s) dict_keys(['example_bash_operator']) retrieved from /Users/harry/.local/share/virtualenvs/rugby_data_project_airflow-d2RAFQI6/lib/python3.8/site-packages/airflow/example_dags/example_bash_operator.py
[2021-05-16 09:41:45,554] {logging_mixin.py:104} INFO - [2021-05-16 09:41:45,553] {dag.py:1824} INFO - Sync 1 DAGs
[2021-05-16 09:41:45,569] {logging_mixin.py:104} INFO - [2021-05-16 09:41:45,569] {dag.py:2280} INFO - Setting next_dagrun for example_bash_operator to 2021-05-14 00:00:00+00:00
[2021-05-16 09:41:45,578] {scheduler_job.py:190} INFO - Processing /Users/harry/.local/share/virtualenvs/rugby_data_project_airflow-d2RAFQI6/lib/python3.8/site-packages/airflow/example_dags/example_bash_operator.py took 0.075 seconds
[2021-05-16 13:21:34,889] {scheduler_job.py:182} INFO - Started process (PID=4706) to work on /Users/harry/.local/share/virtualenvs/rugby_data_project_airflow-d2RAFQI6/lib/python3.8/site-packages/airflow/example_dags/example_bash_operator.py
[2021-05-16 13:21:34,891] {scheduler_job.py:629} INFO - Processing file /Users/harry/.local/share/virtualenvs/rugby_data_project_airflow-d2RAFQI6/lib/python3.8/site-packages/airflow/example_dags/example_bash_operator.py for tasks to queue
[2021-05-16 13:21:34,892] {logging_mixin.py:104} INFO - [2021-05-16 13:21:34,892] {dagbag.py:451} INFO - Filling up the DagBag from /Users/harry/.local/share/virtualenvs/rugby_data_project_airflow-d2RAFQI6/lib/python3.8/site-packages/airflow/example_dags/example_bash_operator.py
[2021-05-16 13:21:34,898] {scheduler_job.py:639} INFO - DAG(s) dict_keys(['example_bash_operator']) retrieved from /Users/harry/.local/share/virtualenvs/rugby_data_project_airflow-d2RAFQI6/lib/python3.8/site-packages/airflow/example_dags/example_bash_operator.py
[2021-05-16 13:21:34,921] {logging_mixin.py:104} INFO - [2021-05-16 13:21:34,921] {dag.py:1824} INFO - Sync 1 DAGs
[2021-05-16 13:21:34,930] {logging_mixin.py:104} INFO - [2021-05-16 13:21:34,930] {dag.py:2280} INFO - Setting next_dagrun for example_bash_operator to 2021-05-14 00:00:00+00:00
[2021-05-16 13:21:34,936] {scheduler_job.py:190} INFO - Processing /Users/harry/.local/share/virtualenvs/rugby_data_project_airflow-d2RAFQI6/lib/python3.8/site-packages/airflow/example_dags/example_bash_operator.py took 0.047 seconds
[2021-05-16 13:22:36,208] {scheduler_job.py:182} INFO - Started process (PID=5497) to work on /Users/harry/.local/share/virtualenvs/rugby_data_project_airflow-d2RAFQI6/lib/python3.8/site-packages/airflow/example_dags/example_bash_operator.py
[2021-05-16 13:22:36,209] {scheduler_job.py:629} INFO - Processing file /Users/harry/.local/share/virtualenvs/rugby_data_project_airflow-d2RAFQI6/lib/python3.8/site-packages/airflow/example_dags/example_bash_operator.py for tasks to queue
[2021-05-16 13:22:36,209] {logging_mixin.py:104} INFO - [2021-05-16 13:22:36,209] {dagbag.py:451} INFO - Filling up the DagBag from /Users/harry/.local/share/virtualenvs/rugby_data_project_airflow-d2RAFQI6/lib/python3.8/site-packages/airflow/example_dags/example_bash_operator.py
[2021-05-16 13:22:36,216] {scheduler_job.py:639} INFO - DAG(s) dict_keys(['example_bash_operator']) retrieved from /Users/harry/.local/share/virtualenvs/rugby_data_project_airflow-d2RAFQI6/lib/python3.8/site-packages/airflow/example_dags/example_bash_operator.py
[2021-05-16 13:22:36,239] {logging_mixin.py:104} INFO - [2021-05-16 13:22:36,239] {dag.py:1824} INFO - Sync 1 DAGs
[2021-05-16 13:22:36,249] {logging_mixin.py:104} INFO - [2021-05-16 13:22:36,249] {dag.py:2280} INFO - Setting next_dagrun for example_bash_operator to 2021-05-14 00:00:00+00:00
[2021-05-16 13:22:36,254] {scheduler_job.py:190} INFO - Processing /Users/harry/.local/share/virtualenvs/rugby_data_project_airflow-d2RAFQI6/lib/python3.8/site-packages/airflow/example_dags/example_bash_operator.py took 0.047 seconds
[2021-05-16 13:23:27,310] {scheduler_job.py:182} INFO - Started process (PID=6218) to work on /Users/harry/.local/share/virtualenvs/rugby_data_project_airflow-d2RAFQI6/lib/python3.8/site-packages/airflow/example_dags/example_bash_operator.py
[2021-05-16 13:23:27,311] {scheduler_job.py:629} INFO - Processing file /Users/harry/.local/share/virtualenvs/rugby_data_project_airflow-d2RAFQI6/lib/python3.8/site-packages/airflow/example_dags/example_bash_operator.py for tasks to queue
[2021-05-16 13:23:27,312] {logging_mixin.py:104} INFO - [2021-05-16 13:23:27,312] {dagbag.py:451} INFO - Filling up the DagBag from /Users/harry/.local/share/virtualenvs/rugby_data_project_airflow-d2RAFQI6/lib/python3.8/site-packages/airflow/example_dags/example_bash_operator.py
[2021-05-16 13:23:27,320] {scheduler_job.py:639} INFO - DAG(s) dict_keys(['example_bash_operator']) retrieved from /Users/harry/.local/share/virtualenvs/rugby_data_project_airflow-d2RAFQI6/lib/python3.8/site-packages/airflow/example_dags/example_bash_operator.py
[2021-05-16 13:23:27,344] {logging_mixin.py:104} INFO - [2021-05-16 13:23:27,344] {dag.py:1824} INFO - Sync 1 DAGs
[2021-05-16 13:23:27,354] {logging_mixin.py:104} INFO - [2021-05-16 13:23:27,354] {dag.py:2280} INFO - Setting next_dagrun for example_bash_operator to 2021-05-14 00:00:00+00:00
[2021-05-16 13:23:27,360] {scheduler_job.py:190} INFO - Processing /Users/harry/.local/share/virtualenvs/rugby_data_project_airflow-d2RAFQI6/lib/python3.8/site-packages/airflow/example_dags/example_bash_operator.py took 0.050 seconds
[2021-05-16 13:24:20,643] {scheduler_job.py:182} INFO - Started process (PID=6926) to work on /Users/harry/.local/share/virtualenvs/rugby_data_project_airflow-d2RAFQI6/lib/python3.8/site-packages/airflow/example_dags/example_bash_operator.py
[2021-05-16 13:24:20,644] {scheduler_job.py:629} INFO - Processing file /Users/harry/.local/share/virtualenvs/rugby_data_project_airflow-d2RAFQI6/lib/python3.8/site-packages/airflow/example_dags/example_bash_operator.py for tasks to queue
[2021-05-16 13:24:20,644] {logging_mixin.py:104} INFO - [2021-05-16 13:24:20,644] {dagbag.py:451} INFO - Filling up the DagBag from /Users/harry/.local/share/virtualenvs/rugby_data_project_airflow-d2RAFQI6/lib/python3.8/site-packages/airflow/example_dags/example_bash_operator.py
[2021-05-16 13:24:20,652] {scheduler_job.py:639} INFO - DAG(s) dict_keys(['example_bash_operator']) retrieved from /Users/harry/.local/share/virtualenvs/rugby_data_project_airflow-d2RAFQI6/lib/python3.8/site-packages/airflow/example_dags/example_bash_operator.py
[2021-05-16 13:24:20,681] {logging_mixin.py:104} INFO - [2021-05-16 13:24:20,681] {dag.py:1824} INFO - Sync 1 DAGs
[2021-05-16 13:24:20,691] {logging_mixin.py:104} INFO - [2021-05-16 13:24:20,690] {dag.py:2280} INFO - Setting next_dagrun for example_bash_operator to 2021-05-14 00:00:00+00:00
[2021-05-16 13:24:20,699] {scheduler_job.py:190} INFO - Processing /Users/harry/.local/share/virtualenvs/rugby_data_project_airflow-d2RAFQI6/lib/python3.8/site-packages/airflow/example_dags/example_bash_operator.py took 0.056 seconds
[2021-05-16 20:06:37,392] {scheduler_job.py:182} INFO - Started process (PID=14364) to work on /Users/harry/.local/share/virtualenvs/rugby_data_project_airflow-d2RAFQI6/lib/python3.8/site-packages/airflow/example_dags/example_bash_operator.py
[2021-05-16 20:06:37,393] {scheduler_job.py:629} INFO - Processing file /Users/harry/.local/share/virtualenvs/rugby_data_project_airflow-d2RAFQI6/lib/python3.8/site-packages/airflow/example_dags/example_bash_operator.py for tasks to queue
[2021-05-16 20:06:37,394] {logging_mixin.py:104} INFO - [2021-05-16 20:06:37,394] {dagbag.py:451} INFO - Filling up the DagBag from /Users/harry/.local/share/virtualenvs/rugby_data_project_airflow-d2RAFQI6/lib/python3.8/site-packages/airflow/example_dags/example_bash_operator.py
[2021-05-16 20:06:37,401] {scheduler_job.py:639} INFO - DAG(s) dict_keys(['example_bash_operator']) retrieved from /Users/harry/.local/share/virtualenvs/rugby_data_project_airflow-d2RAFQI6/lib/python3.8/site-packages/airflow/example_dags/example_bash_operator.py
[2021-05-16 20:06:37,425] {logging_mixin.py:104} INFO - [2021-05-16 20:06:37,424] {dag.py:1824} INFO - Sync 1 DAGs
[2021-05-16 20:06:37,435] {logging_mixin.py:104} INFO - [2021-05-16 20:06:37,435] {dag.py:2280} INFO - Setting next_dagrun for example_bash_operator to 2021-05-14 00:00:00+00:00
[2021-05-16 20:06:37,441] {scheduler_job.py:190} INFO - Processing /Users/harry/.local/share/virtualenvs/rugby_data_project_airflow-d2RAFQI6/lib/python3.8/site-packages/airflow/example_dags/example_bash_operator.py took 0.049 seconds
[2021-05-16 20:07:31,592] {scheduler_job.py:182} INFO - Started process (PID=14910) to work on /Users/harry/.local/share/virtualenvs/rugby_data_project_airflow-d2RAFQI6/lib/python3.8/site-packages/airflow/example_dags/example_bash_operator.py
[2021-05-16 20:07:31,593] {scheduler_job.py:629} INFO - Processing file /Users/harry/.local/share/virtualenvs/rugby_data_project_airflow-d2RAFQI6/lib/python3.8/site-packages/airflow/example_dags/example_bash_operator.py for tasks to queue
[2021-05-16 20:07:31,594] {logging_mixin.py:104} INFO - [2021-05-16 20:07:31,594] {dagbag.py:451} INFO - Filling up the DagBag from /Users/harry/.local/share/virtualenvs/rugby_data_project_airflow-d2RAFQI6/lib/python3.8/site-packages/airflow/example_dags/example_bash_operator.py
[2021-05-16 20:07:31,602] {scheduler_job.py:639} INFO - DAG(s) dict_keys(['example_bash_operator']) retrieved from /Users/harry/.local/share/virtualenvs/rugby_data_project_airflow-d2RAFQI6/lib/python3.8/site-packages/airflow/example_dags/example_bash_operator.py
[2021-05-16 20:07:31,637] {logging_mixin.py:104} INFO - [2021-05-16 20:07:31,637] {dag.py:1824} INFO - Sync 1 DAGs
[2021-05-16 20:07:31,650] {logging_mixin.py:104} INFO - [2021-05-16 20:07:31,650] {dag.py:2280} INFO - Setting next_dagrun for example_bash_operator to 2021-05-14 00:00:00+00:00
[2021-05-16 20:07:31,657] {scheduler_job.py:190} INFO - Processing /Users/harry/.local/share/virtualenvs/rugby_data_project_airflow-d2RAFQI6/lib/python3.8/site-packages/airflow/example_dags/example_bash_operator.py took 0.066 seconds
[2021-05-16 20:08:23,027] {scheduler_job.py:182} INFO - Started process (PID=15518) to work on /Users/harry/.local/share/virtualenvs/rugby_data_project_airflow-d2RAFQI6/lib/python3.8/site-packages/airflow/example_dags/example_bash_operator.py
[2021-05-16 20:08:23,029] {scheduler_job.py:629} INFO - Processing file /Users/harry/.local/share/virtualenvs/rugby_data_project_airflow-d2RAFQI6/lib/python3.8/site-packages/airflow/example_dags/example_bash_operator.py for tasks to queue
[2021-05-16 20:08:23,029] {logging_mixin.py:104} INFO - [2021-05-16 20:08:23,029] {dagbag.py:451} INFO - Filling up the DagBag from /Users/harry/.local/share/virtualenvs/rugby_data_project_airflow-d2RAFQI6/lib/python3.8/site-packages/airflow/example_dags/example_bash_operator.py
[2021-05-16 20:08:23,037] {scheduler_job.py:639} INFO - DAG(s) dict_keys(['example_bash_operator']) retrieved from /Users/harry/.local/share/virtualenvs/rugby_data_project_airflow-d2RAFQI6/lib/python3.8/site-packages/airflow/example_dags/example_bash_operator.py
[2021-05-16 20:08:23,061] {logging_mixin.py:104} INFO - [2021-05-16 20:08:23,061] {dag.py:1824} INFO - Sync 1 DAGs
[2021-05-16 20:08:23,064] {logging_mixin.py:104} INFO - [2021-05-16 20:08:23,064] {dag.py:1843} INFO - Creating ORM DAG for example_bash_operator
[2021-05-16 20:08:23,071] {logging_mixin.py:104} INFO - [2021-05-16 20:08:23,070] {dag.py:2280} INFO - Setting next_dagrun for example_bash_operator to 2021-05-14 00:00:00+00:00
[2021-05-16 20:08:23,078] {scheduler_job.py:190} INFO - Processing /Users/harry/.local/share/virtualenvs/rugby_data_project_airflow-d2RAFQI6/lib/python3.8/site-packages/airflow/example_dags/example_bash_operator.py took 0.051 seconds
[2021-05-16 20:09:11,541] {scheduler_job.py:182} INFO - Started process (PID=16023) to work on /Users/harry/.local/share/virtualenvs/rugby_data_project_airflow-d2RAFQI6/lib/python3.8/site-packages/airflow/example_dags/example_bash_operator.py
[2021-05-16 20:09:11,542] {scheduler_job.py:629} INFO - Processing file /Users/harry/.local/share/virtualenvs/rugby_data_project_airflow-d2RAFQI6/lib/python3.8/site-packages/airflow/example_dags/example_bash_operator.py for tasks to queue
[2021-05-16 20:09:11,542] {logging_mixin.py:104} INFO - [2021-05-16 20:09:11,542] {dagbag.py:451} INFO - Filling up the DagBag from /Users/harry/.local/share/virtualenvs/rugby_data_project_airflow-d2RAFQI6/lib/python3.8/site-packages/airflow/example_dags/example_bash_operator.py
[2021-05-16 20:09:11,547] {scheduler_job.py:639} INFO - DAG(s) dict_keys(['example_bash_operator']) retrieved from /Users/harry/.local/share/virtualenvs/rugby_data_project_airflow-d2RAFQI6/lib/python3.8/site-packages/airflow/example_dags/example_bash_operator.py
[2021-05-16 20:09:11,569] {logging_mixin.py:104} INFO - [2021-05-16 20:09:11,569] {dag.py:1824} INFO - Sync 1 DAGs
[2021-05-16 20:09:11,580] {logging_mixin.py:104} INFO - [2021-05-16 20:09:11,580] {dag.py:2280} INFO - Setting next_dagrun for example_bash_operator to 2021-05-14 00:00:00+00:00
[2021-05-16 20:09:11,586] {scheduler_job.py:190} INFO - Processing /Users/harry/.local/share/virtualenvs/rugby_data_project_airflow-d2RAFQI6/lib/python3.8/site-packages/airflow/example_dags/example_bash_operator.py took 0.045 seconds
[2021-05-16 20:09:56,802] {scheduler_job.py:182} INFO - Started process (PID=16602) to work on /Users/harry/.local/share/virtualenvs/rugby_data_project_airflow-d2RAFQI6/lib/python3.8/site-packages/airflow/example_dags/example_bash_operator.py
[2021-05-16 20:09:56,803] {scheduler_job.py:629} INFO - Processing file /Users/harry/.local/share/virtualenvs/rugby_data_project_airflow-d2RAFQI6/lib/python3.8/site-packages/airflow/example_dags/example_bash_operator.py for tasks to queue
[2021-05-16 20:09:56,803] {logging_mixin.py:104} INFO - [2021-05-16 20:09:56,803] {dagbag.py:451} INFO - Filling up the DagBag from /Users/harry/.local/share/virtualenvs/rugby_data_project_airflow-d2RAFQI6/lib/python3.8/site-packages/airflow/example_dags/example_bash_operator.py
[2021-05-16 20:09:56,809] {scheduler_job.py:639} INFO - DAG(s) dict_keys(['example_bash_operator']) retrieved from /Users/harry/.local/share/virtualenvs/rugby_data_project_airflow-d2RAFQI6/lib/python3.8/site-packages/airflow/example_dags/example_bash_operator.py
[2021-05-16 20:09:56,832] {logging_mixin.py:104} INFO - [2021-05-16 20:09:56,832] {dag.py:1824} INFO - Sync 1 DAGs
[2021-05-16 20:09:56,844] {logging_mixin.py:104} INFO - [2021-05-16 20:09:56,844] {dag.py:2280} INFO - Setting next_dagrun for example_bash_operator to 2021-05-14 00:00:00+00:00
[2021-05-16 20:09:56,851] {scheduler_job.py:190} INFO - Processing /Users/harry/.local/share/virtualenvs/rugby_data_project_airflow-d2RAFQI6/lib/python3.8/site-packages/airflow/example_dags/example_bash_operator.py took 0.049 seconds
[2021-05-16 20:10:48,620] {scheduler_job.py:182} INFO - Started process (PID=17158) to work on /Users/harry/.local/share/virtualenvs/rugby_data_project_airflow-d2RAFQI6/lib/python3.8/site-packages/airflow/example_dags/example_bash_operator.py
[2021-05-16 20:10:48,622] {scheduler_job.py:629} INFO - Processing file /Users/harry/.local/share/virtualenvs/rugby_data_project_airflow-d2RAFQI6/lib/python3.8/site-packages/airflow/example_dags/example_bash_operator.py for tasks to queue
[2021-05-16 20:10:48,622] {logging_mixin.py:104} INFO - [2021-05-16 20:10:48,622] {dagbag.py:451} INFO - Filling up the DagBag from /Users/harry/.local/share/virtualenvs/rugby_data_project_airflow-d2RAFQI6/lib/python3.8/site-packages/airflow/example_dags/example_bash_operator.py
[2021-05-16 20:10:48,629] {scheduler_job.py:639} INFO - DAG(s) dict_keys(['example_bash_operator']) retrieved from /Users/harry/.local/share/virtualenvs/rugby_data_project_airflow-d2RAFQI6/lib/python3.8/site-packages/airflow/example_dags/example_bash_operator.py
[2021-05-16 20:10:48,651] {logging_mixin.py:104} INFO - [2021-05-16 20:10:48,651] {dag.py:1824} INFO - Sync 1 DAGs
[2021-05-16 20:10:48,660] {logging_mixin.py:104} INFO - [2021-05-16 20:10:48,660] {dag.py:2280} INFO - Setting next_dagrun for example_bash_operator to 2021-05-14 00:00:00+00:00
[2021-05-16 20:10:48,666] {scheduler_job.py:190} INFO - Processing /Users/harry/.local/share/virtualenvs/rugby_data_project_airflow-d2RAFQI6/lib/python3.8/site-packages/airflow/example_dags/example_bash_operator.py took 0.046 seconds
[2021-05-16 20:11:39,166] {scheduler_job.py:182} INFO - Started process (PID=17679) to work on /Users/harry/.local/share/virtualenvs/rugby_data_project_airflow-d2RAFQI6/lib/python3.8/site-packages/airflow/example_dags/example_bash_operator.py
[2021-05-16 20:11:39,167] {scheduler_job.py:629} INFO - Processing file /Users/harry/.local/share/virtualenvs/rugby_data_project_airflow-d2RAFQI6/lib/python3.8/site-packages/airflow/example_dags/example_bash_operator.py for tasks to queue
[2021-05-16 20:11:39,168] {logging_mixin.py:104} INFO - [2021-05-16 20:11:39,168] {dagbag.py:451} INFO - Filling up the DagBag from /Users/harry/.local/share/virtualenvs/rugby_data_project_airflow-d2RAFQI6/lib/python3.8/site-packages/airflow/example_dags/example_bash_operator.py
[2021-05-16 20:11:39,175] {scheduler_job.py:639} INFO - DAG(s) dict_keys(['example_bash_operator']) retrieved from /Users/harry/.local/share/virtualenvs/rugby_data_project_airflow-d2RAFQI6/lib/python3.8/site-packages/airflow/example_dags/example_bash_operator.py
[2021-05-16 20:11:39,201] {logging_mixin.py:104} INFO - [2021-05-16 20:11:39,201] {dag.py:1824} INFO - Sync 1 DAGs
[2021-05-16 20:11:39,211] {logging_mixin.py:104} INFO - [2021-05-16 20:11:39,210] {dag.py:2280} INFO - Setting next_dagrun for example_bash_operator to 2021-05-14 00:00:00+00:00
[2021-05-16 20:11:39,217] {scheduler_job.py:190} INFO - Processing /Users/harry/.local/share/virtualenvs/rugby_data_project_airflow-d2RAFQI6/lib/python3.8/site-packages/airflow/example_dags/example_bash_operator.py took 0.051 seconds
[2021-05-16 20:12:26,732] {scheduler_job.py:182} INFO - Started process (PID=18290) to work on /Users/harry/.local/share/virtualenvs/rugby_data_project_airflow-d2RAFQI6/lib/python3.8/site-packages/airflow/example_dags/example_bash_operator.py
[2021-05-16 20:12:26,733] {scheduler_job.py:629} INFO - Processing file /Users/harry/.local/share/virtualenvs/rugby_data_project_airflow-d2RAFQI6/lib/python3.8/site-packages/airflow/example_dags/example_bash_operator.py for tasks to queue
[2021-05-16 20:12:26,733] {logging_mixin.py:104} INFO - [2021-05-16 20:12:26,733] {dagbag.py:451} INFO - Filling up the DagBag from /Users/harry/.local/share/virtualenvs/rugby_data_project_airflow-d2RAFQI6/lib/python3.8/site-packages/airflow/example_dags/example_bash_operator.py
[2021-05-16 20:12:26,740] {scheduler_job.py:639} INFO - DAG(s) dict_keys(['example_bash_operator']) retrieved from /Users/harry/.local/share/virtualenvs/rugby_data_project_airflow-d2RAFQI6/lib/python3.8/site-packages/airflow/example_dags/example_bash_operator.py
[2021-05-16 20:12:26,763] {logging_mixin.py:104} INFO - [2021-05-16 20:12:26,762] {dag.py:1824} INFO - Sync 1 DAGs
[2021-05-16 20:12:26,772] {logging_mixin.py:104} INFO - [2021-05-16 20:12:26,772] {dag.py:2280} INFO - Setting next_dagrun for example_bash_operator to 2021-05-14 00:00:00+00:00
[2021-05-16 20:12:26,778] {scheduler_job.py:190} INFO - Processing /Users/harry/.local/share/virtualenvs/rugby_data_project_airflow-d2RAFQI6/lib/python3.8/site-packages/airflow/example_dags/example_bash_operator.py took 0.046 seconds
[2021-05-16 20:13:15,411] {scheduler_job.py:182} INFO - Started process (PID=18911) to work on /Users/harry/.local/share/virtualenvs/rugby_data_project_airflow-d2RAFQI6/lib/python3.8/site-packages/airflow/example_dags/example_bash_operator.py
[2021-05-16 20:13:15,412] {scheduler_job.py:629} INFO - Processing file /Users/harry/.local/share/virtualenvs/rugby_data_project_airflow-d2RAFQI6/lib/python3.8/site-packages/airflow/example_dags/example_bash_operator.py for tasks to queue
[2021-05-16 20:13:15,413] {logging_mixin.py:104} INFO - [2021-05-16 20:13:15,412] {dagbag.py:451} INFO - Filling up the DagBag from /Users/harry/.local/share/virtualenvs/rugby_data_project_airflow-d2RAFQI6/lib/python3.8/site-packages/airflow/example_dags/example_bash_operator.py
[2021-05-16 20:13:15,420] {scheduler_job.py:639} INFO - DAG(s) dict_keys(['example_bash_operator']) retrieved from /Users/harry/.local/share/virtualenvs/rugby_data_project_airflow-d2RAFQI6/lib/python3.8/site-packages/airflow/example_dags/example_bash_operator.py
[2021-05-16 20:13:15,444] {logging_mixin.py:104} INFO - [2021-05-16 20:13:15,444] {dag.py:1824} INFO - Sync 1 DAGs
[2021-05-16 20:13:15,453] {logging_mixin.py:104} INFO - [2021-05-16 20:13:15,453] {dag.py:2280} INFO - Setting next_dagrun for example_bash_operator to 2021-05-14 00:00:00+00:00
[2021-05-16 20:13:15,458] {scheduler_job.py:190} INFO - Processing /Users/harry/.local/share/virtualenvs/rugby_data_project_airflow-d2RAFQI6/lib/python3.8/site-packages/airflow/example_dags/example_bash_operator.py took 0.048 seconds
[2021-05-16 20:14:08,191] {scheduler_job.py:182} INFO - Started process (PID=19570) to work on /Users/harry/.local/share/virtualenvs/rugby_data_project_airflow-d2RAFQI6/lib/python3.8/site-packages/airflow/example_dags/example_bash_operator.py
[2021-05-16 20:14:08,192] {scheduler_job.py:629} INFO - Processing file /Users/harry/.local/share/virtualenvs/rugby_data_project_airflow-d2RAFQI6/lib/python3.8/site-packages/airflow/example_dags/example_bash_operator.py for tasks to queue
[2021-05-16 20:14:08,192] {logging_mixin.py:104} INFO - [2021-05-16 20:14:08,192] {dagbag.py:451} INFO - Filling up the DagBag from /Users/harry/.local/share/virtualenvs/rugby_data_project_airflow-d2RAFQI6/lib/python3.8/site-packages/airflow/example_dags/example_bash_operator.py
[2021-05-16 20:14:08,200] {scheduler_job.py:639} INFO - DAG(s) dict_keys(['example_bash_operator']) retrieved from /Users/harry/.local/share/virtualenvs/rugby_data_project_airflow-d2RAFQI6/lib/python3.8/site-packages/airflow/example_dags/example_bash_operator.py
[2021-05-16 20:14:08,224] {logging_mixin.py:104} INFO - [2021-05-16 20:14:08,224] {dag.py:1824} INFO - Sync 1 DAGs
[2021-05-16 20:14:08,233] {logging_mixin.py:104} INFO - [2021-05-16 20:14:08,233] {dag.py:2280} INFO - Setting next_dagrun for example_bash_operator to 2021-05-14 00:00:00+00:00
[2021-05-16 20:14:08,239] {scheduler_job.py:190} INFO - Processing /Users/harry/.local/share/virtualenvs/rugby_data_project_airflow-d2RAFQI6/lib/python3.8/site-packages/airflow/example_dags/example_bash_operator.py took 0.049 seconds
[2021-05-16 20:14:53,684] {scheduler_job.py:182} INFO - Started process (PID=20096) to work on /Users/harry/.local/share/virtualenvs/rugby_data_project_airflow-d2RAFQI6/lib/python3.8/site-packages/airflow/example_dags/example_bash_operator.py
[2021-05-16 20:14:53,686] {scheduler_job.py:629} INFO - Processing file /Users/harry/.local/share/virtualenvs/rugby_data_project_airflow-d2RAFQI6/lib/python3.8/site-packages/airflow/example_dags/example_bash_operator.py for tasks to queue
[2021-05-16 20:14:53,686] {logging_mixin.py:104} INFO - [2021-05-16 20:14:53,686] {dagbag.py:451} INFO - Filling up the DagBag from /Users/harry/.local/share/virtualenvs/rugby_data_project_airflow-d2RAFQI6/lib/python3.8/site-packages/airflow/example_dags/example_bash_operator.py
[2021-05-16 20:14:53,693] {scheduler_job.py:639} INFO - DAG(s) dict_keys(['example_bash_operator']) retrieved from /Users/harry/.local/share/virtualenvs/rugby_data_project_airflow-d2RAFQI6/lib/python3.8/site-packages/airflow/example_dags/example_bash_operator.py
[2021-05-16 20:14:53,717] {logging_mixin.py:104} INFO - [2021-05-16 20:14:53,717] {dag.py:1824} INFO - Sync 1 DAGs
[2021-05-16 20:14:53,727] {logging_mixin.py:104} INFO - [2021-05-16 20:14:53,727] {dag.py:2280} INFO - Setting next_dagrun for example_bash_operator to 2021-05-14 00:00:00+00:00
[2021-05-16 20:14:53,733] {scheduler_job.py:190} INFO - Processing /Users/harry/.local/share/virtualenvs/rugby_data_project_airflow-d2RAFQI6/lib/python3.8/site-packages/airflow/example_dags/example_bash_operator.py took 0.049 seconds
[2021-05-16 20:15:42,858] {scheduler_job.py:182} INFO - Started process (PID=21451) to work on /Users/harry/.local/share/virtualenvs/rugby_data_project_airflow-d2RAFQI6/lib/python3.8/site-packages/airflow/example_dags/example_bash_operator.py
[2021-05-16 20:15:42,859] {scheduler_job.py:629} INFO - Processing file /Users/harry/.local/share/virtualenvs/rugby_data_project_airflow-d2RAFQI6/lib/python3.8/site-packages/airflow/example_dags/example_bash_operator.py for tasks to queue
[2021-05-16 20:15:42,860] {logging_mixin.py:104} INFO - [2021-05-16 20:15:42,859] {dagbag.py:451} INFO - Filling up the DagBag from /Users/harry/.local/share/virtualenvs/rugby_data_project_airflow-d2RAFQI6/lib/python3.8/site-packages/airflow/example_dags/example_bash_operator.py
[2021-05-16 20:15:42,867] {scheduler_job.py:639} INFO - DAG(s) dict_keys(['example_bash_operator']) retrieved from /Users/harry/.local/share/virtualenvs/rugby_data_project_airflow-d2RAFQI6/lib/python3.8/site-packages/airflow/example_dags/example_bash_operator.py
[2021-05-16 20:15:42,891] {logging_mixin.py:104} INFO - [2021-05-16 20:15:42,891] {dag.py:1824} INFO - Sync 1 DAGs
[2021-05-16 20:15:42,900] {logging_mixin.py:104} INFO - [2021-05-16 20:15:42,900] {dag.py:2280} INFO - Setting next_dagrun for example_bash_operator to 2021-05-14 00:00:00+00:00
[2021-05-16 20:15:42,906] {scheduler_job.py:190} INFO - Processing /Users/harry/.local/share/virtualenvs/rugby_data_project_airflow-d2RAFQI6/lib/python3.8/site-packages/airflow/example_dags/example_bash_operator.py took 0.048 seconds
