[2021-05-16 09:03:09,209] {scheduler_job.py:182} INFO - Started process (PID=43840) to work on /Users/harry/.local/share/virtualenvs/rugby_data_project_airflow-d2RAFQI6/lib/python3.8/site-packages/airflow/example_dags/example_dag_decorator.py
[2021-05-16 09:03:09,209] {scheduler_job.py:629} INFO - Processing file /Users/harry/.local/share/virtualenvs/rugby_data_project_airflow-d2RAFQI6/lib/python3.8/site-packages/airflow/example_dags/example_dag_decorator.py for tasks to queue
[2021-05-16 09:03:09,209] {logging_mixin.py:104} INFO - [2021-05-16 09:03:09,209] {dagbag.py:451} INFO - Filling up the DagBag from /Users/harry/.local/share/virtualenvs/rugby_data_project_airflow-d2RAFQI6/lib/python3.8/site-packages/airflow/example_dags/example_dag_decorator.py
[2021-05-16 09:03:09,218] {scheduler_job.py:639} INFO - DAG(s) dict_keys(['example_dag_decorator']) retrieved from /Users/harry/.local/share/virtualenvs/rugby_data_project_airflow-d2RAFQI6/lib/python3.8/site-packages/airflow/example_dags/example_dag_decorator.py
[2021-05-16 09:03:09,248] {logging_mixin.py:104} INFO - [2021-05-16 09:03:09,247] {dag.py:1824} INFO - Sync 1 DAGs
[2021-05-16 09:03:09,255] {logging_mixin.py:104} INFO - [2021-05-16 09:03:09,255] {dag.py:2280} INFO - Setting next_dagrun for example_dag_decorator to None
[2021-05-16 09:03:09,263] {scheduler_job.py:190} INFO - Processing /Users/harry/.local/share/virtualenvs/rugby_data_project_airflow-d2RAFQI6/lib/python3.8/site-packages/airflow/example_dags/example_dag_decorator.py took 0.055 seconds
[2021-05-16 09:07:29,582] {scheduler_job.py:182} INFO - Started process (PID=45635) to work on /Users/harry/.local/share/virtualenvs/rugby_data_project_airflow-d2RAFQI6/lib/python3.8/site-packages/airflow/example_dags/example_dag_decorator.py
[2021-05-16 09:07:29,583] {scheduler_job.py:629} INFO - Processing file /Users/harry/.local/share/virtualenvs/rugby_data_project_airflow-d2RAFQI6/lib/python3.8/site-packages/airflow/example_dags/example_dag_decorator.py for tasks to queue
[2021-05-16 09:07:29,584] {logging_mixin.py:104} INFO - [2021-05-16 09:07:29,584] {dagbag.py:451} INFO - Filling up the DagBag from /Users/harry/.local/share/virtualenvs/rugby_data_project_airflow-d2RAFQI6/lib/python3.8/site-packages/airflow/example_dags/example_dag_decorator.py
[2021-05-16 09:07:29,593] {scheduler_job.py:639} INFO - DAG(s) dict_keys(['example_dag_decorator']) retrieved from /Users/harry/.local/share/virtualenvs/rugby_data_project_airflow-d2RAFQI6/lib/python3.8/site-packages/airflow/example_dags/example_dag_decorator.py
[2021-05-16 09:07:29,627] {logging_mixin.py:104} INFO - [2021-05-16 09:07:29,627] {dag.py:1824} INFO - Sync 1 DAGs
[2021-05-16 09:07:29,634] {logging_mixin.py:104} INFO - [2021-05-16 09:07:29,634] {dag.py:2280} INFO - Setting next_dagrun for example_dag_decorator to None
[2021-05-16 09:07:29,643] {scheduler_job.py:190} INFO - Processing /Users/harry/.local/share/virtualenvs/rugby_data_project_airflow-d2RAFQI6/lib/python3.8/site-packages/airflow/example_dags/example_dag_decorator.py took 0.062 seconds
[2021-05-16 09:11:34,782] {scheduler_job.py:182} INFO - Started process (PID=47423) to work on /Users/harry/.local/share/virtualenvs/rugby_data_project_airflow-d2RAFQI6/lib/python3.8/site-packages/airflow/example_dags/example_dag_decorator.py
[2021-05-16 09:11:34,784] {scheduler_job.py:629} INFO - Processing file /Users/harry/.local/share/virtualenvs/rugby_data_project_airflow-d2RAFQI6/lib/python3.8/site-packages/airflow/example_dags/example_dag_decorator.py for tasks to queue
[2021-05-16 09:11:34,784] {logging_mixin.py:104} INFO - [2021-05-16 09:11:34,784] {dagbag.py:451} INFO - Filling up the DagBag from /Users/harry/.local/share/virtualenvs/rugby_data_project_airflow-d2RAFQI6/lib/python3.8/site-packages/airflow/example_dags/example_dag_decorator.py
[2021-05-16 09:11:34,793] {scheduler_job.py:639} INFO - DAG(s) dict_keys(['example_dag_decorator']) retrieved from /Users/harry/.local/share/virtualenvs/rugby_data_project_airflow-d2RAFQI6/lib/python3.8/site-packages/airflow/example_dags/example_dag_decorator.py
[2021-05-16 09:11:34,825] {logging_mixin.py:104} INFO - [2021-05-16 09:11:34,825] {dag.py:1824} INFO - Sync 1 DAGs
[2021-05-16 09:11:34,833] {logging_mixin.py:104} INFO - [2021-05-16 09:11:34,833] {dag.py:2280} INFO - Setting next_dagrun for example_dag_decorator to None
[2021-05-16 09:11:34,841] {scheduler_job.py:190} INFO - Processing /Users/harry/.local/share/virtualenvs/rugby_data_project_airflow-d2RAFQI6/lib/python3.8/site-packages/airflow/example_dags/example_dag_decorator.py took 0.059 seconds
[2021-05-16 09:16:11,666] {scheduler_job.py:182} INFO - Started process (PID=49230) to work on /Users/harry/.local/share/virtualenvs/rugby_data_project_airflow-d2RAFQI6/lib/python3.8/site-packages/airflow/example_dags/example_dag_decorator.py
[2021-05-16 09:16:11,667] {scheduler_job.py:629} INFO - Processing file /Users/harry/.local/share/virtualenvs/rugby_data_project_airflow-d2RAFQI6/lib/python3.8/site-packages/airflow/example_dags/example_dag_decorator.py for tasks to queue
[2021-05-16 09:16:11,668] {logging_mixin.py:104} INFO - [2021-05-16 09:16:11,668] {dagbag.py:451} INFO - Filling up the DagBag from /Users/harry/.local/share/virtualenvs/rugby_data_project_airflow-d2RAFQI6/lib/python3.8/site-packages/airflow/example_dags/example_dag_decorator.py
[2021-05-16 09:16:11,680] {scheduler_job.py:639} INFO - DAG(s) dict_keys(['example_dag_decorator']) retrieved from /Users/harry/.local/share/virtualenvs/rugby_data_project_airflow-d2RAFQI6/lib/python3.8/site-packages/airflow/example_dags/example_dag_decorator.py
[2021-05-16 09:16:11,725] {logging_mixin.py:104} INFO - [2021-05-16 09:16:11,725] {dag.py:1824} INFO - Sync 1 DAGs
[2021-05-16 09:16:11,735] {logging_mixin.py:104} INFO - [2021-05-16 09:16:11,735] {dag.py:2280} INFO - Setting next_dagrun for example_dag_decorator to None
[2021-05-16 09:16:11,746] {scheduler_job.py:190} INFO - Processing /Users/harry/.local/share/virtualenvs/rugby_data_project_airflow-d2RAFQI6/lib/python3.8/site-packages/airflow/example_dags/example_dag_decorator.py took 0.081 seconds
[2021-05-16 09:21:02,881] {scheduler_job.py:182} INFO - Started process (PID=51112) to work on /Users/harry/.local/share/virtualenvs/rugby_data_project_airflow-d2RAFQI6/lib/python3.8/site-packages/airflow/example_dags/example_dag_decorator.py
[2021-05-16 09:21:02,882] {scheduler_job.py:629} INFO - Processing file /Users/harry/.local/share/virtualenvs/rugby_data_project_airflow-d2RAFQI6/lib/python3.8/site-packages/airflow/example_dags/example_dag_decorator.py for tasks to queue
[2021-05-16 09:21:02,883] {logging_mixin.py:104} INFO - [2021-05-16 09:21:02,883] {dagbag.py:451} INFO - Filling up the DagBag from /Users/harry/.local/share/virtualenvs/rugby_data_project_airflow-d2RAFQI6/lib/python3.8/site-packages/airflow/example_dags/example_dag_decorator.py
[2021-05-16 09:21:02,893] {scheduler_job.py:639} INFO - DAG(s) dict_keys(['example_dag_decorator']) retrieved from /Users/harry/.local/share/virtualenvs/rugby_data_project_airflow-d2RAFQI6/lib/python3.8/site-packages/airflow/example_dags/example_dag_decorator.py
[2021-05-16 09:21:02,933] {logging_mixin.py:104} INFO - [2021-05-16 09:21:02,933] {dag.py:1824} INFO - Sync 1 DAGs
[2021-05-16 09:21:02,941] {logging_mixin.py:104} INFO - [2021-05-16 09:21:02,941] {dag.py:2280} INFO - Setting next_dagrun for example_dag_decorator to None
[2021-05-16 09:21:02,951] {scheduler_job.py:190} INFO - Processing /Users/harry/.local/share/virtualenvs/rugby_data_project_airflow-d2RAFQI6/lib/python3.8/site-packages/airflow/example_dags/example_dag_decorator.py took 0.071 seconds
[2021-05-16 09:25:48,263] {scheduler_job.py:182} INFO - Started process (PID=52898) to work on /Users/harry/.local/share/virtualenvs/rugby_data_project_airflow-d2RAFQI6/lib/python3.8/site-packages/airflow/example_dags/example_dag_decorator.py
[2021-05-16 09:25:48,264] {scheduler_job.py:629} INFO - Processing file /Users/harry/.local/share/virtualenvs/rugby_data_project_airflow-d2RAFQI6/lib/python3.8/site-packages/airflow/example_dags/example_dag_decorator.py for tasks to queue
[2021-05-16 09:25:48,265] {logging_mixin.py:104} INFO - [2021-05-16 09:25:48,265] {dagbag.py:451} INFO - Filling up the DagBag from /Users/harry/.local/share/virtualenvs/rugby_data_project_airflow-d2RAFQI6/lib/python3.8/site-packages/airflow/example_dags/example_dag_decorator.py
[2021-05-16 09:25:48,277] {scheduler_job.py:639} INFO - DAG(s) dict_keys(['example_dag_decorator']) retrieved from /Users/harry/.local/share/virtualenvs/rugby_data_project_airflow-d2RAFQI6/lib/python3.8/site-packages/airflow/example_dags/example_dag_decorator.py
[2021-05-16 09:25:48,319] {logging_mixin.py:104} INFO - [2021-05-16 09:25:48,319] {dag.py:1824} INFO - Sync 1 DAGs
[2021-05-16 09:25:48,328] {logging_mixin.py:104} INFO - [2021-05-16 09:25:48,328] {dag.py:2280} INFO - Setting next_dagrun for example_dag_decorator to None
[2021-05-16 09:25:48,338] {scheduler_job.py:190} INFO - Processing /Users/harry/.local/share/virtualenvs/rugby_data_project_airflow-d2RAFQI6/lib/python3.8/site-packages/airflow/example_dags/example_dag_decorator.py took 0.076 seconds
[2021-05-16 09:30:39,712] {scheduler_job.py:182} INFO - Started process (PID=54712) to work on /Users/harry/.local/share/virtualenvs/rugby_data_project_airflow-d2RAFQI6/lib/python3.8/site-packages/airflow/example_dags/example_dag_decorator.py
[2021-05-16 09:30:39,713] {scheduler_job.py:629} INFO - Processing file /Users/harry/.local/share/virtualenvs/rugby_data_project_airflow-d2RAFQI6/lib/python3.8/site-packages/airflow/example_dags/example_dag_decorator.py for tasks to queue
[2021-05-16 09:30:39,714] {logging_mixin.py:104} INFO - [2021-05-16 09:30:39,714] {dagbag.py:451} INFO - Filling up the DagBag from /Users/harry/.local/share/virtualenvs/rugby_data_project_airflow-d2RAFQI6/lib/python3.8/site-packages/airflow/example_dags/example_dag_decorator.py
[2021-05-16 09:30:39,725] {scheduler_job.py:639} INFO - DAG(s) dict_keys(['example_dag_decorator']) retrieved from /Users/harry/.local/share/virtualenvs/rugby_data_project_airflow-d2RAFQI6/lib/python3.8/site-packages/airflow/example_dags/example_dag_decorator.py
[2021-05-16 09:30:39,763] {logging_mixin.py:104} INFO - [2021-05-16 09:30:39,763] {dag.py:1824} INFO - Sync 1 DAGs
[2021-05-16 09:30:39,771] {logging_mixin.py:104} INFO - [2021-05-16 09:30:39,771] {dag.py:2280} INFO - Setting next_dagrun for example_dag_decorator to None
[2021-05-16 09:30:39,781] {scheduler_job.py:190} INFO - Processing /Users/harry/.local/share/virtualenvs/rugby_data_project_airflow-d2RAFQI6/lib/python3.8/site-packages/airflow/example_dags/example_dag_decorator.py took 0.070 seconds
[2021-05-16 09:35:31,284] {scheduler_job.py:182} INFO - Started process (PID=56460) to work on /Users/harry/.local/share/virtualenvs/rugby_data_project_airflow-d2RAFQI6/lib/python3.8/site-packages/airflow/example_dags/example_dag_decorator.py
[2021-05-16 09:35:31,285] {scheduler_job.py:629} INFO - Processing file /Users/harry/.local/share/virtualenvs/rugby_data_project_airflow-d2RAFQI6/lib/python3.8/site-packages/airflow/example_dags/example_dag_decorator.py for tasks to queue
[2021-05-16 09:35:31,286] {logging_mixin.py:104} INFO - [2021-05-16 09:35:31,286] {dagbag.py:451} INFO - Filling up the DagBag from /Users/harry/.local/share/virtualenvs/rugby_data_project_airflow-d2RAFQI6/lib/python3.8/site-packages/airflow/example_dags/example_dag_decorator.py
[2021-05-16 09:35:31,297] {scheduler_job.py:639} INFO - DAG(s) dict_keys(['example_dag_decorator']) retrieved from /Users/harry/.local/share/virtualenvs/rugby_data_project_airflow-d2RAFQI6/lib/python3.8/site-packages/airflow/example_dags/example_dag_decorator.py
[2021-05-16 09:35:31,336] {logging_mixin.py:104} INFO - [2021-05-16 09:35:31,336] {dag.py:1824} INFO - Sync 1 DAGs
[2021-05-16 09:35:31,345] {logging_mixin.py:104} INFO - [2021-05-16 09:35:31,345] {dag.py:2280} INFO - Setting next_dagrun for example_dag_decorator to None
[2021-05-16 09:35:31,355] {scheduler_job.py:190} INFO - Processing /Users/harry/.local/share/virtualenvs/rugby_data_project_airflow-d2RAFQI6/lib/python3.8/site-packages/airflow/example_dags/example_dag_decorator.py took 0.072 seconds
[2021-05-16 09:40:23,409] {scheduler_job.py:182} INFO - Started process (PID=58251) to work on /Users/harry/.local/share/virtualenvs/rugby_data_project_airflow-d2RAFQI6/lib/python3.8/site-packages/airflow/example_dags/example_dag_decorator.py
[2021-05-16 09:40:23,410] {scheduler_job.py:629} INFO - Processing file /Users/harry/.local/share/virtualenvs/rugby_data_project_airflow-d2RAFQI6/lib/python3.8/site-packages/airflow/example_dags/example_dag_decorator.py for tasks to queue
[2021-05-16 09:40:23,411] {logging_mixin.py:104} INFO - [2021-05-16 09:40:23,411] {dagbag.py:451} INFO - Filling up the DagBag from /Users/harry/.local/share/virtualenvs/rugby_data_project_airflow-d2RAFQI6/lib/python3.8/site-packages/airflow/example_dags/example_dag_decorator.py
[2021-05-16 09:40:23,422] {scheduler_job.py:639} INFO - DAG(s) dict_keys(['example_dag_decorator']) retrieved from /Users/harry/.local/share/virtualenvs/rugby_data_project_airflow-d2RAFQI6/lib/python3.8/site-packages/airflow/example_dags/example_dag_decorator.py
[2021-05-16 09:40:23,462] {logging_mixin.py:104} INFO - [2021-05-16 09:40:23,462] {dag.py:1824} INFO - Sync 1 DAGs
[2021-05-16 09:40:23,470] {logging_mixin.py:104} INFO - [2021-05-16 09:40:23,470] {dag.py:2280} INFO - Setting next_dagrun for example_dag_decorator to None
[2021-05-16 09:40:23,480] {scheduler_job.py:190} INFO - Processing /Users/harry/.local/share/virtualenvs/rugby_data_project_airflow-d2RAFQI6/lib/python3.8/site-packages/airflow/example_dags/example_dag_decorator.py took 0.071 seconds
[2021-05-16 13:22:11,026] {scheduler_job.py:182} INFO - Started process (PID=5098) to work on /Users/harry/.local/share/virtualenvs/rugby_data_project_airflow-d2RAFQI6/lib/python3.8/site-packages/airflow/example_dags/example_dag_decorator.py
[2021-05-16 13:22:11,027] {scheduler_job.py:629} INFO - Processing file /Users/harry/.local/share/virtualenvs/rugby_data_project_airflow-d2RAFQI6/lib/python3.8/site-packages/airflow/example_dags/example_dag_decorator.py for tasks to queue
[2021-05-16 13:22:11,027] {logging_mixin.py:104} INFO - [2021-05-16 13:22:11,027] {dagbag.py:451} INFO - Filling up the DagBag from /Users/harry/.local/share/virtualenvs/rugby_data_project_airflow-d2RAFQI6/lib/python3.8/site-packages/airflow/example_dags/example_dag_decorator.py
[2021-05-16 13:22:11,040] {scheduler_job.py:639} INFO - DAG(s) dict_keys(['example_dag_decorator']) retrieved from /Users/harry/.local/share/virtualenvs/rugby_data_project_airflow-d2RAFQI6/lib/python3.8/site-packages/airflow/example_dags/example_dag_decorator.py
[2021-05-16 13:22:11,092] {logging_mixin.py:104} INFO - [2021-05-16 13:22:11,091] {dag.py:1824} INFO - Sync 1 DAGs
[2021-05-16 13:22:11,104] {logging_mixin.py:104} INFO - [2021-05-16 13:22:11,104] {dag.py:2280} INFO - Setting next_dagrun for example_dag_decorator to None
[2021-05-16 13:22:11,117] {scheduler_job.py:190} INFO - Processing /Users/harry/.local/share/virtualenvs/rugby_data_project_airflow-d2RAFQI6/lib/python3.8/site-packages/airflow/example_dags/example_dag_decorator.py took 0.092 seconds
[2021-05-16 13:23:10,640] {scheduler_job.py:182} INFO - Started process (PID=5987) to work on /Users/harry/.local/share/virtualenvs/rugby_data_project_airflow-d2RAFQI6/lib/python3.8/site-packages/airflow/example_dags/example_dag_decorator.py
[2021-05-16 13:23:10,641] {scheduler_job.py:629} INFO - Processing file /Users/harry/.local/share/virtualenvs/rugby_data_project_airflow-d2RAFQI6/lib/python3.8/site-packages/airflow/example_dags/example_dag_decorator.py for tasks to queue
[2021-05-16 13:23:10,641] {logging_mixin.py:104} INFO - [2021-05-16 13:23:10,641] {dagbag.py:451} INFO - Filling up the DagBag from /Users/harry/.local/share/virtualenvs/rugby_data_project_airflow-d2RAFQI6/lib/python3.8/site-packages/airflow/example_dags/example_dag_decorator.py
[2021-05-16 13:23:10,650] {scheduler_job.py:639} INFO - DAG(s) dict_keys(['example_dag_decorator']) retrieved from /Users/harry/.local/share/virtualenvs/rugby_data_project_airflow-d2RAFQI6/lib/python3.8/site-packages/airflow/example_dags/example_dag_decorator.py
[2021-05-16 13:23:10,675] {logging_mixin.py:104} INFO - [2021-05-16 13:23:10,675] {dag.py:1824} INFO - Sync 1 DAGs
[2021-05-16 13:23:10,680] {logging_mixin.py:104} INFO - [2021-05-16 13:23:10,680] {dag.py:2280} INFO - Setting next_dagrun for example_dag_decorator to None
[2021-05-16 13:23:10,687] {scheduler_job.py:190} INFO - Processing /Users/harry/.local/share/virtualenvs/rugby_data_project_airflow-d2RAFQI6/lib/python3.8/site-packages/airflow/example_dags/example_dag_decorator.py took 0.047 seconds
[2021-05-16 13:24:02,061] {scheduler_job.py:182} INFO - Started process (PID=6715) to work on /Users/harry/.local/share/virtualenvs/rugby_data_project_airflow-d2RAFQI6/lib/python3.8/site-packages/airflow/example_dags/example_dag_decorator.py
[2021-05-16 13:24:02,061] {scheduler_job.py:629} INFO - Processing file /Users/harry/.local/share/virtualenvs/rugby_data_project_airflow-d2RAFQI6/lib/python3.8/site-packages/airflow/example_dags/example_dag_decorator.py for tasks to queue
[2021-05-16 13:24:02,062] {logging_mixin.py:104} INFO - [2021-05-16 13:24:02,062] {dagbag.py:451} INFO - Filling up the DagBag from /Users/harry/.local/share/virtualenvs/rugby_data_project_airflow-d2RAFQI6/lib/python3.8/site-packages/airflow/example_dags/example_dag_decorator.py
[2021-05-16 13:24:02,070] {scheduler_job.py:639} INFO - DAG(s) dict_keys(['example_dag_decorator']) retrieved from /Users/harry/.local/share/virtualenvs/rugby_data_project_airflow-d2RAFQI6/lib/python3.8/site-packages/airflow/example_dags/example_dag_decorator.py
[2021-05-16 13:24:02,094] {logging_mixin.py:104} INFO - [2021-05-16 13:24:02,094] {dag.py:1824} INFO - Sync 1 DAGs
[2021-05-16 13:24:02,100] {logging_mixin.py:104} INFO - [2021-05-16 13:24:02,100] {dag.py:2280} INFO - Setting next_dagrun for example_dag_decorator to None
[2021-05-16 13:24:02,106] {scheduler_job.py:190} INFO - Processing /Users/harry/.local/share/virtualenvs/rugby_data_project_airflow-d2RAFQI6/lib/python3.8/site-packages/airflow/example_dags/example_dag_decorator.py took 0.046 seconds
[2021-05-16 20:06:25,001] {scheduler_job.py:182} INFO - Started process (PID=14212) to work on /Users/harry/.local/share/virtualenvs/rugby_data_project_airflow-d2RAFQI6/lib/python3.8/site-packages/airflow/example_dags/example_dag_decorator.py
[2021-05-16 20:06:25,003] {scheduler_job.py:629} INFO - Processing file /Users/harry/.local/share/virtualenvs/rugby_data_project_airflow-d2RAFQI6/lib/python3.8/site-packages/airflow/example_dags/example_dag_decorator.py for tasks to queue
[2021-05-16 20:06:25,003] {logging_mixin.py:104} INFO - [2021-05-16 20:06:25,003] {dagbag.py:451} INFO - Filling up the DagBag from /Users/harry/.local/share/virtualenvs/rugby_data_project_airflow-d2RAFQI6/lib/python3.8/site-packages/airflow/example_dags/example_dag_decorator.py
[2021-05-16 20:06:25,016] {scheduler_job.py:639} INFO - DAG(s) dict_keys(['example_dag_decorator']) retrieved from /Users/harry/.local/share/virtualenvs/rugby_data_project_airflow-d2RAFQI6/lib/python3.8/site-packages/airflow/example_dags/example_dag_decorator.py
[2021-05-16 20:06:25,042] {logging_mixin.py:104} INFO - [2021-05-16 20:06:25,042] {dag.py:1824} INFO - Sync 1 DAGs
[2021-05-16 20:06:25,047] {logging_mixin.py:104} INFO - [2021-05-16 20:06:25,047] {dag.py:2280} INFO - Setting next_dagrun for example_dag_decorator to None
[2021-05-16 20:06:25,056] {scheduler_job.py:190} INFO - Processing /Users/harry/.local/share/virtualenvs/rugby_data_project_airflow-d2RAFQI6/lib/python3.8/site-packages/airflow/example_dags/example_dag_decorator.py took 0.055 seconds
[2021-05-16 20:07:12,593] {scheduler_job.py:182} INFO - Started process (PID=14732) to work on /Users/harry/.local/share/virtualenvs/rugby_data_project_airflow-d2RAFQI6/lib/python3.8/site-packages/airflow/example_dags/example_dag_decorator.py
[2021-05-16 20:07:12,594] {scheduler_job.py:629} INFO - Processing file /Users/harry/.local/share/virtualenvs/rugby_data_project_airflow-d2RAFQI6/lib/python3.8/site-packages/airflow/example_dags/example_dag_decorator.py for tasks to queue
[2021-05-16 20:07:12,594] {logging_mixin.py:104} INFO - [2021-05-16 20:07:12,594] {dagbag.py:451} INFO - Filling up the DagBag from /Users/harry/.local/share/virtualenvs/rugby_data_project_airflow-d2RAFQI6/lib/python3.8/site-packages/airflow/example_dags/example_dag_decorator.py
[2021-05-16 20:07:12,603] {scheduler_job.py:639} INFO - DAG(s) dict_keys(['example_dag_decorator']) retrieved from /Users/harry/.local/share/virtualenvs/rugby_data_project_airflow-d2RAFQI6/lib/python3.8/site-packages/airflow/example_dags/example_dag_decorator.py
[2021-05-16 20:07:12,629] {logging_mixin.py:104} INFO - [2021-05-16 20:07:12,628] {dag.py:1824} INFO - Sync 1 DAGs
[2021-05-16 20:07:12,634] {logging_mixin.py:104} INFO - [2021-05-16 20:07:12,634] {dag.py:2280} INFO - Setting next_dagrun for example_dag_decorator to None
[2021-05-16 20:07:12,640] {scheduler_job.py:190} INFO - Processing /Users/harry/.local/share/virtualenvs/rugby_data_project_airflow-d2RAFQI6/lib/python3.8/site-packages/airflow/example_dags/example_dag_decorator.py took 0.048 seconds
[2021-05-16 20:08:02,676] {scheduler_job.py:182} INFO - Started process (PID=15292) to work on /Users/harry/.local/share/virtualenvs/rugby_data_project_airflow-d2RAFQI6/lib/python3.8/site-packages/airflow/example_dags/example_dag_decorator.py
[2021-05-16 20:08:02,677] {scheduler_job.py:629} INFO - Processing file /Users/harry/.local/share/virtualenvs/rugby_data_project_airflow-d2RAFQI6/lib/python3.8/site-packages/airflow/example_dags/example_dag_decorator.py for tasks to queue
[2021-05-16 20:08:02,678] {logging_mixin.py:104} INFO - [2021-05-16 20:08:02,678] {dagbag.py:451} INFO - Filling up the DagBag from /Users/harry/.local/share/virtualenvs/rugby_data_project_airflow-d2RAFQI6/lib/python3.8/site-packages/airflow/example_dags/example_dag_decorator.py
[2021-05-16 20:08:02,686] {scheduler_job.py:639} INFO - DAG(s) dict_keys(['example_dag_decorator']) retrieved from /Users/harry/.local/share/virtualenvs/rugby_data_project_airflow-d2RAFQI6/lib/python3.8/site-packages/airflow/example_dags/example_dag_decorator.py
[2021-05-16 20:08:02,712] {logging_mixin.py:104} INFO - [2021-05-16 20:08:02,712] {dag.py:1824} INFO - Sync 1 DAGs
[2021-05-16 20:08:02,718] {logging_mixin.py:104} INFO - [2021-05-16 20:08:02,718] {dag.py:2280} INFO - Setting next_dagrun for example_dag_decorator to None
[2021-05-16 20:08:02,724] {scheduler_job.py:190} INFO - Processing /Users/harry/.local/share/virtualenvs/rugby_data_project_airflow-d2RAFQI6/lib/python3.8/site-packages/airflow/example_dags/example_dag_decorator.py took 0.048 seconds
[2021-05-16 20:08:55,358] {scheduler_job.py:182} INFO - Started process (PID=15825) to work on /Users/harry/.local/share/virtualenvs/rugby_data_project_airflow-d2RAFQI6/lib/python3.8/site-packages/airflow/example_dags/example_dag_decorator.py
[2021-05-16 20:08:55,359] {scheduler_job.py:629} INFO - Processing file /Users/harry/.local/share/virtualenvs/rugby_data_project_airflow-d2RAFQI6/lib/python3.8/site-packages/airflow/example_dags/example_dag_decorator.py for tasks to queue
[2021-05-16 20:08:55,359] {logging_mixin.py:104} INFO - [2021-05-16 20:08:55,359] {dagbag.py:451} INFO - Filling up the DagBag from /Users/harry/.local/share/virtualenvs/rugby_data_project_airflow-d2RAFQI6/lib/python3.8/site-packages/airflow/example_dags/example_dag_decorator.py
[2021-05-16 20:08:55,365] {scheduler_job.py:639} INFO - DAG(s) dict_keys(['example_dag_decorator']) retrieved from /Users/harry/.local/share/virtualenvs/rugby_data_project_airflow-d2RAFQI6/lib/python3.8/site-packages/airflow/example_dags/example_dag_decorator.py
[2021-05-16 20:08:55,395] {logging_mixin.py:104} INFO - [2021-05-16 20:08:55,395] {dag.py:1824} INFO - Sync 1 DAGs
[2021-05-16 20:08:55,401] {logging_mixin.py:104} INFO - [2021-05-16 20:08:55,401] {dag.py:2280} INFO - Setting next_dagrun for example_dag_decorator to None
[2021-05-16 20:08:55,407] {scheduler_job.py:190} INFO - Processing /Users/harry/.local/share/virtualenvs/rugby_data_project_airflow-d2RAFQI6/lib/python3.8/site-packages/airflow/example_dags/example_dag_decorator.py took 0.049 seconds
[2021-05-16 20:09:40,534] {scheduler_job.py:182} INFO - Started process (PID=16384) to work on /Users/harry/.local/share/virtualenvs/rugby_data_project_airflow-d2RAFQI6/lib/python3.8/site-packages/airflow/example_dags/example_dag_decorator.py
[2021-05-16 20:09:40,535] {scheduler_job.py:629} INFO - Processing file /Users/harry/.local/share/virtualenvs/rugby_data_project_airflow-d2RAFQI6/lib/python3.8/site-packages/airflow/example_dags/example_dag_decorator.py for tasks to queue
[2021-05-16 20:09:40,535] {logging_mixin.py:104} INFO - [2021-05-16 20:09:40,535] {dagbag.py:451} INFO - Filling up the DagBag from /Users/harry/.local/share/virtualenvs/rugby_data_project_airflow-d2RAFQI6/lib/python3.8/site-packages/airflow/example_dags/example_dag_decorator.py
[2021-05-16 20:09:40,544] {scheduler_job.py:639} INFO - DAG(s) dict_keys(['example_dag_decorator']) retrieved from /Users/harry/.local/share/virtualenvs/rugby_data_project_airflow-d2RAFQI6/lib/python3.8/site-packages/airflow/example_dags/example_dag_decorator.py
[2021-05-16 20:09:40,571] {logging_mixin.py:104} INFO - [2021-05-16 20:09:40,571] {dag.py:1824} INFO - Sync 1 DAGs
[2021-05-16 20:09:40,580] {logging_mixin.py:104} INFO - [2021-05-16 20:09:40,580] {dag.py:2280} INFO - Setting next_dagrun for example_dag_decorator to None
[2021-05-16 20:09:40,587] {scheduler_job.py:190} INFO - Processing /Users/harry/.local/share/virtualenvs/rugby_data_project_airflow-d2RAFQI6/lib/python3.8/site-packages/airflow/example_dags/example_dag_decorator.py took 0.054 seconds
[2021-05-16 20:10:26,626] {scheduler_job.py:182} INFO - Started process (PID=16949) to work on /Users/harry/.local/share/virtualenvs/rugby_data_project_airflow-d2RAFQI6/lib/python3.8/site-packages/airflow/example_dags/example_dag_decorator.py
[2021-05-16 20:10:26,627] {scheduler_job.py:629} INFO - Processing file /Users/harry/.local/share/virtualenvs/rugby_data_project_airflow-d2RAFQI6/lib/python3.8/site-packages/airflow/example_dags/example_dag_decorator.py for tasks to queue
[2021-05-16 20:10:26,628] {logging_mixin.py:104} INFO - [2021-05-16 20:10:26,627] {dagbag.py:451} INFO - Filling up the DagBag from /Users/harry/.local/share/virtualenvs/rugby_data_project_airflow-d2RAFQI6/lib/python3.8/site-packages/airflow/example_dags/example_dag_decorator.py
[2021-05-16 20:10:26,637] {scheduler_job.py:639} INFO - DAG(s) dict_keys(['example_dag_decorator']) retrieved from /Users/harry/.local/share/virtualenvs/rugby_data_project_airflow-d2RAFQI6/lib/python3.8/site-packages/airflow/example_dags/example_dag_decorator.py
[2021-05-16 20:10:26,660] {logging_mixin.py:104} INFO - [2021-05-16 20:10:26,660] {dag.py:1824} INFO - Sync 1 DAGs
[2021-05-16 20:10:26,665] {logging_mixin.py:104} INFO - [2021-05-16 20:10:26,664] {dag.py:2280} INFO - Setting next_dagrun for example_dag_decorator to None
[2021-05-16 20:10:26,671] {scheduler_job.py:190} INFO - Processing /Users/harry/.local/share/virtualenvs/rugby_data_project_airflow-d2RAFQI6/lib/python3.8/site-packages/airflow/example_dags/example_dag_decorator.py took 0.045 seconds
[2021-05-16 20:11:21,956] {scheduler_job.py:182} INFO - Started process (PID=17520) to work on /Users/harry/.local/share/virtualenvs/rugby_data_project_airflow-d2RAFQI6/lib/python3.8/site-packages/airflow/example_dags/example_dag_decorator.py
[2021-05-16 20:11:21,957] {scheduler_job.py:629} INFO - Processing file /Users/harry/.local/share/virtualenvs/rugby_data_project_airflow-d2RAFQI6/lib/python3.8/site-packages/airflow/example_dags/example_dag_decorator.py for tasks to queue
[2021-05-16 20:11:21,957] {logging_mixin.py:104} INFO - [2021-05-16 20:11:21,957] {dagbag.py:451} INFO - Filling up the DagBag from /Users/harry/.local/share/virtualenvs/rugby_data_project_airflow-d2RAFQI6/lib/python3.8/site-packages/airflow/example_dags/example_dag_decorator.py
[2021-05-16 20:11:21,966] {scheduler_job.py:639} INFO - DAG(s) dict_keys(['example_dag_decorator']) retrieved from /Users/harry/.local/share/virtualenvs/rugby_data_project_airflow-d2RAFQI6/lib/python3.8/site-packages/airflow/example_dags/example_dag_decorator.py
[2021-05-16 20:11:21,991] {logging_mixin.py:104} INFO - [2021-05-16 20:11:21,991] {dag.py:1824} INFO - Sync 1 DAGs
[2021-05-16 20:11:21,997] {logging_mixin.py:104} INFO - [2021-05-16 20:11:21,997] {dag.py:2280} INFO - Setting next_dagrun for example_dag_decorator to None
[2021-05-16 20:11:22,003] {scheduler_job.py:190} INFO - Processing /Users/harry/.local/share/virtualenvs/rugby_data_project_airflow-d2RAFQI6/lib/python3.8/site-packages/airflow/example_dags/example_dag_decorator.py took 0.048 seconds
[2021-05-16 20:12:02,574] {scheduler_job.py:182} INFO - Started process (PID=17955) to work on /Users/harry/.local/share/virtualenvs/rugby_data_project_airflow-d2RAFQI6/lib/python3.8/site-packages/airflow/example_dags/example_dag_decorator.py
[2021-05-16 20:12:02,575] {scheduler_job.py:629} INFO - Processing file /Users/harry/.local/share/virtualenvs/rugby_data_project_airflow-d2RAFQI6/lib/python3.8/site-packages/airflow/example_dags/example_dag_decorator.py for tasks to queue
[2021-05-16 20:12:02,576] {logging_mixin.py:104} INFO - [2021-05-16 20:12:02,576] {dagbag.py:451} INFO - Filling up the DagBag from /Users/harry/.local/share/virtualenvs/rugby_data_project_airflow-d2RAFQI6/lib/python3.8/site-packages/airflow/example_dags/example_dag_decorator.py
[2021-05-16 20:12:02,586] {scheduler_job.py:639} INFO - DAG(s) dict_keys(['example_dag_decorator']) retrieved from /Users/harry/.local/share/virtualenvs/rugby_data_project_airflow-d2RAFQI6/lib/python3.8/site-packages/airflow/example_dags/example_dag_decorator.py
[2021-05-16 20:12:02,613] {logging_mixin.py:104} INFO - [2021-05-16 20:12:02,613] {dag.py:1824} INFO - Sync 1 DAGs
[2021-05-16 20:12:02,618] {logging_mixin.py:104} INFO - [2021-05-16 20:12:02,618] {dag.py:2280} INFO - Setting next_dagrun for example_dag_decorator to None
[2021-05-16 20:12:02,624] {scheduler_job.py:190} INFO - Processing /Users/harry/.local/share/virtualenvs/rugby_data_project_airflow-d2RAFQI6/lib/python3.8/site-packages/airflow/example_dags/example_dag_decorator.py took 0.051 seconds
[2021-05-16 20:12:54,541] {scheduler_job.py:182} INFO - Started process (PID=18648) to work on /Users/harry/.local/share/virtualenvs/rugby_data_project_airflow-d2RAFQI6/lib/python3.8/site-packages/airflow/example_dags/example_dag_decorator.py
[2021-05-16 20:12:54,542] {scheduler_job.py:629} INFO - Processing file /Users/harry/.local/share/virtualenvs/rugby_data_project_airflow-d2RAFQI6/lib/python3.8/site-packages/airflow/example_dags/example_dag_decorator.py for tasks to queue
[2021-05-16 20:12:54,543] {logging_mixin.py:104} INFO - [2021-05-16 20:12:54,542] {dagbag.py:451} INFO - Filling up the DagBag from /Users/harry/.local/share/virtualenvs/rugby_data_project_airflow-d2RAFQI6/lib/python3.8/site-packages/airflow/example_dags/example_dag_decorator.py
[2021-05-16 20:12:54,552] {scheduler_job.py:639} INFO - DAG(s) dict_keys(['example_dag_decorator']) retrieved from /Users/harry/.local/share/virtualenvs/rugby_data_project_airflow-d2RAFQI6/lib/python3.8/site-packages/airflow/example_dags/example_dag_decorator.py
[2021-05-16 20:12:54,577] {logging_mixin.py:104} INFO - [2021-05-16 20:12:54,577] {dag.py:1824} INFO - Sync 1 DAGs
[2021-05-16 20:12:54,582] {logging_mixin.py:104} INFO - [2021-05-16 20:12:54,582] {dag.py:2280} INFO - Setting next_dagrun for example_dag_decorator to None
[2021-05-16 20:12:54,588] {scheduler_job.py:190} INFO - Processing /Users/harry/.local/share/virtualenvs/rugby_data_project_airflow-d2RAFQI6/lib/python3.8/site-packages/airflow/example_dags/example_dag_decorator.py took 0.048 seconds
[2021-05-16 20:13:46,809] {scheduler_job.py:182} INFO - Started process (PID=19339) to work on /Users/harry/.local/share/virtualenvs/rugby_data_project_airflow-d2RAFQI6/lib/python3.8/site-packages/airflow/example_dags/example_dag_decorator.py
[2021-05-16 20:13:46,809] {scheduler_job.py:629} INFO - Processing file /Users/harry/.local/share/virtualenvs/rugby_data_project_airflow-d2RAFQI6/lib/python3.8/site-packages/airflow/example_dags/example_dag_decorator.py for tasks to queue
[2021-05-16 20:13:46,810] {logging_mixin.py:104} INFO - [2021-05-16 20:13:46,810] {dagbag.py:451} INFO - Filling up the DagBag from /Users/harry/.local/share/virtualenvs/rugby_data_project_airflow-d2RAFQI6/lib/python3.8/site-packages/airflow/example_dags/example_dag_decorator.py
[2021-05-16 20:13:46,818] {scheduler_job.py:639} INFO - DAG(s) dict_keys(['example_dag_decorator']) retrieved from /Users/harry/.local/share/virtualenvs/rugby_data_project_airflow-d2RAFQI6/lib/python3.8/site-packages/airflow/example_dags/example_dag_decorator.py
[2021-05-16 20:13:46,840] {logging_mixin.py:104} INFO - [2021-05-16 20:13:46,840] {dag.py:1824} INFO - Sync 1 DAGs
[2021-05-16 20:13:46,845] {logging_mixin.py:104} INFO - [2021-05-16 20:13:46,845] {dag.py:2280} INFO - Setting next_dagrun for example_dag_decorator to None
[2021-05-16 20:13:46,851] {scheduler_job.py:190} INFO - Processing /Users/harry/.local/share/virtualenvs/rugby_data_project_airflow-d2RAFQI6/lib/python3.8/site-packages/airflow/example_dags/example_dag_decorator.py took 0.042 seconds
[2021-05-16 20:14:31,115] {scheduler_job.py:182} INFO - Started process (PID=19788) to work on /Users/harry/.local/share/virtualenvs/rugby_data_project_airflow-d2RAFQI6/lib/python3.8/site-packages/airflow/example_dags/example_dag_decorator.py
[2021-05-16 20:14:31,116] {scheduler_job.py:629} INFO - Processing file /Users/harry/.local/share/virtualenvs/rugby_data_project_airflow-d2RAFQI6/lib/python3.8/site-packages/airflow/example_dags/example_dag_decorator.py for tasks to queue
[2021-05-16 20:14:31,116] {logging_mixin.py:104} INFO - [2021-05-16 20:14:31,116] {dagbag.py:451} INFO - Filling up the DagBag from /Users/harry/.local/share/virtualenvs/rugby_data_project_airflow-d2RAFQI6/lib/python3.8/site-packages/airflow/example_dags/example_dag_decorator.py
[2021-05-16 20:14:31,125] {scheduler_job.py:639} INFO - DAG(s) dict_keys(['example_dag_decorator']) retrieved from /Users/harry/.local/share/virtualenvs/rugby_data_project_airflow-d2RAFQI6/lib/python3.8/site-packages/airflow/example_dags/example_dag_decorator.py
[2021-05-16 20:14:31,155] {logging_mixin.py:104} INFO - [2021-05-16 20:14:31,155] {dag.py:1824} INFO - Sync 1 DAGs
[2021-05-16 20:14:31,162] {logging_mixin.py:104} INFO - [2021-05-16 20:14:31,161] {dag.py:2280} INFO - Setting next_dagrun for example_dag_decorator to None
[2021-05-16 20:14:31,168] {scheduler_job.py:190} INFO - Processing /Users/harry/.local/share/virtualenvs/rugby_data_project_airflow-d2RAFQI6/lib/python3.8/site-packages/airflow/example_dags/example_dag_decorator.py took 0.054 seconds
[2021-05-16 20:15:16,408] {scheduler_job.py:182} INFO - Started process (PID=21137) to work on /Users/harry/.local/share/virtualenvs/rugby_data_project_airflow-d2RAFQI6/lib/python3.8/site-packages/airflow/example_dags/example_dag_decorator.py
[2021-05-16 20:15:16,409] {scheduler_job.py:629} INFO - Processing file /Users/harry/.local/share/virtualenvs/rugby_data_project_airflow-d2RAFQI6/lib/python3.8/site-packages/airflow/example_dags/example_dag_decorator.py for tasks to queue
[2021-05-16 20:15:16,410] {logging_mixin.py:104} INFO - [2021-05-16 20:15:16,410] {dagbag.py:451} INFO - Filling up the DagBag from /Users/harry/.local/share/virtualenvs/rugby_data_project_airflow-d2RAFQI6/lib/python3.8/site-packages/airflow/example_dags/example_dag_decorator.py
[2021-05-16 20:15:16,420] {scheduler_job.py:639} INFO - DAG(s) dict_keys(['example_dag_decorator']) retrieved from /Users/harry/.local/share/virtualenvs/rugby_data_project_airflow-d2RAFQI6/lib/python3.8/site-packages/airflow/example_dags/example_dag_decorator.py
[2021-05-16 20:15:16,444] {logging_mixin.py:104} INFO - [2021-05-16 20:15:16,444] {dag.py:1824} INFO - Sync 1 DAGs
[2021-05-16 20:15:16,449] {logging_mixin.py:104} INFO - [2021-05-16 20:15:16,449] {dag.py:2280} INFO - Setting next_dagrun for example_dag_decorator to None
[2021-05-16 20:15:16,455] {scheduler_job.py:190} INFO - Processing /Users/harry/.local/share/virtualenvs/rugby_data_project_airflow-d2RAFQI6/lib/python3.8/site-packages/airflow/example_dags/example_dag_decorator.py took 0.048 seconds
[2021-05-16 20:16:33,044] {scheduler_job.py:182} INFO - Started process (PID=22007) to work on /Users/harry/.local/share/virtualenvs/rugby_data_project_airflow-d2RAFQI6/lib/python3.8/site-packages/airflow/example_dags/example_dag_decorator.py
[2021-05-16 20:16:33,045] {scheduler_job.py:629} INFO - Processing file /Users/harry/.local/share/virtualenvs/rugby_data_project_airflow-d2RAFQI6/lib/python3.8/site-packages/airflow/example_dags/example_dag_decorator.py for tasks to queue
[2021-05-16 20:16:33,046] {logging_mixin.py:104} INFO - [2021-05-16 20:16:33,046] {dagbag.py:451} INFO - Filling up the DagBag from /Users/harry/.local/share/virtualenvs/rugby_data_project_airflow-d2RAFQI6/lib/python3.8/site-packages/airflow/example_dags/example_dag_decorator.py
[2021-05-16 20:16:33,068] {scheduler_job.py:639} INFO - DAG(s) dict_keys(['example_dag_decorator']) retrieved from /Users/harry/.local/share/virtualenvs/rugby_data_project_airflow-d2RAFQI6/lib/python3.8/site-packages/airflow/example_dags/example_dag_decorator.py
[2021-05-16 20:16:33,075] {logging_mixin.py:104} INFO - [2021-05-16 20:16:33,075] {dag.py:1824} INFO - Sync 1 DAGs
[2021-05-16 20:16:33,106] {logging_mixin.py:104} INFO - [2021-05-16 20:16:33,106] {dag.py:2280} INFO - Setting next_dagrun for example_dag_decorator to None
[2021-05-16 20:16:33,112] {scheduler_job.py:190} INFO - Processing /Users/harry/.local/share/virtualenvs/rugby_data_project_airflow-d2RAFQI6/lib/python3.8/site-packages/airflow/example_dags/example_dag_decorator.py took 0.069 seconds
