[2021-05-16 09:02:09,442] {scheduler_job.py:182} INFO - Started process (PID=43428) to work on /Users/harry/.local/share/virtualenvs/rugby_data_project_airflow-d2RAFQI6/lib/python3.8/site-packages/airflow/example_dags/example_subdag_operator.py
[2021-05-16 09:02:09,442] {scheduler_job.py:629} INFO - Processing file /Users/harry/.local/share/virtualenvs/rugby_data_project_airflow-d2RAFQI6/lib/python3.8/site-packages/airflow/example_dags/example_subdag_operator.py for tasks to queue
[2021-05-16 09:02:09,443] {logging_mixin.py:104} INFO - [2021-05-16 09:02:09,443] {dagbag.py:451} INFO - Filling up the DagBag from /Users/harry/.local/share/virtualenvs/rugby_data_project_airflow-d2RAFQI6/lib/python3.8/site-packages/airflow/example_dags/example_subdag_operator.py
[2021-05-16 09:02:09,479] {scheduler_job.py:639} INFO - DAG(s) dict_keys(['example_subdag_operator.section-1', 'example_subdag_operator.section-2', 'example_subdag_operator']) retrieved from /Users/harry/.local/share/virtualenvs/rugby_data_project_airflow-d2RAFQI6/lib/python3.8/site-packages/airflow/example_dags/example_subdag_operator.py
[2021-05-16 09:02:09,488] {logging_mixin.py:104} INFO - [2021-05-16 09:02:09,487] {dag.py:1824} INFO - Sync 3 DAGs
[2021-05-16 09:02:09,496] {logging_mixin.py:104} INFO - [2021-05-16 09:02:09,496] {dag.py:2280} INFO - Setting next_dagrun for example_subdag_operator to 2021-05-14 00:00:00+00:00
[2021-05-16 09:02:09,497] {logging_mixin.py:104} INFO - [2021-05-16 09:02:09,497] {dag.py:2280} INFO - Setting next_dagrun for example_subdag_operator.section-1 to None
[2021-05-16 09:02:09,497] {logging_mixin.py:104} INFO - [2021-05-16 09:02:09,497] {dag.py:2280} INFO - Setting next_dagrun for example_subdag_operator.section-2 to None
[2021-05-16 09:02:09,505] {logging_mixin.py:104} INFO - [2021-05-16 09:02:09,504] {dag.py:1824} INFO - Sync 2 DAGs
[2021-05-16 09:02:09,510] {logging_mixin.py:104} INFO - [2021-05-16 09:02:09,510] {dag.py:2280} INFO - Setting next_dagrun for example_subdag_operator.section-1 to None
[2021-05-16 09:02:09,510] {logging_mixin.py:104} INFO - [2021-05-16 09:02:09,510] {dag.py:2280} INFO - Setting next_dagrun for example_subdag_operator.section-2 to None
[2021-05-16 09:02:09,515] {scheduler_job.py:190} INFO - Processing /Users/harry/.local/share/virtualenvs/rugby_data_project_airflow-d2RAFQI6/lib/python3.8/site-packages/airflow/example_dags/example_subdag_operator.py took 0.074 seconds
[2021-05-16 09:06:39,545] {scheduler_job.py:182} INFO - Started process (PID=45293) to work on /Users/harry/.local/share/virtualenvs/rugby_data_project_airflow-d2RAFQI6/lib/python3.8/site-packages/airflow/example_dags/example_subdag_operator.py
[2021-05-16 09:06:39,547] {scheduler_job.py:629} INFO - Processing file /Users/harry/.local/share/virtualenvs/rugby_data_project_airflow-d2RAFQI6/lib/python3.8/site-packages/airflow/example_dags/example_subdag_operator.py for tasks to queue
[2021-05-16 09:06:39,547] {logging_mixin.py:104} INFO - [2021-05-16 09:06:39,547] {dagbag.py:451} INFO - Filling up the DagBag from /Users/harry/.local/share/virtualenvs/rugby_data_project_airflow-d2RAFQI6/lib/python3.8/site-packages/airflow/example_dags/example_subdag_operator.py
[2021-05-16 09:06:39,584] {scheduler_job.py:639} INFO - DAG(s) dict_keys(['example_subdag_operator.section-1', 'example_subdag_operator.section-2', 'example_subdag_operator']) retrieved from /Users/harry/.local/share/virtualenvs/rugby_data_project_airflow-d2RAFQI6/lib/python3.8/site-packages/airflow/example_dags/example_subdag_operator.py
[2021-05-16 09:06:39,591] {logging_mixin.py:104} INFO - [2021-05-16 09:06:39,591] {dag.py:1824} INFO - Sync 3 DAGs
[2021-05-16 09:06:39,598] {logging_mixin.py:104} INFO - [2021-05-16 09:06:39,598] {dag.py:2280} INFO - Setting next_dagrun for example_subdag_operator to 2021-05-14 00:00:00+00:00
[2021-05-16 09:06:39,599] {logging_mixin.py:104} INFO - [2021-05-16 09:06:39,599] {dag.py:2280} INFO - Setting next_dagrun for example_subdag_operator.section-1 to None
[2021-05-16 09:06:39,599] {logging_mixin.py:104} INFO - [2021-05-16 09:06:39,599] {dag.py:2280} INFO - Setting next_dagrun for example_subdag_operator.section-2 to None
[2021-05-16 09:06:39,604] {logging_mixin.py:104} INFO - [2021-05-16 09:06:39,604] {dag.py:1824} INFO - Sync 2 DAGs
[2021-05-16 09:06:39,609] {logging_mixin.py:104} INFO - [2021-05-16 09:06:39,609] {dag.py:2280} INFO - Setting next_dagrun for example_subdag_operator.section-1 to None
[2021-05-16 09:06:39,609] {logging_mixin.py:104} INFO - [2021-05-16 09:06:39,609] {dag.py:2280} INFO - Setting next_dagrun for example_subdag_operator.section-2 to None
[2021-05-16 09:06:39,615] {scheduler_job.py:190} INFO - Processing /Users/harry/.local/share/virtualenvs/rugby_data_project_airflow-d2RAFQI6/lib/python3.8/site-packages/airflow/example_dags/example_subdag_operator.py took 0.070 seconds
[2021-05-16 09:10:44,169] {scheduler_job.py:182} INFO - Started process (PID=47058) to work on /Users/harry/.local/share/virtualenvs/rugby_data_project_airflow-d2RAFQI6/lib/python3.8/site-packages/airflow/example_dags/example_subdag_operator.py
[2021-05-16 09:10:44,169] {scheduler_job.py:629} INFO - Processing file /Users/harry/.local/share/virtualenvs/rugby_data_project_airflow-d2RAFQI6/lib/python3.8/site-packages/airflow/example_dags/example_subdag_operator.py for tasks to queue
[2021-05-16 09:10:44,170] {logging_mixin.py:104} INFO - [2021-05-16 09:10:44,170] {dagbag.py:451} INFO - Filling up the DagBag from /Users/harry/.local/share/virtualenvs/rugby_data_project_airflow-d2RAFQI6/lib/python3.8/site-packages/airflow/example_dags/example_subdag_operator.py
[2021-05-16 09:10:44,207] {scheduler_job.py:639} INFO - DAG(s) dict_keys(['example_subdag_operator.section-1', 'example_subdag_operator.section-2', 'example_subdag_operator']) retrieved from /Users/harry/.local/share/virtualenvs/rugby_data_project_airflow-d2RAFQI6/lib/python3.8/site-packages/airflow/example_dags/example_subdag_operator.py
[2021-05-16 09:10:44,215] {logging_mixin.py:104} INFO - [2021-05-16 09:10:44,214] {dag.py:1824} INFO - Sync 3 DAGs
[2021-05-16 09:10:44,222] {logging_mixin.py:104} INFO - [2021-05-16 09:10:44,222] {dag.py:2280} INFO - Setting next_dagrun for example_subdag_operator to 2021-05-14 00:00:00+00:00
[2021-05-16 09:10:44,222] {logging_mixin.py:104} INFO - [2021-05-16 09:10:44,222] {dag.py:2280} INFO - Setting next_dagrun for example_subdag_operator.section-1 to None
[2021-05-16 09:10:44,222] {logging_mixin.py:104} INFO - [2021-05-16 09:10:44,222] {dag.py:2280} INFO - Setting next_dagrun for example_subdag_operator.section-2 to None
[2021-05-16 09:10:44,228] {logging_mixin.py:104} INFO - [2021-05-16 09:10:44,228] {dag.py:1824} INFO - Sync 2 DAGs
[2021-05-16 09:10:44,233] {logging_mixin.py:104} INFO - [2021-05-16 09:10:44,233] {dag.py:2280} INFO - Setting next_dagrun for example_subdag_operator.section-1 to None
[2021-05-16 09:10:44,234] {logging_mixin.py:104} INFO - [2021-05-16 09:10:44,234] {dag.py:2280} INFO - Setting next_dagrun for example_subdag_operator.section-2 to None
[2021-05-16 09:10:44,239] {scheduler_job.py:190} INFO - Processing /Users/harry/.local/share/virtualenvs/rugby_data_project_airflow-d2RAFQI6/lib/python3.8/site-packages/airflow/example_dags/example_subdag_operator.py took 0.070 seconds
[2021-05-16 09:15:10,727] {scheduler_job.py:182} INFO - Started process (PID=48850) to work on /Users/harry/.local/share/virtualenvs/rugby_data_project_airflow-d2RAFQI6/lib/python3.8/site-packages/airflow/example_dags/example_subdag_operator.py
[2021-05-16 09:15:10,728] {scheduler_job.py:629} INFO - Processing file /Users/harry/.local/share/virtualenvs/rugby_data_project_airflow-d2RAFQI6/lib/python3.8/site-packages/airflow/example_dags/example_subdag_operator.py for tasks to queue
[2021-05-16 09:15:10,729] {logging_mixin.py:104} INFO - [2021-05-16 09:15:10,729] {dagbag.py:451} INFO - Filling up the DagBag from /Users/harry/.local/share/virtualenvs/rugby_data_project_airflow-d2RAFQI6/lib/python3.8/site-packages/airflow/example_dags/example_subdag_operator.py
[2021-05-16 09:15:10,771] {scheduler_job.py:639} INFO - DAG(s) dict_keys(['example_subdag_operator.section-1', 'example_subdag_operator.section-2', 'example_subdag_operator']) retrieved from /Users/harry/.local/share/virtualenvs/rugby_data_project_airflow-d2RAFQI6/lib/python3.8/site-packages/airflow/example_dags/example_subdag_operator.py
[2021-05-16 09:15:10,779] {logging_mixin.py:104} INFO - [2021-05-16 09:15:10,779] {dag.py:1824} INFO - Sync 3 DAGs
[2021-05-16 09:15:10,787] {logging_mixin.py:104} INFO - [2021-05-16 09:15:10,787] {dag.py:2280} INFO - Setting next_dagrun for example_subdag_operator to 2021-05-14 00:00:00+00:00
[2021-05-16 09:15:10,788] {logging_mixin.py:104} INFO - [2021-05-16 09:15:10,788] {dag.py:2280} INFO - Setting next_dagrun for example_subdag_operator.section-1 to None
[2021-05-16 09:15:10,788] {logging_mixin.py:104} INFO - [2021-05-16 09:15:10,788] {dag.py:2280} INFO - Setting next_dagrun for example_subdag_operator.section-2 to None
[2021-05-16 09:15:10,794] {logging_mixin.py:104} INFO - [2021-05-16 09:15:10,794] {dag.py:1824} INFO - Sync 2 DAGs
[2021-05-16 09:15:10,800] {logging_mixin.py:104} INFO - [2021-05-16 09:15:10,800] {dag.py:2280} INFO - Setting next_dagrun for example_subdag_operator.section-1 to None
[2021-05-16 09:15:10,800] {logging_mixin.py:104} INFO - [2021-05-16 09:15:10,800] {dag.py:2280} INFO - Setting next_dagrun for example_subdag_operator.section-2 to None
[2021-05-16 09:15:10,806] {scheduler_job.py:190} INFO - Processing /Users/harry/.local/share/virtualenvs/rugby_data_project_airflow-d2RAFQI6/lib/python3.8/site-packages/airflow/example_dags/example_subdag_operator.py took 0.080 seconds
[2021-05-16 09:20:04,652] {scheduler_job.py:182} INFO - Started process (PID=50737) to work on /Users/harry/.local/share/virtualenvs/rugby_data_project_airflow-d2RAFQI6/lib/python3.8/site-packages/airflow/example_dags/example_subdag_operator.py
[2021-05-16 09:20:04,653] {scheduler_job.py:629} INFO - Processing file /Users/harry/.local/share/virtualenvs/rugby_data_project_airflow-d2RAFQI6/lib/python3.8/site-packages/airflow/example_dags/example_subdag_operator.py for tasks to queue
[2021-05-16 09:20:04,654] {logging_mixin.py:104} INFO - [2021-05-16 09:20:04,654] {dagbag.py:451} INFO - Filling up the DagBag from /Users/harry/.local/share/virtualenvs/rugby_data_project_airflow-d2RAFQI6/lib/python3.8/site-packages/airflow/example_dags/example_subdag_operator.py
[2021-05-16 09:20:04,702] {scheduler_job.py:639} INFO - DAG(s) dict_keys(['example_subdag_operator.section-1', 'example_subdag_operator.section-2', 'example_subdag_operator']) retrieved from /Users/harry/.local/share/virtualenvs/rugby_data_project_airflow-d2RAFQI6/lib/python3.8/site-packages/airflow/example_dags/example_subdag_operator.py
[2021-05-16 09:20:04,711] {logging_mixin.py:104} INFO - [2021-05-16 09:20:04,711] {dag.py:1824} INFO - Sync 3 DAGs
[2021-05-16 09:20:04,721] {logging_mixin.py:104} INFO - [2021-05-16 09:20:04,721] {dag.py:2280} INFO - Setting next_dagrun for example_subdag_operator to 2021-05-14 00:00:00+00:00
[2021-05-16 09:20:04,721] {logging_mixin.py:104} INFO - [2021-05-16 09:20:04,721] {dag.py:2280} INFO - Setting next_dagrun for example_subdag_operator.section-1 to None
[2021-05-16 09:20:04,722] {logging_mixin.py:104} INFO - [2021-05-16 09:20:04,722] {dag.py:2280} INFO - Setting next_dagrun for example_subdag_operator.section-2 to None
[2021-05-16 09:20:04,728] {logging_mixin.py:104} INFO - [2021-05-16 09:20:04,728] {dag.py:1824} INFO - Sync 2 DAGs
[2021-05-16 09:20:04,735] {logging_mixin.py:104} INFO - [2021-05-16 09:20:04,735] {dag.py:2280} INFO - Setting next_dagrun for example_subdag_operator.section-1 to None
[2021-05-16 09:20:04,735] {logging_mixin.py:104} INFO - [2021-05-16 09:20:04,735] {dag.py:2280} INFO - Setting next_dagrun for example_subdag_operator.section-2 to None
[2021-05-16 09:20:04,741] {scheduler_job.py:190} INFO - Processing /Users/harry/.local/share/virtualenvs/rugby_data_project_airflow-d2RAFQI6/lib/python3.8/site-packages/airflow/example_dags/example_subdag_operator.py took 0.090 seconds
[2021-05-16 09:24:50,694] {scheduler_job.py:182} INFO - Started process (PID=52538) to work on /Users/harry/.local/share/virtualenvs/rugby_data_project_airflow-d2RAFQI6/lib/python3.8/site-packages/airflow/example_dags/example_subdag_operator.py
[2021-05-16 09:24:50,695] {scheduler_job.py:629} INFO - Processing file /Users/harry/.local/share/virtualenvs/rugby_data_project_airflow-d2RAFQI6/lib/python3.8/site-packages/airflow/example_dags/example_subdag_operator.py for tasks to queue
[2021-05-16 09:24:50,696] {logging_mixin.py:104} INFO - [2021-05-16 09:24:50,696] {dagbag.py:451} INFO - Filling up the DagBag from /Users/harry/.local/share/virtualenvs/rugby_data_project_airflow-d2RAFQI6/lib/python3.8/site-packages/airflow/example_dags/example_subdag_operator.py
[2021-05-16 09:24:50,741] {scheduler_job.py:639} INFO - DAG(s) dict_keys(['example_subdag_operator.section-1', 'example_subdag_operator.section-2', 'example_subdag_operator']) retrieved from /Users/harry/.local/share/virtualenvs/rugby_data_project_airflow-d2RAFQI6/lib/python3.8/site-packages/airflow/example_dags/example_subdag_operator.py
[2021-05-16 09:24:50,748] {logging_mixin.py:104} INFO - [2021-05-16 09:24:50,748] {dag.py:1824} INFO - Sync 3 DAGs
[2021-05-16 09:24:50,757] {logging_mixin.py:104} INFO - [2021-05-16 09:24:50,757] {dag.py:2280} INFO - Setting next_dagrun for example_subdag_operator to 2021-05-14 00:00:00+00:00
[2021-05-16 09:24:50,758] {logging_mixin.py:104} INFO - [2021-05-16 09:24:50,758] {dag.py:2280} INFO - Setting next_dagrun for example_subdag_operator.section-1 to None
[2021-05-16 09:24:50,758] {logging_mixin.py:104} INFO - [2021-05-16 09:24:50,758] {dag.py:2280} INFO - Setting next_dagrun for example_subdag_operator.section-2 to None
[2021-05-16 09:24:50,764] {logging_mixin.py:104} INFO - [2021-05-16 09:24:50,764] {dag.py:1824} INFO - Sync 2 DAGs
[2021-05-16 09:24:50,771] {logging_mixin.py:104} INFO - [2021-05-16 09:24:50,770] {dag.py:2280} INFO - Setting next_dagrun for example_subdag_operator.section-1 to None
[2021-05-16 09:24:50,771] {logging_mixin.py:104} INFO - [2021-05-16 09:24:50,771] {dag.py:2280} INFO - Setting next_dagrun for example_subdag_operator.section-2 to None
[2021-05-16 09:24:50,777] {scheduler_job.py:190} INFO - Processing /Users/harry/.local/share/virtualenvs/rugby_data_project_airflow-d2RAFQI6/lib/python3.8/site-packages/airflow/example_dags/example_subdag_operator.py took 0.083 seconds
[2021-05-16 09:29:41,873] {scheduler_job.py:182} INFO - Started process (PID=54372) to work on /Users/harry/.local/share/virtualenvs/rugby_data_project_airflow-d2RAFQI6/lib/python3.8/site-packages/airflow/example_dags/example_subdag_operator.py
[2021-05-16 09:29:41,874] {scheduler_job.py:629} INFO - Processing file /Users/harry/.local/share/virtualenvs/rugby_data_project_airflow-d2RAFQI6/lib/python3.8/site-packages/airflow/example_dags/example_subdag_operator.py for tasks to queue
[2021-05-16 09:29:41,875] {logging_mixin.py:104} INFO - [2021-05-16 09:29:41,875] {dagbag.py:451} INFO - Filling up the DagBag from /Users/harry/.local/share/virtualenvs/rugby_data_project_airflow-d2RAFQI6/lib/python3.8/site-packages/airflow/example_dags/example_subdag_operator.py
[2021-05-16 09:29:41,922] {scheduler_job.py:639} INFO - DAG(s) dict_keys(['example_subdag_operator.section-1', 'example_subdag_operator.section-2', 'example_subdag_operator']) retrieved from /Users/harry/.local/share/virtualenvs/rugby_data_project_airflow-d2RAFQI6/lib/python3.8/site-packages/airflow/example_dags/example_subdag_operator.py
[2021-05-16 09:29:41,930] {logging_mixin.py:104} INFO - [2021-05-16 09:29:41,930] {dag.py:1824} INFO - Sync 3 DAGs
[2021-05-16 09:29:41,939] {logging_mixin.py:104} INFO - [2021-05-16 09:29:41,939] {dag.py:2280} INFO - Setting next_dagrun for example_subdag_operator to 2021-05-14 00:00:00+00:00
[2021-05-16 09:29:41,939] {logging_mixin.py:104} INFO - [2021-05-16 09:29:41,939] {dag.py:2280} INFO - Setting next_dagrun for example_subdag_operator.section-1 to None
[2021-05-16 09:29:41,940] {logging_mixin.py:104} INFO - [2021-05-16 09:29:41,939] {dag.py:2280} INFO - Setting next_dagrun for example_subdag_operator.section-2 to None
[2021-05-16 09:29:41,946] {logging_mixin.py:104} INFO - [2021-05-16 09:29:41,946] {dag.py:1824} INFO - Sync 2 DAGs
[2021-05-16 09:29:41,952] {logging_mixin.py:104} INFO - [2021-05-16 09:29:41,952] {dag.py:2280} INFO - Setting next_dagrun for example_subdag_operator.section-1 to None
[2021-05-16 09:29:41,953] {logging_mixin.py:104} INFO - [2021-05-16 09:29:41,952] {dag.py:2280} INFO - Setting next_dagrun for example_subdag_operator.section-2 to None
[2021-05-16 09:29:41,958] {scheduler_job.py:190} INFO - Processing /Users/harry/.local/share/virtualenvs/rugby_data_project_airflow-d2RAFQI6/lib/python3.8/site-packages/airflow/example_dags/example_subdag_operator.py took 0.086 seconds
[2021-05-16 09:34:33,086] {scheduler_job.py:182} INFO - Started process (PID=56110) to work on /Users/harry/.local/share/virtualenvs/rugby_data_project_airflow-d2RAFQI6/lib/python3.8/site-packages/airflow/example_dags/example_subdag_operator.py
[2021-05-16 09:34:33,087] {scheduler_job.py:629} INFO - Processing file /Users/harry/.local/share/virtualenvs/rugby_data_project_airflow-d2RAFQI6/lib/python3.8/site-packages/airflow/example_dags/example_subdag_operator.py for tasks to queue
[2021-05-16 09:34:33,088] {logging_mixin.py:104} INFO - [2021-05-16 09:34:33,088] {dagbag.py:451} INFO - Filling up the DagBag from /Users/harry/.local/share/virtualenvs/rugby_data_project_airflow-d2RAFQI6/lib/python3.8/site-packages/airflow/example_dags/example_subdag_operator.py
[2021-05-16 09:34:33,135] {scheduler_job.py:639} INFO - DAG(s) dict_keys(['example_subdag_operator.section-1', 'example_subdag_operator.section-2', 'example_subdag_operator']) retrieved from /Users/harry/.local/share/virtualenvs/rugby_data_project_airflow-d2RAFQI6/lib/python3.8/site-packages/airflow/example_dags/example_subdag_operator.py
[2021-05-16 09:34:33,143] {logging_mixin.py:104} INFO - [2021-05-16 09:34:33,143] {dag.py:1824} INFO - Sync 3 DAGs
[2021-05-16 09:34:33,152] {logging_mixin.py:104} INFO - [2021-05-16 09:34:33,152] {dag.py:2280} INFO - Setting next_dagrun for example_subdag_operator to 2021-05-14 00:00:00+00:00
[2021-05-16 09:34:33,153] {logging_mixin.py:104} INFO - [2021-05-16 09:34:33,153] {dag.py:2280} INFO - Setting next_dagrun for example_subdag_operator.section-1 to None
[2021-05-16 09:34:33,153] {logging_mixin.py:104} INFO - [2021-05-16 09:34:33,153] {dag.py:2280} INFO - Setting next_dagrun for example_subdag_operator.section-2 to None
[2021-05-16 09:34:33,160] {logging_mixin.py:104} INFO - [2021-05-16 09:34:33,160] {dag.py:1824} INFO - Sync 2 DAGs
[2021-05-16 09:34:33,166] {logging_mixin.py:104} INFO - [2021-05-16 09:34:33,166] {dag.py:2280} INFO - Setting next_dagrun for example_subdag_operator.section-1 to None
[2021-05-16 09:34:33,166] {logging_mixin.py:104} INFO - [2021-05-16 09:34:33,166] {dag.py:2280} INFO - Setting next_dagrun for example_subdag_operator.section-2 to None
[2021-05-16 09:34:33,172] {scheduler_job.py:190} INFO - Processing /Users/harry/.local/share/virtualenvs/rugby_data_project_airflow-d2RAFQI6/lib/python3.8/site-packages/airflow/example_dags/example_subdag_operator.py took 0.087 seconds
[2021-05-16 09:39:26,899] {scheduler_job.py:182} INFO - Started process (PID=57924) to work on /Users/harry/.local/share/virtualenvs/rugby_data_project_airflow-d2RAFQI6/lib/python3.8/site-packages/airflow/example_dags/example_subdag_operator.py
[2021-05-16 09:39:26,900] {scheduler_job.py:629} INFO - Processing file /Users/harry/.local/share/virtualenvs/rugby_data_project_airflow-d2RAFQI6/lib/python3.8/site-packages/airflow/example_dags/example_subdag_operator.py for tasks to queue
[2021-05-16 09:39:26,901] {logging_mixin.py:104} INFO - [2021-05-16 09:39:26,901] {dagbag.py:451} INFO - Filling up the DagBag from /Users/harry/.local/share/virtualenvs/rugby_data_project_airflow-d2RAFQI6/lib/python3.8/site-packages/airflow/example_dags/example_subdag_operator.py
[2021-05-16 09:39:26,955] {scheduler_job.py:639} INFO - DAG(s) dict_keys(['example_subdag_operator.section-1', 'example_subdag_operator.section-2', 'example_subdag_operator']) retrieved from /Users/harry/.local/share/virtualenvs/rugby_data_project_airflow-d2RAFQI6/lib/python3.8/site-packages/airflow/example_dags/example_subdag_operator.py
[2021-05-16 09:39:26,966] {logging_mixin.py:104} INFO - [2021-05-16 09:39:26,965] {dag.py:1824} INFO - Sync 3 DAGs
[2021-05-16 09:39:26,979] {logging_mixin.py:104} INFO - [2021-05-16 09:39:26,979] {dag.py:2280} INFO - Setting next_dagrun for example_subdag_operator to 2021-05-14 00:00:00+00:00
[2021-05-16 09:39:26,980] {logging_mixin.py:104} INFO - [2021-05-16 09:39:26,980] {dag.py:2280} INFO - Setting next_dagrun for example_subdag_operator.section-1 to None
[2021-05-16 09:39:26,980] {logging_mixin.py:104} INFO - [2021-05-16 09:39:26,980] {dag.py:2280} INFO - Setting next_dagrun for example_subdag_operator.section-2 to None
[2021-05-16 09:39:26,986] {logging_mixin.py:104} INFO - [2021-05-16 09:39:26,986] {dag.py:1824} INFO - Sync 2 DAGs
[2021-05-16 09:39:26,992] {logging_mixin.py:104} INFO - [2021-05-16 09:39:26,992] {dag.py:2280} INFO - Setting next_dagrun for example_subdag_operator.section-1 to None
[2021-05-16 09:39:26,993] {logging_mixin.py:104} INFO - [2021-05-16 09:39:26,993] {dag.py:2280} INFO - Setting next_dagrun for example_subdag_operator.section-2 to None
[2021-05-16 09:39:26,999] {scheduler_job.py:190} INFO - Processing /Users/harry/.local/share/virtualenvs/rugby_data_project_airflow-d2RAFQI6/lib/python3.8/site-packages/airflow/example_dags/example_subdag_operator.py took 0.100 seconds
[2021-05-16 09:44:26,143] {scheduler_job.py:182} INFO - Started process (PID=59654) to work on /Users/harry/.local/share/virtualenvs/rugby_data_project_airflow-d2RAFQI6/lib/python3.8/site-packages/airflow/example_dags/example_subdag_operator.py
[2021-05-16 09:44:26,144] {scheduler_job.py:629} INFO - Processing file /Users/harry/.local/share/virtualenvs/rugby_data_project_airflow-d2RAFQI6/lib/python3.8/site-packages/airflow/example_dags/example_subdag_operator.py for tasks to queue
[2021-05-16 09:44:26,145] {logging_mixin.py:104} INFO - [2021-05-16 09:44:26,145] {dagbag.py:451} INFO - Filling up the DagBag from /Users/harry/.local/share/virtualenvs/rugby_data_project_airflow-d2RAFQI6/lib/python3.8/site-packages/airflow/example_dags/example_subdag_operator.py
[2021-05-16 09:44:26,194] {scheduler_job.py:639} INFO - DAG(s) dict_keys(['example_subdag_operator.section-1', 'example_subdag_operator.section-2', 'example_subdag_operator']) retrieved from /Users/harry/.local/share/virtualenvs/rugby_data_project_airflow-d2RAFQI6/lib/python3.8/site-packages/airflow/example_dags/example_subdag_operator.py
[2021-05-16 09:44:26,202] {logging_mixin.py:104} INFO - [2021-05-16 09:44:26,202] {dag.py:1824} INFO - Sync 3 DAGs
[2021-05-16 09:44:26,212] {logging_mixin.py:104} INFO - [2021-05-16 09:44:26,212] {dag.py:2280} INFO - Setting next_dagrun for example_subdag_operator to 2021-05-14 00:00:00+00:00
[2021-05-16 09:44:26,213] {logging_mixin.py:104} INFO - [2021-05-16 09:44:26,213] {dag.py:2280} INFO - Setting next_dagrun for example_subdag_operator.section-1 to None
[2021-05-16 09:44:26,213] {logging_mixin.py:104} INFO - [2021-05-16 09:44:26,213] {dag.py:2280} INFO - Setting next_dagrun for example_subdag_operator.section-2 to None
[2021-05-16 09:44:26,220] {logging_mixin.py:104} INFO - [2021-05-16 09:44:26,220] {dag.py:1824} INFO - Sync 2 DAGs
[2021-05-16 09:44:26,227] {logging_mixin.py:104} INFO - [2021-05-16 09:44:26,227] {dag.py:2280} INFO - Setting next_dagrun for example_subdag_operator.section-1 to None
[2021-05-16 09:44:26,227] {logging_mixin.py:104} INFO - [2021-05-16 09:44:26,227] {dag.py:2280} INFO - Setting next_dagrun for example_subdag_operator.section-2 to None
[2021-05-16 09:44:26,233] {scheduler_job.py:190} INFO - Processing /Users/harry/.local/share/virtualenvs/rugby_data_project_airflow-d2RAFQI6/lib/python3.8/site-packages/airflow/example_dags/example_subdag_operator.py took 0.091 seconds
[2021-05-16 13:21:27,644] {scheduler_job.py:182} INFO - Started process (PID=4590) to work on /Users/harry/.local/share/virtualenvs/rugby_data_project_airflow-d2RAFQI6/lib/python3.8/site-packages/airflow/example_dags/example_subdag_operator.py
[2021-05-16 13:21:27,645] {scheduler_job.py:629} INFO - Processing file /Users/harry/.local/share/virtualenvs/rugby_data_project_airflow-d2RAFQI6/lib/python3.8/site-packages/airflow/example_dags/example_subdag_operator.py for tasks to queue
[2021-05-16 13:21:27,646] {logging_mixin.py:104} INFO - [2021-05-16 13:21:27,646] {dagbag.py:451} INFO - Filling up the DagBag from /Users/harry/.local/share/virtualenvs/rugby_data_project_airflow-d2RAFQI6/lib/python3.8/site-packages/airflow/example_dags/example_subdag_operator.py
[2021-05-16 13:21:27,683] {scheduler_job.py:639} INFO - DAG(s) dict_keys(['example_subdag_operator.section-1', 'example_subdag_operator.section-2', 'example_subdag_operator']) retrieved from /Users/harry/.local/share/virtualenvs/rugby_data_project_airflow-d2RAFQI6/lib/python3.8/site-packages/airflow/example_dags/example_subdag_operator.py
[2021-05-16 13:21:27,689] {logging_mixin.py:104} INFO - [2021-05-16 13:21:27,688] {dag.py:1824} INFO - Sync 3 DAGs
[2021-05-16 13:21:27,695] {logging_mixin.py:104} INFO - [2021-05-16 13:21:27,694] {dag.py:2280} INFO - Setting next_dagrun for example_subdag_operator to 2021-05-14 00:00:00+00:00
[2021-05-16 13:21:27,695] {logging_mixin.py:104} INFO - [2021-05-16 13:21:27,695] {dag.py:2280} INFO - Setting next_dagrun for example_subdag_operator.section-1 to None
[2021-05-16 13:21:27,695] {logging_mixin.py:104} INFO - [2021-05-16 13:21:27,695] {dag.py:2280} INFO - Setting next_dagrun for example_subdag_operator.section-2 to None
[2021-05-16 13:21:27,699] {logging_mixin.py:104} INFO - [2021-05-16 13:21:27,699] {dag.py:1824} INFO - Sync 2 DAGs
[2021-05-16 13:21:27,703] {logging_mixin.py:104} INFO - [2021-05-16 13:21:27,703] {dag.py:2280} INFO - Setting next_dagrun for example_subdag_operator.section-1 to None
[2021-05-16 13:21:27,703] {logging_mixin.py:104} INFO - [2021-05-16 13:21:27,703] {dag.py:2280} INFO - Setting next_dagrun for example_subdag_operator.section-2 to None
[2021-05-16 13:21:27,708] {scheduler_job.py:190} INFO - Processing /Users/harry/.local/share/virtualenvs/rugby_data_project_airflow-d2RAFQI6/lib/python3.8/site-packages/airflow/example_dags/example_subdag_operator.py took 0.064 seconds
[2021-05-16 13:22:29,379] {scheduler_job.py:182} INFO - Started process (PID=5423) to work on /Users/harry/.local/share/virtualenvs/rugby_data_project_airflow-d2RAFQI6/lib/python3.8/site-packages/airflow/example_dags/example_subdag_operator.py
[2021-05-16 13:22:29,380] {scheduler_job.py:629} INFO - Processing file /Users/harry/.local/share/virtualenvs/rugby_data_project_airflow-d2RAFQI6/lib/python3.8/site-packages/airflow/example_dags/example_subdag_operator.py for tasks to queue
[2021-05-16 13:22:29,380] {logging_mixin.py:104} INFO - [2021-05-16 13:22:29,380] {dagbag.py:451} INFO - Filling up the DagBag from /Users/harry/.local/share/virtualenvs/rugby_data_project_airflow-d2RAFQI6/lib/python3.8/site-packages/airflow/example_dags/example_subdag_operator.py
[2021-05-16 13:22:29,410] {scheduler_job.py:639} INFO - DAG(s) dict_keys(['example_subdag_operator.section-1', 'example_subdag_operator.section-2', 'example_subdag_operator']) retrieved from /Users/harry/.local/share/virtualenvs/rugby_data_project_airflow-d2RAFQI6/lib/python3.8/site-packages/airflow/example_dags/example_subdag_operator.py
[2021-05-16 13:22:29,416] {logging_mixin.py:104} INFO - [2021-05-16 13:22:29,415] {dag.py:1824} INFO - Sync 3 DAGs
[2021-05-16 13:22:29,421] {logging_mixin.py:104} INFO - [2021-05-16 13:22:29,421] {dag.py:2280} INFO - Setting next_dagrun for example_subdag_operator to 2021-05-14 00:00:00+00:00
[2021-05-16 13:22:29,422] {logging_mixin.py:104} INFO - [2021-05-16 13:22:29,422] {dag.py:2280} INFO - Setting next_dagrun for example_subdag_operator.section-1 to None
[2021-05-16 13:22:29,422] {logging_mixin.py:104} INFO - [2021-05-16 13:22:29,422] {dag.py:2280} INFO - Setting next_dagrun for example_subdag_operator.section-2 to None
[2021-05-16 13:22:29,426] {logging_mixin.py:104} INFO - [2021-05-16 13:22:29,426] {dag.py:1824} INFO - Sync 2 DAGs
[2021-05-16 13:22:29,429] {logging_mixin.py:104} INFO - [2021-05-16 13:22:29,429] {dag.py:2280} INFO - Setting next_dagrun for example_subdag_operator.section-1 to None
[2021-05-16 13:22:29,430] {logging_mixin.py:104} INFO - [2021-05-16 13:22:29,430] {dag.py:2280} INFO - Setting next_dagrun for example_subdag_operator.section-2 to None
[2021-05-16 13:22:29,433] {scheduler_job.py:190} INFO - Processing /Users/harry/.local/share/virtualenvs/rugby_data_project_airflow-d2RAFQI6/lib/python3.8/site-packages/airflow/example_dags/example_subdag_operator.py took 0.055 seconds
[2021-05-16 13:23:21,512] {scheduler_job.py:182} INFO - Started process (PID=6132) to work on /Users/harry/.local/share/virtualenvs/rugby_data_project_airflow-d2RAFQI6/lib/python3.8/site-packages/airflow/example_dags/example_subdag_operator.py
[2021-05-16 13:23:21,513] {scheduler_job.py:629} INFO - Processing file /Users/harry/.local/share/virtualenvs/rugby_data_project_airflow-d2RAFQI6/lib/python3.8/site-packages/airflow/example_dags/example_subdag_operator.py for tasks to queue
[2021-05-16 13:23:21,513] {logging_mixin.py:104} INFO - [2021-05-16 13:23:21,513] {dagbag.py:451} INFO - Filling up the DagBag from /Users/harry/.local/share/virtualenvs/rugby_data_project_airflow-d2RAFQI6/lib/python3.8/site-packages/airflow/example_dags/example_subdag_operator.py
[2021-05-16 13:23:21,545] {scheduler_job.py:639} INFO - DAG(s) dict_keys(['example_subdag_operator.section-1', 'example_subdag_operator.section-2', 'example_subdag_operator']) retrieved from /Users/harry/.local/share/virtualenvs/rugby_data_project_airflow-d2RAFQI6/lib/python3.8/site-packages/airflow/example_dags/example_subdag_operator.py
[2021-05-16 13:23:21,550] {logging_mixin.py:104} INFO - [2021-05-16 13:23:21,550] {dag.py:1824} INFO - Sync 3 DAGs
[2021-05-16 13:23:21,556] {logging_mixin.py:104} INFO - [2021-05-16 13:23:21,556] {dag.py:2280} INFO - Setting next_dagrun for example_subdag_operator to 2021-05-14 00:00:00+00:00
[2021-05-16 13:23:21,556] {logging_mixin.py:104} INFO - [2021-05-16 13:23:21,556] {dag.py:2280} INFO - Setting next_dagrun for example_subdag_operator.section-1 to None
[2021-05-16 13:23:21,556] {logging_mixin.py:104} INFO - [2021-05-16 13:23:21,556] {dag.py:2280} INFO - Setting next_dagrun for example_subdag_operator.section-2 to None
[2021-05-16 13:23:21,560] {logging_mixin.py:104} INFO - [2021-05-16 13:23:21,560] {dag.py:1824} INFO - Sync 2 DAGs
[2021-05-16 13:23:21,564] {logging_mixin.py:104} INFO - [2021-05-16 13:23:21,564] {dag.py:2280} INFO - Setting next_dagrun for example_subdag_operator.section-1 to None
[2021-05-16 13:23:21,564] {logging_mixin.py:104} INFO - [2021-05-16 13:23:21,564] {dag.py:2280} INFO - Setting next_dagrun for example_subdag_operator.section-2 to None
[2021-05-16 13:23:21,568] {scheduler_job.py:190} INFO - Processing /Users/harry/.local/share/virtualenvs/rugby_data_project_airflow-d2RAFQI6/lib/python3.8/site-packages/airflow/example_dags/example_subdag_operator.py took 0.056 seconds
[2021-05-16 13:24:12,970] {scheduler_job.py:182} INFO - Started process (PID=6856) to work on /Users/harry/.local/share/virtualenvs/rugby_data_project_airflow-d2RAFQI6/lib/python3.8/site-packages/airflow/example_dags/example_subdag_operator.py
[2021-05-16 13:24:12,971] {scheduler_job.py:629} INFO - Processing file /Users/harry/.local/share/virtualenvs/rugby_data_project_airflow-d2RAFQI6/lib/python3.8/site-packages/airflow/example_dags/example_subdag_operator.py for tasks to queue
[2021-05-16 13:24:12,971] {logging_mixin.py:104} INFO - [2021-05-16 13:24:12,971] {dagbag.py:451} INFO - Filling up the DagBag from /Users/harry/.local/share/virtualenvs/rugby_data_project_airflow-d2RAFQI6/lib/python3.8/site-packages/airflow/example_dags/example_subdag_operator.py
[2021-05-16 13:24:13,001] {scheduler_job.py:639} INFO - DAG(s) dict_keys(['example_subdag_operator.section-1', 'example_subdag_operator.section-2', 'example_subdag_operator']) retrieved from /Users/harry/.local/share/virtualenvs/rugby_data_project_airflow-d2RAFQI6/lib/python3.8/site-packages/airflow/example_dags/example_subdag_operator.py
[2021-05-16 13:24:13,007] {logging_mixin.py:104} INFO - [2021-05-16 13:24:13,007] {dag.py:1824} INFO - Sync 3 DAGs
[2021-05-16 13:24:13,013] {logging_mixin.py:104} INFO - [2021-05-16 13:24:13,013] {dag.py:2280} INFO - Setting next_dagrun for example_subdag_operator to 2021-05-14 00:00:00+00:00
[2021-05-16 13:24:13,013] {logging_mixin.py:104} INFO - [2021-05-16 13:24:13,013] {dag.py:2280} INFO - Setting next_dagrun for example_subdag_operator.section-1 to None
[2021-05-16 13:24:13,013] {logging_mixin.py:104} INFO - [2021-05-16 13:24:13,013] {dag.py:2280} INFO - Setting next_dagrun for example_subdag_operator.section-2 to None
[2021-05-16 13:24:13,017] {logging_mixin.py:104} INFO - [2021-05-16 13:24:13,017] {dag.py:1824} INFO - Sync 2 DAGs
[2021-05-16 13:24:13,021] {logging_mixin.py:104} INFO - [2021-05-16 13:24:13,021] {dag.py:2280} INFO - Setting next_dagrun for example_subdag_operator.section-1 to None
[2021-05-16 13:24:13,021] {logging_mixin.py:104} INFO - [2021-05-16 13:24:13,021] {dag.py:2280} INFO - Setting next_dagrun for example_subdag_operator.section-2 to None
[2021-05-16 13:24:13,025] {scheduler_job.py:190} INFO - Processing /Users/harry/.local/share/virtualenvs/rugby_data_project_airflow-d2RAFQI6/lib/python3.8/site-packages/airflow/example_dags/example_subdag_operator.py took 0.055 seconds
[2021-05-16 20:06:44,359] {scheduler_job.py:182} INFO - Started process (PID=14420) to work on /Users/harry/.local/share/virtualenvs/rugby_data_project_airflow-d2RAFQI6/lib/python3.8/site-packages/airflow/example_dags/example_subdag_operator.py
[2021-05-16 20:06:44,361] {scheduler_job.py:629} INFO - Processing file /Users/harry/.local/share/virtualenvs/rugby_data_project_airflow-d2RAFQI6/lib/python3.8/site-packages/airflow/example_dags/example_subdag_operator.py for tasks to queue
[2021-05-16 20:06:44,362] {logging_mixin.py:104} INFO - [2021-05-16 20:06:44,362] {dagbag.py:451} INFO - Filling up the DagBag from /Users/harry/.local/share/virtualenvs/rugby_data_project_airflow-d2RAFQI6/lib/python3.8/site-packages/airflow/example_dags/example_subdag_operator.py
[2021-05-16 20:06:44,405] {scheduler_job.py:639} INFO - DAG(s) dict_keys(['example_subdag_operator.section-1', 'example_subdag_operator.section-2', 'example_subdag_operator']) retrieved from /Users/harry/.local/share/virtualenvs/rugby_data_project_airflow-d2RAFQI6/lib/python3.8/site-packages/airflow/example_dags/example_subdag_operator.py
[2021-05-16 20:06:44,411] {logging_mixin.py:104} INFO - [2021-05-16 20:06:44,411] {dag.py:1824} INFO - Sync 3 DAGs
[2021-05-16 20:06:44,417] {logging_mixin.py:104} INFO - [2021-05-16 20:06:44,417] {dag.py:2280} INFO - Setting next_dagrun for example_subdag_operator to 2021-05-14 00:00:00+00:00
[2021-05-16 20:06:44,417] {logging_mixin.py:104} INFO - [2021-05-16 20:06:44,417] {dag.py:2280} INFO - Setting next_dagrun for example_subdag_operator.section-1 to None
[2021-05-16 20:06:44,418] {logging_mixin.py:104} INFO - [2021-05-16 20:06:44,417] {dag.py:2280} INFO - Setting next_dagrun for example_subdag_operator.section-2 to None
[2021-05-16 20:06:44,422] {logging_mixin.py:104} INFO - [2021-05-16 20:06:44,422] {dag.py:1824} INFO - Sync 2 DAGs
[2021-05-16 20:06:44,426] {logging_mixin.py:104} INFO - [2021-05-16 20:06:44,426] {dag.py:2280} INFO - Setting next_dagrun for example_subdag_operator.section-1 to None
[2021-05-16 20:06:44,426] {logging_mixin.py:104} INFO - [2021-05-16 20:06:44,426] {dag.py:2280} INFO - Setting next_dagrun for example_subdag_operator.section-2 to None
[2021-05-16 20:06:44,430] {scheduler_job.py:190} INFO - Processing /Users/harry/.local/share/virtualenvs/rugby_data_project_airflow-d2RAFQI6/lib/python3.8/site-packages/airflow/example_dags/example_subdag_operator.py took 0.071 seconds
[2021-05-16 20:07:20,679] {scheduler_job.py:182} INFO - Started process (PID=14787) to work on /Users/harry/.local/share/virtualenvs/rugby_data_project_airflow-d2RAFQI6/lib/python3.8/site-packages/airflow/example_dags/example_subdag_operator.py
[2021-05-16 20:07:20,680] {scheduler_job.py:629} INFO - Processing file /Users/harry/.local/share/virtualenvs/rugby_data_project_airflow-d2RAFQI6/lib/python3.8/site-packages/airflow/example_dags/example_subdag_operator.py for tasks to queue
[2021-05-16 20:07:20,681] {logging_mixin.py:104} INFO - [2021-05-16 20:07:20,681] {dagbag.py:451} INFO - Filling up the DagBag from /Users/harry/.local/share/virtualenvs/rugby_data_project_airflow-d2RAFQI6/lib/python3.8/site-packages/airflow/example_dags/example_subdag_operator.py
[2021-05-16 20:07:20,714] {scheduler_job.py:639} INFO - DAG(s) dict_keys(['example_subdag_operator.section-1', 'example_subdag_operator.section-2', 'example_subdag_operator']) retrieved from /Users/harry/.local/share/virtualenvs/rugby_data_project_airflow-d2RAFQI6/lib/python3.8/site-packages/airflow/example_dags/example_subdag_operator.py
[2021-05-16 20:07:20,721] {logging_mixin.py:104} INFO - [2021-05-16 20:07:20,721] {dag.py:1824} INFO - Sync 3 DAGs
[2021-05-16 20:07:20,726] {logging_mixin.py:104} INFO - [2021-05-16 20:07:20,726] {dag.py:2280} INFO - Setting next_dagrun for example_subdag_operator to 2021-05-14 00:00:00+00:00
[2021-05-16 20:07:20,726] {logging_mixin.py:104} INFO - [2021-05-16 20:07:20,726] {dag.py:2280} INFO - Setting next_dagrun for example_subdag_operator.section-1 to None
[2021-05-16 20:07:20,726] {logging_mixin.py:104} INFO - [2021-05-16 20:07:20,726] {dag.py:2280} INFO - Setting next_dagrun for example_subdag_operator.section-2 to None
[2021-05-16 20:07:20,730] {logging_mixin.py:104} INFO - [2021-05-16 20:07:20,730] {dag.py:1824} INFO - Sync 2 DAGs
[2021-05-16 20:07:20,734] {logging_mixin.py:104} INFO - [2021-05-16 20:07:20,734] {dag.py:2280} INFO - Setting next_dagrun for example_subdag_operator.section-1 to None
[2021-05-16 20:07:20,734] {logging_mixin.py:104} INFO - [2021-05-16 20:07:20,734] {dag.py:2280} INFO - Setting next_dagrun for example_subdag_operator.section-2 to None
[2021-05-16 20:07:20,738] {scheduler_job.py:190} INFO - Processing /Users/harry/.local/share/virtualenvs/rugby_data_project_airflow-d2RAFQI6/lib/python3.8/site-packages/airflow/example_dags/example_subdag_operator.py took 0.059 seconds
[2021-05-16 20:08:13,538] {scheduler_job.py:182} INFO - Started process (PID=15413) to work on /Users/harry/.local/share/virtualenvs/rugby_data_project_airflow-d2RAFQI6/lib/python3.8/site-packages/airflow/example_dags/example_subdag_operator.py
[2021-05-16 20:08:13,539] {scheduler_job.py:629} INFO - Processing file /Users/harry/.local/share/virtualenvs/rugby_data_project_airflow-d2RAFQI6/lib/python3.8/site-packages/airflow/example_dags/example_subdag_operator.py for tasks to queue
[2021-05-16 20:08:13,540] {logging_mixin.py:104} INFO - [2021-05-16 20:08:13,540] {dagbag.py:451} INFO - Filling up the DagBag from /Users/harry/.local/share/virtualenvs/rugby_data_project_airflow-d2RAFQI6/lib/python3.8/site-packages/airflow/example_dags/example_subdag_operator.py
[2021-05-16 20:08:13,571] {scheduler_job.py:639} INFO - DAG(s) dict_keys(['example_subdag_operator.section-1', 'example_subdag_operator.section-2', 'example_subdag_operator']) retrieved from /Users/harry/.local/share/virtualenvs/rugby_data_project_airflow-d2RAFQI6/lib/python3.8/site-packages/airflow/example_dags/example_subdag_operator.py
[2021-05-16 20:08:13,576] {logging_mixin.py:104} INFO - [2021-05-16 20:08:13,576] {dag.py:1824} INFO - Sync 3 DAGs
[2021-05-16 20:08:13,581] {logging_mixin.py:104} INFO - [2021-05-16 20:08:13,581] {dag.py:2280} INFO - Setting next_dagrun for example_subdag_operator to 2021-05-14 00:00:00+00:00
[2021-05-16 20:08:13,582] {logging_mixin.py:104} INFO - [2021-05-16 20:08:13,582] {dag.py:2280} INFO - Setting next_dagrun for example_subdag_operator.section-1 to None
[2021-05-16 20:08:13,582] {logging_mixin.py:104} INFO - [2021-05-16 20:08:13,582] {dag.py:2280} INFO - Setting next_dagrun for example_subdag_operator.section-2 to None
[2021-05-16 20:08:13,586] {logging_mixin.py:104} INFO - [2021-05-16 20:08:13,586] {dag.py:1824} INFO - Sync 2 DAGs
[2021-05-16 20:08:13,590] {logging_mixin.py:104} INFO - [2021-05-16 20:08:13,590] {dag.py:2280} INFO - Setting next_dagrun for example_subdag_operator.section-1 to None
[2021-05-16 20:08:13,590] {logging_mixin.py:104} INFO - [2021-05-16 20:08:13,590] {dag.py:2280} INFO - Setting next_dagrun for example_subdag_operator.section-2 to None
[2021-05-16 20:08:13,594] {scheduler_job.py:190} INFO - Processing /Users/harry/.local/share/virtualenvs/rugby_data_project_airflow-d2RAFQI6/lib/python3.8/site-packages/airflow/example_dags/example_subdag_operator.py took 0.056 seconds
[2021-05-16 20:09:01,641] {scheduler_job.py:182} INFO - Started process (PID=15921) to work on /Users/harry/.local/share/virtualenvs/rugby_data_project_airflow-d2RAFQI6/lib/python3.8/site-packages/airflow/example_dags/example_subdag_operator.py
[2021-05-16 20:09:01,642] {scheduler_job.py:629} INFO - Processing file /Users/harry/.local/share/virtualenvs/rugby_data_project_airflow-d2RAFQI6/lib/python3.8/site-packages/airflow/example_dags/example_subdag_operator.py for tasks to queue
[2021-05-16 20:09:01,642] {logging_mixin.py:104} INFO - [2021-05-16 20:09:01,642] {dagbag.py:451} INFO - Filling up the DagBag from /Users/harry/.local/share/virtualenvs/rugby_data_project_airflow-d2RAFQI6/lib/python3.8/site-packages/airflow/example_dags/example_subdag_operator.py
[2021-05-16 20:09:01,669] {scheduler_job.py:639} INFO - DAG(s) dict_keys(['example_subdag_operator.section-1', 'example_subdag_operator.section-2', 'example_subdag_operator']) retrieved from /Users/harry/.local/share/virtualenvs/rugby_data_project_airflow-d2RAFQI6/lib/python3.8/site-packages/airflow/example_dags/example_subdag_operator.py
[2021-05-16 20:09:01,674] {logging_mixin.py:104} INFO - [2021-05-16 20:09:01,674] {dag.py:1824} INFO - Sync 3 DAGs
[2021-05-16 20:09:01,680] {logging_mixin.py:104} INFO - [2021-05-16 20:09:01,680] {dag.py:2280} INFO - Setting next_dagrun for example_subdag_operator to 2021-05-14 00:00:00+00:00
[2021-05-16 20:09:01,681] {logging_mixin.py:104} INFO - [2021-05-16 20:09:01,680] {dag.py:2280} INFO - Setting next_dagrun for example_subdag_operator.section-1 to None
[2021-05-16 20:09:01,681] {logging_mixin.py:104} INFO - [2021-05-16 20:09:01,681] {dag.py:2280} INFO - Setting next_dagrun for example_subdag_operator.section-2 to None
[2021-05-16 20:09:01,686] {logging_mixin.py:104} INFO - [2021-05-16 20:09:01,686] {dag.py:1824} INFO - Sync 2 DAGs
[2021-05-16 20:09:01,691] {logging_mixin.py:104} INFO - [2021-05-16 20:09:01,691] {dag.py:2280} INFO - Setting next_dagrun for example_subdag_operator.section-1 to None
[2021-05-16 20:09:01,691] {logging_mixin.py:104} INFO - [2021-05-16 20:09:01,691] {dag.py:2280} INFO - Setting next_dagrun for example_subdag_operator.section-2 to None
[2021-05-16 20:09:01,698] {scheduler_job.py:190} INFO - Processing /Users/harry/.local/share/virtualenvs/rugby_data_project_airflow-d2RAFQI6/lib/python3.8/site-packages/airflow/example_dags/example_subdag_operator.py took 0.058 seconds
[2021-05-16 20:09:45,802] {scheduler_job.py:182} INFO - Started process (PID=16440) to work on /Users/harry/.local/share/virtualenvs/rugby_data_project_airflow-d2RAFQI6/lib/python3.8/site-packages/airflow/example_dags/example_subdag_operator.py
[2021-05-16 20:09:45,803] {scheduler_job.py:629} INFO - Processing file /Users/harry/.local/share/virtualenvs/rugby_data_project_airflow-d2RAFQI6/lib/python3.8/site-packages/airflow/example_dags/example_subdag_operator.py for tasks to queue
[2021-05-16 20:09:45,804] {logging_mixin.py:104} INFO - [2021-05-16 20:09:45,804] {dagbag.py:451} INFO - Filling up the DagBag from /Users/harry/.local/share/virtualenvs/rugby_data_project_airflow-d2RAFQI6/lib/python3.8/site-packages/airflow/example_dags/example_subdag_operator.py
[2021-05-16 20:09:45,837] {scheduler_job.py:639} INFO - DAG(s) dict_keys(['example_subdag_operator.section-1', 'example_subdag_operator.section-2', 'example_subdag_operator']) retrieved from /Users/harry/.local/share/virtualenvs/rugby_data_project_airflow-d2RAFQI6/lib/python3.8/site-packages/airflow/example_dags/example_subdag_operator.py
[2021-05-16 20:09:45,842] {logging_mixin.py:104} INFO - [2021-05-16 20:09:45,842] {dag.py:1824} INFO - Sync 3 DAGs
[2021-05-16 20:09:45,847] {logging_mixin.py:104} INFO - [2021-05-16 20:09:45,847] {dag.py:2280} INFO - Setting next_dagrun for example_subdag_operator to 2021-05-14 00:00:00+00:00
[2021-05-16 20:09:45,847] {logging_mixin.py:104} INFO - [2021-05-16 20:09:45,847] {dag.py:2280} INFO - Setting next_dagrun for example_subdag_operator.section-1 to None
[2021-05-16 20:09:45,848] {logging_mixin.py:104} INFO - [2021-05-16 20:09:45,848] {dag.py:2280} INFO - Setting next_dagrun for example_subdag_operator.section-2 to None
[2021-05-16 20:09:45,852] {logging_mixin.py:104} INFO - [2021-05-16 20:09:45,852] {dag.py:1824} INFO - Sync 2 DAGs
[2021-05-16 20:09:45,857] {logging_mixin.py:104} INFO - [2021-05-16 20:09:45,857] {dag.py:2280} INFO - Setting next_dagrun for example_subdag_operator.section-1 to None
[2021-05-16 20:09:45,857] {logging_mixin.py:104} INFO - [2021-05-16 20:09:45,857] {dag.py:2280} INFO - Setting next_dagrun for example_subdag_operator.section-2 to None
[2021-05-16 20:09:45,862] {scheduler_job.py:190} INFO - Processing /Users/harry/.local/share/virtualenvs/rugby_data_project_airflow-d2RAFQI6/lib/python3.8/site-packages/airflow/example_dags/example_subdag_operator.py took 0.061 seconds
[2021-05-16 20:10:36,490] {scheduler_job.py:182} INFO - Started process (PID=17032) to work on /Users/harry/.local/share/virtualenvs/rugby_data_project_airflow-d2RAFQI6/lib/python3.8/site-packages/airflow/example_dags/example_subdag_operator.py
[2021-05-16 20:10:36,491] {scheduler_job.py:629} INFO - Processing file /Users/harry/.local/share/virtualenvs/rugby_data_project_airflow-d2RAFQI6/lib/python3.8/site-packages/airflow/example_dags/example_subdag_operator.py for tasks to queue
[2021-05-16 20:10:36,492] {logging_mixin.py:104} INFO - [2021-05-16 20:10:36,492] {dagbag.py:451} INFO - Filling up the DagBag from /Users/harry/.local/share/virtualenvs/rugby_data_project_airflow-d2RAFQI6/lib/python3.8/site-packages/airflow/example_dags/example_subdag_operator.py
[2021-05-16 20:10:36,534] {scheduler_job.py:639} INFO - DAG(s) dict_keys(['example_subdag_operator.section-1', 'example_subdag_operator.section-2', 'example_subdag_operator']) retrieved from /Users/harry/.local/share/virtualenvs/rugby_data_project_airflow-d2RAFQI6/lib/python3.8/site-packages/airflow/example_dags/example_subdag_operator.py
[2021-05-16 20:10:36,539] {logging_mixin.py:104} INFO - [2021-05-16 20:10:36,539] {dag.py:1824} INFO - Sync 3 DAGs
[2021-05-16 20:10:36,544] {logging_mixin.py:104} INFO - [2021-05-16 20:10:36,544] {dag.py:2280} INFO - Setting next_dagrun for example_subdag_operator to 2021-05-14 00:00:00+00:00
[2021-05-16 20:10:36,545] {logging_mixin.py:104} INFO - [2021-05-16 20:10:36,545] {dag.py:2280} INFO - Setting next_dagrun for example_subdag_operator.section-1 to None
[2021-05-16 20:10:36,545] {logging_mixin.py:104} INFO - [2021-05-16 20:10:36,545] {dag.py:2280} INFO - Setting next_dagrun for example_subdag_operator.section-2 to None
[2021-05-16 20:10:36,552] {logging_mixin.py:104} INFO - [2021-05-16 20:10:36,552] {dag.py:1824} INFO - Sync 2 DAGs
[2021-05-16 20:10:36,561] {logging_mixin.py:104} INFO - [2021-05-16 20:10:36,561] {dag.py:2280} INFO - Setting next_dagrun for example_subdag_operator.section-1 to None
[2021-05-16 20:10:36,561] {logging_mixin.py:104} INFO - [2021-05-16 20:10:36,561] {dag.py:2280} INFO - Setting next_dagrun for example_subdag_operator.section-2 to None
[2021-05-16 20:10:36,570] {scheduler_job.py:190} INFO - Processing /Users/harry/.local/share/virtualenvs/rugby_data_project_airflow-d2RAFQI6/lib/python3.8/site-packages/airflow/example_dags/example_subdag_operator.py took 0.080 seconds
[2021-05-16 20:11:22,729] {scheduler_job.py:182} INFO - Started process (PID=17522) to work on /Users/harry/.local/share/virtualenvs/rugby_data_project_airflow-d2RAFQI6/lib/python3.8/site-packages/airflow/example_dags/example_subdag_operator.py
[2021-05-16 20:11:22,729] {scheduler_job.py:629} INFO - Processing file /Users/harry/.local/share/virtualenvs/rugby_data_project_airflow-d2RAFQI6/lib/python3.8/site-packages/airflow/example_dags/example_subdag_operator.py for tasks to queue
[2021-05-16 20:11:22,730] {logging_mixin.py:104} INFO - [2021-05-16 20:11:22,730] {dagbag.py:451} INFO - Filling up the DagBag from /Users/harry/.local/share/virtualenvs/rugby_data_project_airflow-d2RAFQI6/lib/python3.8/site-packages/airflow/example_dags/example_subdag_operator.py
[2021-05-16 20:11:22,763] {scheduler_job.py:639} INFO - DAG(s) dict_keys(['example_subdag_operator.section-1', 'example_subdag_operator.section-2', 'example_subdag_operator']) retrieved from /Users/harry/.local/share/virtualenvs/rugby_data_project_airflow-d2RAFQI6/lib/python3.8/site-packages/airflow/example_dags/example_subdag_operator.py
[2021-05-16 20:11:22,769] {logging_mixin.py:104} INFO - [2021-05-16 20:11:22,769] {dag.py:1824} INFO - Sync 3 DAGs
[2021-05-16 20:11:22,775] {logging_mixin.py:104} INFO - [2021-05-16 20:11:22,775] {dag.py:2280} INFO - Setting next_dagrun for example_subdag_operator to 2021-05-14 00:00:00+00:00
[2021-05-16 20:11:22,775] {logging_mixin.py:104} INFO - [2021-05-16 20:11:22,775] {dag.py:2280} INFO - Setting next_dagrun for example_subdag_operator.section-1 to None
[2021-05-16 20:11:22,775] {logging_mixin.py:104} INFO - [2021-05-16 20:11:22,775] {dag.py:2280} INFO - Setting next_dagrun for example_subdag_operator.section-2 to None
[2021-05-16 20:11:22,779] {logging_mixin.py:104} INFO - [2021-05-16 20:11:22,779] {dag.py:1824} INFO - Sync 2 DAGs
[2021-05-16 20:11:22,783] {logging_mixin.py:104} INFO - [2021-05-16 20:11:22,783] {dag.py:2280} INFO - Setting next_dagrun for example_subdag_operator.section-1 to None
[2021-05-16 20:11:22,783] {logging_mixin.py:104} INFO - [2021-05-16 20:11:22,783] {dag.py:2280} INFO - Setting next_dagrun for example_subdag_operator.section-2 to None
[2021-05-16 20:11:22,787] {scheduler_job.py:190} INFO - Processing /Users/harry/.local/share/virtualenvs/rugby_data_project_airflow-d2RAFQI6/lib/python3.8/site-packages/airflow/example_dags/example_subdag_operator.py took 0.059 seconds
[2021-05-16 20:12:09,168] {scheduler_job.py:182} INFO - Started process (PID=18014) to work on /Users/harry/.local/share/virtualenvs/rugby_data_project_airflow-d2RAFQI6/lib/python3.8/site-packages/airflow/example_dags/example_subdag_operator.py
[2021-05-16 20:12:09,169] {scheduler_job.py:629} INFO - Processing file /Users/harry/.local/share/virtualenvs/rugby_data_project_airflow-d2RAFQI6/lib/python3.8/site-packages/airflow/example_dags/example_subdag_operator.py for tasks to queue
[2021-05-16 20:12:09,170] {logging_mixin.py:104} INFO - [2021-05-16 20:12:09,170] {dagbag.py:451} INFO - Filling up the DagBag from /Users/harry/.local/share/virtualenvs/rugby_data_project_airflow-d2RAFQI6/lib/python3.8/site-packages/airflow/example_dags/example_subdag_operator.py
[2021-05-16 20:12:09,214] {scheduler_job.py:639} INFO - DAG(s) dict_keys(['example_subdag_operator.section-1', 'example_subdag_operator.section-2', 'example_subdag_operator']) retrieved from /Users/harry/.local/share/virtualenvs/rugby_data_project_airflow-d2RAFQI6/lib/python3.8/site-packages/airflow/example_dags/example_subdag_operator.py
[2021-05-16 20:12:09,219] {logging_mixin.py:104} INFO - [2021-05-16 20:12:09,219] {dag.py:1824} INFO - Sync 3 DAGs
[2021-05-16 20:12:09,225] {logging_mixin.py:104} INFO - [2021-05-16 20:12:09,225] {dag.py:2280} INFO - Setting next_dagrun for example_subdag_operator to 2021-05-14 00:00:00+00:00
[2021-05-16 20:12:09,225] {logging_mixin.py:104} INFO - [2021-05-16 20:12:09,225] {dag.py:2280} INFO - Setting next_dagrun for example_subdag_operator.section-1 to None
[2021-05-16 20:12:09,225] {logging_mixin.py:104} INFO - [2021-05-16 20:12:09,225] {dag.py:2280} INFO - Setting next_dagrun for example_subdag_operator.section-2 to None
[2021-05-16 20:12:09,230] {logging_mixin.py:104} INFO - [2021-05-16 20:12:09,230] {dag.py:1824} INFO - Sync 2 DAGs
[2021-05-16 20:12:09,234] {logging_mixin.py:104} INFO - [2021-05-16 20:12:09,234] {dag.py:2280} INFO - Setting next_dagrun for example_subdag_operator.section-1 to None
[2021-05-16 20:12:09,234] {logging_mixin.py:104} INFO - [2021-05-16 20:12:09,234] {dag.py:2280} INFO - Setting next_dagrun for example_subdag_operator.section-2 to None
[2021-05-16 20:12:09,237] {scheduler_job.py:190} INFO - Processing /Users/harry/.local/share/virtualenvs/rugby_data_project_airflow-d2RAFQI6/lib/python3.8/site-packages/airflow/example_dags/example_subdag_operator.py took 0.070 seconds
[2021-05-16 20:12:56,231] {scheduler_job.py:182} INFO - Started process (PID=18671) to work on /Users/harry/.local/share/virtualenvs/rugby_data_project_airflow-d2RAFQI6/lib/python3.8/site-packages/airflow/example_dags/example_subdag_operator.py
[2021-05-16 20:12:56,232] {scheduler_job.py:629} INFO - Processing file /Users/harry/.local/share/virtualenvs/rugby_data_project_airflow-d2RAFQI6/lib/python3.8/site-packages/airflow/example_dags/example_subdag_operator.py for tasks to queue
[2021-05-16 20:12:56,233] {logging_mixin.py:104} INFO - [2021-05-16 20:12:56,233] {dagbag.py:451} INFO - Filling up the DagBag from /Users/harry/.local/share/virtualenvs/rugby_data_project_airflow-d2RAFQI6/lib/python3.8/site-packages/airflow/example_dags/example_subdag_operator.py
[2021-05-16 20:12:56,276] {scheduler_job.py:639} INFO - DAG(s) dict_keys(['example_subdag_operator.section-1', 'example_subdag_operator.section-2', 'example_subdag_operator']) retrieved from /Users/harry/.local/share/virtualenvs/rugby_data_project_airflow-d2RAFQI6/lib/python3.8/site-packages/airflow/example_dags/example_subdag_operator.py
[2021-05-16 20:12:56,281] {logging_mixin.py:104} INFO - [2021-05-16 20:12:56,281] {dag.py:1824} INFO - Sync 3 DAGs
[2021-05-16 20:12:56,287] {logging_mixin.py:104} INFO - [2021-05-16 20:12:56,287] {dag.py:2280} INFO - Setting next_dagrun for example_subdag_operator to 2021-05-14 00:00:00+00:00
[2021-05-16 20:12:56,287] {logging_mixin.py:104} INFO - [2021-05-16 20:12:56,287] {dag.py:2280} INFO - Setting next_dagrun for example_subdag_operator.section-1 to None
[2021-05-16 20:12:56,287] {logging_mixin.py:104} INFO - [2021-05-16 20:12:56,287] {dag.py:2280} INFO - Setting next_dagrun for example_subdag_operator.section-2 to None
[2021-05-16 20:12:56,292] {logging_mixin.py:104} INFO - [2021-05-16 20:12:56,292] {dag.py:1824} INFO - Sync 2 DAGs
[2021-05-16 20:12:56,296] {logging_mixin.py:104} INFO - [2021-05-16 20:12:56,296] {dag.py:2280} INFO - Setting next_dagrun for example_subdag_operator.section-1 to None
[2021-05-16 20:12:56,296] {logging_mixin.py:104} INFO - [2021-05-16 20:12:56,296] {dag.py:2280} INFO - Setting next_dagrun for example_subdag_operator.section-2 to None
[2021-05-16 20:12:56,301] {scheduler_job.py:190} INFO - Processing /Users/harry/.local/share/virtualenvs/rugby_data_project_airflow-d2RAFQI6/lib/python3.8/site-packages/airflow/example_dags/example_subdag_operator.py took 0.070 seconds
[2021-05-16 20:13:48,560] {scheduler_job.py:182} INFO - Started process (PID=19343) to work on /Users/harry/.local/share/virtualenvs/rugby_data_project_airflow-d2RAFQI6/lib/python3.8/site-packages/airflow/example_dags/example_subdag_operator.py
[2021-05-16 20:13:48,561] {scheduler_job.py:629} INFO - Processing file /Users/harry/.local/share/virtualenvs/rugby_data_project_airflow-d2RAFQI6/lib/python3.8/site-packages/airflow/example_dags/example_subdag_operator.py for tasks to queue
[2021-05-16 20:13:48,561] {logging_mixin.py:104} INFO - [2021-05-16 20:13:48,561] {dagbag.py:451} INFO - Filling up the DagBag from /Users/harry/.local/share/virtualenvs/rugby_data_project_airflow-d2RAFQI6/lib/python3.8/site-packages/airflow/example_dags/example_subdag_operator.py
[2021-05-16 20:13:48,594] {scheduler_job.py:639} INFO - DAG(s) dict_keys(['example_subdag_operator.section-1', 'example_subdag_operator.section-2', 'example_subdag_operator']) retrieved from /Users/harry/.local/share/virtualenvs/rugby_data_project_airflow-d2RAFQI6/lib/python3.8/site-packages/airflow/example_dags/example_subdag_operator.py
[2021-05-16 20:13:48,599] {logging_mixin.py:104} INFO - [2021-05-16 20:13:48,598] {dag.py:1824} INFO - Sync 3 DAGs
[2021-05-16 20:13:48,604] {logging_mixin.py:104} INFO - [2021-05-16 20:13:48,604] {dag.py:2280} INFO - Setting next_dagrun for example_subdag_operator to 2021-05-14 00:00:00+00:00
[2021-05-16 20:13:48,605] {logging_mixin.py:104} INFO - [2021-05-16 20:13:48,605] {dag.py:2280} INFO - Setting next_dagrun for example_subdag_operator.section-1 to None
[2021-05-16 20:13:48,605] {logging_mixin.py:104} INFO - [2021-05-16 20:13:48,605] {dag.py:2280} INFO - Setting next_dagrun for example_subdag_operator.section-2 to None
[2021-05-16 20:13:48,609] {logging_mixin.py:104} INFO - [2021-05-16 20:13:48,609] {dag.py:1824} INFO - Sync 2 DAGs
[2021-05-16 20:13:48,620] {logging_mixin.py:104} INFO - [2021-05-16 20:13:48,619] {dag.py:2280} INFO - Setting next_dagrun for example_subdag_operator.section-1 to None
[2021-05-16 20:13:48,620] {logging_mixin.py:104} INFO - [2021-05-16 20:13:48,620] {dag.py:2280} INFO - Setting next_dagrun for example_subdag_operator.section-2 to None
[2021-05-16 20:13:48,627] {scheduler_job.py:190} INFO - Processing /Users/harry/.local/share/virtualenvs/rugby_data_project_airflow-d2RAFQI6/lib/python3.8/site-packages/airflow/example_dags/example_subdag_operator.py took 0.067 seconds
[2021-05-16 20:14:37,278] {scheduler_job.py:182} INFO - Started process (PID=19922) to work on /Users/harry/.local/share/virtualenvs/rugby_data_project_airflow-d2RAFQI6/lib/python3.8/site-packages/airflow/example_dags/example_subdag_operator.py
[2021-05-16 20:14:37,280] {scheduler_job.py:629} INFO - Processing file /Users/harry/.local/share/virtualenvs/rugby_data_project_airflow-d2RAFQI6/lib/python3.8/site-packages/airflow/example_dags/example_subdag_operator.py for tasks to queue
[2021-05-16 20:14:37,280] {logging_mixin.py:104} INFO - [2021-05-16 20:14:37,280] {dagbag.py:451} INFO - Filling up the DagBag from /Users/harry/.local/share/virtualenvs/rugby_data_project_airflow-d2RAFQI6/lib/python3.8/site-packages/airflow/example_dags/example_subdag_operator.py
[2021-05-16 20:14:37,312] {scheduler_job.py:639} INFO - DAG(s) dict_keys(['example_subdag_operator.section-1', 'example_subdag_operator.section-2', 'example_subdag_operator']) retrieved from /Users/harry/.local/share/virtualenvs/rugby_data_project_airflow-d2RAFQI6/lib/python3.8/site-packages/airflow/example_dags/example_subdag_operator.py
[2021-05-16 20:14:37,318] {logging_mixin.py:104} INFO - [2021-05-16 20:14:37,318] {dag.py:1824} INFO - Sync 3 DAGs
[2021-05-16 20:14:37,323] {logging_mixin.py:104} INFO - [2021-05-16 20:14:37,323] {dag.py:2280} INFO - Setting next_dagrun for example_subdag_operator to 2021-05-14 00:00:00+00:00
[2021-05-16 20:14:37,324] {logging_mixin.py:104} INFO - [2021-05-16 20:14:37,324] {dag.py:2280} INFO - Setting next_dagrun for example_subdag_operator.section-1 to None
[2021-05-16 20:14:37,324] {logging_mixin.py:104} INFO - [2021-05-16 20:14:37,324] {dag.py:2280} INFO - Setting next_dagrun for example_subdag_operator.section-2 to None
[2021-05-16 20:14:37,328] {logging_mixin.py:104} INFO - [2021-05-16 20:14:37,328] {dag.py:1824} INFO - Sync 2 DAGs
[2021-05-16 20:14:37,333] {logging_mixin.py:104} INFO - [2021-05-16 20:14:37,333] {dag.py:2280} INFO - Setting next_dagrun for example_subdag_operator.section-1 to None
[2021-05-16 20:14:37,333] {logging_mixin.py:104} INFO - [2021-05-16 20:14:37,333] {dag.py:2280} INFO - Setting next_dagrun for example_subdag_operator.section-2 to None
[2021-05-16 20:14:37,337] {scheduler_job.py:190} INFO - Processing /Users/harry/.local/share/virtualenvs/rugby_data_project_airflow-d2RAFQI6/lib/python3.8/site-packages/airflow/example_dags/example_subdag_operator.py took 0.059 seconds
[2021-05-16 20:15:23,370] {scheduler_job.py:182} INFO - Started process (PID=21232) to work on /Users/harry/.local/share/virtualenvs/rugby_data_project_airflow-d2RAFQI6/lib/python3.8/site-packages/airflow/example_dags/example_subdag_operator.py
[2021-05-16 20:15:23,371] {scheduler_job.py:629} INFO - Processing file /Users/harry/.local/share/virtualenvs/rugby_data_project_airflow-d2RAFQI6/lib/python3.8/site-packages/airflow/example_dags/example_subdag_operator.py for tasks to queue
[2021-05-16 20:15:23,372] {logging_mixin.py:104} INFO - [2021-05-16 20:15:23,372] {dagbag.py:451} INFO - Filling up the DagBag from /Users/harry/.local/share/virtualenvs/rugby_data_project_airflow-d2RAFQI6/lib/python3.8/site-packages/airflow/example_dags/example_subdag_operator.py
[2021-05-16 20:15:23,404] {scheduler_job.py:639} INFO - DAG(s) dict_keys(['example_subdag_operator.section-1', 'example_subdag_operator.section-2', 'example_subdag_operator']) retrieved from /Users/harry/.local/share/virtualenvs/rugby_data_project_airflow-d2RAFQI6/lib/python3.8/site-packages/airflow/example_dags/example_subdag_operator.py
[2021-05-16 20:15:23,409] {logging_mixin.py:104} INFO - [2021-05-16 20:15:23,409] {dag.py:1824} INFO - Sync 3 DAGs
[2021-05-16 20:15:23,415] {logging_mixin.py:104} INFO - [2021-05-16 20:15:23,415] {dag.py:2280} INFO - Setting next_dagrun for example_subdag_operator to 2021-05-14 00:00:00+00:00
[2021-05-16 20:15:23,415] {logging_mixin.py:104} INFO - [2021-05-16 20:15:23,415] {dag.py:2280} INFO - Setting next_dagrun for example_subdag_operator.section-1 to None
[2021-05-16 20:15:23,415] {logging_mixin.py:104} INFO - [2021-05-16 20:15:23,415] {dag.py:2280} INFO - Setting next_dagrun for example_subdag_operator.section-2 to None
[2021-05-16 20:15:23,419] {logging_mixin.py:104} INFO - [2021-05-16 20:15:23,419] {dag.py:1824} INFO - Sync 2 DAGs
[2021-05-16 20:15:23,423] {logging_mixin.py:104} INFO - [2021-05-16 20:15:23,423] {dag.py:2280} INFO - Setting next_dagrun for example_subdag_operator.section-1 to None
[2021-05-16 20:15:23,423] {logging_mixin.py:104} INFO - [2021-05-16 20:15:23,423] {dag.py:2280} INFO - Setting next_dagrun for example_subdag_operator.section-2 to None
[2021-05-16 20:15:23,427] {scheduler_job.py:190} INFO - Processing /Users/harry/.local/share/virtualenvs/rugby_data_project_airflow-d2RAFQI6/lib/python3.8/site-packages/airflow/example_dags/example_subdag_operator.py took 0.057 seconds
