[2021-05-16 07:18:21,402] {scheduler_job.py:182} INFO - Started process (PID=40723) to work on /Users/harry/.local/share/virtualenvs/rugby_data_project_airflow-d2RAFQI6/lib/python3.8/site-packages/airflow/example_dags/example_trigger_controller_dag.py
[2021-05-16 07:18:21,403] {scheduler_job.py:629} INFO - Processing file /Users/harry/.local/share/virtualenvs/rugby_data_project_airflow-d2RAFQI6/lib/python3.8/site-packages/airflow/example_dags/example_trigger_controller_dag.py for tasks to queue
[2021-05-16 07:18:21,404] {logging_mixin.py:104} INFO - [2021-05-16 07:18:21,404] {dagbag.py:451} INFO - Filling up the DagBag from /Users/harry/.local/share/virtualenvs/rugby_data_project_airflow-d2RAFQI6/lib/python3.8/site-packages/airflow/example_dags/example_trigger_controller_dag.py
[2021-05-16 07:18:21,415] {scheduler_job.py:639} INFO - DAG(s) dict_keys(['example_trigger_controller_dag']) retrieved from /Users/harry/.local/share/virtualenvs/rugby_data_project_airflow-d2RAFQI6/lib/python3.8/site-packages/airflow/example_dags/example_trigger_controller_dag.py
[2021-05-16 07:18:21,480] {logging_mixin.py:104} INFO - [2021-05-16 07:18:21,480] {dag.py:1824} INFO - Sync 1 DAGs
[2021-05-16 07:18:21,495] {logging_mixin.py:104} INFO - [2021-05-16 07:18:21,495] {dag.py:2280} INFO - Setting next_dagrun for example_trigger_controller_dag to 2021-05-14 00:00:00+00:00
[2021-05-16 07:18:21,795] {scheduler_job.py:190} INFO - Processing /Users/harry/.local/share/virtualenvs/rugby_data_project_airflow-d2RAFQI6/lib/python3.8/site-packages/airflow/example_dags/example_trigger_controller_dag.py took 0.377 seconds
[2021-05-16 08:51:10,824] {scheduler_job.py:182} INFO - Started process (PID=41522) to work on /Users/harry/.local/share/virtualenvs/rugby_data_project_airflow-d2RAFQI6/lib/python3.8/site-packages/airflow/example_dags/example_trigger_controller_dag.py
[2021-05-16 08:51:10,825] {scheduler_job.py:629} INFO - Processing file /Users/harry/.local/share/virtualenvs/rugby_data_project_airflow-d2RAFQI6/lib/python3.8/site-packages/airflow/example_dags/example_trigger_controller_dag.py for tasks to queue
[2021-05-16 08:51:10,826] {logging_mixin.py:104} INFO - [2021-05-16 08:51:10,826] {dagbag.py:451} INFO - Filling up the DagBag from /Users/harry/.local/share/virtualenvs/rugby_data_project_airflow-d2RAFQI6/lib/python3.8/site-packages/airflow/example_dags/example_trigger_controller_dag.py
[2021-05-16 08:51:10,831] {scheduler_job.py:639} INFO - DAG(s) dict_keys(['example_trigger_controller_dag']) retrieved from /Users/harry/.local/share/virtualenvs/rugby_data_project_airflow-d2RAFQI6/lib/python3.8/site-packages/airflow/example_dags/example_trigger_controller_dag.py
[2021-05-16 08:51:10,856] {logging_mixin.py:104} INFO - [2021-05-16 08:51:10,856] {dag.py:1824} INFO - Sync 1 DAGs
[2021-05-16 08:51:10,863] {logging_mixin.py:104} INFO - [2021-05-16 08:51:10,863] {dag.py:2280} INFO - Setting next_dagrun for example_trigger_controller_dag to 2021-05-14 00:00:00+00:00
[2021-05-16 08:51:10,870] {scheduler_job.py:190} INFO - Processing /Users/harry/.local/share/virtualenvs/rugby_data_project_airflow-d2RAFQI6/lib/python3.8/site-packages/airflow/example_dags/example_trigger_controller_dag.py took 0.047 seconds
[2021-05-16 08:52:43,054] {scheduler_job.py:182} INFO - Started process (PID=41681) to work on /Users/harry/.local/share/virtualenvs/rugby_data_project_airflow-d2RAFQI6/lib/python3.8/site-packages/airflow/example_dags/example_trigger_controller_dag.py
[2021-05-16 08:52:43,056] {scheduler_job.py:629} INFO - Processing file /Users/harry/.local/share/virtualenvs/rugby_data_project_airflow-d2RAFQI6/lib/python3.8/site-packages/airflow/example_dags/example_trigger_controller_dag.py for tasks to queue
[2021-05-16 08:52:43,057] {logging_mixin.py:104} INFO - [2021-05-16 08:52:43,057] {dagbag.py:451} INFO - Filling up the DagBag from /Users/harry/.local/share/virtualenvs/rugby_data_project_airflow-d2RAFQI6/lib/python3.8/site-packages/airflow/example_dags/example_trigger_controller_dag.py
[2021-05-16 08:52:43,062] {scheduler_job.py:639} INFO - DAG(s) dict_keys(['example_trigger_controller_dag']) retrieved from /Users/harry/.local/share/virtualenvs/rugby_data_project_airflow-d2RAFQI6/lib/python3.8/site-packages/airflow/example_dags/example_trigger_controller_dag.py
[2021-05-16 08:52:43,092] {logging_mixin.py:104} INFO - [2021-05-16 08:52:43,092] {dag.py:1824} INFO - Sync 1 DAGs
[2021-05-16 08:52:43,100] {logging_mixin.py:104} INFO - [2021-05-16 08:52:43,100] {dag.py:2280} INFO - Setting next_dagrun for example_trigger_controller_dag to 2021-05-14 00:00:00+00:00
[2021-05-16 08:52:43,108] {scheduler_job.py:190} INFO - Processing /Users/harry/.local/share/virtualenvs/rugby_data_project_airflow-d2RAFQI6/lib/python3.8/site-packages/airflow/example_dags/example_trigger_controller_dag.py took 0.055 seconds
[2021-05-16 09:03:39,466] {scheduler_job.py:182} INFO - Started process (PID=44050) to work on /Users/harry/.local/share/virtualenvs/rugby_data_project_airflow-d2RAFQI6/lib/python3.8/site-packages/airflow/example_dags/example_trigger_controller_dag.py
[2021-05-16 09:03:39,468] {scheduler_job.py:629} INFO - Processing file /Users/harry/.local/share/virtualenvs/rugby_data_project_airflow-d2RAFQI6/lib/python3.8/site-packages/airflow/example_dags/example_trigger_controller_dag.py for tasks to queue
[2021-05-16 09:03:39,468] {logging_mixin.py:104} INFO - [2021-05-16 09:03:39,468] {dagbag.py:451} INFO - Filling up the DagBag from /Users/harry/.local/share/virtualenvs/rugby_data_project_airflow-d2RAFQI6/lib/python3.8/site-packages/airflow/example_dags/example_trigger_controller_dag.py
[2021-05-16 09:03:39,475] {scheduler_job.py:639} INFO - DAG(s) dict_keys(['example_trigger_controller_dag']) retrieved from /Users/harry/.local/share/virtualenvs/rugby_data_project_airflow-d2RAFQI6/lib/python3.8/site-packages/airflow/example_dags/example_trigger_controller_dag.py
[2021-05-16 09:03:39,506] {logging_mixin.py:104} INFO - [2021-05-16 09:03:39,506] {dag.py:1824} INFO - Sync 1 DAGs
[2021-05-16 09:03:39,514] {logging_mixin.py:104} INFO - [2021-05-16 09:03:39,514] {dag.py:2280} INFO - Setting next_dagrun for example_trigger_controller_dag to 2021-05-14 00:00:00+00:00
[2021-05-16 09:03:39,522] {scheduler_job.py:190} INFO - Processing /Users/harry/.local/share/virtualenvs/rugby_data_project_airflow-d2RAFQI6/lib/python3.8/site-packages/airflow/example_dags/example_trigger_controller_dag.py took 0.056 seconds
[2021-05-16 09:08:00,519] {scheduler_job.py:182} INFO - Started process (PID=45879) to work on /Users/harry/.local/share/virtualenvs/rugby_data_project_airflow-d2RAFQI6/lib/python3.8/site-packages/airflow/example_dags/example_trigger_controller_dag.py
[2021-05-16 09:08:00,520] {scheduler_job.py:629} INFO - Processing file /Users/harry/.local/share/virtualenvs/rugby_data_project_airflow-d2RAFQI6/lib/python3.8/site-packages/airflow/example_dags/example_trigger_controller_dag.py for tasks to queue
[2021-05-16 09:08:00,521] {logging_mixin.py:104} INFO - [2021-05-16 09:08:00,521] {dagbag.py:451} INFO - Filling up the DagBag from /Users/harry/.local/share/virtualenvs/rugby_data_project_airflow-d2RAFQI6/lib/python3.8/site-packages/airflow/example_dags/example_trigger_controller_dag.py
[2021-05-16 09:08:00,529] {scheduler_job.py:639} INFO - DAG(s) dict_keys(['example_trigger_controller_dag']) retrieved from /Users/harry/.local/share/virtualenvs/rugby_data_project_airflow-d2RAFQI6/lib/python3.8/site-packages/airflow/example_dags/example_trigger_controller_dag.py
[2021-05-16 09:08:00,565] {logging_mixin.py:104} INFO - [2021-05-16 09:08:00,565] {dag.py:1824} INFO - Sync 1 DAGs
[2021-05-16 09:08:00,573] {logging_mixin.py:104} INFO - [2021-05-16 09:08:00,573] {dag.py:2280} INFO - Setting next_dagrun for example_trigger_controller_dag to 2021-05-14 00:00:00+00:00
[2021-05-16 09:08:00,582] {scheduler_job.py:190} INFO - Processing /Users/harry/.local/share/virtualenvs/rugby_data_project_airflow-d2RAFQI6/lib/python3.8/site-packages/airflow/example_dags/example_trigger_controller_dag.py took 0.063 seconds
[2021-05-16 09:12:04,950] {scheduler_job.py:182} INFO - Started process (PID=47641) to work on /Users/harry/.local/share/virtualenvs/rugby_data_project_airflow-d2RAFQI6/lib/python3.8/site-packages/airflow/example_dags/example_trigger_controller_dag.py
[2021-05-16 09:12:04,951] {scheduler_job.py:629} INFO - Processing file /Users/harry/.local/share/virtualenvs/rugby_data_project_airflow-d2RAFQI6/lib/python3.8/site-packages/airflow/example_dags/example_trigger_controller_dag.py for tasks to queue
[2021-05-16 09:12:04,951] {logging_mixin.py:104} INFO - [2021-05-16 09:12:04,951] {dagbag.py:451} INFO - Filling up the DagBag from /Users/harry/.local/share/virtualenvs/rugby_data_project_airflow-d2RAFQI6/lib/python3.8/site-packages/airflow/example_dags/example_trigger_controller_dag.py
[2021-05-16 09:12:04,958] {scheduler_job.py:639} INFO - DAG(s) dict_keys(['example_trigger_controller_dag']) retrieved from /Users/harry/.local/share/virtualenvs/rugby_data_project_airflow-d2RAFQI6/lib/python3.8/site-packages/airflow/example_dags/example_trigger_controller_dag.py
[2021-05-16 09:12:04,991] {logging_mixin.py:104} INFO - [2021-05-16 09:12:04,991] {dag.py:1824} INFO - Sync 1 DAGs
[2021-05-16 09:12:04,999] {logging_mixin.py:104} INFO - [2021-05-16 09:12:04,998] {dag.py:2280} INFO - Setting next_dagrun for example_trigger_controller_dag to 2021-05-14 00:00:00+00:00
[2021-05-16 09:12:05,007] {scheduler_job.py:190} INFO - Processing /Users/harry/.local/share/virtualenvs/rugby_data_project_airflow-d2RAFQI6/lib/python3.8/site-packages/airflow/example_dags/example_trigger_controller_dag.py took 0.057 seconds
[2021-05-16 09:16:47,168] {scheduler_job.py:182} INFO - Started process (PID=49448) to work on /Users/harry/.local/share/virtualenvs/rugby_data_project_airflow-d2RAFQI6/lib/python3.8/site-packages/airflow/example_dags/example_trigger_controller_dag.py
[2021-05-16 09:16:47,170] {scheduler_job.py:629} INFO - Processing file /Users/harry/.local/share/virtualenvs/rugby_data_project_airflow-d2RAFQI6/lib/python3.8/site-packages/airflow/example_dags/example_trigger_controller_dag.py for tasks to queue
[2021-05-16 09:16:47,171] {logging_mixin.py:104} INFO - [2021-05-16 09:16:47,170] {dagbag.py:451} INFO - Filling up the DagBag from /Users/harry/.local/share/virtualenvs/rugby_data_project_airflow-d2RAFQI6/lib/python3.8/site-packages/airflow/example_dags/example_trigger_controller_dag.py
[2021-05-16 09:16:47,180] {scheduler_job.py:639} INFO - DAG(s) dict_keys(['example_trigger_controller_dag']) retrieved from /Users/harry/.local/share/virtualenvs/rugby_data_project_airflow-d2RAFQI6/lib/python3.8/site-packages/airflow/example_dags/example_trigger_controller_dag.py
[2021-05-16 09:16:47,218] {logging_mixin.py:104} INFO - [2021-05-16 09:16:47,218] {dag.py:1824} INFO - Sync 1 DAGs
[2021-05-16 09:16:47,227] {logging_mixin.py:104} INFO - [2021-05-16 09:16:47,227] {dag.py:2280} INFO - Setting next_dagrun for example_trigger_controller_dag to 2021-05-14 00:00:00+00:00
[2021-05-16 09:16:47,236] {scheduler_job.py:190} INFO - Processing /Users/harry/.local/share/virtualenvs/rugby_data_project_airflow-d2RAFQI6/lib/python3.8/site-packages/airflow/example_dags/example_trigger_controller_dag.py took 0.068 seconds
[2021-05-16 09:21:36,835] {scheduler_job.py:182} INFO - Started process (PID=51316) to work on /Users/harry/.local/share/virtualenvs/rugby_data_project_airflow-d2RAFQI6/lib/python3.8/site-packages/airflow/example_dags/example_trigger_controller_dag.py
[2021-05-16 09:21:36,836] {scheduler_job.py:629} INFO - Processing file /Users/harry/.local/share/virtualenvs/rugby_data_project_airflow-d2RAFQI6/lib/python3.8/site-packages/airflow/example_dags/example_trigger_controller_dag.py for tasks to queue
[2021-05-16 09:21:36,837] {logging_mixin.py:104} INFO - [2021-05-16 09:21:36,837] {dagbag.py:451} INFO - Filling up the DagBag from /Users/harry/.local/share/virtualenvs/rugby_data_project_airflow-d2RAFQI6/lib/python3.8/site-packages/airflow/example_dags/example_trigger_controller_dag.py
[2021-05-16 09:21:36,844] {scheduler_job.py:639} INFO - DAG(s) dict_keys(['example_trigger_controller_dag']) retrieved from /Users/harry/.local/share/virtualenvs/rugby_data_project_airflow-d2RAFQI6/lib/python3.8/site-packages/airflow/example_dags/example_trigger_controller_dag.py
[2021-05-16 09:21:36,882] {logging_mixin.py:104} INFO - [2021-05-16 09:21:36,882] {dag.py:1824} INFO - Sync 1 DAGs
[2021-05-16 09:21:36,891] {logging_mixin.py:104} INFO - [2021-05-16 09:21:36,891] {dag.py:2280} INFO - Setting next_dagrun for example_trigger_controller_dag to 2021-05-14 00:00:00+00:00
[2021-05-16 09:21:36,900] {scheduler_job.py:190} INFO - Processing /Users/harry/.local/share/virtualenvs/rugby_data_project_airflow-d2RAFQI6/lib/python3.8/site-packages/airflow/example_dags/example_trigger_controller_dag.py took 0.065 seconds
[2021-05-16 09:26:22,688] {scheduler_job.py:182} INFO - Started process (PID=53113) to work on /Users/harry/.local/share/virtualenvs/rugby_data_project_airflow-d2RAFQI6/lib/python3.8/site-packages/airflow/example_dags/example_trigger_controller_dag.py
[2021-05-16 09:26:22,689] {scheduler_job.py:629} INFO - Processing file /Users/harry/.local/share/virtualenvs/rugby_data_project_airflow-d2RAFQI6/lib/python3.8/site-packages/airflow/example_dags/example_trigger_controller_dag.py for tasks to queue
[2021-05-16 09:26:22,689] {logging_mixin.py:104} INFO - [2021-05-16 09:26:22,689] {dagbag.py:451} INFO - Filling up the DagBag from /Users/harry/.local/share/virtualenvs/rugby_data_project_airflow-d2RAFQI6/lib/python3.8/site-packages/airflow/example_dags/example_trigger_controller_dag.py
[2021-05-16 09:26:22,696] {scheduler_job.py:639} INFO - DAG(s) dict_keys(['example_trigger_controller_dag']) retrieved from /Users/harry/.local/share/virtualenvs/rugby_data_project_airflow-d2RAFQI6/lib/python3.8/site-packages/airflow/example_dags/example_trigger_controller_dag.py
[2021-05-16 09:26:22,731] {logging_mixin.py:104} INFO - [2021-05-16 09:26:22,730] {dag.py:1824} INFO - Sync 1 DAGs
[2021-05-16 09:26:22,738] {logging_mixin.py:104} INFO - [2021-05-16 09:26:22,738] {dag.py:2280} INFO - Setting next_dagrun for example_trigger_controller_dag to 2021-05-14 00:00:00+00:00
[2021-05-16 09:26:22,747] {scheduler_job.py:190} INFO - Processing /Users/harry/.local/share/virtualenvs/rugby_data_project_airflow-d2RAFQI6/lib/python3.8/site-packages/airflow/example_dags/example_trigger_controller_dag.py took 0.060 seconds
[2021-05-16 09:31:14,718] {scheduler_job.py:182} INFO - Started process (PID=54917) to work on /Users/harry/.local/share/virtualenvs/rugby_data_project_airflow-d2RAFQI6/lib/python3.8/site-packages/airflow/example_dags/example_trigger_controller_dag.py
[2021-05-16 09:31:14,719] {scheduler_job.py:629} INFO - Processing file /Users/harry/.local/share/virtualenvs/rugby_data_project_airflow-d2RAFQI6/lib/python3.8/site-packages/airflow/example_dags/example_trigger_controller_dag.py for tasks to queue
[2021-05-16 09:31:14,720] {logging_mixin.py:104} INFO - [2021-05-16 09:31:14,720] {dagbag.py:451} INFO - Filling up the DagBag from /Users/harry/.local/share/virtualenvs/rugby_data_project_airflow-d2RAFQI6/lib/python3.8/site-packages/airflow/example_dags/example_trigger_controller_dag.py
[2021-05-16 09:31:14,727] {scheduler_job.py:639} INFO - DAG(s) dict_keys(['example_trigger_controller_dag']) retrieved from /Users/harry/.local/share/virtualenvs/rugby_data_project_airflow-d2RAFQI6/lib/python3.8/site-packages/airflow/example_dags/example_trigger_controller_dag.py
[2021-05-16 09:31:14,765] {logging_mixin.py:104} INFO - [2021-05-16 09:31:14,765] {dag.py:1824} INFO - Sync 1 DAGs
[2021-05-16 09:31:14,774] {logging_mixin.py:104} INFO - [2021-05-16 09:31:14,774] {dag.py:2280} INFO - Setting next_dagrun for example_trigger_controller_dag to 2021-05-14 00:00:00+00:00
[2021-05-16 09:31:14,783] {scheduler_job.py:190} INFO - Processing /Users/harry/.local/share/virtualenvs/rugby_data_project_airflow-d2RAFQI6/lib/python3.8/site-packages/airflow/example_dags/example_trigger_controller_dag.py took 0.065 seconds
[2021-05-16 09:36:06,537] {scheduler_job.py:182} INFO - Started process (PID=56672) to work on /Users/harry/.local/share/virtualenvs/rugby_data_project_airflow-d2RAFQI6/lib/python3.8/site-packages/airflow/example_dags/example_trigger_controller_dag.py
[2021-05-16 09:36:06,539] {scheduler_job.py:629} INFO - Processing file /Users/harry/.local/share/virtualenvs/rugby_data_project_airflow-d2RAFQI6/lib/python3.8/site-packages/airflow/example_dags/example_trigger_controller_dag.py for tasks to queue
[2021-05-16 09:36:06,539] {logging_mixin.py:104} INFO - [2021-05-16 09:36:06,539] {dagbag.py:451} INFO - Filling up the DagBag from /Users/harry/.local/share/virtualenvs/rugby_data_project_airflow-d2RAFQI6/lib/python3.8/site-packages/airflow/example_dags/example_trigger_controller_dag.py
[2021-05-16 09:36:06,547] {scheduler_job.py:639} INFO - DAG(s) dict_keys(['example_trigger_controller_dag']) retrieved from /Users/harry/.local/share/virtualenvs/rugby_data_project_airflow-d2RAFQI6/lib/python3.8/site-packages/airflow/example_dags/example_trigger_controller_dag.py
[2021-05-16 09:36:06,587] {logging_mixin.py:104} INFO - [2021-05-16 09:36:06,587] {dag.py:1824} INFO - Sync 1 DAGs
[2021-05-16 09:36:06,596] {logging_mixin.py:104} INFO - [2021-05-16 09:36:06,596] {dag.py:2280} INFO - Setting next_dagrun for example_trigger_controller_dag to 2021-05-14 00:00:00+00:00
[2021-05-16 09:36:06,605] {scheduler_job.py:190} INFO - Processing /Users/harry/.local/share/virtualenvs/rugby_data_project_airflow-d2RAFQI6/lib/python3.8/site-packages/airflow/example_dags/example_trigger_controller_dag.py took 0.068 seconds
[2021-05-16 09:40:58,348] {scheduler_job.py:182} INFO - Started process (PID=58457) to work on /Users/harry/.local/share/virtualenvs/rugby_data_project_airflow-d2RAFQI6/lib/python3.8/site-packages/airflow/example_dags/example_trigger_controller_dag.py
[2021-05-16 09:40:58,349] {scheduler_job.py:629} INFO - Processing file /Users/harry/.local/share/virtualenvs/rugby_data_project_airflow-d2RAFQI6/lib/python3.8/site-packages/airflow/example_dags/example_trigger_controller_dag.py for tasks to queue
[2021-05-16 09:40:58,350] {logging_mixin.py:104} INFO - [2021-05-16 09:40:58,350] {dagbag.py:451} INFO - Filling up the DagBag from /Users/harry/.local/share/virtualenvs/rugby_data_project_airflow-d2RAFQI6/lib/python3.8/site-packages/airflow/example_dags/example_trigger_controller_dag.py
[2021-05-16 09:40:58,357] {scheduler_job.py:639} INFO - DAG(s) dict_keys(['example_trigger_controller_dag']) retrieved from /Users/harry/.local/share/virtualenvs/rugby_data_project_airflow-d2RAFQI6/lib/python3.8/site-packages/airflow/example_dags/example_trigger_controller_dag.py
[2021-05-16 09:40:58,395] {logging_mixin.py:104} INFO - [2021-05-16 09:40:58,395] {dag.py:1824} INFO - Sync 1 DAGs
[2021-05-16 09:40:58,404] {logging_mixin.py:104} INFO - [2021-05-16 09:40:58,404] {dag.py:2280} INFO - Setting next_dagrun for example_trigger_controller_dag to 2021-05-14 00:00:00+00:00
[2021-05-16 09:40:58,412] {scheduler_job.py:190} INFO - Processing /Users/harry/.local/share/virtualenvs/rugby_data_project_airflow-d2RAFQI6/lib/python3.8/site-packages/airflow/example_dags/example_trigger_controller_dag.py took 0.065 seconds
[2021-05-16 09:47:23,789] {scheduler_job.py:182} INFO - Started process (PID=60525) to work on /Users/harry/.local/share/virtualenvs/rugby_data_project_airflow-d2RAFQI6/lib/python3.8/site-packages/airflow/example_dags/example_trigger_controller_dag.py
[2021-05-16 09:47:23,790] {scheduler_job.py:629} INFO - Processing file /Users/harry/.local/share/virtualenvs/rugby_data_project_airflow-d2RAFQI6/lib/python3.8/site-packages/airflow/example_dags/example_trigger_controller_dag.py for tasks to queue
[2021-05-16 09:47:23,791] {logging_mixin.py:104} INFO - [2021-05-16 09:47:23,791] {dagbag.py:451} INFO - Filling up the DagBag from /Users/harry/.local/share/virtualenvs/rugby_data_project_airflow-d2RAFQI6/lib/python3.8/site-packages/airflow/example_dags/example_trigger_controller_dag.py
[2021-05-16 09:47:23,795] {scheduler_job.py:639} INFO - DAG(s) dict_keys(['example_trigger_controller_dag']) retrieved from /Users/harry/.local/share/virtualenvs/rugby_data_project_airflow-d2RAFQI6/lib/python3.8/site-packages/airflow/example_dags/example_trigger_controller_dag.py
[2021-05-16 09:47:23,818] {logging_mixin.py:104} INFO - [2021-05-16 09:47:23,818] {dag.py:1824} INFO - Sync 1 DAGs
[2021-05-16 09:47:23,824] {logging_mixin.py:104} INFO - [2021-05-16 09:47:23,824] {dag.py:2280} INFO - Setting next_dagrun for example_trigger_controller_dag to 2021-05-14 00:00:00+00:00
[2021-05-16 09:47:23,830] {scheduler_job.py:190} INFO - Processing /Users/harry/.local/share/virtualenvs/rugby_data_project_airflow-d2RAFQI6/lib/python3.8/site-packages/airflow/example_dags/example_trigger_controller_dag.py took 0.041 seconds
[2021-05-16 13:22:00,418] {scheduler_job.py:182} INFO - Started process (PID=5024) to work on /Users/harry/.local/share/virtualenvs/rugby_data_project_airflow-d2RAFQI6/lib/python3.8/site-packages/airflow/example_dags/example_trigger_controller_dag.py
[2021-05-16 13:22:00,420] {scheduler_job.py:629} INFO - Processing file /Users/harry/.local/share/virtualenvs/rugby_data_project_airflow-d2RAFQI6/lib/python3.8/site-packages/airflow/example_dags/example_trigger_controller_dag.py for tasks to queue
[2021-05-16 13:22:00,420] {logging_mixin.py:104} INFO - [2021-05-16 13:22:00,420] {dagbag.py:451} INFO - Filling up the DagBag from /Users/harry/.local/share/virtualenvs/rugby_data_project_airflow-d2RAFQI6/lib/python3.8/site-packages/airflow/example_dags/example_trigger_controller_dag.py
[2021-05-16 13:22:00,426] {scheduler_job.py:639} INFO - DAG(s) dict_keys(['example_trigger_controller_dag']) retrieved from /Users/harry/.local/share/virtualenvs/rugby_data_project_airflow-d2RAFQI6/lib/python3.8/site-packages/airflow/example_dags/example_trigger_controller_dag.py
[2021-05-16 13:22:00,449] {logging_mixin.py:104} INFO - [2021-05-16 13:22:00,448] {dag.py:1824} INFO - Sync 1 DAGs
[2021-05-16 13:22:00,454] {logging_mixin.py:104} INFO - [2021-05-16 13:22:00,454] {dag.py:2280} INFO - Setting next_dagrun for example_trigger_controller_dag to 2021-05-14 00:00:00+00:00
[2021-05-16 13:22:00,459] {scheduler_job.py:190} INFO - Processing /Users/harry/.local/share/virtualenvs/rugby_data_project_airflow-d2RAFQI6/lib/python3.8/site-packages/airflow/example_dags/example_trigger_controller_dag.py took 0.042 seconds
[2021-05-16 13:22:53,796] {scheduler_job.py:182} INFO - Started process (PID=5728) to work on /Users/harry/.local/share/virtualenvs/rugby_data_project_airflow-d2RAFQI6/lib/python3.8/site-packages/airflow/example_dags/example_trigger_controller_dag.py
[2021-05-16 13:22:53,797] {scheduler_job.py:629} INFO - Processing file /Users/harry/.local/share/virtualenvs/rugby_data_project_airflow-d2RAFQI6/lib/python3.8/site-packages/airflow/example_dags/example_trigger_controller_dag.py for tasks to queue
[2021-05-16 13:22:53,797] {logging_mixin.py:104} INFO - [2021-05-16 13:22:53,797] {dagbag.py:451} INFO - Filling up the DagBag from /Users/harry/.local/share/virtualenvs/rugby_data_project_airflow-d2RAFQI6/lib/python3.8/site-packages/airflow/example_dags/example_trigger_controller_dag.py
[2021-05-16 13:22:53,804] {scheduler_job.py:639} INFO - DAG(s) dict_keys(['example_trigger_controller_dag']) retrieved from /Users/harry/.local/share/virtualenvs/rugby_data_project_airflow-d2RAFQI6/lib/python3.8/site-packages/airflow/example_dags/example_trigger_controller_dag.py
[2021-05-16 13:22:53,827] {logging_mixin.py:104} INFO - [2021-05-16 13:22:53,827] {dag.py:1824} INFO - Sync 1 DAGs
[2021-05-16 13:22:53,833] {logging_mixin.py:104} INFO - [2021-05-16 13:22:53,833] {dag.py:2280} INFO - Setting next_dagrun for example_trigger_controller_dag to 2021-05-14 00:00:00+00:00
[2021-05-16 13:22:53,839] {scheduler_job.py:190} INFO - Processing /Users/harry/.local/share/virtualenvs/rugby_data_project_airflow-d2RAFQI6/lib/python3.8/site-packages/airflow/example_dags/example_trigger_controller_dag.py took 0.043 seconds
[2021-05-16 13:23:41,741] {scheduler_job.py:182} INFO - Started process (PID=6423) to work on /Users/harry/.local/share/virtualenvs/rugby_data_project_airflow-d2RAFQI6/lib/python3.8/site-packages/airflow/example_dags/example_trigger_controller_dag.py
[2021-05-16 13:23:41,742] {scheduler_job.py:629} INFO - Processing file /Users/harry/.local/share/virtualenvs/rugby_data_project_airflow-d2RAFQI6/lib/python3.8/site-packages/airflow/example_dags/example_trigger_controller_dag.py for tasks to queue
[2021-05-16 13:23:41,743] {logging_mixin.py:104} INFO - [2021-05-16 13:23:41,743] {dagbag.py:451} INFO - Filling up the DagBag from /Users/harry/.local/share/virtualenvs/rugby_data_project_airflow-d2RAFQI6/lib/python3.8/site-packages/airflow/example_dags/example_trigger_controller_dag.py
[2021-05-16 13:23:41,750] {scheduler_job.py:639} INFO - DAG(s) dict_keys(['example_trigger_controller_dag']) retrieved from /Users/harry/.local/share/virtualenvs/rugby_data_project_airflow-d2RAFQI6/lib/python3.8/site-packages/airflow/example_dags/example_trigger_controller_dag.py
[2021-05-16 13:23:41,773] {logging_mixin.py:104} INFO - [2021-05-16 13:23:41,773] {dag.py:1824} INFO - Sync 1 DAGs
[2021-05-16 13:23:41,778] {logging_mixin.py:104} INFO - [2021-05-16 13:23:41,778] {dag.py:2280} INFO - Setting next_dagrun for example_trigger_controller_dag to 2021-05-14 00:00:00+00:00
[2021-05-16 13:23:41,785] {scheduler_job.py:190} INFO - Processing /Users/harry/.local/share/virtualenvs/rugby_data_project_airflow-d2RAFQI6/lib/python3.8/site-packages/airflow/example_dags/example_trigger_controller_dag.py took 0.044 seconds
[2021-05-16 20:06:55,002] {scheduler_job.py:182} INFO - Started process (PID=14522) to work on /Users/harry/.local/share/virtualenvs/rugby_data_project_airflow-d2RAFQI6/lib/python3.8/site-packages/airflow/example_dags/example_trigger_controller_dag.py
[2021-05-16 20:06:55,003] {scheduler_job.py:629} INFO - Processing file /Users/harry/.local/share/virtualenvs/rugby_data_project_airflow-d2RAFQI6/lib/python3.8/site-packages/airflow/example_dags/example_trigger_controller_dag.py for tasks to queue
[2021-05-16 20:06:55,003] {logging_mixin.py:104} INFO - [2021-05-16 20:06:55,003] {dagbag.py:451} INFO - Filling up the DagBag from /Users/harry/.local/share/virtualenvs/rugby_data_project_airflow-d2RAFQI6/lib/python3.8/site-packages/airflow/example_dags/example_trigger_controller_dag.py
[2021-05-16 20:06:55,010] {scheduler_job.py:639} INFO - DAG(s) dict_keys(['example_trigger_controller_dag']) retrieved from /Users/harry/.local/share/virtualenvs/rugby_data_project_airflow-d2RAFQI6/lib/python3.8/site-packages/airflow/example_dags/example_trigger_controller_dag.py
[2021-05-16 20:06:55,034] {logging_mixin.py:104} INFO - [2021-05-16 20:06:55,034] {dag.py:1824} INFO - Sync 1 DAGs
[2021-05-16 20:06:55,039] {logging_mixin.py:104} INFO - [2021-05-16 20:06:55,039] {dag.py:2280} INFO - Setting next_dagrun for example_trigger_controller_dag to 2021-05-14 00:00:00+00:00
[2021-05-16 20:06:55,044] {scheduler_job.py:190} INFO - Processing /Users/harry/.local/share/virtualenvs/rugby_data_project_airflow-d2RAFQI6/lib/python3.8/site-packages/airflow/example_dags/example_trigger_controller_dag.py took 0.043 seconds
[2021-05-16 20:07:46,518] {scheduler_job.py:182} INFO - Started process (PID=15064) to work on /Users/harry/.local/share/virtualenvs/rugby_data_project_airflow-d2RAFQI6/lib/python3.8/site-packages/airflow/example_dags/example_trigger_controller_dag.py
[2021-05-16 20:07:46,519] {scheduler_job.py:629} INFO - Processing file /Users/harry/.local/share/virtualenvs/rugby_data_project_airflow-d2RAFQI6/lib/python3.8/site-packages/airflow/example_dags/example_trigger_controller_dag.py for tasks to queue
[2021-05-16 20:07:46,520] {logging_mixin.py:104} INFO - [2021-05-16 20:07:46,520] {dagbag.py:451} INFO - Filling up the DagBag from /Users/harry/.local/share/virtualenvs/rugby_data_project_airflow-d2RAFQI6/lib/python3.8/site-packages/airflow/example_dags/example_trigger_controller_dag.py
[2021-05-16 20:07:46,528] {scheduler_job.py:639} INFO - DAG(s) dict_keys(['example_trigger_controller_dag']) retrieved from /Users/harry/.local/share/virtualenvs/rugby_data_project_airflow-d2RAFQI6/lib/python3.8/site-packages/airflow/example_dags/example_trigger_controller_dag.py
[2021-05-16 20:07:46,552] {logging_mixin.py:104} INFO - [2021-05-16 20:07:46,552] {dag.py:1824} INFO - Sync 1 DAGs
[2021-05-16 20:07:46,558] {logging_mixin.py:104} INFO - [2021-05-16 20:07:46,558] {dag.py:2280} INFO - Setting next_dagrun for example_trigger_controller_dag to 2021-05-14 00:00:00+00:00
[2021-05-16 20:07:46,564] {scheduler_job.py:190} INFO - Processing /Users/harry/.local/share/virtualenvs/rugby_data_project_airflow-d2RAFQI6/lib/python3.8/site-packages/airflow/example_dags/example_trigger_controller_dag.py took 0.047 seconds
[2021-05-16 20:08:39,175] {scheduler_job.py:182} INFO - Started process (PID=15671) to work on /Users/harry/.local/share/virtualenvs/rugby_data_project_airflow-d2RAFQI6/lib/python3.8/site-packages/airflow/example_dags/example_trigger_controller_dag.py
[2021-05-16 20:08:39,176] {scheduler_job.py:629} INFO - Processing file /Users/harry/.local/share/virtualenvs/rugby_data_project_airflow-d2RAFQI6/lib/python3.8/site-packages/airflow/example_dags/example_trigger_controller_dag.py for tasks to queue
[2021-05-16 20:08:39,176] {logging_mixin.py:104} INFO - [2021-05-16 20:08:39,176] {dagbag.py:451} INFO - Filling up the DagBag from /Users/harry/.local/share/virtualenvs/rugby_data_project_airflow-d2RAFQI6/lib/python3.8/site-packages/airflow/example_dags/example_trigger_controller_dag.py
[2021-05-16 20:08:39,183] {scheduler_job.py:639} INFO - DAG(s) dict_keys(['example_trigger_controller_dag']) retrieved from /Users/harry/.local/share/virtualenvs/rugby_data_project_airflow-d2RAFQI6/lib/python3.8/site-packages/airflow/example_dags/example_trigger_controller_dag.py
[2021-05-16 20:08:39,204] {logging_mixin.py:104} INFO - [2021-05-16 20:08:39,204] {dag.py:1824} INFO - Sync 1 DAGs
[2021-05-16 20:08:39,209] {logging_mixin.py:104} INFO - [2021-05-16 20:08:39,209] {dag.py:2280} INFO - Setting next_dagrun for example_trigger_controller_dag to 2021-05-14 00:00:00+00:00
[2021-05-16 20:08:39,215] {scheduler_job.py:190} INFO - Processing /Users/harry/.local/share/virtualenvs/rugby_data_project_airflow-d2RAFQI6/lib/python3.8/site-packages/airflow/example_dags/example_trigger_controller_dag.py took 0.040 seconds
[2021-05-16 20:09:24,251] {scheduler_job.py:182} INFO - Started process (PID=16144) to work on /Users/harry/.local/share/virtualenvs/rugby_data_project_airflow-d2RAFQI6/lib/python3.8/site-packages/airflow/example_dags/example_trigger_controller_dag.py
[2021-05-16 20:09:24,252] {scheduler_job.py:629} INFO - Processing file /Users/harry/.local/share/virtualenvs/rugby_data_project_airflow-d2RAFQI6/lib/python3.8/site-packages/airflow/example_dags/example_trigger_controller_dag.py for tasks to queue
[2021-05-16 20:09:24,252] {logging_mixin.py:104} INFO - [2021-05-16 20:09:24,252] {dagbag.py:451} INFO - Filling up the DagBag from /Users/harry/.local/share/virtualenvs/rugby_data_project_airflow-d2RAFQI6/lib/python3.8/site-packages/airflow/example_dags/example_trigger_controller_dag.py
[2021-05-16 20:09:24,262] {scheduler_job.py:639} INFO - DAG(s) dict_keys(['example_trigger_controller_dag']) retrieved from /Users/harry/.local/share/virtualenvs/rugby_data_project_airflow-d2RAFQI6/lib/python3.8/site-packages/airflow/example_dags/example_trigger_controller_dag.py
[2021-05-16 20:09:24,289] {logging_mixin.py:104} INFO - [2021-05-16 20:09:24,289] {dag.py:1824} INFO - Sync 1 DAGs
[2021-05-16 20:09:24,294] {logging_mixin.py:104} INFO - [2021-05-16 20:09:24,294] {dag.py:2280} INFO - Setting next_dagrun for example_trigger_controller_dag to 2021-05-14 00:00:00+00:00
[2021-05-16 20:09:24,299] {scheduler_job.py:190} INFO - Processing /Users/harry/.local/share/virtualenvs/rugby_data_project_airflow-d2RAFQI6/lib/python3.8/site-packages/airflow/example_dags/example_trigger_controller_dag.py took 0.048 seconds
[2021-05-16 20:10:10,880] {scheduler_job.py:182} INFO - Started process (PID=16736) to work on /Users/harry/.local/share/virtualenvs/rugby_data_project_airflow-d2RAFQI6/lib/python3.8/site-packages/airflow/example_dags/example_trigger_controller_dag.py
[2021-05-16 20:10:10,881] {scheduler_job.py:629} INFO - Processing file /Users/harry/.local/share/virtualenvs/rugby_data_project_airflow-d2RAFQI6/lib/python3.8/site-packages/airflow/example_dags/example_trigger_controller_dag.py for tasks to queue
[2021-05-16 20:10:10,881] {logging_mixin.py:104} INFO - [2021-05-16 20:10:10,881] {dagbag.py:451} INFO - Filling up the DagBag from /Users/harry/.local/share/virtualenvs/rugby_data_project_airflow-d2RAFQI6/lib/python3.8/site-packages/airflow/example_dags/example_trigger_controller_dag.py
[2021-05-16 20:10:10,887] {scheduler_job.py:639} INFO - DAG(s) dict_keys(['example_trigger_controller_dag']) retrieved from /Users/harry/.local/share/virtualenvs/rugby_data_project_airflow-d2RAFQI6/lib/python3.8/site-packages/airflow/example_dags/example_trigger_controller_dag.py
[2021-05-16 20:10:10,909] {logging_mixin.py:104} INFO - [2021-05-16 20:10:10,909] {dag.py:1824} INFO - Sync 1 DAGs
[2021-05-16 20:10:10,914] {logging_mixin.py:104} INFO - [2021-05-16 20:10:10,914] {dag.py:2280} INFO - Setting next_dagrun for example_trigger_controller_dag to 2021-05-14 00:00:00+00:00
[2021-05-16 20:10:10,919] {scheduler_job.py:190} INFO - Processing /Users/harry/.local/share/virtualenvs/rugby_data_project_airflow-d2RAFQI6/lib/python3.8/site-packages/airflow/example_dags/example_trigger_controller_dag.py took 0.039 seconds
[2021-05-16 20:11:06,148] {scheduler_job.py:182} INFO - Started process (PID=17314) to work on /Users/harry/.local/share/virtualenvs/rugby_data_project_airflow-d2RAFQI6/lib/python3.8/site-packages/airflow/example_dags/example_trigger_controller_dag.py
[2021-05-16 20:11:06,149] {scheduler_job.py:629} INFO - Processing file /Users/harry/.local/share/virtualenvs/rugby_data_project_airflow-d2RAFQI6/lib/python3.8/site-packages/airflow/example_dags/example_trigger_controller_dag.py for tasks to queue
[2021-05-16 20:11:06,149] {logging_mixin.py:104} INFO - [2021-05-16 20:11:06,149] {dagbag.py:451} INFO - Filling up the DagBag from /Users/harry/.local/share/virtualenvs/rugby_data_project_airflow-d2RAFQI6/lib/python3.8/site-packages/airflow/example_dags/example_trigger_controller_dag.py
[2021-05-16 20:11:06,155] {scheduler_job.py:639} INFO - DAG(s) dict_keys(['example_trigger_controller_dag']) retrieved from /Users/harry/.local/share/virtualenvs/rugby_data_project_airflow-d2RAFQI6/lib/python3.8/site-packages/airflow/example_dags/example_trigger_controller_dag.py
[2021-05-16 20:11:06,177] {logging_mixin.py:104} INFO - [2021-05-16 20:11:06,176] {dag.py:1824} INFO - Sync 1 DAGs
[2021-05-16 20:11:06,182] {logging_mixin.py:104} INFO - [2021-05-16 20:11:06,182] {dag.py:2280} INFO - Setting next_dagrun for example_trigger_controller_dag to 2021-05-14 00:00:00+00:00
[2021-05-16 20:11:06,189] {scheduler_job.py:190} INFO - Processing /Users/harry/.local/share/virtualenvs/rugby_data_project_airflow-d2RAFQI6/lib/python3.8/site-packages/airflow/example_dags/example_trigger_controller_dag.py took 0.042 seconds
[2021-05-16 20:11:53,384] {scheduler_job.py:182} INFO - Started process (PID=17839) to work on /Users/harry/.local/share/virtualenvs/rugby_data_project_airflow-d2RAFQI6/lib/python3.8/site-packages/airflow/example_dags/example_trigger_controller_dag.py
[2021-05-16 20:11:53,386] {scheduler_job.py:629} INFO - Processing file /Users/harry/.local/share/virtualenvs/rugby_data_project_airflow-d2RAFQI6/lib/python3.8/site-packages/airflow/example_dags/example_trigger_controller_dag.py for tasks to queue
[2021-05-16 20:11:53,386] {logging_mixin.py:104} INFO - [2021-05-16 20:11:53,386] {dagbag.py:451} INFO - Filling up the DagBag from /Users/harry/.local/share/virtualenvs/rugby_data_project_airflow-d2RAFQI6/lib/python3.8/site-packages/airflow/example_dags/example_trigger_controller_dag.py
[2021-05-16 20:11:53,398] {scheduler_job.py:639} INFO - DAG(s) dict_keys(['example_trigger_controller_dag']) retrieved from /Users/harry/.local/share/virtualenvs/rugby_data_project_airflow-d2RAFQI6/lib/python3.8/site-packages/airflow/example_dags/example_trigger_controller_dag.py
[2021-05-16 20:11:53,428] {logging_mixin.py:104} INFO - [2021-05-16 20:11:53,428] {dag.py:1824} INFO - Sync 1 DAGs
[2021-05-16 20:11:53,433] {logging_mixin.py:104} INFO - [2021-05-16 20:11:53,433] {dag.py:2280} INFO - Setting next_dagrun for example_trigger_controller_dag to 2021-05-14 00:00:00+00:00
[2021-05-16 20:11:53,439] {scheduler_job.py:190} INFO - Processing /Users/harry/.local/share/virtualenvs/rugby_data_project_airflow-d2RAFQI6/lib/python3.8/site-packages/airflow/example_dags/example_trigger_controller_dag.py took 0.055 seconds
[2021-05-16 20:12:40,474] {scheduler_job.py:182} INFO - Started process (PID=18462) to work on /Users/harry/.local/share/virtualenvs/rugby_data_project_airflow-d2RAFQI6/lib/python3.8/site-packages/airflow/example_dags/example_trigger_controller_dag.py
[2021-05-16 20:12:40,476] {scheduler_job.py:629} INFO - Processing file /Users/harry/.local/share/virtualenvs/rugby_data_project_airflow-d2RAFQI6/lib/python3.8/site-packages/airflow/example_dags/example_trigger_controller_dag.py for tasks to queue
[2021-05-16 20:12:40,477] {logging_mixin.py:104} INFO - [2021-05-16 20:12:40,477] {dagbag.py:451} INFO - Filling up the DagBag from /Users/harry/.local/share/virtualenvs/rugby_data_project_airflow-d2RAFQI6/lib/python3.8/site-packages/airflow/example_dags/example_trigger_controller_dag.py
[2021-05-16 20:12:40,487] {scheduler_job.py:639} INFO - DAG(s) dict_keys(['example_trigger_controller_dag']) retrieved from /Users/harry/.local/share/virtualenvs/rugby_data_project_airflow-d2RAFQI6/lib/python3.8/site-packages/airflow/example_dags/example_trigger_controller_dag.py
[2021-05-16 20:12:40,518] {logging_mixin.py:104} INFO - [2021-05-16 20:12:40,517] {dag.py:1824} INFO - Sync 1 DAGs
[2021-05-16 20:12:40,523] {logging_mixin.py:104} INFO - [2021-05-16 20:12:40,523] {dag.py:2280} INFO - Setting next_dagrun for example_trigger_controller_dag to 2021-05-14 00:00:00+00:00
[2021-05-16 20:12:40,531] {scheduler_job.py:190} INFO - Processing /Users/harry/.local/share/virtualenvs/rugby_data_project_airflow-d2RAFQI6/lib/python3.8/site-packages/airflow/example_dags/example_trigger_controller_dag.py took 0.057 seconds
[2021-05-16 20:13:31,213] {scheduler_job.py:182} INFO - Started process (PID=19112) to work on /Users/harry/.local/share/virtualenvs/rugby_data_project_airflow-d2RAFQI6/lib/python3.8/site-packages/airflow/example_dags/example_trigger_controller_dag.py
[2021-05-16 20:13:31,214] {scheduler_job.py:629} INFO - Processing file /Users/harry/.local/share/virtualenvs/rugby_data_project_airflow-d2RAFQI6/lib/python3.8/site-packages/airflow/example_dags/example_trigger_controller_dag.py for tasks to queue
[2021-05-16 20:13:31,215] {logging_mixin.py:104} INFO - [2021-05-16 20:13:31,215] {dagbag.py:451} INFO - Filling up the DagBag from /Users/harry/.local/share/virtualenvs/rugby_data_project_airflow-d2RAFQI6/lib/python3.8/site-packages/airflow/example_dags/example_trigger_controller_dag.py
[2021-05-16 20:13:31,221] {scheduler_job.py:639} INFO - DAG(s) dict_keys(['example_trigger_controller_dag']) retrieved from /Users/harry/.local/share/virtualenvs/rugby_data_project_airflow-d2RAFQI6/lib/python3.8/site-packages/airflow/example_dags/example_trigger_controller_dag.py
[2021-05-16 20:13:31,242] {logging_mixin.py:104} INFO - [2021-05-16 20:13:31,242] {dag.py:1824} INFO - Sync 1 DAGs
[2021-05-16 20:13:31,247] {logging_mixin.py:104} INFO - [2021-05-16 20:13:31,247] {dag.py:2280} INFO - Setting next_dagrun for example_trigger_controller_dag to 2021-05-14 00:00:00+00:00
[2021-05-16 20:13:31,253] {scheduler_job.py:190} INFO - Processing /Users/harry/.local/share/virtualenvs/rugby_data_project_airflow-d2RAFQI6/lib/python3.8/site-packages/airflow/example_dags/example_trigger_controller_dag.py took 0.040 seconds
[2021-05-16 20:14:22,688] {scheduler_job.py:182} INFO - Started process (PID=19724) to work on /Users/harry/.local/share/virtualenvs/rugby_data_project_airflow-d2RAFQI6/lib/python3.8/site-packages/airflow/example_dags/example_trigger_controller_dag.py
[2021-05-16 20:14:22,689] {scheduler_job.py:629} INFO - Processing file /Users/harry/.local/share/virtualenvs/rugby_data_project_airflow-d2RAFQI6/lib/python3.8/site-packages/airflow/example_dags/example_trigger_controller_dag.py for tasks to queue
[2021-05-16 20:14:22,690] {logging_mixin.py:104} INFO - [2021-05-16 20:14:22,689] {dagbag.py:451} INFO - Filling up the DagBag from /Users/harry/.local/share/virtualenvs/rugby_data_project_airflow-d2RAFQI6/lib/python3.8/site-packages/airflow/example_dags/example_trigger_controller_dag.py
[2021-05-16 20:14:22,695] {scheduler_job.py:639} INFO - DAG(s) dict_keys(['example_trigger_controller_dag']) retrieved from /Users/harry/.local/share/virtualenvs/rugby_data_project_airflow-d2RAFQI6/lib/python3.8/site-packages/airflow/example_dags/example_trigger_controller_dag.py
[2021-05-16 20:14:22,718] {logging_mixin.py:104} INFO - [2021-05-16 20:14:22,717] {dag.py:1824} INFO - Sync 1 DAGs
[2021-05-16 20:14:22,723] {logging_mixin.py:104} INFO - [2021-05-16 20:14:22,723] {dag.py:2280} INFO - Setting next_dagrun for example_trigger_controller_dag to 2021-05-14 00:00:00+00:00
[2021-05-16 20:14:22,730] {scheduler_job.py:190} INFO - Processing /Users/harry/.local/share/virtualenvs/rugby_data_project_airflow-d2RAFQI6/lib/python3.8/site-packages/airflow/example_dags/example_trigger_controller_dag.py took 0.042 seconds
[2021-05-16 20:15:07,715] {scheduler_job.py:182} INFO - Started process (PID=20288) to work on /Users/harry/.local/share/virtualenvs/rugby_data_project_airflow-d2RAFQI6/lib/python3.8/site-packages/airflow/example_dags/example_trigger_controller_dag.py
[2021-05-16 20:15:07,715] {scheduler_job.py:629} INFO - Processing file /Users/harry/.local/share/virtualenvs/rugby_data_project_airflow-d2RAFQI6/lib/python3.8/site-packages/airflow/example_dags/example_trigger_controller_dag.py for tasks to queue
[2021-05-16 20:15:07,716] {logging_mixin.py:104} INFO - [2021-05-16 20:15:07,716] {dagbag.py:451} INFO - Filling up the DagBag from /Users/harry/.local/share/virtualenvs/rugby_data_project_airflow-d2RAFQI6/lib/python3.8/site-packages/airflow/example_dags/example_trigger_controller_dag.py
[2021-05-16 20:15:07,722] {scheduler_job.py:639} INFO - DAG(s) dict_keys(['example_trigger_controller_dag']) retrieved from /Users/harry/.local/share/virtualenvs/rugby_data_project_airflow-d2RAFQI6/lib/python3.8/site-packages/airflow/example_dags/example_trigger_controller_dag.py
[2021-05-16 20:15:07,745] {logging_mixin.py:104} INFO - [2021-05-16 20:15:07,745] {dag.py:1824} INFO - Sync 1 DAGs
[2021-05-16 20:15:07,750] {logging_mixin.py:104} INFO - [2021-05-16 20:15:07,750] {dag.py:2280} INFO - Setting next_dagrun for example_trigger_controller_dag to 2021-05-14 00:00:00+00:00
[2021-05-16 20:15:07,756] {scheduler_job.py:190} INFO - Processing /Users/harry/.local/share/virtualenvs/rugby_data_project_airflow-d2RAFQI6/lib/python3.8/site-packages/airflow/example_dags/example_trigger_controller_dag.py took 0.042 seconds
[2021-05-16 20:15:58,412] {scheduler_job.py:182} INFO - Started process (PID=21636) to work on /Users/harry/.local/share/virtualenvs/rugby_data_project_airflow-d2RAFQI6/lib/python3.8/site-packages/airflow/example_dags/example_trigger_controller_dag.py
[2021-05-16 20:15:58,413] {scheduler_job.py:629} INFO - Processing file /Users/harry/.local/share/virtualenvs/rugby_data_project_airflow-d2RAFQI6/lib/python3.8/site-packages/airflow/example_dags/example_trigger_controller_dag.py for tasks to queue
[2021-05-16 20:15:58,414] {logging_mixin.py:104} INFO - [2021-05-16 20:15:58,414] {dagbag.py:451} INFO - Filling up the DagBag from /Users/harry/.local/share/virtualenvs/rugby_data_project_airflow-d2RAFQI6/lib/python3.8/site-packages/airflow/example_dags/example_trigger_controller_dag.py
[2021-05-16 20:15:58,420] {scheduler_job.py:639} INFO - DAG(s) dict_keys(['example_trigger_controller_dag']) retrieved from /Users/harry/.local/share/virtualenvs/rugby_data_project_airflow-d2RAFQI6/lib/python3.8/site-packages/airflow/example_dags/example_trigger_controller_dag.py
[2021-05-16 20:15:58,443] {logging_mixin.py:104} INFO - [2021-05-16 20:15:58,443] {dag.py:1824} INFO - Sync 1 DAGs
[2021-05-16 20:15:58,448] {logging_mixin.py:104} INFO - [2021-05-16 20:15:58,448] {dag.py:2280} INFO - Setting next_dagrun for example_trigger_controller_dag to 2021-05-14 00:00:00+00:00
[2021-05-16 20:15:58,453] {scheduler_job.py:190} INFO - Processing /Users/harry/.local/share/virtualenvs/rugby_data_project_airflow-d2RAFQI6/lib/python3.8/site-packages/airflow/example_dags/example_trigger_controller_dag.py took 0.042 seconds
