[2021-05-16 09:04:39,566] {scheduler_job.py:182} INFO - Started process (PID=44462) to work on /Users/harry/.local/share/virtualenvs/rugby_data_project_airflow-d2RAFQI6/lib/python3.8/site-packages/airflow/example_dags/example_latest_only_with_trigger.py
[2021-05-16 09:04:39,566] {scheduler_job.py:629} INFO - Processing file /Users/harry/.local/share/virtualenvs/rugby_data_project_airflow-d2RAFQI6/lib/python3.8/site-packages/airflow/example_dags/example_latest_only_with_trigger.py for tasks to queue
[2021-05-16 09:04:39,567] {logging_mixin.py:104} INFO - [2021-05-16 09:04:39,566] {dagbag.py:451} INFO - Filling up the DagBag from /Users/harry/.local/share/virtualenvs/rugby_data_project_airflow-d2RAFQI6/lib/python3.8/site-packages/airflow/example_dags/example_latest_only_with_trigger.py
[2021-05-16 09:04:39,573] {scheduler_job.py:639} INFO - DAG(s) dict_keys(['latest_only_with_trigger']) retrieved from /Users/harry/.local/share/virtualenvs/rugby_data_project_airflow-d2RAFQI6/lib/python3.8/site-packages/airflow/example_dags/example_latest_only_with_trigger.py
[2021-05-16 09:04:39,610] {logging_mixin.py:104} INFO - [2021-05-16 09:04:39,609] {dag.py:1824} INFO - Sync 1 DAGs
[2021-05-16 09:04:39,617] {logging_mixin.py:104} INFO - [2021-05-16 09:04:39,616] {dag.py:2280} INFO - Setting next_dagrun for latest_only_with_trigger to 2021-05-14 00:00:00+00:00
[2021-05-16 09:04:39,626] {scheduler_job.py:190} INFO - Processing /Users/harry/.local/share/virtualenvs/rugby_data_project_airflow-d2RAFQI6/lib/python3.8/site-packages/airflow/example_dags/example_latest_only_with_trigger.py took 0.061 seconds
[2021-05-16 09:12:58,110] {scheduler_job.py:182} INFO - Started process (PID=48000) to work on /Users/harry/.local/share/virtualenvs/rugby_data_project_airflow-d2RAFQI6/lib/python3.8/site-packages/airflow/example_dags/example_latest_only_with_trigger.py
[2021-05-16 09:12:58,111] {scheduler_job.py:629} INFO - Processing file /Users/harry/.local/share/virtualenvs/rugby_data_project_airflow-d2RAFQI6/lib/python3.8/site-packages/airflow/example_dags/example_latest_only_with_trigger.py for tasks to queue
[2021-05-16 09:12:58,112] {logging_mixin.py:104} INFO - [2021-05-16 09:12:58,112] {dagbag.py:451} INFO - Filling up the DagBag from /Users/harry/.local/share/virtualenvs/rugby_data_project_airflow-d2RAFQI6/lib/python3.8/site-packages/airflow/example_dags/example_latest_only_with_trigger.py
[2021-05-16 09:12:58,119] {scheduler_job.py:639} INFO - DAG(s) dict_keys(['latest_only_with_trigger']) retrieved from /Users/harry/.local/share/virtualenvs/rugby_data_project_airflow-d2RAFQI6/lib/python3.8/site-packages/airflow/example_dags/example_latest_only_with_trigger.py
[2021-05-16 09:12:58,156] {logging_mixin.py:104} INFO - [2021-05-16 09:12:58,156] {dag.py:1824} INFO - Sync 1 DAGs
[2021-05-16 09:12:58,164] {logging_mixin.py:104} INFO - [2021-05-16 09:12:58,164] {dag.py:2280} INFO - Setting next_dagrun for latest_only_with_trigger to 2021-05-14 00:00:00+00:00
[2021-05-16 09:12:58,173] {scheduler_job.py:190} INFO - Processing /Users/harry/.local/share/virtualenvs/rugby_data_project_airflow-d2RAFQI6/lib/python3.8/site-packages/airflow/example_dags/example_latest_only_with_trigger.py took 0.063 seconds
[2021-05-16 09:22:33,742] {scheduler_job.py:182} INFO - Started process (PID=51677) to work on /Users/harry/.local/share/virtualenvs/rugby_data_project_airflow-d2RAFQI6/lib/python3.8/site-packages/airflow/example_dags/example_latest_only_with_trigger.py
[2021-05-16 09:22:33,743] {scheduler_job.py:629} INFO - Processing file /Users/harry/.local/share/virtualenvs/rugby_data_project_airflow-d2RAFQI6/lib/python3.8/site-packages/airflow/example_dags/example_latest_only_with_trigger.py for tasks to queue
[2021-05-16 09:22:33,744] {logging_mixin.py:104} INFO - [2021-05-16 09:22:33,744] {dagbag.py:451} INFO - Filling up the DagBag from /Users/harry/.local/share/virtualenvs/rugby_data_project_airflow-d2RAFQI6/lib/python3.8/site-packages/airflow/example_dags/example_latest_only_with_trigger.py
[2021-05-16 09:22:33,753] {scheduler_job.py:639} INFO - DAG(s) dict_keys(['latest_only_with_trigger']) retrieved from /Users/harry/.local/share/virtualenvs/rugby_data_project_airflow-d2RAFQI6/lib/python3.8/site-packages/airflow/example_dags/example_latest_only_with_trigger.py
[2021-05-16 09:22:33,792] {logging_mixin.py:104} INFO - [2021-05-16 09:22:33,792] {dag.py:1824} INFO - Sync 1 DAGs
[2021-05-16 09:22:33,801] {logging_mixin.py:104} INFO - [2021-05-16 09:22:33,801] {dag.py:2280} INFO - Setting next_dagrun for latest_only_with_trigger to 2021-05-14 00:00:00+00:00
[2021-05-16 09:22:33,810] {scheduler_job.py:190} INFO - Processing /Users/harry/.local/share/virtualenvs/rugby_data_project_airflow-d2RAFQI6/lib/python3.8/site-packages/airflow/example_dags/example_latest_only_with_trigger.py took 0.068 seconds
[2021-05-16 09:32:13,241] {scheduler_job.py:182} INFO - Started process (PID=55268) to work on /Users/harry/.local/share/virtualenvs/rugby_data_project_airflow-d2RAFQI6/lib/python3.8/site-packages/airflow/example_dags/example_latest_only_with_trigger.py
[2021-05-16 09:32:13,242] {scheduler_job.py:629} INFO - Processing file /Users/harry/.local/share/virtualenvs/rugby_data_project_airflow-d2RAFQI6/lib/python3.8/site-packages/airflow/example_dags/example_latest_only_with_trigger.py for tasks to queue
[2021-05-16 09:32:13,243] {logging_mixin.py:104} INFO - [2021-05-16 09:32:13,242] {dagbag.py:451} INFO - Filling up the DagBag from /Users/harry/.local/share/virtualenvs/rugby_data_project_airflow-d2RAFQI6/lib/python3.8/site-packages/airflow/example_dags/example_latest_only_with_trigger.py
[2021-05-16 09:32:13,251] {scheduler_job.py:639} INFO - DAG(s) dict_keys(['latest_only_with_trigger']) retrieved from /Users/harry/.local/share/virtualenvs/rugby_data_project_airflow-d2RAFQI6/lib/python3.8/site-packages/airflow/example_dags/example_latest_only_with_trigger.py
[2021-05-16 09:32:13,292] {logging_mixin.py:104} INFO - [2021-05-16 09:32:13,291] {dag.py:1824} INFO - Sync 1 DAGs
[2021-05-16 09:32:13,300] {logging_mixin.py:104} INFO - [2021-05-16 09:32:13,300] {dag.py:2280} INFO - Setting next_dagrun for latest_only_with_trigger to 2021-05-14 00:00:00+00:00
[2021-05-16 09:32:13,310] {scheduler_job.py:190} INFO - Processing /Users/harry/.local/share/virtualenvs/rugby_data_project_airflow-d2RAFQI6/lib/python3.8/site-packages/airflow/example_dags/example_latest_only_with_trigger.py took 0.070 seconds
[2021-05-16 09:41:57,405] {scheduler_job.py:182} INFO - Started process (PID=58799) to work on /Users/harry/.local/share/virtualenvs/rugby_data_project_airflow-d2RAFQI6/lib/python3.8/site-packages/airflow/example_dags/example_latest_only_with_trigger.py
[2021-05-16 09:41:57,406] {scheduler_job.py:629} INFO - Processing file /Users/harry/.local/share/virtualenvs/rugby_data_project_airflow-d2RAFQI6/lib/python3.8/site-packages/airflow/example_dags/example_latest_only_with_trigger.py for tasks to queue
[2021-05-16 09:41:57,407] {logging_mixin.py:104} INFO - [2021-05-16 09:41:57,407] {dagbag.py:451} INFO - Filling up the DagBag from /Users/harry/.local/share/virtualenvs/rugby_data_project_airflow-d2RAFQI6/lib/python3.8/site-packages/airflow/example_dags/example_latest_only_with_trigger.py
[2021-05-16 09:41:57,416] {scheduler_job.py:639} INFO - DAG(s) dict_keys(['latest_only_with_trigger']) retrieved from /Users/harry/.local/share/virtualenvs/rugby_data_project_airflow-d2RAFQI6/lib/python3.8/site-packages/airflow/example_dags/example_latest_only_with_trigger.py
[2021-05-16 09:41:57,458] {logging_mixin.py:104} INFO - [2021-05-16 09:41:57,458] {dag.py:1824} INFO - Sync 1 DAGs
[2021-05-16 09:41:57,468] {logging_mixin.py:104} INFO - [2021-05-16 09:41:57,468] {dag.py:2280} INFO - Setting next_dagrun for latest_only_with_trigger to 2021-05-14 00:00:00+00:00
[2021-05-16 09:41:57,478] {scheduler_job.py:190} INFO - Processing /Users/harry/.local/share/virtualenvs/rugby_data_project_airflow-d2RAFQI6/lib/python3.8/site-packages/airflow/example_dags/example_latest_only_with_trigger.py took 0.074 seconds
[2021-05-16 09:47:39,240] {scheduler_job.py:182} INFO - Started process (PID=60622) to work on /Users/harry/.local/share/virtualenvs/rugby_data_project_airflow-d2RAFQI6/lib/python3.8/site-packages/airflow/example_dags/example_latest_only_with_trigger.py
[2021-05-16 09:47:39,242] {scheduler_job.py:629} INFO - Processing file /Users/harry/.local/share/virtualenvs/rugby_data_project_airflow-d2RAFQI6/lib/python3.8/site-packages/airflow/example_dags/example_latest_only_with_trigger.py for tasks to queue
[2021-05-16 09:47:39,243] {logging_mixin.py:104} INFO - [2021-05-16 09:47:39,243] {dagbag.py:451} INFO - Filling up the DagBag from /Users/harry/.local/share/virtualenvs/rugby_data_project_airflow-d2RAFQI6/lib/python3.8/site-packages/airflow/example_dags/example_latest_only_with_trigger.py
[2021-05-16 09:47:39,259] {scheduler_job.py:639} INFO - DAG(s) dict_keys(['latest_only_with_trigger']) retrieved from /Users/harry/.local/share/virtualenvs/rugby_data_project_airflow-d2RAFQI6/lib/python3.8/site-packages/airflow/example_dags/example_latest_only_with_trigger.py
[2021-05-16 09:47:39,314] {logging_mixin.py:104} INFO - [2021-05-16 09:47:39,314] {dag.py:1824} INFO - Sync 1 DAGs
[2021-05-16 09:47:39,328] {logging_mixin.py:104} INFO - [2021-05-16 09:47:39,328] {dag.py:2280} INFO - Setting next_dagrun for latest_only_with_trigger to 2021-05-14 00:00:00+00:00
[2021-05-16 09:47:39,338] {scheduler_job.py:190} INFO - Processing /Users/harry/.local/share/virtualenvs/rugby_data_project_airflow-d2RAFQI6/lib/python3.8/site-packages/airflow/example_dags/example_latest_only_with_trigger.py took 0.099 seconds
[2021-05-16 13:22:04,538] {scheduler_job.py:182} INFO - Started process (PID=5048) to work on /Users/harry/.local/share/virtualenvs/rugby_data_project_airflow-d2RAFQI6/lib/python3.8/site-packages/airflow/example_dags/example_latest_only_with_trigger.py
[2021-05-16 13:22:04,538] {scheduler_job.py:629} INFO - Processing file /Users/harry/.local/share/virtualenvs/rugby_data_project_airflow-d2RAFQI6/lib/python3.8/site-packages/airflow/example_dags/example_latest_only_with_trigger.py for tasks to queue
[2021-05-16 13:22:04,539] {logging_mixin.py:104} INFO - [2021-05-16 13:22:04,539] {dagbag.py:451} INFO - Filling up the DagBag from /Users/harry/.local/share/virtualenvs/rugby_data_project_airflow-d2RAFQI6/lib/python3.8/site-packages/airflow/example_dags/example_latest_only_with_trigger.py
[2021-05-16 13:22:04,577] {scheduler_job.py:639} INFO - DAG(s) dict_keys(['latest_only_with_trigger']) retrieved from /Users/harry/.local/share/virtualenvs/rugby_data_project_airflow-d2RAFQI6/lib/python3.8/site-packages/airflow/example_dags/example_latest_only_with_trigger.py
[2021-05-16 13:22:04,627] {logging_mixin.py:104} INFO - [2021-05-16 13:22:04,627] {dag.py:1824} INFO - Sync 1 DAGs
[2021-05-16 13:22:04,637] {logging_mixin.py:104} INFO - [2021-05-16 13:22:04,637] {dag.py:2280} INFO - Setting next_dagrun for latest_only_with_trigger to 2021-05-14 00:00:00+00:00
[2021-05-16 13:22:04,652] {scheduler_job.py:190} INFO - Processing /Users/harry/.local/share/virtualenvs/rugby_data_project_airflow-d2RAFQI6/lib/python3.8/site-packages/airflow/example_dags/example_latest_only_with_trigger.py took 0.116 seconds
[2021-05-16 13:22:56,372] {scheduler_job.py:182} INFO - Started process (PID=5783) to work on /Users/harry/.local/share/virtualenvs/rugby_data_project_airflow-d2RAFQI6/lib/python3.8/site-packages/airflow/example_dags/example_latest_only_with_trigger.py
[2021-05-16 13:22:56,372] {scheduler_job.py:629} INFO - Processing file /Users/harry/.local/share/virtualenvs/rugby_data_project_airflow-d2RAFQI6/lib/python3.8/site-packages/airflow/example_dags/example_latest_only_with_trigger.py for tasks to queue
[2021-05-16 13:22:56,373] {logging_mixin.py:104} INFO - [2021-05-16 13:22:56,373] {dagbag.py:451} INFO - Filling up the DagBag from /Users/harry/.local/share/virtualenvs/rugby_data_project_airflow-d2RAFQI6/lib/python3.8/site-packages/airflow/example_dags/example_latest_only_with_trigger.py
[2021-05-16 13:22:56,378] {scheduler_job.py:639} INFO - DAG(s) dict_keys(['latest_only_with_trigger']) retrieved from /Users/harry/.local/share/virtualenvs/rugby_data_project_airflow-d2RAFQI6/lib/python3.8/site-packages/airflow/example_dags/example_latest_only_with_trigger.py
[2021-05-16 13:22:56,402] {logging_mixin.py:104} INFO - [2021-05-16 13:22:56,402] {dag.py:1824} INFO - Sync 1 DAGs
[2021-05-16 13:22:56,408] {logging_mixin.py:104} INFO - [2021-05-16 13:22:56,408] {dag.py:2280} INFO - Setting next_dagrun for latest_only_with_trigger to 2021-05-14 00:00:00+00:00
[2021-05-16 13:22:56,414] {scheduler_job.py:190} INFO - Processing /Users/harry/.local/share/virtualenvs/rugby_data_project_airflow-d2RAFQI6/lib/python3.8/site-packages/airflow/example_dags/example_latest_only_with_trigger.py took 0.043 seconds
[2021-05-16 13:23:47,127] {scheduler_job.py:182} INFO - Started process (PID=6494) to work on /Users/harry/.local/share/virtualenvs/rugby_data_project_airflow-d2RAFQI6/lib/python3.8/site-packages/airflow/example_dags/example_latest_only_with_trigger.py
[2021-05-16 13:23:47,127] {scheduler_job.py:629} INFO - Processing file /Users/harry/.local/share/virtualenvs/rugby_data_project_airflow-d2RAFQI6/lib/python3.8/site-packages/airflow/example_dags/example_latest_only_with_trigger.py for tasks to queue
[2021-05-16 13:23:47,128] {logging_mixin.py:104} INFO - [2021-05-16 13:23:47,128] {dagbag.py:451} INFO - Filling up the DagBag from /Users/harry/.local/share/virtualenvs/rugby_data_project_airflow-d2RAFQI6/lib/python3.8/site-packages/airflow/example_dags/example_latest_only_with_trigger.py
[2021-05-16 13:23:47,134] {scheduler_job.py:639} INFO - DAG(s) dict_keys(['latest_only_with_trigger']) retrieved from /Users/harry/.local/share/virtualenvs/rugby_data_project_airflow-d2RAFQI6/lib/python3.8/site-packages/airflow/example_dags/example_latest_only_with_trigger.py
[2021-05-16 13:23:47,166] {logging_mixin.py:104} INFO - [2021-05-16 13:23:47,166] {dag.py:1824} INFO - Sync 1 DAGs
[2021-05-16 13:23:47,176] {logging_mixin.py:104} INFO - [2021-05-16 13:23:47,176] {dag.py:2280} INFO - Setting next_dagrun for latest_only_with_trigger to 2021-05-14 00:00:00+00:00
[2021-05-16 13:23:47,184] {scheduler_job.py:190} INFO - Processing /Users/harry/.local/share/virtualenvs/rugby_data_project_airflow-d2RAFQI6/lib/python3.8/site-packages/airflow/example_dags/example_latest_only_with_trigger.py took 0.058 seconds
[2021-05-16 20:06:46,162] {scheduler_job.py:182} INFO - Started process (PID=14445) to work on /Users/harry/.local/share/virtualenvs/rugby_data_project_airflow-d2RAFQI6/lib/python3.8/site-packages/airflow/example_dags/example_latest_only_with_trigger.py
[2021-05-16 20:06:46,162] {scheduler_job.py:629} INFO - Processing file /Users/harry/.local/share/virtualenvs/rugby_data_project_airflow-d2RAFQI6/lib/python3.8/site-packages/airflow/example_dags/example_latest_only_with_trigger.py for tasks to queue
[2021-05-16 20:06:46,163] {logging_mixin.py:104} INFO - [2021-05-16 20:06:46,163] {dagbag.py:451} INFO - Filling up the DagBag from /Users/harry/.local/share/virtualenvs/rugby_data_project_airflow-d2RAFQI6/lib/python3.8/site-packages/airflow/example_dags/example_latest_only_with_trigger.py
[2021-05-16 20:06:46,170] {scheduler_job.py:639} INFO - DAG(s) dict_keys(['latest_only_with_trigger']) retrieved from /Users/harry/.local/share/virtualenvs/rugby_data_project_airflow-d2RAFQI6/lib/python3.8/site-packages/airflow/example_dags/example_latest_only_with_trigger.py
[2021-05-16 20:06:46,193] {logging_mixin.py:104} INFO - [2021-05-16 20:06:46,193] {dag.py:1824} INFO - Sync 1 DAGs
[2021-05-16 20:06:46,198] {logging_mixin.py:104} INFO - [2021-05-16 20:06:46,198] {dag.py:2280} INFO - Setting next_dagrun for latest_only_with_trigger to 2021-05-14 00:00:00+00:00
[2021-05-16 20:06:46,203] {scheduler_job.py:190} INFO - Processing /Users/harry/.local/share/virtualenvs/rugby_data_project_airflow-d2RAFQI6/lib/python3.8/site-packages/airflow/example_dags/example_latest_only_with_trigger.py took 0.042 seconds
[2021-05-16 20:07:38,849] {scheduler_job.py:182} INFO - Started process (PID=14985) to work on /Users/harry/.local/share/virtualenvs/rugby_data_project_airflow-d2RAFQI6/lib/python3.8/site-packages/airflow/example_dags/example_latest_only_with_trigger.py
[2021-05-16 20:07:38,851] {scheduler_job.py:629} INFO - Processing file /Users/harry/.local/share/virtualenvs/rugby_data_project_airflow-d2RAFQI6/lib/python3.8/site-packages/airflow/example_dags/example_latest_only_with_trigger.py for tasks to queue
[2021-05-16 20:07:38,851] {logging_mixin.py:104} INFO - [2021-05-16 20:07:38,851] {dagbag.py:451} INFO - Filling up the DagBag from /Users/harry/.local/share/virtualenvs/rugby_data_project_airflow-d2RAFQI6/lib/python3.8/site-packages/airflow/example_dags/example_latest_only_with_trigger.py
[2021-05-16 20:07:38,860] {scheduler_job.py:639} INFO - DAG(s) dict_keys(['latest_only_with_trigger']) retrieved from /Users/harry/.local/share/virtualenvs/rugby_data_project_airflow-d2RAFQI6/lib/python3.8/site-packages/airflow/example_dags/example_latest_only_with_trigger.py
[2021-05-16 20:07:38,885] {logging_mixin.py:104} INFO - [2021-05-16 20:07:38,885] {dag.py:1824} INFO - Sync 1 DAGs
[2021-05-16 20:07:38,892] {logging_mixin.py:104} INFO - [2021-05-16 20:07:38,892] {dag.py:2280} INFO - Setting next_dagrun for latest_only_with_trigger to 2021-05-14 00:00:00+00:00
[2021-05-16 20:07:38,897] {scheduler_job.py:190} INFO - Processing /Users/harry/.local/share/virtualenvs/rugby_data_project_airflow-d2RAFQI6/lib/python3.8/site-packages/airflow/example_dags/example_latest_only_with_trigger.py took 0.048 seconds
[2021-05-16 20:08:30,109] {scheduler_job.py:182} INFO - Started process (PID=15570) to work on /Users/harry/.local/share/virtualenvs/rugby_data_project_airflow-d2RAFQI6/lib/python3.8/site-packages/airflow/example_dags/example_latest_only_with_trigger.py
[2021-05-16 20:08:30,111] {scheduler_job.py:629} INFO - Processing file /Users/harry/.local/share/virtualenvs/rugby_data_project_airflow-d2RAFQI6/lib/python3.8/site-packages/airflow/example_dags/example_latest_only_with_trigger.py for tasks to queue
[2021-05-16 20:08:30,111] {logging_mixin.py:104} INFO - [2021-05-16 20:08:30,111] {dagbag.py:451} INFO - Filling up the DagBag from /Users/harry/.local/share/virtualenvs/rugby_data_project_airflow-d2RAFQI6/lib/python3.8/site-packages/airflow/example_dags/example_latest_only_with_trigger.py
[2021-05-16 20:08:30,118] {scheduler_job.py:639} INFO - DAG(s) dict_keys(['latest_only_with_trigger']) retrieved from /Users/harry/.local/share/virtualenvs/rugby_data_project_airflow-d2RAFQI6/lib/python3.8/site-packages/airflow/example_dags/example_latest_only_with_trigger.py
[2021-05-16 20:08:30,141] {logging_mixin.py:104} INFO - [2021-05-16 20:08:30,141] {dag.py:1824} INFO - Sync 1 DAGs
[2021-05-16 20:08:30,149] {logging_mixin.py:104} INFO - [2021-05-16 20:08:30,149] {dag.py:2280} INFO - Setting next_dagrun for latest_only_with_trigger to 2021-05-14 00:00:00+00:00
[2021-05-16 20:08:30,156] {scheduler_job.py:190} INFO - Processing /Users/harry/.local/share/virtualenvs/rugby_data_project_airflow-d2RAFQI6/lib/python3.8/site-packages/airflow/example_dags/example_latest_only_with_trigger.py took 0.048 seconds
[2021-05-16 20:09:15,216] {scheduler_job.py:182} INFO - Started process (PID=16036) to work on /Users/harry/.local/share/virtualenvs/rugby_data_project_airflow-d2RAFQI6/lib/python3.8/site-packages/airflow/example_dags/example_latest_only_with_trigger.py
[2021-05-16 20:09:15,216] {scheduler_job.py:629} INFO - Processing file /Users/harry/.local/share/virtualenvs/rugby_data_project_airflow-d2RAFQI6/lib/python3.8/site-packages/airflow/example_dags/example_latest_only_with_trigger.py for tasks to queue
[2021-05-16 20:09:15,217] {logging_mixin.py:104} INFO - [2021-05-16 20:09:15,217] {dagbag.py:451} INFO - Filling up the DagBag from /Users/harry/.local/share/virtualenvs/rugby_data_project_airflow-d2RAFQI6/lib/python3.8/site-packages/airflow/example_dags/example_latest_only_with_trigger.py
[2021-05-16 20:09:15,222] {scheduler_job.py:639} INFO - DAG(s) dict_keys(['latest_only_with_trigger']) retrieved from /Users/harry/.local/share/virtualenvs/rugby_data_project_airflow-d2RAFQI6/lib/python3.8/site-packages/airflow/example_dags/example_latest_only_with_trigger.py
[2021-05-16 20:09:15,246] {logging_mixin.py:104} INFO - [2021-05-16 20:09:15,246] {dag.py:1824} INFO - Sync 1 DAGs
[2021-05-16 20:09:15,251] {logging_mixin.py:104} INFO - [2021-05-16 20:09:15,251] {dag.py:2280} INFO - Setting next_dagrun for latest_only_with_trigger to 2021-05-14 00:00:00+00:00
[2021-05-16 20:09:15,257] {scheduler_job.py:190} INFO - Processing /Users/harry/.local/share/virtualenvs/rugby_data_project_airflow-d2RAFQI6/lib/python3.8/site-packages/airflow/example_dags/example_latest_only_with_trigger.py took 0.041 seconds
[2021-05-16 20:10:02,132] {scheduler_job.py:182} INFO - Started process (PID=16672) to work on /Users/harry/.local/share/virtualenvs/rugby_data_project_airflow-d2RAFQI6/lib/python3.8/site-packages/airflow/example_dags/example_latest_only_with_trigger.py
[2021-05-16 20:10:02,133] {scheduler_job.py:629} INFO - Processing file /Users/harry/.local/share/virtualenvs/rugby_data_project_airflow-d2RAFQI6/lib/python3.8/site-packages/airflow/example_dags/example_latest_only_with_trigger.py for tasks to queue
[2021-05-16 20:10:02,134] {logging_mixin.py:104} INFO - [2021-05-16 20:10:02,134] {dagbag.py:451} INFO - Filling up the DagBag from /Users/harry/.local/share/virtualenvs/rugby_data_project_airflow-d2RAFQI6/lib/python3.8/site-packages/airflow/example_dags/example_latest_only_with_trigger.py
[2021-05-16 20:10:02,141] {scheduler_job.py:639} INFO - DAG(s) dict_keys(['latest_only_with_trigger']) retrieved from /Users/harry/.local/share/virtualenvs/rugby_data_project_airflow-d2RAFQI6/lib/python3.8/site-packages/airflow/example_dags/example_latest_only_with_trigger.py
[2021-05-16 20:10:02,164] {logging_mixin.py:104} INFO - [2021-05-16 20:10:02,164] {dag.py:1824} INFO - Sync 1 DAGs
[2021-05-16 20:10:02,169] {logging_mixin.py:104} INFO - [2021-05-16 20:10:02,169] {dag.py:2280} INFO - Setting next_dagrun for latest_only_with_trigger to 2021-05-14 00:00:00+00:00
[2021-05-16 20:10:02,174] {scheduler_job.py:190} INFO - Processing /Users/harry/.local/share/virtualenvs/rugby_data_project_airflow-d2RAFQI6/lib/python3.8/site-packages/airflow/example_dags/example_latest_only_with_trigger.py took 0.043 seconds
[2021-05-16 20:10:57,521] {scheduler_job.py:182} INFO - Started process (PID=17257) to work on /Users/harry/.local/share/virtualenvs/rugby_data_project_airflow-d2RAFQI6/lib/python3.8/site-packages/airflow/example_dags/example_latest_only_with_trigger.py
[2021-05-16 20:10:57,522] {scheduler_job.py:629} INFO - Processing file /Users/harry/.local/share/virtualenvs/rugby_data_project_airflow-d2RAFQI6/lib/python3.8/site-packages/airflow/example_dags/example_latest_only_with_trigger.py for tasks to queue
[2021-05-16 20:10:57,523] {logging_mixin.py:104} INFO - [2021-05-16 20:10:57,522] {dagbag.py:451} INFO - Filling up the DagBag from /Users/harry/.local/share/virtualenvs/rugby_data_project_airflow-d2RAFQI6/lib/python3.8/site-packages/airflow/example_dags/example_latest_only_with_trigger.py
[2021-05-16 20:10:57,530] {scheduler_job.py:639} INFO - DAG(s) dict_keys(['latest_only_with_trigger']) retrieved from /Users/harry/.local/share/virtualenvs/rugby_data_project_airflow-d2RAFQI6/lib/python3.8/site-packages/airflow/example_dags/example_latest_only_with_trigger.py
[2021-05-16 20:10:57,553] {logging_mixin.py:104} INFO - [2021-05-16 20:10:57,553] {dag.py:1824} INFO - Sync 1 DAGs
[2021-05-16 20:10:57,558] {logging_mixin.py:104} INFO - [2021-05-16 20:10:57,557] {dag.py:2280} INFO - Setting next_dagrun for latest_only_with_trigger to 2021-05-14 00:00:00+00:00
[2021-05-16 20:10:57,563] {scheduler_job.py:190} INFO - Processing /Users/harry/.local/share/virtualenvs/rugby_data_project_airflow-d2RAFQI6/lib/python3.8/site-packages/airflow/example_dags/example_latest_only_with_trigger.py took 0.042 seconds
[2021-05-16 20:11:44,423] {scheduler_job.py:182} INFO - Started process (PID=17733) to work on /Users/harry/.local/share/virtualenvs/rugby_data_project_airflow-d2RAFQI6/lib/python3.8/site-packages/airflow/example_dags/example_latest_only_with_trigger.py
[2021-05-16 20:11:44,424] {scheduler_job.py:629} INFO - Processing file /Users/harry/.local/share/virtualenvs/rugby_data_project_airflow-d2RAFQI6/lib/python3.8/site-packages/airflow/example_dags/example_latest_only_with_trigger.py for tasks to queue
[2021-05-16 20:11:44,424] {logging_mixin.py:104} INFO - [2021-05-16 20:11:44,424] {dagbag.py:451} INFO - Filling up the DagBag from /Users/harry/.local/share/virtualenvs/rugby_data_project_airflow-d2RAFQI6/lib/python3.8/site-packages/airflow/example_dags/example_latest_only_with_trigger.py
[2021-05-16 20:11:44,430] {scheduler_job.py:639} INFO - DAG(s) dict_keys(['latest_only_with_trigger']) retrieved from /Users/harry/.local/share/virtualenvs/rugby_data_project_airflow-d2RAFQI6/lib/python3.8/site-packages/airflow/example_dags/example_latest_only_with_trigger.py
[2021-05-16 20:11:44,455] {logging_mixin.py:104} INFO - [2021-05-16 20:11:44,455] {dag.py:1824} INFO - Sync 1 DAGs
[2021-05-16 20:11:44,460] {logging_mixin.py:104} INFO - [2021-05-16 20:11:44,460] {dag.py:2280} INFO - Setting next_dagrun for latest_only_with_trigger to 2021-05-14 00:00:00+00:00
[2021-05-16 20:11:44,466] {scheduler_job.py:190} INFO - Processing /Users/harry/.local/share/virtualenvs/rugby_data_project_airflow-d2RAFQI6/lib/python3.8/site-packages/airflow/example_dags/example_latest_only_with_trigger.py took 0.044 seconds
[2021-05-16 20:12:31,676] {scheduler_job.py:182} INFO - Started process (PID=18349) to work on /Users/harry/.local/share/virtualenvs/rugby_data_project_airflow-d2RAFQI6/lib/python3.8/site-packages/airflow/example_dags/example_latest_only_with_trigger.py
[2021-05-16 20:12:31,677] {scheduler_job.py:629} INFO - Processing file /Users/harry/.local/share/virtualenvs/rugby_data_project_airflow-d2RAFQI6/lib/python3.8/site-packages/airflow/example_dags/example_latest_only_with_trigger.py for tasks to queue
[2021-05-16 20:12:31,677] {logging_mixin.py:104} INFO - [2021-05-16 20:12:31,677] {dagbag.py:451} INFO - Filling up the DagBag from /Users/harry/.local/share/virtualenvs/rugby_data_project_airflow-d2RAFQI6/lib/python3.8/site-packages/airflow/example_dags/example_latest_only_with_trigger.py
[2021-05-16 20:12:31,684] {scheduler_job.py:639} INFO - DAG(s) dict_keys(['latest_only_with_trigger']) retrieved from /Users/harry/.local/share/virtualenvs/rugby_data_project_airflow-d2RAFQI6/lib/python3.8/site-packages/airflow/example_dags/example_latest_only_with_trigger.py
[2021-05-16 20:12:31,707] {logging_mixin.py:104} INFO - [2021-05-16 20:12:31,707] {dag.py:1824} INFO - Sync 1 DAGs
[2021-05-16 20:12:31,712] {logging_mixin.py:104} INFO - [2021-05-16 20:12:31,712] {dag.py:2280} INFO - Setting next_dagrun for latest_only_with_trigger to 2021-05-14 00:00:00+00:00
[2021-05-16 20:12:31,717] {scheduler_job.py:190} INFO - Processing /Users/harry/.local/share/virtualenvs/rugby_data_project_airflow-d2RAFQI6/lib/python3.8/site-packages/airflow/example_dags/example_latest_only_with_trigger.py took 0.042 seconds
[2021-05-16 20:13:22,409] {scheduler_job.py:182} INFO - Started process (PID=19027) to work on /Users/harry/.local/share/virtualenvs/rugby_data_project_airflow-d2RAFQI6/lib/python3.8/site-packages/airflow/example_dags/example_latest_only_with_trigger.py
[2021-05-16 20:13:22,410] {scheduler_job.py:629} INFO - Processing file /Users/harry/.local/share/virtualenvs/rugby_data_project_airflow-d2RAFQI6/lib/python3.8/site-packages/airflow/example_dags/example_latest_only_with_trigger.py for tasks to queue
[2021-05-16 20:13:22,410] {logging_mixin.py:104} INFO - [2021-05-16 20:13:22,410] {dagbag.py:451} INFO - Filling up the DagBag from /Users/harry/.local/share/virtualenvs/rugby_data_project_airflow-d2RAFQI6/lib/python3.8/site-packages/airflow/example_dags/example_latest_only_with_trigger.py
[2021-05-16 20:13:22,416] {scheduler_job.py:639} INFO - DAG(s) dict_keys(['latest_only_with_trigger']) retrieved from /Users/harry/.local/share/virtualenvs/rugby_data_project_airflow-d2RAFQI6/lib/python3.8/site-packages/airflow/example_dags/example_latest_only_with_trigger.py
[2021-05-16 20:13:22,439] {logging_mixin.py:104} INFO - [2021-05-16 20:13:22,439] {dag.py:1824} INFO - Sync 1 DAGs
[2021-05-16 20:13:22,444] {logging_mixin.py:104} INFO - [2021-05-16 20:13:22,444] {dag.py:2280} INFO - Setting next_dagrun for latest_only_with_trigger to 2021-05-14 00:00:00+00:00
[2021-05-16 20:13:22,450] {scheduler_job.py:190} INFO - Processing /Users/harry/.local/share/virtualenvs/rugby_data_project_airflow-d2RAFQI6/lib/python3.8/site-packages/airflow/example_dags/example_latest_only_with_trigger.py took 0.042 seconds
[2021-05-16 20:14:14,911] {scheduler_job.py:182} INFO - Started process (PID=19626) to work on /Users/harry/.local/share/virtualenvs/rugby_data_project_airflow-d2RAFQI6/lib/python3.8/site-packages/airflow/example_dags/example_latest_only_with_trigger.py
[2021-05-16 20:14:14,912] {scheduler_job.py:629} INFO - Processing file /Users/harry/.local/share/virtualenvs/rugby_data_project_airflow-d2RAFQI6/lib/python3.8/site-packages/airflow/example_dags/example_latest_only_with_trigger.py for tasks to queue
[2021-05-16 20:14:14,912] {logging_mixin.py:104} INFO - [2021-05-16 20:14:14,912] {dagbag.py:451} INFO - Filling up the DagBag from /Users/harry/.local/share/virtualenvs/rugby_data_project_airflow-d2RAFQI6/lib/python3.8/site-packages/airflow/example_dags/example_latest_only_with_trigger.py
[2021-05-16 20:14:14,919] {scheduler_job.py:639} INFO - DAG(s) dict_keys(['latest_only_with_trigger']) retrieved from /Users/harry/.local/share/virtualenvs/rugby_data_project_airflow-d2RAFQI6/lib/python3.8/site-packages/airflow/example_dags/example_latest_only_with_trigger.py
[2021-05-16 20:14:14,942] {logging_mixin.py:104} INFO - [2021-05-16 20:14:14,942] {dag.py:1824} INFO - Sync 1 DAGs
[2021-05-16 20:14:14,947] {logging_mixin.py:104} INFO - [2021-05-16 20:14:14,947] {dag.py:2280} INFO - Setting next_dagrun for latest_only_with_trigger to 2021-05-14 00:00:00+00:00
[2021-05-16 20:14:14,953] {scheduler_job.py:190} INFO - Processing /Users/harry/.local/share/virtualenvs/rugby_data_project_airflow-d2RAFQI6/lib/python3.8/site-packages/airflow/example_dags/example_latest_only_with_trigger.py took 0.043 seconds
[2021-05-16 20:14:58,969] {scheduler_job.py:182} INFO - Started process (PID=20153) to work on /Users/harry/.local/share/virtualenvs/rugby_data_project_airflow-d2RAFQI6/lib/python3.8/site-packages/airflow/example_dags/example_latest_only_with_trigger.py
[2021-05-16 20:14:58,970] {scheduler_job.py:629} INFO - Processing file /Users/harry/.local/share/virtualenvs/rugby_data_project_airflow-d2RAFQI6/lib/python3.8/site-packages/airflow/example_dags/example_latest_only_with_trigger.py for tasks to queue
[2021-05-16 20:14:58,971] {logging_mixin.py:104} INFO - [2021-05-16 20:14:58,971] {dagbag.py:451} INFO - Filling up the DagBag from /Users/harry/.local/share/virtualenvs/rugby_data_project_airflow-d2RAFQI6/lib/python3.8/site-packages/airflow/example_dags/example_latest_only_with_trigger.py
[2021-05-16 20:14:58,977] {scheduler_job.py:639} INFO - DAG(s) dict_keys(['latest_only_with_trigger']) retrieved from /Users/harry/.local/share/virtualenvs/rugby_data_project_airflow-d2RAFQI6/lib/python3.8/site-packages/airflow/example_dags/example_latest_only_with_trigger.py
[2021-05-16 20:14:59,000] {logging_mixin.py:104} INFO - [2021-05-16 20:14:59,000] {dag.py:1824} INFO - Sync 1 DAGs
[2021-05-16 20:14:59,005] {logging_mixin.py:104} INFO - [2021-05-16 20:14:59,005] {dag.py:2280} INFO - Setting next_dagrun for latest_only_with_trigger to 2021-05-14 00:00:00+00:00
[2021-05-16 20:14:59,010] {scheduler_job.py:190} INFO - Processing /Users/harry/.local/share/virtualenvs/rugby_data_project_airflow-d2RAFQI6/lib/python3.8/site-packages/airflow/example_dags/example_latest_only_with_trigger.py took 0.042 seconds
[2021-05-16 20:15:49,679] {scheduler_job.py:182} INFO - Started process (PID=21524) to work on /Users/harry/.local/share/virtualenvs/rugby_data_project_airflow-d2RAFQI6/lib/python3.8/site-packages/airflow/example_dags/example_latest_only_with_trigger.py
[2021-05-16 20:15:49,680] {scheduler_job.py:629} INFO - Processing file /Users/harry/.local/share/virtualenvs/rugby_data_project_airflow-d2RAFQI6/lib/python3.8/site-packages/airflow/example_dags/example_latest_only_with_trigger.py for tasks to queue
[2021-05-16 20:15:49,681] {logging_mixin.py:104} INFO - [2021-05-16 20:15:49,681] {dagbag.py:451} INFO - Filling up the DagBag from /Users/harry/.local/share/virtualenvs/rugby_data_project_airflow-d2RAFQI6/lib/python3.8/site-packages/airflow/example_dags/example_latest_only_with_trigger.py
[2021-05-16 20:15:49,688] {scheduler_job.py:639} INFO - DAG(s) dict_keys(['latest_only_with_trigger']) retrieved from /Users/harry/.local/share/virtualenvs/rugby_data_project_airflow-d2RAFQI6/lib/python3.8/site-packages/airflow/example_dags/example_latest_only_with_trigger.py
[2021-05-16 20:15:49,711] {logging_mixin.py:104} INFO - [2021-05-16 20:15:49,711] {dag.py:1824} INFO - Sync 1 DAGs
[2021-05-16 20:15:49,716] {logging_mixin.py:104} INFO - [2021-05-16 20:15:49,716] {dag.py:2280} INFO - Setting next_dagrun for latest_only_with_trigger to 2021-05-14 00:00:00+00:00
[2021-05-16 20:15:49,721] {scheduler_job.py:190} INFO - Processing /Users/harry/.local/share/virtualenvs/rugby_data_project_airflow-d2RAFQI6/lib/python3.8/site-packages/airflow/example_dags/example_latest_only_with_trigger.py took 0.042 seconds
