[2021-05-16 08:57:18,741] {scheduler_job.py:182} INFO - Started process (PID=42206) to work on /Users/harry/.local/share/virtualenvs/rugby_data_project_airflow-d2RAFQI6/lib/python3.8/site-packages/airflow/example_dags/example_nested_branch_dag.py
[2021-05-16 08:57:18,741] {scheduler_job.py:629} INFO - Processing file /Users/harry/.local/share/virtualenvs/rugby_data_project_airflow-d2RAFQI6/lib/python3.8/site-packages/airflow/example_dags/example_nested_branch_dag.py for tasks to queue
[2021-05-16 08:57:18,742] {logging_mixin.py:104} INFO - [2021-05-16 08:57:18,742] {dagbag.py:451} INFO - Filling up the DagBag from /Users/harry/.local/share/virtualenvs/rugby_data_project_airflow-d2RAFQI6/lib/python3.8/site-packages/airflow/example_dags/example_nested_branch_dag.py
[2021-05-16 08:57:18,748] {scheduler_job.py:639} INFO - DAG(s) dict_keys(['example_nested_branch_dag']) retrieved from /Users/harry/.local/share/virtualenvs/rugby_data_project_airflow-d2RAFQI6/lib/python3.8/site-packages/airflow/example_dags/example_nested_branch_dag.py
[2021-05-16 08:57:18,773] {logging_mixin.py:104} INFO - [2021-05-16 08:57:18,773] {dag.py:1824} INFO - Sync 1 DAGs
[2021-05-16 08:57:18,786] {logging_mixin.py:104} INFO - [2021-05-16 08:57:18,786] {dag.py:2280} INFO - Setting next_dagrun for example_nested_branch_dag to 2021-05-14 00:00:00+00:00
[2021-05-16 08:57:18,794] {scheduler_job.py:190} INFO - Processing /Users/harry/.local/share/virtualenvs/rugby_data_project_airflow-d2RAFQI6/lib/python3.8/site-packages/airflow/example_dags/example_nested_branch_dag.py took 0.054 seconds
[2021-05-16 09:02:59,299] {scheduler_job.py:182} INFO - Started process (PID=43772) to work on /Users/harry/.local/share/virtualenvs/rugby_data_project_airflow-d2RAFQI6/lib/python3.8/site-packages/airflow/example_dags/example_nested_branch_dag.py
[2021-05-16 09:02:59,301] {scheduler_job.py:629} INFO - Processing file /Users/harry/.local/share/virtualenvs/rugby_data_project_airflow-d2RAFQI6/lib/python3.8/site-packages/airflow/example_dags/example_nested_branch_dag.py for tasks to queue
[2021-05-16 09:02:59,301] {logging_mixin.py:104} INFO - [2021-05-16 09:02:59,301] {dagbag.py:451} INFO - Filling up the DagBag from /Users/harry/.local/share/virtualenvs/rugby_data_project_airflow-d2RAFQI6/lib/python3.8/site-packages/airflow/example_dags/example_nested_branch_dag.py
[2021-05-16 09:02:59,310] {scheduler_job.py:639} INFO - DAG(s) dict_keys(['example_nested_branch_dag']) retrieved from /Users/harry/.local/share/virtualenvs/rugby_data_project_airflow-d2RAFQI6/lib/python3.8/site-packages/airflow/example_dags/example_nested_branch_dag.py
[2021-05-16 09:02:59,341] {logging_mixin.py:104} INFO - [2021-05-16 09:02:59,340] {dag.py:1824} INFO - Sync 1 DAGs
[2021-05-16 09:02:59,353] {logging_mixin.py:104} INFO - [2021-05-16 09:02:59,353] {dag.py:2280} INFO - Setting next_dagrun for example_nested_branch_dag to 2021-05-14 00:00:00+00:00
[2021-05-16 09:02:59,360] {scheduler_job.py:190} INFO - Processing /Users/harry/.local/share/virtualenvs/rugby_data_project_airflow-d2RAFQI6/lib/python3.8/site-packages/airflow/example_dags/example_nested_branch_dag.py took 0.062 seconds
[2021-05-16 09:07:19,468] {scheduler_job.py:182} INFO - Started process (PID=45566) to work on /Users/harry/.local/share/virtualenvs/rugby_data_project_airflow-d2RAFQI6/lib/python3.8/site-packages/airflow/example_dags/example_nested_branch_dag.py
[2021-05-16 09:07:19,470] {scheduler_job.py:629} INFO - Processing file /Users/harry/.local/share/virtualenvs/rugby_data_project_airflow-d2RAFQI6/lib/python3.8/site-packages/airflow/example_dags/example_nested_branch_dag.py for tasks to queue
[2021-05-16 09:07:19,470] {logging_mixin.py:104} INFO - [2021-05-16 09:07:19,470] {dagbag.py:451} INFO - Filling up the DagBag from /Users/harry/.local/share/virtualenvs/rugby_data_project_airflow-d2RAFQI6/lib/python3.8/site-packages/airflow/example_dags/example_nested_branch_dag.py
[2021-05-16 09:07:19,478] {scheduler_job.py:639} INFO - DAG(s) dict_keys(['example_nested_branch_dag']) retrieved from /Users/harry/.local/share/virtualenvs/rugby_data_project_airflow-d2RAFQI6/lib/python3.8/site-packages/airflow/example_dags/example_nested_branch_dag.py
[2021-05-16 09:07:19,509] {logging_mixin.py:104} INFO - [2021-05-16 09:07:19,508] {dag.py:1824} INFO - Sync 1 DAGs
[2021-05-16 09:07:19,521] {logging_mixin.py:104} INFO - [2021-05-16 09:07:19,520] {dag.py:2280} INFO - Setting next_dagrun for example_nested_branch_dag to 2021-05-14 00:00:00+00:00
[2021-05-16 09:07:19,528] {scheduler_job.py:190} INFO - Processing /Users/harry/.local/share/virtualenvs/rugby_data_project_airflow-d2RAFQI6/lib/python3.8/site-packages/airflow/example_dags/example_nested_branch_dag.py took 0.060 seconds
[2021-05-16 09:11:24,719] {scheduler_job.py:182} INFO - Started process (PID=47354) to work on /Users/harry/.local/share/virtualenvs/rugby_data_project_airflow-d2RAFQI6/lib/python3.8/site-packages/airflow/example_dags/example_nested_branch_dag.py
[2021-05-16 09:11:24,720] {scheduler_job.py:629} INFO - Processing file /Users/harry/.local/share/virtualenvs/rugby_data_project_airflow-d2RAFQI6/lib/python3.8/site-packages/airflow/example_dags/example_nested_branch_dag.py for tasks to queue
[2021-05-16 09:11:24,721] {logging_mixin.py:104} INFO - [2021-05-16 09:11:24,721] {dagbag.py:451} INFO - Filling up the DagBag from /Users/harry/.local/share/virtualenvs/rugby_data_project_airflow-d2RAFQI6/lib/python3.8/site-packages/airflow/example_dags/example_nested_branch_dag.py
[2021-05-16 09:11:24,729] {scheduler_job.py:639} INFO - DAG(s) dict_keys(['example_nested_branch_dag']) retrieved from /Users/harry/.local/share/virtualenvs/rugby_data_project_airflow-d2RAFQI6/lib/python3.8/site-packages/airflow/example_dags/example_nested_branch_dag.py
[2021-05-16 09:11:24,760] {logging_mixin.py:104} INFO - [2021-05-16 09:11:24,760] {dag.py:1824} INFO - Sync 1 DAGs
[2021-05-16 09:11:24,772] {logging_mixin.py:104} INFO - [2021-05-16 09:11:24,772] {dag.py:2280} INFO - Setting next_dagrun for example_nested_branch_dag to 2021-05-14 00:00:00+00:00
[2021-05-16 09:11:24,779] {scheduler_job.py:190} INFO - Processing /Users/harry/.local/share/virtualenvs/rugby_data_project_airflow-d2RAFQI6/lib/python3.8/site-packages/airflow/example_dags/example_nested_branch_dag.py took 0.061 seconds
[2021-05-16 09:15:58,824] {scheduler_job.py:182} INFO - Started process (PID=49142) to work on /Users/harry/.local/share/virtualenvs/rugby_data_project_airflow-d2RAFQI6/lib/python3.8/site-packages/airflow/example_dags/example_nested_branch_dag.py
[2021-05-16 09:15:58,825] {scheduler_job.py:629} INFO - Processing file /Users/harry/.local/share/virtualenvs/rugby_data_project_airflow-d2RAFQI6/lib/python3.8/site-packages/airflow/example_dags/example_nested_branch_dag.py for tasks to queue
[2021-05-16 09:15:58,825] {logging_mixin.py:104} INFO - [2021-05-16 09:15:58,825] {dagbag.py:451} INFO - Filling up the DagBag from /Users/harry/.local/share/virtualenvs/rugby_data_project_airflow-d2RAFQI6/lib/python3.8/site-packages/airflow/example_dags/example_nested_branch_dag.py
[2021-05-16 09:15:58,838] {scheduler_job.py:639} INFO - DAG(s) dict_keys(['example_nested_branch_dag']) retrieved from /Users/harry/.local/share/virtualenvs/rugby_data_project_airflow-d2RAFQI6/lib/python3.8/site-packages/airflow/example_dags/example_nested_branch_dag.py
[2021-05-16 09:15:58,886] {logging_mixin.py:104} INFO - [2021-05-16 09:15:58,886] {dag.py:1824} INFO - Sync 1 DAGs
[2021-05-16 09:15:58,907] {logging_mixin.py:104} INFO - [2021-05-16 09:15:58,907] {dag.py:2280} INFO - Setting next_dagrun for example_nested_branch_dag to 2021-05-14 00:00:00+00:00
[2021-05-16 09:15:58,918] {scheduler_job.py:190} INFO - Processing /Users/harry/.local/share/virtualenvs/rugby_data_project_airflow-d2RAFQI6/lib/python3.8/site-packages/airflow/example_dags/example_nested_branch_dag.py took 0.096 seconds
[2021-05-16 09:20:51,583] {scheduler_job.py:182} INFO - Started process (PID=51026) to work on /Users/harry/.local/share/virtualenvs/rugby_data_project_airflow-d2RAFQI6/lib/python3.8/site-packages/airflow/example_dags/example_nested_branch_dag.py
[2021-05-16 09:20:51,584] {scheduler_job.py:629} INFO - Processing file /Users/harry/.local/share/virtualenvs/rugby_data_project_airflow-d2RAFQI6/lib/python3.8/site-packages/airflow/example_dags/example_nested_branch_dag.py for tasks to queue
[2021-05-16 09:20:51,585] {logging_mixin.py:104} INFO - [2021-05-16 09:20:51,585] {dagbag.py:451} INFO - Filling up the DagBag from /Users/harry/.local/share/virtualenvs/rugby_data_project_airflow-d2RAFQI6/lib/python3.8/site-packages/airflow/example_dags/example_nested_branch_dag.py
[2021-05-16 09:20:51,596] {scheduler_job.py:639} INFO - DAG(s) dict_keys(['example_nested_branch_dag']) retrieved from /Users/harry/.local/share/virtualenvs/rugby_data_project_airflow-d2RAFQI6/lib/python3.8/site-packages/airflow/example_dags/example_nested_branch_dag.py
[2021-05-16 09:20:51,639] {logging_mixin.py:104} INFO - [2021-05-16 09:20:51,638] {dag.py:1824} INFO - Sync 1 DAGs
[2021-05-16 09:20:51,656] {logging_mixin.py:104} INFO - [2021-05-16 09:20:51,656] {dag.py:2280} INFO - Setting next_dagrun for example_nested_branch_dag to 2021-05-14 00:00:00+00:00
[2021-05-16 09:20:51,666] {scheduler_job.py:190} INFO - Processing /Users/harry/.local/share/virtualenvs/rugby_data_project_airflow-d2RAFQI6/lib/python3.8/site-packages/airflow/example_dags/example_nested_branch_dag.py took 0.084 seconds
[2021-05-16 09:25:36,796] {scheduler_job.py:182} INFO - Started process (PID=52818) to work on /Users/harry/.local/share/virtualenvs/rugby_data_project_airflow-d2RAFQI6/lib/python3.8/site-packages/airflow/example_dags/example_nested_branch_dag.py
[2021-05-16 09:25:36,797] {scheduler_job.py:629} INFO - Processing file /Users/harry/.local/share/virtualenvs/rugby_data_project_airflow-d2RAFQI6/lib/python3.8/site-packages/airflow/example_dags/example_nested_branch_dag.py for tasks to queue
[2021-05-16 09:25:36,798] {logging_mixin.py:104} INFO - [2021-05-16 09:25:36,798] {dagbag.py:451} INFO - Filling up the DagBag from /Users/harry/.local/share/virtualenvs/rugby_data_project_airflow-d2RAFQI6/lib/python3.8/site-packages/airflow/example_dags/example_nested_branch_dag.py
[2021-05-16 09:25:36,809] {scheduler_job.py:639} INFO - DAG(s) dict_keys(['example_nested_branch_dag']) retrieved from /Users/harry/.local/share/virtualenvs/rugby_data_project_airflow-d2RAFQI6/lib/python3.8/site-packages/airflow/example_dags/example_nested_branch_dag.py
[2021-05-16 09:25:36,848] {logging_mixin.py:104} INFO - [2021-05-16 09:25:36,848] {dag.py:1824} INFO - Sync 1 DAGs
[2021-05-16 09:25:36,864] {logging_mixin.py:104} INFO - [2021-05-16 09:25:36,864] {dag.py:2280} INFO - Setting next_dagrun for example_nested_branch_dag to 2021-05-14 00:00:00+00:00
[2021-05-16 09:25:36,872] {scheduler_job.py:190} INFO - Processing /Users/harry/.local/share/virtualenvs/rugby_data_project_airflow-d2RAFQI6/lib/python3.8/site-packages/airflow/example_dags/example_nested_branch_dag.py took 0.077 seconds
[2021-05-16 09:30:28,363] {scheduler_job.py:182} INFO - Started process (PID=54645) to work on /Users/harry/.local/share/virtualenvs/rugby_data_project_airflow-d2RAFQI6/lib/python3.8/site-packages/airflow/example_dags/example_nested_branch_dag.py
[2021-05-16 09:30:28,364] {scheduler_job.py:629} INFO - Processing file /Users/harry/.local/share/virtualenvs/rugby_data_project_airflow-d2RAFQI6/lib/python3.8/site-packages/airflow/example_dags/example_nested_branch_dag.py for tasks to queue
[2021-05-16 09:30:28,365] {logging_mixin.py:104} INFO - [2021-05-16 09:30:28,365] {dagbag.py:451} INFO - Filling up the DagBag from /Users/harry/.local/share/virtualenvs/rugby_data_project_airflow-d2RAFQI6/lib/python3.8/site-packages/airflow/example_dags/example_nested_branch_dag.py
[2021-05-16 09:30:28,376] {scheduler_job.py:639} INFO - DAG(s) dict_keys(['example_nested_branch_dag']) retrieved from /Users/harry/.local/share/virtualenvs/rugby_data_project_airflow-d2RAFQI6/lib/python3.8/site-packages/airflow/example_dags/example_nested_branch_dag.py
[2021-05-16 09:30:28,415] {logging_mixin.py:104} INFO - [2021-05-16 09:30:28,415] {dag.py:1824} INFO - Sync 1 DAGs
[2021-05-16 09:30:28,431] {logging_mixin.py:104} INFO - [2021-05-16 09:30:28,431] {dag.py:2280} INFO - Setting next_dagrun for example_nested_branch_dag to 2021-05-14 00:00:00+00:00
[2021-05-16 09:30:28,440] {scheduler_job.py:190} INFO - Processing /Users/harry/.local/share/virtualenvs/rugby_data_project_airflow-d2RAFQI6/lib/python3.8/site-packages/airflow/example_dags/example_nested_branch_dag.py took 0.077 seconds
[2021-05-16 09:35:19,717] {scheduler_job.py:182} INFO - Started process (PID=56399) to work on /Users/harry/.local/share/virtualenvs/rugby_data_project_airflow-d2RAFQI6/lib/python3.8/site-packages/airflow/example_dags/example_nested_branch_dag.py
[2021-05-16 09:35:19,718] {scheduler_job.py:629} INFO - Processing file /Users/harry/.local/share/virtualenvs/rugby_data_project_airflow-d2RAFQI6/lib/python3.8/site-packages/airflow/example_dags/example_nested_branch_dag.py for tasks to queue
[2021-05-16 09:35:19,719] {logging_mixin.py:104} INFO - [2021-05-16 09:35:19,719] {dagbag.py:451} INFO - Filling up the DagBag from /Users/harry/.local/share/virtualenvs/rugby_data_project_airflow-d2RAFQI6/lib/python3.8/site-packages/airflow/example_dags/example_nested_branch_dag.py
[2021-05-16 09:35:19,730] {scheduler_job.py:639} INFO - DAG(s) dict_keys(['example_nested_branch_dag']) retrieved from /Users/harry/.local/share/virtualenvs/rugby_data_project_airflow-d2RAFQI6/lib/python3.8/site-packages/airflow/example_dags/example_nested_branch_dag.py
[2021-05-16 09:35:19,767] {logging_mixin.py:104} INFO - [2021-05-16 09:35:19,767] {dag.py:1824} INFO - Sync 1 DAGs
[2021-05-16 09:35:19,784] {logging_mixin.py:104} INFO - [2021-05-16 09:35:19,783] {dag.py:2280} INFO - Setting next_dagrun for example_nested_branch_dag to 2021-05-14 00:00:00+00:00
[2021-05-16 09:35:19,793] {scheduler_job.py:190} INFO - Processing /Users/harry/.local/share/virtualenvs/rugby_data_project_airflow-d2RAFQI6/lib/python3.8/site-packages/airflow/example_dags/example_nested_branch_dag.py took 0.077 seconds
[2021-05-16 09:40:13,416] {scheduler_job.py:182} INFO - Started process (PID=58194) to work on /Users/harry/.local/share/virtualenvs/rugby_data_project_airflow-d2RAFQI6/lib/python3.8/site-packages/airflow/example_dags/example_nested_branch_dag.py
[2021-05-16 09:40:13,417] {scheduler_job.py:629} INFO - Processing file /Users/harry/.local/share/virtualenvs/rugby_data_project_airflow-d2RAFQI6/lib/python3.8/site-packages/airflow/example_dags/example_nested_branch_dag.py for tasks to queue
[2021-05-16 09:40:13,418] {logging_mixin.py:104} INFO - [2021-05-16 09:40:13,418] {dagbag.py:451} INFO - Filling up the DagBag from /Users/harry/.local/share/virtualenvs/rugby_data_project_airflow-d2RAFQI6/lib/python3.8/site-packages/airflow/example_dags/example_nested_branch_dag.py
[2021-05-16 09:40:13,428] {scheduler_job.py:639} INFO - DAG(s) dict_keys(['example_nested_branch_dag']) retrieved from /Users/harry/.local/share/virtualenvs/rugby_data_project_airflow-d2RAFQI6/lib/python3.8/site-packages/airflow/example_dags/example_nested_branch_dag.py
[2021-05-16 09:40:13,465] {logging_mixin.py:104} INFO - [2021-05-16 09:40:13,465] {dag.py:1824} INFO - Sync 1 DAGs
[2021-05-16 09:40:13,480] {logging_mixin.py:104} INFO - [2021-05-16 09:40:13,480] {dag.py:2280} INFO - Setting next_dagrun for example_nested_branch_dag to 2021-05-14 00:00:00+00:00
[2021-05-16 09:40:13,488] {scheduler_job.py:190} INFO - Processing /Users/harry/.local/share/virtualenvs/rugby_data_project_airflow-d2RAFQI6/lib/python3.8/site-packages/airflow/example_dags/example_nested_branch_dag.py took 0.073 seconds
[2021-05-16 09:47:50,030] {scheduler_job.py:182} INFO - Started process (PID=60721) to work on /Users/harry/.local/share/virtualenvs/rugby_data_project_airflow-d2RAFQI6/lib/python3.8/site-packages/airflow/example_dags/example_nested_branch_dag.py
[2021-05-16 09:47:50,031] {scheduler_job.py:629} INFO - Processing file /Users/harry/.local/share/virtualenvs/rugby_data_project_airflow-d2RAFQI6/lib/python3.8/site-packages/airflow/example_dags/example_nested_branch_dag.py for tasks to queue
[2021-05-16 09:47:50,032] {logging_mixin.py:104} INFO - [2021-05-16 09:47:50,032] {dagbag.py:451} INFO - Filling up the DagBag from /Users/harry/.local/share/virtualenvs/rugby_data_project_airflow-d2RAFQI6/lib/python3.8/site-packages/airflow/example_dags/example_nested_branch_dag.py
[2021-05-16 09:47:50,039] {scheduler_job.py:639} INFO - DAG(s) dict_keys(['example_nested_branch_dag']) retrieved from /Users/harry/.local/share/virtualenvs/rugby_data_project_airflow-d2RAFQI6/lib/python3.8/site-packages/airflow/example_dags/example_nested_branch_dag.py
[2021-05-16 09:47:50,069] {logging_mixin.py:104} INFO - [2021-05-16 09:47:50,069] {dag.py:1824} INFO - Sync 1 DAGs
[2021-05-16 09:47:50,081] {logging_mixin.py:104} INFO - [2021-05-16 09:47:50,081] {dag.py:2280} INFO - Setting next_dagrun for example_nested_branch_dag to 2021-05-14 00:00:00+00:00
[2021-05-16 09:47:50,088] {scheduler_job.py:190} INFO - Processing /Users/harry/.local/share/virtualenvs/rugby_data_project_airflow-d2RAFQI6/lib/python3.8/site-packages/airflow/example_dags/example_nested_branch_dag.py took 0.058 seconds
[2021-05-16 13:21:20,465] {scheduler_job.py:182} INFO - Started process (PID=4520) to work on /Users/harry/.local/share/virtualenvs/rugby_data_project_airflow-d2RAFQI6/lib/python3.8/site-packages/airflow/example_dags/example_nested_branch_dag.py
[2021-05-16 13:21:20,466] {scheduler_job.py:629} INFO - Processing file /Users/harry/.local/share/virtualenvs/rugby_data_project_airflow-d2RAFQI6/lib/python3.8/site-packages/airflow/example_dags/example_nested_branch_dag.py for tasks to queue
[2021-05-16 13:21:20,466] {logging_mixin.py:104} INFO - [2021-05-16 13:21:20,466] {dagbag.py:451} INFO - Filling up the DagBag from /Users/harry/.local/share/virtualenvs/rugby_data_project_airflow-d2RAFQI6/lib/python3.8/site-packages/airflow/example_dags/example_nested_branch_dag.py
[2021-05-16 13:21:20,474] {scheduler_job.py:639} INFO - DAG(s) dict_keys(['example_nested_branch_dag']) retrieved from /Users/harry/.local/share/virtualenvs/rugby_data_project_airflow-d2RAFQI6/lib/python3.8/site-packages/airflow/example_dags/example_nested_branch_dag.py
[2021-05-16 13:21:20,497] {logging_mixin.py:104} INFO - [2021-05-16 13:21:20,497] {dag.py:1824} INFO - Sync 1 DAGs
[2021-05-16 13:21:20,506] {logging_mixin.py:104} INFO - [2021-05-16 13:21:20,506] {dag.py:2280} INFO - Setting next_dagrun for example_nested_branch_dag to 2021-05-14 00:00:00+00:00
[2021-05-16 13:21:20,512] {scheduler_job.py:190} INFO - Processing /Users/harry/.local/share/virtualenvs/rugby_data_project_airflow-d2RAFQI6/lib/python3.8/site-packages/airflow/example_dags/example_nested_branch_dag.py took 0.048 seconds
[2021-05-16 13:22:24,021] {scheduler_job.py:182} INFO - Started process (PID=5310) to work on /Users/harry/.local/share/virtualenvs/rugby_data_project_airflow-d2RAFQI6/lib/python3.8/site-packages/airflow/example_dags/example_nested_branch_dag.py
[2021-05-16 13:22:24,022] {scheduler_job.py:629} INFO - Processing file /Users/harry/.local/share/virtualenvs/rugby_data_project_airflow-d2RAFQI6/lib/python3.8/site-packages/airflow/example_dags/example_nested_branch_dag.py for tasks to queue
[2021-05-16 13:22:24,023] {logging_mixin.py:104} INFO - [2021-05-16 13:22:24,023] {dagbag.py:451} INFO - Filling up the DagBag from /Users/harry/.local/share/virtualenvs/rugby_data_project_airflow-d2RAFQI6/lib/python3.8/site-packages/airflow/example_dags/example_nested_branch_dag.py
[2021-05-16 13:22:24,030] {scheduler_job.py:639} INFO - DAG(s) dict_keys(['example_nested_branch_dag']) retrieved from /Users/harry/.local/share/virtualenvs/rugby_data_project_airflow-d2RAFQI6/lib/python3.8/site-packages/airflow/example_dags/example_nested_branch_dag.py
[2021-05-16 13:22:24,054] {logging_mixin.py:104} INFO - [2021-05-16 13:22:24,053] {dag.py:1824} INFO - Sync 1 DAGs
[2021-05-16 13:22:24,063] {logging_mixin.py:104} INFO - [2021-05-16 13:22:24,063] {dag.py:2280} INFO - Setting next_dagrun for example_nested_branch_dag to 2021-05-14 00:00:00+00:00
[2021-05-16 13:22:24,069] {scheduler_job.py:190} INFO - Processing /Users/harry/.local/share/virtualenvs/rugby_data_project_airflow-d2RAFQI6/lib/python3.8/site-packages/airflow/example_dags/example_nested_branch_dag.py took 0.048 seconds
[2021-05-16 13:23:05,245] {scheduler_job.py:182} INFO - Started process (PID=5917) to work on /Users/harry/.local/share/virtualenvs/rugby_data_project_airflow-d2RAFQI6/lib/python3.8/site-packages/airflow/example_dags/example_nested_branch_dag.py
[2021-05-16 13:23:05,246] {scheduler_job.py:629} INFO - Processing file /Users/harry/.local/share/virtualenvs/rugby_data_project_airflow-d2RAFQI6/lib/python3.8/site-packages/airflow/example_dags/example_nested_branch_dag.py for tasks to queue
[2021-05-16 13:23:05,246] {logging_mixin.py:104} INFO - [2021-05-16 13:23:05,246] {dagbag.py:451} INFO - Filling up the DagBag from /Users/harry/.local/share/virtualenvs/rugby_data_project_airflow-d2RAFQI6/lib/python3.8/site-packages/airflow/example_dags/example_nested_branch_dag.py
[2021-05-16 13:23:05,254] {scheduler_job.py:639} INFO - DAG(s) dict_keys(['example_nested_branch_dag']) retrieved from /Users/harry/.local/share/virtualenvs/rugby_data_project_airflow-d2RAFQI6/lib/python3.8/site-packages/airflow/example_dags/example_nested_branch_dag.py
[2021-05-16 13:23:05,277] {logging_mixin.py:104} INFO - [2021-05-16 13:23:05,277] {dag.py:1824} INFO - Sync 1 DAGs
[2021-05-16 13:23:05,286] {logging_mixin.py:104} INFO - [2021-05-16 13:23:05,286] {dag.py:2280} INFO - Setting next_dagrun for example_nested_branch_dag to 2021-05-14 00:00:00+00:00
[2021-05-16 13:23:05,292] {scheduler_job.py:190} INFO - Processing /Users/harry/.local/share/virtualenvs/rugby_data_project_airflow-d2RAFQI6/lib/python3.8/site-packages/airflow/example_dags/example_nested_branch_dag.py took 0.048 seconds
[2021-05-16 13:23:52,758] {scheduler_job.py:182} INFO - Started process (PID=6576) to work on /Users/harry/.local/share/virtualenvs/rugby_data_project_airflow-d2RAFQI6/lib/python3.8/site-packages/airflow/example_dags/example_nested_branch_dag.py
[2021-05-16 13:23:52,759] {scheduler_job.py:629} INFO - Processing file /Users/harry/.local/share/virtualenvs/rugby_data_project_airflow-d2RAFQI6/lib/python3.8/site-packages/airflow/example_dags/example_nested_branch_dag.py for tasks to queue
[2021-05-16 13:23:52,759] {logging_mixin.py:104} INFO - [2021-05-16 13:23:52,759] {dagbag.py:451} INFO - Filling up the DagBag from /Users/harry/.local/share/virtualenvs/rugby_data_project_airflow-d2RAFQI6/lib/python3.8/site-packages/airflow/example_dags/example_nested_branch_dag.py
[2021-05-16 13:23:52,767] {scheduler_job.py:639} INFO - DAG(s) dict_keys(['example_nested_branch_dag']) retrieved from /Users/harry/.local/share/virtualenvs/rugby_data_project_airflow-d2RAFQI6/lib/python3.8/site-packages/airflow/example_dags/example_nested_branch_dag.py
[2021-05-16 13:23:52,798] {logging_mixin.py:104} INFO - [2021-05-16 13:23:52,797] {dag.py:1824} INFO - Sync 1 DAGs
[2021-05-16 13:23:52,808] {logging_mixin.py:104} INFO - [2021-05-16 13:23:52,808] {dag.py:2280} INFO - Setting next_dagrun for example_nested_branch_dag to 2021-05-14 00:00:00+00:00
[2021-05-16 13:23:52,815] {scheduler_job.py:190} INFO - Processing /Users/harry/.local/share/virtualenvs/rugby_data_project_airflow-d2RAFQI6/lib/python3.8/site-packages/airflow/example_dags/example_nested_branch_dag.py took 0.057 seconds
[2021-05-16 20:06:39,139] {scheduler_job.py:182} INFO - Started process (PID=14366) to work on /Users/harry/.local/share/virtualenvs/rugby_data_project_airflow-d2RAFQI6/lib/python3.8/site-packages/airflow/example_dags/example_nested_branch_dag.py
[2021-05-16 20:06:39,140] {scheduler_job.py:629} INFO - Processing file /Users/harry/.local/share/virtualenvs/rugby_data_project_airflow-d2RAFQI6/lib/python3.8/site-packages/airflow/example_dags/example_nested_branch_dag.py for tasks to queue
[2021-05-16 20:06:39,141] {logging_mixin.py:104} INFO - [2021-05-16 20:06:39,140] {dagbag.py:451} INFO - Filling up the DagBag from /Users/harry/.local/share/virtualenvs/rugby_data_project_airflow-d2RAFQI6/lib/python3.8/site-packages/airflow/example_dags/example_nested_branch_dag.py
[2021-05-16 20:06:39,148] {scheduler_job.py:639} INFO - DAG(s) dict_keys(['example_nested_branch_dag']) retrieved from /Users/harry/.local/share/virtualenvs/rugby_data_project_airflow-d2RAFQI6/lib/python3.8/site-packages/airflow/example_dags/example_nested_branch_dag.py
[2021-05-16 20:06:39,171] {logging_mixin.py:104} INFO - [2021-05-16 20:06:39,171] {dag.py:1824} INFO - Sync 1 DAGs
[2021-05-16 20:06:39,180] {logging_mixin.py:104} INFO - [2021-05-16 20:06:39,180] {dag.py:2280} INFO - Setting next_dagrun for example_nested_branch_dag to 2021-05-14 00:00:00+00:00
[2021-05-16 20:06:39,185] {scheduler_job.py:190} INFO - Processing /Users/harry/.local/share/virtualenvs/rugby_data_project_airflow-d2RAFQI6/lib/python3.8/site-packages/airflow/example_dags/example_nested_branch_dag.py took 0.047 seconds
[2021-05-16 20:07:15,263] {scheduler_job.py:182} INFO - Started process (PID=14736) to work on /Users/harry/.local/share/virtualenvs/rugby_data_project_airflow-d2RAFQI6/lib/python3.8/site-packages/airflow/example_dags/example_nested_branch_dag.py
[2021-05-16 20:07:15,265] {scheduler_job.py:629} INFO - Processing file /Users/harry/.local/share/virtualenvs/rugby_data_project_airflow-d2RAFQI6/lib/python3.8/site-packages/airflow/example_dags/example_nested_branch_dag.py for tasks to queue
[2021-05-16 20:07:15,265] {logging_mixin.py:104} INFO - [2021-05-16 20:07:15,265] {dagbag.py:451} INFO - Filling up the DagBag from /Users/harry/.local/share/virtualenvs/rugby_data_project_airflow-d2RAFQI6/lib/python3.8/site-packages/airflow/example_dags/example_nested_branch_dag.py
[2021-05-16 20:07:15,273] {scheduler_job.py:639} INFO - DAG(s) dict_keys(['example_nested_branch_dag']) retrieved from /Users/harry/.local/share/virtualenvs/rugby_data_project_airflow-d2RAFQI6/lib/python3.8/site-packages/airflow/example_dags/example_nested_branch_dag.py
[2021-05-16 20:07:15,297] {logging_mixin.py:104} INFO - [2021-05-16 20:07:15,297] {dag.py:1824} INFO - Sync 1 DAGs
[2021-05-16 20:07:15,307] {logging_mixin.py:104} INFO - [2021-05-16 20:07:15,307] {dag.py:2280} INFO - Setting next_dagrun for example_nested_branch_dag to 2021-05-14 00:00:00+00:00
[2021-05-16 20:07:15,313] {scheduler_job.py:190} INFO - Processing /Users/harry/.local/share/virtualenvs/rugby_data_project_airflow-d2RAFQI6/lib/python3.8/site-packages/airflow/example_dags/example_nested_branch_dag.py took 0.050 seconds
[2021-05-16 20:07:51,861] {scheduler_job.py:182} INFO - Started process (PID=15143) to work on /Users/harry/.local/share/virtualenvs/rugby_data_project_airflow-d2RAFQI6/lib/python3.8/site-packages/airflow/example_dags/example_nested_branch_dag.py
[2021-05-16 20:07:51,863] {scheduler_job.py:629} INFO - Processing file /Users/harry/.local/share/virtualenvs/rugby_data_project_airflow-d2RAFQI6/lib/python3.8/site-packages/airflow/example_dags/example_nested_branch_dag.py for tasks to queue
[2021-05-16 20:07:51,863] {logging_mixin.py:104} INFO - [2021-05-16 20:07:51,863] {dagbag.py:451} INFO - Filling up the DagBag from /Users/harry/.local/share/virtualenvs/rugby_data_project_airflow-d2RAFQI6/lib/python3.8/site-packages/airflow/example_dags/example_nested_branch_dag.py
[2021-05-16 20:07:51,871] {scheduler_job.py:639} INFO - DAG(s) dict_keys(['example_nested_branch_dag']) retrieved from /Users/harry/.local/share/virtualenvs/rugby_data_project_airflow-d2RAFQI6/lib/python3.8/site-packages/airflow/example_dags/example_nested_branch_dag.py
[2021-05-16 20:07:51,895] {logging_mixin.py:104} INFO - [2021-05-16 20:07:51,894] {dag.py:1824} INFO - Sync 1 DAGs
[2021-05-16 20:07:51,904] {logging_mixin.py:104} INFO - [2021-05-16 20:07:51,904] {dag.py:2280} INFO - Setting next_dagrun for example_nested_branch_dag to 2021-05-14 00:00:00+00:00
[2021-05-16 20:07:51,910] {scheduler_job.py:190} INFO - Processing /Users/harry/.local/share/virtualenvs/rugby_data_project_airflow-d2RAFQI6/lib/python3.8/site-packages/airflow/example_dags/example_nested_branch_dag.py took 0.049 seconds
[2021-05-16 20:08:26,575] {scheduler_job.py:182} INFO - Started process (PID=15566) to work on /Users/harry/.local/share/virtualenvs/rugby_data_project_airflow-d2RAFQI6/lib/python3.8/site-packages/airflow/example_dags/example_nested_branch_dag.py
[2021-05-16 20:08:26,576] {scheduler_job.py:629} INFO - Processing file /Users/harry/.local/share/virtualenvs/rugby_data_project_airflow-d2RAFQI6/lib/python3.8/site-packages/airflow/example_dags/example_nested_branch_dag.py for tasks to queue
[2021-05-16 20:08:26,577] {logging_mixin.py:104} INFO - [2021-05-16 20:08:26,577] {dagbag.py:451} INFO - Filling up the DagBag from /Users/harry/.local/share/virtualenvs/rugby_data_project_airflow-d2RAFQI6/lib/python3.8/site-packages/airflow/example_dags/example_nested_branch_dag.py
[2021-05-16 20:08:26,585] {scheduler_job.py:639} INFO - DAG(s) dict_keys(['example_nested_branch_dag']) retrieved from /Users/harry/.local/share/virtualenvs/rugby_data_project_airflow-d2RAFQI6/lib/python3.8/site-packages/airflow/example_dags/example_nested_branch_dag.py
[2021-05-16 20:08:26,609] {logging_mixin.py:104} INFO - [2021-05-16 20:08:26,609] {dag.py:1824} INFO - Sync 1 DAGs
[2021-05-16 20:08:26,619] {logging_mixin.py:104} INFO - [2021-05-16 20:08:26,618] {dag.py:2280} INFO - Setting next_dagrun for example_nested_branch_dag to 2021-05-14 00:00:00+00:00
[2021-05-16 20:08:26,625] {scheduler_job.py:190} INFO - Processing /Users/harry/.local/share/virtualenvs/rugby_data_project_airflow-d2RAFQI6/lib/python3.8/site-packages/airflow/example_dags/example_nested_branch_dag.py took 0.051 seconds
[2021-05-16 20:09:00,607] {scheduler_job.py:182} INFO - Started process (PID=15875) to work on /Users/harry/.local/share/virtualenvs/rugby_data_project_airflow-d2RAFQI6/lib/python3.8/site-packages/airflow/example_dags/example_nested_branch_dag.py
[2021-05-16 20:09:00,607] {scheduler_job.py:629} INFO - Processing file /Users/harry/.local/share/virtualenvs/rugby_data_project_airflow-d2RAFQI6/lib/python3.8/site-packages/airflow/example_dags/example_nested_branch_dag.py for tasks to queue
[2021-05-16 20:09:00,607] {logging_mixin.py:104} INFO - [2021-05-16 20:09:00,607] {dagbag.py:451} INFO - Filling up the DagBag from /Users/harry/.local/share/virtualenvs/rugby_data_project_airflow-d2RAFQI6/lib/python3.8/site-packages/airflow/example_dags/example_nested_branch_dag.py
[2021-05-16 20:09:00,614] {scheduler_job.py:639} INFO - DAG(s) dict_keys(['example_nested_branch_dag']) retrieved from /Users/harry/.local/share/virtualenvs/rugby_data_project_airflow-d2RAFQI6/lib/python3.8/site-packages/airflow/example_dags/example_nested_branch_dag.py
[2021-05-16 20:09:00,636] {logging_mixin.py:104} INFO - [2021-05-16 20:09:00,636] {dag.py:1824} INFO - Sync 1 DAGs
[2021-05-16 20:09:00,645] {logging_mixin.py:104} INFO - [2021-05-16 20:09:00,645] {dag.py:2280} INFO - Setting next_dagrun for example_nested_branch_dag to 2021-05-14 00:00:00+00:00
[2021-05-16 20:09:00,652] {scheduler_job.py:190} INFO - Processing /Users/harry/.local/share/virtualenvs/rugby_data_project_airflow-d2RAFQI6/lib/python3.8/site-packages/airflow/example_dags/example_nested_branch_dag.py took 0.045 seconds
[2021-05-16 20:09:44,056] {scheduler_job.py:182} INFO - Started process (PID=16432) to work on /Users/harry/.local/share/virtualenvs/rugby_data_project_airflow-d2RAFQI6/lib/python3.8/site-packages/airflow/example_dags/example_nested_branch_dag.py
[2021-05-16 20:09:44,057] {scheduler_job.py:629} INFO - Processing file /Users/harry/.local/share/virtualenvs/rugby_data_project_airflow-d2RAFQI6/lib/python3.8/site-packages/airflow/example_dags/example_nested_branch_dag.py for tasks to queue
[2021-05-16 20:09:44,057] {logging_mixin.py:104} INFO - [2021-05-16 20:09:44,057] {dagbag.py:451} INFO - Filling up the DagBag from /Users/harry/.local/share/virtualenvs/rugby_data_project_airflow-d2RAFQI6/lib/python3.8/site-packages/airflow/example_dags/example_nested_branch_dag.py
[2021-05-16 20:09:44,064] {scheduler_job.py:639} INFO - DAG(s) dict_keys(['example_nested_branch_dag']) retrieved from /Users/harry/.local/share/virtualenvs/rugby_data_project_airflow-d2RAFQI6/lib/python3.8/site-packages/airflow/example_dags/example_nested_branch_dag.py
[2021-05-16 20:09:44,087] {logging_mixin.py:104} INFO - [2021-05-16 20:09:44,087] {dag.py:1824} INFO - Sync 1 DAGs
[2021-05-16 20:09:44,097] {logging_mixin.py:104} INFO - [2021-05-16 20:09:44,097] {dag.py:2280} INFO - Setting next_dagrun for example_nested_branch_dag to 2021-05-14 00:00:00+00:00
[2021-05-16 20:09:44,104] {scheduler_job.py:190} INFO - Processing /Users/harry/.local/share/virtualenvs/rugby_data_project_airflow-d2RAFQI6/lib/python3.8/site-packages/airflow/example_dags/example_nested_branch_dag.py took 0.049 seconds
[2021-05-16 20:10:32,974] {scheduler_job.py:182} INFO - Started process (PID=17006) to work on /Users/harry/.local/share/virtualenvs/rugby_data_project_airflow-d2RAFQI6/lib/python3.8/site-packages/airflow/example_dags/example_nested_branch_dag.py
[2021-05-16 20:10:32,975] {scheduler_job.py:629} INFO - Processing file /Users/harry/.local/share/virtualenvs/rugby_data_project_airflow-d2RAFQI6/lib/python3.8/site-packages/airflow/example_dags/example_nested_branch_dag.py for tasks to queue
[2021-05-16 20:10:32,975] {logging_mixin.py:104} INFO - [2021-05-16 20:10:32,975] {dagbag.py:451} INFO - Filling up the DagBag from /Users/harry/.local/share/virtualenvs/rugby_data_project_airflow-d2RAFQI6/lib/python3.8/site-packages/airflow/example_dags/example_nested_branch_dag.py
[2021-05-16 20:10:32,983] {scheduler_job.py:639} INFO - DAG(s) dict_keys(['example_nested_branch_dag']) retrieved from /Users/harry/.local/share/virtualenvs/rugby_data_project_airflow-d2RAFQI6/lib/python3.8/site-packages/airflow/example_dags/example_nested_branch_dag.py
[2021-05-16 20:10:33,006] {logging_mixin.py:104} INFO - [2021-05-16 20:10:33,006] {dag.py:1824} INFO - Sync 1 DAGs
[2021-05-16 20:10:33,015] {logging_mixin.py:104} INFO - [2021-05-16 20:10:33,015] {dag.py:2280} INFO - Setting next_dagrun for example_nested_branch_dag to 2021-05-14 00:00:00+00:00
[2021-05-16 20:10:33,020] {scheduler_job.py:190} INFO - Processing /Users/harry/.local/share/virtualenvs/rugby_data_project_airflow-d2RAFQI6/lib/python3.8/site-packages/airflow/example_dags/example_nested_branch_dag.py took 0.047 seconds
[2021-05-16 20:11:11,431] {scheduler_job.py:182} INFO - Started process (PID=17386) to work on /Users/harry/.local/share/virtualenvs/rugby_data_project_airflow-d2RAFQI6/lib/python3.8/site-packages/airflow/example_dags/example_nested_branch_dag.py
[2021-05-16 20:11:11,432] {scheduler_job.py:629} INFO - Processing file /Users/harry/.local/share/virtualenvs/rugby_data_project_airflow-d2RAFQI6/lib/python3.8/site-packages/airflow/example_dags/example_nested_branch_dag.py for tasks to queue
[2021-05-16 20:11:11,432] {logging_mixin.py:104} INFO - [2021-05-16 20:11:11,432] {dagbag.py:451} INFO - Filling up the DagBag from /Users/harry/.local/share/virtualenvs/rugby_data_project_airflow-d2RAFQI6/lib/python3.8/site-packages/airflow/example_dags/example_nested_branch_dag.py
[2021-05-16 20:11:11,439] {scheduler_job.py:639} INFO - DAG(s) dict_keys(['example_nested_branch_dag']) retrieved from /Users/harry/.local/share/virtualenvs/rugby_data_project_airflow-d2RAFQI6/lib/python3.8/site-packages/airflow/example_dags/example_nested_branch_dag.py
[2021-05-16 20:11:11,462] {logging_mixin.py:104} INFO - [2021-05-16 20:11:11,462] {dag.py:1824} INFO - Sync 1 DAGs
[2021-05-16 20:11:11,472] {logging_mixin.py:104} INFO - [2021-05-16 20:11:11,472] {dag.py:2280} INFO - Setting next_dagrun for example_nested_branch_dag to 2021-05-14 00:00:00+00:00
[2021-05-16 20:11:11,478] {scheduler_job.py:190} INFO - Processing /Users/harry/.local/share/virtualenvs/rugby_data_project_airflow-d2RAFQI6/lib/python3.8/site-packages/airflow/example_dags/example_nested_branch_dag.py took 0.048 seconds
[2021-05-16 20:11:56,952] {scheduler_job.py:182} INFO - Started process (PID=17893) to work on /Users/harry/.local/share/virtualenvs/rugby_data_project_airflow-d2RAFQI6/lib/python3.8/site-packages/airflow/example_dags/example_nested_branch_dag.py
[2021-05-16 20:11:56,953] {scheduler_job.py:629} INFO - Processing file /Users/harry/.local/share/virtualenvs/rugby_data_project_airflow-d2RAFQI6/lib/python3.8/site-packages/airflow/example_dags/example_nested_branch_dag.py for tasks to queue
[2021-05-16 20:11:56,953] {logging_mixin.py:104} INFO - [2021-05-16 20:11:56,953] {dagbag.py:451} INFO - Filling up the DagBag from /Users/harry/.local/share/virtualenvs/rugby_data_project_airflow-d2RAFQI6/lib/python3.8/site-packages/airflow/example_dags/example_nested_branch_dag.py
[2021-05-16 20:11:56,960] {scheduler_job.py:639} INFO - DAG(s) dict_keys(['example_nested_branch_dag']) retrieved from /Users/harry/.local/share/virtualenvs/rugby_data_project_airflow-d2RAFQI6/lib/python3.8/site-packages/airflow/example_dags/example_nested_branch_dag.py
[2021-05-16 20:11:56,982] {logging_mixin.py:104} INFO - [2021-05-16 20:11:56,982] {dag.py:1824} INFO - Sync 1 DAGs
[2021-05-16 20:11:56,991] {logging_mixin.py:104} INFO - [2021-05-16 20:11:56,991] {dag.py:2280} INFO - Setting next_dagrun for example_nested_branch_dag to 2021-05-14 00:00:00+00:00
[2021-05-16 20:11:56,997] {scheduler_job.py:190} INFO - Processing /Users/harry/.local/share/virtualenvs/rugby_data_project_airflow-d2RAFQI6/lib/python3.8/site-packages/airflow/example_dags/example_nested_branch_dag.py took 0.045 seconds
[2021-05-16 20:12:28,229] {scheduler_job.py:182} INFO - Started process (PID=18295) to work on /Users/harry/.local/share/virtualenvs/rugby_data_project_airflow-d2RAFQI6/lib/python3.8/site-packages/airflow/example_dags/example_nested_branch_dag.py
[2021-05-16 20:12:28,230] {scheduler_job.py:629} INFO - Processing file /Users/harry/.local/share/virtualenvs/rugby_data_project_airflow-d2RAFQI6/lib/python3.8/site-packages/airflow/example_dags/example_nested_branch_dag.py for tasks to queue
[2021-05-16 20:12:28,230] {logging_mixin.py:104} INFO - [2021-05-16 20:12:28,230] {dagbag.py:451} INFO - Filling up the DagBag from /Users/harry/.local/share/virtualenvs/rugby_data_project_airflow-d2RAFQI6/lib/python3.8/site-packages/airflow/example_dags/example_nested_branch_dag.py
[2021-05-16 20:12:28,237] {scheduler_job.py:639} INFO - DAG(s) dict_keys(['example_nested_branch_dag']) retrieved from /Users/harry/.local/share/virtualenvs/rugby_data_project_airflow-d2RAFQI6/lib/python3.8/site-packages/airflow/example_dags/example_nested_branch_dag.py
[2021-05-16 20:12:28,260] {logging_mixin.py:104} INFO - [2021-05-16 20:12:28,260] {dag.py:1824} INFO - Sync 1 DAGs
[2021-05-16 20:12:28,270] {logging_mixin.py:104} INFO - [2021-05-16 20:12:28,270] {dag.py:2280} INFO - Setting next_dagrun for example_nested_branch_dag to 2021-05-14 00:00:00+00:00
[2021-05-16 20:12:28,276] {scheduler_job.py:190} INFO - Processing /Users/harry/.local/share/virtualenvs/rugby_data_project_airflow-d2RAFQI6/lib/python3.8/site-packages/airflow/example_dags/example_nested_branch_dag.py took 0.047 seconds
[2021-05-16 20:13:05,056] {scheduler_job.py:182} INFO - Started process (PID=18779) to work on /Users/harry/.local/share/virtualenvs/rugby_data_project_airflow-d2RAFQI6/lib/python3.8/site-packages/airflow/example_dags/example_nested_branch_dag.py
[2021-05-16 20:13:05,057] {scheduler_job.py:629} INFO - Processing file /Users/harry/.local/share/virtualenvs/rugby_data_project_airflow-d2RAFQI6/lib/python3.8/site-packages/airflow/example_dags/example_nested_branch_dag.py for tasks to queue
[2021-05-16 20:13:05,057] {logging_mixin.py:104} INFO - [2021-05-16 20:13:05,057] {dagbag.py:451} INFO - Filling up the DagBag from /Users/harry/.local/share/virtualenvs/rugby_data_project_airflow-d2RAFQI6/lib/python3.8/site-packages/airflow/example_dags/example_nested_branch_dag.py
[2021-05-16 20:13:05,065] {scheduler_job.py:639} INFO - DAG(s) dict_keys(['example_nested_branch_dag']) retrieved from /Users/harry/.local/share/virtualenvs/rugby_data_project_airflow-d2RAFQI6/lib/python3.8/site-packages/airflow/example_dags/example_nested_branch_dag.py
[2021-05-16 20:13:05,088] {logging_mixin.py:104} INFO - [2021-05-16 20:13:05,088] {dag.py:1824} INFO - Sync 1 DAGs
[2021-05-16 20:13:05,097] {logging_mixin.py:104} INFO - [2021-05-16 20:13:05,097] {dag.py:2280} INFO - Setting next_dagrun for example_nested_branch_dag to 2021-05-14 00:00:00+00:00
[2021-05-16 20:13:05,102] {scheduler_job.py:190} INFO - Processing /Users/harry/.local/share/virtualenvs/rugby_data_project_airflow-d2RAFQI6/lib/python3.8/site-packages/airflow/example_dags/example_nested_branch_dag.py took 0.047 seconds
[2021-05-16 20:13:54,059] {scheduler_job.py:182} INFO - Started process (PID=19403) to work on /Users/harry/.local/share/virtualenvs/rugby_data_project_airflow-d2RAFQI6/lib/python3.8/site-packages/airflow/example_dags/example_nested_branch_dag.py
[2021-05-16 20:13:54,059] {scheduler_job.py:629} INFO - Processing file /Users/harry/.local/share/virtualenvs/rugby_data_project_airflow-d2RAFQI6/lib/python3.8/site-packages/airflow/example_dags/example_nested_branch_dag.py for tasks to queue
[2021-05-16 20:13:54,060] {logging_mixin.py:104} INFO - [2021-05-16 20:13:54,060] {dagbag.py:451} INFO - Filling up the DagBag from /Users/harry/.local/share/virtualenvs/rugby_data_project_airflow-d2RAFQI6/lib/python3.8/site-packages/airflow/example_dags/example_nested_branch_dag.py
[2021-05-16 20:13:54,067] {scheduler_job.py:639} INFO - DAG(s) dict_keys(['example_nested_branch_dag']) retrieved from /Users/harry/.local/share/virtualenvs/rugby_data_project_airflow-d2RAFQI6/lib/python3.8/site-packages/airflow/example_dags/example_nested_branch_dag.py
[2021-05-16 20:13:54,092] {logging_mixin.py:104} INFO - [2021-05-16 20:13:54,092] {dag.py:1824} INFO - Sync 1 DAGs
[2021-05-16 20:13:54,102] {logging_mixin.py:104} INFO - [2021-05-16 20:13:54,102] {dag.py:2280} INFO - Setting next_dagrun for example_nested_branch_dag to 2021-05-14 00:00:00+00:00
[2021-05-16 20:13:54,108] {scheduler_job.py:190} INFO - Processing /Users/harry/.local/share/virtualenvs/rugby_data_project_airflow-d2RAFQI6/lib/python3.8/site-packages/airflow/example_dags/example_nested_branch_dag.py took 0.049 seconds
[2021-05-16 20:14:27,992] {scheduler_job.py:182} INFO - Started process (PID=19783) to work on /Users/harry/.local/share/virtualenvs/rugby_data_project_airflow-d2RAFQI6/lib/python3.8/site-packages/airflow/example_dags/example_nested_branch_dag.py
[2021-05-16 20:14:27,992] {scheduler_job.py:629} INFO - Processing file /Users/harry/.local/share/virtualenvs/rugby_data_project_airflow-d2RAFQI6/lib/python3.8/site-packages/airflow/example_dags/example_nested_branch_dag.py for tasks to queue
[2021-05-16 20:14:27,992] {logging_mixin.py:104} INFO - [2021-05-16 20:14:27,992] {dagbag.py:451} INFO - Filling up the DagBag from /Users/harry/.local/share/virtualenvs/rugby_data_project_airflow-d2RAFQI6/lib/python3.8/site-packages/airflow/example_dags/example_nested_branch_dag.py
[2021-05-16 20:14:28,001] {scheduler_job.py:639} INFO - DAG(s) dict_keys(['example_nested_branch_dag']) retrieved from /Users/harry/.local/share/virtualenvs/rugby_data_project_airflow-d2RAFQI6/lib/python3.8/site-packages/airflow/example_dags/example_nested_branch_dag.py
[2021-05-16 20:14:28,024] {logging_mixin.py:104} INFO - [2021-05-16 20:14:28,024] {dag.py:1824} INFO - Sync 1 DAGs
[2021-05-16 20:14:28,034] {logging_mixin.py:104} INFO - [2021-05-16 20:14:28,034] {dag.py:2280} INFO - Setting next_dagrun for example_nested_branch_dag to 2021-05-14 00:00:00+00:00
[2021-05-16 20:14:28,040] {scheduler_job.py:190} INFO - Processing /Users/harry/.local/share/virtualenvs/rugby_data_project_airflow-d2RAFQI6/lib/python3.8/site-packages/airflow/example_dags/example_nested_branch_dag.py took 0.048 seconds
[2021-05-16 20:15:12,956] {scheduler_job.py:182} INFO - Started process (PID=21106) to work on /Users/harry/.local/share/virtualenvs/rugby_data_project_airflow-d2RAFQI6/lib/python3.8/site-packages/airflow/example_dags/example_nested_branch_dag.py
[2021-05-16 20:15:12,957] {scheduler_job.py:629} INFO - Processing file /Users/harry/.local/share/virtualenvs/rugby_data_project_airflow-d2RAFQI6/lib/python3.8/site-packages/airflow/example_dags/example_nested_branch_dag.py for tasks to queue
[2021-05-16 20:15:12,958] {logging_mixin.py:104} INFO - [2021-05-16 20:15:12,958] {dagbag.py:451} INFO - Filling up the DagBag from /Users/harry/.local/share/virtualenvs/rugby_data_project_airflow-d2RAFQI6/lib/python3.8/site-packages/airflow/example_dags/example_nested_branch_dag.py
[2021-05-16 20:15:12,967] {scheduler_job.py:639} INFO - DAG(s) dict_keys(['example_nested_branch_dag']) retrieved from /Users/harry/.local/share/virtualenvs/rugby_data_project_airflow-d2RAFQI6/lib/python3.8/site-packages/airflow/example_dags/example_nested_branch_dag.py
[2021-05-16 20:15:12,993] {logging_mixin.py:104} INFO - [2021-05-16 20:15:12,993] {dag.py:1824} INFO - Sync 1 DAGs
[2021-05-16 20:15:13,002] {logging_mixin.py:104} INFO - [2021-05-16 20:15:13,002] {dag.py:2280} INFO - Setting next_dagrun for example_nested_branch_dag to 2021-05-14 00:00:00+00:00
[2021-05-16 20:15:13,007] {scheduler_job.py:190} INFO - Processing /Users/harry/.local/share/virtualenvs/rugby_data_project_airflow-d2RAFQI6/lib/python3.8/site-packages/airflow/example_dags/example_nested_branch_dag.py took 0.052 seconds
[2021-05-16 20:15:46,492] {scheduler_job.py:182} INFO - Started process (PID=21477) to work on /Users/harry/.local/share/virtualenvs/rugby_data_project_airflow-d2RAFQI6/lib/python3.8/site-packages/airflow/example_dags/example_nested_branch_dag.py
[2021-05-16 20:15:46,493] {scheduler_job.py:629} INFO - Processing file /Users/harry/.local/share/virtualenvs/rugby_data_project_airflow-d2RAFQI6/lib/python3.8/site-packages/airflow/example_dags/example_nested_branch_dag.py for tasks to queue
[2021-05-16 20:15:46,494] {logging_mixin.py:104} INFO - [2021-05-16 20:15:46,494] {dagbag.py:451} INFO - Filling up the DagBag from /Users/harry/.local/share/virtualenvs/rugby_data_project_airflow-d2RAFQI6/lib/python3.8/site-packages/airflow/example_dags/example_nested_branch_dag.py
[2021-05-16 20:15:46,503] {scheduler_job.py:639} INFO - DAG(s) dict_keys(['example_nested_branch_dag']) retrieved from /Users/harry/.local/share/virtualenvs/rugby_data_project_airflow-d2RAFQI6/lib/python3.8/site-packages/airflow/example_dags/example_nested_branch_dag.py
[2021-05-16 20:15:46,528] {logging_mixin.py:104} INFO - [2021-05-16 20:15:46,528] {dag.py:1824} INFO - Sync 1 DAGs
[2021-05-16 20:15:46,537] {logging_mixin.py:104} INFO - [2021-05-16 20:15:46,537] {dag.py:2280} INFO - Setting next_dagrun for example_nested_branch_dag to 2021-05-14 00:00:00+00:00
[2021-05-16 20:15:46,543] {scheduler_job.py:190} INFO - Processing /Users/harry/.local/share/virtualenvs/rugby_data_project_airflow-d2RAFQI6/lib/python3.8/site-packages/airflow/example_dags/example_nested_branch_dag.py took 0.051 seconds
