[2021-05-16 09:04:19,510] {scheduler_job.py:182} INFO - Started process (PID=44324) to work on /Users/harry/.local/share/virtualenvs/rugby_data_project_airflow-d2RAFQI6/lib/python3.8/site-packages/airflow/example_dags/example_short_circuit_operator.py
[2021-05-16 09:04:19,511] {scheduler_job.py:629} INFO - Processing file /Users/harry/.local/share/virtualenvs/rugby_data_project_airflow-d2RAFQI6/lib/python3.8/site-packages/airflow/example_dags/example_short_circuit_operator.py for tasks to queue
[2021-05-16 09:04:19,511] {logging_mixin.py:104} INFO - [2021-05-16 09:04:19,511] {dagbag.py:451} INFO - Filling up the DagBag from /Users/harry/.local/share/virtualenvs/rugby_data_project_airflow-d2RAFQI6/lib/python3.8/site-packages/airflow/example_dags/example_short_circuit_operator.py
[2021-05-16 09:04:19,519] {scheduler_job.py:639} INFO - DAG(s) dict_keys(['example_short_circuit_operator']) retrieved from /Users/harry/.local/share/virtualenvs/rugby_data_project_airflow-d2RAFQI6/lib/python3.8/site-packages/airflow/example_dags/example_short_circuit_operator.py
[2021-05-16 09:04:19,550] {logging_mixin.py:104} INFO - [2021-05-16 09:04:19,550] {dag.py:1824} INFO - Sync 1 DAGs
[2021-05-16 09:04:19,557] {logging_mixin.py:104} INFO - [2021-05-16 09:04:19,557] {dag.py:2280} INFO - Setting next_dagrun for example_short_circuit_operator to 2021-05-14 00:00:00+00:00
[2021-05-16 09:04:19,566] {scheduler_job.py:190} INFO - Processing /Users/harry/.local/share/virtualenvs/rugby_data_project_airflow-d2RAFQI6/lib/python3.8/site-packages/airflow/example_dags/example_short_circuit_operator.py took 0.056 seconds
[2021-05-16 09:12:36,403] {scheduler_job.py:182} INFO - Started process (PID=47865) to work on /Users/harry/.local/share/virtualenvs/rugby_data_project_airflow-d2RAFQI6/lib/python3.8/site-packages/airflow/example_dags/example_short_circuit_operator.py
[2021-05-16 09:12:36,404] {scheduler_job.py:629} INFO - Processing file /Users/harry/.local/share/virtualenvs/rugby_data_project_airflow-d2RAFQI6/lib/python3.8/site-packages/airflow/example_dags/example_short_circuit_operator.py for tasks to queue
[2021-05-16 09:12:36,404] {logging_mixin.py:104} INFO - [2021-05-16 09:12:36,404] {dagbag.py:451} INFO - Filling up the DagBag from /Users/harry/.local/share/virtualenvs/rugby_data_project_airflow-d2RAFQI6/lib/python3.8/site-packages/airflow/example_dags/example_short_circuit_operator.py
[2021-05-16 09:12:36,412] {scheduler_job.py:639} INFO - DAG(s) dict_keys(['example_short_circuit_operator']) retrieved from /Users/harry/.local/share/virtualenvs/rugby_data_project_airflow-d2RAFQI6/lib/python3.8/site-packages/airflow/example_dags/example_short_circuit_operator.py
[2021-05-16 09:12:36,445] {logging_mixin.py:104} INFO - [2021-05-16 09:12:36,445] {dag.py:1824} INFO - Sync 1 DAGs
[2021-05-16 09:12:36,453] {logging_mixin.py:104} INFO - [2021-05-16 09:12:36,453] {dag.py:2280} INFO - Setting next_dagrun for example_short_circuit_operator to 2021-05-14 00:00:00+00:00
[2021-05-16 09:12:36,461] {scheduler_job.py:190} INFO - Processing /Users/harry/.local/share/virtualenvs/rugby_data_project_airflow-d2RAFQI6/lib/python3.8/site-packages/airflow/example_dags/example_short_circuit_operator.py took 0.059 seconds
[2021-05-16 09:17:33,408] {scheduler_job.py:182} INFO - Started process (PID=49742) to work on /Users/harry/.local/share/virtualenvs/rugby_data_project_airflow-d2RAFQI6/lib/python3.8/site-packages/airflow/example_dags/example_short_circuit_operator.py
[2021-05-16 09:17:33,409] {scheduler_job.py:629} INFO - Processing file /Users/harry/.local/share/virtualenvs/rugby_data_project_airflow-d2RAFQI6/lib/python3.8/site-packages/airflow/example_dags/example_short_circuit_operator.py for tasks to queue
[2021-05-16 09:17:33,410] {logging_mixin.py:104} INFO - [2021-05-16 09:17:33,410] {dagbag.py:451} INFO - Filling up the DagBag from /Users/harry/.local/share/virtualenvs/rugby_data_project_airflow-d2RAFQI6/lib/python3.8/site-packages/airflow/example_dags/example_short_circuit_operator.py
[2021-05-16 09:17:33,417] {scheduler_job.py:639} INFO - DAG(s) dict_keys(['example_short_circuit_operator']) retrieved from /Users/harry/.local/share/virtualenvs/rugby_data_project_airflow-d2RAFQI6/lib/python3.8/site-packages/airflow/example_dags/example_short_circuit_operator.py
[2021-05-16 09:17:33,449] {logging_mixin.py:104} INFO - [2021-05-16 09:17:33,448] {dag.py:1824} INFO - Sync 1 DAGs
[2021-05-16 09:17:33,456] {logging_mixin.py:104} INFO - [2021-05-16 09:17:33,455] {dag.py:2280} INFO - Setting next_dagrun for example_short_circuit_operator to 2021-05-14 00:00:00+00:00
[2021-05-16 09:17:33,465] {scheduler_job.py:190} INFO - Processing /Users/harry/.local/share/virtualenvs/rugby_data_project_airflow-d2RAFQI6/lib/python3.8/site-packages/airflow/example_dags/example_short_circuit_operator.py took 0.058 seconds
[2021-05-16 09:27:08,722] {scheduler_job.py:182} INFO - Started process (PID=53399) to work on /Users/harry/.local/share/virtualenvs/rugby_data_project_airflow-d2RAFQI6/lib/python3.8/site-packages/airflow/example_dags/example_short_circuit_operator.py
[2021-05-16 09:27:08,723] {scheduler_job.py:629} INFO - Processing file /Users/harry/.local/share/virtualenvs/rugby_data_project_airflow-d2RAFQI6/lib/python3.8/site-packages/airflow/example_dags/example_short_circuit_operator.py for tasks to queue
[2021-05-16 09:27:08,724] {logging_mixin.py:104} INFO - [2021-05-16 09:27:08,723] {dagbag.py:451} INFO - Filling up the DagBag from /Users/harry/.local/share/virtualenvs/rugby_data_project_airflow-d2RAFQI6/lib/python3.8/site-packages/airflow/example_dags/example_short_circuit_operator.py
[2021-05-16 09:27:08,733] {scheduler_job.py:639} INFO - DAG(s) dict_keys(['example_short_circuit_operator']) retrieved from /Users/harry/.local/share/virtualenvs/rugby_data_project_airflow-d2RAFQI6/lib/python3.8/site-packages/airflow/example_dags/example_short_circuit_operator.py
[2021-05-16 09:27:08,771] {logging_mixin.py:104} INFO - [2021-05-16 09:27:08,771] {dag.py:1824} INFO - Sync 1 DAGs
[2021-05-16 09:27:08,780] {logging_mixin.py:104} INFO - [2021-05-16 09:27:08,780] {dag.py:2280} INFO - Setting next_dagrun for example_short_circuit_operator to 2021-05-14 00:00:00+00:00
[2021-05-16 09:27:08,789] {scheduler_job.py:190} INFO - Processing /Users/harry/.local/share/virtualenvs/rugby_data_project_airflow-d2RAFQI6/lib/python3.8/site-packages/airflow/example_dags/example_short_circuit_operator.py took 0.068 seconds
[2021-05-16 09:36:53,187] {scheduler_job.py:182} INFO - Started process (PID=56951) to work on /Users/harry/.local/share/virtualenvs/rugby_data_project_airflow-d2RAFQI6/lib/python3.8/site-packages/airflow/example_dags/example_short_circuit_operator.py
[2021-05-16 09:36:53,188] {scheduler_job.py:629} INFO - Processing file /Users/harry/.local/share/virtualenvs/rugby_data_project_airflow-d2RAFQI6/lib/python3.8/site-packages/airflow/example_dags/example_short_circuit_operator.py for tasks to queue
[2021-05-16 09:36:53,188] {logging_mixin.py:104} INFO - [2021-05-16 09:36:53,188] {dagbag.py:451} INFO - Filling up the DagBag from /Users/harry/.local/share/virtualenvs/rugby_data_project_airflow-d2RAFQI6/lib/python3.8/site-packages/airflow/example_dags/example_short_circuit_operator.py
[2021-05-16 09:36:53,198] {scheduler_job.py:639} INFO - DAG(s) dict_keys(['example_short_circuit_operator']) retrieved from /Users/harry/.local/share/virtualenvs/rugby_data_project_airflow-d2RAFQI6/lib/python3.8/site-packages/airflow/example_dags/example_short_circuit_operator.py
[2021-05-16 09:36:53,236] {logging_mixin.py:104} INFO - [2021-05-16 09:36:53,235] {dag.py:1824} INFO - Sync 1 DAGs
[2021-05-16 09:36:53,244] {logging_mixin.py:104} INFO - [2021-05-16 09:36:53,244] {dag.py:2280} INFO - Setting next_dagrun for example_short_circuit_operator to 2021-05-14 00:00:00+00:00
[2021-05-16 09:36:53,253] {scheduler_job.py:190} INFO - Processing /Users/harry/.local/share/virtualenvs/rugby_data_project_airflow-d2RAFQI6/lib/python3.8/site-packages/airflow/example_dags/example_short_circuit_operator.py took 0.067 seconds
[2021-05-16 09:46:59,811] {scheduler_job.py:182} INFO - Started process (PID=60373) to work on /Users/harry/.local/share/virtualenvs/rugby_data_project_airflow-d2RAFQI6/lib/python3.8/site-packages/airflow/example_dags/example_short_circuit_operator.py
[2021-05-16 09:46:59,812] {scheduler_job.py:629} INFO - Processing file /Users/harry/.local/share/virtualenvs/rugby_data_project_airflow-d2RAFQI6/lib/python3.8/site-packages/airflow/example_dags/example_short_circuit_operator.py for tasks to queue
[2021-05-16 09:46:59,812] {logging_mixin.py:104} INFO - [2021-05-16 09:46:59,812] {dagbag.py:451} INFO - Filling up the DagBag from /Users/harry/.local/share/virtualenvs/rugby_data_project_airflow-d2RAFQI6/lib/python3.8/site-packages/airflow/example_dags/example_short_circuit_operator.py
[2021-05-16 09:46:59,818] {scheduler_job.py:639} INFO - DAG(s) dict_keys(['example_short_circuit_operator']) retrieved from /Users/harry/.local/share/virtualenvs/rugby_data_project_airflow-d2RAFQI6/lib/python3.8/site-packages/airflow/example_dags/example_short_circuit_operator.py
[2021-05-16 09:46:59,841] {logging_mixin.py:104} INFO - [2021-05-16 09:46:59,841] {dag.py:1824} INFO - Sync 1 DAGs
[2021-05-16 09:46:59,846] {logging_mixin.py:104} INFO - [2021-05-16 09:46:59,846] {dag.py:2280} INFO - Setting next_dagrun for example_short_circuit_operator to 2021-05-14 00:00:00+00:00
[2021-05-16 09:46:59,852] {scheduler_job.py:190} INFO - Processing /Users/harry/.local/share/virtualenvs/rugby_data_project_airflow-d2RAFQI6/lib/python3.8/site-packages/airflow/example_dags/example_short_circuit_operator.py took 0.042 seconds
[2021-05-16 13:21:50,673] {scheduler_job.py:182} INFO - Started process (PID=4896) to work on /Users/harry/.local/share/virtualenvs/rugby_data_project_airflow-d2RAFQI6/lib/python3.8/site-packages/airflow/example_dags/example_short_circuit_operator.py
[2021-05-16 13:21:50,674] {scheduler_job.py:629} INFO - Processing file /Users/harry/.local/share/virtualenvs/rugby_data_project_airflow-d2RAFQI6/lib/python3.8/site-packages/airflow/example_dags/example_short_circuit_operator.py for tasks to queue
[2021-05-16 13:21:50,675] {logging_mixin.py:104} INFO - [2021-05-16 13:21:50,675] {dagbag.py:451} INFO - Filling up the DagBag from /Users/harry/.local/share/virtualenvs/rugby_data_project_airflow-d2RAFQI6/lib/python3.8/site-packages/airflow/example_dags/example_short_circuit_operator.py
[2021-05-16 13:21:50,682] {scheduler_job.py:639} INFO - DAG(s) dict_keys(['example_short_circuit_operator']) retrieved from /Users/harry/.local/share/virtualenvs/rugby_data_project_airflow-d2RAFQI6/lib/python3.8/site-packages/airflow/example_dags/example_short_circuit_operator.py
[2021-05-16 13:21:50,710] {logging_mixin.py:104} INFO - [2021-05-16 13:21:50,710] {dag.py:1824} INFO - Sync 1 DAGs
[2021-05-16 13:21:50,716] {logging_mixin.py:104} INFO - [2021-05-16 13:21:50,716] {dag.py:2280} INFO - Setting next_dagrun for example_short_circuit_operator to 2021-05-14 00:00:00+00:00
[2021-05-16 13:21:50,721] {scheduler_job.py:190} INFO - Processing /Users/harry/.local/share/virtualenvs/rugby_data_project_airflow-d2RAFQI6/lib/python3.8/site-packages/airflow/example_dags/example_short_circuit_operator.py took 0.048 seconds
[2021-05-16 13:22:45,191] {scheduler_job.py:182} INFO - Started process (PID=5634) to work on /Users/harry/.local/share/virtualenvs/rugby_data_project_airflow-d2RAFQI6/lib/python3.8/site-packages/airflow/example_dags/example_short_circuit_operator.py
[2021-05-16 13:22:45,192] {scheduler_job.py:629} INFO - Processing file /Users/harry/.local/share/virtualenvs/rugby_data_project_airflow-d2RAFQI6/lib/python3.8/site-packages/airflow/example_dags/example_short_circuit_operator.py for tasks to queue
[2021-05-16 13:22:45,192] {logging_mixin.py:104} INFO - [2021-05-16 13:22:45,192] {dagbag.py:451} INFO - Filling up the DagBag from /Users/harry/.local/share/virtualenvs/rugby_data_project_airflow-d2RAFQI6/lib/python3.8/site-packages/airflow/example_dags/example_short_circuit_operator.py
[2021-05-16 13:22:45,199] {scheduler_job.py:639} INFO - DAG(s) dict_keys(['example_short_circuit_operator']) retrieved from /Users/harry/.local/share/virtualenvs/rugby_data_project_airflow-d2RAFQI6/lib/python3.8/site-packages/airflow/example_dags/example_short_circuit_operator.py
[2021-05-16 13:22:45,224] {logging_mixin.py:104} INFO - [2021-05-16 13:22:45,224] {dag.py:1824} INFO - Sync 1 DAGs
[2021-05-16 13:22:45,230] {logging_mixin.py:104} INFO - [2021-05-16 13:22:45,229] {dag.py:2280} INFO - Setting next_dagrun for example_short_circuit_operator to 2021-05-14 00:00:00+00:00
[2021-05-16 13:22:45,236] {scheduler_job.py:190} INFO - Processing /Users/harry/.local/share/virtualenvs/rugby_data_project_airflow-d2RAFQI6/lib/python3.8/site-packages/airflow/example_dags/example_short_circuit_operator.py took 0.045 seconds
[2021-05-16 13:23:36,235] {scheduler_job.py:182} INFO - Started process (PID=6352) to work on /Users/harry/.local/share/virtualenvs/rugby_data_project_airflow-d2RAFQI6/lib/python3.8/site-packages/airflow/example_dags/example_short_circuit_operator.py
[2021-05-16 13:23:36,236] {scheduler_job.py:629} INFO - Processing file /Users/harry/.local/share/virtualenvs/rugby_data_project_airflow-d2RAFQI6/lib/python3.8/site-packages/airflow/example_dags/example_short_circuit_operator.py for tasks to queue
[2021-05-16 13:23:36,236] {logging_mixin.py:104} INFO - [2021-05-16 13:23:36,236] {dagbag.py:451} INFO - Filling up the DagBag from /Users/harry/.local/share/virtualenvs/rugby_data_project_airflow-d2RAFQI6/lib/python3.8/site-packages/airflow/example_dags/example_short_circuit_operator.py
[2021-05-16 13:23:36,243] {scheduler_job.py:639} INFO - DAG(s) dict_keys(['example_short_circuit_operator']) retrieved from /Users/harry/.local/share/virtualenvs/rugby_data_project_airflow-d2RAFQI6/lib/python3.8/site-packages/airflow/example_dags/example_short_circuit_operator.py
[2021-05-16 13:23:36,266] {logging_mixin.py:104} INFO - [2021-05-16 13:23:36,266] {dag.py:1824} INFO - Sync 1 DAGs
[2021-05-16 13:23:36,271] {logging_mixin.py:104} INFO - [2021-05-16 13:23:36,271] {dag.py:2280} INFO - Setting next_dagrun for example_short_circuit_operator to 2021-05-14 00:00:00+00:00
[2021-05-16 13:23:36,277] {scheduler_job.py:190} INFO - Processing /Users/harry/.local/share/virtualenvs/rugby_data_project_airflow-d2RAFQI6/lib/python3.8/site-packages/airflow/example_dags/example_short_circuit_operator.py took 0.042 seconds
[2021-05-16 20:06:30,337] {scheduler_job.py:182} INFO - Started process (PID=14262) to work on /Users/harry/.local/share/virtualenvs/rugby_data_project_airflow-d2RAFQI6/lib/python3.8/site-packages/airflow/example_dags/example_short_circuit_operator.py
[2021-05-16 20:06:30,338] {scheduler_job.py:629} INFO - Processing file /Users/harry/.local/share/virtualenvs/rugby_data_project_airflow-d2RAFQI6/lib/python3.8/site-packages/airflow/example_dags/example_short_circuit_operator.py for tasks to queue
[2021-05-16 20:06:30,339] {logging_mixin.py:104} INFO - [2021-05-16 20:06:30,339] {dagbag.py:451} INFO - Filling up the DagBag from /Users/harry/.local/share/virtualenvs/rugby_data_project_airflow-d2RAFQI6/lib/python3.8/site-packages/airflow/example_dags/example_short_circuit_operator.py
[2021-05-16 20:06:30,346] {scheduler_job.py:639} INFO - DAG(s) dict_keys(['example_short_circuit_operator']) retrieved from /Users/harry/.local/share/virtualenvs/rugby_data_project_airflow-d2RAFQI6/lib/python3.8/site-packages/airflow/example_dags/example_short_circuit_operator.py
[2021-05-16 20:06:30,369] {logging_mixin.py:104} INFO - [2021-05-16 20:06:30,369] {dag.py:1824} INFO - Sync 1 DAGs
[2021-05-16 20:06:30,375] {logging_mixin.py:104} INFO - [2021-05-16 20:06:30,375] {dag.py:2280} INFO - Setting next_dagrun for example_short_circuit_operator to 2021-05-14 00:00:00+00:00
[2021-05-16 20:06:30,381] {scheduler_job.py:190} INFO - Processing /Users/harry/.local/share/virtualenvs/rugby_data_project_airflow-d2RAFQI6/lib/python3.8/site-packages/airflow/example_dags/example_short_circuit_operator.py took 0.045 seconds
[2021-05-16 20:07:24,151] {scheduler_job.py:182} INFO - Started process (PID=14835) to work on /Users/harry/.local/share/virtualenvs/rugby_data_project_airflow-d2RAFQI6/lib/python3.8/site-packages/airflow/example_dags/example_short_circuit_operator.py
[2021-05-16 20:07:24,152] {scheduler_job.py:629} INFO - Processing file /Users/harry/.local/share/virtualenvs/rugby_data_project_airflow-d2RAFQI6/lib/python3.8/site-packages/airflow/example_dags/example_short_circuit_operator.py for tasks to queue
[2021-05-16 20:07:24,153] {logging_mixin.py:104} INFO - [2021-05-16 20:07:24,153] {dagbag.py:451} INFO - Filling up the DagBag from /Users/harry/.local/share/virtualenvs/rugby_data_project_airflow-d2RAFQI6/lib/python3.8/site-packages/airflow/example_dags/example_short_circuit_operator.py
[2021-05-16 20:07:24,159] {scheduler_job.py:639} INFO - DAG(s) dict_keys(['example_short_circuit_operator']) retrieved from /Users/harry/.local/share/virtualenvs/rugby_data_project_airflow-d2RAFQI6/lib/python3.8/site-packages/airflow/example_dags/example_short_circuit_operator.py
[2021-05-16 20:07:24,182] {logging_mixin.py:104} INFO - [2021-05-16 20:07:24,182] {dag.py:1824} INFO - Sync 1 DAGs
[2021-05-16 20:07:24,193] {logging_mixin.py:104} INFO - [2021-05-16 20:07:24,193] {dag.py:2280} INFO - Setting next_dagrun for example_short_circuit_operator to 2021-05-14 00:00:00+00:00
[2021-05-16 20:07:24,200] {scheduler_job.py:190} INFO - Processing /Users/harry/.local/share/virtualenvs/rugby_data_project_airflow-d2RAFQI6/lib/python3.8/site-packages/airflow/example_dags/example_short_circuit_operator.py took 0.049 seconds
[2021-05-16 20:08:16,547] {scheduler_job.py:182} INFO - Started process (PID=15462) to work on /Users/harry/.local/share/virtualenvs/rugby_data_project_airflow-d2RAFQI6/lib/python3.8/site-packages/airflow/example_dags/example_short_circuit_operator.py
[2021-05-16 20:08:16,548] {scheduler_job.py:629} INFO - Processing file /Users/harry/.local/share/virtualenvs/rugby_data_project_airflow-d2RAFQI6/lib/python3.8/site-packages/airflow/example_dags/example_short_circuit_operator.py for tasks to queue
[2021-05-16 20:08:16,548] {logging_mixin.py:104} INFO - [2021-05-16 20:08:16,548] {dagbag.py:451} INFO - Filling up the DagBag from /Users/harry/.local/share/virtualenvs/rugby_data_project_airflow-d2RAFQI6/lib/python3.8/site-packages/airflow/example_dags/example_short_circuit_operator.py
[2021-05-16 20:08:16,554] {scheduler_job.py:639} INFO - DAG(s) dict_keys(['example_short_circuit_operator']) retrieved from /Users/harry/.local/share/virtualenvs/rugby_data_project_airflow-d2RAFQI6/lib/python3.8/site-packages/airflow/example_dags/example_short_circuit_operator.py
[2021-05-16 20:08:16,576] {logging_mixin.py:104} INFO - [2021-05-16 20:08:16,576] {dag.py:1824} INFO - Sync 1 DAGs
[2021-05-16 20:08:16,582] {logging_mixin.py:104} INFO - [2021-05-16 20:08:16,582] {dag.py:2280} INFO - Setting next_dagrun for example_short_circuit_operator to 2021-05-14 00:00:00+00:00
[2021-05-16 20:08:16,588] {scheduler_job.py:190} INFO - Processing /Users/harry/.local/share/virtualenvs/rugby_data_project_airflow-d2RAFQI6/lib/python3.8/site-packages/airflow/example_dags/example_short_circuit_operator.py took 0.041 seconds
[2021-05-16 20:09:04,583] {scheduler_job.py:182} INFO - Started process (PID=15926) to work on /Users/harry/.local/share/virtualenvs/rugby_data_project_airflow-d2RAFQI6/lib/python3.8/site-packages/airflow/example_dags/example_short_circuit_operator.py
[2021-05-16 20:09:04,583] {scheduler_job.py:629} INFO - Processing file /Users/harry/.local/share/virtualenvs/rugby_data_project_airflow-d2RAFQI6/lib/python3.8/site-packages/airflow/example_dags/example_short_circuit_operator.py for tasks to queue
[2021-05-16 20:09:04,583] {logging_mixin.py:104} INFO - [2021-05-16 20:09:04,583] {dagbag.py:451} INFO - Filling up the DagBag from /Users/harry/.local/share/virtualenvs/rugby_data_project_airflow-d2RAFQI6/lib/python3.8/site-packages/airflow/example_dags/example_short_circuit_operator.py
[2021-05-16 20:09:04,589] {scheduler_job.py:639} INFO - DAG(s) dict_keys(['example_short_circuit_operator']) retrieved from /Users/harry/.local/share/virtualenvs/rugby_data_project_airflow-d2RAFQI6/lib/python3.8/site-packages/airflow/example_dags/example_short_circuit_operator.py
[2021-05-16 20:09:04,611] {logging_mixin.py:104} INFO - [2021-05-16 20:09:04,611] {dag.py:1824} INFO - Sync 1 DAGs
[2021-05-16 20:09:04,616] {logging_mixin.py:104} INFO - [2021-05-16 20:09:04,616] {dag.py:2280} INFO - Setting next_dagrun for example_short_circuit_operator to 2021-05-14 00:00:00+00:00
[2021-05-16 20:09:04,622] {scheduler_job.py:190} INFO - Processing /Users/harry/.local/share/virtualenvs/rugby_data_project_airflow-d2RAFQI6/lib/python3.8/site-packages/airflow/example_dags/example_short_circuit_operator.py took 0.040 seconds
[2021-05-16 20:09:50,081] {scheduler_job.py:182} INFO - Started process (PID=16490) to work on /Users/harry/.local/share/virtualenvs/rugby_data_project_airflow-d2RAFQI6/lib/python3.8/site-packages/airflow/example_dags/example_short_circuit_operator.py
[2021-05-16 20:09:50,082] {scheduler_job.py:629} INFO - Processing file /Users/harry/.local/share/virtualenvs/rugby_data_project_airflow-d2RAFQI6/lib/python3.8/site-packages/airflow/example_dags/example_short_circuit_operator.py for tasks to queue
[2021-05-16 20:09:50,082] {logging_mixin.py:104} INFO - [2021-05-16 20:09:50,082] {dagbag.py:451} INFO - Filling up the DagBag from /Users/harry/.local/share/virtualenvs/rugby_data_project_airflow-d2RAFQI6/lib/python3.8/site-packages/airflow/example_dags/example_short_circuit_operator.py
[2021-05-16 20:09:50,088] {scheduler_job.py:639} INFO - DAG(s) dict_keys(['example_short_circuit_operator']) retrieved from /Users/harry/.local/share/virtualenvs/rugby_data_project_airflow-d2RAFQI6/lib/python3.8/site-packages/airflow/example_dags/example_short_circuit_operator.py
[2021-05-16 20:09:50,111] {logging_mixin.py:104} INFO - [2021-05-16 20:09:50,111] {dag.py:1824} INFO - Sync 1 DAGs
[2021-05-16 20:09:50,116] {logging_mixin.py:104} INFO - [2021-05-16 20:09:50,116] {dag.py:2280} INFO - Setting next_dagrun for example_short_circuit_operator to 2021-05-14 00:00:00+00:00
[2021-05-16 20:09:50,122] {scheduler_job.py:190} INFO - Processing /Users/harry/.local/share/virtualenvs/rugby_data_project_airflow-d2RAFQI6/lib/python3.8/site-packages/airflow/example_dags/example_short_circuit_operator.py took 0.042 seconds
[2021-05-16 20:10:41,697] {scheduler_job.py:182} INFO - Started process (PID=17106) to work on /Users/harry/.local/share/virtualenvs/rugby_data_project_airflow-d2RAFQI6/lib/python3.8/site-packages/airflow/example_dags/example_short_circuit_operator.py
[2021-05-16 20:10:41,699] {scheduler_job.py:629} INFO - Processing file /Users/harry/.local/share/virtualenvs/rugby_data_project_airflow-d2RAFQI6/lib/python3.8/site-packages/airflow/example_dags/example_short_circuit_operator.py for tasks to queue
[2021-05-16 20:10:41,699] {logging_mixin.py:104} INFO - [2021-05-16 20:10:41,699] {dagbag.py:451} INFO - Filling up the DagBag from /Users/harry/.local/share/virtualenvs/rugby_data_project_airflow-d2RAFQI6/lib/python3.8/site-packages/airflow/example_dags/example_short_circuit_operator.py
[2021-05-16 20:10:41,711] {scheduler_job.py:639} INFO - DAG(s) dict_keys(['example_short_circuit_operator']) retrieved from /Users/harry/.local/share/virtualenvs/rugby_data_project_airflow-d2RAFQI6/lib/python3.8/site-packages/airflow/example_dags/example_short_circuit_operator.py
[2021-05-16 20:10:41,741] {logging_mixin.py:104} INFO - [2021-05-16 20:10:41,740] {dag.py:1824} INFO - Sync 1 DAGs
[2021-05-16 20:10:41,746] {logging_mixin.py:104} INFO - [2021-05-16 20:10:41,746] {dag.py:2280} INFO - Setting next_dagrun for example_short_circuit_operator to 2021-05-14 00:00:00+00:00
[2021-05-16 20:10:41,752] {scheduler_job.py:190} INFO - Processing /Users/harry/.local/share/virtualenvs/rugby_data_project_airflow-d2RAFQI6/lib/python3.8/site-packages/airflow/example_dags/example_short_circuit_operator.py took 0.055 seconds
[2021-05-16 20:11:33,375] {scheduler_job.py:182} INFO - Started process (PID=17627) to work on /Users/harry/.local/share/virtualenvs/rugby_data_project_airflow-d2RAFQI6/lib/python3.8/site-packages/airflow/example_dags/example_short_circuit_operator.py
[2021-05-16 20:11:33,377] {scheduler_job.py:629} INFO - Processing file /Users/harry/.local/share/virtualenvs/rugby_data_project_airflow-d2RAFQI6/lib/python3.8/site-packages/airflow/example_dags/example_short_circuit_operator.py for tasks to queue
[2021-05-16 20:11:33,377] {logging_mixin.py:104} INFO - [2021-05-16 20:11:33,377] {dagbag.py:451} INFO - Filling up the DagBag from /Users/harry/.local/share/virtualenvs/rugby_data_project_airflow-d2RAFQI6/lib/python3.8/site-packages/airflow/example_dags/example_short_circuit_operator.py
[2021-05-16 20:11:33,384] {scheduler_job.py:639} INFO - DAG(s) dict_keys(['example_short_circuit_operator']) retrieved from /Users/harry/.local/share/virtualenvs/rugby_data_project_airflow-d2RAFQI6/lib/python3.8/site-packages/airflow/example_dags/example_short_circuit_operator.py
[2021-05-16 20:11:33,408] {logging_mixin.py:104} INFO - [2021-05-16 20:11:33,408] {dag.py:1824} INFO - Sync 1 DAGs
[2021-05-16 20:11:33,413] {logging_mixin.py:104} INFO - [2021-05-16 20:11:33,413] {dag.py:2280} INFO - Setting next_dagrun for example_short_circuit_operator to 2021-05-14 00:00:00+00:00
[2021-05-16 20:11:33,418] {scheduler_job.py:190} INFO - Processing /Users/harry/.local/share/virtualenvs/rugby_data_project_airflow-d2RAFQI6/lib/python3.8/site-packages/airflow/example_dags/example_short_circuit_operator.py took 0.043 seconds
[2021-05-16 20:12:20,677] {scheduler_job.py:182} INFO - Started process (PID=18171) to work on /Users/harry/.local/share/virtualenvs/rugby_data_project_airflow-d2RAFQI6/lib/python3.8/site-packages/airflow/example_dags/example_short_circuit_operator.py
[2021-05-16 20:12:20,678] {scheduler_job.py:629} INFO - Processing file /Users/harry/.local/share/virtualenvs/rugby_data_project_airflow-d2RAFQI6/lib/python3.8/site-packages/airflow/example_dags/example_short_circuit_operator.py for tasks to queue
[2021-05-16 20:12:20,678] {logging_mixin.py:104} INFO - [2021-05-16 20:12:20,678] {dagbag.py:451} INFO - Filling up the DagBag from /Users/harry/.local/share/virtualenvs/rugby_data_project_airflow-d2RAFQI6/lib/python3.8/site-packages/airflow/example_dags/example_short_circuit_operator.py
[2021-05-16 20:12:20,685] {scheduler_job.py:639} INFO - DAG(s) dict_keys(['example_short_circuit_operator']) retrieved from /Users/harry/.local/share/virtualenvs/rugby_data_project_airflow-d2RAFQI6/lib/python3.8/site-packages/airflow/example_dags/example_short_circuit_operator.py
[2021-05-16 20:12:20,707] {logging_mixin.py:104} INFO - [2021-05-16 20:12:20,707] {dag.py:1824} INFO - Sync 1 DAGs
[2021-05-16 20:12:20,712] {logging_mixin.py:104} INFO - [2021-05-16 20:12:20,712] {dag.py:2280} INFO - Setting next_dagrun for example_short_circuit_operator to 2021-05-14 00:00:00+00:00
[2021-05-16 20:12:20,717] {scheduler_job.py:190} INFO - Processing /Users/harry/.local/share/virtualenvs/rugby_data_project_airflow-d2RAFQI6/lib/python3.8/site-packages/airflow/example_dags/example_short_circuit_operator.py took 0.041 seconds
[2021-05-16 20:13:08,499] {scheduler_job.py:182} INFO - Started process (PID=18836) to work on /Users/harry/.local/share/virtualenvs/rugby_data_project_airflow-d2RAFQI6/lib/python3.8/site-packages/airflow/example_dags/example_short_circuit_operator.py
[2021-05-16 20:13:08,501] {scheduler_job.py:629} INFO - Processing file /Users/harry/.local/share/virtualenvs/rugby_data_project_airflow-d2RAFQI6/lib/python3.8/site-packages/airflow/example_dags/example_short_circuit_operator.py for tasks to queue
[2021-05-16 20:13:08,501] {logging_mixin.py:104} INFO - [2021-05-16 20:13:08,501] {dagbag.py:451} INFO - Filling up the DagBag from /Users/harry/.local/share/virtualenvs/rugby_data_project_airflow-d2RAFQI6/lib/python3.8/site-packages/airflow/example_dags/example_short_circuit_operator.py
[2021-05-16 20:13:08,507] {scheduler_job.py:639} INFO - DAG(s) dict_keys(['example_short_circuit_operator']) retrieved from /Users/harry/.local/share/virtualenvs/rugby_data_project_airflow-d2RAFQI6/lib/python3.8/site-packages/airflow/example_dags/example_short_circuit_operator.py
[2021-05-16 20:13:08,529] {logging_mixin.py:104} INFO - [2021-05-16 20:13:08,529] {dag.py:1824} INFO - Sync 1 DAGs
[2021-05-16 20:13:08,534] {logging_mixin.py:104} INFO - [2021-05-16 20:13:08,534] {dag.py:2280} INFO - Setting next_dagrun for example_short_circuit_operator to 2021-05-14 00:00:00+00:00
[2021-05-16 20:13:08,542] {scheduler_job.py:190} INFO - Processing /Users/harry/.local/share/virtualenvs/rugby_data_project_airflow-d2RAFQI6/lib/python3.8/site-packages/airflow/example_dags/example_short_circuit_operator.py took 0.043 seconds
[2021-05-16 20:14:01,137] {scheduler_job.py:182} INFO - Started process (PID=19464) to work on /Users/harry/.local/share/virtualenvs/rugby_data_project_airflow-d2RAFQI6/lib/python3.8/site-packages/airflow/example_dags/example_short_circuit_operator.py
[2021-05-16 20:14:01,138] {scheduler_job.py:629} INFO - Processing file /Users/harry/.local/share/virtualenvs/rugby_data_project_airflow-d2RAFQI6/lib/python3.8/site-packages/airflow/example_dags/example_short_circuit_operator.py for tasks to queue
[2021-05-16 20:14:01,139] {logging_mixin.py:104} INFO - [2021-05-16 20:14:01,139] {dagbag.py:451} INFO - Filling up the DagBag from /Users/harry/.local/share/virtualenvs/rugby_data_project_airflow-d2RAFQI6/lib/python3.8/site-packages/airflow/example_dags/example_short_circuit_operator.py
[2021-05-16 20:14:01,148] {scheduler_job.py:639} INFO - DAG(s) dict_keys(['example_short_circuit_operator']) retrieved from /Users/harry/.local/share/virtualenvs/rugby_data_project_airflow-d2RAFQI6/lib/python3.8/site-packages/airflow/example_dags/example_short_circuit_operator.py
[2021-05-16 20:14:01,179] {logging_mixin.py:104} INFO - [2021-05-16 20:14:01,179] {dag.py:1824} INFO - Sync 1 DAGs
[2021-05-16 20:14:01,187] {logging_mixin.py:104} INFO - [2021-05-16 20:14:01,187] {dag.py:2280} INFO - Setting next_dagrun for example_short_circuit_operator to 2021-05-14 00:00:00+00:00
[2021-05-16 20:14:01,196] {scheduler_job.py:190} INFO - Processing /Users/harry/.local/share/virtualenvs/rugby_data_project_airflow-d2RAFQI6/lib/python3.8/site-packages/airflow/example_dags/example_short_circuit_operator.py took 0.060 seconds
[2021-05-16 20:14:46,871] {scheduler_job.py:182} INFO - Started process (PID=20029) to work on /Users/harry/.local/share/virtualenvs/rugby_data_project_airflow-d2RAFQI6/lib/python3.8/site-packages/airflow/example_dags/example_short_circuit_operator.py
[2021-05-16 20:14:46,872] {scheduler_job.py:629} INFO - Processing file /Users/harry/.local/share/virtualenvs/rugby_data_project_airflow-d2RAFQI6/lib/python3.8/site-packages/airflow/example_dags/example_short_circuit_operator.py for tasks to queue
[2021-05-16 20:14:46,873] {logging_mixin.py:104} INFO - [2021-05-16 20:14:46,873] {dagbag.py:451} INFO - Filling up the DagBag from /Users/harry/.local/share/virtualenvs/rugby_data_project_airflow-d2RAFQI6/lib/python3.8/site-packages/airflow/example_dags/example_short_circuit_operator.py
[2021-05-16 20:14:46,881] {scheduler_job.py:639} INFO - DAG(s) dict_keys(['example_short_circuit_operator']) retrieved from /Users/harry/.local/share/virtualenvs/rugby_data_project_airflow-d2RAFQI6/lib/python3.8/site-packages/airflow/example_dags/example_short_circuit_operator.py
[2021-05-16 20:14:46,905] {logging_mixin.py:104} INFO - [2021-05-16 20:14:46,905] {dag.py:1824} INFO - Sync 1 DAGs
[2021-05-16 20:14:46,911] {logging_mixin.py:104} INFO - [2021-05-16 20:14:46,911] {dag.py:2280} INFO - Setting next_dagrun for example_short_circuit_operator to 2021-05-14 00:00:00+00:00
[2021-05-16 20:14:46,917] {scheduler_job.py:190} INFO - Processing /Users/harry/.local/share/virtualenvs/rugby_data_project_airflow-d2RAFQI6/lib/python3.8/site-packages/airflow/example_dags/example_short_circuit_operator.py took 0.047 seconds
[2021-05-16 20:15:35,792] {scheduler_job.py:182} INFO - Started process (PID=21354) to work on /Users/harry/.local/share/virtualenvs/rugby_data_project_airflow-d2RAFQI6/lib/python3.8/site-packages/airflow/example_dags/example_short_circuit_operator.py
[2021-05-16 20:15:35,793] {scheduler_job.py:629} INFO - Processing file /Users/harry/.local/share/virtualenvs/rugby_data_project_airflow-d2RAFQI6/lib/python3.8/site-packages/airflow/example_dags/example_short_circuit_operator.py for tasks to queue
[2021-05-16 20:15:35,793] {logging_mixin.py:104} INFO - [2021-05-16 20:15:35,793] {dagbag.py:451} INFO - Filling up the DagBag from /Users/harry/.local/share/virtualenvs/rugby_data_project_airflow-d2RAFQI6/lib/python3.8/site-packages/airflow/example_dags/example_short_circuit_operator.py
[2021-05-16 20:15:35,801] {scheduler_job.py:639} INFO - DAG(s) dict_keys(['example_short_circuit_operator']) retrieved from /Users/harry/.local/share/virtualenvs/rugby_data_project_airflow-d2RAFQI6/lib/python3.8/site-packages/airflow/example_dags/example_short_circuit_operator.py
[2021-05-16 20:15:35,827] {logging_mixin.py:104} INFO - [2021-05-16 20:15:35,827] {dag.py:1824} INFO - Sync 1 DAGs
[2021-05-16 20:15:35,833] {logging_mixin.py:104} INFO - [2021-05-16 20:15:35,833] {dag.py:2280} INFO - Setting next_dagrun for example_short_circuit_operator to 2021-05-14 00:00:00+00:00
[2021-05-16 20:15:35,841] {scheduler_job.py:190} INFO - Processing /Users/harry/.local/share/virtualenvs/rugby_data_project_airflow-d2RAFQI6/lib/python3.8/site-packages/airflow/example_dags/example_short_circuit_operator.py took 0.049 seconds
