[2021-05-16 08:46:33,345] {scheduler_job.py:182} INFO - Started process (PID=40980) to work on /Users/harry/.local/share/virtualenvs/rugby_data_project_airflow-d2RAFQI6/lib/python3.8/site-packages/airflow/example_dags/example_branch_operator.py
[2021-05-16 08:46:33,346] {scheduler_job.py:629} INFO - Processing file /Users/harry/.local/share/virtualenvs/rugby_data_project_airflow-d2RAFQI6/lib/python3.8/site-packages/airflow/example_dags/example_branch_operator.py for tasks to queue
[2021-05-16 08:46:33,346] {logging_mixin.py:104} INFO - [2021-05-16 08:46:33,346] {dagbag.py:451} INFO - Filling up the DagBag from /Users/harry/.local/share/virtualenvs/rugby_data_project_airflow-d2RAFQI6/lib/python3.8/site-packages/airflow/example_dags/example_branch_operator.py
[2021-05-16 08:46:33,363] {scheduler_job.py:639} INFO - DAG(s) dict_keys(['example_branch_operator']) retrieved from /Users/harry/.local/share/virtualenvs/rugby_data_project_airflow-d2RAFQI6/lib/python3.8/site-packages/airflow/example_dags/example_branch_operator.py
[2021-05-16 08:46:33,401] {logging_mixin.py:104} INFO - [2021-05-16 08:46:33,401] {dag.py:1824} INFO - Sync 1 DAGs
[2021-05-16 08:46:33,425] {logging_mixin.py:104} INFO - [2021-05-16 08:46:33,425] {dag.py:2280} INFO - Setting next_dagrun for example_branch_operator to 2021-05-14 00:00:00+00:00
[2021-05-16 08:46:33,439] {scheduler_job.py:190} INFO - Processing /Users/harry/.local/share/virtualenvs/rugby_data_project_airflow-d2RAFQI6/lib/python3.8/site-packages/airflow/example_dags/example_branch_operator.py took 0.095 seconds
[2021-05-16 08:49:37,944] {scheduler_job.py:182} INFO - Started process (PID=41362) to work on /Users/harry/.local/share/virtualenvs/rugby_data_project_airflow-d2RAFQI6/lib/python3.8/site-packages/airflow/example_dags/example_branch_operator.py
[2021-05-16 08:49:37,945] {scheduler_job.py:629} INFO - Processing file /Users/harry/.local/share/virtualenvs/rugby_data_project_airflow-d2RAFQI6/lib/python3.8/site-packages/airflow/example_dags/example_branch_operator.py for tasks to queue
[2021-05-16 08:49:37,945] {logging_mixin.py:104} INFO - [2021-05-16 08:49:37,945] {dagbag.py:451} INFO - Filling up the DagBag from /Users/harry/.local/share/virtualenvs/rugby_data_project_airflow-d2RAFQI6/lib/python3.8/site-packages/airflow/example_dags/example_branch_operator.py
[2021-05-16 08:49:37,952] {scheduler_job.py:639} INFO - DAG(s) dict_keys(['example_branch_operator']) retrieved from /Users/harry/.local/share/virtualenvs/rugby_data_project_airflow-d2RAFQI6/lib/python3.8/site-packages/airflow/example_dags/example_branch_operator.py
[2021-05-16 08:49:37,981] {logging_mixin.py:104} INFO - [2021-05-16 08:49:37,980] {dag.py:1824} INFO - Sync 1 DAGs
[2021-05-16 08:49:37,993] {logging_mixin.py:104} INFO - [2021-05-16 08:49:37,993] {dag.py:2280} INFO - Setting next_dagrun for example_branch_operator to 2021-05-14 00:00:00+00:00
[2021-05-16 08:49:38,003] {scheduler_job.py:190} INFO - Processing /Users/harry/.local/share/virtualenvs/rugby_data_project_airflow-d2RAFQI6/lib/python3.8/site-packages/airflow/example_dags/example_branch_operator.py took 0.060 seconds
[2021-05-16 09:00:46,271] {scheduler_job.py:182} INFO - Started process (PID=42849) to work on /Users/harry/.local/share/virtualenvs/rugby_data_project_airflow-d2RAFQI6/lib/python3.8/site-packages/airflow/example_dags/example_branch_operator.py
[2021-05-16 09:00:46,272] {scheduler_job.py:629} INFO - Processing file /Users/harry/.local/share/virtualenvs/rugby_data_project_airflow-d2RAFQI6/lib/python3.8/site-packages/airflow/example_dags/example_branch_operator.py for tasks to queue
[2021-05-16 09:00:46,273] {logging_mixin.py:104} INFO - [2021-05-16 09:00:46,273] {dagbag.py:451} INFO - Filling up the DagBag from /Users/harry/.local/share/virtualenvs/rugby_data_project_airflow-d2RAFQI6/lib/python3.8/site-packages/airflow/example_dags/example_branch_operator.py
[2021-05-16 09:00:46,284] {scheduler_job.py:639} INFO - DAG(s) dict_keys(['example_branch_operator']) retrieved from /Users/harry/.local/share/virtualenvs/rugby_data_project_airflow-d2RAFQI6/lib/python3.8/site-packages/airflow/example_dags/example_branch_operator.py
[2021-05-16 09:00:46,322] {logging_mixin.py:104} INFO - [2021-05-16 09:00:46,322] {dag.py:1824} INFO - Sync 1 DAGs
[2021-05-16 09:00:46,338] {logging_mixin.py:104} INFO - [2021-05-16 09:00:46,338] {dag.py:2280} INFO - Setting next_dagrun for example_branch_operator to 2021-05-14 00:00:00+00:00
[2021-05-16 09:00:46,347] {scheduler_job.py:190} INFO - Processing /Users/harry/.local/share/virtualenvs/rugby_data_project_airflow-d2RAFQI6/lib/python3.8/site-packages/airflow/example_dags/example_branch_operator.py took 0.076 seconds
[2021-05-16 09:05:19,551] {scheduler_job.py:182} INFO - Started process (PID=44739) to work on /Users/harry/.local/share/virtualenvs/rugby_data_project_airflow-d2RAFQI6/lib/python3.8/site-packages/airflow/example_dags/example_branch_operator.py
[2021-05-16 09:05:19,552] {scheduler_job.py:629} INFO - Processing file /Users/harry/.local/share/virtualenvs/rugby_data_project_airflow-d2RAFQI6/lib/python3.8/site-packages/airflow/example_dags/example_branch_operator.py for tasks to queue
[2021-05-16 09:05:19,552] {logging_mixin.py:104} INFO - [2021-05-16 09:05:19,552] {dagbag.py:451} INFO - Filling up the DagBag from /Users/harry/.local/share/virtualenvs/rugby_data_project_airflow-d2RAFQI6/lib/python3.8/site-packages/airflow/example_dags/example_branch_operator.py
[2021-05-16 09:05:19,561] {scheduler_job.py:639} INFO - DAG(s) dict_keys(['example_branch_operator']) retrieved from /Users/harry/.local/share/virtualenvs/rugby_data_project_airflow-d2RAFQI6/lib/python3.8/site-packages/airflow/example_dags/example_branch_operator.py
[2021-05-16 09:05:19,592] {logging_mixin.py:104} INFO - [2021-05-16 09:05:19,592] {dag.py:1824} INFO - Sync 1 DAGs
[2021-05-16 09:05:19,605] {logging_mixin.py:104} INFO - [2021-05-16 09:05:19,605] {dag.py:2280} INFO - Setting next_dagrun for example_branch_operator to 2021-05-14 00:00:00+00:00
[2021-05-16 09:05:19,612] {scheduler_job.py:190} INFO - Processing /Users/harry/.local/share/virtualenvs/rugby_data_project_airflow-d2RAFQI6/lib/python3.8/site-packages/airflow/example_dags/example_branch_operator.py took 0.062 seconds
[2021-05-16 09:09:23,722] {scheduler_job.py:182} INFO - Started process (PID=46472) to work on /Users/harry/.local/share/virtualenvs/rugby_data_project_airflow-d2RAFQI6/lib/python3.8/site-packages/airflow/example_dags/example_branch_operator.py
[2021-05-16 09:09:23,723] {scheduler_job.py:629} INFO - Processing file /Users/harry/.local/share/virtualenvs/rugby_data_project_airflow-d2RAFQI6/lib/python3.8/site-packages/airflow/example_dags/example_branch_operator.py for tasks to queue
[2021-05-16 09:09:23,723] {logging_mixin.py:104} INFO - [2021-05-16 09:09:23,723] {dagbag.py:451} INFO - Filling up the DagBag from /Users/harry/.local/share/virtualenvs/rugby_data_project_airflow-d2RAFQI6/lib/python3.8/site-packages/airflow/example_dags/example_branch_operator.py
[2021-05-16 09:09:23,732] {scheduler_job.py:639} INFO - DAG(s) dict_keys(['example_branch_operator']) retrieved from /Users/harry/.local/share/virtualenvs/rugby_data_project_airflow-d2RAFQI6/lib/python3.8/site-packages/airflow/example_dags/example_branch_operator.py
[2021-05-16 09:09:23,766] {logging_mixin.py:104} INFO - [2021-05-16 09:09:23,765] {dag.py:1824} INFO - Sync 1 DAGs
[2021-05-16 09:09:23,778] {logging_mixin.py:104} INFO - [2021-05-16 09:09:23,778] {dag.py:2280} INFO - Setting next_dagrun for example_branch_operator to 2021-05-14 00:00:00+00:00
[2021-05-16 09:09:23,786] {scheduler_job.py:190} INFO - Processing /Users/harry/.local/share/virtualenvs/rugby_data_project_airflow-d2RAFQI6/lib/python3.8/site-packages/airflow/example_dags/example_branch_operator.py took 0.065 seconds
[2021-05-16 09:13:41,508] {scheduler_job.py:182} INFO - Started process (PID=48287) to work on /Users/harry/.local/share/virtualenvs/rugby_data_project_airflow-d2RAFQI6/lib/python3.8/site-packages/airflow/example_dags/example_branch_operator.py
[2021-05-16 09:13:41,509] {scheduler_job.py:629} INFO - Processing file /Users/harry/.local/share/virtualenvs/rugby_data_project_airflow-d2RAFQI6/lib/python3.8/site-packages/airflow/example_dags/example_branch_operator.py for tasks to queue
[2021-05-16 09:13:41,510] {logging_mixin.py:104} INFO - [2021-05-16 09:13:41,509] {dagbag.py:451} INFO - Filling up the DagBag from /Users/harry/.local/share/virtualenvs/rugby_data_project_airflow-d2RAFQI6/lib/python3.8/site-packages/airflow/example_dags/example_branch_operator.py
[2021-05-16 09:13:41,519] {scheduler_job.py:639} INFO - DAG(s) dict_keys(['example_branch_operator']) retrieved from /Users/harry/.local/share/virtualenvs/rugby_data_project_airflow-d2RAFQI6/lib/python3.8/site-packages/airflow/example_dags/example_branch_operator.py
[2021-05-16 09:13:41,554] {logging_mixin.py:104} INFO - [2021-05-16 09:13:41,554] {dag.py:1824} INFO - Sync 1 DAGs
[2021-05-16 09:13:41,568] {logging_mixin.py:104} INFO - [2021-05-16 09:13:41,568] {dag.py:2280} INFO - Setting next_dagrun for example_branch_operator to 2021-05-14 00:00:00+00:00
[2021-05-16 09:13:41,577] {scheduler_job.py:190} INFO - Processing /Users/harry/.local/share/virtualenvs/rugby_data_project_airflow-d2RAFQI6/lib/python3.8/site-packages/airflow/example_dags/example_branch_operator.py took 0.070 seconds
[2021-05-16 09:18:33,491] {scheduler_job.py:182} INFO - Started process (PID=50164) to work on /Users/harry/.local/share/virtualenvs/rugby_data_project_airflow-d2RAFQI6/lib/python3.8/site-packages/airflow/example_dags/example_branch_operator.py
[2021-05-16 09:18:33,493] {scheduler_job.py:629} INFO - Processing file /Users/harry/.local/share/virtualenvs/rugby_data_project_airflow-d2RAFQI6/lib/python3.8/site-packages/airflow/example_dags/example_branch_operator.py for tasks to queue
[2021-05-16 09:18:33,493] {logging_mixin.py:104} INFO - [2021-05-16 09:18:33,493] {dagbag.py:451} INFO - Filling up the DagBag from /Users/harry/.local/share/virtualenvs/rugby_data_project_airflow-d2RAFQI6/lib/python3.8/site-packages/airflow/example_dags/example_branch_operator.py
[2021-05-16 09:18:33,504] {scheduler_job.py:639} INFO - DAG(s) dict_keys(['example_branch_operator']) retrieved from /Users/harry/.local/share/virtualenvs/rugby_data_project_airflow-d2RAFQI6/lib/python3.8/site-packages/airflow/example_dags/example_branch_operator.py
[2021-05-16 09:18:33,543] {logging_mixin.py:104} INFO - [2021-05-16 09:18:33,543] {dag.py:1824} INFO - Sync 1 DAGs
[2021-05-16 09:18:33,559] {logging_mixin.py:104} INFO - [2021-05-16 09:18:33,559] {dag.py:2280} INFO - Setting next_dagrun for example_branch_operator to 2021-05-14 00:00:00+00:00
[2021-05-16 09:18:33,568] {scheduler_job.py:190} INFO - Processing /Users/harry/.local/share/virtualenvs/rugby_data_project_airflow-d2RAFQI6/lib/python3.8/site-packages/airflow/example_dags/example_branch_operator.py took 0.078 seconds
[2021-05-16 09:23:19,156] {scheduler_job.py:182} INFO - Started process (PID=51970) to work on /Users/harry/.local/share/virtualenvs/rugby_data_project_airflow-d2RAFQI6/lib/python3.8/site-packages/airflow/example_dags/example_branch_operator.py
[2021-05-16 09:23:19,157] {scheduler_job.py:629} INFO - Processing file /Users/harry/.local/share/virtualenvs/rugby_data_project_airflow-d2RAFQI6/lib/python3.8/site-packages/airflow/example_dags/example_branch_operator.py for tasks to queue
[2021-05-16 09:23:19,158] {logging_mixin.py:104} INFO - [2021-05-16 09:23:19,158] {dagbag.py:451} INFO - Filling up the DagBag from /Users/harry/.local/share/virtualenvs/rugby_data_project_airflow-d2RAFQI6/lib/python3.8/site-packages/airflow/example_dags/example_branch_operator.py
[2021-05-16 09:23:19,169] {scheduler_job.py:639} INFO - DAG(s) dict_keys(['example_branch_operator']) retrieved from /Users/harry/.local/share/virtualenvs/rugby_data_project_airflow-d2RAFQI6/lib/python3.8/site-packages/airflow/example_dags/example_branch_operator.py
[2021-05-16 09:23:19,208] {logging_mixin.py:104} INFO - [2021-05-16 09:23:19,208] {dag.py:1824} INFO - Sync 1 DAGs
[2021-05-16 09:23:19,224] {logging_mixin.py:104} INFO - [2021-05-16 09:23:19,224] {dag.py:2280} INFO - Setting next_dagrun for example_branch_operator to 2021-05-14 00:00:00+00:00
[2021-05-16 09:23:19,233] {scheduler_job.py:190} INFO - Processing /Users/harry/.local/share/virtualenvs/rugby_data_project_airflow-d2RAFQI6/lib/python3.8/site-packages/airflow/example_dags/example_branch_operator.py took 0.077 seconds
[2021-05-16 09:28:09,156] {scheduler_job.py:182} INFO - Started process (PID=53811) to work on /Users/harry/.local/share/virtualenvs/rugby_data_project_airflow-d2RAFQI6/lib/python3.8/site-packages/airflow/example_dags/example_branch_operator.py
[2021-05-16 09:28:09,157] {scheduler_job.py:629} INFO - Processing file /Users/harry/.local/share/virtualenvs/rugby_data_project_airflow-d2RAFQI6/lib/python3.8/site-packages/airflow/example_dags/example_branch_operator.py for tasks to queue
[2021-05-16 09:28:09,158] {logging_mixin.py:104} INFO - [2021-05-16 09:28:09,158] {dagbag.py:451} INFO - Filling up the DagBag from /Users/harry/.local/share/virtualenvs/rugby_data_project_airflow-d2RAFQI6/lib/python3.8/site-packages/airflow/example_dags/example_branch_operator.py
[2021-05-16 09:28:09,170] {scheduler_job.py:639} INFO - DAG(s) dict_keys(['example_branch_operator']) retrieved from /Users/harry/.local/share/virtualenvs/rugby_data_project_airflow-d2RAFQI6/lib/python3.8/site-packages/airflow/example_dags/example_branch_operator.py
[2021-05-16 09:28:09,212] {logging_mixin.py:104} INFO - [2021-05-16 09:28:09,212] {dag.py:1824} INFO - Sync 1 DAGs
[2021-05-16 09:28:09,230] {logging_mixin.py:104} INFO - [2021-05-16 09:28:09,229] {dag.py:2280} INFO - Setting next_dagrun for example_branch_operator to 2021-05-14 00:00:00+00:00
[2021-05-16 09:28:09,240] {scheduler_job.py:190} INFO - Processing /Users/harry/.local/share/virtualenvs/rugby_data_project_airflow-d2RAFQI6/lib/python3.8/site-packages/airflow/example_dags/example_branch_operator.py took 0.085 seconds
[2021-05-16 09:32:59,528] {scheduler_job.py:182} INFO - Started process (PID=55540) to work on /Users/harry/.local/share/virtualenvs/rugby_data_project_airflow-d2RAFQI6/lib/python3.8/site-packages/airflow/example_dags/example_branch_operator.py
[2021-05-16 09:32:59,529] {scheduler_job.py:629} INFO - Processing file /Users/harry/.local/share/virtualenvs/rugby_data_project_airflow-d2RAFQI6/lib/python3.8/site-packages/airflow/example_dags/example_branch_operator.py for tasks to queue
[2021-05-16 09:32:59,530] {logging_mixin.py:104} INFO - [2021-05-16 09:32:59,530] {dagbag.py:451} INFO - Filling up the DagBag from /Users/harry/.local/share/virtualenvs/rugby_data_project_airflow-d2RAFQI6/lib/python3.8/site-packages/airflow/example_dags/example_branch_operator.py
[2021-05-16 09:32:59,541] {scheduler_job.py:639} INFO - DAG(s) dict_keys(['example_branch_operator']) retrieved from /Users/harry/.local/share/virtualenvs/rugby_data_project_airflow-d2RAFQI6/lib/python3.8/site-packages/airflow/example_dags/example_branch_operator.py
[2021-05-16 09:32:59,580] {logging_mixin.py:104} INFO - [2021-05-16 09:32:59,580] {dag.py:1824} INFO - Sync 1 DAGs
[2021-05-16 09:32:59,596] {logging_mixin.py:104} INFO - [2021-05-16 09:32:59,596] {dag.py:2280} INFO - Setting next_dagrun for example_branch_operator to 2021-05-14 00:00:00+00:00
[2021-05-16 09:32:59,606] {scheduler_job.py:190} INFO - Processing /Users/harry/.local/share/virtualenvs/rugby_data_project_airflow-d2RAFQI6/lib/python3.8/site-packages/airflow/example_dags/example_branch_operator.py took 0.079 seconds
[2021-05-16 09:37:52,020] {scheduler_job.py:182} INFO - Started process (PID=57315) to work on /Users/harry/.local/share/virtualenvs/rugby_data_project_airflow-d2RAFQI6/lib/python3.8/site-packages/airflow/example_dags/example_branch_operator.py
[2021-05-16 09:37:52,021] {scheduler_job.py:629} INFO - Processing file /Users/harry/.local/share/virtualenvs/rugby_data_project_airflow-d2RAFQI6/lib/python3.8/site-packages/airflow/example_dags/example_branch_operator.py for tasks to queue
[2021-05-16 09:37:52,022] {logging_mixin.py:104} INFO - [2021-05-16 09:37:52,022] {dagbag.py:451} INFO - Filling up the DagBag from /Users/harry/.local/share/virtualenvs/rugby_data_project_airflow-d2RAFQI6/lib/python3.8/site-packages/airflow/example_dags/example_branch_operator.py
[2021-05-16 09:37:52,036] {scheduler_job.py:639} INFO - DAG(s) dict_keys(['example_branch_operator']) retrieved from /Users/harry/.local/share/virtualenvs/rugby_data_project_airflow-d2RAFQI6/lib/python3.8/site-packages/airflow/example_dags/example_branch_operator.py
[2021-05-16 09:37:52,087] {logging_mixin.py:104} INFO - [2021-05-16 09:37:52,087] {dag.py:1824} INFO - Sync 1 DAGs
[2021-05-16 09:37:52,108] {logging_mixin.py:104} INFO - [2021-05-16 09:37:52,107] {dag.py:2280} INFO - Setting next_dagrun for example_branch_operator to 2021-05-14 00:00:00+00:00
[2021-05-16 09:37:52,119] {scheduler_job.py:190} INFO - Processing /Users/harry/.local/share/virtualenvs/rugby_data_project_airflow-d2RAFQI6/lib/python3.8/site-packages/airflow/example_dags/example_branch_operator.py took 0.100 seconds
[2021-05-16 09:42:42,811] {scheduler_job.py:182} INFO - Started process (PID=59060) to work on /Users/harry/.local/share/virtualenvs/rugby_data_project_airflow-d2RAFQI6/lib/python3.8/site-packages/airflow/example_dags/example_branch_operator.py
[2021-05-16 09:42:42,813] {scheduler_job.py:629} INFO - Processing file /Users/harry/.local/share/virtualenvs/rugby_data_project_airflow-d2RAFQI6/lib/python3.8/site-packages/airflow/example_dags/example_branch_operator.py for tasks to queue
[2021-05-16 09:42:42,813] {logging_mixin.py:104} INFO - [2021-05-16 09:42:42,813] {dagbag.py:451} INFO - Filling up the DagBag from /Users/harry/.local/share/virtualenvs/rugby_data_project_airflow-d2RAFQI6/lib/python3.8/site-packages/airflow/example_dags/example_branch_operator.py
[2021-05-16 09:42:42,824] {scheduler_job.py:639} INFO - DAG(s) dict_keys(['example_branch_operator']) retrieved from /Users/harry/.local/share/virtualenvs/rugby_data_project_airflow-d2RAFQI6/lib/python3.8/site-packages/airflow/example_dags/example_branch_operator.py
[2021-05-16 09:42:42,863] {logging_mixin.py:104} INFO - [2021-05-16 09:42:42,863] {dag.py:1824} INFO - Sync 1 DAGs
[2021-05-16 09:42:42,879] {logging_mixin.py:104} INFO - [2021-05-16 09:42:42,879] {dag.py:2280} INFO - Setting next_dagrun for example_branch_operator to 2021-05-14 00:00:00+00:00
[2021-05-16 09:42:42,889] {scheduler_job.py:190} INFO - Processing /Users/harry/.local/share/virtualenvs/rugby_data_project_airflow-d2RAFQI6/lib/python3.8/site-packages/airflow/example_dags/example_branch_operator.py took 0.078 seconds
[2021-05-16 13:21:43,430] {scheduler_job.py:182} INFO - Started process (PID=4777) to work on /Users/harry/.local/share/virtualenvs/rugby_data_project_airflow-d2RAFQI6/lib/python3.8/site-packages/airflow/example_dags/example_branch_operator.py
[2021-05-16 13:21:43,431] {scheduler_job.py:629} INFO - Processing file /Users/harry/.local/share/virtualenvs/rugby_data_project_airflow-d2RAFQI6/lib/python3.8/site-packages/airflow/example_dags/example_branch_operator.py for tasks to queue
[2021-05-16 13:21:43,431] {logging_mixin.py:104} INFO - [2021-05-16 13:21:43,431] {dagbag.py:451} INFO - Filling up the DagBag from /Users/harry/.local/share/virtualenvs/rugby_data_project_airflow-d2RAFQI6/lib/python3.8/site-packages/airflow/example_dags/example_branch_operator.py
[2021-05-16 13:21:43,438] {scheduler_job.py:639} INFO - DAG(s) dict_keys(['example_branch_operator']) retrieved from /Users/harry/.local/share/virtualenvs/rugby_data_project_airflow-d2RAFQI6/lib/python3.8/site-packages/airflow/example_dags/example_branch_operator.py
[2021-05-16 13:21:43,465] {logging_mixin.py:104} INFO - [2021-05-16 13:21:43,465] {dag.py:1824} INFO - Sync 1 DAGs
[2021-05-16 13:21:43,475] {logging_mixin.py:104} INFO - [2021-05-16 13:21:43,475] {dag.py:2280} INFO - Setting next_dagrun for example_branch_operator to 2021-05-14 00:00:00+00:00
[2021-05-16 13:21:43,482] {scheduler_job.py:190} INFO - Processing /Users/harry/.local/share/virtualenvs/rugby_data_project_airflow-d2RAFQI6/lib/python3.8/site-packages/airflow/example_dags/example_branch_operator.py took 0.053 seconds
[2021-05-16 13:22:25,828] {scheduler_job.py:182} INFO - Started process (PID=5360) to work on /Users/harry/.local/share/virtualenvs/rugby_data_project_airflow-d2RAFQI6/lib/python3.8/site-packages/airflow/example_dags/example_branch_operator.py
[2021-05-16 13:22:25,829] {scheduler_job.py:629} INFO - Processing file /Users/harry/.local/share/virtualenvs/rugby_data_project_airflow-d2RAFQI6/lib/python3.8/site-packages/airflow/example_dags/example_branch_operator.py for tasks to queue
[2021-05-16 13:22:25,830] {logging_mixin.py:104} INFO - [2021-05-16 13:22:25,830] {dagbag.py:451} INFO - Filling up the DagBag from /Users/harry/.local/share/virtualenvs/rugby_data_project_airflow-d2RAFQI6/lib/python3.8/site-packages/airflow/example_dags/example_branch_operator.py
[2021-05-16 13:22:25,837] {scheduler_job.py:639} INFO - DAG(s) dict_keys(['example_branch_operator']) retrieved from /Users/harry/.local/share/virtualenvs/rugby_data_project_airflow-d2RAFQI6/lib/python3.8/site-packages/airflow/example_dags/example_branch_operator.py
[2021-05-16 13:22:25,861] {logging_mixin.py:104} INFO - [2021-05-16 13:22:25,861] {dag.py:1824} INFO - Sync 1 DAGs
[2021-05-16 13:22:25,871] {logging_mixin.py:104} INFO - [2021-05-16 13:22:25,871] {dag.py:2280} INFO - Setting next_dagrun for example_branch_operator to 2021-05-14 00:00:00+00:00
[2021-05-16 13:22:25,877] {scheduler_job.py:190} INFO - Processing /Users/harry/.local/share/virtualenvs/rugby_data_project_airflow-d2RAFQI6/lib/python3.8/site-packages/airflow/example_dags/example_branch_operator.py took 0.049 seconds
[2021-05-16 13:23:07,030] {scheduler_job.py:182} INFO - Started process (PID=5924) to work on /Users/harry/.local/share/virtualenvs/rugby_data_project_airflow-d2RAFQI6/lib/python3.8/site-packages/airflow/example_dags/example_branch_operator.py
[2021-05-16 13:23:07,031] {scheduler_job.py:629} INFO - Processing file /Users/harry/.local/share/virtualenvs/rugby_data_project_airflow-d2RAFQI6/lib/python3.8/site-packages/airflow/example_dags/example_branch_operator.py for tasks to queue
[2021-05-16 13:23:07,032] {logging_mixin.py:104} INFO - [2021-05-16 13:23:07,032] {dagbag.py:451} INFO - Filling up the DagBag from /Users/harry/.local/share/virtualenvs/rugby_data_project_airflow-d2RAFQI6/lib/python3.8/site-packages/airflow/example_dags/example_branch_operator.py
[2021-05-16 13:23:07,042] {scheduler_job.py:639} INFO - DAG(s) dict_keys(['example_branch_operator']) retrieved from /Users/harry/.local/share/virtualenvs/rugby_data_project_airflow-d2RAFQI6/lib/python3.8/site-packages/airflow/example_dags/example_branch_operator.py
[2021-05-16 13:23:07,068] {logging_mixin.py:104} INFO - [2021-05-16 13:23:07,067] {dag.py:1824} INFO - Sync 1 DAGs
[2021-05-16 13:23:07,077] {logging_mixin.py:104} INFO - [2021-05-16 13:23:07,077] {dag.py:2280} INFO - Setting next_dagrun for example_branch_operator to 2021-05-14 00:00:00+00:00
[2021-05-16 13:23:07,083] {scheduler_job.py:190} INFO - Processing /Users/harry/.local/share/virtualenvs/rugby_data_project_airflow-d2RAFQI6/lib/python3.8/site-packages/airflow/example_dags/example_branch_operator.py took 0.054 seconds
[2021-05-16 13:23:53,914] {scheduler_job.py:182} INFO - Started process (PID=6580) to work on /Users/harry/.local/share/virtualenvs/rugby_data_project_airflow-d2RAFQI6/lib/python3.8/site-packages/airflow/example_dags/example_branch_operator.py
[2021-05-16 13:23:53,914] {scheduler_job.py:629} INFO - Processing file /Users/harry/.local/share/virtualenvs/rugby_data_project_airflow-d2RAFQI6/lib/python3.8/site-packages/airflow/example_dags/example_branch_operator.py for tasks to queue
[2021-05-16 13:23:53,915] {logging_mixin.py:104} INFO - [2021-05-16 13:23:53,915] {dagbag.py:451} INFO - Filling up the DagBag from /Users/harry/.local/share/virtualenvs/rugby_data_project_airflow-d2RAFQI6/lib/python3.8/site-packages/airflow/example_dags/example_branch_operator.py
[2021-05-16 13:23:53,922] {scheduler_job.py:639} INFO - DAG(s) dict_keys(['example_branch_operator']) retrieved from /Users/harry/.local/share/virtualenvs/rugby_data_project_airflow-d2RAFQI6/lib/python3.8/site-packages/airflow/example_dags/example_branch_operator.py
[2021-05-16 13:23:53,946] {logging_mixin.py:104} INFO - [2021-05-16 13:23:53,946] {dag.py:1824} INFO - Sync 1 DAGs
[2021-05-16 13:23:53,956] {logging_mixin.py:104} INFO - [2021-05-16 13:23:53,956] {dag.py:2280} INFO - Setting next_dagrun for example_branch_operator to 2021-05-14 00:00:00+00:00
[2021-05-16 13:23:53,961] {scheduler_job.py:190} INFO - Processing /Users/harry/.local/share/virtualenvs/rugby_data_project_airflow-d2RAFQI6/lib/python3.8/site-packages/airflow/example_dags/example_branch_operator.py took 0.048 seconds
[2021-05-16 20:06:14,202] {scheduler_job.py:182} INFO - Started process (PID=14104) to work on /Users/harry/.local/share/virtualenvs/rugby_data_project_airflow-d2RAFQI6/lib/python3.8/site-packages/airflow/example_dags/example_branch_operator.py
[2021-05-16 20:06:14,203] {scheduler_job.py:629} INFO - Processing file /Users/harry/.local/share/virtualenvs/rugby_data_project_airflow-d2RAFQI6/lib/python3.8/site-packages/airflow/example_dags/example_branch_operator.py for tasks to queue
[2021-05-16 20:06:14,203] {logging_mixin.py:104} INFO - [2021-05-16 20:06:14,203] {dagbag.py:451} INFO - Filling up the DagBag from /Users/harry/.local/share/virtualenvs/rugby_data_project_airflow-d2RAFQI6/lib/python3.8/site-packages/airflow/example_dags/example_branch_operator.py
[2021-05-16 20:06:14,212] {scheduler_job.py:639} INFO - DAG(s) dict_keys(['example_branch_operator']) retrieved from /Users/harry/.local/share/virtualenvs/rugby_data_project_airflow-d2RAFQI6/lib/python3.8/site-packages/airflow/example_dags/example_branch_operator.py
[2021-05-16 20:06:14,237] {logging_mixin.py:104} INFO - [2021-05-16 20:06:14,237] {dag.py:1824} INFO - Sync 1 DAGs
[2021-05-16 20:06:14,247] {logging_mixin.py:104} INFO - [2021-05-16 20:06:14,247] {dag.py:2280} INFO - Setting next_dagrun for example_branch_operator to 2021-05-14 00:00:00+00:00
[2021-05-16 20:06:14,254] {scheduler_job.py:190} INFO - Processing /Users/harry/.local/share/virtualenvs/rugby_data_project_airflow-d2RAFQI6/lib/python3.8/site-packages/airflow/example_dags/example_branch_operator.py took 0.052 seconds
[2021-05-16 20:07:05,865] {scheduler_job.py:182} INFO - Started process (PID=14630) to work on /Users/harry/.local/share/virtualenvs/rugby_data_project_airflow-d2RAFQI6/lib/python3.8/site-packages/airflow/example_dags/example_branch_operator.py
[2021-05-16 20:07:05,867] {scheduler_job.py:629} INFO - Processing file /Users/harry/.local/share/virtualenvs/rugby_data_project_airflow-d2RAFQI6/lib/python3.8/site-packages/airflow/example_dags/example_branch_operator.py for tasks to queue
[2021-05-16 20:07:05,867] {logging_mixin.py:104} INFO - [2021-05-16 20:07:05,867] {dagbag.py:451} INFO - Filling up the DagBag from /Users/harry/.local/share/virtualenvs/rugby_data_project_airflow-d2RAFQI6/lib/python3.8/site-packages/airflow/example_dags/example_branch_operator.py
[2021-05-16 20:07:05,874] {scheduler_job.py:639} INFO - DAG(s) dict_keys(['example_branch_operator']) retrieved from /Users/harry/.local/share/virtualenvs/rugby_data_project_airflow-d2RAFQI6/lib/python3.8/site-packages/airflow/example_dags/example_branch_operator.py
[2021-05-16 20:07:05,903] {logging_mixin.py:104} INFO - [2021-05-16 20:07:05,903] {dag.py:1824} INFO - Sync 1 DAGs
[2021-05-16 20:07:05,915] {logging_mixin.py:104} INFO - [2021-05-16 20:07:05,914] {dag.py:2280} INFO - Setting next_dagrun for example_branch_operator to 2021-05-14 00:00:00+00:00
[2021-05-16 20:07:05,921] {scheduler_job.py:190} INFO - Processing /Users/harry/.local/share/virtualenvs/rugby_data_project_airflow-d2RAFQI6/lib/python3.8/site-packages/airflow/example_dags/example_branch_operator.py took 0.056 seconds
[2021-05-16 20:07:50,090] {scheduler_job.py:182} INFO - Started process (PID=15097) to work on /Users/harry/.local/share/virtualenvs/rugby_data_project_airflow-d2RAFQI6/lib/python3.8/site-packages/airflow/example_dags/example_branch_operator.py
[2021-05-16 20:07:50,091] {scheduler_job.py:629} INFO - Processing file /Users/harry/.local/share/virtualenvs/rugby_data_project_airflow-d2RAFQI6/lib/python3.8/site-packages/airflow/example_dags/example_branch_operator.py for tasks to queue
[2021-05-16 20:07:50,092] {logging_mixin.py:104} INFO - [2021-05-16 20:07:50,092] {dagbag.py:451} INFO - Filling up the DagBag from /Users/harry/.local/share/virtualenvs/rugby_data_project_airflow-d2RAFQI6/lib/python3.8/site-packages/airflow/example_dags/example_branch_operator.py
[2021-05-16 20:07:50,099] {scheduler_job.py:639} INFO - DAG(s) dict_keys(['example_branch_operator']) retrieved from /Users/harry/.local/share/virtualenvs/rugby_data_project_airflow-d2RAFQI6/lib/python3.8/site-packages/airflow/example_dags/example_branch_operator.py
[2021-05-16 20:07:50,126] {logging_mixin.py:104} INFO - [2021-05-16 20:07:50,126] {dag.py:1824} INFO - Sync 1 DAGs
[2021-05-16 20:07:50,136] {logging_mixin.py:104} INFO - [2021-05-16 20:07:50,136] {dag.py:2280} INFO - Setting next_dagrun for example_branch_operator to 2021-05-14 00:00:00+00:00
[2021-05-16 20:07:50,143] {scheduler_job.py:190} INFO - Processing /Users/harry/.local/share/virtualenvs/rugby_data_project_airflow-d2RAFQI6/lib/python3.8/site-packages/airflow/example_dags/example_branch_operator.py took 0.053 seconds
[2021-05-16 20:08:24,798] {scheduler_job.py:182} INFO - Started process (PID=15520) to work on /Users/harry/.local/share/virtualenvs/rugby_data_project_airflow-d2RAFQI6/lib/python3.8/site-packages/airflow/example_dags/example_branch_operator.py
[2021-05-16 20:08:24,799] {scheduler_job.py:629} INFO - Processing file /Users/harry/.local/share/virtualenvs/rugby_data_project_airflow-d2RAFQI6/lib/python3.8/site-packages/airflow/example_dags/example_branch_operator.py for tasks to queue
[2021-05-16 20:08:24,800] {logging_mixin.py:104} INFO - [2021-05-16 20:08:24,800] {dagbag.py:451} INFO - Filling up the DagBag from /Users/harry/.local/share/virtualenvs/rugby_data_project_airflow-d2RAFQI6/lib/python3.8/site-packages/airflow/example_dags/example_branch_operator.py
[2021-05-16 20:08:24,807] {scheduler_job.py:639} INFO - DAG(s) dict_keys(['example_branch_operator']) retrieved from /Users/harry/.local/share/virtualenvs/rugby_data_project_airflow-d2RAFQI6/lib/python3.8/site-packages/airflow/example_dags/example_branch_operator.py
[2021-05-16 20:08:24,832] {logging_mixin.py:104} INFO - [2021-05-16 20:08:24,832] {dag.py:1824} INFO - Sync 1 DAGs
[2021-05-16 20:08:24,841] {logging_mixin.py:104} INFO - [2021-05-16 20:08:24,841] {dag.py:2280} INFO - Setting next_dagrun for example_branch_operator to 2021-05-14 00:00:00+00:00
[2021-05-16 20:08:24,848] {scheduler_job.py:190} INFO - Processing /Users/harry/.local/share/virtualenvs/rugby_data_project_airflow-d2RAFQI6/lib/python3.8/site-packages/airflow/example_dags/example_branch_operator.py took 0.050 seconds
[2021-05-16 20:08:58,844] {scheduler_job.py:182} INFO - Started process (PID=15873) to work on /Users/harry/.local/share/virtualenvs/rugby_data_project_airflow-d2RAFQI6/lib/python3.8/site-packages/airflow/example_dags/example_branch_operator.py
[2021-05-16 20:08:58,844] {scheduler_job.py:629} INFO - Processing file /Users/harry/.local/share/virtualenvs/rugby_data_project_airflow-d2RAFQI6/lib/python3.8/site-packages/airflow/example_dags/example_branch_operator.py for tasks to queue
[2021-05-16 20:08:58,845] {logging_mixin.py:104} INFO - [2021-05-16 20:08:58,845] {dagbag.py:451} INFO - Filling up the DagBag from /Users/harry/.local/share/virtualenvs/rugby_data_project_airflow-d2RAFQI6/lib/python3.8/site-packages/airflow/example_dags/example_branch_operator.py
[2021-05-16 20:08:58,851] {scheduler_job.py:639} INFO - DAG(s) dict_keys(['example_branch_operator']) retrieved from /Users/harry/.local/share/virtualenvs/rugby_data_project_airflow-d2RAFQI6/lib/python3.8/site-packages/airflow/example_dags/example_branch_operator.py
[2021-05-16 20:08:58,872] {logging_mixin.py:104} INFO - [2021-05-16 20:08:58,872] {dag.py:1824} INFO - Sync 1 DAGs
[2021-05-16 20:08:58,881] {logging_mixin.py:104} INFO - [2021-05-16 20:08:58,881] {dag.py:2280} INFO - Setting next_dagrun for example_branch_operator to 2021-05-14 00:00:00+00:00
[2021-05-16 20:08:58,889] {scheduler_job.py:190} INFO - Processing /Users/harry/.local/share/virtualenvs/rugby_data_project_airflow-d2RAFQI6/lib/python3.8/site-packages/airflow/example_dags/example_branch_operator.py took 0.045 seconds
[2021-05-16 20:09:42,305] {scheduler_job.py:182} INFO - Started process (PID=16430) to work on /Users/harry/.local/share/virtualenvs/rugby_data_project_airflow-d2RAFQI6/lib/python3.8/site-packages/airflow/example_dags/example_branch_operator.py
[2021-05-16 20:09:42,306] {scheduler_job.py:629} INFO - Processing file /Users/harry/.local/share/virtualenvs/rugby_data_project_airflow-d2RAFQI6/lib/python3.8/site-packages/airflow/example_dags/example_branch_operator.py for tasks to queue
[2021-05-16 20:09:42,307] {logging_mixin.py:104} INFO - [2021-05-16 20:09:42,307] {dagbag.py:451} INFO - Filling up the DagBag from /Users/harry/.local/share/virtualenvs/rugby_data_project_airflow-d2RAFQI6/lib/python3.8/site-packages/airflow/example_dags/example_branch_operator.py
[2021-05-16 20:09:42,314] {scheduler_job.py:639} INFO - DAG(s) dict_keys(['example_branch_operator']) retrieved from /Users/harry/.local/share/virtualenvs/rugby_data_project_airflow-d2RAFQI6/lib/python3.8/site-packages/airflow/example_dags/example_branch_operator.py
[2021-05-16 20:09:42,337] {logging_mixin.py:104} INFO - [2021-05-16 20:09:42,337] {dag.py:1824} INFO - Sync 1 DAGs
[2021-05-16 20:09:42,346] {logging_mixin.py:104} INFO - [2021-05-16 20:09:42,346] {dag.py:2280} INFO - Setting next_dagrun for example_branch_operator to 2021-05-14 00:00:00+00:00
[2021-05-16 20:09:42,355] {scheduler_job.py:190} INFO - Processing /Users/harry/.local/share/virtualenvs/rugby_data_project_airflow-d2RAFQI6/lib/python3.8/site-packages/airflow/example_dags/example_branch_operator.py took 0.050 seconds
[2021-05-16 20:10:17,817] {scheduler_job.py:182} INFO - Started process (PID=16845) to work on /Users/harry/.local/share/virtualenvs/rugby_data_project_airflow-d2RAFQI6/lib/python3.8/site-packages/airflow/example_dags/example_branch_operator.py
[2021-05-16 20:10:17,818] {scheduler_job.py:629} INFO - Processing file /Users/harry/.local/share/virtualenvs/rugby_data_project_airflow-d2RAFQI6/lib/python3.8/site-packages/airflow/example_dags/example_branch_operator.py for tasks to queue
[2021-05-16 20:10:17,819] {logging_mixin.py:104} INFO - [2021-05-16 20:10:17,819] {dagbag.py:451} INFO - Filling up the DagBag from /Users/harry/.local/share/virtualenvs/rugby_data_project_airflow-d2RAFQI6/lib/python3.8/site-packages/airflow/example_dags/example_branch_operator.py
[2021-05-16 20:10:17,833] {scheduler_job.py:639} INFO - DAG(s) dict_keys(['example_branch_operator']) retrieved from /Users/harry/.local/share/virtualenvs/rugby_data_project_airflow-d2RAFQI6/lib/python3.8/site-packages/airflow/example_dags/example_branch_operator.py
[2021-05-16 20:10:17,861] {logging_mixin.py:104} INFO - [2021-05-16 20:10:17,861] {dag.py:1824} INFO - Sync 1 DAGs
[2021-05-16 20:10:17,871] {logging_mixin.py:104} INFO - [2021-05-16 20:10:17,870] {dag.py:2280} INFO - Setting next_dagrun for example_branch_operator to 2021-05-14 00:00:00+00:00
[2021-05-16 20:10:17,880] {scheduler_job.py:190} INFO - Processing /Users/harry/.local/share/virtualenvs/rugby_data_project_airflow-d2RAFQI6/lib/python3.8/site-packages/airflow/example_dags/example_branch_operator.py took 0.063 seconds
[2021-05-16 20:10:54,006] {scheduler_job.py:182} INFO - Started process (PID=17209) to work on /Users/harry/.local/share/virtualenvs/rugby_data_project_airflow-d2RAFQI6/lib/python3.8/site-packages/airflow/example_dags/example_branch_operator.py
[2021-05-16 20:10:54,006] {scheduler_job.py:629} INFO - Processing file /Users/harry/.local/share/virtualenvs/rugby_data_project_airflow-d2RAFQI6/lib/python3.8/site-packages/airflow/example_dags/example_branch_operator.py for tasks to queue
[2021-05-16 20:10:54,007] {logging_mixin.py:104} INFO - [2021-05-16 20:10:54,007] {dagbag.py:451} INFO - Filling up the DagBag from /Users/harry/.local/share/virtualenvs/rugby_data_project_airflow-d2RAFQI6/lib/python3.8/site-packages/airflow/example_dags/example_branch_operator.py
[2021-05-16 20:10:54,015] {scheduler_job.py:639} INFO - DAG(s) dict_keys(['example_branch_operator']) retrieved from /Users/harry/.local/share/virtualenvs/rugby_data_project_airflow-d2RAFQI6/lib/python3.8/site-packages/airflow/example_dags/example_branch_operator.py
[2021-05-16 20:10:54,038] {logging_mixin.py:104} INFO - [2021-05-16 20:10:54,038] {dag.py:1824} INFO - Sync 1 DAGs
[2021-05-16 20:10:54,048] {logging_mixin.py:104} INFO - [2021-05-16 20:10:54,048] {dag.py:2280} INFO - Setting next_dagrun for example_branch_operator to 2021-05-14 00:00:00+00:00
[2021-05-16 20:10:54,054] {scheduler_job.py:190} INFO - Processing /Users/harry/.local/share/virtualenvs/rugby_data_project_airflow-d2RAFQI6/lib/python3.8/site-packages/airflow/example_dags/example_branch_operator.py took 0.048 seconds
[2021-05-16 20:11:29,857] {scheduler_job.py:182} INFO - Started process (PID=17577) to work on /Users/harry/.local/share/virtualenvs/rugby_data_project_airflow-d2RAFQI6/lib/python3.8/site-packages/airflow/example_dags/example_branch_operator.py
[2021-05-16 20:11:29,858] {scheduler_job.py:629} INFO - Processing file /Users/harry/.local/share/virtualenvs/rugby_data_project_airflow-d2RAFQI6/lib/python3.8/site-packages/airflow/example_dags/example_branch_operator.py for tasks to queue
[2021-05-16 20:11:29,859] {logging_mixin.py:104} INFO - [2021-05-16 20:11:29,859] {dagbag.py:451} INFO - Filling up the DagBag from /Users/harry/.local/share/virtualenvs/rugby_data_project_airflow-d2RAFQI6/lib/python3.8/site-packages/airflow/example_dags/example_branch_operator.py
[2021-05-16 20:11:29,867] {scheduler_job.py:639} INFO - DAG(s) dict_keys(['example_branch_operator']) retrieved from /Users/harry/.local/share/virtualenvs/rugby_data_project_airflow-d2RAFQI6/lib/python3.8/site-packages/airflow/example_dags/example_branch_operator.py
[2021-05-16 20:11:29,893] {logging_mixin.py:104} INFO - [2021-05-16 20:11:29,893] {dag.py:1824} INFO - Sync 1 DAGs
[2021-05-16 20:11:29,904] {logging_mixin.py:104} INFO - [2021-05-16 20:11:29,904] {dag.py:2280} INFO - Setting next_dagrun for example_branch_operator to 2021-05-14 00:00:00+00:00
[2021-05-16 20:11:29,910] {scheduler_job.py:190} INFO - Processing /Users/harry/.local/share/virtualenvs/rugby_data_project_airflow-d2RAFQI6/lib/python3.8/site-packages/airflow/example_dags/example_branch_operator.py took 0.054 seconds
[2021-05-16 20:12:17,172] {scheduler_job.py:182} INFO - Started process (PID=18143) to work on /Users/harry/.local/share/virtualenvs/rugby_data_project_airflow-d2RAFQI6/lib/python3.8/site-packages/airflow/example_dags/example_branch_operator.py
[2021-05-16 20:12:17,173] {scheduler_job.py:629} INFO - Processing file /Users/harry/.local/share/virtualenvs/rugby_data_project_airflow-d2RAFQI6/lib/python3.8/site-packages/airflow/example_dags/example_branch_operator.py for tasks to queue
[2021-05-16 20:12:17,174] {logging_mixin.py:104} INFO - [2021-05-16 20:12:17,174] {dagbag.py:451} INFO - Filling up the DagBag from /Users/harry/.local/share/virtualenvs/rugby_data_project_airflow-d2RAFQI6/lib/python3.8/site-packages/airflow/example_dags/example_branch_operator.py
[2021-05-16 20:12:17,183] {scheduler_job.py:639} INFO - DAG(s) dict_keys(['example_branch_operator']) retrieved from /Users/harry/.local/share/virtualenvs/rugby_data_project_airflow-d2RAFQI6/lib/python3.8/site-packages/airflow/example_dags/example_branch_operator.py
[2021-05-16 20:12:17,208] {logging_mixin.py:104} INFO - [2021-05-16 20:12:17,208] {dag.py:1824} INFO - Sync 1 DAGs
[2021-05-16 20:12:17,217] {logging_mixin.py:104} INFO - [2021-05-16 20:12:17,217] {dag.py:2280} INFO - Setting next_dagrun for example_branch_operator to 2021-05-14 00:00:00+00:00
[2021-05-16 20:12:17,225] {scheduler_job.py:190} INFO - Processing /Users/harry/.local/share/virtualenvs/rugby_data_project_airflow-d2RAFQI6/lib/python3.8/site-packages/airflow/example_dags/example_branch_operator.py took 0.054 seconds
[2021-05-16 20:13:03,312] {scheduler_job.py:182} INFO - Started process (PID=18774) to work on /Users/harry/.local/share/virtualenvs/rugby_data_project_airflow-d2RAFQI6/lib/python3.8/site-packages/airflow/example_dags/example_branch_operator.py
[2021-05-16 20:13:03,313] {scheduler_job.py:629} INFO - Processing file /Users/harry/.local/share/virtualenvs/rugby_data_project_airflow-d2RAFQI6/lib/python3.8/site-packages/airflow/example_dags/example_branch_operator.py for tasks to queue
[2021-05-16 20:13:03,314] {logging_mixin.py:104} INFO - [2021-05-16 20:13:03,314] {dagbag.py:451} INFO - Filling up the DagBag from /Users/harry/.local/share/virtualenvs/rugby_data_project_airflow-d2RAFQI6/lib/python3.8/site-packages/airflow/example_dags/example_branch_operator.py
[2021-05-16 20:13:03,329] {scheduler_job.py:639} INFO - DAG(s) dict_keys(['example_branch_operator']) retrieved from /Users/harry/.local/share/virtualenvs/rugby_data_project_airflow-d2RAFQI6/lib/python3.8/site-packages/airflow/example_dags/example_branch_operator.py
[2021-05-16 20:13:03,358] {logging_mixin.py:104} INFO - [2021-05-16 20:13:03,358] {dag.py:1824} INFO - Sync 1 DAGs
[2021-05-16 20:13:03,367] {logging_mixin.py:104} INFO - [2021-05-16 20:13:03,367] {dag.py:2280} INFO - Setting next_dagrun for example_branch_operator to 2021-05-14 00:00:00+00:00
[2021-05-16 20:13:03,374] {scheduler_job.py:190} INFO - Processing /Users/harry/.local/share/virtualenvs/rugby_data_project_airflow-d2RAFQI6/lib/python3.8/site-packages/airflow/example_dags/example_branch_operator.py took 0.063 seconds
[2021-05-16 20:13:38,211] {scheduler_job.py:182} INFO - Started process (PID=19230) to work on /Users/harry/.local/share/virtualenvs/rugby_data_project_airflow-d2RAFQI6/lib/python3.8/site-packages/airflow/example_dags/example_branch_operator.py
[2021-05-16 20:13:38,211] {scheduler_job.py:629} INFO - Processing file /Users/harry/.local/share/virtualenvs/rugby_data_project_airflow-d2RAFQI6/lib/python3.8/site-packages/airflow/example_dags/example_branch_operator.py for tasks to queue
[2021-05-16 20:13:38,211] {logging_mixin.py:104} INFO - [2021-05-16 20:13:38,211] {dagbag.py:451} INFO - Filling up the DagBag from /Users/harry/.local/share/virtualenvs/rugby_data_project_airflow-d2RAFQI6/lib/python3.8/site-packages/airflow/example_dags/example_branch_operator.py
[2021-05-16 20:13:38,218] {scheduler_job.py:639} INFO - DAG(s) dict_keys(['example_branch_operator']) retrieved from /Users/harry/.local/share/virtualenvs/rugby_data_project_airflow-d2RAFQI6/lib/python3.8/site-packages/airflow/example_dags/example_branch_operator.py
[2021-05-16 20:13:38,241] {logging_mixin.py:104} INFO - [2021-05-16 20:13:38,241] {dag.py:1824} INFO - Sync 1 DAGs
[2021-05-16 20:13:38,250] {logging_mixin.py:104} INFO - [2021-05-16 20:13:38,250] {dag.py:2280} INFO - Setting next_dagrun for example_branch_operator to 2021-05-14 00:00:00+00:00
[2021-05-16 20:13:38,256] {scheduler_job.py:190} INFO - Processing /Users/harry/.local/share/virtualenvs/rugby_data_project_airflow-d2RAFQI6/lib/python3.8/site-packages/airflow/example_dags/example_branch_operator.py took 0.046 seconds
[2021-05-16 20:14:13,488] {scheduler_job.py:182} INFO - Started process (PID=19624) to work on /Users/harry/.local/share/virtualenvs/rugby_data_project_airflow-d2RAFQI6/lib/python3.8/site-packages/airflow/example_dags/example_branch_operator.py
[2021-05-16 20:14:13,489] {scheduler_job.py:629} INFO - Processing file /Users/harry/.local/share/virtualenvs/rugby_data_project_airflow-d2RAFQI6/lib/python3.8/site-packages/airflow/example_dags/example_branch_operator.py for tasks to queue
[2021-05-16 20:14:13,489] {logging_mixin.py:104} INFO - [2021-05-16 20:14:13,489] {dagbag.py:451} INFO - Filling up the DagBag from /Users/harry/.local/share/virtualenvs/rugby_data_project_airflow-d2RAFQI6/lib/python3.8/site-packages/airflow/example_dags/example_branch_operator.py
[2021-05-16 20:14:13,497] {scheduler_job.py:639} INFO - DAG(s) dict_keys(['example_branch_operator']) retrieved from /Users/harry/.local/share/virtualenvs/rugby_data_project_airflow-d2RAFQI6/lib/python3.8/site-packages/airflow/example_dags/example_branch_operator.py
[2021-05-16 20:14:13,521] {logging_mixin.py:104} INFO - [2021-05-16 20:14:13,521] {dag.py:1824} INFO - Sync 1 DAGs
[2021-05-16 20:14:13,531] {logging_mixin.py:104} INFO - [2021-05-16 20:14:13,531] {dag.py:2280} INFO - Setting next_dagrun for example_branch_operator to 2021-05-14 00:00:00+00:00
[2021-05-16 20:14:13,537] {scheduler_job.py:190} INFO - Processing /Users/harry/.local/share/virtualenvs/rugby_data_project_airflow-d2RAFQI6/lib/python3.8/site-packages/airflow/example_dags/example_branch_operator.py took 0.050 seconds
[2021-05-16 20:14:55,445] {scheduler_job.py:182} INFO - Started process (PID=20098) to work on /Users/harry/.local/share/virtualenvs/rugby_data_project_airflow-d2RAFQI6/lib/python3.8/site-packages/airflow/example_dags/example_branch_operator.py
[2021-05-16 20:14:55,446] {scheduler_job.py:629} INFO - Processing file /Users/harry/.local/share/virtualenvs/rugby_data_project_airflow-d2RAFQI6/lib/python3.8/site-packages/airflow/example_dags/example_branch_operator.py for tasks to queue
[2021-05-16 20:14:55,447] {logging_mixin.py:104} INFO - [2021-05-16 20:14:55,447] {dagbag.py:451} INFO - Filling up the DagBag from /Users/harry/.local/share/virtualenvs/rugby_data_project_airflow-d2RAFQI6/lib/python3.8/site-packages/airflow/example_dags/example_branch_operator.py
[2021-05-16 20:14:55,455] {scheduler_job.py:639} INFO - DAG(s) dict_keys(['example_branch_operator']) retrieved from /Users/harry/.local/share/virtualenvs/rugby_data_project_airflow-d2RAFQI6/lib/python3.8/site-packages/airflow/example_dags/example_branch_operator.py
[2021-05-16 20:14:55,480] {logging_mixin.py:104} INFO - [2021-05-16 20:14:55,480] {dag.py:1824} INFO - Sync 1 DAGs
[2021-05-16 20:14:55,490] {logging_mixin.py:104} INFO - [2021-05-16 20:14:55,490] {dag.py:2280} INFO - Setting next_dagrun for example_branch_operator to 2021-05-14 00:00:00+00:00
[2021-05-16 20:14:55,497] {scheduler_job.py:190} INFO - Processing /Users/harry/.local/share/virtualenvs/rugby_data_project_airflow-d2RAFQI6/lib/python3.8/site-packages/airflow/example_dags/example_branch_operator.py took 0.052 seconds
[2021-05-16 20:15:28,633] {scheduler_job.py:182} INFO - Started process (PID=21289) to work on /Users/harry/.local/share/virtualenvs/rugby_data_project_airflow-d2RAFQI6/lib/python3.8/site-packages/airflow/example_dags/example_branch_operator.py
[2021-05-16 20:15:28,634] {scheduler_job.py:629} INFO - Processing file /Users/harry/.local/share/virtualenvs/rugby_data_project_airflow-d2RAFQI6/lib/python3.8/site-packages/airflow/example_dags/example_branch_operator.py for tasks to queue
[2021-05-16 20:15:28,634] {logging_mixin.py:104} INFO - [2021-05-16 20:15:28,634] {dagbag.py:451} INFO - Filling up the DagBag from /Users/harry/.local/share/virtualenvs/rugby_data_project_airflow-d2RAFQI6/lib/python3.8/site-packages/airflow/example_dags/example_branch_operator.py
[2021-05-16 20:15:28,648] {scheduler_job.py:639} INFO - DAG(s) dict_keys(['example_branch_operator']) retrieved from /Users/harry/.local/share/virtualenvs/rugby_data_project_airflow-d2RAFQI6/lib/python3.8/site-packages/airflow/example_dags/example_branch_operator.py
[2021-05-16 20:15:28,677] {logging_mixin.py:104} INFO - [2021-05-16 20:15:28,677] {dag.py:1824} INFO - Sync 1 DAGs
[2021-05-16 20:15:28,688] {logging_mixin.py:104} INFO - [2021-05-16 20:15:28,688] {dag.py:2280} INFO - Setting next_dagrun for example_branch_operator to 2021-05-14 00:00:00+00:00
[2021-05-16 20:15:28,694] {scheduler_job.py:190} INFO - Processing /Users/harry/.local/share/virtualenvs/rugby_data_project_airflow-d2RAFQI6/lib/python3.8/site-packages/airflow/example_dags/example_branch_operator.py took 0.061 seconds
[2021-05-16 20:16:39,198] {scheduler_job.py:182} INFO - Started process (PID=22062) to work on /Users/harry/.local/share/virtualenvs/rugby_data_project_airflow-d2RAFQI6/lib/python3.8/site-packages/airflow/example_dags/example_branch_operator.py
[2021-05-16 20:16:39,199] {scheduler_job.py:629} INFO - Processing file /Users/harry/.local/share/virtualenvs/rugby_data_project_airflow-d2RAFQI6/lib/python3.8/site-packages/airflow/example_dags/example_branch_operator.py for tasks to queue
[2021-05-16 20:16:39,200] {logging_mixin.py:104} INFO - [2021-05-16 20:16:39,200] {dagbag.py:451} INFO - Filling up the DagBag from /Users/harry/.local/share/virtualenvs/rugby_data_project_airflow-d2RAFQI6/lib/python3.8/site-packages/airflow/example_dags/example_branch_operator.py
[2021-05-16 20:16:39,206] {scheduler_job.py:639} INFO - DAG(s) dict_keys(['example_branch_operator']) retrieved from /Users/harry/.local/share/virtualenvs/rugby_data_project_airflow-d2RAFQI6/lib/python3.8/site-packages/airflow/example_dags/example_branch_operator.py
[2021-05-16 20:16:39,230] {logging_mixin.py:104} INFO - [2021-05-16 20:16:39,230] {dag.py:1824} INFO - Sync 1 DAGs
[2021-05-16 20:16:39,241] {logging_mixin.py:104} INFO - [2021-05-16 20:16:39,241] {dag.py:2280} INFO - Setting next_dagrun for example_branch_operator to 2021-05-14 00:00:00+00:00
[2021-05-16 20:16:39,247] {scheduler_job.py:190} INFO - Processing /Users/harry/.local/share/virtualenvs/rugby_data_project_airflow-d2RAFQI6/lib/python3.8/site-packages/airflow/example_dags/example_branch_operator.py took 0.049 seconds
