[2021-05-16 09:03:19,153] {scheduler_job.py:182} INFO - Started process (PID=43910) to work on /Users/harry/.local/share/virtualenvs/rugby_data_project_airflow-d2RAFQI6/lib/python3.8/site-packages/airflow/example_dags/example_complex.py
[2021-05-16 09:03:19,153] {scheduler_job.py:629} INFO - Processing file /Users/harry/.local/share/virtualenvs/rugby_data_project_airflow-d2RAFQI6/lib/python3.8/site-packages/airflow/example_dags/example_complex.py for tasks to queue
[2021-05-16 09:03:19,154] {logging_mixin.py:104} INFO - [2021-05-16 09:03:19,154] {dagbag.py:451} INFO - Filling up the DagBag from /Users/harry/.local/share/virtualenvs/rugby_data_project_airflow-d2RAFQI6/lib/python3.8/site-packages/airflow/example_dags/example_complex.py
[2021-05-16 09:03:19,164] {scheduler_job.py:639} INFO - DAG(s) dict_keys(['example_complex']) retrieved from /Users/harry/.local/share/virtualenvs/rugby_data_project_airflow-d2RAFQI6/lib/python3.8/site-packages/airflow/example_dags/example_complex.py
[2021-05-16 09:03:19,201] {logging_mixin.py:104} INFO - [2021-05-16 09:03:19,201] {dag.py:1824} INFO - Sync 1 DAGs
[2021-05-16 09:03:19,209] {logging_mixin.py:104} INFO - [2021-05-16 09:03:19,209] {dag.py:2280} INFO - Setting next_dagrun for example_complex to None
[2021-05-16 09:03:19,219] {scheduler_job.py:190} INFO - Processing /Users/harry/.local/share/virtualenvs/rugby_data_project_airflow-d2RAFQI6/lib/python3.8/site-packages/airflow/example_dags/example_complex.py took 0.067 seconds
[2021-05-16 09:07:39,551] {scheduler_job.py:182} INFO - Started process (PID=45703) to work on /Users/harry/.local/share/virtualenvs/rugby_data_project_airflow-d2RAFQI6/lib/python3.8/site-packages/airflow/example_dags/example_complex.py
[2021-05-16 09:07:39,552] {scheduler_job.py:629} INFO - Processing file /Users/harry/.local/share/virtualenvs/rugby_data_project_airflow-d2RAFQI6/lib/python3.8/site-packages/airflow/example_dags/example_complex.py for tasks to queue
[2021-05-16 09:07:39,552] {logging_mixin.py:104} INFO - [2021-05-16 09:07:39,552] {dagbag.py:451} INFO - Filling up the DagBag from /Users/harry/.local/share/virtualenvs/rugby_data_project_airflow-d2RAFQI6/lib/python3.8/site-packages/airflow/example_dags/example_complex.py
[2021-05-16 09:07:39,563] {scheduler_job.py:639} INFO - DAG(s) dict_keys(['example_complex']) retrieved from /Users/harry/.local/share/virtualenvs/rugby_data_project_airflow-d2RAFQI6/lib/python3.8/site-packages/airflow/example_dags/example_complex.py
[2021-05-16 09:07:39,597] {logging_mixin.py:104} INFO - [2021-05-16 09:07:39,597] {dag.py:1824} INFO - Sync 1 DAGs
[2021-05-16 09:07:39,603] {logging_mixin.py:104} INFO - [2021-05-16 09:07:39,603] {dag.py:2280} INFO - Setting next_dagrun for example_complex to None
[2021-05-16 09:07:39,611] {scheduler_job.py:190} INFO - Processing /Users/harry/.local/share/virtualenvs/rugby_data_project_airflow-d2RAFQI6/lib/python3.8/site-packages/airflow/example_dags/example_complex.py took 0.061 seconds
[2021-05-16 09:11:44,753] {scheduler_job.py:182} INFO - Started process (PID=47491) to work on /Users/harry/.local/share/virtualenvs/rugby_data_project_airflow-d2RAFQI6/lib/python3.8/site-packages/airflow/example_dags/example_complex.py
[2021-05-16 09:11:44,754] {scheduler_job.py:629} INFO - Processing file /Users/harry/.local/share/virtualenvs/rugby_data_project_airflow-d2RAFQI6/lib/python3.8/site-packages/airflow/example_dags/example_complex.py for tasks to queue
[2021-05-16 09:11:44,754] {logging_mixin.py:104} INFO - [2021-05-16 09:11:44,754] {dagbag.py:451} INFO - Filling up the DagBag from /Users/harry/.local/share/virtualenvs/rugby_data_project_airflow-d2RAFQI6/lib/python3.8/site-packages/airflow/example_dags/example_complex.py
[2021-05-16 09:11:44,766] {scheduler_job.py:639} INFO - DAG(s) dict_keys(['example_complex']) retrieved from /Users/harry/.local/share/virtualenvs/rugby_data_project_airflow-d2RAFQI6/lib/python3.8/site-packages/airflow/example_dags/example_complex.py
[2021-05-16 09:11:44,801] {logging_mixin.py:104} INFO - [2021-05-16 09:11:44,801] {dag.py:1824} INFO - Sync 1 DAGs
[2021-05-16 09:11:44,808] {logging_mixin.py:104} INFO - [2021-05-16 09:11:44,808] {dag.py:2280} INFO - Setting next_dagrun for example_complex to None
[2021-05-16 09:11:44,816] {scheduler_job.py:190} INFO - Processing /Users/harry/.local/share/virtualenvs/rugby_data_project_airflow-d2RAFQI6/lib/python3.8/site-packages/airflow/example_dags/example_complex.py took 0.064 seconds
[2021-05-16 09:16:24,238] {scheduler_job.py:182} INFO - Started process (PID=49298) to work on /Users/harry/.local/share/virtualenvs/rugby_data_project_airflow-d2RAFQI6/lib/python3.8/site-packages/airflow/example_dags/example_complex.py
[2021-05-16 09:16:24,239] {scheduler_job.py:629} INFO - Processing file /Users/harry/.local/share/virtualenvs/rugby_data_project_airflow-d2RAFQI6/lib/python3.8/site-packages/airflow/example_dags/example_complex.py for tasks to queue
[2021-05-16 09:16:24,240] {logging_mixin.py:104} INFO - [2021-05-16 09:16:24,240] {dagbag.py:451} INFO - Filling up the DagBag from /Users/harry/.local/share/virtualenvs/rugby_data_project_airflow-d2RAFQI6/lib/python3.8/site-packages/airflow/example_dags/example_complex.py
[2021-05-16 09:16:24,255] {scheduler_job.py:639} INFO - DAG(s) dict_keys(['example_complex']) retrieved from /Users/harry/.local/share/virtualenvs/rugby_data_project_airflow-d2RAFQI6/lib/python3.8/site-packages/airflow/example_dags/example_complex.py
[2021-05-16 09:16:24,304] {logging_mixin.py:104} INFO - [2021-05-16 09:16:24,303] {dag.py:1824} INFO - Sync 1 DAGs
[2021-05-16 09:16:24,313] {logging_mixin.py:104} INFO - [2021-05-16 09:16:24,313] {dag.py:2280} INFO - Setting next_dagrun for example_complex to None
[2021-05-16 09:16:24,324] {scheduler_job.py:190} INFO - Processing /Users/harry/.local/share/virtualenvs/rugby_data_project_airflow-d2RAFQI6/lib/python3.8/site-packages/airflow/example_dags/example_complex.py took 0.086 seconds
[2021-05-16 09:21:14,230] {scheduler_job.py:182} INFO - Started process (PID=51180) to work on /Users/harry/.local/share/virtualenvs/rugby_data_project_airflow-d2RAFQI6/lib/python3.8/site-packages/airflow/example_dags/example_complex.py
[2021-05-16 09:21:14,232] {scheduler_job.py:629} INFO - Processing file /Users/harry/.local/share/virtualenvs/rugby_data_project_airflow-d2RAFQI6/lib/python3.8/site-packages/airflow/example_dags/example_complex.py for tasks to queue
[2021-05-16 09:21:14,232] {logging_mixin.py:104} INFO - [2021-05-16 09:21:14,232] {dagbag.py:451} INFO - Filling up the DagBag from /Users/harry/.local/share/virtualenvs/rugby_data_project_airflow-d2RAFQI6/lib/python3.8/site-packages/airflow/example_dags/example_complex.py
[2021-05-16 09:21:14,246] {scheduler_job.py:639} INFO - DAG(s) dict_keys(['example_complex']) retrieved from /Users/harry/.local/share/virtualenvs/rugby_data_project_airflow-d2RAFQI6/lib/python3.8/site-packages/airflow/example_dags/example_complex.py
[2021-05-16 09:21:14,288] {logging_mixin.py:104} INFO - [2021-05-16 09:21:14,288] {dag.py:1824} INFO - Sync 1 DAGs
[2021-05-16 09:21:14,297] {logging_mixin.py:104} INFO - [2021-05-16 09:21:14,296] {dag.py:2280} INFO - Setting next_dagrun for example_complex to None
[2021-05-16 09:21:14,306] {scheduler_job.py:190} INFO - Processing /Users/harry/.local/share/virtualenvs/rugby_data_project_airflow-d2RAFQI6/lib/python3.8/site-packages/airflow/example_dags/example_complex.py took 0.076 seconds
[2021-05-16 09:25:59,920] {scheduler_job.py:182} INFO - Started process (PID=52970) to work on /Users/harry/.local/share/virtualenvs/rugby_data_project_airflow-d2RAFQI6/lib/python3.8/site-packages/airflow/example_dags/example_complex.py
[2021-05-16 09:25:59,921] {scheduler_job.py:629} INFO - Processing file /Users/harry/.local/share/virtualenvs/rugby_data_project_airflow-d2RAFQI6/lib/python3.8/site-packages/airflow/example_dags/example_complex.py for tasks to queue
[2021-05-16 09:25:59,922] {logging_mixin.py:104} INFO - [2021-05-16 09:25:59,922] {dagbag.py:451} INFO - Filling up the DagBag from /Users/harry/.local/share/virtualenvs/rugby_data_project_airflow-d2RAFQI6/lib/python3.8/site-packages/airflow/example_dags/example_complex.py
[2021-05-16 09:25:59,935] {scheduler_job.py:639} INFO - DAG(s) dict_keys(['example_complex']) retrieved from /Users/harry/.local/share/virtualenvs/rugby_data_project_airflow-d2RAFQI6/lib/python3.8/site-packages/airflow/example_dags/example_complex.py
[2021-05-16 09:25:59,979] {logging_mixin.py:104} INFO - [2021-05-16 09:25:59,978] {dag.py:1824} INFO - Sync 1 DAGs
[2021-05-16 09:25:59,987] {logging_mixin.py:104} INFO - [2021-05-16 09:25:59,987] {dag.py:2280} INFO - Setting next_dagrun for example_complex to None
[2021-05-16 09:25:59,996] {scheduler_job.py:190} INFO - Processing /Users/harry/.local/share/virtualenvs/rugby_data_project_airflow-d2RAFQI6/lib/python3.8/site-packages/airflow/example_dags/example_complex.py took 0.077 seconds
[2021-05-16 09:30:51,480] {scheduler_job.py:182} INFO - Started process (PID=54780) to work on /Users/harry/.local/share/virtualenvs/rugby_data_project_airflow-d2RAFQI6/lib/python3.8/site-packages/airflow/example_dags/example_complex.py
[2021-05-16 09:30:51,481] {scheduler_job.py:629} INFO - Processing file /Users/harry/.local/share/virtualenvs/rugby_data_project_airflow-d2RAFQI6/lib/python3.8/site-packages/airflow/example_dags/example_complex.py for tasks to queue
[2021-05-16 09:30:51,482] {logging_mixin.py:104} INFO - [2021-05-16 09:30:51,482] {dagbag.py:451} INFO - Filling up the DagBag from /Users/harry/.local/share/virtualenvs/rugby_data_project_airflow-d2RAFQI6/lib/python3.8/site-packages/airflow/example_dags/example_complex.py
[2021-05-16 09:30:51,495] {scheduler_job.py:639} INFO - DAG(s) dict_keys(['example_complex']) retrieved from /Users/harry/.local/share/virtualenvs/rugby_data_project_airflow-d2RAFQI6/lib/python3.8/site-packages/airflow/example_dags/example_complex.py
[2021-05-16 09:30:51,538] {logging_mixin.py:104} INFO - [2021-05-16 09:30:51,538] {dag.py:1824} INFO - Sync 1 DAGs
[2021-05-16 09:30:51,546] {logging_mixin.py:104} INFO - [2021-05-16 09:30:51,546] {dag.py:2280} INFO - Setting next_dagrun for example_complex to None
[2021-05-16 09:30:51,556] {scheduler_job.py:190} INFO - Processing /Users/harry/.local/share/virtualenvs/rugby_data_project_airflow-d2RAFQI6/lib/python3.8/site-packages/airflow/example_dags/example_complex.py took 0.077 seconds
[2021-05-16 09:35:43,037] {scheduler_job.py:182} INFO - Started process (PID=56529) to work on /Users/harry/.local/share/virtualenvs/rugby_data_project_airflow-d2RAFQI6/lib/python3.8/site-packages/airflow/example_dags/example_complex.py
[2021-05-16 09:35:43,038] {scheduler_job.py:629} INFO - Processing file /Users/harry/.local/share/virtualenvs/rugby_data_project_airflow-d2RAFQI6/lib/python3.8/site-packages/airflow/example_dags/example_complex.py for tasks to queue
[2021-05-16 09:35:43,039] {logging_mixin.py:104} INFO - [2021-05-16 09:35:43,039] {dagbag.py:451} INFO - Filling up the DagBag from /Users/harry/.local/share/virtualenvs/rugby_data_project_airflow-d2RAFQI6/lib/python3.8/site-packages/airflow/example_dags/example_complex.py
[2021-05-16 09:35:43,053] {scheduler_job.py:639} INFO - DAG(s) dict_keys(['example_complex']) retrieved from /Users/harry/.local/share/virtualenvs/rugby_data_project_airflow-d2RAFQI6/lib/python3.8/site-packages/airflow/example_dags/example_complex.py
[2021-05-16 09:35:43,098] {logging_mixin.py:104} INFO - [2021-05-16 09:35:43,098] {dag.py:1824} INFO - Sync 1 DAGs
[2021-05-16 09:35:43,107] {logging_mixin.py:104} INFO - [2021-05-16 09:35:43,107] {dag.py:2280} INFO - Setting next_dagrun for example_complex to None
[2021-05-16 09:35:43,117] {scheduler_job.py:190} INFO - Processing /Users/harry/.local/share/virtualenvs/rugby_data_project_airflow-d2RAFQI6/lib/python3.8/site-packages/airflow/example_dags/example_complex.py took 0.080 seconds
[2021-05-16 09:40:34,663] {scheduler_job.py:182} INFO - Started process (PID=58314) to work on /Users/harry/.local/share/virtualenvs/rugby_data_project_airflow-d2RAFQI6/lib/python3.8/site-packages/airflow/example_dags/example_complex.py
[2021-05-16 09:40:34,664] {scheduler_job.py:629} INFO - Processing file /Users/harry/.local/share/virtualenvs/rugby_data_project_airflow-d2RAFQI6/lib/python3.8/site-packages/airflow/example_dags/example_complex.py for tasks to queue
[2021-05-16 09:40:34,665] {logging_mixin.py:104} INFO - [2021-05-16 09:40:34,665] {dagbag.py:451} INFO - Filling up the DagBag from /Users/harry/.local/share/virtualenvs/rugby_data_project_airflow-d2RAFQI6/lib/python3.8/site-packages/airflow/example_dags/example_complex.py
[2021-05-16 09:40:34,678] {scheduler_job.py:639} INFO - DAG(s) dict_keys(['example_complex']) retrieved from /Users/harry/.local/share/virtualenvs/rugby_data_project_airflow-d2RAFQI6/lib/python3.8/site-packages/airflow/example_dags/example_complex.py
[2021-05-16 09:40:34,721] {logging_mixin.py:104} INFO - [2021-05-16 09:40:34,721] {dag.py:1824} INFO - Sync 1 DAGs
[2021-05-16 09:40:34,730] {logging_mixin.py:104} INFO - [2021-05-16 09:40:34,730] {dag.py:2280} INFO - Setting next_dagrun for example_complex to None
[2021-05-16 09:40:34,739] {scheduler_job.py:190} INFO - Processing /Users/harry/.local/share/virtualenvs/rugby_data_project_airflow-d2RAFQI6/lib/python3.8/site-packages/airflow/example_dags/example_complex.py took 0.077 seconds
[2021-05-16 13:21:38,930] {scheduler_job.py:182} INFO - Started process (PID=4718) to work on /Users/harry/.local/share/virtualenvs/rugby_data_project_airflow-d2RAFQI6/lib/python3.8/site-packages/airflow/example_dags/example_complex.py
[2021-05-16 13:21:38,931] {scheduler_job.py:629} INFO - Processing file /Users/harry/.local/share/virtualenvs/rugby_data_project_airflow-d2RAFQI6/lib/python3.8/site-packages/airflow/example_dags/example_complex.py for tasks to queue
[2021-05-16 13:21:38,932] {logging_mixin.py:104} INFO - [2021-05-16 13:21:38,932] {dagbag.py:451} INFO - Filling up the DagBag from /Users/harry/.local/share/virtualenvs/rugby_data_project_airflow-d2RAFQI6/lib/python3.8/site-packages/airflow/example_dags/example_complex.py
[2021-05-16 13:21:38,941] {scheduler_job.py:639} INFO - DAG(s) dict_keys(['example_complex']) retrieved from /Users/harry/.local/share/virtualenvs/rugby_data_project_airflow-d2RAFQI6/lib/python3.8/site-packages/airflow/example_dags/example_complex.py
[2021-05-16 13:21:38,976] {logging_mixin.py:104} INFO - [2021-05-16 13:21:38,976] {dag.py:1824} INFO - Sync 1 DAGs
[2021-05-16 13:21:38,983] {logging_mixin.py:104} INFO - [2021-05-16 13:21:38,982] {dag.py:2280} INFO - Setting next_dagrun for example_complex to None
[2021-05-16 13:21:38,990] {scheduler_job.py:190} INFO - Processing /Users/harry/.local/share/virtualenvs/rugby_data_project_airflow-d2RAFQI6/lib/python3.8/site-packages/airflow/example_dags/example_complex.py took 0.061 seconds
[2021-05-16 13:22:37,989] {scheduler_job.py:182} INFO - Started process (PID=5510) to work on /Users/harry/.local/share/virtualenvs/rugby_data_project_airflow-d2RAFQI6/lib/python3.8/site-packages/airflow/example_dags/example_complex.py
[2021-05-16 13:22:37,990] {scheduler_job.py:629} INFO - Processing file /Users/harry/.local/share/virtualenvs/rugby_data_project_airflow-d2RAFQI6/lib/python3.8/site-packages/airflow/example_dags/example_complex.py for tasks to queue
[2021-05-16 13:22:37,990] {logging_mixin.py:104} INFO - [2021-05-16 13:22:37,990] {dagbag.py:451} INFO - Filling up the DagBag from /Users/harry/.local/share/virtualenvs/rugby_data_project_airflow-d2RAFQI6/lib/python3.8/site-packages/airflow/example_dags/example_complex.py
[2021-05-16 13:22:38,000] {scheduler_job.py:639} INFO - DAG(s) dict_keys(['example_complex']) retrieved from /Users/harry/.local/share/virtualenvs/rugby_data_project_airflow-d2RAFQI6/lib/python3.8/site-packages/airflow/example_dags/example_complex.py
[2021-05-16 13:22:38,027] {logging_mixin.py:104} INFO - [2021-05-16 13:22:38,027] {dag.py:1824} INFO - Sync 1 DAGs
[2021-05-16 13:22:38,033] {logging_mixin.py:104} INFO - [2021-05-16 13:22:38,033] {dag.py:2280} INFO - Setting next_dagrun for example_complex to None
[2021-05-16 13:22:38,039] {scheduler_job.py:190} INFO - Processing /Users/harry/.local/share/virtualenvs/rugby_data_project_airflow-d2RAFQI6/lib/python3.8/site-packages/airflow/example_dags/example_complex.py took 0.050 seconds
[2021-05-16 13:23:29,127] {scheduler_job.py:182} INFO - Started process (PID=6225) to work on /Users/harry/.local/share/virtualenvs/rugby_data_project_airflow-d2RAFQI6/lib/python3.8/site-packages/airflow/example_dags/example_complex.py
[2021-05-16 13:23:29,129] {scheduler_job.py:629} INFO - Processing file /Users/harry/.local/share/virtualenvs/rugby_data_project_airflow-d2RAFQI6/lib/python3.8/site-packages/airflow/example_dags/example_complex.py for tasks to queue
[2021-05-16 13:23:29,130] {logging_mixin.py:104} INFO - [2021-05-16 13:23:29,130] {dagbag.py:451} INFO - Filling up the DagBag from /Users/harry/.local/share/virtualenvs/rugby_data_project_airflow-d2RAFQI6/lib/python3.8/site-packages/airflow/example_dags/example_complex.py
[2021-05-16 13:23:29,141] {scheduler_job.py:639} INFO - DAG(s) dict_keys(['example_complex']) retrieved from /Users/harry/.local/share/virtualenvs/rugby_data_project_airflow-d2RAFQI6/lib/python3.8/site-packages/airflow/example_dags/example_complex.py
[2021-05-16 13:23:29,167] {logging_mixin.py:104} INFO - [2021-05-16 13:23:29,167] {dag.py:1824} INFO - Sync 1 DAGs
[2021-05-16 13:23:29,173] {logging_mixin.py:104} INFO - [2021-05-16 13:23:29,172] {dag.py:2280} INFO - Setting next_dagrun for example_complex to None
[2021-05-16 13:23:29,178] {scheduler_job.py:190} INFO - Processing /Users/harry/.local/share/virtualenvs/rugby_data_project_airflow-d2RAFQI6/lib/python3.8/site-packages/airflow/example_dags/example_complex.py took 0.051 seconds
[2021-05-16 13:24:22,485] {scheduler_job.py:182} INFO - Started process (PID=6935) to work on /Users/harry/.local/share/virtualenvs/rugby_data_project_airflow-d2RAFQI6/lib/python3.8/site-packages/airflow/example_dags/example_complex.py
[2021-05-16 13:24:22,486] {scheduler_job.py:629} INFO - Processing file /Users/harry/.local/share/virtualenvs/rugby_data_project_airflow-d2RAFQI6/lib/python3.8/site-packages/airflow/example_dags/example_complex.py for tasks to queue
[2021-05-16 13:24:22,486] {logging_mixin.py:104} INFO - [2021-05-16 13:24:22,486] {dagbag.py:451} INFO - Filling up the DagBag from /Users/harry/.local/share/virtualenvs/rugby_data_project_airflow-d2RAFQI6/lib/python3.8/site-packages/airflow/example_dags/example_complex.py
[2021-05-16 13:24:22,498] {scheduler_job.py:639} INFO - DAG(s) dict_keys(['example_complex']) retrieved from /Users/harry/.local/share/virtualenvs/rugby_data_project_airflow-d2RAFQI6/lib/python3.8/site-packages/airflow/example_dags/example_complex.py
[2021-05-16 13:24:22,527] {logging_mixin.py:104} INFO - [2021-05-16 13:24:22,527] {dag.py:1824} INFO - Sync 1 DAGs
[2021-05-16 13:24:22,533] {logging_mixin.py:104} INFO - [2021-05-16 13:24:22,533] {dag.py:2280} INFO - Setting next_dagrun for example_complex to None
[2021-05-16 13:24:22,539] {scheduler_job.py:190} INFO - Processing /Users/harry/.local/share/virtualenvs/rugby_data_project_airflow-d2RAFQI6/lib/python3.8/site-packages/airflow/example_dags/example_complex.py took 0.055 seconds
[2021-05-16 20:06:21,458] {scheduler_job.py:182} INFO - Started process (PID=14186) to work on /Users/harry/.local/share/virtualenvs/rugby_data_project_airflow-d2RAFQI6/lib/python3.8/site-packages/airflow/example_dags/example_complex.py
[2021-05-16 20:06:21,459] {scheduler_job.py:629} INFO - Processing file /Users/harry/.local/share/virtualenvs/rugby_data_project_airflow-d2RAFQI6/lib/python3.8/site-packages/airflow/example_dags/example_complex.py for tasks to queue
[2021-05-16 20:06:21,460] {logging_mixin.py:104} INFO - [2021-05-16 20:06:21,460] {dagbag.py:451} INFO - Filling up the DagBag from /Users/harry/.local/share/virtualenvs/rugby_data_project_airflow-d2RAFQI6/lib/python3.8/site-packages/airflow/example_dags/example_complex.py
[2021-05-16 20:06:21,468] {scheduler_job.py:639} INFO - DAG(s) dict_keys(['example_complex']) retrieved from /Users/harry/.local/share/virtualenvs/rugby_data_project_airflow-d2RAFQI6/lib/python3.8/site-packages/airflow/example_dags/example_complex.py
[2021-05-16 20:06:21,497] {logging_mixin.py:104} INFO - [2021-05-16 20:06:21,496] {dag.py:1824} INFO - Sync 1 DAGs
[2021-05-16 20:06:21,503] {logging_mixin.py:104} INFO - [2021-05-16 20:06:21,503] {dag.py:2280} INFO - Setting next_dagrun for example_complex to None
[2021-05-16 20:06:21,510] {scheduler_job.py:190} INFO - Processing /Users/harry/.local/share/virtualenvs/rugby_data_project_airflow-d2RAFQI6/lib/python3.8/site-packages/airflow/example_dags/example_complex.py took 0.052 seconds
[2021-05-16 20:07:09,539] {scheduler_job.py:182} INFO - Started process (PID=14680) to work on /Users/harry/.local/share/virtualenvs/rugby_data_project_airflow-d2RAFQI6/lib/python3.8/site-packages/airflow/example_dags/example_complex.py
[2021-05-16 20:07:09,540] {scheduler_job.py:629} INFO - Processing file /Users/harry/.local/share/virtualenvs/rugby_data_project_airflow-d2RAFQI6/lib/python3.8/site-packages/airflow/example_dags/example_complex.py for tasks to queue
[2021-05-16 20:07:09,540] {logging_mixin.py:104} INFO - [2021-05-16 20:07:09,540] {dagbag.py:451} INFO - Filling up the DagBag from /Users/harry/.local/share/virtualenvs/rugby_data_project_airflow-d2RAFQI6/lib/python3.8/site-packages/airflow/example_dags/example_complex.py
[2021-05-16 20:07:09,551] {scheduler_job.py:639} INFO - DAG(s) dict_keys(['example_complex']) retrieved from /Users/harry/.local/share/virtualenvs/rugby_data_project_airflow-d2RAFQI6/lib/python3.8/site-packages/airflow/example_dags/example_complex.py
[2021-05-16 20:07:09,579] {logging_mixin.py:104} INFO - [2021-05-16 20:07:09,579] {dag.py:1824} INFO - Sync 1 DAGs
[2021-05-16 20:07:09,585] {logging_mixin.py:104} INFO - [2021-05-16 20:07:09,585] {dag.py:2280} INFO - Setting next_dagrun for example_complex to None
[2021-05-16 20:07:09,590] {scheduler_job.py:190} INFO - Processing /Users/harry/.local/share/virtualenvs/rugby_data_project_airflow-d2RAFQI6/lib/python3.8/site-packages/airflow/example_dags/example_complex.py took 0.052 seconds
[2021-05-16 20:08:00,879] {scheduler_job.py:182} INFO - Started process (PID=15223) to work on /Users/harry/.local/share/virtualenvs/rugby_data_project_airflow-d2RAFQI6/lib/python3.8/site-packages/airflow/example_dags/example_complex.py
[2021-05-16 20:08:00,880] {scheduler_job.py:629} INFO - Processing file /Users/harry/.local/share/virtualenvs/rugby_data_project_airflow-d2RAFQI6/lib/python3.8/site-packages/airflow/example_dags/example_complex.py for tasks to queue
[2021-05-16 20:08:00,880] {logging_mixin.py:104} INFO - [2021-05-16 20:08:00,880] {dagbag.py:451} INFO - Filling up the DagBag from /Users/harry/.local/share/virtualenvs/rugby_data_project_airflow-d2RAFQI6/lib/python3.8/site-packages/airflow/example_dags/example_complex.py
[2021-05-16 20:08:00,890] {scheduler_job.py:639} INFO - DAG(s) dict_keys(['example_complex']) retrieved from /Users/harry/.local/share/virtualenvs/rugby_data_project_airflow-d2RAFQI6/lib/python3.8/site-packages/airflow/example_dags/example_complex.py
[2021-05-16 20:08:00,916] {logging_mixin.py:104} INFO - [2021-05-16 20:08:00,916] {dag.py:1824} INFO - Sync 1 DAGs
[2021-05-16 20:08:00,921] {logging_mixin.py:104} INFO - [2021-05-16 20:08:00,921] {dag.py:2280} INFO - Setting next_dagrun for example_complex to None
[2021-05-16 20:08:00,927] {scheduler_job.py:190} INFO - Processing /Users/harry/.local/share/virtualenvs/rugby_data_project_airflow-d2RAFQI6/lib/python3.8/site-packages/airflow/example_dags/example_complex.py took 0.049 seconds
[2021-05-16 20:08:51,855] {scheduler_job.py:182} INFO - Started process (PID=15820) to work on /Users/harry/.local/share/virtualenvs/rugby_data_project_airflow-d2RAFQI6/lib/python3.8/site-packages/airflow/example_dags/example_complex.py
[2021-05-16 20:08:51,855] {scheduler_job.py:629} INFO - Processing file /Users/harry/.local/share/virtualenvs/rugby_data_project_airflow-d2RAFQI6/lib/python3.8/site-packages/airflow/example_dags/example_complex.py for tasks to queue
[2021-05-16 20:08:51,855] {logging_mixin.py:104} INFO - [2021-05-16 20:08:51,855] {dagbag.py:451} INFO - Filling up the DagBag from /Users/harry/.local/share/virtualenvs/rugby_data_project_airflow-d2RAFQI6/lib/python3.8/site-packages/airflow/example_dags/example_complex.py
[2021-05-16 20:08:51,865] {scheduler_job.py:639} INFO - DAG(s) dict_keys(['example_complex']) retrieved from /Users/harry/.local/share/virtualenvs/rugby_data_project_airflow-d2RAFQI6/lib/python3.8/site-packages/airflow/example_dags/example_complex.py
[2021-05-16 20:08:51,889] {logging_mixin.py:104} INFO - [2021-05-16 20:08:51,888] {dag.py:1824} INFO - Sync 1 DAGs
[2021-05-16 20:08:51,893] {logging_mixin.py:104} INFO - [2021-05-16 20:08:51,893] {dag.py:2280} INFO - Setting next_dagrun for example_complex to None
[2021-05-16 20:08:51,901] {scheduler_job.py:190} INFO - Processing /Users/harry/.local/share/virtualenvs/rugby_data_project_airflow-d2RAFQI6/lib/python3.8/site-packages/airflow/example_dags/example_complex.py took 0.047 seconds
[2021-05-16 20:09:37,024] {scheduler_job.py:182} INFO - Started process (PID=16358) to work on /Users/harry/.local/share/virtualenvs/rugby_data_project_airflow-d2RAFQI6/lib/python3.8/site-packages/airflow/example_dags/example_complex.py
[2021-05-16 20:09:37,025] {scheduler_job.py:629} INFO - Processing file /Users/harry/.local/share/virtualenvs/rugby_data_project_airflow-d2RAFQI6/lib/python3.8/site-packages/airflow/example_dags/example_complex.py for tasks to queue
[2021-05-16 20:09:37,025] {logging_mixin.py:104} INFO - [2021-05-16 20:09:37,025] {dagbag.py:451} INFO - Filling up the DagBag from /Users/harry/.local/share/virtualenvs/rugby_data_project_airflow-d2RAFQI6/lib/python3.8/site-packages/airflow/example_dags/example_complex.py
[2021-05-16 20:09:37,035] {scheduler_job.py:639} INFO - DAG(s) dict_keys(['example_complex']) retrieved from /Users/harry/.local/share/virtualenvs/rugby_data_project_airflow-d2RAFQI6/lib/python3.8/site-packages/airflow/example_dags/example_complex.py
[2021-05-16 20:09:37,059] {logging_mixin.py:104} INFO - [2021-05-16 20:09:37,059] {dag.py:1824} INFO - Sync 1 DAGs
[2021-05-16 20:09:37,064] {logging_mixin.py:104} INFO - [2021-05-16 20:09:37,064] {dag.py:2280} INFO - Setting next_dagrun for example_complex to None
[2021-05-16 20:09:37,071] {scheduler_job.py:190} INFO - Processing /Users/harry/.local/share/virtualenvs/rugby_data_project_airflow-d2RAFQI6/lib/python3.8/site-packages/airflow/example_dags/example_complex.py took 0.047 seconds
[2021-05-16 20:10:23,083] {scheduler_job.py:182} INFO - Started process (PID=16902) to work on /Users/harry/.local/share/virtualenvs/rugby_data_project_airflow-d2RAFQI6/lib/python3.8/site-packages/airflow/example_dags/example_complex.py
[2021-05-16 20:10:23,084] {scheduler_job.py:629} INFO - Processing file /Users/harry/.local/share/virtualenvs/rugby_data_project_airflow-d2RAFQI6/lib/python3.8/site-packages/airflow/example_dags/example_complex.py for tasks to queue
[2021-05-16 20:10:23,084] {logging_mixin.py:104} INFO - [2021-05-16 20:10:23,084] {dagbag.py:451} INFO - Filling up the DagBag from /Users/harry/.local/share/virtualenvs/rugby_data_project_airflow-d2RAFQI6/lib/python3.8/site-packages/airflow/example_dags/example_complex.py
[2021-05-16 20:10:23,093] {scheduler_job.py:639} INFO - DAG(s) dict_keys(['example_complex']) retrieved from /Users/harry/.local/share/virtualenvs/rugby_data_project_airflow-d2RAFQI6/lib/python3.8/site-packages/airflow/example_dags/example_complex.py
[2021-05-16 20:10:23,119] {logging_mixin.py:104} INFO - [2021-05-16 20:10:23,118] {dag.py:1824} INFO - Sync 1 DAGs
[2021-05-16 20:10:23,124] {logging_mixin.py:104} INFO - [2021-05-16 20:10:23,123] {dag.py:2280} INFO - Setting next_dagrun for example_complex to None
[2021-05-16 20:10:23,129] {scheduler_job.py:190} INFO - Processing /Users/harry/.local/share/virtualenvs/rugby_data_project_airflow-d2RAFQI6/lib/python3.8/site-packages/airflow/example_dags/example_complex.py took 0.046 seconds
[2021-05-16 20:11:20,568] {scheduler_job.py:182} INFO - Started process (PID=17472) to work on /Users/harry/.local/share/virtualenvs/rugby_data_project_airflow-d2RAFQI6/lib/python3.8/site-packages/airflow/example_dags/example_complex.py
[2021-05-16 20:11:20,569] {scheduler_job.py:629} INFO - Processing file /Users/harry/.local/share/virtualenvs/rugby_data_project_airflow-d2RAFQI6/lib/python3.8/site-packages/airflow/example_dags/example_complex.py for tasks to queue
[2021-05-16 20:11:20,570] {logging_mixin.py:104} INFO - [2021-05-16 20:11:20,570] {dagbag.py:451} INFO - Filling up the DagBag from /Users/harry/.local/share/virtualenvs/rugby_data_project_airflow-d2RAFQI6/lib/python3.8/site-packages/airflow/example_dags/example_complex.py
[2021-05-16 20:11:20,579] {scheduler_job.py:639} INFO - DAG(s) dict_keys(['example_complex']) retrieved from /Users/harry/.local/share/virtualenvs/rugby_data_project_airflow-d2RAFQI6/lib/python3.8/site-packages/airflow/example_dags/example_complex.py
[2021-05-16 20:11:20,608] {logging_mixin.py:104} INFO - [2021-05-16 20:11:20,608] {dag.py:1824} INFO - Sync 1 DAGs
[2021-05-16 20:11:20,613] {logging_mixin.py:104} INFO - [2021-05-16 20:11:20,613] {dag.py:2280} INFO - Setting next_dagrun for example_complex to None
[2021-05-16 20:11:20,620] {scheduler_job.py:190} INFO - Processing /Users/harry/.local/share/virtualenvs/rugby_data_project_airflow-d2RAFQI6/lib/python3.8/site-packages/airflow/example_dags/example_complex.py took 0.052 seconds
[2021-05-16 20:12:07,885] {scheduler_job.py:182} INFO - Started process (PID=18011) to work on /Users/harry/.local/share/virtualenvs/rugby_data_project_airflow-d2RAFQI6/lib/python3.8/site-packages/airflow/example_dags/example_complex.py
[2021-05-16 20:12:07,886] {scheduler_job.py:629} INFO - Processing file /Users/harry/.local/share/virtualenvs/rugby_data_project_airflow-d2RAFQI6/lib/python3.8/site-packages/airflow/example_dags/example_complex.py for tasks to queue
[2021-05-16 20:12:07,887] {logging_mixin.py:104} INFO - [2021-05-16 20:12:07,887] {dagbag.py:451} INFO - Filling up the DagBag from /Users/harry/.local/share/virtualenvs/rugby_data_project_airflow-d2RAFQI6/lib/python3.8/site-packages/airflow/example_dags/example_complex.py
[2021-05-16 20:12:07,897] {scheduler_job.py:639} INFO - DAG(s) dict_keys(['example_complex']) retrieved from /Users/harry/.local/share/virtualenvs/rugby_data_project_airflow-d2RAFQI6/lib/python3.8/site-packages/airflow/example_dags/example_complex.py
[2021-05-16 20:12:07,923] {logging_mixin.py:104} INFO - [2021-05-16 20:12:07,923] {dag.py:1824} INFO - Sync 1 DAGs
[2021-05-16 20:12:07,928] {logging_mixin.py:104} INFO - [2021-05-16 20:12:07,928] {dag.py:2280} INFO - Setting next_dagrun for example_complex to None
[2021-05-16 20:12:07,936] {scheduler_job.py:190} INFO - Processing /Users/harry/.local/share/virtualenvs/rugby_data_project_airflow-d2RAFQI6/lib/python3.8/site-packages/airflow/example_dags/example_complex.py took 0.051 seconds
[2021-05-16 20:12:52,787] {scheduler_job.py:182} INFO - Started process (PID=18628) to work on /Users/harry/.local/share/virtualenvs/rugby_data_project_airflow-d2RAFQI6/lib/python3.8/site-packages/airflow/example_dags/example_complex.py
[2021-05-16 20:12:52,789] {scheduler_job.py:629} INFO - Processing file /Users/harry/.local/share/virtualenvs/rugby_data_project_airflow-d2RAFQI6/lib/python3.8/site-packages/airflow/example_dags/example_complex.py for tasks to queue
[2021-05-16 20:12:52,789] {logging_mixin.py:104} INFO - [2021-05-16 20:12:52,789] {dagbag.py:451} INFO - Filling up the DagBag from /Users/harry/.local/share/virtualenvs/rugby_data_project_airflow-d2RAFQI6/lib/python3.8/site-packages/airflow/example_dags/example_complex.py
[2021-05-16 20:12:52,800] {scheduler_job.py:639} INFO - DAG(s) dict_keys(['example_complex']) retrieved from /Users/harry/.local/share/virtualenvs/rugby_data_project_airflow-d2RAFQI6/lib/python3.8/site-packages/airflow/example_dags/example_complex.py
[2021-05-16 20:12:52,826] {logging_mixin.py:104} INFO - [2021-05-16 20:12:52,826] {dag.py:1824} INFO - Sync 1 DAGs
[2021-05-16 20:12:52,831] {logging_mixin.py:104} INFO - [2021-05-16 20:12:52,830] {dag.py:2280} INFO - Setting next_dagrun for example_complex to None
[2021-05-16 20:12:52,836] {scheduler_job.py:190} INFO - Processing /Users/harry/.local/share/virtualenvs/rugby_data_project_airflow-d2RAFQI6/lib/python3.8/site-packages/airflow/example_dags/example_complex.py took 0.050 seconds
[2021-05-16 20:13:43,360] {scheduler_job.py:182} INFO - Started process (PID=19285) to work on /Users/harry/.local/share/virtualenvs/rugby_data_project_airflow-d2RAFQI6/lib/python3.8/site-packages/airflow/example_dags/example_complex.py
[2021-05-16 20:13:43,361] {scheduler_job.py:629} INFO - Processing file /Users/harry/.local/share/virtualenvs/rugby_data_project_airflow-d2RAFQI6/lib/python3.8/site-packages/airflow/example_dags/example_complex.py for tasks to queue
[2021-05-16 20:13:43,361] {logging_mixin.py:104} INFO - [2021-05-16 20:13:43,361] {dagbag.py:451} INFO - Filling up the DagBag from /Users/harry/.local/share/virtualenvs/rugby_data_project_airflow-d2RAFQI6/lib/python3.8/site-packages/airflow/example_dags/example_complex.py
[2021-05-16 20:13:43,370] {scheduler_job.py:639} INFO - DAG(s) dict_keys(['example_complex']) retrieved from /Users/harry/.local/share/virtualenvs/rugby_data_project_airflow-d2RAFQI6/lib/python3.8/site-packages/airflow/example_dags/example_complex.py
[2021-05-16 20:13:43,396] {logging_mixin.py:104} INFO - [2021-05-16 20:13:43,395] {dag.py:1824} INFO - Sync 1 DAGs
[2021-05-16 20:13:43,401] {logging_mixin.py:104} INFO - [2021-05-16 20:13:43,401] {dag.py:2280} INFO - Setting next_dagrun for example_complex to None
[2021-05-16 20:13:43,408] {scheduler_job.py:190} INFO - Processing /Users/harry/.local/share/virtualenvs/rugby_data_project_airflow-d2RAFQI6/lib/python3.8/site-packages/airflow/example_dags/example_complex.py took 0.047 seconds
[2021-05-16 20:14:35,495] {scheduler_job.py:182} INFO - Started process (PID=19870) to work on /Users/harry/.local/share/virtualenvs/rugby_data_project_airflow-d2RAFQI6/lib/python3.8/site-packages/airflow/example_dags/example_complex.py
[2021-05-16 20:14:35,497] {scheduler_job.py:629} INFO - Processing file /Users/harry/.local/share/virtualenvs/rugby_data_project_airflow-d2RAFQI6/lib/python3.8/site-packages/airflow/example_dags/example_complex.py for tasks to queue
[2021-05-16 20:14:35,498] {logging_mixin.py:104} INFO - [2021-05-16 20:14:35,497] {dagbag.py:451} INFO - Filling up the DagBag from /Users/harry/.local/share/virtualenvs/rugby_data_project_airflow-d2RAFQI6/lib/python3.8/site-packages/airflow/example_dags/example_complex.py
[2021-05-16 20:14:35,515] {scheduler_job.py:639} INFO - DAG(s) dict_keys(['example_complex']) retrieved from /Users/harry/.local/share/virtualenvs/rugby_data_project_airflow-d2RAFQI6/lib/python3.8/site-packages/airflow/example_dags/example_complex.py
[2021-05-16 20:14:35,544] {logging_mixin.py:104} INFO - [2021-05-16 20:14:35,544] {dag.py:1824} INFO - Sync 1 DAGs
[2021-05-16 20:14:35,550] {logging_mixin.py:104} INFO - [2021-05-16 20:14:35,549] {dag.py:2280} INFO - Setting next_dagrun for example_complex to None
[2021-05-16 20:14:35,556] {scheduler_job.py:190} INFO - Processing /Users/harry/.local/share/virtualenvs/rugby_data_project_airflow-d2RAFQI6/lib/python3.8/site-packages/airflow/example_dags/example_complex.py took 0.061 seconds
[2021-05-16 20:15:21,632] {scheduler_job.py:182} INFO - Started process (PID=21208) to work on /Users/harry/.local/share/virtualenvs/rugby_data_project_airflow-d2RAFQI6/lib/python3.8/site-packages/airflow/example_dags/example_complex.py
[2021-05-16 20:15:21,633] {scheduler_job.py:629} INFO - Processing file /Users/harry/.local/share/virtualenvs/rugby_data_project_airflow-d2RAFQI6/lib/python3.8/site-packages/airflow/example_dags/example_complex.py for tasks to queue
[2021-05-16 20:15:21,634] {logging_mixin.py:104} INFO - [2021-05-16 20:15:21,634] {dagbag.py:451} INFO - Filling up the DagBag from /Users/harry/.local/share/virtualenvs/rugby_data_project_airflow-d2RAFQI6/lib/python3.8/site-packages/airflow/example_dags/example_complex.py
[2021-05-16 20:15:21,645] {scheduler_job.py:639} INFO - DAG(s) dict_keys(['example_complex']) retrieved from /Users/harry/.local/share/virtualenvs/rugby_data_project_airflow-d2RAFQI6/lib/python3.8/site-packages/airflow/example_dags/example_complex.py
[2021-05-16 20:15:21,670] {logging_mixin.py:104} INFO - [2021-05-16 20:15:21,670] {dag.py:1824} INFO - Sync 1 DAGs
[2021-05-16 20:15:21,675] {logging_mixin.py:104} INFO - [2021-05-16 20:15:21,675] {dag.py:2280} INFO - Setting next_dagrun for example_complex to None
[2021-05-16 20:15:21,682] {scheduler_job.py:190} INFO - Processing /Users/harry/.local/share/virtualenvs/rugby_data_project_airflow-d2RAFQI6/lib/python3.8/site-packages/airflow/example_dags/example_complex.py took 0.050 seconds
[2021-05-16 20:16:47,456] {scheduler_job.py:182} INFO - Started process (PID=22232) to work on /Users/harry/.local/share/virtualenvs/rugby_data_project_airflow-d2RAFQI6/lib/python3.8/site-packages/airflow/example_dags/example_complex.py
[2021-05-16 20:16:47,456] {scheduler_job.py:629} INFO - Processing file /Users/harry/.local/share/virtualenvs/rugby_data_project_airflow-d2RAFQI6/lib/python3.8/site-packages/airflow/example_dags/example_complex.py for tasks to queue
[2021-05-16 20:16:47,457] {logging_mixin.py:104} INFO - [2021-05-16 20:16:47,457] {dagbag.py:451} INFO - Filling up the DagBag from /Users/harry/.local/share/virtualenvs/rugby_data_project_airflow-d2RAFQI6/lib/python3.8/site-packages/airflow/example_dags/example_complex.py
[2021-05-16 20:16:47,467] {scheduler_job.py:639} INFO - DAG(s) dict_keys(['example_complex']) retrieved from /Users/harry/.local/share/virtualenvs/rugby_data_project_airflow-d2RAFQI6/lib/python3.8/site-packages/airflow/example_dags/example_complex.py
[2021-05-16 20:16:47,494] {logging_mixin.py:104} INFO - [2021-05-16 20:16:47,493] {dag.py:1824} INFO - Sync 1 DAGs
[2021-05-16 20:16:47,499] {logging_mixin.py:104} INFO - [2021-05-16 20:16:47,499] {dag.py:2280} INFO - Setting next_dagrun for example_complex to None
[2021-05-16 20:16:47,504] {scheduler_job.py:190} INFO - Processing /Users/harry/.local/share/virtualenvs/rugby_data_project_airflow-d2RAFQI6/lib/python3.8/site-packages/airflow/example_dags/example_complex.py took 0.049 seconds
