[2021-05-16 09:02:19,423] {scheduler_job.py:182} INFO - Started process (PID=43496) to work on /Users/harry/.local/share/virtualenvs/rugby_data_project_airflow-d2RAFQI6/lib/python3.8/site-packages/airflow/example_dags/example_trigger_target_dag.py
[2021-05-16 09:02:19,423] {scheduler_job.py:629} INFO - Processing file /Users/harry/.local/share/virtualenvs/rugby_data_project_airflow-d2RAFQI6/lib/python3.8/site-packages/airflow/example_dags/example_trigger_target_dag.py for tasks to queue
[2021-05-16 09:02:19,424] {logging_mixin.py:104} INFO - [2021-05-16 09:02:19,424] {dagbag.py:451} INFO - Filling up the DagBag from /Users/harry/.local/share/virtualenvs/rugby_data_project_airflow-d2RAFQI6/lib/python3.8/site-packages/airflow/example_dags/example_trigger_target_dag.py
[2021-05-16 09:02:19,431] {scheduler_job.py:639} INFO - DAG(s) dict_keys(['example_trigger_target_dag']) retrieved from /Users/harry/.local/share/virtualenvs/rugby_data_project_airflow-d2RAFQI6/lib/python3.8/site-packages/airflow/example_dags/example_trigger_target_dag.py
[2021-05-16 09:02:19,465] {logging_mixin.py:104} INFO - [2021-05-16 09:02:19,464] {dag.py:1824} INFO - Sync 1 DAGs
[2021-05-16 09:02:19,471] {logging_mixin.py:104} INFO - [2021-05-16 09:02:19,471] {dag.py:2280} INFO - Setting next_dagrun for example_trigger_target_dag to None
[2021-05-16 09:02:19,480] {scheduler_job.py:190} INFO - Processing /Users/harry/.local/share/virtualenvs/rugby_data_project_airflow-d2RAFQI6/lib/python3.8/site-packages/airflow/example_dags/example_trigger_target_dag.py took 0.058 seconds
[2021-05-16 09:06:49,546] {scheduler_job.py:182} INFO - Started process (PID=45362) to work on /Users/harry/.local/share/virtualenvs/rugby_data_project_airflow-d2RAFQI6/lib/python3.8/site-packages/airflow/example_dags/example_trigger_target_dag.py
[2021-05-16 09:06:49,547] {scheduler_job.py:629} INFO - Processing file /Users/harry/.local/share/virtualenvs/rugby_data_project_airflow-d2RAFQI6/lib/python3.8/site-packages/airflow/example_dags/example_trigger_target_dag.py for tasks to queue
[2021-05-16 09:06:49,548] {logging_mixin.py:104} INFO - [2021-05-16 09:06:49,548] {dagbag.py:451} INFO - Filling up the DagBag from /Users/harry/.local/share/virtualenvs/rugby_data_project_airflow-d2RAFQI6/lib/python3.8/site-packages/airflow/example_dags/example_trigger_target_dag.py
[2021-05-16 09:06:49,555] {scheduler_job.py:639} INFO - DAG(s) dict_keys(['example_trigger_target_dag']) retrieved from /Users/harry/.local/share/virtualenvs/rugby_data_project_airflow-d2RAFQI6/lib/python3.8/site-packages/airflow/example_dags/example_trigger_target_dag.py
[2021-05-16 09:06:49,585] {logging_mixin.py:104} INFO - [2021-05-16 09:06:49,584] {dag.py:1824} INFO - Sync 1 DAGs
[2021-05-16 09:06:49,592] {logging_mixin.py:104} INFO - [2021-05-16 09:06:49,591] {dag.py:2280} INFO - Setting next_dagrun for example_trigger_target_dag to None
[2021-05-16 09:06:49,598] {scheduler_job.py:190} INFO - Processing /Users/harry/.local/share/virtualenvs/rugby_data_project_airflow-d2RAFQI6/lib/python3.8/site-packages/airflow/example_dags/example_trigger_target_dag.py took 0.053 seconds
[2021-05-16 09:10:54,452] {scheduler_job.py:182} INFO - Started process (PID=47134) to work on /Users/harry/.local/share/virtualenvs/rugby_data_project_airflow-d2RAFQI6/lib/python3.8/site-packages/airflow/example_dags/example_trigger_target_dag.py
[2021-05-16 09:10:54,454] {scheduler_job.py:629} INFO - Processing file /Users/harry/.local/share/virtualenvs/rugby_data_project_airflow-d2RAFQI6/lib/python3.8/site-packages/airflow/example_dags/example_trigger_target_dag.py for tasks to queue
[2021-05-16 09:10:54,454] {logging_mixin.py:104} INFO - [2021-05-16 09:10:54,454] {dagbag.py:451} INFO - Filling up the DagBag from /Users/harry/.local/share/virtualenvs/rugby_data_project_airflow-d2RAFQI6/lib/python3.8/site-packages/airflow/example_dags/example_trigger_target_dag.py
[2021-05-16 09:10:54,461] {scheduler_job.py:639} INFO - DAG(s) dict_keys(['example_trigger_target_dag']) retrieved from /Users/harry/.local/share/virtualenvs/rugby_data_project_airflow-d2RAFQI6/lib/python3.8/site-packages/airflow/example_dags/example_trigger_target_dag.py
[2021-05-16 09:10:54,493] {logging_mixin.py:104} INFO - [2021-05-16 09:10:54,493] {dag.py:1824} INFO - Sync 1 DAGs
[2021-05-16 09:10:54,501] {logging_mixin.py:104} INFO - [2021-05-16 09:10:54,501] {dag.py:2280} INFO - Setting next_dagrun for example_trigger_target_dag to None
[2021-05-16 09:10:54,510] {scheduler_job.py:190} INFO - Processing /Users/harry/.local/share/virtualenvs/rugby_data_project_airflow-d2RAFQI6/lib/python3.8/site-packages/airflow/example_dags/example_trigger_target_dag.py took 0.058 seconds
[2021-05-16 09:15:21,988] {scheduler_job.py:182} INFO - Started process (PID=48918) to work on /Users/harry/.local/share/virtualenvs/rugby_data_project_airflow-d2RAFQI6/lib/python3.8/site-packages/airflow/example_dags/example_trigger_target_dag.py
[2021-05-16 09:15:21,989] {scheduler_job.py:629} INFO - Processing file /Users/harry/.local/share/virtualenvs/rugby_data_project_airflow-d2RAFQI6/lib/python3.8/site-packages/airflow/example_dags/example_trigger_target_dag.py for tasks to queue
[2021-05-16 09:15:21,990] {logging_mixin.py:104} INFO - [2021-05-16 09:15:21,990] {dagbag.py:451} INFO - Filling up the DagBag from /Users/harry/.local/share/virtualenvs/rugby_data_project_airflow-d2RAFQI6/lib/python3.8/site-packages/airflow/example_dags/example_trigger_target_dag.py
[2021-05-16 09:15:21,998] {scheduler_job.py:639} INFO - DAG(s) dict_keys(['example_trigger_target_dag']) retrieved from /Users/harry/.local/share/virtualenvs/rugby_data_project_airflow-d2RAFQI6/lib/python3.8/site-packages/airflow/example_dags/example_trigger_target_dag.py
[2021-05-16 09:15:22,030] {logging_mixin.py:104} INFO - [2021-05-16 09:15:22,030] {dag.py:1824} INFO - Sync 1 DAGs
[2021-05-16 09:15:22,038] {logging_mixin.py:104} INFO - [2021-05-16 09:15:22,038] {dag.py:2280} INFO - Setting next_dagrun for example_trigger_target_dag to None
[2021-05-16 09:15:22,046] {scheduler_job.py:190} INFO - Processing /Users/harry/.local/share/virtualenvs/rugby_data_project_airflow-d2RAFQI6/lib/python3.8/site-packages/airflow/example_dags/example_trigger_target_dag.py took 0.058 seconds
[2021-05-16 09:20:15,807] {scheduler_job.py:182} INFO - Started process (PID=50812) to work on /Users/harry/.local/share/virtualenvs/rugby_data_project_airflow-d2RAFQI6/lib/python3.8/site-packages/airflow/example_dags/example_trigger_target_dag.py
[2021-05-16 09:20:15,808] {scheduler_job.py:629} INFO - Processing file /Users/harry/.local/share/virtualenvs/rugby_data_project_airflow-d2RAFQI6/lib/python3.8/site-packages/airflow/example_dags/example_trigger_target_dag.py for tasks to queue
[2021-05-16 09:20:15,809] {logging_mixin.py:104} INFO - [2021-05-16 09:20:15,809] {dagbag.py:451} INFO - Filling up the DagBag from /Users/harry/.local/share/virtualenvs/rugby_data_project_airflow-d2RAFQI6/lib/python3.8/site-packages/airflow/example_dags/example_trigger_target_dag.py
[2021-05-16 09:20:15,817] {scheduler_job.py:639} INFO - DAG(s) dict_keys(['example_trigger_target_dag']) retrieved from /Users/harry/.local/share/virtualenvs/rugby_data_project_airflow-d2RAFQI6/lib/python3.8/site-packages/airflow/example_dags/example_trigger_target_dag.py
[2021-05-16 09:20:15,852] {logging_mixin.py:104} INFO - [2021-05-16 09:20:15,852] {dag.py:1824} INFO - Sync 1 DAGs
[2021-05-16 09:20:15,860] {logging_mixin.py:104} INFO - [2021-05-16 09:20:15,860] {dag.py:2280} INFO - Setting next_dagrun for example_trigger_target_dag to None
[2021-05-16 09:20:15,870] {scheduler_job.py:190} INFO - Processing /Users/harry/.local/share/virtualenvs/rugby_data_project_airflow-d2RAFQI6/lib/python3.8/site-packages/airflow/example_dags/example_trigger_target_dag.py took 0.063 seconds
[2021-05-16 09:25:02,201] {scheduler_job.py:182} INFO - Started process (PID=52606) to work on /Users/harry/.local/share/virtualenvs/rugby_data_project_airflow-d2RAFQI6/lib/python3.8/site-packages/airflow/example_dags/example_trigger_target_dag.py
[2021-05-16 09:25:02,202] {scheduler_job.py:629} INFO - Processing file /Users/harry/.local/share/virtualenvs/rugby_data_project_airflow-d2RAFQI6/lib/python3.8/site-packages/airflow/example_dags/example_trigger_target_dag.py for tasks to queue
[2021-05-16 09:25:02,203] {logging_mixin.py:104} INFO - [2021-05-16 09:25:02,203] {dagbag.py:451} INFO - Filling up the DagBag from /Users/harry/.local/share/virtualenvs/rugby_data_project_airflow-d2RAFQI6/lib/python3.8/site-packages/airflow/example_dags/example_trigger_target_dag.py
[2021-05-16 09:25:02,212] {scheduler_job.py:639} INFO - DAG(s) dict_keys(['example_trigger_target_dag']) retrieved from /Users/harry/.local/share/virtualenvs/rugby_data_project_airflow-d2RAFQI6/lib/python3.8/site-packages/airflow/example_dags/example_trigger_target_dag.py
[2021-05-16 09:25:02,254] {logging_mixin.py:104} INFO - [2021-05-16 09:25:02,253] {dag.py:1824} INFO - Sync 1 DAGs
[2021-05-16 09:25:02,262] {logging_mixin.py:104} INFO - [2021-05-16 09:25:02,262] {dag.py:2280} INFO - Setting next_dagrun for example_trigger_target_dag to None
[2021-05-16 09:25:02,271] {scheduler_job.py:190} INFO - Processing /Users/harry/.local/share/virtualenvs/rugby_data_project_airflow-d2RAFQI6/lib/python3.8/site-packages/airflow/example_dags/example_trigger_target_dag.py took 0.071 seconds
[2021-05-16 09:29:53,550] {scheduler_job.py:182} INFO - Started process (PID=54440) to work on /Users/harry/.local/share/virtualenvs/rugby_data_project_airflow-d2RAFQI6/lib/python3.8/site-packages/airflow/example_dags/example_trigger_target_dag.py
[2021-05-16 09:29:53,551] {scheduler_job.py:629} INFO - Processing file /Users/harry/.local/share/virtualenvs/rugby_data_project_airflow-d2RAFQI6/lib/python3.8/site-packages/airflow/example_dags/example_trigger_target_dag.py for tasks to queue
[2021-05-16 09:29:53,552] {logging_mixin.py:104} INFO - [2021-05-16 09:29:53,551] {dagbag.py:451} INFO - Filling up the DagBag from /Users/harry/.local/share/virtualenvs/rugby_data_project_airflow-d2RAFQI6/lib/python3.8/site-packages/airflow/example_dags/example_trigger_target_dag.py
[2021-05-16 09:29:53,561] {scheduler_job.py:639} INFO - DAG(s) dict_keys(['example_trigger_target_dag']) retrieved from /Users/harry/.local/share/virtualenvs/rugby_data_project_airflow-d2RAFQI6/lib/python3.8/site-packages/airflow/example_dags/example_trigger_target_dag.py
[2021-05-16 09:29:53,598] {logging_mixin.py:104} INFO - [2021-05-16 09:29:53,598] {dag.py:1824} INFO - Sync 1 DAGs
[2021-05-16 09:29:53,607] {logging_mixin.py:104} INFO - [2021-05-16 09:29:53,607] {dag.py:2280} INFO - Setting next_dagrun for example_trigger_target_dag to None
[2021-05-16 09:29:53,616] {scheduler_job.py:190} INFO - Processing /Users/harry/.local/share/virtualenvs/rugby_data_project_airflow-d2RAFQI6/lib/python3.8/site-packages/airflow/example_dags/example_trigger_target_dag.py took 0.067 seconds
[2021-05-16 09:34:44,630] {scheduler_job.py:182} INFO - Started process (PID=56178) to work on /Users/harry/.local/share/virtualenvs/rugby_data_project_airflow-d2RAFQI6/lib/python3.8/site-packages/airflow/example_dags/example_trigger_target_dag.py
[2021-05-16 09:34:44,632] {scheduler_job.py:629} INFO - Processing file /Users/harry/.local/share/virtualenvs/rugby_data_project_airflow-d2RAFQI6/lib/python3.8/site-packages/airflow/example_dags/example_trigger_target_dag.py for tasks to queue
[2021-05-16 09:34:44,632] {logging_mixin.py:104} INFO - [2021-05-16 09:34:44,632] {dagbag.py:451} INFO - Filling up the DagBag from /Users/harry/.local/share/virtualenvs/rugby_data_project_airflow-d2RAFQI6/lib/python3.8/site-packages/airflow/example_dags/example_trigger_target_dag.py
[2021-05-16 09:34:44,641] {scheduler_job.py:639} INFO - DAG(s) dict_keys(['example_trigger_target_dag']) retrieved from /Users/harry/.local/share/virtualenvs/rugby_data_project_airflow-d2RAFQI6/lib/python3.8/site-packages/airflow/example_dags/example_trigger_target_dag.py
[2021-05-16 09:34:44,679] {logging_mixin.py:104} INFO - [2021-05-16 09:34:44,679] {dag.py:1824} INFO - Sync 1 DAGs
[2021-05-16 09:34:44,688] {logging_mixin.py:104} INFO - [2021-05-16 09:34:44,688] {dag.py:2280} INFO - Setting next_dagrun for example_trigger_target_dag to None
[2021-05-16 09:34:44,697] {scheduler_job.py:190} INFO - Processing /Users/harry/.local/share/virtualenvs/rugby_data_project_airflow-d2RAFQI6/lib/python3.8/site-packages/airflow/example_dags/example_trigger_target_dag.py took 0.067 seconds
[2021-05-16 09:39:38,596] {scheduler_job.py:182} INFO - Started process (PID=57991) to work on /Users/harry/.local/share/virtualenvs/rugby_data_project_airflow-d2RAFQI6/lib/python3.8/site-packages/airflow/example_dags/example_trigger_target_dag.py
[2021-05-16 09:39:38,597] {scheduler_job.py:629} INFO - Processing file /Users/harry/.local/share/virtualenvs/rugby_data_project_airflow-d2RAFQI6/lib/python3.8/site-packages/airflow/example_dags/example_trigger_target_dag.py for tasks to queue
[2021-05-16 09:39:38,598] {logging_mixin.py:104} INFO - [2021-05-16 09:39:38,597] {dagbag.py:451} INFO - Filling up the DagBag from /Users/harry/.local/share/virtualenvs/rugby_data_project_airflow-d2RAFQI6/lib/python3.8/site-packages/airflow/example_dags/example_trigger_target_dag.py
[2021-05-16 09:39:38,607] {scheduler_job.py:639} INFO - DAG(s) dict_keys(['example_trigger_target_dag']) retrieved from /Users/harry/.local/share/virtualenvs/rugby_data_project_airflow-d2RAFQI6/lib/python3.8/site-packages/airflow/example_dags/example_trigger_target_dag.py
[2021-05-16 09:39:38,644] {logging_mixin.py:104} INFO - [2021-05-16 09:39:38,644] {dag.py:1824} INFO - Sync 1 DAGs
[2021-05-16 09:39:38,653] {logging_mixin.py:104} INFO - [2021-05-16 09:39:38,653] {dag.py:2280} INFO - Setting next_dagrun for example_trigger_target_dag to None
[2021-05-16 09:39:38,662] {scheduler_job.py:190} INFO - Processing /Users/harry/.local/share/virtualenvs/rugby_data_project_airflow-d2RAFQI6/lib/python3.8/site-packages/airflow/example_dags/example_trigger_target_dag.py took 0.067 seconds
[2021-05-16 09:44:38,140] {scheduler_job.py:182} INFO - Started process (PID=59729) to work on /Users/harry/.local/share/virtualenvs/rugby_data_project_airflow-d2RAFQI6/lib/python3.8/site-packages/airflow/example_dags/example_trigger_target_dag.py
[2021-05-16 09:44:38,141] {scheduler_job.py:629} INFO - Processing file /Users/harry/.local/share/virtualenvs/rugby_data_project_airflow-d2RAFQI6/lib/python3.8/site-packages/airflow/example_dags/example_trigger_target_dag.py for tasks to queue
[2021-05-16 09:44:38,141] {logging_mixin.py:104} INFO - [2021-05-16 09:44:38,141] {dagbag.py:451} INFO - Filling up the DagBag from /Users/harry/.local/share/virtualenvs/rugby_data_project_airflow-d2RAFQI6/lib/python3.8/site-packages/airflow/example_dags/example_trigger_target_dag.py
[2021-05-16 09:44:38,150] {scheduler_job.py:639} INFO - DAG(s) dict_keys(['example_trigger_target_dag']) retrieved from /Users/harry/.local/share/virtualenvs/rugby_data_project_airflow-d2RAFQI6/lib/python3.8/site-packages/airflow/example_dags/example_trigger_target_dag.py
[2021-05-16 09:44:38,188] {logging_mixin.py:104} INFO - [2021-05-16 09:44:38,188] {dag.py:1824} INFO - Sync 1 DAGs
[2021-05-16 09:44:38,197] {logging_mixin.py:104} INFO - [2021-05-16 09:44:38,197] {dag.py:2280} INFO - Setting next_dagrun for example_trigger_target_dag to None
[2021-05-16 09:44:38,206] {scheduler_job.py:190} INFO - Processing /Users/harry/.local/share/virtualenvs/rugby_data_project_airflow-d2RAFQI6/lib/python3.8/site-packages/airflow/example_dags/example_trigger_target_dag.py took 0.067 seconds
[2021-05-16 13:22:02,172] {scheduler_job.py:182} INFO - Started process (PID=5035) to work on /Users/harry/.local/share/virtualenvs/rugby_data_project_airflow-d2RAFQI6/lib/python3.8/site-packages/airflow/example_dags/example_trigger_target_dag.py
[2021-05-16 13:22:02,173] {scheduler_job.py:629} INFO - Processing file /Users/harry/.local/share/virtualenvs/rugby_data_project_airflow-d2RAFQI6/lib/python3.8/site-packages/airflow/example_dags/example_trigger_target_dag.py for tasks to queue
[2021-05-16 13:22:02,174] {logging_mixin.py:104} INFO - [2021-05-16 13:22:02,173] {dagbag.py:451} INFO - Filling up the DagBag from /Users/harry/.local/share/virtualenvs/rugby_data_project_airflow-d2RAFQI6/lib/python3.8/site-packages/airflow/example_dags/example_trigger_target_dag.py
[2021-05-16 13:22:02,179] {scheduler_job.py:639} INFO - DAG(s) dict_keys(['example_trigger_target_dag']) retrieved from /Users/harry/.local/share/virtualenvs/rugby_data_project_airflow-d2RAFQI6/lib/python3.8/site-packages/airflow/example_dags/example_trigger_target_dag.py
[2021-05-16 13:22:02,204] {logging_mixin.py:104} INFO - [2021-05-16 13:22:02,204] {dag.py:1824} INFO - Sync 1 DAGs
[2021-05-16 13:22:02,210] {logging_mixin.py:104} INFO - [2021-05-16 13:22:02,210] {dag.py:2280} INFO - Setting next_dagrun for example_trigger_target_dag to None
[2021-05-16 13:22:02,216] {scheduler_job.py:190} INFO - Processing /Users/harry/.local/share/virtualenvs/rugby_data_project_airflow-d2RAFQI6/lib/python3.8/site-packages/airflow/example_dags/example_trigger_target_dag.py took 0.045 seconds
[2021-05-16 13:22:54,582] {scheduler_job.py:182} INFO - Started process (PID=5776) to work on /Users/harry/.local/share/virtualenvs/rugby_data_project_airflow-d2RAFQI6/lib/python3.8/site-packages/airflow/example_dags/example_trigger_target_dag.py
[2021-05-16 13:22:54,583] {scheduler_job.py:629} INFO - Processing file /Users/harry/.local/share/virtualenvs/rugby_data_project_airflow-d2RAFQI6/lib/python3.8/site-packages/airflow/example_dags/example_trigger_target_dag.py for tasks to queue
[2021-05-16 13:22:54,584] {logging_mixin.py:104} INFO - [2021-05-16 13:22:54,584] {dagbag.py:451} INFO - Filling up the DagBag from /Users/harry/.local/share/virtualenvs/rugby_data_project_airflow-d2RAFQI6/lib/python3.8/site-packages/airflow/example_dags/example_trigger_target_dag.py
[2021-05-16 13:22:54,590] {scheduler_job.py:639} INFO - DAG(s) dict_keys(['example_trigger_target_dag']) retrieved from /Users/harry/.local/share/virtualenvs/rugby_data_project_airflow-d2RAFQI6/lib/python3.8/site-packages/airflow/example_dags/example_trigger_target_dag.py
[2021-05-16 13:22:54,614] {logging_mixin.py:104} INFO - [2021-05-16 13:22:54,613] {dag.py:1824} INFO - Sync 1 DAGs
[2021-05-16 13:22:54,619] {logging_mixin.py:104} INFO - [2021-05-16 13:22:54,619] {dag.py:2280} INFO - Setting next_dagrun for example_trigger_target_dag to None
[2021-05-16 13:22:54,625] {scheduler_job.py:190} INFO - Processing /Users/harry/.local/share/virtualenvs/rugby_data_project_airflow-d2RAFQI6/lib/python3.8/site-packages/airflow/example_dags/example_trigger_target_dag.py took 0.043 seconds
[2021-05-16 13:23:45,302] {scheduler_job.py:182} INFO - Started process (PID=6485) to work on /Users/harry/.local/share/virtualenvs/rugby_data_project_airflow-d2RAFQI6/lib/python3.8/site-packages/airflow/example_dags/example_trigger_target_dag.py
[2021-05-16 13:23:45,303] {scheduler_job.py:629} INFO - Processing file /Users/harry/.local/share/virtualenvs/rugby_data_project_airflow-d2RAFQI6/lib/python3.8/site-packages/airflow/example_dags/example_trigger_target_dag.py for tasks to queue
[2021-05-16 13:23:45,303] {logging_mixin.py:104} INFO - [2021-05-16 13:23:45,303] {dagbag.py:451} INFO - Filling up the DagBag from /Users/harry/.local/share/virtualenvs/rugby_data_project_airflow-d2RAFQI6/lib/python3.8/site-packages/airflow/example_dags/example_trigger_target_dag.py
[2021-05-16 13:23:45,309] {scheduler_job.py:639} INFO - DAG(s) dict_keys(['example_trigger_target_dag']) retrieved from /Users/harry/.local/share/virtualenvs/rugby_data_project_airflow-d2RAFQI6/lib/python3.8/site-packages/airflow/example_dags/example_trigger_target_dag.py
[2021-05-16 13:23:45,333] {logging_mixin.py:104} INFO - [2021-05-16 13:23:45,333] {dag.py:1824} INFO - Sync 1 DAGs
[2021-05-16 13:23:45,338] {logging_mixin.py:104} INFO - [2021-05-16 13:23:45,338] {dag.py:2280} INFO - Setting next_dagrun for example_trigger_target_dag to None
[2021-05-16 13:23:45,343] {scheduler_job.py:190} INFO - Processing /Users/harry/.local/share/virtualenvs/rugby_data_project_airflow-d2RAFQI6/lib/python3.8/site-packages/airflow/example_dags/example_trigger_target_dag.py took 0.042 seconds
[2021-05-16 20:06:40,839] {scheduler_job.py:182} INFO - Started process (PID=14370) to work on /Users/harry/.local/share/virtualenvs/rugby_data_project_airflow-d2RAFQI6/lib/python3.8/site-packages/airflow/example_dags/example_trigger_target_dag.py
[2021-05-16 20:06:40,840] {scheduler_job.py:629} INFO - Processing file /Users/harry/.local/share/virtualenvs/rugby_data_project_airflow-d2RAFQI6/lib/python3.8/site-packages/airflow/example_dags/example_trigger_target_dag.py for tasks to queue
[2021-05-16 20:06:40,841] {logging_mixin.py:104} INFO - [2021-05-16 20:06:40,841] {dagbag.py:451} INFO - Filling up the DagBag from /Users/harry/.local/share/virtualenvs/rugby_data_project_airflow-d2RAFQI6/lib/python3.8/site-packages/airflow/example_dags/example_trigger_target_dag.py
[2021-05-16 20:06:40,848] {scheduler_job.py:639} INFO - DAG(s) dict_keys(['example_trigger_target_dag']) retrieved from /Users/harry/.local/share/virtualenvs/rugby_data_project_airflow-d2RAFQI6/lib/python3.8/site-packages/airflow/example_dags/example_trigger_target_dag.py
[2021-05-16 20:06:40,875] {logging_mixin.py:104} INFO - [2021-05-16 20:06:40,874] {dag.py:1824} INFO - Sync 1 DAGs
[2021-05-16 20:06:40,881] {logging_mixin.py:104} INFO - [2021-05-16 20:06:40,881] {dag.py:2280} INFO - Setting next_dagrun for example_trigger_target_dag to None
[2021-05-16 20:06:40,886] {scheduler_job.py:190} INFO - Processing /Users/harry/.local/share/virtualenvs/rugby_data_project_airflow-d2RAFQI6/lib/python3.8/site-packages/airflow/example_dags/example_trigger_target_dag.py took 0.048 seconds
[2021-05-16 20:07:17,117] {scheduler_job.py:182} INFO - Started process (PID=14783) to work on /Users/harry/.local/share/virtualenvs/rugby_data_project_airflow-d2RAFQI6/lib/python3.8/site-packages/airflow/example_dags/example_trigger_target_dag.py
[2021-05-16 20:07:17,118] {scheduler_job.py:629} INFO - Processing file /Users/harry/.local/share/virtualenvs/rugby_data_project_airflow-d2RAFQI6/lib/python3.8/site-packages/airflow/example_dags/example_trigger_target_dag.py for tasks to queue
[2021-05-16 20:07:17,118] {logging_mixin.py:104} INFO - [2021-05-16 20:07:17,118] {dagbag.py:451} INFO - Filling up the DagBag from /Users/harry/.local/share/virtualenvs/rugby_data_project_airflow-d2RAFQI6/lib/python3.8/site-packages/airflow/example_dags/example_trigger_target_dag.py
[2021-05-16 20:07:17,124] {scheduler_job.py:639} INFO - DAG(s) dict_keys(['example_trigger_target_dag']) retrieved from /Users/harry/.local/share/virtualenvs/rugby_data_project_airflow-d2RAFQI6/lib/python3.8/site-packages/airflow/example_dags/example_trigger_target_dag.py
[2021-05-16 20:07:17,150] {logging_mixin.py:104} INFO - [2021-05-16 20:07:17,150] {dag.py:1824} INFO - Sync 1 DAGs
[2021-05-16 20:07:17,156] {logging_mixin.py:104} INFO - [2021-05-16 20:07:17,156] {dag.py:2280} INFO - Setting next_dagrun for example_trigger_target_dag to None
[2021-05-16 20:07:17,161] {scheduler_job.py:190} INFO - Processing /Users/harry/.local/share/virtualenvs/rugby_data_project_airflow-d2RAFQI6/lib/python3.8/site-packages/airflow/example_dags/example_trigger_target_dag.py took 0.045 seconds
[2021-05-16 20:07:55,528] {scheduler_job.py:182} INFO - Started process (PID=15167) to work on /Users/harry/.local/share/virtualenvs/rugby_data_project_airflow-d2RAFQI6/lib/python3.8/site-packages/airflow/example_dags/example_trigger_target_dag.py
[2021-05-16 20:07:55,528] {scheduler_job.py:629} INFO - Processing file /Users/harry/.local/share/virtualenvs/rugby_data_project_airflow-d2RAFQI6/lib/python3.8/site-packages/airflow/example_dags/example_trigger_target_dag.py for tasks to queue
[2021-05-16 20:07:55,529] {logging_mixin.py:104} INFO - [2021-05-16 20:07:55,529] {dagbag.py:451} INFO - Filling up the DagBag from /Users/harry/.local/share/virtualenvs/rugby_data_project_airflow-d2RAFQI6/lib/python3.8/site-packages/airflow/example_dags/example_trigger_target_dag.py
[2021-05-16 20:07:55,535] {scheduler_job.py:639} INFO - DAG(s) dict_keys(['example_trigger_target_dag']) retrieved from /Users/harry/.local/share/virtualenvs/rugby_data_project_airflow-d2RAFQI6/lib/python3.8/site-packages/airflow/example_dags/example_trigger_target_dag.py
[2021-05-16 20:07:55,560] {logging_mixin.py:104} INFO - [2021-05-16 20:07:55,559] {dag.py:1824} INFO - Sync 1 DAGs
[2021-05-16 20:07:55,565] {logging_mixin.py:104} INFO - [2021-05-16 20:07:55,564] {dag.py:2280} INFO - Setting next_dagrun for example_trigger_target_dag to None
[2021-05-16 20:07:55,570] {scheduler_job.py:190} INFO - Processing /Users/harry/.local/share/virtualenvs/rugby_data_project_airflow-d2RAFQI6/lib/python3.8/site-packages/airflow/example_dags/example_trigger_target_dag.py took 0.043 seconds
[2021-05-16 20:08:46,661] {scheduler_job.py:182} INFO - Started process (PID=15769) to work on /Users/harry/.local/share/virtualenvs/rugby_data_project_airflow-d2RAFQI6/lib/python3.8/site-packages/airflow/example_dags/example_trigger_target_dag.py
[2021-05-16 20:08:46,662] {scheduler_job.py:629} INFO - Processing file /Users/harry/.local/share/virtualenvs/rugby_data_project_airflow-d2RAFQI6/lib/python3.8/site-packages/airflow/example_dags/example_trigger_target_dag.py for tasks to queue
[2021-05-16 20:08:46,663] {logging_mixin.py:104} INFO - [2021-05-16 20:08:46,663] {dagbag.py:451} INFO - Filling up the DagBag from /Users/harry/.local/share/virtualenvs/rugby_data_project_airflow-d2RAFQI6/lib/python3.8/site-packages/airflow/example_dags/example_trigger_target_dag.py
[2021-05-16 20:08:46,676] {scheduler_job.py:639} INFO - DAG(s) dict_keys(['example_trigger_target_dag']) retrieved from /Users/harry/.local/share/virtualenvs/rugby_data_project_airflow-d2RAFQI6/lib/python3.8/site-packages/airflow/example_dags/example_trigger_target_dag.py
[2021-05-16 20:08:46,705] {logging_mixin.py:104} INFO - [2021-05-16 20:08:46,705] {dag.py:1824} INFO - Sync 1 DAGs
[2021-05-16 20:08:46,710] {logging_mixin.py:104} INFO - [2021-05-16 20:08:46,710] {dag.py:2280} INFO - Setting next_dagrun for example_trigger_target_dag to None
[2021-05-16 20:08:46,716] {scheduler_job.py:190} INFO - Processing /Users/harry/.local/share/virtualenvs/rugby_data_project_airflow-d2RAFQI6/lib/python3.8/site-packages/airflow/example_dags/example_trigger_target_dag.py took 0.056 seconds
[2021-05-16 20:09:32,685] {scheduler_job.py:182} INFO - Started process (PID=16278) to work on /Users/harry/.local/share/virtualenvs/rugby_data_project_airflow-d2RAFQI6/lib/python3.8/site-packages/airflow/example_dags/example_trigger_target_dag.py
[2021-05-16 20:09:32,686] {scheduler_job.py:629} INFO - Processing file /Users/harry/.local/share/virtualenvs/rugby_data_project_airflow-d2RAFQI6/lib/python3.8/site-packages/airflow/example_dags/example_trigger_target_dag.py for tasks to queue
[2021-05-16 20:09:32,687] {logging_mixin.py:104} INFO - [2021-05-16 20:09:32,687] {dagbag.py:451} INFO - Filling up the DagBag from /Users/harry/.local/share/virtualenvs/rugby_data_project_airflow-d2RAFQI6/lib/python3.8/site-packages/airflow/example_dags/example_trigger_target_dag.py
[2021-05-16 20:09:32,692] {scheduler_job.py:639} INFO - DAG(s) dict_keys(['example_trigger_target_dag']) retrieved from /Users/harry/.local/share/virtualenvs/rugby_data_project_airflow-d2RAFQI6/lib/python3.8/site-packages/airflow/example_dags/example_trigger_target_dag.py
[2021-05-16 20:09:32,714] {logging_mixin.py:104} INFO - [2021-05-16 20:09:32,714] {dag.py:1824} INFO - Sync 1 DAGs
[2021-05-16 20:09:32,719] {logging_mixin.py:104} INFO - [2021-05-16 20:09:32,719] {dag.py:2280} INFO - Setting next_dagrun for example_trigger_target_dag to None
[2021-05-16 20:09:32,724] {scheduler_job.py:190} INFO - Processing /Users/harry/.local/share/virtualenvs/rugby_data_project_airflow-d2RAFQI6/lib/python3.8/site-packages/airflow/example_dags/example_trigger_target_dag.py took 0.039 seconds
[2021-05-16 20:10:19,594] {scheduler_job.py:182} INFO - Started process (PID=16847) to work on /Users/harry/.local/share/virtualenvs/rugby_data_project_airflow-d2RAFQI6/lib/python3.8/site-packages/airflow/example_dags/example_trigger_target_dag.py
[2021-05-16 20:10:19,595] {scheduler_job.py:629} INFO - Processing file /Users/harry/.local/share/virtualenvs/rugby_data_project_airflow-d2RAFQI6/lib/python3.8/site-packages/airflow/example_dags/example_trigger_target_dag.py for tasks to queue
[2021-05-16 20:10:19,596] {logging_mixin.py:104} INFO - [2021-05-16 20:10:19,596] {dagbag.py:451} INFO - Filling up the DagBag from /Users/harry/.local/share/virtualenvs/rugby_data_project_airflow-d2RAFQI6/lib/python3.8/site-packages/airflow/example_dags/example_trigger_target_dag.py
[2021-05-16 20:10:19,602] {scheduler_job.py:639} INFO - DAG(s) dict_keys(['example_trigger_target_dag']) retrieved from /Users/harry/.local/share/virtualenvs/rugby_data_project_airflow-d2RAFQI6/lib/python3.8/site-packages/airflow/example_dags/example_trigger_target_dag.py
[2021-05-16 20:10:19,623] {logging_mixin.py:104} INFO - [2021-05-16 20:10:19,623] {dag.py:1824} INFO - Sync 1 DAGs
[2021-05-16 20:10:19,628] {logging_mixin.py:104} INFO - [2021-05-16 20:10:19,628] {dag.py:2280} INFO - Setting next_dagrun for example_trigger_target_dag to None
[2021-05-16 20:10:19,634] {scheduler_job.py:190} INFO - Processing /Users/harry/.local/share/virtualenvs/rugby_data_project_airflow-d2RAFQI6/lib/python3.8/site-packages/airflow/example_dags/example_trigger_target_dag.py took 0.040 seconds
[2021-05-16 20:10:55,748] {scheduler_job.py:182} INFO - Started process (PID=17211) to work on /Users/harry/.local/share/virtualenvs/rugby_data_project_airflow-d2RAFQI6/lib/python3.8/site-packages/airflow/example_dags/example_trigger_target_dag.py
[2021-05-16 20:10:55,749] {scheduler_job.py:629} INFO - Processing file /Users/harry/.local/share/virtualenvs/rugby_data_project_airflow-d2RAFQI6/lib/python3.8/site-packages/airflow/example_dags/example_trigger_target_dag.py for tasks to queue
[2021-05-16 20:10:55,750] {logging_mixin.py:104} INFO - [2021-05-16 20:10:55,750] {dagbag.py:451} INFO - Filling up the DagBag from /Users/harry/.local/share/virtualenvs/rugby_data_project_airflow-d2RAFQI6/lib/python3.8/site-packages/airflow/example_dags/example_trigger_target_dag.py
[2021-05-16 20:10:55,763] {scheduler_job.py:639} INFO - DAG(s) dict_keys(['example_trigger_target_dag']) retrieved from /Users/harry/.local/share/virtualenvs/rugby_data_project_airflow-d2RAFQI6/lib/python3.8/site-packages/airflow/example_dags/example_trigger_target_dag.py
[2021-05-16 20:10:55,791] {logging_mixin.py:104} INFO - [2021-05-16 20:10:55,791] {dag.py:1824} INFO - Sync 1 DAGs
[2021-05-16 20:10:55,797] {logging_mixin.py:104} INFO - [2021-05-16 20:10:55,797] {dag.py:2280} INFO - Setting next_dagrun for example_trigger_target_dag to None
[2021-05-16 20:10:55,803] {scheduler_job.py:190} INFO - Processing /Users/harry/.local/share/virtualenvs/rugby_data_project_airflow-d2RAFQI6/lib/python3.8/site-packages/airflow/example_dags/example_trigger_target_dag.py took 0.055 seconds
[2021-05-16 20:11:42,677] {scheduler_job.py:182} INFO - Started process (PID=17730) to work on /Users/harry/.local/share/virtualenvs/rugby_data_project_airflow-d2RAFQI6/lib/python3.8/site-packages/airflow/example_dags/example_trigger_target_dag.py
[2021-05-16 20:11:42,678] {scheduler_job.py:629} INFO - Processing file /Users/harry/.local/share/virtualenvs/rugby_data_project_airflow-d2RAFQI6/lib/python3.8/site-packages/airflow/example_dags/example_trigger_target_dag.py for tasks to queue
[2021-05-16 20:11:42,679] {logging_mixin.py:104} INFO - [2021-05-16 20:11:42,679] {dagbag.py:451} INFO - Filling up the DagBag from /Users/harry/.local/share/virtualenvs/rugby_data_project_airflow-d2RAFQI6/lib/python3.8/site-packages/airflow/example_dags/example_trigger_target_dag.py
[2021-05-16 20:11:42,685] {scheduler_job.py:639} INFO - DAG(s) dict_keys(['example_trigger_target_dag']) retrieved from /Users/harry/.local/share/virtualenvs/rugby_data_project_airflow-d2RAFQI6/lib/python3.8/site-packages/airflow/example_dags/example_trigger_target_dag.py
[2021-05-16 20:11:42,707] {logging_mixin.py:104} INFO - [2021-05-16 20:11:42,707] {dag.py:1824} INFO - Sync 1 DAGs
[2021-05-16 20:11:42,712] {logging_mixin.py:104} INFO - [2021-05-16 20:11:42,712] {dag.py:2280} INFO - Setting next_dagrun for example_trigger_target_dag to None
[2021-05-16 20:11:42,720] {scheduler_job.py:190} INFO - Processing /Users/harry/.local/share/virtualenvs/rugby_data_project_airflow-d2RAFQI6/lib/python3.8/site-packages/airflow/example_dags/example_trigger_target_dag.py took 0.043 seconds
[2021-05-16 20:12:29,977] {scheduler_job.py:182} INFO - Started process (PID=18297) to work on /Users/harry/.local/share/virtualenvs/rugby_data_project_airflow-d2RAFQI6/lib/python3.8/site-packages/airflow/example_dags/example_trigger_target_dag.py
[2021-05-16 20:12:29,978] {scheduler_job.py:629} INFO - Processing file /Users/harry/.local/share/virtualenvs/rugby_data_project_airflow-d2RAFQI6/lib/python3.8/site-packages/airflow/example_dags/example_trigger_target_dag.py for tasks to queue
[2021-05-16 20:12:29,978] {logging_mixin.py:104} INFO - [2021-05-16 20:12:29,978] {dagbag.py:451} INFO - Filling up the DagBag from /Users/harry/.local/share/virtualenvs/rugby_data_project_airflow-d2RAFQI6/lib/python3.8/site-packages/airflow/example_dags/example_trigger_target_dag.py
[2021-05-16 20:12:29,985] {scheduler_job.py:639} INFO - DAG(s) dict_keys(['example_trigger_target_dag']) retrieved from /Users/harry/.local/share/virtualenvs/rugby_data_project_airflow-d2RAFQI6/lib/python3.8/site-packages/airflow/example_dags/example_trigger_target_dag.py
[2021-05-16 20:12:30,007] {logging_mixin.py:104} INFO - [2021-05-16 20:12:30,007] {dag.py:1824} INFO - Sync 1 DAGs
[2021-05-16 20:12:30,013] {logging_mixin.py:104} INFO - [2021-05-16 20:12:30,013] {dag.py:2280} INFO - Setting next_dagrun for example_trigger_target_dag to None
[2021-05-16 20:12:30,019] {scheduler_job.py:190} INFO - Processing /Users/harry/.local/share/virtualenvs/rugby_data_project_airflow-d2RAFQI6/lib/python3.8/site-packages/airflow/example_dags/example_trigger_target_dag.py took 0.043 seconds
[2021-05-16 20:13:18,922] {scheduler_job.py:182} INFO - Started process (PID=18965) to work on /Users/harry/.local/share/virtualenvs/rugby_data_project_airflow-d2RAFQI6/lib/python3.8/site-packages/airflow/example_dags/example_trigger_target_dag.py
[2021-05-16 20:13:18,923] {scheduler_job.py:629} INFO - Processing file /Users/harry/.local/share/virtualenvs/rugby_data_project_airflow-d2RAFQI6/lib/python3.8/site-packages/airflow/example_dags/example_trigger_target_dag.py for tasks to queue
[2021-05-16 20:13:18,924] {logging_mixin.py:104} INFO - [2021-05-16 20:13:18,924] {dagbag.py:451} INFO - Filling up the DagBag from /Users/harry/.local/share/virtualenvs/rugby_data_project_airflow-d2RAFQI6/lib/python3.8/site-packages/airflow/example_dags/example_trigger_target_dag.py
[2021-05-16 20:13:18,930] {scheduler_job.py:639} INFO - DAG(s) dict_keys(['example_trigger_target_dag']) retrieved from /Users/harry/.local/share/virtualenvs/rugby_data_project_airflow-d2RAFQI6/lib/python3.8/site-packages/airflow/example_dags/example_trigger_target_dag.py
[2021-05-16 20:13:18,953] {logging_mixin.py:104} INFO - [2021-05-16 20:13:18,953] {dag.py:1824} INFO - Sync 1 DAGs
[2021-05-16 20:13:18,958] {logging_mixin.py:104} INFO - [2021-05-16 20:13:18,958] {dag.py:2280} INFO - Setting next_dagrun for example_trigger_target_dag to None
[2021-05-16 20:13:18,964] {scheduler_job.py:190} INFO - Processing /Users/harry/.local/share/virtualenvs/rugby_data_project_airflow-d2RAFQI6/lib/python3.8/site-packages/airflow/example_dags/example_trigger_target_dag.py took 0.042 seconds
[2021-05-16 20:13:55,801] {scheduler_job.py:182} INFO - Started process (PID=19407) to work on /Users/harry/.local/share/virtualenvs/rugby_data_project_airflow-d2RAFQI6/lib/python3.8/site-packages/airflow/example_dags/example_trigger_target_dag.py
[2021-05-16 20:13:55,803] {scheduler_job.py:629} INFO - Processing file /Users/harry/.local/share/virtualenvs/rugby_data_project_airflow-d2RAFQI6/lib/python3.8/site-packages/airflow/example_dags/example_trigger_target_dag.py for tasks to queue
[2021-05-16 20:13:55,804] {logging_mixin.py:104} INFO - [2021-05-16 20:13:55,803] {dagbag.py:451} INFO - Filling up the DagBag from /Users/harry/.local/share/virtualenvs/rugby_data_project_airflow-d2RAFQI6/lib/python3.8/site-packages/airflow/example_dags/example_trigger_target_dag.py
[2021-05-16 20:13:55,815] {scheduler_job.py:639} INFO - DAG(s) dict_keys(['example_trigger_target_dag']) retrieved from /Users/harry/.local/share/virtualenvs/rugby_data_project_airflow-d2RAFQI6/lib/python3.8/site-packages/airflow/example_dags/example_trigger_target_dag.py
[2021-05-16 20:13:55,843] {logging_mixin.py:104} INFO - [2021-05-16 20:13:55,843] {dag.py:1824} INFO - Sync 1 DAGs
[2021-05-16 20:13:55,849] {logging_mixin.py:104} INFO - [2021-05-16 20:13:55,849] {dag.py:2280} INFO - Setting next_dagrun for example_trigger_target_dag to None
[2021-05-16 20:13:55,857] {scheduler_job.py:190} INFO - Processing /Users/harry/.local/share/virtualenvs/rugby_data_project_airflow-d2RAFQI6/lib/python3.8/site-packages/airflow/example_dags/example_trigger_target_dag.py took 0.056 seconds
[2021-05-16 20:14:42,615] {scheduler_job.py:182} INFO - Started process (PID=19978) to work on /Users/harry/.local/share/virtualenvs/rugby_data_project_airflow-d2RAFQI6/lib/python3.8/site-packages/airflow/example_dags/example_trigger_target_dag.py
[2021-05-16 20:14:42,616] {scheduler_job.py:629} INFO - Processing file /Users/harry/.local/share/virtualenvs/rugby_data_project_airflow-d2RAFQI6/lib/python3.8/site-packages/airflow/example_dags/example_trigger_target_dag.py for tasks to queue
[2021-05-16 20:14:42,617] {logging_mixin.py:104} INFO - [2021-05-16 20:14:42,617] {dagbag.py:451} INFO - Filling up the DagBag from /Users/harry/.local/share/virtualenvs/rugby_data_project_airflow-d2RAFQI6/lib/python3.8/site-packages/airflow/example_dags/example_trigger_target_dag.py
[2021-05-16 20:14:42,623] {scheduler_job.py:639} INFO - DAG(s) dict_keys(['example_trigger_target_dag']) retrieved from /Users/harry/.local/share/virtualenvs/rugby_data_project_airflow-d2RAFQI6/lib/python3.8/site-packages/airflow/example_dags/example_trigger_target_dag.py
[2021-05-16 20:14:42,644] {logging_mixin.py:104} INFO - [2021-05-16 20:14:42,644] {dag.py:1824} INFO - Sync 1 DAGs
[2021-05-16 20:14:42,649] {logging_mixin.py:104} INFO - [2021-05-16 20:14:42,649] {dag.py:2280} INFO - Setting next_dagrun for example_trigger_target_dag to None
[2021-05-16 20:14:42,655] {scheduler_job.py:190} INFO - Processing /Users/harry/.local/share/virtualenvs/rugby_data_project_airflow-d2RAFQI6/lib/python3.8/site-packages/airflow/example_dags/example_trigger_target_dag.py took 0.040 seconds
[2021-05-16 20:15:32,211] {scheduler_job.py:182} INFO - Started process (PID=21344) to work on /Users/harry/.local/share/virtualenvs/rugby_data_project_airflow-d2RAFQI6/lib/python3.8/site-packages/airflow/example_dags/example_trigger_target_dag.py
[2021-05-16 20:15:32,212] {scheduler_job.py:629} INFO - Processing file /Users/harry/.local/share/virtualenvs/rugby_data_project_airflow-d2RAFQI6/lib/python3.8/site-packages/airflow/example_dags/example_trigger_target_dag.py for tasks to queue
[2021-05-16 20:15:32,212] {logging_mixin.py:104} INFO - [2021-05-16 20:15:32,212] {dagbag.py:451} INFO - Filling up the DagBag from /Users/harry/.local/share/virtualenvs/rugby_data_project_airflow-d2RAFQI6/lib/python3.8/site-packages/airflow/example_dags/example_trigger_target_dag.py
[2021-05-16 20:15:32,219] {scheduler_job.py:639} INFO - DAG(s) dict_keys(['example_trigger_target_dag']) retrieved from /Users/harry/.local/share/virtualenvs/rugby_data_project_airflow-d2RAFQI6/lib/python3.8/site-packages/airflow/example_dags/example_trigger_target_dag.py
[2021-05-16 20:15:32,242] {logging_mixin.py:104} INFO - [2021-05-16 20:15:32,242] {dag.py:1824} INFO - Sync 1 DAGs
[2021-05-16 20:15:32,248] {logging_mixin.py:104} INFO - [2021-05-16 20:15:32,248] {dag.py:2280} INFO - Setting next_dagrun for example_trigger_target_dag to None
[2021-05-16 20:15:32,253] {scheduler_job.py:190} INFO - Processing /Users/harry/.local/share/virtualenvs/rugby_data_project_airflow-d2RAFQI6/lib/python3.8/site-packages/airflow/example_dags/example_trigger_target_dag.py took 0.042 seconds
