[2021-05-16 08:58:51,363] {scheduler_job.py:182} INFO - Started process (PID=42433) to work on /Users/harry/.local/share/virtualenvs/rugby_data_project_airflow-d2RAFQI6/lib/python3.8/site-packages/airflow/example_dags/example_kubernetes_executor_config.py
[2021-05-16 08:58:51,363] {scheduler_job.py:629} INFO - Processing file /Users/harry/.local/share/virtualenvs/rugby_data_project_airflow-d2RAFQI6/lib/python3.8/site-packages/airflow/example_dags/example_kubernetes_executor_config.py for tasks to queue
[2021-05-16 08:58:51,364] {logging_mixin.py:104} INFO - [2021-05-16 08:58:51,364] {dagbag.py:451} INFO - Filling up the DagBag from /Users/harry/.local/share/virtualenvs/rugby_data_project_airflow-d2RAFQI6/lib/python3.8/site-packages/airflow/example_dags/example_kubernetes_executor_config.py
[2021-05-16 08:58:51,369] {logging_mixin.py:104} INFO - [2021-05-16 08:58:51,369] {example_kubernetes_executor_config.py:175} WARNING - Could not import DAGs in example_kubernetes_executor_config.py: No module named 'kubernetes'
[2021-05-16 08:58:51,369] {logging_mixin.py:104} INFO - [2021-05-16 08:58:51,369] {example_kubernetes_executor_config.py:176} WARNING - Install kubernetes dependencies with: pip install apache-airflow['cncf.kubernetes']
[2021-05-16 08:58:51,369] {scheduler_job.py:641} WARNING - No viable dags retrieved from /Users/harry/.local/share/virtualenvs/rugby_data_project_airflow-d2RAFQI6/lib/python3.8/site-packages/airflow/example_dags/example_kubernetes_executor_config.py
[2021-05-16 08:58:51,391] {scheduler_job.py:190} INFO - Processing /Users/harry/.local/share/virtualenvs/rugby_data_project_airflow-d2RAFQI6/lib/python3.8/site-packages/airflow/example_dags/example_kubernetes_executor_config.py took 0.029 seconds
[2021-05-16 09:03:49,475] {scheduler_job.py:182} INFO - Started process (PID=44111) to work on /Users/harry/.local/share/virtualenvs/rugby_data_project_airflow-d2RAFQI6/lib/python3.8/site-packages/airflow/example_dags/example_kubernetes_executor_config.py
[2021-05-16 09:03:49,476] {scheduler_job.py:629} INFO - Processing file /Users/harry/.local/share/virtualenvs/rugby_data_project_airflow-d2RAFQI6/lib/python3.8/site-packages/airflow/example_dags/example_kubernetes_executor_config.py for tasks to queue
[2021-05-16 09:03:49,476] {logging_mixin.py:104} INFO - [2021-05-16 09:03:49,476] {dagbag.py:451} INFO - Filling up the DagBag from /Users/harry/.local/share/virtualenvs/rugby_data_project_airflow-d2RAFQI6/lib/python3.8/site-packages/airflow/example_dags/example_kubernetes_executor_config.py
[2021-05-16 09:03:49,480] {logging_mixin.py:104} INFO - [2021-05-16 09:03:49,480] {example_kubernetes_executor_config.py:175} WARNING - Could not import DAGs in example_kubernetes_executor_config.py: No module named 'kubernetes'
[2021-05-16 09:03:49,480] {logging_mixin.py:104} INFO - [2021-05-16 09:03:49,480] {example_kubernetes_executor_config.py:176} WARNING - Install kubernetes dependencies with: pip install apache-airflow['cncf.kubernetes']
[2021-05-16 09:03:49,481] {scheduler_job.py:641} WARNING - No viable dags retrieved from /Users/harry/.local/share/virtualenvs/rugby_data_project_airflow-d2RAFQI6/lib/python3.8/site-packages/airflow/example_dags/example_kubernetes_executor_config.py
[2021-05-16 09:03:49,508] {scheduler_job.py:190} INFO - Processing /Users/harry/.local/share/virtualenvs/rugby_data_project_airflow-d2RAFQI6/lib/python3.8/site-packages/airflow/example_dags/example_kubernetes_executor_config.py took 0.033 seconds
[2021-05-16 09:08:11,777] {scheduler_job.py:182} INFO - Started process (PID=45967) to work on /Users/harry/.local/share/virtualenvs/rugby_data_project_airflow-d2RAFQI6/lib/python3.8/site-packages/airflow/example_dags/example_kubernetes_executor_config.py
[2021-05-16 09:08:11,778] {scheduler_job.py:629} INFO - Processing file /Users/harry/.local/share/virtualenvs/rugby_data_project_airflow-d2RAFQI6/lib/python3.8/site-packages/airflow/example_dags/example_kubernetes_executor_config.py for tasks to queue
[2021-05-16 09:08:11,779] {logging_mixin.py:104} INFO - [2021-05-16 09:08:11,779] {dagbag.py:451} INFO - Filling up the DagBag from /Users/harry/.local/share/virtualenvs/rugby_data_project_airflow-d2RAFQI6/lib/python3.8/site-packages/airflow/example_dags/example_kubernetes_executor_config.py
[2021-05-16 09:08:11,784] {logging_mixin.py:104} INFO - [2021-05-16 09:08:11,784] {example_kubernetes_executor_config.py:175} WARNING - Could not import DAGs in example_kubernetes_executor_config.py: No module named 'kubernetes'
[2021-05-16 09:08:11,784] {logging_mixin.py:104} INFO - [2021-05-16 09:08:11,784] {example_kubernetes_executor_config.py:176} WARNING - Install kubernetes dependencies with: pip install apache-airflow['cncf.kubernetes']
[2021-05-16 09:08:11,784] {scheduler_job.py:641} WARNING - No viable dags retrieved from /Users/harry/.local/share/virtualenvs/rugby_data_project_airflow-d2RAFQI6/lib/python3.8/site-packages/airflow/example_dags/example_kubernetes_executor_config.py
[2021-05-16 09:08:11,816] {scheduler_job.py:190} INFO - Processing /Users/harry/.local/share/virtualenvs/rugby_data_project_airflow-d2RAFQI6/lib/python3.8/site-packages/airflow/example_dags/example_kubernetes_executor_config.py took 0.040 seconds
[2021-05-16 09:12:15,113] {scheduler_job.py:182} INFO - Started process (PID=47716) to work on /Users/harry/.local/share/virtualenvs/rugby_data_project_airflow-d2RAFQI6/lib/python3.8/site-packages/airflow/example_dags/example_kubernetes_executor_config.py
[2021-05-16 09:12:15,114] {scheduler_job.py:629} INFO - Processing file /Users/harry/.local/share/virtualenvs/rugby_data_project_airflow-d2RAFQI6/lib/python3.8/site-packages/airflow/example_dags/example_kubernetes_executor_config.py for tasks to queue
[2021-05-16 09:12:15,114] {logging_mixin.py:104} INFO - [2021-05-16 09:12:15,114] {dagbag.py:451} INFO - Filling up the DagBag from /Users/harry/.local/share/virtualenvs/rugby_data_project_airflow-d2RAFQI6/lib/python3.8/site-packages/airflow/example_dags/example_kubernetes_executor_config.py
[2021-05-16 09:12:15,118] {logging_mixin.py:104} INFO - [2021-05-16 09:12:15,118] {example_kubernetes_executor_config.py:175} WARNING - Could not import DAGs in example_kubernetes_executor_config.py: No module named 'kubernetes'
[2021-05-16 09:12:15,118] {logging_mixin.py:104} INFO - [2021-05-16 09:12:15,118] {example_kubernetes_executor_config.py:176} WARNING - Install kubernetes dependencies with: pip install apache-airflow['cncf.kubernetes']
[2021-05-16 09:12:15,119] {scheduler_job.py:641} WARNING - No viable dags retrieved from /Users/harry/.local/share/virtualenvs/rugby_data_project_airflow-d2RAFQI6/lib/python3.8/site-packages/airflow/example_dags/example_kubernetes_executor_config.py
[2021-05-16 09:12:15,145] {scheduler_job.py:190} INFO - Processing /Users/harry/.local/share/virtualenvs/rugby_data_project_airflow-d2RAFQI6/lib/python3.8/site-packages/airflow/example_dags/example_kubernetes_executor_config.py took 0.033 seconds
[2021-05-16 09:16:58,636] {scheduler_job.py:182} INFO - Started process (PID=49516) to work on /Users/harry/.local/share/virtualenvs/rugby_data_project_airflow-d2RAFQI6/lib/python3.8/site-packages/airflow/example_dags/example_kubernetes_executor_config.py
[2021-05-16 09:16:58,637] {scheduler_job.py:629} INFO - Processing file /Users/harry/.local/share/virtualenvs/rugby_data_project_airflow-d2RAFQI6/lib/python3.8/site-packages/airflow/example_dags/example_kubernetes_executor_config.py for tasks to queue
[2021-05-16 09:16:58,638] {logging_mixin.py:104} INFO - [2021-05-16 09:16:58,638] {dagbag.py:451} INFO - Filling up the DagBag from /Users/harry/.local/share/virtualenvs/rugby_data_project_airflow-d2RAFQI6/lib/python3.8/site-packages/airflow/example_dags/example_kubernetes_executor_config.py
[2021-05-16 09:16:58,643] {logging_mixin.py:104} INFO - [2021-05-16 09:16:58,643] {example_kubernetes_executor_config.py:175} WARNING - Could not import DAGs in example_kubernetes_executor_config.py: No module named 'kubernetes'
[2021-05-16 09:16:58,643] {logging_mixin.py:104} INFO - [2021-05-16 09:16:58,643] {example_kubernetes_executor_config.py:176} WARNING - Install kubernetes dependencies with: pip install apache-airflow['cncf.kubernetes']
[2021-05-16 09:16:58,643] {scheduler_job.py:641} WARNING - No viable dags retrieved from /Users/harry/.local/share/virtualenvs/rugby_data_project_airflow-d2RAFQI6/lib/python3.8/site-packages/airflow/example_dags/example_kubernetes_executor_config.py
[2021-05-16 09:16:58,677] {scheduler_job.py:190} INFO - Processing /Users/harry/.local/share/virtualenvs/rugby_data_project_airflow-d2RAFQI6/lib/python3.8/site-packages/airflow/example_dags/example_kubernetes_executor_config.py took 0.041 seconds
[2021-05-16 09:21:48,212] {scheduler_job.py:182} INFO - Started process (PID=51384) to work on /Users/harry/.local/share/virtualenvs/rugby_data_project_airflow-d2RAFQI6/lib/python3.8/site-packages/airflow/example_dags/example_kubernetes_executor_config.py
[2021-05-16 09:21:48,213] {scheduler_job.py:629} INFO - Processing file /Users/harry/.local/share/virtualenvs/rugby_data_project_airflow-d2RAFQI6/lib/python3.8/site-packages/airflow/example_dags/example_kubernetes_executor_config.py for tasks to queue
[2021-05-16 09:21:48,214] {logging_mixin.py:104} INFO - [2021-05-16 09:21:48,213] {dagbag.py:451} INFO - Filling up the DagBag from /Users/harry/.local/share/virtualenvs/rugby_data_project_airflow-d2RAFQI6/lib/python3.8/site-packages/airflow/example_dags/example_kubernetes_executor_config.py
[2021-05-16 09:21:48,219] {logging_mixin.py:104} INFO - [2021-05-16 09:21:48,219] {example_kubernetes_executor_config.py:175} WARNING - Could not import DAGs in example_kubernetes_executor_config.py: No module named 'kubernetes'
[2021-05-16 09:21:48,219] {logging_mixin.py:104} INFO - [2021-05-16 09:21:48,219] {example_kubernetes_executor_config.py:176} WARNING - Install kubernetes dependencies with: pip install apache-airflow['cncf.kubernetes']
[2021-05-16 09:21:48,219] {scheduler_job.py:641} WARNING - No viable dags retrieved from /Users/harry/.local/share/virtualenvs/rugby_data_project_airflow-d2RAFQI6/lib/python3.8/site-packages/airflow/example_dags/example_kubernetes_executor_config.py
[2021-05-16 09:21:48,252] {scheduler_job.py:190} INFO - Processing /Users/harry/.local/share/virtualenvs/rugby_data_project_airflow-d2RAFQI6/lib/python3.8/site-packages/airflow/example_dags/example_kubernetes_executor_config.py took 0.041 seconds
[2021-05-16 09:26:34,127] {scheduler_job.py:182} INFO - Started process (PID=53188) to work on /Users/harry/.local/share/virtualenvs/rugby_data_project_airflow-d2RAFQI6/lib/python3.8/site-packages/airflow/example_dags/example_kubernetes_executor_config.py
[2021-05-16 09:26:34,128] {scheduler_job.py:629} INFO - Processing file /Users/harry/.local/share/virtualenvs/rugby_data_project_airflow-d2RAFQI6/lib/python3.8/site-packages/airflow/example_dags/example_kubernetes_executor_config.py for tasks to queue
[2021-05-16 09:26:34,129] {logging_mixin.py:104} INFO - [2021-05-16 09:26:34,128] {dagbag.py:451} INFO - Filling up the DagBag from /Users/harry/.local/share/virtualenvs/rugby_data_project_airflow-d2RAFQI6/lib/python3.8/site-packages/airflow/example_dags/example_kubernetes_executor_config.py
[2021-05-16 09:26:34,134] {logging_mixin.py:104} INFO - [2021-05-16 09:26:34,134] {example_kubernetes_executor_config.py:175} WARNING - Could not import DAGs in example_kubernetes_executor_config.py: No module named 'kubernetes'
[2021-05-16 09:26:34,134] {logging_mixin.py:104} INFO - [2021-05-16 09:26:34,134] {example_kubernetes_executor_config.py:176} WARNING - Install kubernetes dependencies with: pip install apache-airflow['cncf.kubernetes']
[2021-05-16 09:26:34,134] {scheduler_job.py:641} WARNING - No viable dags retrieved from /Users/harry/.local/share/virtualenvs/rugby_data_project_airflow-d2RAFQI6/lib/python3.8/site-packages/airflow/example_dags/example_kubernetes_executor_config.py
[2021-05-16 09:26:34,168] {scheduler_job.py:190} INFO - Processing /Users/harry/.local/share/virtualenvs/rugby_data_project_airflow-d2RAFQI6/lib/python3.8/site-packages/airflow/example_dags/example_kubernetes_executor_config.py took 0.042 seconds
[2021-05-16 09:31:26,215] {scheduler_job.py:182} INFO - Started process (PID=54985) to work on /Users/harry/.local/share/virtualenvs/rugby_data_project_airflow-d2RAFQI6/lib/python3.8/site-packages/airflow/example_dags/example_kubernetes_executor_config.py
[2021-05-16 09:31:26,216] {scheduler_job.py:629} INFO - Processing file /Users/harry/.local/share/virtualenvs/rugby_data_project_airflow-d2RAFQI6/lib/python3.8/site-packages/airflow/example_dags/example_kubernetes_executor_config.py for tasks to queue
[2021-05-16 09:31:26,217] {logging_mixin.py:104} INFO - [2021-05-16 09:31:26,217] {dagbag.py:451} INFO - Filling up the DagBag from /Users/harry/.local/share/virtualenvs/rugby_data_project_airflow-d2RAFQI6/lib/python3.8/site-packages/airflow/example_dags/example_kubernetes_executor_config.py
[2021-05-16 09:31:26,222] {logging_mixin.py:104} INFO - [2021-05-16 09:31:26,222] {example_kubernetes_executor_config.py:175} WARNING - Could not import DAGs in example_kubernetes_executor_config.py: No module named 'kubernetes'
[2021-05-16 09:31:26,222] {logging_mixin.py:104} INFO - [2021-05-16 09:31:26,222] {example_kubernetes_executor_config.py:176} WARNING - Install kubernetes dependencies with: pip install apache-airflow['cncf.kubernetes']
[2021-05-16 09:31:26,222] {scheduler_job.py:641} WARNING - No viable dags retrieved from /Users/harry/.local/share/virtualenvs/rugby_data_project_airflow-d2RAFQI6/lib/python3.8/site-packages/airflow/example_dags/example_kubernetes_executor_config.py
[2021-05-16 09:31:26,255] {scheduler_job.py:190} INFO - Processing /Users/harry/.local/share/virtualenvs/rugby_data_project_airflow-d2RAFQI6/lib/python3.8/site-packages/airflow/example_dags/example_kubernetes_executor_config.py took 0.041 seconds
[2021-05-16 09:36:18,361] {scheduler_job.py:182} INFO - Started process (PID=56740) to work on /Users/harry/.local/share/virtualenvs/rugby_data_project_airflow-d2RAFQI6/lib/python3.8/site-packages/airflow/example_dags/example_kubernetes_executor_config.py
[2021-05-16 09:36:18,362] {scheduler_job.py:629} INFO - Processing file /Users/harry/.local/share/virtualenvs/rugby_data_project_airflow-d2RAFQI6/lib/python3.8/site-packages/airflow/example_dags/example_kubernetes_executor_config.py for tasks to queue
[2021-05-16 09:36:18,363] {logging_mixin.py:104} INFO - [2021-05-16 09:36:18,363] {dagbag.py:451} INFO - Filling up the DagBag from /Users/harry/.local/share/virtualenvs/rugby_data_project_airflow-d2RAFQI6/lib/python3.8/site-packages/airflow/example_dags/example_kubernetes_executor_config.py
[2021-05-16 09:36:18,368] {logging_mixin.py:104} INFO - [2021-05-16 09:36:18,368] {example_kubernetes_executor_config.py:175} WARNING - Could not import DAGs in example_kubernetes_executor_config.py: No module named 'kubernetes'
[2021-05-16 09:36:18,368] {logging_mixin.py:104} INFO - [2021-05-16 09:36:18,368] {example_kubernetes_executor_config.py:176} WARNING - Install kubernetes dependencies with: pip install apache-airflow['cncf.kubernetes']
[2021-05-16 09:36:18,368] {scheduler_job.py:641} WARNING - No viable dags retrieved from /Users/harry/.local/share/virtualenvs/rugby_data_project_airflow-d2RAFQI6/lib/python3.8/site-packages/airflow/example_dags/example_kubernetes_executor_config.py
[2021-05-16 09:36:18,402] {scheduler_job.py:190} INFO - Processing /Users/harry/.local/share/virtualenvs/rugby_data_project_airflow-d2RAFQI6/lib/python3.8/site-packages/airflow/example_dags/example_kubernetes_executor_config.py took 0.042 seconds
[2021-05-16 09:41:10,211] {scheduler_job.py:182} INFO - Started process (PID=58525) to work on /Users/harry/.local/share/virtualenvs/rugby_data_project_airflow-d2RAFQI6/lib/python3.8/site-packages/airflow/example_dags/example_kubernetes_executor_config.py
[2021-05-16 09:41:10,212] {scheduler_job.py:629} INFO - Processing file /Users/harry/.local/share/virtualenvs/rugby_data_project_airflow-d2RAFQI6/lib/python3.8/site-packages/airflow/example_dags/example_kubernetes_executor_config.py for tasks to queue
[2021-05-16 09:41:10,213] {logging_mixin.py:104} INFO - [2021-05-16 09:41:10,212] {dagbag.py:451} INFO - Filling up the DagBag from /Users/harry/.local/share/virtualenvs/rugby_data_project_airflow-d2RAFQI6/lib/python3.8/site-packages/airflow/example_dags/example_kubernetes_executor_config.py
[2021-05-16 09:41:10,218] {logging_mixin.py:104} INFO - [2021-05-16 09:41:10,218] {example_kubernetes_executor_config.py:175} WARNING - Could not import DAGs in example_kubernetes_executor_config.py: No module named 'kubernetes'
[2021-05-16 09:41:10,218] {logging_mixin.py:104} INFO - [2021-05-16 09:41:10,218] {example_kubernetes_executor_config.py:176} WARNING - Install kubernetes dependencies with: pip install apache-airflow['cncf.kubernetes']
[2021-05-16 09:41:10,218] {scheduler_job.py:641} WARNING - No viable dags retrieved from /Users/harry/.local/share/virtualenvs/rugby_data_project_airflow-d2RAFQI6/lib/python3.8/site-packages/airflow/example_dags/example_kubernetes_executor_config.py
[2021-05-16 09:41:10,251] {scheduler_job.py:190} INFO - Processing /Users/harry/.local/share/virtualenvs/rugby_data_project_airflow-d2RAFQI6/lib/python3.8/site-packages/airflow/example_dags/example_kubernetes_executor_config.py took 0.041 seconds
[2021-05-16 13:21:54,910] {scheduler_job.py:182} INFO - Started process (PID=4955) to work on /Users/harry/.local/share/virtualenvs/rugby_data_project_airflow-d2RAFQI6/lib/python3.8/site-packages/airflow/example_dags/example_kubernetes_executor_config.py
[2021-05-16 13:21:54,911] {scheduler_job.py:629} INFO - Processing file /Users/harry/.local/share/virtualenvs/rugby_data_project_airflow-d2RAFQI6/lib/python3.8/site-packages/airflow/example_dags/example_kubernetes_executor_config.py for tasks to queue
[2021-05-16 13:21:54,912] {logging_mixin.py:104} INFO - [2021-05-16 13:21:54,912] {dagbag.py:451} INFO - Filling up the DagBag from /Users/harry/.local/share/virtualenvs/rugby_data_project_airflow-d2RAFQI6/lib/python3.8/site-packages/airflow/example_dags/example_kubernetes_executor_config.py
[2021-05-16 13:21:54,917] {logging_mixin.py:104} INFO - [2021-05-16 13:21:54,917] {example_kubernetes_executor_config.py:175} WARNING - Could not import DAGs in example_kubernetes_executor_config.py: No module named 'kubernetes'
[2021-05-16 13:21:54,917] {logging_mixin.py:104} INFO - [2021-05-16 13:21:54,917] {example_kubernetes_executor_config.py:176} WARNING - Install kubernetes dependencies with: pip install apache-airflow['cncf.kubernetes']
[2021-05-16 13:21:54,917] {scheduler_job.py:641} WARNING - No viable dags retrieved from /Users/harry/.local/share/virtualenvs/rugby_data_project_airflow-d2RAFQI6/lib/python3.8/site-packages/airflow/example_dags/example_kubernetes_executor_config.py
[2021-05-16 13:21:54,944] {scheduler_job.py:190} INFO - Processing /Users/harry/.local/share/virtualenvs/rugby_data_project_airflow-d2RAFQI6/lib/python3.8/site-packages/airflow/example_dags/example_kubernetes_executor_config.py took 0.034 seconds
[2021-05-16 13:22:48,820] {scheduler_job.py:182} INFO - Started process (PID=5655) to work on /Users/harry/.local/share/virtualenvs/rugby_data_project_airflow-d2RAFQI6/lib/python3.8/site-packages/airflow/example_dags/example_kubernetes_executor_config.py
[2021-05-16 13:22:48,820] {scheduler_job.py:629} INFO - Processing file /Users/harry/.local/share/virtualenvs/rugby_data_project_airflow-d2RAFQI6/lib/python3.8/site-packages/airflow/example_dags/example_kubernetes_executor_config.py for tasks to queue
[2021-05-16 13:22:48,821] {logging_mixin.py:104} INFO - [2021-05-16 13:22:48,821] {dagbag.py:451} INFO - Filling up the DagBag from /Users/harry/.local/share/virtualenvs/rugby_data_project_airflow-d2RAFQI6/lib/python3.8/site-packages/airflow/example_dags/example_kubernetes_executor_config.py
[2021-05-16 13:22:48,826] {logging_mixin.py:104} INFO - [2021-05-16 13:22:48,826] {example_kubernetes_executor_config.py:175} WARNING - Could not import DAGs in example_kubernetes_executor_config.py: No module named 'kubernetes'
[2021-05-16 13:22:48,826] {logging_mixin.py:104} INFO - [2021-05-16 13:22:48,826] {example_kubernetes_executor_config.py:176} WARNING - Install kubernetes dependencies with: pip install apache-airflow['cncf.kubernetes']
[2021-05-16 13:22:48,826] {scheduler_job.py:641} WARNING - No viable dags retrieved from /Users/harry/.local/share/virtualenvs/rugby_data_project_airflow-d2RAFQI6/lib/python3.8/site-packages/airflow/example_dags/example_kubernetes_executor_config.py
[2021-05-16 13:22:48,847] {scheduler_job.py:190} INFO - Processing /Users/harry/.local/share/virtualenvs/rugby_data_project_airflow-d2RAFQI6/lib/python3.8/site-packages/airflow/example_dags/example_kubernetes_executor_config.py took 0.027 seconds
[2021-05-16 13:23:38,120] {scheduler_job.py:182} INFO - Started process (PID=6359) to work on /Users/harry/.local/share/virtualenvs/rugby_data_project_airflow-d2RAFQI6/lib/python3.8/site-packages/airflow/example_dags/example_kubernetes_executor_config.py
[2021-05-16 13:23:38,121] {scheduler_job.py:629} INFO - Processing file /Users/harry/.local/share/virtualenvs/rugby_data_project_airflow-d2RAFQI6/lib/python3.8/site-packages/airflow/example_dags/example_kubernetes_executor_config.py for tasks to queue
[2021-05-16 13:23:38,121] {logging_mixin.py:104} INFO - [2021-05-16 13:23:38,121] {dagbag.py:451} INFO - Filling up the DagBag from /Users/harry/.local/share/virtualenvs/rugby_data_project_airflow-d2RAFQI6/lib/python3.8/site-packages/airflow/example_dags/example_kubernetes_executor_config.py
[2021-05-16 13:23:38,124] {logging_mixin.py:104} INFO - [2021-05-16 13:23:38,124] {example_kubernetes_executor_config.py:175} WARNING - Could not import DAGs in example_kubernetes_executor_config.py: No module named 'kubernetes'
[2021-05-16 13:23:38,124] {logging_mixin.py:104} INFO - [2021-05-16 13:23:38,124] {example_kubernetes_executor_config.py:176} WARNING - Install kubernetes dependencies with: pip install apache-airflow['cncf.kubernetes']
[2021-05-16 13:23:38,125] {scheduler_job.py:641} WARNING - No viable dags retrieved from /Users/harry/.local/share/virtualenvs/rugby_data_project_airflow-d2RAFQI6/lib/python3.8/site-packages/airflow/example_dags/example_kubernetes_executor_config.py
[2021-05-16 13:23:38,145] {scheduler_job.py:190} INFO - Processing /Users/harry/.local/share/virtualenvs/rugby_data_project_airflow-d2RAFQI6/lib/python3.8/site-packages/airflow/example_dags/example_kubernetes_executor_config.py took 0.026 seconds
[2021-05-16 20:06:33,825] {scheduler_job.py:182} INFO - Started process (PID=14311) to work on /Users/harry/.local/share/virtualenvs/rugby_data_project_airflow-d2RAFQI6/lib/python3.8/site-packages/airflow/example_dags/example_kubernetes_executor_config.py
[2021-05-16 20:06:33,826] {scheduler_job.py:629} INFO - Processing file /Users/harry/.local/share/virtualenvs/rugby_data_project_airflow-d2RAFQI6/lib/python3.8/site-packages/airflow/example_dags/example_kubernetes_executor_config.py for tasks to queue
[2021-05-16 20:06:33,827] {logging_mixin.py:104} INFO - [2021-05-16 20:06:33,826] {dagbag.py:451} INFO - Filling up the DagBag from /Users/harry/.local/share/virtualenvs/rugby_data_project_airflow-d2RAFQI6/lib/python3.8/site-packages/airflow/example_dags/example_kubernetes_executor_config.py
[2021-05-16 20:06:33,831] {logging_mixin.py:104} INFO - [2021-05-16 20:06:33,831] {example_kubernetes_executor_config.py:175} WARNING - Could not import DAGs in example_kubernetes_executor_config.py: No module named 'kubernetes'
[2021-05-16 20:06:33,831] {logging_mixin.py:104} INFO - [2021-05-16 20:06:33,831] {example_kubernetes_executor_config.py:176} WARNING - Install kubernetes dependencies with: pip install apache-airflow['cncf.kubernetes']
[2021-05-16 20:06:33,831] {scheduler_job.py:641} WARNING - No viable dags retrieved from /Users/harry/.local/share/virtualenvs/rugby_data_project_airflow-d2RAFQI6/lib/python3.8/site-packages/airflow/example_dags/example_kubernetes_executor_config.py
[2021-05-16 20:06:33,852] {scheduler_job.py:190} INFO - Processing /Users/harry/.local/share/virtualenvs/rugby_data_project_airflow-d2RAFQI6/lib/python3.8/site-packages/airflow/example_dags/example_kubernetes_executor_config.py took 0.027 seconds
[2021-05-16 20:07:27,774] {scheduler_job.py:182} INFO - Started process (PID=14883) to work on /Users/harry/.local/share/virtualenvs/rugby_data_project_airflow-d2RAFQI6/lib/python3.8/site-packages/airflow/example_dags/example_kubernetes_executor_config.py
[2021-05-16 20:07:27,775] {scheduler_job.py:629} INFO - Processing file /Users/harry/.local/share/virtualenvs/rugby_data_project_airflow-d2RAFQI6/lib/python3.8/site-packages/airflow/example_dags/example_kubernetes_executor_config.py for tasks to queue
[2021-05-16 20:07:27,775] {logging_mixin.py:104} INFO - [2021-05-16 20:07:27,775] {dagbag.py:451} INFO - Filling up the DagBag from /Users/harry/.local/share/virtualenvs/rugby_data_project_airflow-d2RAFQI6/lib/python3.8/site-packages/airflow/example_dags/example_kubernetes_executor_config.py
[2021-05-16 20:07:27,780] {logging_mixin.py:104} INFO - [2021-05-16 20:07:27,780] {example_kubernetes_executor_config.py:175} WARNING - Could not import DAGs in example_kubernetes_executor_config.py: No module named 'kubernetes'
[2021-05-16 20:07:27,780] {logging_mixin.py:104} INFO - [2021-05-16 20:07:27,780] {example_kubernetes_executor_config.py:176} WARNING - Install kubernetes dependencies with: pip install apache-airflow['cncf.kubernetes']
[2021-05-16 20:07:27,780] {scheduler_job.py:641} WARNING - No viable dags retrieved from /Users/harry/.local/share/virtualenvs/rugby_data_project_airflow-d2RAFQI6/lib/python3.8/site-packages/airflow/example_dags/example_kubernetes_executor_config.py
[2021-05-16 20:07:27,802] {scheduler_job.py:190} INFO - Processing /Users/harry/.local/share/virtualenvs/rugby_data_project_airflow-d2RAFQI6/lib/python3.8/site-packages/airflow/example_dags/example_kubernetes_executor_config.py took 0.029 seconds
[2021-05-16 20:08:19,395] {scheduler_job.py:182} INFO - Started process (PID=15468) to work on /Users/harry/.local/share/virtualenvs/rugby_data_project_airflow-d2RAFQI6/lib/python3.8/site-packages/airflow/example_dags/example_kubernetes_executor_config.py
[2021-05-16 20:08:19,395] {scheduler_job.py:629} INFO - Processing file /Users/harry/.local/share/virtualenvs/rugby_data_project_airflow-d2RAFQI6/lib/python3.8/site-packages/airflow/example_dags/example_kubernetes_executor_config.py for tasks to queue
[2021-05-16 20:08:19,396] {logging_mixin.py:104} INFO - [2021-05-16 20:08:19,396] {dagbag.py:451} INFO - Filling up the DagBag from /Users/harry/.local/share/virtualenvs/rugby_data_project_airflow-d2RAFQI6/lib/python3.8/site-packages/airflow/example_dags/example_kubernetes_executor_config.py
[2021-05-16 20:08:19,400] {logging_mixin.py:104} INFO - [2021-05-16 20:08:19,400] {example_kubernetes_executor_config.py:175} WARNING - Could not import DAGs in example_kubernetes_executor_config.py: No module named 'kubernetes'
[2021-05-16 20:08:19,400] {logging_mixin.py:104} INFO - [2021-05-16 20:08:19,400] {example_kubernetes_executor_config.py:176} WARNING - Install kubernetes dependencies with: pip install apache-airflow['cncf.kubernetes']
[2021-05-16 20:08:19,400] {scheduler_job.py:641} WARNING - No viable dags retrieved from /Users/harry/.local/share/virtualenvs/rugby_data_project_airflow-d2RAFQI6/lib/python3.8/site-packages/airflow/example_dags/example_kubernetes_executor_config.py
[2021-05-16 20:08:19,423] {scheduler_job.py:190} INFO - Processing /Users/harry/.local/share/virtualenvs/rugby_data_project_airflow-d2RAFQI6/lib/python3.8/site-packages/airflow/example_dags/example_kubernetes_executor_config.py took 0.029 seconds
[2021-05-16 20:09:08,097] {scheduler_job.py:182} INFO - Started process (PID=15976) to work on /Users/harry/.local/share/virtualenvs/rugby_data_project_airflow-d2RAFQI6/lib/python3.8/site-packages/airflow/example_dags/example_kubernetes_executor_config.py
[2021-05-16 20:09:08,097] {scheduler_job.py:629} INFO - Processing file /Users/harry/.local/share/virtualenvs/rugby_data_project_airflow-d2RAFQI6/lib/python3.8/site-packages/airflow/example_dags/example_kubernetes_executor_config.py for tasks to queue
[2021-05-16 20:09:08,097] {logging_mixin.py:104} INFO - [2021-05-16 20:09:08,097] {dagbag.py:451} INFO - Filling up the DagBag from /Users/harry/.local/share/virtualenvs/rugby_data_project_airflow-d2RAFQI6/lib/python3.8/site-packages/airflow/example_dags/example_kubernetes_executor_config.py
[2021-05-16 20:09:08,100] {logging_mixin.py:104} INFO - [2021-05-16 20:09:08,100] {example_kubernetes_executor_config.py:175} WARNING - Could not import DAGs in example_kubernetes_executor_config.py: No module named 'kubernetes'
[2021-05-16 20:09:08,100] {logging_mixin.py:104} INFO - [2021-05-16 20:09:08,100] {example_kubernetes_executor_config.py:176} WARNING - Install kubernetes dependencies with: pip install apache-airflow['cncf.kubernetes']
[2021-05-16 20:09:08,100] {scheduler_job.py:641} WARNING - No viable dags retrieved from /Users/harry/.local/share/virtualenvs/rugby_data_project_airflow-d2RAFQI6/lib/python3.8/site-packages/airflow/example_dags/example_kubernetes_executor_config.py
[2021-05-16 20:09:08,120] {scheduler_job.py:190} INFO - Processing /Users/harry/.local/share/virtualenvs/rugby_data_project_airflow-d2RAFQI6/lib/python3.8/site-packages/airflow/example_dags/example_kubernetes_executor_config.py took 0.024 seconds
[2021-05-16 20:09:53,358] {scheduler_job.py:182} INFO - Started process (PID=16545) to work on /Users/harry/.local/share/virtualenvs/rugby_data_project_airflow-d2RAFQI6/lib/python3.8/site-packages/airflow/example_dags/example_kubernetes_executor_config.py
[2021-05-16 20:09:53,358] {scheduler_job.py:629} INFO - Processing file /Users/harry/.local/share/virtualenvs/rugby_data_project_airflow-d2RAFQI6/lib/python3.8/site-packages/airflow/example_dags/example_kubernetes_executor_config.py for tasks to queue
[2021-05-16 20:09:53,359] {logging_mixin.py:104} INFO - [2021-05-16 20:09:53,359] {dagbag.py:451} INFO - Filling up the DagBag from /Users/harry/.local/share/virtualenvs/rugby_data_project_airflow-d2RAFQI6/lib/python3.8/site-packages/airflow/example_dags/example_kubernetes_executor_config.py
[2021-05-16 20:09:53,364] {logging_mixin.py:104} INFO - [2021-05-16 20:09:53,364] {example_kubernetes_executor_config.py:175} WARNING - Could not import DAGs in example_kubernetes_executor_config.py: No module named 'kubernetes'
[2021-05-16 20:09:53,364] {logging_mixin.py:104} INFO - [2021-05-16 20:09:53,364] {example_kubernetes_executor_config.py:176} WARNING - Install kubernetes dependencies with: pip install apache-airflow['cncf.kubernetes']
[2021-05-16 20:09:53,364] {scheduler_job.py:641} WARNING - No viable dags retrieved from /Users/harry/.local/share/virtualenvs/rugby_data_project_airflow-d2RAFQI6/lib/python3.8/site-packages/airflow/example_dags/example_kubernetes_executor_config.py
[2021-05-16 20:09:53,383] {scheduler_job.py:190} INFO - Processing /Users/harry/.local/share/virtualenvs/rugby_data_project_airflow-d2RAFQI6/lib/python3.8/site-packages/airflow/example_dags/example_kubernetes_executor_config.py took 0.026 seconds
[2021-05-16 20:10:45,173] {scheduler_job.py:182} INFO - Started process (PID=17110) to work on /Users/harry/.local/share/virtualenvs/rugby_data_project_airflow-d2RAFQI6/lib/python3.8/site-packages/airflow/example_dags/example_kubernetes_executor_config.py
[2021-05-16 20:10:45,175] {scheduler_job.py:629} INFO - Processing file /Users/harry/.local/share/virtualenvs/rugby_data_project_airflow-d2RAFQI6/lib/python3.8/site-packages/airflow/example_dags/example_kubernetes_executor_config.py for tasks to queue
[2021-05-16 20:10:45,175] {logging_mixin.py:104} INFO - [2021-05-16 20:10:45,175] {dagbag.py:451} INFO - Filling up the DagBag from /Users/harry/.local/share/virtualenvs/rugby_data_project_airflow-d2RAFQI6/lib/python3.8/site-packages/airflow/example_dags/example_kubernetes_executor_config.py
[2021-05-16 20:10:45,179] {logging_mixin.py:104} INFO - [2021-05-16 20:10:45,179] {example_kubernetes_executor_config.py:175} WARNING - Could not import DAGs in example_kubernetes_executor_config.py: No module named 'kubernetes'
[2021-05-16 20:10:45,179] {logging_mixin.py:104} INFO - [2021-05-16 20:10:45,179] {example_kubernetes_executor_config.py:176} WARNING - Install kubernetes dependencies with: pip install apache-airflow['cncf.kubernetes']
[2021-05-16 20:10:45,179] {scheduler_job.py:641} WARNING - No viable dags retrieved from /Users/harry/.local/share/virtualenvs/rugby_data_project_airflow-d2RAFQI6/lib/python3.8/site-packages/airflow/example_dags/example_kubernetes_executor_config.py
[2021-05-16 20:10:45,198] {scheduler_job.py:190} INFO - Processing /Users/harry/.local/share/virtualenvs/rugby_data_project_airflow-d2RAFQI6/lib/python3.8/site-packages/airflow/example_dags/example_kubernetes_executor_config.py took 0.025 seconds
[2021-05-16 20:11:36,883] {scheduler_job.py:182} INFO - Started process (PID=17675) to work on /Users/harry/.local/share/virtualenvs/rugby_data_project_airflow-d2RAFQI6/lib/python3.8/site-packages/airflow/example_dags/example_kubernetes_executor_config.py
[2021-05-16 20:11:36,884] {scheduler_job.py:629} INFO - Processing file /Users/harry/.local/share/virtualenvs/rugby_data_project_airflow-d2RAFQI6/lib/python3.8/site-packages/airflow/example_dags/example_kubernetes_executor_config.py for tasks to queue
[2021-05-16 20:11:36,885] {logging_mixin.py:104} INFO - [2021-05-16 20:11:36,885] {dagbag.py:451} INFO - Filling up the DagBag from /Users/harry/.local/share/virtualenvs/rugby_data_project_airflow-d2RAFQI6/lib/python3.8/site-packages/airflow/example_dags/example_kubernetes_executor_config.py
[2021-05-16 20:11:36,891] {logging_mixin.py:104} INFO - [2021-05-16 20:11:36,891] {example_kubernetes_executor_config.py:175} WARNING - Could not import DAGs in example_kubernetes_executor_config.py: No module named 'kubernetes'
[2021-05-16 20:11:36,891] {logging_mixin.py:104} INFO - [2021-05-16 20:11:36,891] {example_kubernetes_executor_config.py:176} WARNING - Install kubernetes dependencies with: pip install apache-airflow['cncf.kubernetes']
[2021-05-16 20:11:36,891] {scheduler_job.py:641} WARNING - No viable dags retrieved from /Users/harry/.local/share/virtualenvs/rugby_data_project_airflow-d2RAFQI6/lib/python3.8/site-packages/airflow/example_dags/example_kubernetes_executor_config.py
[2021-05-16 20:11:36,912] {scheduler_job.py:190} INFO - Processing /Users/harry/.local/share/virtualenvs/rugby_data_project_airflow-d2RAFQI6/lib/python3.8/site-packages/airflow/example_dags/example_kubernetes_executor_config.py took 0.030 seconds
[2021-05-16 20:12:24,206] {scheduler_job.py:182} INFO - Started process (PID=18222) to work on /Users/harry/.local/share/virtualenvs/rugby_data_project_airflow-d2RAFQI6/lib/python3.8/site-packages/airflow/example_dags/example_kubernetes_executor_config.py
[2021-05-16 20:12:24,208] {scheduler_job.py:629} INFO - Processing file /Users/harry/.local/share/virtualenvs/rugby_data_project_airflow-d2RAFQI6/lib/python3.8/site-packages/airflow/example_dags/example_kubernetes_executor_config.py for tasks to queue
[2021-05-16 20:12:24,209] {logging_mixin.py:104} INFO - [2021-05-16 20:12:24,208] {dagbag.py:451} INFO - Filling up the DagBag from /Users/harry/.local/share/virtualenvs/rugby_data_project_airflow-d2RAFQI6/lib/python3.8/site-packages/airflow/example_dags/example_kubernetes_executor_config.py
[2021-05-16 20:12:24,216] {logging_mixin.py:104} INFO - [2021-05-16 20:12:24,216] {example_kubernetes_executor_config.py:175} WARNING - Could not import DAGs in example_kubernetes_executor_config.py: No module named 'kubernetes'
[2021-05-16 20:12:24,216] {logging_mixin.py:104} INFO - [2021-05-16 20:12:24,216] {example_kubernetes_executor_config.py:176} WARNING - Install kubernetes dependencies with: pip install apache-airflow['cncf.kubernetes']
[2021-05-16 20:12:24,216] {scheduler_job.py:641} WARNING - No viable dags retrieved from /Users/harry/.local/share/virtualenvs/rugby_data_project_airflow-d2RAFQI6/lib/python3.8/site-packages/airflow/example_dags/example_kubernetes_executor_config.py
[2021-05-16 20:12:24,244] {scheduler_job.py:190} INFO - Processing /Users/harry/.local/share/virtualenvs/rugby_data_project_airflow-d2RAFQI6/lib/python3.8/site-packages/airflow/example_dags/example_kubernetes_executor_config.py took 0.038 seconds
[2021-05-16 20:13:11,980] {scheduler_job.py:182} INFO - Started process (PID=18900) to work on /Users/harry/.local/share/virtualenvs/rugby_data_project_airflow-d2RAFQI6/lib/python3.8/site-packages/airflow/example_dags/example_kubernetes_executor_config.py
[2021-05-16 20:13:11,981] {scheduler_job.py:629} INFO - Processing file /Users/harry/.local/share/virtualenvs/rugby_data_project_airflow-d2RAFQI6/lib/python3.8/site-packages/airflow/example_dags/example_kubernetes_executor_config.py for tasks to queue
[2021-05-16 20:13:11,981] {logging_mixin.py:104} INFO - [2021-05-16 20:13:11,981] {dagbag.py:451} INFO - Filling up the DagBag from /Users/harry/.local/share/virtualenvs/rugby_data_project_airflow-d2RAFQI6/lib/python3.8/site-packages/airflow/example_dags/example_kubernetes_executor_config.py
[2021-05-16 20:13:11,987] {logging_mixin.py:104} INFO - [2021-05-16 20:13:11,987] {example_kubernetes_executor_config.py:175} WARNING - Could not import DAGs in example_kubernetes_executor_config.py: No module named 'kubernetes'
[2021-05-16 20:13:11,988] {logging_mixin.py:104} INFO - [2021-05-16 20:13:11,988] {example_kubernetes_executor_config.py:176} WARNING - Install kubernetes dependencies with: pip install apache-airflow['cncf.kubernetes']
[2021-05-16 20:13:11,988] {scheduler_job.py:641} WARNING - No viable dags retrieved from /Users/harry/.local/share/virtualenvs/rugby_data_project_airflow-d2RAFQI6/lib/python3.8/site-packages/airflow/example_dags/example_kubernetes_executor_config.py
[2021-05-16 20:13:12,008] {scheduler_job.py:190} INFO - Processing /Users/harry/.local/share/virtualenvs/rugby_data_project_airflow-d2RAFQI6/lib/python3.8/site-packages/airflow/example_dags/example_kubernetes_executor_config.py took 0.028 seconds
[2021-05-16 20:14:04,702] {scheduler_job.py:182} INFO - Started process (PID=19518) to work on /Users/harry/.local/share/virtualenvs/rugby_data_project_airflow-d2RAFQI6/lib/python3.8/site-packages/airflow/example_dags/example_kubernetes_executor_config.py
[2021-05-16 20:14:04,703] {scheduler_job.py:629} INFO - Processing file /Users/harry/.local/share/virtualenvs/rugby_data_project_airflow-d2RAFQI6/lib/python3.8/site-packages/airflow/example_dags/example_kubernetes_executor_config.py for tasks to queue
[2021-05-16 20:14:04,704] {logging_mixin.py:104} INFO - [2021-05-16 20:14:04,704] {dagbag.py:451} INFO - Filling up the DagBag from /Users/harry/.local/share/virtualenvs/rugby_data_project_airflow-d2RAFQI6/lib/python3.8/site-packages/airflow/example_dags/example_kubernetes_executor_config.py
[2021-05-16 20:14:04,710] {logging_mixin.py:104} INFO - [2021-05-16 20:14:04,710] {example_kubernetes_executor_config.py:175} WARNING - Could not import DAGs in example_kubernetes_executor_config.py: No module named 'kubernetes'
[2021-05-16 20:14:04,710] {logging_mixin.py:104} INFO - [2021-05-16 20:14:04,710] {example_kubernetes_executor_config.py:176} WARNING - Install kubernetes dependencies with: pip install apache-airflow['cncf.kubernetes']
[2021-05-16 20:14:04,710] {scheduler_job.py:641} WARNING - No viable dags retrieved from /Users/harry/.local/share/virtualenvs/rugby_data_project_airflow-d2RAFQI6/lib/python3.8/site-packages/airflow/example_dags/example_kubernetes_executor_config.py
[2021-05-16 20:14:04,730] {scheduler_job.py:190} INFO - Processing /Users/harry/.local/share/virtualenvs/rugby_data_project_airflow-d2RAFQI6/lib/python3.8/site-packages/airflow/example_dags/example_kubernetes_executor_config.py took 0.029 seconds
[2021-05-16 20:14:50,363] {scheduler_job.py:182} INFO - Started process (PID=20038) to work on /Users/harry/.local/share/virtualenvs/rugby_data_project_airflow-d2RAFQI6/lib/python3.8/site-packages/airflow/example_dags/example_kubernetes_executor_config.py
[2021-05-16 20:14:50,365] {scheduler_job.py:629} INFO - Processing file /Users/harry/.local/share/virtualenvs/rugby_data_project_airflow-d2RAFQI6/lib/python3.8/site-packages/airflow/example_dags/example_kubernetes_executor_config.py for tasks to queue
[2021-05-16 20:14:50,366] {logging_mixin.py:104} INFO - [2021-05-16 20:14:50,365] {dagbag.py:451} INFO - Filling up the DagBag from /Users/harry/.local/share/virtualenvs/rugby_data_project_airflow-d2RAFQI6/lib/python3.8/site-packages/airflow/example_dags/example_kubernetes_executor_config.py
[2021-05-16 20:14:50,370] {logging_mixin.py:104} INFO - [2021-05-16 20:14:50,369] {example_kubernetes_executor_config.py:175} WARNING - Could not import DAGs in example_kubernetes_executor_config.py: No module named 'kubernetes'
[2021-05-16 20:14:50,370] {logging_mixin.py:104} INFO - [2021-05-16 20:14:50,370] {example_kubernetes_executor_config.py:176} WARNING - Install kubernetes dependencies with: pip install apache-airflow['cncf.kubernetes']
[2021-05-16 20:14:50,370] {scheduler_job.py:641} WARNING - No viable dags retrieved from /Users/harry/.local/share/virtualenvs/rugby_data_project_airflow-d2RAFQI6/lib/python3.8/site-packages/airflow/example_dags/example_kubernetes_executor_config.py
[2021-05-16 20:14:50,391] {scheduler_job.py:190} INFO - Processing /Users/harry/.local/share/virtualenvs/rugby_data_project_airflow-d2RAFQI6/lib/python3.8/site-packages/airflow/example_dags/example_kubernetes_executor_config.py took 0.028 seconds
[2021-05-16 20:15:39,344] {scheduler_job.py:182} INFO - Started process (PID=21403) to work on /Users/harry/.local/share/virtualenvs/rugby_data_project_airflow-d2RAFQI6/lib/python3.8/site-packages/airflow/example_dags/example_kubernetes_executor_config.py
[2021-05-16 20:15:39,345] {scheduler_job.py:629} INFO - Processing file /Users/harry/.local/share/virtualenvs/rugby_data_project_airflow-d2RAFQI6/lib/python3.8/site-packages/airflow/example_dags/example_kubernetes_executor_config.py for tasks to queue
[2021-05-16 20:15:39,345] {logging_mixin.py:104} INFO - [2021-05-16 20:15:39,345] {dagbag.py:451} INFO - Filling up the DagBag from /Users/harry/.local/share/virtualenvs/rugby_data_project_airflow-d2RAFQI6/lib/python3.8/site-packages/airflow/example_dags/example_kubernetes_executor_config.py
[2021-05-16 20:15:39,352] {logging_mixin.py:104} INFO - [2021-05-16 20:15:39,352] {example_kubernetes_executor_config.py:175} WARNING - Could not import DAGs in example_kubernetes_executor_config.py: No module named 'kubernetes'
[2021-05-16 20:15:39,352] {logging_mixin.py:104} INFO - [2021-05-16 20:15:39,352] {example_kubernetes_executor_config.py:176} WARNING - Install kubernetes dependencies with: pip install apache-airflow['cncf.kubernetes']
[2021-05-16 20:15:39,352] {scheduler_job.py:641} WARNING - No viable dags retrieved from /Users/harry/.local/share/virtualenvs/rugby_data_project_airflow-d2RAFQI6/lib/python3.8/site-packages/airflow/example_dags/example_kubernetes_executor_config.py
[2021-05-16 20:15:39,381] {scheduler_job.py:190} INFO - Processing /Users/harry/.local/share/virtualenvs/rugby_data_project_airflow-d2RAFQI6/lib/python3.8/site-packages/airflow/example_dags/example_kubernetes_executor_config.py took 0.038 seconds
[2021-05-16 20:16:40,976] {scheduler_job.py:182} INFO - Started process (PID=22093) to work on /Users/harry/.local/share/virtualenvs/rugby_data_project_airflow-d2RAFQI6/lib/python3.8/site-packages/airflow/example_dags/example_kubernetes_executor_config.py
[2021-05-16 20:16:40,977] {scheduler_job.py:629} INFO - Processing file /Users/harry/.local/share/virtualenvs/rugby_data_project_airflow-d2RAFQI6/lib/python3.8/site-packages/airflow/example_dags/example_kubernetes_executor_config.py for tasks to queue
[2021-05-16 20:16:40,977] {logging_mixin.py:104} INFO - [2021-05-16 20:16:40,977] {dagbag.py:451} INFO - Filling up the DagBag from /Users/harry/.local/share/virtualenvs/rugby_data_project_airflow-d2RAFQI6/lib/python3.8/site-packages/airflow/example_dags/example_kubernetes_executor_config.py
[2021-05-16 20:16:40,981] {logging_mixin.py:104} INFO - [2021-05-16 20:16:40,981] {example_kubernetes_executor_config.py:175} WARNING - Could not import DAGs in example_kubernetes_executor_config.py: No module named 'kubernetes'
[2021-05-16 20:16:40,981] {logging_mixin.py:104} INFO - [2021-05-16 20:16:40,981] {example_kubernetes_executor_config.py:176} WARNING - Install kubernetes dependencies with: pip install apache-airflow['cncf.kubernetes']
[2021-05-16 20:16:40,981] {scheduler_job.py:641} WARNING - No viable dags retrieved from /Users/harry/.local/share/virtualenvs/rugby_data_project_airflow-d2RAFQI6/lib/python3.8/site-packages/airflow/example_dags/example_kubernetes_executor_config.py
[2021-05-16 20:16:41,003] {scheduler_job.py:190} INFO - Processing /Users/harry/.local/share/virtualenvs/rugby_data_project_airflow-d2RAFQI6/lib/python3.8/site-packages/airflow/example_dags/example_kubernetes_executor_config.py took 0.028 seconds
