[2021-05-16 09:01:19,210] {scheduler_job.py:182} INFO - Started process (PID=43076) to work on /Users/harry/.local/share/virtualenvs/rugby_data_project_airflow-d2RAFQI6/lib/python3.8/site-packages/airflow/example_dags/example_kubernetes_executor.py
[2021-05-16 09:01:19,211] {scheduler_job.py:629} INFO - Processing file /Users/harry/.local/share/virtualenvs/rugby_data_project_airflow-d2RAFQI6/lib/python3.8/site-packages/airflow/example_dags/example_kubernetes_executor.py for tasks to queue
[2021-05-16 09:01:19,211] {logging_mixin.py:104} INFO - [2021-05-16 09:01:19,211] {dagbag.py:451} INFO - Filling up the DagBag from /Users/harry/.local/share/virtualenvs/rugby_data_project_airflow-d2RAFQI6/lib/python3.8/site-packages/airflow/example_dags/example_kubernetes_executor.py
[2021-05-16 09:01:19,219] {scheduler_job.py:639} INFO - DAG(s) dict_keys(['example_kubernetes_executor']) retrieved from /Users/harry/.local/share/virtualenvs/rugby_data_project_airflow-d2RAFQI6/lib/python3.8/site-packages/airflow/example_dags/example_kubernetes_executor.py
[2021-05-16 09:01:19,254] {logging_mixin.py:104} INFO - [2021-05-16 09:01:19,254] {dag.py:1824} INFO - Sync 1 DAGs
[2021-05-16 09:01:19,260] {logging_mixin.py:104} INFO - [2021-05-16 09:01:19,260] {dag.py:2280} INFO - Setting next_dagrun for example_kubernetes_executor to None
[2021-05-16 09:01:19,269] {scheduler_job.py:190} INFO - Processing /Users/harry/.local/share/virtualenvs/rugby_data_project_airflow-d2RAFQI6/lib/python3.8/site-packages/airflow/example_dags/example_kubernetes_executor.py took 0.059 seconds
[2021-05-16 09:05:49,434] {scheduler_job.py:182} INFO - Started process (PID=44936) to work on /Users/harry/.local/share/virtualenvs/rugby_data_project_airflow-d2RAFQI6/lib/python3.8/site-packages/airflow/example_dags/example_kubernetes_executor.py
[2021-05-16 09:05:49,436] {scheduler_job.py:629} INFO - Processing file /Users/harry/.local/share/virtualenvs/rugby_data_project_airflow-d2RAFQI6/lib/python3.8/site-packages/airflow/example_dags/example_kubernetes_executor.py for tasks to queue
[2021-05-16 09:05:49,436] {logging_mixin.py:104} INFO - [2021-05-16 09:05:49,436] {dagbag.py:451} INFO - Filling up the DagBag from /Users/harry/.local/share/virtualenvs/rugby_data_project_airflow-d2RAFQI6/lib/python3.8/site-packages/airflow/example_dags/example_kubernetes_executor.py
[2021-05-16 09:05:49,444] {scheduler_job.py:639} INFO - DAG(s) dict_keys(['example_kubernetes_executor']) retrieved from /Users/harry/.local/share/virtualenvs/rugby_data_project_airflow-d2RAFQI6/lib/python3.8/site-packages/airflow/example_dags/example_kubernetes_executor.py
[2021-05-16 09:05:49,475] {logging_mixin.py:104} INFO - [2021-05-16 09:05:49,475] {dag.py:1824} INFO - Sync 1 DAGs
[2021-05-16 09:05:49,482] {logging_mixin.py:104} INFO - [2021-05-16 09:05:49,482] {dag.py:2280} INFO - Setting next_dagrun for example_kubernetes_executor to None
[2021-05-16 09:05:49,490] {scheduler_job.py:190} INFO - Processing /Users/harry/.local/share/virtualenvs/rugby_data_project_airflow-d2RAFQI6/lib/python3.8/site-packages/airflow/example_dags/example_kubernetes_executor.py took 0.056 seconds
[2021-05-16 09:09:54,051] {scheduler_job.py:182} INFO - Started process (PID=46678) to work on /Users/harry/.local/share/virtualenvs/rugby_data_project_airflow-d2RAFQI6/lib/python3.8/site-packages/airflow/example_dags/example_kubernetes_executor.py
[2021-05-16 09:09:54,052] {scheduler_job.py:629} INFO - Processing file /Users/harry/.local/share/virtualenvs/rugby_data_project_airflow-d2RAFQI6/lib/python3.8/site-packages/airflow/example_dags/example_kubernetes_executor.py for tasks to queue
[2021-05-16 09:09:54,052] {logging_mixin.py:104} INFO - [2021-05-16 09:09:54,052] {dagbag.py:451} INFO - Filling up the DagBag from /Users/harry/.local/share/virtualenvs/rugby_data_project_airflow-d2RAFQI6/lib/python3.8/site-packages/airflow/example_dags/example_kubernetes_executor.py
[2021-05-16 09:09:54,060] {scheduler_job.py:639} INFO - DAG(s) dict_keys(['example_kubernetes_executor']) retrieved from /Users/harry/.local/share/virtualenvs/rugby_data_project_airflow-d2RAFQI6/lib/python3.8/site-packages/airflow/example_dags/example_kubernetes_executor.py
[2021-05-16 09:09:54,091] {logging_mixin.py:104} INFO - [2021-05-16 09:09:54,091] {dag.py:1824} INFO - Sync 1 DAGs
[2021-05-16 09:09:54,098] {logging_mixin.py:104} INFO - [2021-05-16 09:09:54,098] {dag.py:2280} INFO - Setting next_dagrun for example_kubernetes_executor to None
[2021-05-16 09:09:54,108] {scheduler_job.py:190} INFO - Processing /Users/harry/.local/share/virtualenvs/rugby_data_project_airflow-d2RAFQI6/lib/python3.8/site-packages/airflow/example_dags/example_kubernetes_executor.py took 0.057 seconds
[2021-05-16 09:14:15,283] {scheduler_job.py:182} INFO - Started process (PID=48486) to work on /Users/harry/.local/share/virtualenvs/rugby_data_project_airflow-d2RAFQI6/lib/python3.8/site-packages/airflow/example_dags/example_kubernetes_executor.py
[2021-05-16 09:14:15,284] {scheduler_job.py:629} INFO - Processing file /Users/harry/.local/share/virtualenvs/rugby_data_project_airflow-d2RAFQI6/lib/python3.8/site-packages/airflow/example_dags/example_kubernetes_executor.py for tasks to queue
[2021-05-16 09:14:15,285] {logging_mixin.py:104} INFO - [2021-05-16 09:14:15,285] {dagbag.py:451} INFO - Filling up the DagBag from /Users/harry/.local/share/virtualenvs/rugby_data_project_airflow-d2RAFQI6/lib/python3.8/site-packages/airflow/example_dags/example_kubernetes_executor.py
[2021-05-16 09:14:15,294] {scheduler_job.py:639} INFO - DAG(s) dict_keys(['example_kubernetes_executor']) retrieved from /Users/harry/.local/share/virtualenvs/rugby_data_project_airflow-d2RAFQI6/lib/python3.8/site-packages/airflow/example_dags/example_kubernetes_executor.py
[2021-05-16 09:14:15,331] {logging_mixin.py:104} INFO - [2021-05-16 09:14:15,330] {dag.py:1824} INFO - Sync 1 DAGs
[2021-05-16 09:14:15,339] {logging_mixin.py:104} INFO - [2021-05-16 09:14:15,339] {dag.py:2280} INFO - Setting next_dagrun for example_kubernetes_executor to None
[2021-05-16 09:14:15,347] {scheduler_job.py:190} INFO - Processing /Users/harry/.local/share/virtualenvs/rugby_data_project_airflow-d2RAFQI6/lib/python3.8/site-packages/airflow/example_dags/example_kubernetes_executor.py took 0.064 seconds
[2021-05-16 09:19:07,618] {scheduler_job.py:182} INFO - Started process (PID=50369) to work on /Users/harry/.local/share/virtualenvs/rugby_data_project_airflow-d2RAFQI6/lib/python3.8/site-packages/airflow/example_dags/example_kubernetes_executor.py
[2021-05-16 09:19:07,619] {scheduler_job.py:629} INFO - Processing file /Users/harry/.local/share/virtualenvs/rugby_data_project_airflow-d2RAFQI6/lib/python3.8/site-packages/airflow/example_dags/example_kubernetes_executor.py for tasks to queue
[2021-05-16 09:19:07,620] {logging_mixin.py:104} INFO - [2021-05-16 09:19:07,620] {dagbag.py:451} INFO - Filling up the DagBag from /Users/harry/.local/share/virtualenvs/rugby_data_project_airflow-d2RAFQI6/lib/python3.8/site-packages/airflow/example_dags/example_kubernetes_executor.py
[2021-05-16 09:19:07,629] {scheduler_job.py:639} INFO - DAG(s) dict_keys(['example_kubernetes_executor']) retrieved from /Users/harry/.local/share/virtualenvs/rugby_data_project_airflow-d2RAFQI6/lib/python3.8/site-packages/airflow/example_dags/example_kubernetes_executor.py
[2021-05-16 09:19:07,666] {logging_mixin.py:104} INFO - [2021-05-16 09:19:07,666] {dag.py:1824} INFO - Sync 1 DAGs
[2021-05-16 09:19:07,674] {logging_mixin.py:104} INFO - [2021-05-16 09:19:07,674] {dag.py:2280} INFO - Setting next_dagrun for example_kubernetes_executor to None
[2021-05-16 09:19:07,683] {scheduler_job.py:190} INFO - Processing /Users/harry/.local/share/virtualenvs/rugby_data_project_airflow-d2RAFQI6/lib/python3.8/site-packages/airflow/example_dags/example_kubernetes_executor.py took 0.066 seconds
[2021-05-16 09:23:53,511] {scheduler_job.py:182} INFO - Started process (PID=52191) to work on /Users/harry/.local/share/virtualenvs/rugby_data_project_airflow-d2RAFQI6/lib/python3.8/site-packages/airflow/example_dags/example_kubernetes_executor.py
[2021-05-16 09:23:53,512] {scheduler_job.py:629} INFO - Processing file /Users/harry/.local/share/virtualenvs/rugby_data_project_airflow-d2RAFQI6/lib/python3.8/site-packages/airflow/example_dags/example_kubernetes_executor.py for tasks to queue
[2021-05-16 09:23:53,512] {logging_mixin.py:104} INFO - [2021-05-16 09:23:53,512] {dagbag.py:451} INFO - Filling up the DagBag from /Users/harry/.local/share/virtualenvs/rugby_data_project_airflow-d2RAFQI6/lib/python3.8/site-packages/airflow/example_dags/example_kubernetes_executor.py
[2021-05-16 09:23:53,522] {scheduler_job.py:639} INFO - DAG(s) dict_keys(['example_kubernetes_executor']) retrieved from /Users/harry/.local/share/virtualenvs/rugby_data_project_airflow-d2RAFQI6/lib/python3.8/site-packages/airflow/example_dags/example_kubernetes_executor.py
[2021-05-16 09:23:53,559] {logging_mixin.py:104} INFO - [2021-05-16 09:23:53,558] {dag.py:1824} INFO - Sync 1 DAGs
[2021-05-16 09:23:53,567] {logging_mixin.py:104} INFO - [2021-05-16 09:23:53,566] {dag.py:2280} INFO - Setting next_dagrun for example_kubernetes_executor to None
[2021-05-16 09:23:53,576] {scheduler_job.py:190} INFO - Processing /Users/harry/.local/share/virtualenvs/rugby_data_project_airflow-d2RAFQI6/lib/python3.8/site-packages/airflow/example_dags/example_kubernetes_executor.py took 0.066 seconds
[2021-05-16 09:28:43,904] {scheduler_job.py:182} INFO - Started process (PID=54025) to work on /Users/harry/.local/share/virtualenvs/rugby_data_project_airflow-d2RAFQI6/lib/python3.8/site-packages/airflow/example_dags/example_kubernetes_executor.py
[2021-05-16 09:28:43,906] {scheduler_job.py:629} INFO - Processing file /Users/harry/.local/share/virtualenvs/rugby_data_project_airflow-d2RAFQI6/lib/python3.8/site-packages/airflow/example_dags/example_kubernetes_executor.py for tasks to queue
[2021-05-16 09:28:43,906] {logging_mixin.py:104} INFO - [2021-05-16 09:28:43,906] {dagbag.py:451} INFO - Filling up the DagBag from /Users/harry/.local/share/virtualenvs/rugby_data_project_airflow-d2RAFQI6/lib/python3.8/site-packages/airflow/example_dags/example_kubernetes_executor.py
[2021-05-16 09:28:43,916] {scheduler_job.py:639} INFO - DAG(s) dict_keys(['example_kubernetes_executor']) retrieved from /Users/harry/.local/share/virtualenvs/rugby_data_project_airflow-d2RAFQI6/lib/python3.8/site-packages/airflow/example_dags/example_kubernetes_executor.py
[2021-05-16 09:28:43,955] {logging_mixin.py:104} INFO - [2021-05-16 09:28:43,954] {dag.py:1824} INFO - Sync 1 DAGs
[2021-05-16 09:28:43,964] {logging_mixin.py:104} INFO - [2021-05-16 09:28:43,964] {dag.py:2280} INFO - Setting next_dagrun for example_kubernetes_executor to None
[2021-05-16 09:28:43,973] {scheduler_job.py:190} INFO - Processing /Users/harry/.local/share/virtualenvs/rugby_data_project_airflow-d2RAFQI6/lib/python3.8/site-packages/airflow/example_dags/example_kubernetes_executor.py took 0.069 seconds
[2021-05-16 09:33:34,854] {scheduler_job.py:182} INFO - Started process (PID=55746) to work on /Users/harry/.local/share/virtualenvs/rugby_data_project_airflow-d2RAFQI6/lib/python3.8/site-packages/airflow/example_dags/example_kubernetes_executor.py
[2021-05-16 09:33:34,856] {scheduler_job.py:629} INFO - Processing file /Users/harry/.local/share/virtualenvs/rugby_data_project_airflow-d2RAFQI6/lib/python3.8/site-packages/airflow/example_dags/example_kubernetes_executor.py for tasks to queue
[2021-05-16 09:33:34,856] {logging_mixin.py:104} INFO - [2021-05-16 09:33:34,856] {dagbag.py:451} INFO - Filling up the DagBag from /Users/harry/.local/share/virtualenvs/rugby_data_project_airflow-d2RAFQI6/lib/python3.8/site-packages/airflow/example_dags/example_kubernetes_executor.py
[2021-05-16 09:33:34,866] {scheduler_job.py:639} INFO - DAG(s) dict_keys(['example_kubernetes_executor']) retrieved from /Users/harry/.local/share/virtualenvs/rugby_data_project_airflow-d2RAFQI6/lib/python3.8/site-packages/airflow/example_dags/example_kubernetes_executor.py
[2021-05-16 09:33:34,905] {logging_mixin.py:104} INFO - [2021-05-16 09:33:34,905] {dag.py:1824} INFO - Sync 1 DAGs
[2021-05-16 09:33:34,913] {logging_mixin.py:104} INFO - [2021-05-16 09:33:34,913] {dag.py:2280} INFO - Setting next_dagrun for example_kubernetes_executor to None
[2021-05-16 09:33:34,923] {scheduler_job.py:190} INFO - Processing /Users/harry/.local/share/virtualenvs/rugby_data_project_airflow-d2RAFQI6/lib/python3.8/site-packages/airflow/example_dags/example_kubernetes_executor.py took 0.069 seconds
[2021-05-16 09:38:28,414] {scheduler_job.py:182} INFO - Started process (PID=57574) to work on /Users/harry/.local/share/virtualenvs/rugby_data_project_airflow-d2RAFQI6/lib/python3.8/site-packages/airflow/example_dags/example_kubernetes_executor.py
[2021-05-16 09:38:28,415] {scheduler_job.py:629} INFO - Processing file /Users/harry/.local/share/virtualenvs/rugby_data_project_airflow-d2RAFQI6/lib/python3.8/site-packages/airflow/example_dags/example_kubernetes_executor.py for tasks to queue
[2021-05-16 09:38:28,415] {logging_mixin.py:104} INFO - [2021-05-16 09:38:28,415] {dagbag.py:451} INFO - Filling up the DagBag from /Users/harry/.local/share/virtualenvs/rugby_data_project_airflow-d2RAFQI6/lib/python3.8/site-packages/airflow/example_dags/example_kubernetes_executor.py
[2021-05-16 09:38:28,427] {scheduler_job.py:639} INFO - DAG(s) dict_keys(['example_kubernetes_executor']) retrieved from /Users/harry/.local/share/virtualenvs/rugby_data_project_airflow-d2RAFQI6/lib/python3.8/site-packages/airflow/example_dags/example_kubernetes_executor.py
[2021-05-16 09:38:28,468] {logging_mixin.py:104} INFO - [2021-05-16 09:38:28,468] {dag.py:1824} INFO - Sync 1 DAGs
[2021-05-16 09:38:28,477] {logging_mixin.py:104} INFO - [2021-05-16 09:38:28,477] {dag.py:2280} INFO - Setting next_dagrun for example_kubernetes_executor to None
[2021-05-16 09:38:28,488] {scheduler_job.py:190} INFO - Processing /Users/harry/.local/share/virtualenvs/rugby_data_project_airflow-d2RAFQI6/lib/python3.8/site-packages/airflow/example_dags/example_kubernetes_executor.py took 0.075 seconds
[2021-05-16 09:43:17,735] {scheduler_job.py:182} INFO - Started process (PID=59270) to work on /Users/harry/.local/share/virtualenvs/rugby_data_project_airflow-d2RAFQI6/lib/python3.8/site-packages/airflow/example_dags/example_kubernetes_executor.py
[2021-05-16 09:43:17,736] {scheduler_job.py:629} INFO - Processing file /Users/harry/.local/share/virtualenvs/rugby_data_project_airflow-d2RAFQI6/lib/python3.8/site-packages/airflow/example_dags/example_kubernetes_executor.py for tasks to queue
[2021-05-16 09:43:17,737] {logging_mixin.py:104} INFO - [2021-05-16 09:43:17,737] {dagbag.py:451} INFO - Filling up the DagBag from /Users/harry/.local/share/virtualenvs/rugby_data_project_airflow-d2RAFQI6/lib/python3.8/site-packages/airflow/example_dags/example_kubernetes_executor.py
[2021-05-16 09:43:17,747] {scheduler_job.py:639} INFO - DAG(s) dict_keys(['example_kubernetes_executor']) retrieved from /Users/harry/.local/share/virtualenvs/rugby_data_project_airflow-d2RAFQI6/lib/python3.8/site-packages/airflow/example_dags/example_kubernetes_executor.py
[2021-05-16 09:43:17,784] {logging_mixin.py:104} INFO - [2021-05-16 09:43:17,784] {dag.py:1824} INFO - Sync 1 DAGs
[2021-05-16 09:43:17,793] {logging_mixin.py:104} INFO - [2021-05-16 09:43:17,793] {dag.py:2280} INFO - Setting next_dagrun for example_kubernetes_executor to None
[2021-05-16 09:43:17,803] {scheduler_job.py:190} INFO - Processing /Users/harry/.local/share/virtualenvs/rugby_data_project_airflow-d2RAFQI6/lib/python3.8/site-packages/airflow/example_dags/example_kubernetes_executor.py took 0.068 seconds
[2021-05-16 13:21:18,606] {scheduler_job.py:182} INFO - Started process (PID=4470) to work on /Users/harry/.local/share/virtualenvs/rugby_data_project_airflow-d2RAFQI6/lib/python3.8/site-packages/airflow/example_dags/example_kubernetes_executor.py
[2021-05-16 13:21:18,608] {scheduler_job.py:629} INFO - Processing file /Users/harry/.local/share/virtualenvs/rugby_data_project_airflow-d2RAFQI6/lib/python3.8/site-packages/airflow/example_dags/example_kubernetes_executor.py for tasks to queue
[2021-05-16 13:21:18,608] {logging_mixin.py:104} INFO - [2021-05-16 13:21:18,608] {dagbag.py:451} INFO - Filling up the DagBag from /Users/harry/.local/share/virtualenvs/rugby_data_project_airflow-d2RAFQI6/lib/python3.8/site-packages/airflow/example_dags/example_kubernetes_executor.py
[2021-05-16 13:21:18,618] {scheduler_job.py:639} INFO - DAG(s) dict_keys(['example_kubernetes_executor']) retrieved from /Users/harry/.local/share/virtualenvs/rugby_data_project_airflow-d2RAFQI6/lib/python3.8/site-packages/airflow/example_dags/example_kubernetes_executor.py
[2021-05-16 13:21:18,667] {logging_mixin.py:104} INFO - [2021-05-16 13:21:18,667] {dag.py:1824} INFO - Sync 1 DAGs
[2021-05-16 13:21:18,672] {logging_mixin.py:104} INFO - [2021-05-16 13:21:18,672] {dag.py:2280} INFO - Setting next_dagrun for example_kubernetes_executor to None
[2021-05-16 13:21:18,678] {scheduler_job.py:190} INFO - Processing /Users/harry/.local/share/virtualenvs/rugby_data_project_airflow-d2RAFQI6/lib/python3.8/site-packages/airflow/example_dags/example_kubernetes_executor.py took 0.072 seconds
[2021-05-16 13:22:15,072] {scheduler_job.py:182} INFO - Started process (PID=5220) to work on /Users/harry/.local/share/virtualenvs/rugby_data_project_airflow-d2RAFQI6/lib/python3.8/site-packages/airflow/example_dags/example_kubernetes_executor.py
[2021-05-16 13:22:15,073] {scheduler_job.py:629} INFO - Processing file /Users/harry/.local/share/virtualenvs/rugby_data_project_airflow-d2RAFQI6/lib/python3.8/site-packages/airflow/example_dags/example_kubernetes_executor.py for tasks to queue
[2021-05-16 13:22:15,073] {logging_mixin.py:104} INFO - [2021-05-16 13:22:15,073] {dagbag.py:451} INFO - Filling up the DagBag from /Users/harry/.local/share/virtualenvs/rugby_data_project_airflow-d2RAFQI6/lib/python3.8/site-packages/airflow/example_dags/example_kubernetes_executor.py
[2021-05-16 13:22:15,081] {scheduler_job.py:639} INFO - DAG(s) dict_keys(['example_kubernetes_executor']) retrieved from /Users/harry/.local/share/virtualenvs/rugby_data_project_airflow-d2RAFQI6/lib/python3.8/site-packages/airflow/example_dags/example_kubernetes_executor.py
[2021-05-16 13:22:15,107] {logging_mixin.py:104} INFO - [2021-05-16 13:22:15,107] {dag.py:1824} INFO - Sync 1 DAGs
[2021-05-16 13:22:15,113] {logging_mixin.py:104} INFO - [2021-05-16 13:22:15,113] {dag.py:2280} INFO - Setting next_dagrun for example_kubernetes_executor to None
[2021-05-16 13:22:15,118] {scheduler_job.py:190} INFO - Processing /Users/harry/.local/share/virtualenvs/rugby_data_project_airflow-d2RAFQI6/lib/python3.8/site-packages/airflow/example_dags/example_kubernetes_executor.py took 0.047 seconds
[2021-05-16 13:22:58,150] {scheduler_job.py:182} INFO - Started process (PID=5796) to work on /Users/harry/.local/share/virtualenvs/rugby_data_project_airflow-d2RAFQI6/lib/python3.8/site-packages/airflow/example_dags/example_kubernetes_executor.py
[2021-05-16 13:22:58,151] {scheduler_job.py:629} INFO - Processing file /Users/harry/.local/share/virtualenvs/rugby_data_project_airflow-d2RAFQI6/lib/python3.8/site-packages/airflow/example_dags/example_kubernetes_executor.py for tasks to queue
[2021-05-16 13:22:58,151] {logging_mixin.py:104} INFO - [2021-05-16 13:22:58,151] {dagbag.py:451} INFO - Filling up the DagBag from /Users/harry/.local/share/virtualenvs/rugby_data_project_airflow-d2RAFQI6/lib/python3.8/site-packages/airflow/example_dags/example_kubernetes_executor.py
[2021-05-16 13:22:58,158] {scheduler_job.py:639} INFO - DAG(s) dict_keys(['example_kubernetes_executor']) retrieved from /Users/harry/.local/share/virtualenvs/rugby_data_project_airflow-d2RAFQI6/lib/python3.8/site-packages/airflow/example_dags/example_kubernetes_executor.py
[2021-05-16 13:22:58,182] {logging_mixin.py:104} INFO - [2021-05-16 13:22:58,182] {dag.py:1824} INFO - Sync 1 DAGs
[2021-05-16 13:22:58,188] {logging_mixin.py:104} INFO - [2021-05-16 13:22:58,188] {dag.py:2280} INFO - Setting next_dagrun for example_kubernetes_executor to None
[2021-05-16 13:22:58,194] {scheduler_job.py:190} INFO - Processing /Users/harry/.local/share/virtualenvs/rugby_data_project_airflow-d2RAFQI6/lib/python3.8/site-packages/airflow/example_dags/example_kubernetes_executor.py took 0.045 seconds
[2021-05-16 13:23:30,934] {scheduler_job.py:182} INFO - Started process (PID=6282) to work on /Users/harry/.local/share/virtualenvs/rugby_data_project_airflow-d2RAFQI6/lib/python3.8/site-packages/airflow/example_dags/example_kubernetes_executor.py
[2021-05-16 13:23:30,935] {scheduler_job.py:629} INFO - Processing file /Users/harry/.local/share/virtualenvs/rugby_data_project_airflow-d2RAFQI6/lib/python3.8/site-packages/airflow/example_dags/example_kubernetes_executor.py for tasks to queue
[2021-05-16 13:23:30,935] {logging_mixin.py:104} INFO - [2021-05-16 13:23:30,935] {dagbag.py:451} INFO - Filling up the DagBag from /Users/harry/.local/share/virtualenvs/rugby_data_project_airflow-d2RAFQI6/lib/python3.8/site-packages/airflow/example_dags/example_kubernetes_executor.py
[2021-05-16 13:23:30,942] {scheduler_job.py:639} INFO - DAG(s) dict_keys(['example_kubernetes_executor']) retrieved from /Users/harry/.local/share/virtualenvs/rugby_data_project_airflow-d2RAFQI6/lib/python3.8/site-packages/airflow/example_dags/example_kubernetes_executor.py
[2021-05-16 13:23:30,966] {logging_mixin.py:104} INFO - [2021-05-16 13:23:30,965] {dag.py:1824} INFO - Sync 1 DAGs
[2021-05-16 13:23:30,971] {logging_mixin.py:104} INFO - [2021-05-16 13:23:30,971] {dag.py:2280} INFO - Setting next_dagrun for example_kubernetes_executor to None
[2021-05-16 13:23:30,976] {scheduler_job.py:190} INFO - Processing /Users/harry/.local/share/virtualenvs/rugby_data_project_airflow-d2RAFQI6/lib/python3.8/site-packages/airflow/example_dags/example_kubernetes_executor.py took 0.043 seconds
[2021-05-16 13:24:05,697] {scheduler_job.py:182} INFO - Started process (PID=6773) to work on /Users/harry/.local/share/virtualenvs/rugby_data_project_airflow-d2RAFQI6/lib/python3.8/site-packages/airflow/example_dags/example_kubernetes_executor.py
[2021-05-16 13:24:05,698] {scheduler_job.py:629} INFO - Processing file /Users/harry/.local/share/virtualenvs/rugby_data_project_airflow-d2RAFQI6/lib/python3.8/site-packages/airflow/example_dags/example_kubernetes_executor.py for tasks to queue
[2021-05-16 13:24:05,699] {logging_mixin.py:104} INFO - [2021-05-16 13:24:05,699] {dagbag.py:451} INFO - Filling up the DagBag from /Users/harry/.local/share/virtualenvs/rugby_data_project_airflow-d2RAFQI6/lib/python3.8/site-packages/airflow/example_dags/example_kubernetes_executor.py
[2021-05-16 13:24:05,707] {scheduler_job.py:639} INFO - DAG(s) dict_keys(['example_kubernetes_executor']) retrieved from /Users/harry/.local/share/virtualenvs/rugby_data_project_airflow-d2RAFQI6/lib/python3.8/site-packages/airflow/example_dags/example_kubernetes_executor.py
[2021-05-16 13:24:05,730] {logging_mixin.py:104} INFO - [2021-05-16 13:24:05,730] {dag.py:1824} INFO - Sync 1 DAGs
[2021-05-16 13:24:05,736] {logging_mixin.py:104} INFO - [2021-05-16 13:24:05,735] {dag.py:2280} INFO - Setting next_dagrun for example_kubernetes_executor to None
[2021-05-16 13:24:05,741] {scheduler_job.py:190} INFO - Processing /Users/harry/.local/share/virtualenvs/rugby_data_project_airflow-d2RAFQI6/lib/python3.8/site-packages/airflow/example_dags/example_kubernetes_executor.py took 0.044 seconds
[2021-05-16 20:06:17,818] {scheduler_job.py:182} INFO - Started process (PID=14158) to work on /Users/harry/.local/share/virtualenvs/rugby_data_project_airflow-d2RAFQI6/lib/python3.8/site-packages/airflow/example_dags/example_kubernetes_executor.py
[2021-05-16 20:06:17,820] {scheduler_job.py:629} INFO - Processing file /Users/harry/.local/share/virtualenvs/rugby_data_project_airflow-d2RAFQI6/lib/python3.8/site-packages/airflow/example_dags/example_kubernetes_executor.py for tasks to queue
[2021-05-16 20:06:17,821] {logging_mixin.py:104} INFO - [2021-05-16 20:06:17,821] {dagbag.py:451} INFO - Filling up the DagBag from /Users/harry/.local/share/virtualenvs/rugby_data_project_airflow-d2RAFQI6/lib/python3.8/site-packages/airflow/example_dags/example_kubernetes_executor.py
[2021-05-16 20:06:17,833] {scheduler_job.py:639} INFO - DAG(s) dict_keys(['example_kubernetes_executor']) retrieved from /Users/harry/.local/share/virtualenvs/rugby_data_project_airflow-d2RAFQI6/lib/python3.8/site-packages/airflow/example_dags/example_kubernetes_executor.py
[2021-05-16 20:06:17,861] {logging_mixin.py:104} INFO - [2021-05-16 20:06:17,861] {dag.py:1824} INFO - Sync 1 DAGs
[2021-05-16 20:06:17,866] {logging_mixin.py:104} INFO - [2021-05-16 20:06:17,866] {dag.py:2280} INFO - Setting next_dagrun for example_kubernetes_executor to None
[2021-05-16 20:06:17,874] {scheduler_job.py:190} INFO - Processing /Users/harry/.local/share/virtualenvs/rugby_data_project_airflow-d2RAFQI6/lib/python3.8/site-packages/airflow/example_dags/example_kubernetes_executor.py took 0.056 seconds
[2021-05-16 20:07:04,057] {scheduler_job.py:182} INFO - Started process (PID=14627) to work on /Users/harry/.local/share/virtualenvs/rugby_data_project_airflow-d2RAFQI6/lib/python3.8/site-packages/airflow/example_dags/example_kubernetes_executor.py
[2021-05-16 20:07:04,059] {scheduler_job.py:629} INFO - Processing file /Users/harry/.local/share/virtualenvs/rugby_data_project_airflow-d2RAFQI6/lib/python3.8/site-packages/airflow/example_dags/example_kubernetes_executor.py for tasks to queue
[2021-05-16 20:07:04,060] {logging_mixin.py:104} INFO - [2021-05-16 20:07:04,060] {dagbag.py:451} INFO - Filling up the DagBag from /Users/harry/.local/share/virtualenvs/rugby_data_project_airflow-d2RAFQI6/lib/python3.8/site-packages/airflow/example_dags/example_kubernetes_executor.py
[2021-05-16 20:07:04,071] {scheduler_job.py:639} INFO - DAG(s) dict_keys(['example_kubernetes_executor']) retrieved from /Users/harry/.local/share/virtualenvs/rugby_data_project_airflow-d2RAFQI6/lib/python3.8/site-packages/airflow/example_dags/example_kubernetes_executor.py
[2021-05-16 20:07:04,096] {logging_mixin.py:104} INFO - [2021-05-16 20:07:04,096] {dag.py:1824} INFO - Sync 1 DAGs
[2021-05-16 20:07:04,102] {logging_mixin.py:104} INFO - [2021-05-16 20:07:04,102] {dag.py:2280} INFO - Setting next_dagrun for example_kubernetes_executor to None
[2021-05-16 20:07:04,109] {scheduler_job.py:190} INFO - Processing /Users/harry/.local/share/virtualenvs/rugby_data_project_airflow-d2RAFQI6/lib/python3.8/site-packages/airflow/example_dags/example_kubernetes_executor.py took 0.053 seconds
[2021-05-16 20:07:53,700] {scheduler_job.py:182} INFO - Started process (PID=15159) to work on /Users/harry/.local/share/virtualenvs/rugby_data_project_airflow-d2RAFQI6/lib/python3.8/site-packages/airflow/example_dags/example_kubernetes_executor.py
[2021-05-16 20:07:53,701] {scheduler_job.py:629} INFO - Processing file /Users/harry/.local/share/virtualenvs/rugby_data_project_airflow-d2RAFQI6/lib/python3.8/site-packages/airflow/example_dags/example_kubernetes_executor.py for tasks to queue
[2021-05-16 20:07:53,702] {logging_mixin.py:104} INFO - [2021-05-16 20:07:53,702] {dagbag.py:451} INFO - Filling up the DagBag from /Users/harry/.local/share/virtualenvs/rugby_data_project_airflow-d2RAFQI6/lib/python3.8/site-packages/airflow/example_dags/example_kubernetes_executor.py
[2021-05-16 20:07:53,712] {scheduler_job.py:639} INFO - DAG(s) dict_keys(['example_kubernetes_executor']) retrieved from /Users/harry/.local/share/virtualenvs/rugby_data_project_airflow-d2RAFQI6/lib/python3.8/site-packages/airflow/example_dags/example_kubernetes_executor.py
[2021-05-16 20:07:53,736] {logging_mixin.py:104} INFO - [2021-05-16 20:07:53,735] {dag.py:1824} INFO - Sync 1 DAGs
[2021-05-16 20:07:53,741] {logging_mixin.py:104} INFO - [2021-05-16 20:07:53,741] {dag.py:2280} INFO - Setting next_dagrun for example_kubernetes_executor to None
[2021-05-16 20:07:53,746] {scheduler_job.py:190} INFO - Processing /Users/harry/.local/share/virtualenvs/rugby_data_project_airflow-d2RAFQI6/lib/python3.8/site-packages/airflow/example_dags/example_kubernetes_executor.py took 0.047 seconds
[2021-05-16 20:08:28,323] {scheduler_job.py:182} INFO - Started process (PID=15568) to work on /Users/harry/.local/share/virtualenvs/rugby_data_project_airflow-d2RAFQI6/lib/python3.8/site-packages/airflow/example_dags/example_kubernetes_executor.py
[2021-05-16 20:08:28,324] {scheduler_job.py:629} INFO - Processing file /Users/harry/.local/share/virtualenvs/rugby_data_project_airflow-d2RAFQI6/lib/python3.8/site-packages/airflow/example_dags/example_kubernetes_executor.py for tasks to queue
[2021-05-16 20:08:28,325] {logging_mixin.py:104} INFO - [2021-05-16 20:08:28,325] {dagbag.py:451} INFO - Filling up the DagBag from /Users/harry/.local/share/virtualenvs/rugby_data_project_airflow-d2RAFQI6/lib/python3.8/site-packages/airflow/example_dags/example_kubernetes_executor.py
[2021-05-16 20:08:28,332] {scheduler_job.py:639} INFO - DAG(s) dict_keys(['example_kubernetes_executor']) retrieved from /Users/harry/.local/share/virtualenvs/rugby_data_project_airflow-d2RAFQI6/lib/python3.8/site-packages/airflow/example_dags/example_kubernetes_executor.py
[2021-05-16 20:08:28,354] {logging_mixin.py:104} INFO - [2021-05-16 20:08:28,354] {dag.py:1824} INFO - Sync 1 DAGs
[2021-05-16 20:08:28,360] {logging_mixin.py:104} INFO - [2021-05-16 20:08:28,360] {dag.py:2280} INFO - Setting next_dagrun for example_kubernetes_executor to None
[2021-05-16 20:08:28,365] {scheduler_job.py:190} INFO - Processing /Users/harry/.local/share/virtualenvs/rugby_data_project_airflow-d2RAFQI6/lib/python3.8/site-packages/airflow/example_dags/example_kubernetes_executor.py took 0.043 seconds
[2021-05-16 20:09:13,415] {scheduler_job.py:182} INFO - Started process (PID=16027) to work on /Users/harry/.local/share/virtualenvs/rugby_data_project_airflow-d2RAFQI6/lib/python3.8/site-packages/airflow/example_dags/example_kubernetes_executor.py
[2021-05-16 20:09:13,415] {scheduler_job.py:629} INFO - Processing file /Users/harry/.local/share/virtualenvs/rugby_data_project_airflow-d2RAFQI6/lib/python3.8/site-packages/airflow/example_dags/example_kubernetes_executor.py for tasks to queue
[2021-05-16 20:09:13,415] {logging_mixin.py:104} INFO - [2021-05-16 20:09:13,415] {dagbag.py:451} INFO - Filling up the DagBag from /Users/harry/.local/share/virtualenvs/rugby_data_project_airflow-d2RAFQI6/lib/python3.8/site-packages/airflow/example_dags/example_kubernetes_executor.py
[2021-05-16 20:09:13,422] {scheduler_job.py:639} INFO - DAG(s) dict_keys(['example_kubernetes_executor']) retrieved from /Users/harry/.local/share/virtualenvs/rugby_data_project_airflow-d2RAFQI6/lib/python3.8/site-packages/airflow/example_dags/example_kubernetes_executor.py
[2021-05-16 20:09:13,445] {logging_mixin.py:104} INFO - [2021-05-16 20:09:13,445] {dag.py:1824} INFO - Sync 1 DAGs
[2021-05-16 20:09:13,450] {logging_mixin.py:104} INFO - [2021-05-16 20:09:13,450] {dag.py:2280} INFO - Setting next_dagrun for example_kubernetes_executor to None
[2021-05-16 20:09:13,457] {scheduler_job.py:190} INFO - Processing /Users/harry/.local/share/virtualenvs/rugby_data_project_airflow-d2RAFQI6/lib/python3.8/site-packages/airflow/example_dags/example_kubernetes_executor.py took 0.043 seconds
[2021-05-16 20:10:00,337] {scheduler_job.py:182} INFO - Started process (PID=16606) to work on /Users/harry/.local/share/virtualenvs/rugby_data_project_airflow-d2RAFQI6/lib/python3.8/site-packages/airflow/example_dags/example_kubernetes_executor.py
[2021-05-16 20:10:00,338] {scheduler_job.py:629} INFO - Processing file /Users/harry/.local/share/virtualenvs/rugby_data_project_airflow-d2RAFQI6/lib/python3.8/site-packages/airflow/example_dags/example_kubernetes_executor.py for tasks to queue
[2021-05-16 20:10:00,338] {logging_mixin.py:104} INFO - [2021-05-16 20:10:00,338] {dagbag.py:451} INFO - Filling up the DagBag from /Users/harry/.local/share/virtualenvs/rugby_data_project_airflow-d2RAFQI6/lib/python3.8/site-packages/airflow/example_dags/example_kubernetes_executor.py
[2021-05-16 20:10:00,344] {scheduler_job.py:639} INFO - DAG(s) dict_keys(['example_kubernetes_executor']) retrieved from /Users/harry/.local/share/virtualenvs/rugby_data_project_airflow-d2RAFQI6/lib/python3.8/site-packages/airflow/example_dags/example_kubernetes_executor.py
[2021-05-16 20:10:00,367] {logging_mixin.py:104} INFO - [2021-05-16 20:10:00,367] {dag.py:1824} INFO - Sync 1 DAGs
[2021-05-16 20:10:00,372] {logging_mixin.py:104} INFO - [2021-05-16 20:10:00,372] {dag.py:2280} INFO - Setting next_dagrun for example_kubernetes_executor to None
[2021-05-16 20:10:00,378] {scheduler_job.py:190} INFO - Processing /Users/harry/.local/share/virtualenvs/rugby_data_project_airflow-d2RAFQI6/lib/python3.8/site-packages/airflow/example_dags/example_kubernetes_executor.py took 0.041 seconds
[2021-05-16 20:10:34,736] {scheduler_job.py:182} INFO - Started process (PID=17008) to work on /Users/harry/.local/share/virtualenvs/rugby_data_project_airflow-d2RAFQI6/lib/python3.8/site-packages/airflow/example_dags/example_kubernetes_executor.py
[2021-05-16 20:10:34,737] {scheduler_job.py:629} INFO - Processing file /Users/harry/.local/share/virtualenvs/rugby_data_project_airflow-d2RAFQI6/lib/python3.8/site-packages/airflow/example_dags/example_kubernetes_executor.py for tasks to queue
[2021-05-16 20:10:34,738] {logging_mixin.py:104} INFO - [2021-05-16 20:10:34,738] {dagbag.py:451} INFO - Filling up the DagBag from /Users/harry/.local/share/virtualenvs/rugby_data_project_airflow-d2RAFQI6/lib/python3.8/site-packages/airflow/example_dags/example_kubernetes_executor.py
[2021-05-16 20:10:34,748] {scheduler_job.py:639} INFO - DAG(s) dict_keys(['example_kubernetes_executor']) retrieved from /Users/harry/.local/share/virtualenvs/rugby_data_project_airflow-d2RAFQI6/lib/python3.8/site-packages/airflow/example_dags/example_kubernetes_executor.py
[2021-05-16 20:10:34,773] {logging_mixin.py:104} INFO - [2021-05-16 20:10:34,773] {dag.py:1824} INFO - Sync 1 DAGs
[2021-05-16 20:10:34,779] {logging_mixin.py:104} INFO - [2021-05-16 20:10:34,779] {dag.py:2280} INFO - Setting next_dagrun for example_kubernetes_executor to None
[2021-05-16 20:10:34,785] {scheduler_job.py:190} INFO - Processing /Users/harry/.local/share/virtualenvs/rugby_data_project_airflow-d2RAFQI6/lib/python3.8/site-packages/airflow/example_dags/example_kubernetes_executor.py took 0.049 seconds
[2021-05-16 20:11:13,164] {scheduler_job.py:182} INFO - Started process (PID=17411) to work on /Users/harry/.local/share/virtualenvs/rugby_data_project_airflow-d2RAFQI6/lib/python3.8/site-packages/airflow/example_dags/example_kubernetes_executor.py
[2021-05-16 20:11:13,165] {scheduler_job.py:629} INFO - Processing file /Users/harry/.local/share/virtualenvs/rugby_data_project_airflow-d2RAFQI6/lib/python3.8/site-packages/airflow/example_dags/example_kubernetes_executor.py for tasks to queue
[2021-05-16 20:11:13,165] {logging_mixin.py:104} INFO - [2021-05-16 20:11:13,165] {dagbag.py:451} INFO - Filling up the DagBag from /Users/harry/.local/share/virtualenvs/rugby_data_project_airflow-d2RAFQI6/lib/python3.8/site-packages/airflow/example_dags/example_kubernetes_executor.py
[2021-05-16 20:11:13,172] {scheduler_job.py:639} INFO - DAG(s) dict_keys(['example_kubernetes_executor']) retrieved from /Users/harry/.local/share/virtualenvs/rugby_data_project_airflow-d2RAFQI6/lib/python3.8/site-packages/airflow/example_dags/example_kubernetes_executor.py
[2021-05-16 20:11:13,194] {logging_mixin.py:104} INFO - [2021-05-16 20:11:13,194] {dag.py:1824} INFO - Sync 1 DAGs
[2021-05-16 20:11:13,199] {logging_mixin.py:104} INFO - [2021-05-16 20:11:13,199] {dag.py:2280} INFO - Setting next_dagrun for example_kubernetes_executor to None
[2021-05-16 20:11:13,205] {scheduler_job.py:190} INFO - Processing /Users/harry/.local/share/virtualenvs/rugby_data_project_airflow-d2RAFQI6/lib/python3.8/site-packages/airflow/example_dags/example_kubernetes_executor.py took 0.042 seconds
[2021-05-16 20:11:58,700] {scheduler_job.py:182} INFO - Started process (PID=17896) to work on /Users/harry/.local/share/virtualenvs/rugby_data_project_airflow-d2RAFQI6/lib/python3.8/site-packages/airflow/example_dags/example_kubernetes_executor.py
[2021-05-16 20:11:58,701] {scheduler_job.py:629} INFO - Processing file /Users/harry/.local/share/virtualenvs/rugby_data_project_airflow-d2RAFQI6/lib/python3.8/site-packages/airflow/example_dags/example_kubernetes_executor.py for tasks to queue
[2021-05-16 20:11:58,702] {logging_mixin.py:104} INFO - [2021-05-16 20:11:58,702] {dagbag.py:451} INFO - Filling up the DagBag from /Users/harry/.local/share/virtualenvs/rugby_data_project_airflow-d2RAFQI6/lib/python3.8/site-packages/airflow/example_dags/example_kubernetes_executor.py
[2021-05-16 20:11:58,711] {scheduler_job.py:639} INFO - DAG(s) dict_keys(['example_kubernetes_executor']) retrieved from /Users/harry/.local/share/virtualenvs/rugby_data_project_airflow-d2RAFQI6/lib/python3.8/site-packages/airflow/example_dags/example_kubernetes_executor.py
[2021-05-16 20:11:58,734] {logging_mixin.py:104} INFO - [2021-05-16 20:11:58,734] {dag.py:1824} INFO - Sync 1 DAGs
[2021-05-16 20:11:58,739] {logging_mixin.py:104} INFO - [2021-05-16 20:11:58,739] {dag.py:2280} INFO - Setting next_dagrun for example_kubernetes_executor to None
[2021-05-16 20:11:58,747] {scheduler_job.py:190} INFO - Processing /Users/harry/.local/share/virtualenvs/rugby_data_project_airflow-d2RAFQI6/lib/python3.8/site-packages/airflow/example_dags/example_kubernetes_executor.py took 0.047 seconds
[2021-05-16 20:12:45,760] {scheduler_job.py:182} INFO - Started process (PID=18517) to work on /Users/harry/.local/share/virtualenvs/rugby_data_project_airflow-d2RAFQI6/lib/python3.8/site-packages/airflow/example_dags/example_kubernetes_executor.py
[2021-05-16 20:12:45,761] {scheduler_job.py:629} INFO - Processing file /Users/harry/.local/share/virtualenvs/rugby_data_project_airflow-d2RAFQI6/lib/python3.8/site-packages/airflow/example_dags/example_kubernetes_executor.py for tasks to queue
[2021-05-16 20:12:45,761] {logging_mixin.py:104} INFO - [2021-05-16 20:12:45,761] {dagbag.py:451} INFO - Filling up the DagBag from /Users/harry/.local/share/virtualenvs/rugby_data_project_airflow-d2RAFQI6/lib/python3.8/site-packages/airflow/example_dags/example_kubernetes_executor.py
[2021-05-16 20:12:45,768] {scheduler_job.py:639} INFO - DAG(s) dict_keys(['example_kubernetes_executor']) retrieved from /Users/harry/.local/share/virtualenvs/rugby_data_project_airflow-d2RAFQI6/lib/python3.8/site-packages/airflow/example_dags/example_kubernetes_executor.py
[2021-05-16 20:12:45,792] {logging_mixin.py:104} INFO - [2021-05-16 20:12:45,792] {dag.py:1824} INFO - Sync 1 DAGs
[2021-05-16 20:12:45,797] {logging_mixin.py:104} INFO - [2021-05-16 20:12:45,797] {dag.py:2280} INFO - Setting next_dagrun for example_kubernetes_executor to None
[2021-05-16 20:12:45,803] {scheduler_job.py:190} INFO - Processing /Users/harry/.local/share/virtualenvs/rugby_data_project_airflow-d2RAFQI6/lib/python3.8/site-packages/airflow/example_dags/example_kubernetes_executor.py took 0.044 seconds
[2021-05-16 20:13:20,663] {scheduler_job.py:182} INFO - Started process (PID=18967) to work on /Users/harry/.local/share/virtualenvs/rugby_data_project_airflow-d2RAFQI6/lib/python3.8/site-packages/airflow/example_dags/example_kubernetes_executor.py
[2021-05-16 20:13:20,663] {scheduler_job.py:629} INFO - Processing file /Users/harry/.local/share/virtualenvs/rugby_data_project_airflow-d2RAFQI6/lib/python3.8/site-packages/airflow/example_dags/example_kubernetes_executor.py for tasks to queue
[2021-05-16 20:13:20,664] {logging_mixin.py:104} INFO - [2021-05-16 20:13:20,664] {dagbag.py:451} INFO - Filling up the DagBag from /Users/harry/.local/share/virtualenvs/rugby_data_project_airflow-d2RAFQI6/lib/python3.8/site-packages/airflow/example_dags/example_kubernetes_executor.py
[2021-05-16 20:13:20,671] {scheduler_job.py:639} INFO - DAG(s) dict_keys(['example_kubernetes_executor']) retrieved from /Users/harry/.local/share/virtualenvs/rugby_data_project_airflow-d2RAFQI6/lib/python3.8/site-packages/airflow/example_dags/example_kubernetes_executor.py
[2021-05-16 20:13:20,694] {logging_mixin.py:104} INFO - [2021-05-16 20:13:20,694] {dag.py:1824} INFO - Sync 1 DAGs
[2021-05-16 20:13:20,701] {logging_mixin.py:104} INFO - [2021-05-16 20:13:20,701] {dag.py:2280} INFO - Setting next_dagrun for example_kubernetes_executor to None
[2021-05-16 20:13:20,706] {scheduler_job.py:190} INFO - Processing /Users/harry/.local/share/virtualenvs/rugby_data_project_airflow-d2RAFQI6/lib/python3.8/site-packages/airflow/example_dags/example_kubernetes_executor.py took 0.044 seconds
[2021-05-16 20:13:57,590] {scheduler_job.py:182} INFO - Started process (PID=19454) to work on /Users/harry/.local/share/virtualenvs/rugby_data_project_airflow-d2RAFQI6/lib/python3.8/site-packages/airflow/example_dags/example_kubernetes_executor.py
[2021-05-16 20:13:57,592] {scheduler_job.py:629} INFO - Processing file /Users/harry/.local/share/virtualenvs/rugby_data_project_airflow-d2RAFQI6/lib/python3.8/site-packages/airflow/example_dags/example_kubernetes_executor.py for tasks to queue
[2021-05-16 20:13:57,593] {logging_mixin.py:104} INFO - [2021-05-16 20:13:57,593] {dagbag.py:451} INFO - Filling up the DagBag from /Users/harry/.local/share/virtualenvs/rugby_data_project_airflow-d2RAFQI6/lib/python3.8/site-packages/airflow/example_dags/example_kubernetes_executor.py
[2021-05-16 20:13:57,599] {scheduler_job.py:639} INFO - DAG(s) dict_keys(['example_kubernetes_executor']) retrieved from /Users/harry/.local/share/virtualenvs/rugby_data_project_airflow-d2RAFQI6/lib/python3.8/site-packages/airflow/example_dags/example_kubernetes_executor.py
[2021-05-16 20:13:57,621] {logging_mixin.py:104} INFO - [2021-05-16 20:13:57,621] {dag.py:1824} INFO - Sync 1 DAGs
[2021-05-16 20:13:57,626] {logging_mixin.py:104} INFO - [2021-05-16 20:13:57,626] {dag.py:2280} INFO - Setting next_dagrun for example_kubernetes_executor to None
[2021-05-16 20:13:57,632] {scheduler_job.py:190} INFO - Processing /Users/harry/.local/share/virtualenvs/rugby_data_project_airflow-d2RAFQI6/lib/python3.8/site-packages/airflow/example_dags/example_kubernetes_executor.py took 0.042 seconds
[2021-05-16 20:14:44,361] {scheduler_job.py:182} INFO - Started process (PID=19980) to work on /Users/harry/.local/share/virtualenvs/rugby_data_project_airflow-d2RAFQI6/lib/python3.8/site-packages/airflow/example_dags/example_kubernetes_executor.py
[2021-05-16 20:14:44,362] {scheduler_job.py:629} INFO - Processing file /Users/harry/.local/share/virtualenvs/rugby_data_project_airflow-d2RAFQI6/lib/python3.8/site-packages/airflow/example_dags/example_kubernetes_executor.py for tasks to queue
[2021-05-16 20:14:44,362] {logging_mixin.py:104} INFO - [2021-05-16 20:14:44,362] {dagbag.py:451} INFO - Filling up the DagBag from /Users/harry/.local/share/virtualenvs/rugby_data_project_airflow-d2RAFQI6/lib/python3.8/site-packages/airflow/example_dags/example_kubernetes_executor.py
[2021-05-16 20:14:44,369] {scheduler_job.py:639} INFO - DAG(s) dict_keys(['example_kubernetes_executor']) retrieved from /Users/harry/.local/share/virtualenvs/rugby_data_project_airflow-d2RAFQI6/lib/python3.8/site-packages/airflow/example_dags/example_kubernetes_executor.py
[2021-05-16 20:14:44,393] {logging_mixin.py:104} INFO - [2021-05-16 20:14:44,393] {dag.py:1824} INFO - Sync 1 DAGs
[2021-05-16 20:14:44,398] {logging_mixin.py:104} INFO - [2021-05-16 20:14:44,398] {dag.py:2280} INFO - Setting next_dagrun for example_kubernetes_executor to None
[2021-05-16 20:14:44,404] {scheduler_job.py:190} INFO - Processing /Users/harry/.local/share/virtualenvs/rugby_data_project_airflow-d2RAFQI6/lib/python3.8/site-packages/airflow/example_dags/example_kubernetes_executor.py took 0.044 seconds
[2021-05-16 20:15:30,407] {scheduler_job.py:182} INFO - Started process (PID=21297) to work on /Users/harry/.local/share/virtualenvs/rugby_data_project_airflow-d2RAFQI6/lib/python3.8/site-packages/airflow/example_dags/example_kubernetes_executor.py
[2021-05-16 20:15:30,408] {scheduler_job.py:629} INFO - Processing file /Users/harry/.local/share/virtualenvs/rugby_data_project_airflow-d2RAFQI6/lib/python3.8/site-packages/airflow/example_dags/example_kubernetes_executor.py for tasks to queue
[2021-05-16 20:15:30,408] {logging_mixin.py:104} INFO - [2021-05-16 20:15:30,408] {dagbag.py:451} INFO - Filling up the DagBag from /Users/harry/.local/share/virtualenvs/rugby_data_project_airflow-d2RAFQI6/lib/python3.8/site-packages/airflow/example_dags/example_kubernetes_executor.py
[2021-05-16 20:15:30,416] {scheduler_job.py:639} INFO - DAG(s) dict_keys(['example_kubernetes_executor']) retrieved from /Users/harry/.local/share/virtualenvs/rugby_data_project_airflow-d2RAFQI6/lib/python3.8/site-packages/airflow/example_dags/example_kubernetes_executor.py
[2021-05-16 20:15:30,438] {logging_mixin.py:104} INFO - [2021-05-16 20:15:30,438] {dag.py:1824} INFO - Sync 1 DAGs
[2021-05-16 20:15:30,443] {logging_mixin.py:104} INFO - [2021-05-16 20:15:30,443] {dag.py:2280} INFO - Setting next_dagrun for example_kubernetes_executor to None
[2021-05-16 20:15:30,449] {scheduler_job.py:190} INFO - Processing /Users/harry/.local/share/virtualenvs/rugby_data_project_airflow-d2RAFQI6/lib/python3.8/site-packages/airflow/example_dags/example_kubernetes_executor.py took 0.042 seconds
