[2021-05-16 09:00:06,437] {scheduler_job.py:182} INFO - Started process (PID=42594) to work on /Users/harry/.local/share/virtualenvs/rugby_data_project_airflow-d2RAFQI6/lib/python3.8/site-packages/airflow/example_dags/example_branch_python_dop_operator_3.py
[2021-05-16 09:00:06,447] {scheduler_job.py:629} INFO - Processing file /Users/harry/.local/share/virtualenvs/rugby_data_project_airflow-d2RAFQI6/lib/python3.8/site-packages/airflow/example_dags/example_branch_python_dop_operator_3.py for tasks to queue
[2021-05-16 09:00:06,451] {logging_mixin.py:104} INFO - [2021-05-16 09:00:06,451] {dagbag.py:451} INFO - Filling up the DagBag from /Users/harry/.local/share/virtualenvs/rugby_data_project_airflow-d2RAFQI6/lib/python3.8/site-packages/airflow/example_dags/example_branch_python_dop_operator_3.py
[2021-05-16 09:00:06,590] {scheduler_job.py:639} INFO - DAG(s) dict_keys(['example_branch_dop_operator_v3']) retrieved from /Users/harry/.local/share/virtualenvs/rugby_data_project_airflow-d2RAFQI6/lib/python3.8/site-packages/airflow/example_dags/example_branch_python_dop_operator_3.py
[2021-05-16 09:00:06,713] {logging_mixin.py:104} INFO - [2021-05-16 09:00:06,713] {dag.py:1824} INFO - Sync 1 DAGs
[2021-05-16 09:00:06,782] {logging_mixin.py:104} INFO - [2021-05-16 09:00:06,782] {dag.py:2280} INFO - Setting next_dagrun for example_branch_dop_operator_v3 to 2021-05-14 00:00:00+00:00
[2021-05-16 09:00:06,813] {scheduler_job.py:190} INFO - Processing /Users/harry/.local/share/virtualenvs/rugby_data_project_airflow-d2RAFQI6/lib/python3.8/site-packages/airflow/example_dags/example_branch_python_dop_operator_3.py took 0.378 seconds
[2021-05-16 09:04:49,596] {scheduler_job.py:182} INFO - Started process (PID=44534) to work on /Users/harry/.local/share/virtualenvs/rugby_data_project_airflow-d2RAFQI6/lib/python3.8/site-packages/airflow/example_dags/example_branch_python_dop_operator_3.py
[2021-05-16 09:04:49,597] {scheduler_job.py:629} INFO - Processing file /Users/harry/.local/share/virtualenvs/rugby_data_project_airflow-d2RAFQI6/lib/python3.8/site-packages/airflow/example_dags/example_branch_python_dop_operator_3.py for tasks to queue
[2021-05-16 09:04:49,597] {logging_mixin.py:104} INFO - [2021-05-16 09:04:49,597] {dagbag.py:451} INFO - Filling up the DagBag from /Users/harry/.local/share/virtualenvs/rugby_data_project_airflow-d2RAFQI6/lib/python3.8/site-packages/airflow/example_dags/example_branch_python_dop_operator_3.py
[2021-05-16 09:04:49,606] {scheduler_job.py:639} INFO - DAG(s) dict_keys(['example_branch_dop_operator_v3']) retrieved from /Users/harry/.local/share/virtualenvs/rugby_data_project_airflow-d2RAFQI6/lib/python3.8/site-packages/airflow/example_dags/example_branch_python_dop_operator_3.py
[2021-05-16 09:04:49,638] {logging_mixin.py:104} INFO - [2021-05-16 09:04:49,638] {dag.py:1824} INFO - Sync 1 DAGs
[2021-05-16 09:04:49,656] {logging_mixin.py:104} INFO - [2021-05-16 09:04:49,656] {dag.py:2280} INFO - Setting next_dagrun for example_branch_dop_operator_v3 to 2021-05-14 00:00:00+00:00
[2021-05-16 09:04:49,664] {scheduler_job.py:190} INFO - Processing /Users/harry/.local/share/virtualenvs/rugby_data_project_airflow-d2RAFQI6/lib/python3.8/site-packages/airflow/example_dags/example_branch_python_dop_operator_3.py took 0.069 seconds
[2021-05-16 09:08:53,407] {scheduler_job.py:182} INFO - Started process (PID=46250) to work on /Users/harry/.local/share/virtualenvs/rugby_data_project_airflow-d2RAFQI6/lib/python3.8/site-packages/airflow/example_dags/example_branch_python_dop_operator_3.py
[2021-05-16 09:08:53,409] {scheduler_job.py:629} INFO - Processing file /Users/harry/.local/share/virtualenvs/rugby_data_project_airflow-d2RAFQI6/lib/python3.8/site-packages/airflow/example_dags/example_branch_python_dop_operator_3.py for tasks to queue
[2021-05-16 09:08:53,409] {logging_mixin.py:104} INFO - [2021-05-16 09:08:53,409] {dagbag.py:451} INFO - Filling up the DagBag from /Users/harry/.local/share/virtualenvs/rugby_data_project_airflow-d2RAFQI6/lib/python3.8/site-packages/airflow/example_dags/example_branch_python_dop_operator_3.py
[2021-05-16 09:08:53,418] {scheduler_job.py:639} INFO - DAG(s) dict_keys(['example_branch_dop_operator_v3']) retrieved from /Users/harry/.local/share/virtualenvs/rugby_data_project_airflow-d2RAFQI6/lib/python3.8/site-packages/airflow/example_dags/example_branch_python_dop_operator_3.py
[2021-05-16 09:08:53,449] {logging_mixin.py:104} INFO - [2021-05-16 09:08:53,449] {dag.py:1824} INFO - Sync 1 DAGs
[2021-05-16 09:08:53,467] {logging_mixin.py:104} INFO - [2021-05-16 09:08:53,467] {dag.py:2280} INFO - Setting next_dagrun for example_branch_dop_operator_v3 to 2021-05-14 00:00:00+00:00
[2021-05-16 09:08:53,474] {scheduler_job.py:190} INFO - Processing /Users/harry/.local/share/virtualenvs/rugby_data_project_airflow-d2RAFQI6/lib/python3.8/site-packages/airflow/example_dags/example_branch_python_dop_operator_3.py took 0.067 seconds
[2021-05-16 09:13:08,973] {scheduler_job.py:182} INFO - Started process (PID=48074) to work on /Users/harry/.local/share/virtualenvs/rugby_data_project_airflow-d2RAFQI6/lib/python3.8/site-packages/airflow/example_dags/example_branch_python_dop_operator_3.py
[2021-05-16 09:13:08,974] {scheduler_job.py:629} INFO - Processing file /Users/harry/.local/share/virtualenvs/rugby_data_project_airflow-d2RAFQI6/lib/python3.8/site-packages/airflow/example_dags/example_branch_python_dop_operator_3.py for tasks to queue
[2021-05-16 09:13:08,974] {logging_mixin.py:104} INFO - [2021-05-16 09:13:08,974] {dagbag.py:451} INFO - Filling up the DagBag from /Users/harry/.local/share/virtualenvs/rugby_data_project_airflow-d2RAFQI6/lib/python3.8/site-packages/airflow/example_dags/example_branch_python_dop_operator_3.py
[2021-05-16 09:13:08,983] {scheduler_job.py:639} INFO - DAG(s) dict_keys(['example_branch_dop_operator_v3']) retrieved from /Users/harry/.local/share/virtualenvs/rugby_data_project_airflow-d2RAFQI6/lib/python3.8/site-packages/airflow/example_dags/example_branch_python_dop_operator_3.py
[2021-05-16 09:13:09,015] {logging_mixin.py:104} INFO - [2021-05-16 09:13:09,015] {dag.py:1824} INFO - Sync 1 DAGs
[2021-05-16 09:13:09,035] {logging_mixin.py:104} INFO - [2021-05-16 09:13:09,034] {dag.py:2280} INFO - Setting next_dagrun for example_branch_dop_operator_v3 to 2021-05-14 00:00:00+00:00
[2021-05-16 09:13:09,042] {scheduler_job.py:190} INFO - Processing /Users/harry/.local/share/virtualenvs/rugby_data_project_airflow-d2RAFQI6/lib/python3.8/site-packages/airflow/example_dags/example_branch_python_dop_operator_3.py took 0.070 seconds
[2021-05-16 09:17:56,599] {scheduler_job.py:182} INFO - Started process (PID=49890) to work on /Users/harry/.local/share/virtualenvs/rugby_data_project_airflow-d2RAFQI6/lib/python3.8/site-packages/airflow/example_dags/example_branch_python_dop_operator_3.py
[2021-05-16 09:17:56,600] {scheduler_job.py:629} INFO - Processing file /Users/harry/.local/share/virtualenvs/rugby_data_project_airflow-d2RAFQI6/lib/python3.8/site-packages/airflow/example_dags/example_branch_python_dop_operator_3.py for tasks to queue
[2021-05-16 09:17:56,601] {logging_mixin.py:104} INFO - [2021-05-16 09:17:56,601] {dagbag.py:451} INFO - Filling up the DagBag from /Users/harry/.local/share/virtualenvs/rugby_data_project_airflow-d2RAFQI6/lib/python3.8/site-packages/airflow/example_dags/example_branch_python_dop_operator_3.py
[2021-05-16 09:17:56,615] {scheduler_job.py:639} INFO - DAG(s) dict_keys(['example_branch_dop_operator_v3']) retrieved from /Users/harry/.local/share/virtualenvs/rugby_data_project_airflow-d2RAFQI6/lib/python3.8/site-packages/airflow/example_dags/example_branch_python_dop_operator_3.py
[2021-05-16 09:17:56,669] {logging_mixin.py:104} INFO - [2021-05-16 09:17:56,668] {dag.py:1824} INFO - Sync 1 DAGs
[2021-05-16 09:17:56,701] {logging_mixin.py:104} INFO - [2021-05-16 09:17:56,701] {dag.py:2280} INFO - Setting next_dagrun for example_branch_dop_operator_v3 to 2021-05-14 00:00:00+00:00
[2021-05-16 09:17:56,713] {scheduler_job.py:190} INFO - Processing /Users/harry/.local/share/virtualenvs/rugby_data_project_airflow-d2RAFQI6/lib/python3.8/site-packages/airflow/example_dags/example_branch_python_dop_operator_3.py took 0.114 seconds
[2021-05-16 09:22:45,026] {scheduler_job.py:182} INFO - Started process (PID=51752) to work on /Users/harry/.local/share/virtualenvs/rugby_data_project_airflow-d2RAFQI6/lib/python3.8/site-packages/airflow/example_dags/example_branch_python_dop_operator_3.py
[2021-05-16 09:22:45,027] {scheduler_job.py:629} INFO - Processing file /Users/harry/.local/share/virtualenvs/rugby_data_project_airflow-d2RAFQI6/lib/python3.8/site-packages/airflow/example_dags/example_branch_python_dop_operator_3.py for tasks to queue
[2021-05-16 09:22:45,028] {logging_mixin.py:104} INFO - [2021-05-16 09:22:45,028] {dagbag.py:451} INFO - Filling up the DagBag from /Users/harry/.local/share/virtualenvs/rugby_data_project_airflow-d2RAFQI6/lib/python3.8/site-packages/airflow/example_dags/example_branch_python_dop_operator_3.py
[2021-05-16 09:22:45,039] {scheduler_job.py:639} INFO - DAG(s) dict_keys(['example_branch_dop_operator_v3']) retrieved from /Users/harry/.local/share/virtualenvs/rugby_data_project_airflow-d2RAFQI6/lib/python3.8/site-packages/airflow/example_dags/example_branch_python_dop_operator_3.py
[2021-05-16 09:22:45,077] {logging_mixin.py:104} INFO - [2021-05-16 09:22:45,077] {dag.py:1824} INFO - Sync 1 DAGs
[2021-05-16 09:22:45,102] {logging_mixin.py:104} INFO - [2021-05-16 09:22:45,101] {dag.py:2280} INFO - Setting next_dagrun for example_branch_dop_operator_v3 to 2021-05-14 00:00:00+00:00
[2021-05-16 09:22:45,111] {scheduler_job.py:190} INFO - Processing /Users/harry/.local/share/virtualenvs/rugby_data_project_airflow-d2RAFQI6/lib/python3.8/site-packages/airflow/example_dags/example_branch_python_dop_operator_3.py took 0.085 seconds
[2021-05-16 09:27:31,912] {scheduler_job.py:182} INFO - Started process (PID=53546) to work on /Users/harry/.local/share/virtualenvs/rugby_data_project_airflow-d2RAFQI6/lib/python3.8/site-packages/airflow/example_dags/example_branch_python_dop_operator_3.py
[2021-05-16 09:27:31,913] {scheduler_job.py:629} INFO - Processing file /Users/harry/.local/share/virtualenvs/rugby_data_project_airflow-d2RAFQI6/lib/python3.8/site-packages/airflow/example_dags/example_branch_python_dop_operator_3.py for tasks to queue
[2021-05-16 09:27:31,914] {logging_mixin.py:104} INFO - [2021-05-16 09:27:31,914] {dagbag.py:451} INFO - Filling up the DagBag from /Users/harry/.local/share/virtualenvs/rugby_data_project_airflow-d2RAFQI6/lib/python3.8/site-packages/airflow/example_dags/example_branch_python_dop_operator_3.py
[2021-05-16 09:27:31,924] {scheduler_job.py:639} INFO - DAG(s) dict_keys(['example_branch_dop_operator_v3']) retrieved from /Users/harry/.local/share/virtualenvs/rugby_data_project_airflow-d2RAFQI6/lib/python3.8/site-packages/airflow/example_dags/example_branch_python_dop_operator_3.py
[2021-05-16 09:27:31,962] {logging_mixin.py:104} INFO - [2021-05-16 09:27:31,962] {dag.py:1824} INFO - Sync 1 DAGs
[2021-05-16 09:27:31,985] {logging_mixin.py:104} INFO - [2021-05-16 09:27:31,985] {dag.py:2280} INFO - Setting next_dagrun for example_branch_dop_operator_v3 to 2021-05-14 00:00:00+00:00
[2021-05-16 09:27:31,994] {scheduler_job.py:190} INFO - Processing /Users/harry/.local/share/virtualenvs/rugby_data_project_airflow-d2RAFQI6/lib/python3.8/site-packages/airflow/example_dags/example_branch_python_dop_operator_3.py took 0.083 seconds
[2021-05-16 09:32:24,842] {scheduler_job.py:182} INFO - Started process (PID=55336) to work on /Users/harry/.local/share/virtualenvs/rugby_data_project_airflow-d2RAFQI6/lib/python3.8/site-packages/airflow/example_dags/example_branch_python_dop_operator_3.py
[2021-05-16 09:32:24,844] {scheduler_job.py:629} INFO - Processing file /Users/harry/.local/share/virtualenvs/rugby_data_project_airflow-d2RAFQI6/lib/python3.8/site-packages/airflow/example_dags/example_branch_python_dop_operator_3.py for tasks to queue
[2021-05-16 09:32:24,844] {logging_mixin.py:104} INFO - [2021-05-16 09:32:24,844] {dagbag.py:451} INFO - Filling up the DagBag from /Users/harry/.local/share/virtualenvs/rugby_data_project_airflow-d2RAFQI6/lib/python3.8/site-packages/airflow/example_dags/example_branch_python_dop_operator_3.py
[2021-05-16 09:32:24,856] {scheduler_job.py:639} INFO - DAG(s) dict_keys(['example_branch_dop_operator_v3']) retrieved from /Users/harry/.local/share/virtualenvs/rugby_data_project_airflow-d2RAFQI6/lib/python3.8/site-packages/airflow/example_dags/example_branch_python_dop_operator_3.py
[2021-05-16 09:32:24,894] {logging_mixin.py:104} INFO - [2021-05-16 09:32:24,893] {dag.py:1824} INFO - Sync 1 DAGs
[2021-05-16 09:32:24,917] {logging_mixin.py:104} INFO - [2021-05-16 09:32:24,917] {dag.py:2280} INFO - Setting next_dagrun for example_branch_dop_operator_v3 to 2021-05-14 00:00:00+00:00
[2021-05-16 09:32:24,926] {scheduler_job.py:190} INFO - Processing /Users/harry/.local/share/virtualenvs/rugby_data_project_airflow-d2RAFQI6/lib/python3.8/site-packages/airflow/example_dags/example_branch_python_dop_operator_3.py took 0.084 seconds
[2021-05-16 09:37:16,468] {scheduler_job.py:182} INFO - Started process (PID=57087) to work on /Users/harry/.local/share/virtualenvs/rugby_data_project_airflow-d2RAFQI6/lib/python3.8/site-packages/airflow/example_dags/example_branch_python_dop_operator_3.py
[2021-05-16 09:37:16,469] {scheduler_job.py:629} INFO - Processing file /Users/harry/.local/share/virtualenvs/rugby_data_project_airflow-d2RAFQI6/lib/python3.8/site-packages/airflow/example_dags/example_branch_python_dop_operator_3.py for tasks to queue
[2021-05-16 09:37:16,470] {logging_mixin.py:104} INFO - [2021-05-16 09:37:16,470] {dagbag.py:451} INFO - Filling up the DagBag from /Users/harry/.local/share/virtualenvs/rugby_data_project_airflow-d2RAFQI6/lib/python3.8/site-packages/airflow/example_dags/example_branch_python_dop_operator_3.py
[2021-05-16 09:37:16,481] {scheduler_job.py:639} INFO - DAG(s) dict_keys(['example_branch_dop_operator_v3']) retrieved from /Users/harry/.local/share/virtualenvs/rugby_data_project_airflow-d2RAFQI6/lib/python3.8/site-packages/airflow/example_dags/example_branch_python_dop_operator_3.py
[2021-05-16 09:37:16,518] {logging_mixin.py:104} INFO - [2021-05-16 09:37:16,518] {dag.py:1824} INFO - Sync 1 DAGs
[2021-05-16 09:37:16,541] {logging_mixin.py:104} INFO - [2021-05-16 09:37:16,541] {dag.py:2280} INFO - Setting next_dagrun for example_branch_dop_operator_v3 to 2021-05-14 00:00:00+00:00
[2021-05-16 09:37:16,550] {scheduler_job.py:190} INFO - Processing /Users/harry/.local/share/virtualenvs/rugby_data_project_airflow-d2RAFQI6/lib/python3.8/site-packages/airflow/example_dags/example_branch_python_dop_operator_3.py took 0.083 seconds
[2021-05-16 09:42:09,266] {scheduler_job.py:182} INFO - Started process (PID=58867) to work on /Users/harry/.local/share/virtualenvs/rugby_data_project_airflow-d2RAFQI6/lib/python3.8/site-packages/airflow/example_dags/example_branch_python_dop_operator_3.py
[2021-05-16 09:42:09,267] {scheduler_job.py:629} INFO - Processing file /Users/harry/.local/share/virtualenvs/rugby_data_project_airflow-d2RAFQI6/lib/python3.8/site-packages/airflow/example_dags/example_branch_python_dop_operator_3.py for tasks to queue
[2021-05-16 09:42:09,268] {logging_mixin.py:104} INFO - [2021-05-16 09:42:09,268] {dagbag.py:451} INFO - Filling up the DagBag from /Users/harry/.local/share/virtualenvs/rugby_data_project_airflow-d2RAFQI6/lib/python3.8/site-packages/airflow/example_dags/example_branch_python_dop_operator_3.py
[2021-05-16 09:42:09,279] {scheduler_job.py:639} INFO - DAG(s) dict_keys(['example_branch_dop_operator_v3']) retrieved from /Users/harry/.local/share/virtualenvs/rugby_data_project_airflow-d2RAFQI6/lib/python3.8/site-packages/airflow/example_dags/example_branch_python_dop_operator_3.py
[2021-05-16 09:42:09,317] {logging_mixin.py:104} INFO - [2021-05-16 09:42:09,317] {dag.py:1824} INFO - Sync 1 DAGs
[2021-05-16 09:42:09,341] {logging_mixin.py:104} INFO - [2021-05-16 09:42:09,341] {dag.py:2280} INFO - Setting next_dagrun for example_branch_dop_operator_v3 to 2021-05-14 00:00:00+00:00
[2021-05-16 09:42:09,351] {scheduler_job.py:190} INFO - Processing /Users/harry/.local/share/virtualenvs/rugby_data_project_airflow-d2RAFQI6/lib/python3.8/site-packages/airflow/example_dags/example_branch_python_dop_operator_3.py took 0.085 seconds
[2021-05-16 09:46:50,640] {scheduler_job.py:182} INFO - Started process (PID=60296) to work on /Users/harry/.local/share/virtualenvs/rugby_data_project_airflow-d2RAFQI6/lib/python3.8/site-packages/airflow/example_dags/example_branch_python_dop_operator_3.py
[2021-05-16 09:46:50,641] {scheduler_job.py:629} INFO - Processing file /Users/harry/.local/share/virtualenvs/rugby_data_project_airflow-d2RAFQI6/lib/python3.8/site-packages/airflow/example_dags/example_branch_python_dop_operator_3.py for tasks to queue
[2021-05-16 09:46:50,641] {logging_mixin.py:104} INFO - [2021-05-16 09:46:50,641] {dagbag.py:451} INFO - Filling up the DagBag from /Users/harry/.local/share/virtualenvs/rugby_data_project_airflow-d2RAFQI6/lib/python3.8/site-packages/airflow/example_dags/example_branch_python_dop_operator_3.py
[2021-05-16 09:46:50,648] {scheduler_job.py:639} INFO - DAG(s) dict_keys(['example_branch_dop_operator_v3']) retrieved from /Users/harry/.local/share/virtualenvs/rugby_data_project_airflow-d2RAFQI6/lib/python3.8/site-packages/airflow/example_dags/example_branch_python_dop_operator_3.py
[2021-05-16 09:46:50,674] {logging_mixin.py:104} INFO - [2021-05-16 09:46:50,674] {dag.py:1824} INFO - Sync 1 DAGs
[2021-05-16 09:46:50,692] {logging_mixin.py:104} INFO - [2021-05-16 09:46:50,692] {dag.py:2280} INFO - Setting next_dagrun for example_branch_dop_operator_v3 to 2021-05-14 00:00:00+00:00
[2021-05-16 09:46:50,701] {scheduler_job.py:190} INFO - Processing /Users/harry/.local/share/virtualenvs/rugby_data_project_airflow-d2RAFQI6/lib/python3.8/site-packages/airflow/example_dags/example_branch_python_dop_operator_3.py took 0.061 seconds
[2021-05-16 13:21:24,023] {scheduler_job.py:182} INFO - Started process (PID=4534) to work on /Users/harry/.local/share/virtualenvs/rugby_data_project_airflow-d2RAFQI6/lib/python3.8/site-packages/airflow/example_dags/example_branch_python_dop_operator_3.py
[2021-05-16 13:21:24,024] {scheduler_job.py:629} INFO - Processing file /Users/harry/.local/share/virtualenvs/rugby_data_project_airflow-d2RAFQI6/lib/python3.8/site-packages/airflow/example_dags/example_branch_python_dop_operator_3.py for tasks to queue
[2021-05-16 13:21:24,024] {logging_mixin.py:104} INFO - [2021-05-16 13:21:24,024] {dagbag.py:451} INFO - Filling up the DagBag from /Users/harry/.local/share/virtualenvs/rugby_data_project_airflow-d2RAFQI6/lib/python3.8/site-packages/airflow/example_dags/example_branch_python_dop_operator_3.py
[2021-05-16 13:21:24,032] {scheduler_job.py:639} INFO - DAG(s) dict_keys(['example_branch_dop_operator_v3']) retrieved from /Users/harry/.local/share/virtualenvs/rugby_data_project_airflow-d2RAFQI6/lib/python3.8/site-packages/airflow/example_dags/example_branch_python_dop_operator_3.py
[2021-05-16 13:21:24,055] {logging_mixin.py:104} INFO - [2021-05-16 13:21:24,055] {dag.py:1824} INFO - Sync 1 DAGs
[2021-05-16 13:21:24,071] {logging_mixin.py:104} INFO - [2021-05-16 13:21:24,071] {dag.py:2280} INFO - Setting next_dagrun for example_branch_dop_operator_v3 to 2021-05-14 00:00:00+00:00
[2021-05-16 13:21:24,077] {scheduler_job.py:190} INFO - Processing /Users/harry/.local/share/virtualenvs/rugby_data_project_airflow-d2RAFQI6/lib/python3.8/site-packages/airflow/example_dags/example_branch_python_dop_operator_3.py took 0.055 seconds
[2021-05-16 13:22:20,452] {scheduler_job.py:182} INFO - Started process (PID=5290) to work on /Users/harry/.local/share/virtualenvs/rugby_data_project_airflow-d2RAFQI6/lib/python3.8/site-packages/airflow/example_dags/example_branch_python_dop_operator_3.py
[2021-05-16 13:22:20,452] {scheduler_job.py:629} INFO - Processing file /Users/harry/.local/share/virtualenvs/rugby_data_project_airflow-d2RAFQI6/lib/python3.8/site-packages/airflow/example_dags/example_branch_python_dop_operator_3.py for tasks to queue
[2021-05-16 13:22:20,453] {logging_mixin.py:104} INFO - [2021-05-16 13:22:20,453] {dagbag.py:451} INFO - Filling up the DagBag from /Users/harry/.local/share/virtualenvs/rugby_data_project_airflow-d2RAFQI6/lib/python3.8/site-packages/airflow/example_dags/example_branch_python_dop_operator_3.py
[2021-05-16 13:22:20,460] {scheduler_job.py:639} INFO - DAG(s) dict_keys(['example_branch_dop_operator_v3']) retrieved from /Users/harry/.local/share/virtualenvs/rugby_data_project_airflow-d2RAFQI6/lib/python3.8/site-packages/airflow/example_dags/example_branch_python_dop_operator_3.py
[2021-05-16 13:22:20,484] {logging_mixin.py:104} INFO - [2021-05-16 13:22:20,484] {dag.py:1824} INFO - Sync 1 DAGs
[2021-05-16 13:22:20,498] {logging_mixin.py:104} INFO - [2021-05-16 13:22:20,498] {dag.py:2280} INFO - Setting next_dagrun for example_branch_dop_operator_v3 to 2021-05-14 00:00:00+00:00
[2021-05-16 13:22:20,503] {scheduler_job.py:190} INFO - Processing /Users/harry/.local/share/virtualenvs/rugby_data_project_airflow-d2RAFQI6/lib/python3.8/site-packages/airflow/example_dags/example_branch_python_dop_operator_3.py took 0.052 seconds
[2021-05-16 13:23:01,689] {scheduler_job.py:182} INFO - Started process (PID=5855) to work on /Users/harry/.local/share/virtualenvs/rugby_data_project_airflow-d2RAFQI6/lib/python3.8/site-packages/airflow/example_dags/example_branch_python_dop_operator_3.py
[2021-05-16 13:23:01,689] {scheduler_job.py:629} INFO - Processing file /Users/harry/.local/share/virtualenvs/rugby_data_project_airflow-d2RAFQI6/lib/python3.8/site-packages/airflow/example_dags/example_branch_python_dop_operator_3.py for tasks to queue
[2021-05-16 13:23:01,690] {logging_mixin.py:104} INFO - [2021-05-16 13:23:01,690] {dagbag.py:451} INFO - Filling up the DagBag from /Users/harry/.local/share/virtualenvs/rugby_data_project_airflow-d2RAFQI6/lib/python3.8/site-packages/airflow/example_dags/example_branch_python_dop_operator_3.py
[2021-05-16 13:23:01,697] {scheduler_job.py:639} INFO - DAG(s) dict_keys(['example_branch_dop_operator_v3']) retrieved from /Users/harry/.local/share/virtualenvs/rugby_data_project_airflow-d2RAFQI6/lib/python3.8/site-packages/airflow/example_dags/example_branch_python_dop_operator_3.py
[2021-05-16 13:23:01,722] {logging_mixin.py:104} INFO - [2021-05-16 13:23:01,722] {dag.py:1824} INFO - Sync 1 DAGs
[2021-05-16 13:23:01,737] {logging_mixin.py:104} INFO - [2021-05-16 13:23:01,736] {dag.py:2280} INFO - Setting next_dagrun for example_branch_dop_operator_v3 to 2021-05-14 00:00:00+00:00
[2021-05-16 13:23:01,742] {scheduler_job.py:190} INFO - Processing /Users/harry/.local/share/virtualenvs/rugby_data_project_airflow-d2RAFQI6/lib/python3.8/site-packages/airflow/example_dags/example_branch_python_dop_operator_3.py took 0.054 seconds
[2021-05-16 13:23:48,997] {scheduler_job.py:182} INFO - Started process (PID=6504) to work on /Users/harry/.local/share/virtualenvs/rugby_data_project_airflow-d2RAFQI6/lib/python3.8/site-packages/airflow/example_dags/example_branch_python_dop_operator_3.py
[2021-05-16 13:23:48,997] {scheduler_job.py:629} INFO - Processing file /Users/harry/.local/share/virtualenvs/rugby_data_project_airflow-d2RAFQI6/lib/python3.8/site-packages/airflow/example_dags/example_branch_python_dop_operator_3.py for tasks to queue
[2021-05-16 13:23:48,998] {logging_mixin.py:104} INFO - [2021-05-16 13:23:48,998] {dagbag.py:451} INFO - Filling up the DagBag from /Users/harry/.local/share/virtualenvs/rugby_data_project_airflow-d2RAFQI6/lib/python3.8/site-packages/airflow/example_dags/example_branch_python_dop_operator_3.py
[2021-05-16 13:23:49,005] {scheduler_job.py:639} INFO - DAG(s) dict_keys(['example_branch_dop_operator_v3']) retrieved from /Users/harry/.local/share/virtualenvs/rugby_data_project_airflow-d2RAFQI6/lib/python3.8/site-packages/airflow/example_dags/example_branch_python_dop_operator_3.py
[2021-05-16 13:23:49,029] {logging_mixin.py:104} INFO - [2021-05-16 13:23:49,029] {dag.py:1824} INFO - Sync 1 DAGs
[2021-05-16 13:23:49,044] {logging_mixin.py:104} INFO - [2021-05-16 13:23:49,044] {dag.py:2280} INFO - Setting next_dagrun for example_branch_dop_operator_v3 to 2021-05-14 00:00:00+00:00
[2021-05-16 13:23:49,050] {scheduler_job.py:190} INFO - Processing /Users/harry/.local/share/virtualenvs/rugby_data_project_airflow-d2RAFQI6/lib/python3.8/site-packages/airflow/example_dags/example_branch_python_dop_operator_3.py took 0.054 seconds
[2021-05-16 13:24:24,473] {scheduler_job.py:182} INFO - Started process (PID=6941) to work on /Users/harry/.local/share/virtualenvs/rugby_data_project_airflow-d2RAFQI6/lib/python3.8/site-packages/airflow/example_dags/example_branch_python_dop_operator_3.py
[2021-05-16 13:24:24,474] {scheduler_job.py:629} INFO - Processing file /Users/harry/.local/share/virtualenvs/rugby_data_project_airflow-d2RAFQI6/lib/python3.8/site-packages/airflow/example_dags/example_branch_python_dop_operator_3.py for tasks to queue
[2021-05-16 13:24:24,475] {logging_mixin.py:104} INFO - [2021-05-16 13:24:24,474] {dagbag.py:451} INFO - Filling up the DagBag from /Users/harry/.local/share/virtualenvs/rugby_data_project_airflow-d2RAFQI6/lib/python3.8/site-packages/airflow/example_dags/example_branch_python_dop_operator_3.py
[2021-05-16 13:24:24,483] {scheduler_job.py:639} INFO - DAG(s) dict_keys(['example_branch_dop_operator_v3']) retrieved from /Users/harry/.local/share/virtualenvs/rugby_data_project_airflow-d2RAFQI6/lib/python3.8/site-packages/airflow/example_dags/example_branch_python_dop_operator_3.py
[2021-05-16 13:24:24,513] {logging_mixin.py:104} INFO - [2021-05-16 13:24:24,513] {dag.py:1824} INFO - Sync 1 DAGs
[2021-05-16 13:24:24,532] {logging_mixin.py:104} INFO - [2021-05-16 13:24:24,532] {dag.py:2280} INFO - Setting next_dagrun for example_branch_dop_operator_v3 to 2021-05-14 00:00:00+00:00
[2021-05-16 13:24:24,540] {scheduler_job.py:190} INFO - Processing /Users/harry/.local/share/virtualenvs/rugby_data_project_airflow-d2RAFQI6/lib/python3.8/site-packages/airflow/example_dags/example_branch_python_dop_operator_3.py took 0.068 seconds
[2021-05-16 20:06:51,459] {scheduler_job.py:182} INFO - Started process (PID=14496) to work on /Users/harry/.local/share/virtualenvs/rugby_data_project_airflow-d2RAFQI6/lib/python3.8/site-packages/airflow/example_dags/example_branch_python_dop_operator_3.py
[2021-05-16 20:06:51,460] {scheduler_job.py:629} INFO - Processing file /Users/harry/.local/share/virtualenvs/rugby_data_project_airflow-d2RAFQI6/lib/python3.8/site-packages/airflow/example_dags/example_branch_python_dop_operator_3.py for tasks to queue
[2021-05-16 20:06:51,461] {logging_mixin.py:104} INFO - [2021-05-16 20:06:51,461] {dagbag.py:451} INFO - Filling up the DagBag from /Users/harry/.local/share/virtualenvs/rugby_data_project_airflow-d2RAFQI6/lib/python3.8/site-packages/airflow/example_dags/example_branch_python_dop_operator_3.py
[2021-05-16 20:06:51,471] {scheduler_job.py:639} INFO - DAG(s) dict_keys(['example_branch_dop_operator_v3']) retrieved from /Users/harry/.local/share/virtualenvs/rugby_data_project_airflow-d2RAFQI6/lib/python3.8/site-packages/airflow/example_dags/example_branch_python_dop_operator_3.py
[2021-05-16 20:06:51,495] {logging_mixin.py:104} INFO - [2021-05-16 20:06:51,495] {dag.py:1824} INFO - Sync 1 DAGs
[2021-05-16 20:06:51,509] {logging_mixin.py:104} INFO - [2021-05-16 20:06:51,509] {dag.py:2280} INFO - Setting next_dagrun for example_branch_dop_operator_v3 to 2021-05-14 00:00:00+00:00
[2021-05-16 20:06:51,515] {scheduler_job.py:190} INFO - Processing /Users/harry/.local/share/virtualenvs/rugby_data_project_airflow-d2RAFQI6/lib/python3.8/site-packages/airflow/example_dags/example_branch_python_dop_operator_3.py took 0.057 seconds
[2021-05-16 20:07:43,544] {scheduler_job.py:182} INFO - Started process (PID=15037) to work on /Users/harry/.local/share/virtualenvs/rugby_data_project_airflow-d2RAFQI6/lib/python3.8/site-packages/airflow/example_dags/example_branch_python_dop_operator_3.py
[2021-05-16 20:07:43,544] {scheduler_job.py:629} INFO - Processing file /Users/harry/.local/share/virtualenvs/rugby_data_project_airflow-d2RAFQI6/lib/python3.8/site-packages/airflow/example_dags/example_branch_python_dop_operator_3.py for tasks to queue
[2021-05-16 20:07:43,545] {logging_mixin.py:104} INFO - [2021-05-16 20:07:43,545] {dagbag.py:451} INFO - Filling up the DagBag from /Users/harry/.local/share/virtualenvs/rugby_data_project_airflow-d2RAFQI6/lib/python3.8/site-packages/airflow/example_dags/example_branch_python_dop_operator_3.py
[2021-05-16 20:07:43,552] {scheduler_job.py:639} INFO - DAG(s) dict_keys(['example_branch_dop_operator_v3']) retrieved from /Users/harry/.local/share/virtualenvs/rugby_data_project_airflow-d2RAFQI6/lib/python3.8/site-packages/airflow/example_dags/example_branch_python_dop_operator_3.py
[2021-05-16 20:07:43,578] {logging_mixin.py:104} INFO - [2021-05-16 20:07:43,578] {dag.py:1824} INFO - Sync 1 DAGs
[2021-05-16 20:07:43,593] {logging_mixin.py:104} INFO - [2021-05-16 20:07:43,593] {dag.py:2280} INFO - Setting next_dagrun for example_branch_dop_operator_v3 to 2021-05-14 00:00:00+00:00
[2021-05-16 20:07:43,599] {scheduler_job.py:190} INFO - Processing /Users/harry/.local/share/virtualenvs/rugby_data_project_airflow-d2RAFQI6/lib/python3.8/site-packages/airflow/example_dags/example_branch_python_dop_operator_3.py took 0.056 seconds
[2021-05-16 20:08:35,505] {scheduler_job.py:182} INFO - Started process (PID=15623) to work on /Users/harry/.local/share/virtualenvs/rugby_data_project_airflow-d2RAFQI6/lib/python3.8/site-packages/airflow/example_dags/example_branch_python_dop_operator_3.py
[2021-05-16 20:08:35,506] {scheduler_job.py:629} INFO - Processing file /Users/harry/.local/share/virtualenvs/rugby_data_project_airflow-d2RAFQI6/lib/python3.8/site-packages/airflow/example_dags/example_branch_python_dop_operator_3.py for tasks to queue
[2021-05-16 20:08:35,506] {logging_mixin.py:104} INFO - [2021-05-16 20:08:35,506] {dagbag.py:451} INFO - Filling up the DagBag from /Users/harry/.local/share/virtualenvs/rugby_data_project_airflow-d2RAFQI6/lib/python3.8/site-packages/airflow/example_dags/example_branch_python_dop_operator_3.py
[2021-05-16 20:08:35,514] {scheduler_job.py:639} INFO - DAG(s) dict_keys(['example_branch_dop_operator_v3']) retrieved from /Users/harry/.local/share/virtualenvs/rugby_data_project_airflow-d2RAFQI6/lib/python3.8/site-packages/airflow/example_dags/example_branch_python_dop_operator_3.py
[2021-05-16 20:08:35,539] {logging_mixin.py:104} INFO - [2021-05-16 20:08:35,539] {dag.py:1824} INFO - Sync 1 DAGs
[2021-05-16 20:08:35,553] {logging_mixin.py:104} INFO - [2021-05-16 20:08:35,553] {dag.py:2280} INFO - Setting next_dagrun for example_branch_dop_operator_v3 to 2021-05-14 00:00:00+00:00
[2021-05-16 20:08:35,558] {scheduler_job.py:190} INFO - Processing /Users/harry/.local/share/virtualenvs/rugby_data_project_airflow-d2RAFQI6/lib/python3.8/site-packages/airflow/example_dags/example_branch_python_dop_operator_3.py took 0.054 seconds
[2021-05-16 20:09:20,689] {scheduler_job.py:182} INFO - Started process (PID=16093) to work on /Users/harry/.local/share/virtualenvs/rugby_data_project_airflow-d2RAFQI6/lib/python3.8/site-packages/airflow/example_dags/example_branch_python_dop_operator_3.py
[2021-05-16 20:09:20,689] {scheduler_job.py:629} INFO - Processing file /Users/harry/.local/share/virtualenvs/rugby_data_project_airflow-d2RAFQI6/lib/python3.8/site-packages/airflow/example_dags/example_branch_python_dop_operator_3.py for tasks to queue
[2021-05-16 20:09:20,690] {logging_mixin.py:104} INFO - [2021-05-16 20:09:20,690] {dagbag.py:451} INFO - Filling up the DagBag from /Users/harry/.local/share/virtualenvs/rugby_data_project_airflow-d2RAFQI6/lib/python3.8/site-packages/airflow/example_dags/example_branch_python_dop_operator_3.py
[2021-05-16 20:09:20,697] {scheduler_job.py:639} INFO - DAG(s) dict_keys(['example_branch_dop_operator_v3']) retrieved from /Users/harry/.local/share/virtualenvs/rugby_data_project_airflow-d2RAFQI6/lib/python3.8/site-packages/airflow/example_dags/example_branch_python_dop_operator_3.py
[2021-05-16 20:09:20,720] {logging_mixin.py:104} INFO - [2021-05-16 20:09:20,720] {dag.py:1824} INFO - Sync 1 DAGs
[2021-05-16 20:09:20,734] {logging_mixin.py:104} INFO - [2021-05-16 20:09:20,734] {dag.py:2280} INFO - Setting next_dagrun for example_branch_dop_operator_v3 to 2021-05-14 00:00:00+00:00
[2021-05-16 20:09:20,740] {scheduler_job.py:190} INFO - Processing /Users/harry/.local/share/virtualenvs/rugby_data_project_airflow-d2RAFQI6/lib/python3.8/site-packages/airflow/example_dags/example_branch_python_dop_operator_3.py took 0.052 seconds
[2021-05-16 20:10:07,414] {scheduler_job.py:182} INFO - Started process (PID=16732) to work on /Users/harry/.local/share/virtualenvs/rugby_data_project_airflow-d2RAFQI6/lib/python3.8/site-packages/airflow/example_dags/example_branch_python_dop_operator_3.py
[2021-05-16 20:10:07,415] {scheduler_job.py:629} INFO - Processing file /Users/harry/.local/share/virtualenvs/rugby_data_project_airflow-d2RAFQI6/lib/python3.8/site-packages/airflow/example_dags/example_branch_python_dop_operator_3.py for tasks to queue
[2021-05-16 20:10:07,416] {logging_mixin.py:104} INFO - [2021-05-16 20:10:07,416] {dagbag.py:451} INFO - Filling up the DagBag from /Users/harry/.local/share/virtualenvs/rugby_data_project_airflow-d2RAFQI6/lib/python3.8/site-packages/airflow/example_dags/example_branch_python_dop_operator_3.py
[2021-05-16 20:10:07,424] {scheduler_job.py:639} INFO - DAG(s) dict_keys(['example_branch_dop_operator_v3']) retrieved from /Users/harry/.local/share/virtualenvs/rugby_data_project_airflow-d2RAFQI6/lib/python3.8/site-packages/airflow/example_dags/example_branch_python_dop_operator_3.py
[2021-05-16 20:10:07,447] {logging_mixin.py:104} INFO - [2021-05-16 20:10:07,447] {dag.py:1824} INFO - Sync 1 DAGs
[2021-05-16 20:10:07,461] {logging_mixin.py:104} INFO - [2021-05-16 20:10:07,461] {dag.py:2280} INFO - Setting next_dagrun for example_branch_dop_operator_v3 to 2021-05-14 00:00:00+00:00
[2021-05-16 20:10:07,467] {scheduler_job.py:190} INFO - Processing /Users/harry/.local/share/virtualenvs/rugby_data_project_airflow-d2RAFQI6/lib/python3.8/site-packages/airflow/example_dags/example_branch_python_dop_operator_3.py took 0.053 seconds
[2021-05-16 20:11:02,727] {scheduler_job.py:182} INFO - Started process (PID=17310) to work on /Users/harry/.local/share/virtualenvs/rugby_data_project_airflow-d2RAFQI6/lib/python3.8/site-packages/airflow/example_dags/example_branch_python_dop_operator_3.py
[2021-05-16 20:11:02,729] {scheduler_job.py:629} INFO - Processing file /Users/harry/.local/share/virtualenvs/rugby_data_project_airflow-d2RAFQI6/lib/python3.8/site-packages/airflow/example_dags/example_branch_python_dop_operator_3.py for tasks to queue
[2021-05-16 20:11:02,730] {logging_mixin.py:104} INFO - [2021-05-16 20:11:02,729] {dagbag.py:451} INFO - Filling up the DagBag from /Users/harry/.local/share/virtualenvs/rugby_data_project_airflow-d2RAFQI6/lib/python3.8/site-packages/airflow/example_dags/example_branch_python_dop_operator_3.py
[2021-05-16 20:11:02,744] {scheduler_job.py:639} INFO - DAG(s) dict_keys(['example_branch_dop_operator_v3']) retrieved from /Users/harry/.local/share/virtualenvs/rugby_data_project_airflow-d2RAFQI6/lib/python3.8/site-packages/airflow/example_dags/example_branch_python_dop_operator_3.py
[2021-05-16 20:11:02,772] {logging_mixin.py:104} INFO - [2021-05-16 20:11:02,772] {dag.py:1824} INFO - Sync 1 DAGs
[2021-05-16 20:11:02,786] {logging_mixin.py:104} INFO - [2021-05-16 20:11:02,786] {dag.py:2280} INFO - Setting next_dagrun for example_branch_dop_operator_v3 to 2021-05-14 00:00:00+00:00
[2021-05-16 20:11:02,793] {scheduler_job.py:190} INFO - Processing /Users/harry/.local/share/virtualenvs/rugby_data_project_airflow-d2RAFQI6/lib/python3.8/site-packages/airflow/example_dags/example_branch_python_dop_operator_3.py took 0.066 seconds
[2021-05-16 20:11:49,925] {scheduler_job.py:182} INFO - Started process (PID=17790) to work on /Users/harry/.local/share/virtualenvs/rugby_data_project_airflow-d2RAFQI6/lib/python3.8/site-packages/airflow/example_dags/example_branch_python_dop_operator_3.py
[2021-05-16 20:11:49,926] {scheduler_job.py:629} INFO - Processing file /Users/harry/.local/share/virtualenvs/rugby_data_project_airflow-d2RAFQI6/lib/python3.8/site-packages/airflow/example_dags/example_branch_python_dop_operator_3.py for tasks to queue
[2021-05-16 20:11:49,926] {logging_mixin.py:104} INFO - [2021-05-16 20:11:49,926] {dagbag.py:451} INFO - Filling up the DagBag from /Users/harry/.local/share/virtualenvs/rugby_data_project_airflow-d2RAFQI6/lib/python3.8/site-packages/airflow/example_dags/example_branch_python_dop_operator_3.py
[2021-05-16 20:11:49,933] {scheduler_job.py:639} INFO - DAG(s) dict_keys(['example_branch_dop_operator_v3']) retrieved from /Users/harry/.local/share/virtualenvs/rugby_data_project_airflow-d2RAFQI6/lib/python3.8/site-packages/airflow/example_dags/example_branch_python_dop_operator_3.py
[2021-05-16 20:11:49,957] {logging_mixin.py:104} INFO - [2021-05-16 20:11:49,957] {dag.py:1824} INFO - Sync 1 DAGs
[2021-05-16 20:11:49,971] {logging_mixin.py:104} INFO - [2021-05-16 20:11:49,971] {dag.py:2280} INFO - Setting next_dagrun for example_branch_dop_operator_v3 to 2021-05-14 00:00:00+00:00
[2021-05-16 20:11:49,977] {scheduler_job.py:190} INFO - Processing /Users/harry/.local/share/virtualenvs/rugby_data_project_airflow-d2RAFQI6/lib/python3.8/site-packages/airflow/example_dags/example_branch_python_dop_operator_3.py took 0.052 seconds
[2021-05-16 20:12:36,962] {scheduler_job.py:182} INFO - Started process (PID=18450) to work on /Users/harry/.local/share/virtualenvs/rugby_data_project_airflow-d2RAFQI6/lib/python3.8/site-packages/airflow/example_dags/example_branch_python_dop_operator_3.py
[2021-05-16 20:12:36,962] {scheduler_job.py:629} INFO - Processing file /Users/harry/.local/share/virtualenvs/rugby_data_project_airflow-d2RAFQI6/lib/python3.8/site-packages/airflow/example_dags/example_branch_python_dop_operator_3.py for tasks to queue
[2021-05-16 20:12:36,963] {logging_mixin.py:104} INFO - [2021-05-16 20:12:36,963] {dagbag.py:451} INFO - Filling up the DagBag from /Users/harry/.local/share/virtualenvs/rugby_data_project_airflow-d2RAFQI6/lib/python3.8/site-packages/airflow/example_dags/example_branch_python_dop_operator_3.py
[2021-05-16 20:12:36,970] {scheduler_job.py:639} INFO - DAG(s) dict_keys(['example_branch_dop_operator_v3']) retrieved from /Users/harry/.local/share/virtualenvs/rugby_data_project_airflow-d2RAFQI6/lib/python3.8/site-packages/airflow/example_dags/example_branch_python_dop_operator_3.py
[2021-05-16 20:12:36,996] {logging_mixin.py:104} INFO - [2021-05-16 20:12:36,996] {dag.py:1824} INFO - Sync 1 DAGs
[2021-05-16 20:12:37,012] {logging_mixin.py:104} INFO - [2021-05-16 20:12:37,012] {dag.py:2280} INFO - Setting next_dagrun for example_branch_dop_operator_v3 to 2021-05-14 00:00:00+00:00
[2021-05-16 20:12:37,018] {scheduler_job.py:190} INFO - Processing /Users/harry/.local/share/virtualenvs/rugby_data_project_airflow-d2RAFQI6/lib/python3.8/site-packages/airflow/example_dags/example_branch_python_dop_operator_3.py took 0.057 seconds
[2021-05-16 20:13:27,702] {scheduler_job.py:182} INFO - Started process (PID=19088) to work on /Users/harry/.local/share/virtualenvs/rugby_data_project_airflow-d2RAFQI6/lib/python3.8/site-packages/airflow/example_dags/example_branch_python_dop_operator_3.py
[2021-05-16 20:13:27,703] {scheduler_job.py:629} INFO - Processing file /Users/harry/.local/share/virtualenvs/rugby_data_project_airflow-d2RAFQI6/lib/python3.8/site-packages/airflow/example_dags/example_branch_python_dop_operator_3.py for tasks to queue
[2021-05-16 20:13:27,704] {logging_mixin.py:104} INFO - [2021-05-16 20:13:27,704] {dagbag.py:451} INFO - Filling up the DagBag from /Users/harry/.local/share/virtualenvs/rugby_data_project_airflow-d2RAFQI6/lib/python3.8/site-packages/airflow/example_dags/example_branch_python_dop_operator_3.py
[2021-05-16 20:13:27,711] {scheduler_job.py:639} INFO - DAG(s) dict_keys(['example_branch_dop_operator_v3']) retrieved from /Users/harry/.local/share/virtualenvs/rugby_data_project_airflow-d2RAFQI6/lib/python3.8/site-packages/airflow/example_dags/example_branch_python_dop_operator_3.py
[2021-05-16 20:13:27,735] {logging_mixin.py:104} INFO - [2021-05-16 20:13:27,735] {dag.py:1824} INFO - Sync 1 DAGs
[2021-05-16 20:13:27,750] {logging_mixin.py:104} INFO - [2021-05-16 20:13:27,750] {dag.py:2280} INFO - Setting next_dagrun for example_branch_dop_operator_v3 to 2021-05-14 00:00:00+00:00
[2021-05-16 20:13:27,756] {scheduler_job.py:190} INFO - Processing /Users/harry/.local/share/virtualenvs/rugby_data_project_airflow-d2RAFQI6/lib/python3.8/site-packages/airflow/example_dags/example_branch_python_dop_operator_3.py took 0.054 seconds
[2021-05-16 20:14:19,228] {scheduler_job.py:182} INFO - Started process (PID=19676) to work on /Users/harry/.local/share/virtualenvs/rugby_data_project_airflow-d2RAFQI6/lib/python3.8/site-packages/airflow/example_dags/example_branch_python_dop_operator_3.py
[2021-05-16 20:14:19,229] {scheduler_job.py:629} INFO - Processing file /Users/harry/.local/share/virtualenvs/rugby_data_project_airflow-d2RAFQI6/lib/python3.8/site-packages/airflow/example_dags/example_branch_python_dop_operator_3.py for tasks to queue
[2021-05-16 20:14:19,229] {logging_mixin.py:104} INFO - [2021-05-16 20:14:19,229] {dagbag.py:451} INFO - Filling up the DagBag from /Users/harry/.local/share/virtualenvs/rugby_data_project_airflow-d2RAFQI6/lib/python3.8/site-packages/airflow/example_dags/example_branch_python_dop_operator_3.py
[2021-05-16 20:14:19,236] {scheduler_job.py:639} INFO - DAG(s) dict_keys(['example_branch_dop_operator_v3']) retrieved from /Users/harry/.local/share/virtualenvs/rugby_data_project_airflow-d2RAFQI6/lib/python3.8/site-packages/airflow/example_dags/example_branch_python_dop_operator_3.py
[2021-05-16 20:14:19,258] {logging_mixin.py:104} INFO - [2021-05-16 20:14:19,258] {dag.py:1824} INFO - Sync 1 DAGs
[2021-05-16 20:14:19,271] {logging_mixin.py:104} INFO - [2021-05-16 20:14:19,271] {dag.py:2280} INFO - Setting next_dagrun for example_branch_dop_operator_v3 to 2021-05-14 00:00:00+00:00
[2021-05-16 20:14:19,277] {scheduler_job.py:190} INFO - Processing /Users/harry/.local/share/virtualenvs/rugby_data_project_airflow-d2RAFQI6/lib/python3.8/site-packages/airflow/example_dags/example_branch_python_dop_operator_3.py took 0.050 seconds
[2021-05-16 20:15:04,257] {scheduler_job.py:182} INFO - Started process (PID=20210) to work on /Users/harry/.local/share/virtualenvs/rugby_data_project_airflow-d2RAFQI6/lib/python3.8/site-packages/airflow/example_dags/example_branch_python_dop_operator_3.py
[2021-05-16 20:15:04,258] {scheduler_job.py:629} INFO - Processing file /Users/harry/.local/share/virtualenvs/rugby_data_project_airflow-d2RAFQI6/lib/python3.8/site-packages/airflow/example_dags/example_branch_python_dop_operator_3.py for tasks to queue
[2021-05-16 20:15:04,258] {logging_mixin.py:104} INFO - [2021-05-16 20:15:04,258] {dagbag.py:451} INFO - Filling up the DagBag from /Users/harry/.local/share/virtualenvs/rugby_data_project_airflow-d2RAFQI6/lib/python3.8/site-packages/airflow/example_dags/example_branch_python_dop_operator_3.py
[2021-05-16 20:15:04,267] {scheduler_job.py:639} INFO - DAG(s) dict_keys(['example_branch_dop_operator_v3']) retrieved from /Users/harry/.local/share/virtualenvs/rugby_data_project_airflow-d2RAFQI6/lib/python3.8/site-packages/airflow/example_dags/example_branch_python_dop_operator_3.py
[2021-05-16 20:15:04,290] {logging_mixin.py:104} INFO - [2021-05-16 20:15:04,290] {dag.py:1824} INFO - Sync 1 DAGs
[2021-05-16 20:15:04,303] {logging_mixin.py:104} INFO - [2021-05-16 20:15:04,303] {dag.py:2280} INFO - Setting next_dagrun for example_branch_dop_operator_v3 to 2021-05-14 00:00:00+00:00
[2021-05-16 20:15:04,309] {scheduler_job.py:190} INFO - Processing /Users/harry/.local/share/virtualenvs/rugby_data_project_airflow-d2RAFQI6/lib/python3.8/site-packages/airflow/example_dags/example_branch_python_dop_operator_3.py took 0.053 seconds
[2021-05-16 20:15:54,927] {scheduler_job.py:182} INFO - Started process (PID=21580) to work on /Users/harry/.local/share/virtualenvs/rugby_data_project_airflow-d2RAFQI6/lib/python3.8/site-packages/airflow/example_dags/example_branch_python_dop_operator_3.py
[2021-05-16 20:15:54,928] {scheduler_job.py:629} INFO - Processing file /Users/harry/.local/share/virtualenvs/rugby_data_project_airflow-d2RAFQI6/lib/python3.8/site-packages/airflow/example_dags/example_branch_python_dop_operator_3.py for tasks to queue
[2021-05-16 20:15:54,928] {logging_mixin.py:104} INFO - [2021-05-16 20:15:54,928] {dagbag.py:451} INFO - Filling up the DagBag from /Users/harry/.local/share/virtualenvs/rugby_data_project_airflow-d2RAFQI6/lib/python3.8/site-packages/airflow/example_dags/example_branch_python_dop_operator_3.py
[2021-05-16 20:15:54,935] {scheduler_job.py:639} INFO - DAG(s) dict_keys(['example_branch_dop_operator_v3']) retrieved from /Users/harry/.local/share/virtualenvs/rugby_data_project_airflow-d2RAFQI6/lib/python3.8/site-packages/airflow/example_dags/example_branch_python_dop_operator_3.py
[2021-05-16 20:15:54,958] {logging_mixin.py:104} INFO - [2021-05-16 20:15:54,958] {dag.py:1824} INFO - Sync 1 DAGs
[2021-05-16 20:15:54,972] {logging_mixin.py:104} INFO - [2021-05-16 20:15:54,971] {dag.py:2280} INFO - Setting next_dagrun for example_branch_dop_operator_v3 to 2021-05-14 00:00:00+00:00
[2021-05-16 20:15:54,977] {scheduler_job.py:190} INFO - Processing /Users/harry/.local/share/virtualenvs/rugby_data_project_airflow-d2RAFQI6/lib/python3.8/site-packages/airflow/example_dags/example_branch_python_dop_operator_3.py took 0.051 seconds
