[2021-05-16 09:01:09,093] {scheduler_job.py:182} INFO - Started process (PID=42996) to work on /Users/harry/.local/share/virtualenvs/rugby_data_project_airflow-d2RAFQI6/lib/python3.8/site-packages/airflow/example_dags/tutorial_etl_dag.py
[2021-05-16 09:01:09,094] {scheduler_job.py:629} INFO - Processing file /Users/harry/.local/share/virtualenvs/rugby_data_project_airflow-d2RAFQI6/lib/python3.8/site-packages/airflow/example_dags/tutorial_etl_dag.py for tasks to queue
[2021-05-16 09:01:09,094] {logging_mixin.py:104} INFO - [2021-05-16 09:01:09,094] {dagbag.py:451} INFO - Filling up the DagBag from /Users/harry/.local/share/virtualenvs/rugby_data_project_airflow-d2RAFQI6/lib/python3.8/site-packages/airflow/example_dags/tutorial_etl_dag.py
[2021-05-16 09:01:09,101] {scheduler_job.py:639} INFO - DAG(s) dict_keys(['tutorial_etl_dag']) retrieved from /Users/harry/.local/share/virtualenvs/rugby_data_project_airflow-d2RAFQI6/lib/python3.8/site-packages/airflow/example_dags/tutorial_etl_dag.py
[2021-05-16 09:01:09,135] {logging_mixin.py:104} INFO - [2021-05-16 09:01:09,135] {dag.py:1824} INFO - Sync 1 DAGs
[2021-05-16 09:01:09,144] {logging_mixin.py:104} INFO - [2021-05-16 09:01:09,144] {dag.py:2280} INFO - Setting next_dagrun for tutorial_etl_dag to None
[2021-05-16 09:01:09,154] {scheduler_job.py:190} INFO - Processing /Users/harry/.local/share/virtualenvs/rugby_data_project_airflow-d2RAFQI6/lib/python3.8/site-packages/airflow/example_dags/tutorial_etl_dag.py took 0.061 seconds
[2021-05-16 09:05:39,468] {scheduler_job.py:182} INFO - Started process (PID=44875) to work on /Users/harry/.local/share/virtualenvs/rugby_data_project_airflow-d2RAFQI6/lib/python3.8/site-packages/airflow/example_dags/tutorial_etl_dag.py
[2021-05-16 09:05:39,469] {scheduler_job.py:629} INFO - Processing file /Users/harry/.local/share/virtualenvs/rugby_data_project_airflow-d2RAFQI6/lib/python3.8/site-packages/airflow/example_dags/tutorial_etl_dag.py for tasks to queue
[2021-05-16 09:05:39,469] {logging_mixin.py:104} INFO - [2021-05-16 09:05:39,469] {dagbag.py:451} INFO - Filling up the DagBag from /Users/harry/.local/share/virtualenvs/rugby_data_project_airflow-d2RAFQI6/lib/python3.8/site-packages/airflow/example_dags/tutorial_etl_dag.py
[2021-05-16 09:05:39,476] {scheduler_job.py:639} INFO - DAG(s) dict_keys(['tutorial_etl_dag']) retrieved from /Users/harry/.local/share/virtualenvs/rugby_data_project_airflow-d2RAFQI6/lib/python3.8/site-packages/airflow/example_dags/tutorial_etl_dag.py
[2021-05-16 09:05:39,505] {logging_mixin.py:104} INFO - [2021-05-16 09:05:39,505] {dag.py:1824} INFO - Sync 1 DAGs
[2021-05-16 09:05:39,512] {logging_mixin.py:104} INFO - [2021-05-16 09:05:39,512] {dag.py:2280} INFO - Setting next_dagrun for tutorial_etl_dag to None
[2021-05-16 09:05:39,518] {scheduler_job.py:190} INFO - Processing /Users/harry/.local/share/virtualenvs/rugby_data_project_airflow-d2RAFQI6/lib/python3.8/site-packages/airflow/example_dags/tutorial_etl_dag.py took 0.051 seconds
[2021-05-16 09:09:44,026] {scheduler_job.py:182} INFO - Started process (PID=46602) to work on /Users/harry/.local/share/virtualenvs/rugby_data_project_airflow-d2RAFQI6/lib/python3.8/site-packages/airflow/example_dags/tutorial_etl_dag.py
[2021-05-16 09:09:44,027] {scheduler_job.py:629} INFO - Processing file /Users/harry/.local/share/virtualenvs/rugby_data_project_airflow-d2RAFQI6/lib/python3.8/site-packages/airflow/example_dags/tutorial_etl_dag.py for tasks to queue
[2021-05-16 09:09:44,028] {logging_mixin.py:104} INFO - [2021-05-16 09:09:44,028] {dagbag.py:451} INFO - Filling up the DagBag from /Users/harry/.local/share/virtualenvs/rugby_data_project_airflow-d2RAFQI6/lib/python3.8/site-packages/airflow/example_dags/tutorial_etl_dag.py
[2021-05-16 09:09:44,035] {scheduler_job.py:639} INFO - DAG(s) dict_keys(['tutorial_etl_dag']) retrieved from /Users/harry/.local/share/virtualenvs/rugby_data_project_airflow-d2RAFQI6/lib/python3.8/site-packages/airflow/example_dags/tutorial_etl_dag.py
[2021-05-16 09:09:44,067] {logging_mixin.py:104} INFO - [2021-05-16 09:09:44,067] {dag.py:1824} INFO - Sync 1 DAGs
[2021-05-16 09:09:44,074] {logging_mixin.py:104} INFO - [2021-05-16 09:09:44,074] {dag.py:2280} INFO - Setting next_dagrun for tutorial_etl_dag to None
[2021-05-16 09:09:44,083] {scheduler_job.py:190} INFO - Processing /Users/harry/.local/share/virtualenvs/rugby_data_project_airflow-d2RAFQI6/lib/python3.8/site-packages/airflow/example_dags/tutorial_etl_dag.py took 0.058 seconds
[2021-05-16 09:14:04,101] {scheduler_job.py:182} INFO - Started process (PID=48417) to work on /Users/harry/.local/share/virtualenvs/rugby_data_project_airflow-d2RAFQI6/lib/python3.8/site-packages/airflow/example_dags/tutorial_etl_dag.py
[2021-05-16 09:14:04,102] {scheduler_job.py:629} INFO - Processing file /Users/harry/.local/share/virtualenvs/rugby_data_project_airflow-d2RAFQI6/lib/python3.8/site-packages/airflow/example_dags/tutorial_etl_dag.py for tasks to queue
[2021-05-16 09:14:04,103] {logging_mixin.py:104} INFO - [2021-05-16 09:14:04,102] {dagbag.py:451} INFO - Filling up the DagBag from /Users/harry/.local/share/virtualenvs/rugby_data_project_airflow-d2RAFQI6/lib/python3.8/site-packages/airflow/example_dags/tutorial_etl_dag.py
[2021-05-16 09:14:04,111] {scheduler_job.py:639} INFO - DAG(s) dict_keys(['tutorial_etl_dag']) retrieved from /Users/harry/.local/share/virtualenvs/rugby_data_project_airflow-d2RAFQI6/lib/python3.8/site-packages/airflow/example_dags/tutorial_etl_dag.py
[2021-05-16 09:14:04,148] {logging_mixin.py:104} INFO - [2021-05-16 09:14:04,148] {dag.py:1824} INFO - Sync 1 DAGs
[2021-05-16 09:14:04,157] {logging_mixin.py:104} INFO - [2021-05-16 09:14:04,157] {dag.py:2280} INFO - Setting next_dagrun for tutorial_etl_dag to None
[2021-05-16 09:14:04,166] {scheduler_job.py:190} INFO - Processing /Users/harry/.local/share/virtualenvs/rugby_data_project_airflow-d2RAFQI6/lib/python3.8/site-packages/airflow/example_dags/tutorial_etl_dag.py took 0.066 seconds
[2021-05-16 09:18:56,083] {scheduler_job.py:182} INFO - Started process (PID=50300) to work on /Users/harry/.local/share/virtualenvs/rugby_data_project_airflow-d2RAFQI6/lib/python3.8/site-packages/airflow/example_dags/tutorial_etl_dag.py
[2021-05-16 09:18:56,084] {scheduler_job.py:629} INFO - Processing file /Users/harry/.local/share/virtualenvs/rugby_data_project_airflow-d2RAFQI6/lib/python3.8/site-packages/airflow/example_dags/tutorial_etl_dag.py for tasks to queue
[2021-05-16 09:18:56,085] {logging_mixin.py:104} INFO - [2021-05-16 09:18:56,085] {dagbag.py:451} INFO - Filling up the DagBag from /Users/harry/.local/share/virtualenvs/rugby_data_project_airflow-d2RAFQI6/lib/python3.8/site-packages/airflow/example_dags/tutorial_etl_dag.py
[2021-05-16 09:18:56,093] {scheduler_job.py:639} INFO - DAG(s) dict_keys(['tutorial_etl_dag']) retrieved from /Users/harry/.local/share/virtualenvs/rugby_data_project_airflow-d2RAFQI6/lib/python3.8/site-packages/airflow/example_dags/tutorial_etl_dag.py
[2021-05-16 09:18:56,129] {logging_mixin.py:104} INFO - [2021-05-16 09:18:56,129] {dag.py:1824} INFO - Sync 1 DAGs
[2021-05-16 09:18:56,137] {logging_mixin.py:104} INFO - [2021-05-16 09:18:56,137] {dag.py:2280} INFO - Setting next_dagrun for tutorial_etl_dag to None
[2021-05-16 09:18:56,146] {scheduler_job.py:190} INFO - Processing /Users/harry/.local/share/virtualenvs/rugby_data_project_airflow-d2RAFQI6/lib/python3.8/site-packages/airflow/example_dags/tutorial_etl_dag.py took 0.063 seconds
[2021-05-16 09:23:42,233] {scheduler_job.py:182} INFO - Started process (PID=52123) to work on /Users/harry/.local/share/virtualenvs/rugby_data_project_airflow-d2RAFQI6/lib/python3.8/site-packages/airflow/example_dags/tutorial_etl_dag.py
[2021-05-16 09:23:42,234] {scheduler_job.py:629} INFO - Processing file /Users/harry/.local/share/virtualenvs/rugby_data_project_airflow-d2RAFQI6/lib/python3.8/site-packages/airflow/example_dags/tutorial_etl_dag.py for tasks to queue
[2021-05-16 09:23:42,235] {logging_mixin.py:104} INFO - [2021-05-16 09:23:42,235] {dagbag.py:451} INFO - Filling up the DagBag from /Users/harry/.local/share/virtualenvs/rugby_data_project_airflow-d2RAFQI6/lib/python3.8/site-packages/airflow/example_dags/tutorial_etl_dag.py
[2021-05-16 09:23:42,243] {scheduler_job.py:639} INFO - DAG(s) dict_keys(['tutorial_etl_dag']) retrieved from /Users/harry/.local/share/virtualenvs/rugby_data_project_airflow-d2RAFQI6/lib/python3.8/site-packages/airflow/example_dags/tutorial_etl_dag.py
[2021-05-16 09:23:42,278] {logging_mixin.py:104} INFO - [2021-05-16 09:23:42,278] {dag.py:1824} INFO - Sync 1 DAGs
[2021-05-16 09:23:42,286] {logging_mixin.py:104} INFO - [2021-05-16 09:23:42,286] {dag.py:2280} INFO - Setting next_dagrun for tutorial_etl_dag to None
[2021-05-16 09:23:42,295] {scheduler_job.py:190} INFO - Processing /Users/harry/.local/share/virtualenvs/rugby_data_project_airflow-d2RAFQI6/lib/python3.8/site-packages/airflow/example_dags/tutorial_etl_dag.py took 0.062 seconds
[2021-05-16 09:28:32,513] {scheduler_job.py:182} INFO - Started process (PID=53957) to work on /Users/harry/.local/share/virtualenvs/rugby_data_project_airflow-d2RAFQI6/lib/python3.8/site-packages/airflow/example_dags/tutorial_etl_dag.py
[2021-05-16 09:28:32,514] {scheduler_job.py:629} INFO - Processing file /Users/harry/.local/share/virtualenvs/rugby_data_project_airflow-d2RAFQI6/lib/python3.8/site-packages/airflow/example_dags/tutorial_etl_dag.py for tasks to queue
[2021-05-16 09:28:32,515] {logging_mixin.py:104} INFO - [2021-05-16 09:28:32,515] {dagbag.py:451} INFO - Filling up the DagBag from /Users/harry/.local/share/virtualenvs/rugby_data_project_airflow-d2RAFQI6/lib/python3.8/site-packages/airflow/example_dags/tutorial_etl_dag.py
[2021-05-16 09:28:32,523] {scheduler_job.py:639} INFO - DAG(s) dict_keys(['tutorial_etl_dag']) retrieved from /Users/harry/.local/share/virtualenvs/rugby_data_project_airflow-d2RAFQI6/lib/python3.8/site-packages/airflow/example_dags/tutorial_etl_dag.py
[2021-05-16 09:28:32,561] {logging_mixin.py:104} INFO - [2021-05-16 09:28:32,561] {dag.py:1824} INFO - Sync 1 DAGs
[2021-05-16 09:28:32,569] {logging_mixin.py:104} INFO - [2021-05-16 09:28:32,569] {dag.py:2280} INFO - Setting next_dagrun for tutorial_etl_dag to None
[2021-05-16 09:28:32,579] {scheduler_job.py:190} INFO - Processing /Users/harry/.local/share/virtualenvs/rugby_data_project_airflow-d2RAFQI6/lib/python3.8/site-packages/airflow/example_dags/tutorial_etl_dag.py took 0.066 seconds
[2021-05-16 09:33:22,800] {scheduler_job.py:182} INFO - Started process (PID=55676) to work on /Users/harry/.local/share/virtualenvs/rugby_data_project_airflow-d2RAFQI6/lib/python3.8/site-packages/airflow/example_dags/tutorial_etl_dag.py
[2021-05-16 09:33:22,800] {scheduler_job.py:629} INFO - Processing file /Users/harry/.local/share/virtualenvs/rugby_data_project_airflow-d2RAFQI6/lib/python3.8/site-packages/airflow/example_dags/tutorial_etl_dag.py for tasks to queue
[2021-05-16 09:33:22,801] {logging_mixin.py:104} INFO - [2021-05-16 09:33:22,801] {dagbag.py:451} INFO - Filling up the DagBag from /Users/harry/.local/share/virtualenvs/rugby_data_project_airflow-d2RAFQI6/lib/python3.8/site-packages/airflow/example_dags/tutorial_etl_dag.py
[2021-05-16 09:33:22,809] {scheduler_job.py:639} INFO - DAG(s) dict_keys(['tutorial_etl_dag']) retrieved from /Users/harry/.local/share/virtualenvs/rugby_data_project_airflow-d2RAFQI6/lib/python3.8/site-packages/airflow/example_dags/tutorial_etl_dag.py
[2021-05-16 09:33:22,848] {logging_mixin.py:104} INFO - [2021-05-16 09:33:22,847] {dag.py:1824} INFO - Sync 1 DAGs
[2021-05-16 09:33:22,856] {logging_mixin.py:104} INFO - [2021-05-16 09:33:22,856] {dag.py:2280} INFO - Setting next_dagrun for tutorial_etl_dag to None
[2021-05-16 09:33:22,865] {scheduler_job.py:190} INFO - Processing /Users/harry/.local/share/virtualenvs/rugby_data_project_airflow-d2RAFQI6/lib/python3.8/site-packages/airflow/example_dags/tutorial_etl_dag.py took 0.066 seconds
[2021-05-16 09:38:18,157] {scheduler_job.py:182} INFO - Started process (PID=57511) to work on /Users/harry/.local/share/virtualenvs/rugby_data_project_airflow-d2RAFQI6/lib/python3.8/site-packages/airflow/example_dags/tutorial_etl_dag.py
[2021-05-16 09:38:18,158] {scheduler_job.py:629} INFO - Processing file /Users/harry/.local/share/virtualenvs/rugby_data_project_airflow-d2RAFQI6/lib/python3.8/site-packages/airflow/example_dags/tutorial_etl_dag.py for tasks to queue
[2021-05-16 09:38:18,159] {logging_mixin.py:104} INFO - [2021-05-16 09:38:18,159] {dagbag.py:451} INFO - Filling up the DagBag from /Users/harry/.local/share/virtualenvs/rugby_data_project_airflow-d2RAFQI6/lib/python3.8/site-packages/airflow/example_dags/tutorial_etl_dag.py
[2021-05-16 09:38:18,168] {scheduler_job.py:639} INFO - DAG(s) dict_keys(['tutorial_etl_dag']) retrieved from /Users/harry/.local/share/virtualenvs/rugby_data_project_airflow-d2RAFQI6/lib/python3.8/site-packages/airflow/example_dags/tutorial_etl_dag.py
[2021-05-16 09:38:18,206] {logging_mixin.py:104} INFO - [2021-05-16 09:38:18,206] {dag.py:1824} INFO - Sync 1 DAGs
[2021-05-16 09:38:18,215] {logging_mixin.py:104} INFO - [2021-05-16 09:38:18,215] {dag.py:2280} INFO - Setting next_dagrun for tutorial_etl_dag to None
[2021-05-16 09:38:18,223] {scheduler_job.py:190} INFO - Processing /Users/harry/.local/share/virtualenvs/rugby_data_project_airflow-d2RAFQI6/lib/python3.8/site-packages/airflow/example_dags/tutorial_etl_dag.py took 0.067 seconds
[2021-05-16 09:43:06,126] {scheduler_job.py:182} INFO - Started process (PID=59196) to work on /Users/harry/.local/share/virtualenvs/rugby_data_project_airflow-d2RAFQI6/lib/python3.8/site-packages/airflow/example_dags/tutorial_etl_dag.py
[2021-05-16 09:43:06,127] {scheduler_job.py:629} INFO - Processing file /Users/harry/.local/share/virtualenvs/rugby_data_project_airflow-d2RAFQI6/lib/python3.8/site-packages/airflow/example_dags/tutorial_etl_dag.py for tasks to queue
[2021-05-16 09:43:06,128] {logging_mixin.py:104} INFO - [2021-05-16 09:43:06,128] {dagbag.py:451} INFO - Filling up the DagBag from /Users/harry/.local/share/virtualenvs/rugby_data_project_airflow-d2RAFQI6/lib/python3.8/site-packages/airflow/example_dags/tutorial_etl_dag.py
[2021-05-16 09:43:06,137] {scheduler_job.py:639} INFO - DAG(s) dict_keys(['tutorial_etl_dag']) retrieved from /Users/harry/.local/share/virtualenvs/rugby_data_project_airflow-d2RAFQI6/lib/python3.8/site-packages/airflow/example_dags/tutorial_etl_dag.py
[2021-05-16 09:43:06,175] {logging_mixin.py:104} INFO - [2021-05-16 09:43:06,175] {dag.py:1824} INFO - Sync 1 DAGs
[2021-05-16 09:43:06,183] {logging_mixin.py:104} INFO - [2021-05-16 09:43:06,183] {dag.py:2280} INFO - Setting next_dagrun for tutorial_etl_dag to None
[2021-05-16 09:43:06,192] {scheduler_job.py:190} INFO - Processing /Users/harry/.local/share/virtualenvs/rugby_data_project_airflow-d2RAFQI6/lib/python3.8/site-packages/airflow/example_dags/tutorial_etl_dag.py took 0.067 seconds
[2021-05-16 13:21:52,659] {scheduler_job.py:182} INFO - Started process (PID=4904) to work on /Users/harry/.local/share/virtualenvs/rugby_data_project_airflow-d2RAFQI6/lib/python3.8/site-packages/airflow/example_dags/tutorial_etl_dag.py
[2021-05-16 13:21:52,660] {scheduler_job.py:629} INFO - Processing file /Users/harry/.local/share/virtualenvs/rugby_data_project_airflow-d2RAFQI6/lib/python3.8/site-packages/airflow/example_dags/tutorial_etl_dag.py for tasks to queue
[2021-05-16 13:21:52,661] {logging_mixin.py:104} INFO - [2021-05-16 13:21:52,661] {dagbag.py:451} INFO - Filling up the DagBag from /Users/harry/.local/share/virtualenvs/rugby_data_project_airflow-d2RAFQI6/lib/python3.8/site-packages/airflow/example_dags/tutorial_etl_dag.py
[2021-05-16 13:21:52,671] {scheduler_job.py:639} INFO - DAG(s) dict_keys(['tutorial_etl_dag']) retrieved from /Users/harry/.local/share/virtualenvs/rugby_data_project_airflow-d2RAFQI6/lib/python3.8/site-packages/airflow/example_dags/tutorial_etl_dag.py
[2021-05-16 13:21:52,730] {logging_mixin.py:104} INFO - [2021-05-16 13:21:52,730] {dag.py:1824} INFO - Sync 1 DAGs
[2021-05-16 13:21:52,740] {logging_mixin.py:104} INFO - [2021-05-16 13:21:52,739] {dag.py:2280} INFO - Setting next_dagrun for tutorial_etl_dag to None
[2021-05-16 13:21:52,749] {scheduler_job.py:190} INFO - Processing /Users/harry/.local/share/virtualenvs/rugby_data_project_airflow-d2RAFQI6/lib/python3.8/site-packages/airflow/example_dags/tutorial_etl_dag.py took 0.091 seconds
[2021-05-16 13:22:43,393] {scheduler_job.py:182} INFO - Started process (PID=5582) to work on /Users/harry/.local/share/virtualenvs/rugby_data_project_airflow-d2RAFQI6/lib/python3.8/site-packages/airflow/example_dags/tutorial_etl_dag.py
[2021-05-16 13:22:43,394] {scheduler_job.py:629} INFO - Processing file /Users/harry/.local/share/virtualenvs/rugby_data_project_airflow-d2RAFQI6/lib/python3.8/site-packages/airflow/example_dags/tutorial_etl_dag.py for tasks to queue
[2021-05-16 13:22:43,394] {logging_mixin.py:104} INFO - [2021-05-16 13:22:43,394] {dagbag.py:451} INFO - Filling up the DagBag from /Users/harry/.local/share/virtualenvs/rugby_data_project_airflow-d2RAFQI6/lib/python3.8/site-packages/airflow/example_dags/tutorial_etl_dag.py
[2021-05-16 13:22:43,401] {scheduler_job.py:639} INFO - DAG(s) dict_keys(['tutorial_etl_dag']) retrieved from /Users/harry/.local/share/virtualenvs/rugby_data_project_airflow-d2RAFQI6/lib/python3.8/site-packages/airflow/example_dags/tutorial_etl_dag.py
[2021-05-16 13:22:43,425] {logging_mixin.py:104} INFO - [2021-05-16 13:22:43,425] {dag.py:1824} INFO - Sync 1 DAGs
[2021-05-16 13:22:43,431] {logging_mixin.py:104} INFO - [2021-05-16 13:22:43,430] {dag.py:2280} INFO - Setting next_dagrun for tutorial_etl_dag to None
[2021-05-16 13:22:43,436] {scheduler_job.py:190} INFO - Processing /Users/harry/.local/share/virtualenvs/rugby_data_project_airflow-d2RAFQI6/lib/python3.8/site-packages/airflow/example_dags/tutorial_etl_dag.py took 0.043 seconds
[2021-05-16 13:23:19,736] {scheduler_job.py:182} INFO - Started process (PID=6126) to work on /Users/harry/.local/share/virtualenvs/rugby_data_project_airflow-d2RAFQI6/lib/python3.8/site-packages/airflow/example_dags/tutorial_etl_dag.py
[2021-05-16 13:23:19,737] {scheduler_job.py:629} INFO - Processing file /Users/harry/.local/share/virtualenvs/rugby_data_project_airflow-d2RAFQI6/lib/python3.8/site-packages/airflow/example_dags/tutorial_etl_dag.py for tasks to queue
[2021-05-16 13:23:19,737] {logging_mixin.py:104} INFO - [2021-05-16 13:23:19,737] {dagbag.py:451} INFO - Filling up the DagBag from /Users/harry/.local/share/virtualenvs/rugby_data_project_airflow-d2RAFQI6/lib/python3.8/site-packages/airflow/example_dags/tutorial_etl_dag.py
[2021-05-16 13:23:19,743] {scheduler_job.py:639} INFO - DAG(s) dict_keys(['tutorial_etl_dag']) retrieved from /Users/harry/.local/share/virtualenvs/rugby_data_project_airflow-d2RAFQI6/lib/python3.8/site-packages/airflow/example_dags/tutorial_etl_dag.py
[2021-05-16 13:23:19,767] {logging_mixin.py:104} INFO - [2021-05-16 13:23:19,767] {dag.py:1824} INFO - Sync 1 DAGs
[2021-05-16 13:23:19,772] {logging_mixin.py:104} INFO - [2021-05-16 13:23:19,772] {dag.py:2280} INFO - Setting next_dagrun for tutorial_etl_dag to None
[2021-05-16 13:23:19,778] {scheduler_job.py:190} INFO - Processing /Users/harry/.local/share/virtualenvs/rugby_data_project_airflow-d2RAFQI6/lib/python3.8/site-packages/airflow/example_dags/tutorial_etl_dag.py took 0.042 seconds
[2021-05-16 13:24:11,115] {scheduler_job.py:182} INFO - Started process (PID=6846) to work on /Users/harry/.local/share/virtualenvs/rugby_data_project_airflow-d2RAFQI6/lib/python3.8/site-packages/airflow/example_dags/tutorial_etl_dag.py
[2021-05-16 13:24:11,116] {scheduler_job.py:629} INFO - Processing file /Users/harry/.local/share/virtualenvs/rugby_data_project_airflow-d2RAFQI6/lib/python3.8/site-packages/airflow/example_dags/tutorial_etl_dag.py for tasks to queue
[2021-05-16 13:24:11,117] {logging_mixin.py:104} INFO - [2021-05-16 13:24:11,117] {dagbag.py:451} INFO - Filling up the DagBag from /Users/harry/.local/share/virtualenvs/rugby_data_project_airflow-d2RAFQI6/lib/python3.8/site-packages/airflow/example_dags/tutorial_etl_dag.py
[2021-05-16 13:24:11,125] {scheduler_job.py:639} INFO - DAG(s) dict_keys(['tutorial_etl_dag']) retrieved from /Users/harry/.local/share/virtualenvs/rugby_data_project_airflow-d2RAFQI6/lib/python3.8/site-packages/airflow/example_dags/tutorial_etl_dag.py
[2021-05-16 13:24:11,169] {logging_mixin.py:104} INFO - [2021-05-16 13:24:11,169] {dag.py:1824} INFO - Sync 1 DAGs
[2021-05-16 13:24:11,179] {logging_mixin.py:104} INFO - [2021-05-16 13:24:11,179] {dag.py:2280} INFO - Setting next_dagrun for tutorial_etl_dag to None
[2021-05-16 13:24:11,194] {scheduler_job.py:190} INFO - Processing /Users/harry/.local/share/virtualenvs/rugby_data_project_airflow-d2RAFQI6/lib/python3.8/site-packages/airflow/example_dags/tutorial_etl_dag.py took 0.080 seconds
[2021-05-16 20:06:12,383] {scheduler_job.py:182} INFO - Started process (PID=14102) to work on /Users/harry/.local/share/virtualenvs/rugby_data_project_airflow-d2RAFQI6/lib/python3.8/site-packages/airflow/example_dags/tutorial_etl_dag.py
[2021-05-16 20:06:12,384] {scheduler_job.py:629} INFO - Processing file /Users/harry/.local/share/virtualenvs/rugby_data_project_airflow-d2RAFQI6/lib/python3.8/site-packages/airflow/example_dags/tutorial_etl_dag.py for tasks to queue
[2021-05-16 20:06:12,384] {logging_mixin.py:104} INFO - [2021-05-16 20:06:12,384] {dagbag.py:451} INFO - Filling up the DagBag from /Users/harry/.local/share/virtualenvs/rugby_data_project_airflow-d2RAFQI6/lib/python3.8/site-packages/airflow/example_dags/tutorial_etl_dag.py
[2021-05-16 20:06:12,391] {scheduler_job.py:639} INFO - DAG(s) dict_keys(['tutorial_etl_dag']) retrieved from /Users/harry/.local/share/virtualenvs/rugby_data_project_airflow-d2RAFQI6/lib/python3.8/site-packages/airflow/example_dags/tutorial_etl_dag.py
[2021-05-16 20:06:12,415] {logging_mixin.py:104} INFO - [2021-05-16 20:06:12,415] {dag.py:1824} INFO - Sync 1 DAGs
[2021-05-16 20:06:12,420] {logging_mixin.py:104} INFO - [2021-05-16 20:06:12,420] {dag.py:2280} INFO - Setting next_dagrun for tutorial_etl_dag to None
[2021-05-16 20:06:12,426] {scheduler_job.py:190} INFO - Processing /Users/harry/.local/share/virtualenvs/rugby_data_project_airflow-d2RAFQI6/lib/python3.8/site-packages/airflow/example_dags/tutorial_etl_dag.py took 0.044 seconds
[2021-05-16 20:07:00,520] {scheduler_job.py:182} INFO - Started process (PID=14574) to work on /Users/harry/.local/share/virtualenvs/rugby_data_project_airflow-d2RAFQI6/lib/python3.8/site-packages/airflow/example_dags/tutorial_etl_dag.py
[2021-05-16 20:07:00,521] {scheduler_job.py:629} INFO - Processing file /Users/harry/.local/share/virtualenvs/rugby_data_project_airflow-d2RAFQI6/lib/python3.8/site-packages/airflow/example_dags/tutorial_etl_dag.py for tasks to queue
[2021-05-16 20:07:00,521] {logging_mixin.py:104} INFO - [2021-05-16 20:07:00,521] {dagbag.py:451} INFO - Filling up the DagBag from /Users/harry/.local/share/virtualenvs/rugby_data_project_airflow-d2RAFQI6/lib/python3.8/site-packages/airflow/example_dags/tutorial_etl_dag.py
[2021-05-16 20:07:00,527] {scheduler_job.py:639} INFO - DAG(s) dict_keys(['tutorial_etl_dag']) retrieved from /Users/harry/.local/share/virtualenvs/rugby_data_project_airflow-d2RAFQI6/lib/python3.8/site-packages/airflow/example_dags/tutorial_etl_dag.py
[2021-05-16 20:07:00,552] {logging_mixin.py:104} INFO - [2021-05-16 20:07:00,551] {dag.py:1824} INFO - Sync 1 DAGs
[2021-05-16 20:07:00,557] {logging_mixin.py:104} INFO - [2021-05-16 20:07:00,557] {dag.py:2280} INFO - Setting next_dagrun for tutorial_etl_dag to None
[2021-05-16 20:07:00,562] {scheduler_job.py:190} INFO - Processing /Users/harry/.local/share/virtualenvs/rugby_data_project_airflow-d2RAFQI6/lib/python3.8/site-packages/airflow/example_dags/tutorial_etl_dag.py took 0.043 seconds
[2021-05-16 20:07:35,291] {scheduler_job.py:182} INFO - Started process (PID=14937) to work on /Users/harry/.local/share/virtualenvs/rugby_data_project_airflow-d2RAFQI6/lib/python3.8/site-packages/airflow/example_dags/tutorial_etl_dag.py
[2021-05-16 20:07:35,292] {scheduler_job.py:629} INFO - Processing file /Users/harry/.local/share/virtualenvs/rugby_data_project_airflow-d2RAFQI6/lib/python3.8/site-packages/airflow/example_dags/tutorial_etl_dag.py for tasks to queue
[2021-05-16 20:07:35,293] {logging_mixin.py:104} INFO - [2021-05-16 20:07:35,293] {dagbag.py:451} INFO - Filling up the DagBag from /Users/harry/.local/share/virtualenvs/rugby_data_project_airflow-d2RAFQI6/lib/python3.8/site-packages/airflow/example_dags/tutorial_etl_dag.py
[2021-05-16 20:07:35,299] {scheduler_job.py:639} INFO - DAG(s) dict_keys(['tutorial_etl_dag']) retrieved from /Users/harry/.local/share/virtualenvs/rugby_data_project_airflow-d2RAFQI6/lib/python3.8/site-packages/airflow/example_dags/tutorial_etl_dag.py
[2021-05-16 20:07:35,331] {logging_mixin.py:104} INFO - [2021-05-16 20:07:35,330] {dag.py:1824} INFO - Sync 1 DAGs
[2021-05-16 20:07:35,338] {logging_mixin.py:104} INFO - [2021-05-16 20:07:35,338] {dag.py:2280} INFO - Setting next_dagrun for tutorial_etl_dag to None
[2021-05-16 20:07:35,348] {scheduler_job.py:190} INFO - Processing /Users/harry/.local/share/virtualenvs/rugby_data_project_airflow-d2RAFQI6/lib/python3.8/site-packages/airflow/example_dags/tutorial_etl_dag.py took 0.058 seconds
[2021-05-16 20:08:10,026] {scheduler_job.py:182} INFO - Started process (PID=15358) to work on /Users/harry/.local/share/virtualenvs/rugby_data_project_airflow-d2RAFQI6/lib/python3.8/site-packages/airflow/example_dags/tutorial_etl_dag.py
[2021-05-16 20:08:10,027] {scheduler_job.py:629} INFO - Processing file /Users/harry/.local/share/virtualenvs/rugby_data_project_airflow-d2RAFQI6/lib/python3.8/site-packages/airflow/example_dags/tutorial_etl_dag.py for tasks to queue
[2021-05-16 20:08:10,028] {logging_mixin.py:104} INFO - [2021-05-16 20:08:10,027] {dagbag.py:451} INFO - Filling up the DagBag from /Users/harry/.local/share/virtualenvs/rugby_data_project_airflow-d2RAFQI6/lib/python3.8/site-packages/airflow/example_dags/tutorial_etl_dag.py
[2021-05-16 20:08:10,040] {scheduler_job.py:639} INFO - DAG(s) dict_keys(['tutorial_etl_dag']) retrieved from /Users/harry/.local/share/virtualenvs/rugby_data_project_airflow-d2RAFQI6/lib/python3.8/site-packages/airflow/example_dags/tutorial_etl_dag.py
[2021-05-16 20:08:10,065] {logging_mixin.py:104} INFO - [2021-05-16 20:08:10,065] {dag.py:1824} INFO - Sync 1 DAGs
[2021-05-16 20:08:10,071] {logging_mixin.py:104} INFO - [2021-05-16 20:08:10,071] {dag.py:2280} INFO - Setting next_dagrun for tutorial_etl_dag to None
[2021-05-16 20:08:10,076] {scheduler_job.py:190} INFO - Processing /Users/harry/.local/share/virtualenvs/rugby_data_project_airflow-d2RAFQI6/lib/python3.8/site-packages/airflow/example_dags/tutorial_etl_dag.py took 0.050 seconds
[2021-05-16 20:08:44,414] {scheduler_job.py:182} INFO - Started process (PID=15721) to work on /Users/harry/.local/share/virtualenvs/rugby_data_project_airflow-d2RAFQI6/lib/python3.8/site-packages/airflow/example_dags/tutorial_etl_dag.py
[2021-05-16 20:08:44,415] {scheduler_job.py:629} INFO - Processing file /Users/harry/.local/share/virtualenvs/rugby_data_project_airflow-d2RAFQI6/lib/python3.8/site-packages/airflow/example_dags/tutorial_etl_dag.py for tasks to queue
[2021-05-16 20:08:44,415] {logging_mixin.py:104} INFO - [2021-05-16 20:08:44,415] {dagbag.py:451} INFO - Filling up the DagBag from /Users/harry/.local/share/virtualenvs/rugby_data_project_airflow-d2RAFQI6/lib/python3.8/site-packages/airflow/example_dags/tutorial_etl_dag.py
[2021-05-16 20:08:44,420] {scheduler_job.py:639} INFO - DAG(s) dict_keys(['tutorial_etl_dag']) retrieved from /Users/harry/.local/share/virtualenvs/rugby_data_project_airflow-d2RAFQI6/lib/python3.8/site-packages/airflow/example_dags/tutorial_etl_dag.py
[2021-05-16 20:08:44,442] {logging_mixin.py:104} INFO - [2021-05-16 20:08:44,441] {dag.py:1824} INFO - Sync 1 DAGs
[2021-05-16 20:08:44,446] {logging_mixin.py:104} INFO - [2021-05-16 20:08:44,446] {dag.py:2280} INFO - Setting next_dagrun for tutorial_etl_dag to None
[2021-05-16 20:08:44,453] {scheduler_job.py:190} INFO - Processing /Users/harry/.local/share/virtualenvs/rugby_data_project_airflow-d2RAFQI6/lib/python3.8/site-packages/airflow/example_dags/tutorial_etl_dag.py took 0.039 seconds
[2021-05-16 20:09:29,542] {scheduler_job.py:182} INFO - Started process (PID=16201) to work on /Users/harry/.local/share/virtualenvs/rugby_data_project_airflow-d2RAFQI6/lib/python3.8/site-packages/airflow/example_dags/tutorial_etl_dag.py
[2021-05-16 20:09:29,542] {scheduler_job.py:629} INFO - Processing file /Users/harry/.local/share/virtualenvs/rugby_data_project_airflow-d2RAFQI6/lib/python3.8/site-packages/airflow/example_dags/tutorial_etl_dag.py for tasks to queue
[2021-05-16 20:09:29,543] {logging_mixin.py:104} INFO - [2021-05-16 20:09:29,543] {dagbag.py:451} INFO - Filling up the DagBag from /Users/harry/.local/share/virtualenvs/rugby_data_project_airflow-d2RAFQI6/lib/python3.8/site-packages/airflow/example_dags/tutorial_etl_dag.py
[2021-05-16 20:09:29,549] {scheduler_job.py:639} INFO - DAG(s) dict_keys(['tutorial_etl_dag']) retrieved from /Users/harry/.local/share/virtualenvs/rugby_data_project_airflow-d2RAFQI6/lib/python3.8/site-packages/airflow/example_dags/tutorial_etl_dag.py
[2021-05-16 20:09:29,572] {logging_mixin.py:104} INFO - [2021-05-16 20:09:29,572] {dag.py:1824} INFO - Sync 1 DAGs
[2021-05-16 20:09:29,577] {logging_mixin.py:104} INFO - [2021-05-16 20:09:29,577] {dag.py:2280} INFO - Setting next_dagrun for tutorial_etl_dag to None
[2021-05-16 20:09:29,583] {scheduler_job.py:190} INFO - Processing /Users/harry/.local/share/virtualenvs/rugby_data_project_airflow-d2RAFQI6/lib/python3.8/site-packages/airflow/example_dags/tutorial_etl_dag.py took 0.041 seconds
[2021-05-16 20:10:14,333] {scheduler_job.py:182} INFO - Started process (PID=16791) to work on /Users/harry/.local/share/virtualenvs/rugby_data_project_airflow-d2RAFQI6/lib/python3.8/site-packages/airflow/example_dags/tutorial_etl_dag.py
[2021-05-16 20:10:14,334] {scheduler_job.py:629} INFO - Processing file /Users/harry/.local/share/virtualenvs/rugby_data_project_airflow-d2RAFQI6/lib/python3.8/site-packages/airflow/example_dags/tutorial_etl_dag.py for tasks to queue
[2021-05-16 20:10:14,334] {logging_mixin.py:104} INFO - [2021-05-16 20:10:14,334] {dagbag.py:451} INFO - Filling up the DagBag from /Users/harry/.local/share/virtualenvs/rugby_data_project_airflow-d2RAFQI6/lib/python3.8/site-packages/airflow/example_dags/tutorial_etl_dag.py
[2021-05-16 20:10:14,341] {scheduler_job.py:639} INFO - DAG(s) dict_keys(['tutorial_etl_dag']) retrieved from /Users/harry/.local/share/virtualenvs/rugby_data_project_airflow-d2RAFQI6/lib/python3.8/site-packages/airflow/example_dags/tutorial_etl_dag.py
[2021-05-16 20:10:14,362] {logging_mixin.py:104} INFO - [2021-05-16 20:10:14,362] {dag.py:1824} INFO - Sync 1 DAGs
[2021-05-16 20:10:14,367] {logging_mixin.py:104} INFO - [2021-05-16 20:10:14,367] {dag.py:2280} INFO - Setting next_dagrun for tutorial_etl_dag to None
[2021-05-16 20:10:14,373] {scheduler_job.py:190} INFO - Processing /Users/harry/.local/share/virtualenvs/rugby_data_project_airflow-d2RAFQI6/lib/python3.8/site-packages/airflow/example_dags/tutorial_etl_dag.py took 0.040 seconds
[2021-05-16 20:10:50,350] {scheduler_job.py:182} INFO - Started process (PID=17160) to work on /Users/harry/.local/share/virtualenvs/rugby_data_project_airflow-d2RAFQI6/lib/python3.8/site-packages/airflow/example_dags/tutorial_etl_dag.py
[2021-05-16 20:10:50,351] {scheduler_job.py:629} INFO - Processing file /Users/harry/.local/share/virtualenvs/rugby_data_project_airflow-d2RAFQI6/lib/python3.8/site-packages/airflow/example_dags/tutorial_etl_dag.py for tasks to queue
[2021-05-16 20:10:50,352] {logging_mixin.py:104} INFO - [2021-05-16 20:10:50,351] {dagbag.py:451} INFO - Filling up the DagBag from /Users/harry/.local/share/virtualenvs/rugby_data_project_airflow-d2RAFQI6/lib/python3.8/site-packages/airflow/example_dags/tutorial_etl_dag.py
[2021-05-16 20:10:50,364] {scheduler_job.py:639} INFO - DAG(s) dict_keys(['tutorial_etl_dag']) retrieved from /Users/harry/.local/share/virtualenvs/rugby_data_project_airflow-d2RAFQI6/lib/python3.8/site-packages/airflow/example_dags/tutorial_etl_dag.py
[2021-05-16 20:10:50,397] {logging_mixin.py:104} INFO - [2021-05-16 20:10:50,397] {dag.py:1824} INFO - Sync 1 DAGs
[2021-05-16 20:10:50,403] {logging_mixin.py:104} INFO - [2021-05-16 20:10:50,402] {dag.py:2280} INFO - Setting next_dagrun for tutorial_etl_dag to None
[2021-05-16 20:10:50,410] {scheduler_job.py:190} INFO - Processing /Users/harry/.local/share/virtualenvs/rugby_data_project_airflow-d2RAFQI6/lib/python3.8/site-packages/airflow/example_dags/tutorial_etl_dag.py took 0.060 seconds
[2021-05-16 20:11:26,331] {scheduler_job.py:182} INFO - Started process (PID=17551) to work on /Users/harry/.local/share/virtualenvs/rugby_data_project_airflow-d2RAFQI6/lib/python3.8/site-packages/airflow/example_dags/tutorial_etl_dag.py
[2021-05-16 20:11:26,331] {scheduler_job.py:629} INFO - Processing file /Users/harry/.local/share/virtualenvs/rugby_data_project_airflow-d2RAFQI6/lib/python3.8/site-packages/airflow/example_dags/tutorial_etl_dag.py for tasks to queue
[2021-05-16 20:11:26,332] {logging_mixin.py:104} INFO - [2021-05-16 20:11:26,332] {dagbag.py:451} INFO - Filling up the DagBag from /Users/harry/.local/share/virtualenvs/rugby_data_project_airflow-d2RAFQI6/lib/python3.8/site-packages/airflow/example_dags/tutorial_etl_dag.py
[2021-05-16 20:11:26,338] {scheduler_job.py:639} INFO - DAG(s) dict_keys(['tutorial_etl_dag']) retrieved from /Users/harry/.local/share/virtualenvs/rugby_data_project_airflow-d2RAFQI6/lib/python3.8/site-packages/airflow/example_dags/tutorial_etl_dag.py
[2021-05-16 20:11:26,359] {logging_mixin.py:104} INFO - [2021-05-16 20:11:26,359] {dag.py:1824} INFO - Sync 1 DAGs
[2021-05-16 20:11:26,364] {logging_mixin.py:104} INFO - [2021-05-16 20:11:26,364] {dag.py:2280} INFO - Setting next_dagrun for tutorial_etl_dag to None
[2021-05-16 20:11:26,370] {scheduler_job.py:190} INFO - Processing /Users/harry/.local/share/virtualenvs/rugby_data_project_airflow-d2RAFQI6/lib/python3.8/site-packages/airflow/example_dags/tutorial_etl_dag.py took 0.040 seconds
[2021-05-16 20:12:13,657] {scheduler_job.py:182} INFO - Started process (PID=18089) to work on /Users/harry/.local/share/virtualenvs/rugby_data_project_airflow-d2RAFQI6/lib/python3.8/site-packages/airflow/example_dags/tutorial_etl_dag.py
[2021-05-16 20:12:13,658] {scheduler_job.py:629} INFO - Processing file /Users/harry/.local/share/virtualenvs/rugby_data_project_airflow-d2RAFQI6/lib/python3.8/site-packages/airflow/example_dags/tutorial_etl_dag.py for tasks to queue
[2021-05-16 20:12:13,659] {logging_mixin.py:104} INFO - [2021-05-16 20:12:13,659] {dagbag.py:451} INFO - Filling up the DagBag from /Users/harry/.local/share/virtualenvs/rugby_data_project_airflow-d2RAFQI6/lib/python3.8/site-packages/airflow/example_dags/tutorial_etl_dag.py
[2021-05-16 20:12:13,671] {scheduler_job.py:639} INFO - DAG(s) dict_keys(['tutorial_etl_dag']) retrieved from /Users/harry/.local/share/virtualenvs/rugby_data_project_airflow-d2RAFQI6/lib/python3.8/site-packages/airflow/example_dags/tutorial_etl_dag.py
[2021-05-16 20:12:13,701] {logging_mixin.py:104} INFO - [2021-05-16 20:12:13,701] {dag.py:1824} INFO - Sync 1 DAGs
[2021-05-16 20:12:13,707] {logging_mixin.py:104} INFO - [2021-05-16 20:12:13,707] {dag.py:2280} INFO - Setting next_dagrun for tutorial_etl_dag to None
[2021-05-16 20:12:13,713] {scheduler_job.py:190} INFO - Processing /Users/harry/.local/share/virtualenvs/rugby_data_project_airflow-d2RAFQI6/lib/python3.8/site-packages/airflow/example_dags/tutorial_etl_dag.py took 0.056 seconds
[2021-05-16 20:12:59,779] {scheduler_job.py:182} INFO - Started process (PID=18705) to work on /Users/harry/.local/share/virtualenvs/rugby_data_project_airflow-d2RAFQI6/lib/python3.8/site-packages/airflow/example_dags/tutorial_etl_dag.py
[2021-05-16 20:12:59,781] {scheduler_job.py:629} INFO - Processing file /Users/harry/.local/share/virtualenvs/rugby_data_project_airflow-d2RAFQI6/lib/python3.8/site-packages/airflow/example_dags/tutorial_etl_dag.py for tasks to queue
[2021-05-16 20:12:59,781] {logging_mixin.py:104} INFO - [2021-05-16 20:12:59,781] {dagbag.py:451} INFO - Filling up the DagBag from /Users/harry/.local/share/virtualenvs/rugby_data_project_airflow-d2RAFQI6/lib/python3.8/site-packages/airflow/example_dags/tutorial_etl_dag.py
[2021-05-16 20:12:59,789] {scheduler_job.py:639} INFO - DAG(s) dict_keys(['tutorial_etl_dag']) retrieved from /Users/harry/.local/share/virtualenvs/rugby_data_project_airflow-d2RAFQI6/lib/python3.8/site-packages/airflow/example_dags/tutorial_etl_dag.py
[2021-05-16 20:12:59,821] {logging_mixin.py:104} INFO - [2021-05-16 20:12:59,821] {dag.py:1824} INFO - Sync 1 DAGs
[2021-05-16 20:12:59,828] {logging_mixin.py:104} INFO - [2021-05-16 20:12:59,828] {dag.py:2280} INFO - Setting next_dagrun for tutorial_etl_dag to None
[2021-05-16 20:12:59,835] {scheduler_job.py:190} INFO - Processing /Users/harry/.local/share/virtualenvs/rugby_data_project_airflow-d2RAFQI6/lib/python3.8/site-packages/airflow/example_dags/tutorial_etl_dag.py took 0.056 seconds
[2021-05-16 20:13:34,728] {scheduler_job.py:182} INFO - Started process (PID=19166) to work on /Users/harry/.local/share/virtualenvs/rugby_data_project_airflow-d2RAFQI6/lib/python3.8/site-packages/airflow/example_dags/tutorial_etl_dag.py
[2021-05-16 20:13:34,728] {scheduler_job.py:629} INFO - Processing file /Users/harry/.local/share/virtualenvs/rugby_data_project_airflow-d2RAFQI6/lib/python3.8/site-packages/airflow/example_dags/tutorial_etl_dag.py for tasks to queue
[2021-05-16 20:13:34,728] {logging_mixin.py:104} INFO - [2021-05-16 20:13:34,728] {dagbag.py:451} INFO - Filling up the DagBag from /Users/harry/.local/share/virtualenvs/rugby_data_project_airflow-d2RAFQI6/lib/python3.8/site-packages/airflow/example_dags/tutorial_etl_dag.py
[2021-05-16 20:13:34,734] {scheduler_job.py:639} INFO - DAG(s) dict_keys(['tutorial_etl_dag']) retrieved from /Users/harry/.local/share/virtualenvs/rugby_data_project_airflow-d2RAFQI6/lib/python3.8/site-packages/airflow/example_dags/tutorial_etl_dag.py
[2021-05-16 20:13:34,758] {logging_mixin.py:104} INFO - [2021-05-16 20:13:34,757] {dag.py:1824} INFO - Sync 1 DAGs
[2021-05-16 20:13:34,763] {logging_mixin.py:104} INFO - [2021-05-16 20:13:34,763] {dag.py:2280} INFO - Setting next_dagrun for tutorial_etl_dag to None
[2021-05-16 20:13:34,769] {scheduler_job.py:190} INFO - Processing /Users/harry/.local/share/virtualenvs/rugby_data_project_airflow-d2RAFQI6/lib/python3.8/site-packages/airflow/example_dags/tutorial_etl_dag.py took 0.041 seconds
[2021-05-16 20:14:09,988] {scheduler_job.py:182} INFO - Started process (PID=19572) to work on /Users/harry/.local/share/virtualenvs/rugby_data_project_airflow-d2RAFQI6/lib/python3.8/site-packages/airflow/example_dags/tutorial_etl_dag.py
[2021-05-16 20:14:09,989] {scheduler_job.py:629} INFO - Processing file /Users/harry/.local/share/virtualenvs/rugby_data_project_airflow-d2RAFQI6/lib/python3.8/site-packages/airflow/example_dags/tutorial_etl_dag.py for tasks to queue
[2021-05-16 20:14:09,989] {logging_mixin.py:104} INFO - [2021-05-16 20:14:09,989] {dagbag.py:451} INFO - Filling up the DagBag from /Users/harry/.local/share/virtualenvs/rugby_data_project_airflow-d2RAFQI6/lib/python3.8/site-packages/airflow/example_dags/tutorial_etl_dag.py
[2021-05-16 20:14:09,996] {scheduler_job.py:639} INFO - DAG(s) dict_keys(['tutorial_etl_dag']) retrieved from /Users/harry/.local/share/virtualenvs/rugby_data_project_airflow-d2RAFQI6/lib/python3.8/site-packages/airflow/example_dags/tutorial_etl_dag.py
[2021-05-16 20:14:10,022] {logging_mixin.py:104} INFO - [2021-05-16 20:14:10,022] {dag.py:1824} INFO - Sync 1 DAGs
[2021-05-16 20:14:10,028] {logging_mixin.py:104} INFO - [2021-05-16 20:14:10,027] {dag.py:2280} INFO - Setting next_dagrun for tutorial_etl_dag to None
[2021-05-16 20:14:10,034] {scheduler_job.py:190} INFO - Processing /Users/harry/.local/share/virtualenvs/rugby_data_project_airflow-d2RAFQI6/lib/python3.8/site-packages/airflow/example_dags/tutorial_etl_dag.py took 0.046 seconds
[2021-05-16 20:14:40,839] {scheduler_job.py:182} INFO - Started process (PID=19926) to work on /Users/harry/.local/share/virtualenvs/rugby_data_project_airflow-d2RAFQI6/lib/python3.8/site-packages/airflow/example_dags/tutorial_etl_dag.py
[2021-05-16 20:14:40,840] {scheduler_job.py:629} INFO - Processing file /Users/harry/.local/share/virtualenvs/rugby_data_project_airflow-d2RAFQI6/lib/python3.8/site-packages/airflow/example_dags/tutorial_etl_dag.py for tasks to queue
[2021-05-16 20:14:40,841] {logging_mixin.py:104} INFO - [2021-05-16 20:14:40,841] {dagbag.py:451} INFO - Filling up the DagBag from /Users/harry/.local/share/virtualenvs/rugby_data_project_airflow-d2RAFQI6/lib/python3.8/site-packages/airflow/example_dags/tutorial_etl_dag.py
[2021-05-16 20:14:40,849] {scheduler_job.py:639} INFO - DAG(s) dict_keys(['tutorial_etl_dag']) retrieved from /Users/harry/.local/share/virtualenvs/rugby_data_project_airflow-d2RAFQI6/lib/python3.8/site-packages/airflow/example_dags/tutorial_etl_dag.py
[2021-05-16 20:14:40,872] {logging_mixin.py:104} INFO - [2021-05-16 20:14:40,872] {dag.py:1824} INFO - Sync 1 DAGs
[2021-05-16 20:14:40,878] {logging_mixin.py:104} INFO - [2021-05-16 20:14:40,878] {dag.py:2280} INFO - Setting next_dagrun for tutorial_etl_dag to None
[2021-05-16 20:14:40,883] {scheduler_job.py:190} INFO - Processing /Users/harry/.local/share/virtualenvs/rugby_data_project_airflow-d2RAFQI6/lib/python3.8/site-packages/airflow/example_dags/tutorial_etl_dag.py took 0.045 seconds
[2021-05-16 20:15:26,909] {scheduler_job.py:182} INFO - Started process (PID=21286) to work on /Users/harry/.local/share/virtualenvs/rugby_data_project_airflow-d2RAFQI6/lib/python3.8/site-packages/airflow/example_dags/tutorial_etl_dag.py
[2021-05-16 20:15:26,910] {scheduler_job.py:629} INFO - Processing file /Users/harry/.local/share/virtualenvs/rugby_data_project_airflow-d2RAFQI6/lib/python3.8/site-packages/airflow/example_dags/tutorial_etl_dag.py for tasks to queue
[2021-05-16 20:15:26,911] {logging_mixin.py:104} INFO - [2021-05-16 20:15:26,911] {dagbag.py:451} INFO - Filling up the DagBag from /Users/harry/.local/share/virtualenvs/rugby_data_project_airflow-d2RAFQI6/lib/python3.8/site-packages/airflow/example_dags/tutorial_etl_dag.py
[2021-05-16 20:15:26,923] {scheduler_job.py:639} INFO - DAG(s) dict_keys(['tutorial_etl_dag']) retrieved from /Users/harry/.local/share/virtualenvs/rugby_data_project_airflow-d2RAFQI6/lib/python3.8/site-packages/airflow/example_dags/tutorial_etl_dag.py
[2021-05-16 20:15:26,952] {logging_mixin.py:104} INFO - [2021-05-16 20:15:26,952] {dag.py:1824} INFO - Sync 1 DAGs
[2021-05-16 20:15:26,957] {logging_mixin.py:104} INFO - [2021-05-16 20:15:26,957] {dag.py:2280} INFO - Setting next_dagrun for tutorial_etl_dag to None
[2021-05-16 20:15:26,963] {scheduler_job.py:190} INFO - Processing /Users/harry/.local/share/virtualenvs/rugby_data_project_airflow-d2RAFQI6/lib/python3.8/site-packages/airflow/example_dags/tutorial_etl_dag.py took 0.055 seconds
