[2021-05-16 09:03:59,429] {scheduler_job.py:182} INFO - Started process (PID=44180) to work on /Users/harry/.local/share/virtualenvs/rugby_data_project_airflow-d2RAFQI6/lib/python3.8/site-packages/airflow/example_dags/tutorial.py
[2021-05-16 09:03:59,430] {scheduler_job.py:629} INFO - Processing file /Users/harry/.local/share/virtualenvs/rugby_data_project_airflow-d2RAFQI6/lib/python3.8/site-packages/airflow/example_dags/tutorial.py for tasks to queue
[2021-05-16 09:03:59,430] {logging_mixin.py:104} INFO - [2021-05-16 09:03:59,430] {dagbag.py:451} INFO - Filling up the DagBag from /Users/harry/.local/share/virtualenvs/rugby_data_project_airflow-d2RAFQI6/lib/python3.8/site-packages/airflow/example_dags/tutorial.py
[2021-05-16 09:03:59,436] {scheduler_job.py:639} INFO - DAG(s) dict_keys(['tutorial']) retrieved from /Users/harry/.local/share/virtualenvs/rugby_data_project_airflow-d2RAFQI6/lib/python3.8/site-packages/airflow/example_dags/tutorial.py
[2021-05-16 09:03:59,468] {logging_mixin.py:104} INFO - [2021-05-16 09:03:59,468] {dag.py:1824} INFO - Sync 1 DAGs
[2021-05-16 09:03:59,475] {logging_mixin.py:104} INFO - [2021-05-16 09:03:59,475] {dag.py:2280} INFO - Setting next_dagrun for tutorial to 2021-05-14 00:00:00+00:00
[2021-05-16 09:03:59,484] {scheduler_job.py:190} INFO - Processing /Users/harry/.local/share/virtualenvs/rugby_data_project_airflow-d2RAFQI6/lib/python3.8/site-packages/airflow/example_dags/tutorial.py took 0.055 seconds
[2021-05-16 09:08:22,249] {scheduler_job.py:182} INFO - Started process (PID=46034) to work on /Users/harry/.local/share/virtualenvs/rugby_data_project_airflow-d2RAFQI6/lib/python3.8/site-packages/airflow/example_dags/tutorial.py
[2021-05-16 09:08:22,250] {scheduler_job.py:629} INFO - Processing file /Users/harry/.local/share/virtualenvs/rugby_data_project_airflow-d2RAFQI6/lib/python3.8/site-packages/airflow/example_dags/tutorial.py for tasks to queue
[2021-05-16 09:08:22,251] {logging_mixin.py:104} INFO - [2021-05-16 09:08:22,251] {dagbag.py:451} INFO - Filling up the DagBag from /Users/harry/.local/share/virtualenvs/rugby_data_project_airflow-d2RAFQI6/lib/python3.8/site-packages/airflow/example_dags/tutorial.py
[2021-05-16 09:08:22,256] {scheduler_job.py:639} INFO - DAG(s) dict_keys(['tutorial']) retrieved from /Users/harry/.local/share/virtualenvs/rugby_data_project_airflow-d2RAFQI6/lib/python3.8/site-packages/airflow/example_dags/tutorial.py
[2021-05-16 09:08:22,287] {logging_mixin.py:104} INFO - [2021-05-16 09:08:22,287] {dag.py:1824} INFO - Sync 1 DAGs
[2021-05-16 09:08:22,295] {logging_mixin.py:104} INFO - [2021-05-16 09:08:22,294] {dag.py:2280} INFO - Setting next_dagrun for tutorial to 2021-05-14 00:00:00+00:00
[2021-05-16 09:08:22,301] {scheduler_job.py:190} INFO - Processing /Users/harry/.local/share/virtualenvs/rugby_data_project_airflow-d2RAFQI6/lib/python3.8/site-packages/airflow/example_dags/tutorial.py took 0.053 seconds
[2021-05-16 09:12:25,582] {scheduler_job.py:182} INFO - Started process (PID=47790) to work on /Users/harry/.local/share/virtualenvs/rugby_data_project_airflow-d2RAFQI6/lib/python3.8/site-packages/airflow/example_dags/tutorial.py
[2021-05-16 09:12:25,583] {scheduler_job.py:629} INFO - Processing file /Users/harry/.local/share/virtualenvs/rugby_data_project_airflow-d2RAFQI6/lib/python3.8/site-packages/airflow/example_dags/tutorial.py for tasks to queue
[2021-05-16 09:12:25,583] {logging_mixin.py:104} INFO - [2021-05-16 09:12:25,583] {dagbag.py:451} INFO - Filling up the DagBag from /Users/harry/.local/share/virtualenvs/rugby_data_project_airflow-d2RAFQI6/lib/python3.8/site-packages/airflow/example_dags/tutorial.py
[2021-05-16 09:12:25,590] {scheduler_job.py:639} INFO - DAG(s) dict_keys(['tutorial']) retrieved from /Users/harry/.local/share/virtualenvs/rugby_data_project_airflow-d2RAFQI6/lib/python3.8/site-packages/airflow/example_dags/tutorial.py
[2021-05-16 09:12:25,624] {logging_mixin.py:104} INFO - [2021-05-16 09:12:25,624] {dag.py:1824} INFO - Sync 1 DAGs
[2021-05-16 09:12:25,633] {logging_mixin.py:104} INFO - [2021-05-16 09:12:25,632] {dag.py:2280} INFO - Setting next_dagrun for tutorial to 2021-05-14 00:00:00+00:00
[2021-05-16 09:12:25,641] {scheduler_job.py:190} INFO - Processing /Users/harry/.local/share/virtualenvs/rugby_data_project_airflow-d2RAFQI6/lib/python3.8/site-packages/airflow/example_dags/tutorial.py took 0.060 seconds
[2021-05-16 09:17:09,995] {scheduler_job.py:182} INFO - Started process (PID=49584) to work on /Users/harry/.local/share/virtualenvs/rugby_data_project_airflow-d2RAFQI6/lib/python3.8/site-packages/airflow/example_dags/tutorial.py
[2021-05-16 09:17:09,996] {scheduler_job.py:629} INFO - Processing file /Users/harry/.local/share/virtualenvs/rugby_data_project_airflow-d2RAFQI6/lib/python3.8/site-packages/airflow/example_dags/tutorial.py for tasks to queue
[2021-05-16 09:17:09,997] {logging_mixin.py:104} INFO - [2021-05-16 09:17:09,997] {dagbag.py:451} INFO - Filling up the DagBag from /Users/harry/.local/share/virtualenvs/rugby_data_project_airflow-d2RAFQI6/lib/python3.8/site-packages/airflow/example_dags/tutorial.py
[2021-05-16 09:17:10,004] {scheduler_job.py:639} INFO - DAG(s) dict_keys(['tutorial']) retrieved from /Users/harry/.local/share/virtualenvs/rugby_data_project_airflow-d2RAFQI6/lib/python3.8/site-packages/airflow/example_dags/tutorial.py
[2021-05-16 09:17:10,042] {logging_mixin.py:104} INFO - [2021-05-16 09:17:10,042] {dag.py:1824} INFO - Sync 1 DAGs
[2021-05-16 09:17:10,050] {logging_mixin.py:104} INFO - [2021-05-16 09:17:10,050] {dag.py:2280} INFO - Setting next_dagrun for tutorial to 2021-05-14 00:00:00+00:00
[2021-05-16 09:17:10,059] {scheduler_job.py:190} INFO - Processing /Users/harry/.local/share/virtualenvs/rugby_data_project_airflow-d2RAFQI6/lib/python3.8/site-packages/airflow/example_dags/tutorial.py took 0.065 seconds
[2021-05-16 09:21:59,630] {scheduler_job.py:182} INFO - Started process (PID=51452) to work on /Users/harry/.local/share/virtualenvs/rugby_data_project_airflow-d2RAFQI6/lib/python3.8/site-packages/airflow/example_dags/tutorial.py
[2021-05-16 09:21:59,632] {scheduler_job.py:629} INFO - Processing file /Users/harry/.local/share/virtualenvs/rugby_data_project_airflow-d2RAFQI6/lib/python3.8/site-packages/airflow/example_dags/tutorial.py for tasks to queue
[2021-05-16 09:21:59,632] {logging_mixin.py:104} INFO - [2021-05-16 09:21:59,632] {dagbag.py:451} INFO - Filling up the DagBag from /Users/harry/.local/share/virtualenvs/rugby_data_project_airflow-d2RAFQI6/lib/python3.8/site-packages/airflow/example_dags/tutorial.py
[2021-05-16 09:21:59,639] {scheduler_job.py:639} INFO - DAG(s) dict_keys(['tutorial']) retrieved from /Users/harry/.local/share/virtualenvs/rugby_data_project_airflow-d2RAFQI6/lib/python3.8/site-packages/airflow/example_dags/tutorial.py
[2021-05-16 09:21:59,678] {logging_mixin.py:104} INFO - [2021-05-16 09:21:59,677] {dag.py:1824} INFO - Sync 1 DAGs
[2021-05-16 09:21:59,686] {logging_mixin.py:104} INFO - [2021-05-16 09:21:59,686] {dag.py:2280} INFO - Setting next_dagrun for tutorial to 2021-05-14 00:00:00+00:00
[2021-05-16 09:21:59,696] {scheduler_job.py:190} INFO - Processing /Users/harry/.local/share/virtualenvs/rugby_data_project_airflow-d2RAFQI6/lib/python3.8/site-packages/airflow/example_dags/tutorial.py took 0.066 seconds
[2021-05-16 09:26:45,581] {scheduler_job.py:182} INFO - Started process (PID=53256) to work on /Users/harry/.local/share/virtualenvs/rugby_data_project_airflow-d2RAFQI6/lib/python3.8/site-packages/airflow/example_dags/tutorial.py
[2021-05-16 09:26:45,582] {scheduler_job.py:629} INFO - Processing file /Users/harry/.local/share/virtualenvs/rugby_data_project_airflow-d2RAFQI6/lib/python3.8/site-packages/airflow/example_dags/tutorial.py for tasks to queue
[2021-05-16 09:26:45,583] {logging_mixin.py:104} INFO - [2021-05-16 09:26:45,582] {dagbag.py:451} INFO - Filling up the DagBag from /Users/harry/.local/share/virtualenvs/rugby_data_project_airflow-d2RAFQI6/lib/python3.8/site-packages/airflow/example_dags/tutorial.py
[2021-05-16 09:26:45,590] {scheduler_job.py:639} INFO - DAG(s) dict_keys(['tutorial']) retrieved from /Users/harry/.local/share/virtualenvs/rugby_data_project_airflow-d2RAFQI6/lib/python3.8/site-packages/airflow/example_dags/tutorial.py
[2021-05-16 09:26:45,629] {logging_mixin.py:104} INFO - [2021-05-16 09:26:45,628] {dag.py:1824} INFO - Sync 1 DAGs
[2021-05-16 09:26:45,637] {logging_mixin.py:104} INFO - [2021-05-16 09:26:45,637] {dag.py:2280} INFO - Setting next_dagrun for tutorial to 2021-05-14 00:00:00+00:00
[2021-05-16 09:26:45,646] {scheduler_job.py:190} INFO - Processing /Users/harry/.local/share/virtualenvs/rugby_data_project_airflow-d2RAFQI6/lib/python3.8/site-packages/airflow/example_dags/tutorial.py took 0.066 seconds
[2021-05-16 09:31:37,940] {scheduler_job.py:182} INFO - Started process (PID=55054) to work on /Users/harry/.local/share/virtualenvs/rugby_data_project_airflow-d2RAFQI6/lib/python3.8/site-packages/airflow/example_dags/tutorial.py
[2021-05-16 09:31:37,941] {scheduler_job.py:629} INFO - Processing file /Users/harry/.local/share/virtualenvs/rugby_data_project_airflow-d2RAFQI6/lib/python3.8/site-packages/airflow/example_dags/tutorial.py for tasks to queue
[2021-05-16 09:31:37,942] {logging_mixin.py:104} INFO - [2021-05-16 09:31:37,942] {dagbag.py:451} INFO - Filling up the DagBag from /Users/harry/.local/share/virtualenvs/rugby_data_project_airflow-d2RAFQI6/lib/python3.8/site-packages/airflow/example_dags/tutorial.py
[2021-05-16 09:31:37,949] {scheduler_job.py:639} INFO - DAG(s) dict_keys(['tutorial']) retrieved from /Users/harry/.local/share/virtualenvs/rugby_data_project_airflow-d2RAFQI6/lib/python3.8/site-packages/airflow/example_dags/tutorial.py
[2021-05-16 09:31:37,987] {logging_mixin.py:104} INFO - [2021-05-16 09:31:37,987] {dag.py:1824} INFO - Sync 1 DAGs
[2021-05-16 09:31:37,996] {logging_mixin.py:104} INFO - [2021-05-16 09:31:37,996] {dag.py:2280} INFO - Setting next_dagrun for tutorial to 2021-05-14 00:00:00+00:00
[2021-05-16 09:31:38,005] {scheduler_job.py:190} INFO - Processing /Users/harry/.local/share/virtualenvs/rugby_data_project_airflow-d2RAFQI6/lib/python3.8/site-packages/airflow/example_dags/tutorial.py took 0.065 seconds
[2021-05-16 09:36:30,052] {scheduler_job.py:182} INFO - Started process (PID=56815) to work on /Users/harry/.local/share/virtualenvs/rugby_data_project_airflow-d2RAFQI6/lib/python3.8/site-packages/airflow/example_dags/tutorial.py
[2021-05-16 09:36:30,053] {scheduler_job.py:629} INFO - Processing file /Users/harry/.local/share/virtualenvs/rugby_data_project_airflow-d2RAFQI6/lib/python3.8/site-packages/airflow/example_dags/tutorial.py for tasks to queue
[2021-05-16 09:36:30,053] {logging_mixin.py:104} INFO - [2021-05-16 09:36:30,053] {dagbag.py:451} INFO - Filling up the DagBag from /Users/harry/.local/share/virtualenvs/rugby_data_project_airflow-d2RAFQI6/lib/python3.8/site-packages/airflow/example_dags/tutorial.py
[2021-05-16 09:36:30,061] {scheduler_job.py:639} INFO - DAG(s) dict_keys(['tutorial']) retrieved from /Users/harry/.local/share/virtualenvs/rugby_data_project_airflow-d2RAFQI6/lib/python3.8/site-packages/airflow/example_dags/tutorial.py
[2021-05-16 09:36:30,099] {logging_mixin.py:104} INFO - [2021-05-16 09:36:30,099] {dag.py:1824} INFO - Sync 1 DAGs
[2021-05-16 09:36:30,107] {logging_mixin.py:104} INFO - [2021-05-16 09:36:30,107] {dag.py:2280} INFO - Setting next_dagrun for tutorial to 2021-05-14 00:00:00+00:00
[2021-05-16 09:36:30,116] {scheduler_job.py:190} INFO - Processing /Users/harry/.local/share/virtualenvs/rugby_data_project_airflow-d2RAFQI6/lib/python3.8/site-packages/airflow/example_dags/tutorial.py took 0.065 seconds
[2021-05-16 09:41:21,830] {scheduler_job.py:182} INFO - Started process (PID=58593) to work on /Users/harry/.local/share/virtualenvs/rugby_data_project_airflow-d2RAFQI6/lib/python3.8/site-packages/airflow/example_dags/tutorial.py
[2021-05-16 09:41:21,831] {scheduler_job.py:629} INFO - Processing file /Users/harry/.local/share/virtualenvs/rugby_data_project_airflow-d2RAFQI6/lib/python3.8/site-packages/airflow/example_dags/tutorial.py for tasks to queue
[2021-05-16 09:41:21,832] {logging_mixin.py:104} INFO - [2021-05-16 09:41:21,831] {dagbag.py:451} INFO - Filling up the DagBag from /Users/harry/.local/share/virtualenvs/rugby_data_project_airflow-d2RAFQI6/lib/python3.8/site-packages/airflow/example_dags/tutorial.py
[2021-05-16 09:41:21,839] {scheduler_job.py:639} INFO - DAG(s) dict_keys(['tutorial']) retrieved from /Users/harry/.local/share/virtualenvs/rugby_data_project_airflow-d2RAFQI6/lib/python3.8/site-packages/airflow/example_dags/tutorial.py
[2021-05-16 09:41:21,878] {logging_mixin.py:104} INFO - [2021-05-16 09:41:21,878] {dag.py:1824} INFO - Sync 1 DAGs
[2021-05-16 09:41:21,887] {logging_mixin.py:104} INFO - [2021-05-16 09:41:21,887] {dag.py:2280} INFO - Setting next_dagrun for tutorial to 2021-05-14 00:00:00+00:00
[2021-05-16 09:41:21,896] {scheduler_job.py:190} INFO - Processing /Users/harry/.local/share/virtualenvs/rugby_data_project_airflow-d2RAFQI6/lib/python3.8/site-packages/airflow/example_dags/tutorial.py took 0.067 seconds
[2021-05-16 13:22:13,239] {scheduler_job.py:182} INFO - Started process (PID=5169) to work on /Users/harry/.local/share/virtualenvs/rugby_data_project_airflow-d2RAFQI6/lib/python3.8/site-packages/airflow/example_dags/tutorial.py
[2021-05-16 13:22:13,240] {scheduler_job.py:629} INFO - Processing file /Users/harry/.local/share/virtualenvs/rugby_data_project_airflow-d2RAFQI6/lib/python3.8/site-packages/airflow/example_dags/tutorial.py for tasks to queue
[2021-05-16 13:22:13,240] {logging_mixin.py:104} INFO - [2021-05-16 13:22:13,240] {dagbag.py:451} INFO - Filling up the DagBag from /Users/harry/.local/share/virtualenvs/rugby_data_project_airflow-d2RAFQI6/lib/python3.8/site-packages/airflow/example_dags/tutorial.py
[2021-05-16 13:22:13,246] {scheduler_job.py:639} INFO - DAG(s) dict_keys(['tutorial']) retrieved from /Users/harry/.local/share/virtualenvs/rugby_data_project_airflow-d2RAFQI6/lib/python3.8/site-packages/airflow/example_dags/tutorial.py
[2021-05-16 13:22:13,272] {logging_mixin.py:104} INFO - [2021-05-16 13:22:13,272] {dag.py:1824} INFO - Sync 1 DAGs
[2021-05-16 13:22:13,279] {logging_mixin.py:104} INFO - [2021-05-16 13:22:13,279] {dag.py:2280} INFO - Setting next_dagrun for tutorial to 2021-05-14 00:00:00+00:00
[2021-05-16 13:22:13,285] {scheduler_job.py:190} INFO - Processing /Users/harry/.local/share/virtualenvs/rugby_data_project_airflow-d2RAFQI6/lib/python3.8/site-packages/airflow/example_dags/tutorial.py took 0.046 seconds
[2021-05-16 13:23:12,454] {scheduler_job.py:182} INFO - Started process (PID=5995) to work on /Users/harry/.local/share/virtualenvs/rugby_data_project_airflow-d2RAFQI6/lib/python3.8/site-packages/airflow/example_dags/tutorial.py
[2021-05-16 13:23:12,455] {scheduler_job.py:629} INFO - Processing file /Users/harry/.local/share/virtualenvs/rugby_data_project_airflow-d2RAFQI6/lib/python3.8/site-packages/airflow/example_dags/tutorial.py for tasks to queue
[2021-05-16 13:23:12,478] {logging_mixin.py:104} INFO - [2021-05-16 13:23:12,478] {dagbag.py:451} INFO - Filling up the DagBag from /Users/harry/.local/share/virtualenvs/rugby_data_project_airflow-d2RAFQI6/lib/python3.8/site-packages/airflow/example_dags/tutorial.py
[2021-05-16 13:23:12,504] {scheduler_job.py:639} INFO - DAG(s) dict_keys(['tutorial']) retrieved from /Users/harry/.local/share/virtualenvs/rugby_data_project_airflow-d2RAFQI6/lib/python3.8/site-packages/airflow/example_dags/tutorial.py
[2021-05-16 13:23:12,528] {logging_mixin.py:104} INFO - [2021-05-16 13:23:12,528] {dag.py:1824} INFO - Sync 1 DAGs
[2021-05-16 13:23:12,534] {logging_mixin.py:104} INFO - [2021-05-16 13:23:12,533] {dag.py:2280} INFO - Setting next_dagrun for tutorial to 2021-05-14 00:00:00+00:00
[2021-05-16 13:23:12,540] {scheduler_job.py:190} INFO - Processing /Users/harry/.local/share/virtualenvs/rugby_data_project_airflow-d2RAFQI6/lib/python3.8/site-packages/airflow/example_dags/tutorial.py took 0.086 seconds
[2021-05-16 13:24:03,880] {scheduler_job.py:182} INFO - Started process (PID=6722) to work on /Users/harry/.local/share/virtualenvs/rugby_data_project_airflow-d2RAFQI6/lib/python3.8/site-packages/airflow/example_dags/tutorial.py
[2021-05-16 13:24:03,881] {scheduler_job.py:629} INFO - Processing file /Users/harry/.local/share/virtualenvs/rugby_data_project_airflow-d2RAFQI6/lib/python3.8/site-packages/airflow/example_dags/tutorial.py for tasks to queue
[2021-05-16 13:24:03,881] {logging_mixin.py:104} INFO - [2021-05-16 13:24:03,881] {dagbag.py:451} INFO - Filling up the DagBag from /Users/harry/.local/share/virtualenvs/rugby_data_project_airflow-d2RAFQI6/lib/python3.8/site-packages/airflow/example_dags/tutorial.py
[2021-05-16 13:24:03,887] {scheduler_job.py:639} INFO - DAG(s) dict_keys(['tutorial']) retrieved from /Users/harry/.local/share/virtualenvs/rugby_data_project_airflow-d2RAFQI6/lib/python3.8/site-packages/airflow/example_dags/tutorial.py
[2021-05-16 13:24:03,912] {logging_mixin.py:104} INFO - [2021-05-16 13:24:03,912] {dag.py:1824} INFO - Sync 1 DAGs
[2021-05-16 13:24:03,918] {logging_mixin.py:104} INFO - [2021-05-16 13:24:03,917] {dag.py:2280} INFO - Setting next_dagrun for tutorial to 2021-05-14 00:00:00+00:00
[2021-05-16 13:24:03,924] {scheduler_job.py:190} INFO - Processing /Users/harry/.local/share/virtualenvs/rugby_data_project_airflow-d2RAFQI6/lib/python3.8/site-packages/airflow/example_dags/tutorial.py took 0.044 seconds
[2021-05-16 20:06:16,016] {scheduler_job.py:182} INFO - Started process (PID=14112) to work on /Users/harry/.local/share/virtualenvs/rugby_data_project_airflow-d2RAFQI6/lib/python3.8/site-packages/airflow/example_dags/tutorial.py
[2021-05-16 20:06:16,017] {scheduler_job.py:629} INFO - Processing file /Users/harry/.local/share/virtualenvs/rugby_data_project_airflow-d2RAFQI6/lib/python3.8/site-packages/airflow/example_dags/tutorial.py for tasks to queue
[2021-05-16 20:06:16,017] {logging_mixin.py:104} INFO - [2021-05-16 20:06:16,017] {dagbag.py:451} INFO - Filling up the DagBag from /Users/harry/.local/share/virtualenvs/rugby_data_project_airflow-d2RAFQI6/lib/python3.8/site-packages/airflow/example_dags/tutorial.py
[2021-05-16 20:06:16,022] {scheduler_job.py:639} INFO - DAG(s) dict_keys(['tutorial']) retrieved from /Users/harry/.local/share/virtualenvs/rugby_data_project_airflow-d2RAFQI6/lib/python3.8/site-packages/airflow/example_dags/tutorial.py
[2021-05-16 20:06:16,044] {logging_mixin.py:104} INFO - [2021-05-16 20:06:16,044] {dag.py:1824} INFO - Sync 1 DAGs
[2021-05-16 20:06:16,049] {logging_mixin.py:104} INFO - [2021-05-16 20:06:16,049] {dag.py:2280} INFO - Setting next_dagrun for tutorial to 2021-05-14 00:00:00+00:00
[2021-05-16 20:06:16,055] {scheduler_job.py:190} INFO - Processing /Users/harry/.local/share/virtualenvs/rugby_data_project_airflow-d2RAFQI6/lib/python3.8/site-packages/airflow/example_dags/tutorial.py took 0.039 seconds
[2021-05-16 20:07:02,287] {scheduler_job.py:182} INFO - Started process (PID=14623) to work on /Users/harry/.local/share/virtualenvs/rugby_data_project_airflow-d2RAFQI6/lib/python3.8/site-packages/airflow/example_dags/tutorial.py
[2021-05-16 20:07:02,288] {scheduler_job.py:629} INFO - Processing file /Users/harry/.local/share/virtualenvs/rugby_data_project_airflow-d2RAFQI6/lib/python3.8/site-packages/airflow/example_dags/tutorial.py for tasks to queue
[2021-05-16 20:07:02,289] {logging_mixin.py:104} INFO - [2021-05-16 20:07:02,289] {dagbag.py:451} INFO - Filling up the DagBag from /Users/harry/.local/share/virtualenvs/rugby_data_project_airflow-d2RAFQI6/lib/python3.8/site-packages/airflow/example_dags/tutorial.py
[2021-05-16 20:07:02,296] {scheduler_job.py:639} INFO - DAG(s) dict_keys(['tutorial']) retrieved from /Users/harry/.local/share/virtualenvs/rugby_data_project_airflow-d2RAFQI6/lib/python3.8/site-packages/airflow/example_dags/tutorial.py
[2021-05-16 20:07:02,321] {logging_mixin.py:104} INFO - [2021-05-16 20:07:02,321] {dag.py:1824} INFO - Sync 1 DAGs
[2021-05-16 20:07:02,327] {logging_mixin.py:104} INFO - [2021-05-16 20:07:02,327] {dag.py:2280} INFO - Setting next_dagrun for tutorial to 2021-05-14 00:00:00+00:00
[2021-05-16 20:07:02,332] {scheduler_job.py:190} INFO - Processing /Users/harry/.local/share/virtualenvs/rugby_data_project_airflow-d2RAFQI6/lib/python3.8/site-packages/airflow/example_dags/tutorial.py took 0.046 seconds
[2021-05-16 20:07:37,104] {scheduler_job.py:182} INFO - Started process (PID=14983) to work on /Users/harry/.local/share/virtualenvs/rugby_data_project_airflow-d2RAFQI6/lib/python3.8/site-packages/airflow/example_dags/tutorial.py
[2021-05-16 20:07:37,105] {scheduler_job.py:629} INFO - Processing file /Users/harry/.local/share/virtualenvs/rugby_data_project_airflow-d2RAFQI6/lib/python3.8/site-packages/airflow/example_dags/tutorial.py for tasks to queue
[2021-05-16 20:07:37,106] {logging_mixin.py:104} INFO - [2021-05-16 20:07:37,106] {dagbag.py:451} INFO - Filling up the DagBag from /Users/harry/.local/share/virtualenvs/rugby_data_project_airflow-d2RAFQI6/lib/python3.8/site-packages/airflow/example_dags/tutorial.py
[2021-05-16 20:07:37,111] {scheduler_job.py:639} INFO - DAG(s) dict_keys(['tutorial']) retrieved from /Users/harry/.local/share/virtualenvs/rugby_data_project_airflow-d2RAFQI6/lib/python3.8/site-packages/airflow/example_dags/tutorial.py
[2021-05-16 20:07:37,133] {logging_mixin.py:104} INFO - [2021-05-16 20:07:37,133] {dag.py:1824} INFO - Sync 1 DAGs
[2021-05-16 20:07:37,138] {logging_mixin.py:104} INFO - [2021-05-16 20:07:37,138] {dag.py:2280} INFO - Setting next_dagrun for tutorial to 2021-05-14 00:00:00+00:00
[2021-05-16 20:07:37,144] {scheduler_job.py:190} INFO - Processing /Users/harry/.local/share/virtualenvs/rugby_data_project_airflow-d2RAFQI6/lib/python3.8/site-packages/airflow/example_dags/tutorial.py took 0.040 seconds
[2021-05-16 20:08:11,757] {scheduler_job.py:182} INFO - Started process (PID=15410) to work on /Users/harry/.local/share/virtualenvs/rugby_data_project_airflow-d2RAFQI6/lib/python3.8/site-packages/airflow/example_dags/tutorial.py
[2021-05-16 20:08:11,757] {scheduler_job.py:629} INFO - Processing file /Users/harry/.local/share/virtualenvs/rugby_data_project_airflow-d2RAFQI6/lib/python3.8/site-packages/airflow/example_dags/tutorial.py for tasks to queue
[2021-05-16 20:08:11,758] {logging_mixin.py:104} INFO - [2021-05-16 20:08:11,758] {dagbag.py:451} INFO - Filling up the DagBag from /Users/harry/.local/share/virtualenvs/rugby_data_project_airflow-d2RAFQI6/lib/python3.8/site-packages/airflow/example_dags/tutorial.py
[2021-05-16 20:08:11,763] {scheduler_job.py:639} INFO - DAG(s) dict_keys(['tutorial']) retrieved from /Users/harry/.local/share/virtualenvs/rugby_data_project_airflow-d2RAFQI6/lib/python3.8/site-packages/airflow/example_dags/tutorial.py
[2021-05-16 20:08:11,786] {logging_mixin.py:104} INFO - [2021-05-16 20:08:11,786] {dag.py:1824} INFO - Sync 1 DAGs
[2021-05-16 20:08:11,792] {logging_mixin.py:104} INFO - [2021-05-16 20:08:11,791] {dag.py:2280} INFO - Setting next_dagrun for tutorial to 2021-05-14 00:00:00+00:00
[2021-05-16 20:08:11,797] {scheduler_job.py:190} INFO - Processing /Users/harry/.local/share/virtualenvs/rugby_data_project_airflow-d2RAFQI6/lib/python3.8/site-packages/airflow/example_dags/tutorial.py took 0.041 seconds
[2021-05-16 20:08:45,862] {scheduler_job.py:182} INFO - Started process (PID=15723) to work on /Users/harry/.local/share/virtualenvs/rugby_data_project_airflow-d2RAFQI6/lib/python3.8/site-packages/airflow/example_dags/tutorial.py
[2021-05-16 20:08:45,862] {scheduler_job.py:629} INFO - Processing file /Users/harry/.local/share/virtualenvs/rugby_data_project_airflow-d2RAFQI6/lib/python3.8/site-packages/airflow/example_dags/tutorial.py for tasks to queue
[2021-05-16 20:08:45,863] {logging_mixin.py:104} INFO - [2021-05-16 20:08:45,862] {dagbag.py:451} INFO - Filling up the DagBag from /Users/harry/.local/share/virtualenvs/rugby_data_project_airflow-d2RAFQI6/lib/python3.8/site-packages/airflow/example_dags/tutorial.py
[2021-05-16 20:08:45,867] {scheduler_job.py:639} INFO - DAG(s) dict_keys(['tutorial']) retrieved from /Users/harry/.local/share/virtualenvs/rugby_data_project_airflow-d2RAFQI6/lib/python3.8/site-packages/airflow/example_dags/tutorial.py
[2021-05-16 20:08:45,893] {logging_mixin.py:104} INFO - [2021-05-16 20:08:45,893] {dag.py:1824} INFO - Sync 1 DAGs
[2021-05-16 20:08:45,899] {logging_mixin.py:104} INFO - [2021-05-16 20:08:45,899] {dag.py:2280} INFO - Setting next_dagrun for tutorial to 2021-05-14 00:00:00+00:00
[2021-05-16 20:08:45,905] {scheduler_job.py:190} INFO - Processing /Users/harry/.local/share/virtualenvs/rugby_data_project_airflow-d2RAFQI6/lib/python3.8/site-packages/airflow/example_dags/tutorial.py took 0.043 seconds
[2021-05-16 20:09:31,282] {scheduler_job.py:182} INFO - Started process (PID=16246) to work on /Users/harry/.local/share/virtualenvs/rugby_data_project_airflow-d2RAFQI6/lib/python3.8/site-packages/airflow/example_dags/tutorial.py
[2021-05-16 20:09:31,283] {scheduler_job.py:629} INFO - Processing file /Users/harry/.local/share/virtualenvs/rugby_data_project_airflow-d2RAFQI6/lib/python3.8/site-packages/airflow/example_dags/tutorial.py for tasks to queue
[2021-05-16 20:09:31,283] {logging_mixin.py:104} INFO - [2021-05-16 20:09:31,283] {dagbag.py:451} INFO - Filling up the DagBag from /Users/harry/.local/share/virtualenvs/rugby_data_project_airflow-d2RAFQI6/lib/python3.8/site-packages/airflow/example_dags/tutorial.py
[2021-05-16 20:09:31,288] {scheduler_job.py:639} INFO - DAG(s) dict_keys(['tutorial']) retrieved from /Users/harry/.local/share/virtualenvs/rugby_data_project_airflow-d2RAFQI6/lib/python3.8/site-packages/airflow/example_dags/tutorial.py
[2021-05-16 20:09:31,311] {logging_mixin.py:104} INFO - [2021-05-16 20:09:31,311] {dag.py:1824} INFO - Sync 1 DAGs
[2021-05-16 20:09:31,317] {logging_mixin.py:104} INFO - [2021-05-16 20:09:31,316] {dag.py:2280} INFO - Setting next_dagrun for tutorial to 2021-05-14 00:00:00+00:00
[2021-05-16 20:09:31,322] {scheduler_job.py:190} INFO - Processing /Users/harry/.local/share/virtualenvs/rugby_data_project_airflow-d2RAFQI6/lib/python3.8/site-packages/airflow/example_dags/tutorial.py took 0.040 seconds
[2021-05-16 20:10:16,076] {scheduler_job.py:182} INFO - Started process (PID=16793) to work on /Users/harry/.local/share/virtualenvs/rugby_data_project_airflow-d2RAFQI6/lib/python3.8/site-packages/airflow/example_dags/tutorial.py
[2021-05-16 20:10:16,077] {scheduler_job.py:629} INFO - Processing file /Users/harry/.local/share/virtualenvs/rugby_data_project_airflow-d2RAFQI6/lib/python3.8/site-packages/airflow/example_dags/tutorial.py for tasks to queue
[2021-05-16 20:10:16,077] {logging_mixin.py:104} INFO - [2021-05-16 20:10:16,077] {dagbag.py:451} INFO - Filling up the DagBag from /Users/harry/.local/share/virtualenvs/rugby_data_project_airflow-d2RAFQI6/lib/python3.8/site-packages/airflow/example_dags/tutorial.py
[2021-05-16 20:10:16,082] {scheduler_job.py:639} INFO - DAG(s) dict_keys(['tutorial']) retrieved from /Users/harry/.local/share/virtualenvs/rugby_data_project_airflow-d2RAFQI6/lib/python3.8/site-packages/airflow/example_dags/tutorial.py
[2021-05-16 20:10:16,104] {logging_mixin.py:104} INFO - [2021-05-16 20:10:16,104] {dag.py:1824} INFO - Sync 1 DAGs
[2021-05-16 20:10:16,109] {logging_mixin.py:104} INFO - [2021-05-16 20:10:16,109] {dag.py:2280} INFO - Setting next_dagrun for tutorial to 2021-05-14 00:00:00+00:00
[2021-05-16 20:10:16,114] {scheduler_job.py:190} INFO - Processing /Users/harry/.local/share/virtualenvs/rugby_data_project_airflow-d2RAFQI6/lib/python3.8/site-packages/airflow/example_dags/tutorial.py took 0.039 seconds
[2021-05-16 20:10:52,166] {scheduler_job.py:182} INFO - Started process (PID=17206) to work on /Users/harry/.local/share/virtualenvs/rugby_data_project_airflow-d2RAFQI6/lib/python3.8/site-packages/airflow/example_dags/tutorial.py
[2021-05-16 20:10:52,167] {scheduler_job.py:629} INFO - Processing file /Users/harry/.local/share/virtualenvs/rugby_data_project_airflow-d2RAFQI6/lib/python3.8/site-packages/airflow/example_dags/tutorial.py for tasks to queue
[2021-05-16 20:10:52,168] {logging_mixin.py:104} INFO - [2021-05-16 20:10:52,168] {dagbag.py:451} INFO - Filling up the DagBag from /Users/harry/.local/share/virtualenvs/rugby_data_project_airflow-d2RAFQI6/lib/python3.8/site-packages/airflow/example_dags/tutorial.py
[2021-05-16 20:10:52,173] {scheduler_job.py:639} INFO - DAG(s) dict_keys(['tutorial']) retrieved from /Users/harry/.local/share/virtualenvs/rugby_data_project_airflow-d2RAFQI6/lib/python3.8/site-packages/airflow/example_dags/tutorial.py
[2021-05-16 20:10:52,198] {logging_mixin.py:104} INFO - [2021-05-16 20:10:52,197] {dag.py:1824} INFO - Sync 1 DAGs
[2021-05-16 20:10:52,203] {logging_mixin.py:104} INFO - [2021-05-16 20:10:52,203] {dag.py:2280} INFO - Setting next_dagrun for tutorial to 2021-05-14 00:00:00+00:00
[2021-05-16 20:10:52,208] {scheduler_job.py:190} INFO - Processing /Users/harry/.local/share/virtualenvs/rugby_data_project_airflow-d2RAFQI6/lib/python3.8/site-packages/airflow/example_dags/tutorial.py took 0.042 seconds
[2021-05-16 20:11:28,046] {scheduler_job.py:182} INFO - Started process (PID=17575) to work on /Users/harry/.local/share/virtualenvs/rugby_data_project_airflow-d2RAFQI6/lib/python3.8/site-packages/airflow/example_dags/tutorial.py
[2021-05-16 20:11:28,047] {scheduler_job.py:629} INFO - Processing file /Users/harry/.local/share/virtualenvs/rugby_data_project_airflow-d2RAFQI6/lib/python3.8/site-packages/airflow/example_dags/tutorial.py for tasks to queue
[2021-05-16 20:11:28,048] {logging_mixin.py:104} INFO - [2021-05-16 20:11:28,048] {dagbag.py:451} INFO - Filling up the DagBag from /Users/harry/.local/share/virtualenvs/rugby_data_project_airflow-d2RAFQI6/lib/python3.8/site-packages/airflow/example_dags/tutorial.py
[2021-05-16 20:11:28,054] {scheduler_job.py:639} INFO - DAG(s) dict_keys(['tutorial']) retrieved from /Users/harry/.local/share/virtualenvs/rugby_data_project_airflow-d2RAFQI6/lib/python3.8/site-packages/airflow/example_dags/tutorial.py
[2021-05-16 20:11:28,076] {logging_mixin.py:104} INFO - [2021-05-16 20:11:28,076] {dag.py:1824} INFO - Sync 1 DAGs
[2021-05-16 20:11:28,081] {logging_mixin.py:104} INFO - [2021-05-16 20:11:28,081] {dag.py:2280} INFO - Setting next_dagrun for tutorial to 2021-05-14 00:00:00+00:00
[2021-05-16 20:11:28,087] {scheduler_job.py:190} INFO - Processing /Users/harry/.local/share/virtualenvs/rugby_data_project_airflow-d2RAFQI6/lib/python3.8/site-packages/airflow/example_dags/tutorial.py took 0.041 seconds
[2021-05-16 20:12:15,416] {scheduler_job.py:182} INFO - Started process (PID=18097) to work on /Users/harry/.local/share/virtualenvs/rugby_data_project_airflow-d2RAFQI6/lib/python3.8/site-packages/airflow/example_dags/tutorial.py
[2021-05-16 20:12:15,418] {scheduler_job.py:629} INFO - Processing file /Users/harry/.local/share/virtualenvs/rugby_data_project_airflow-d2RAFQI6/lib/python3.8/site-packages/airflow/example_dags/tutorial.py for tasks to queue
[2021-05-16 20:12:15,418] {logging_mixin.py:104} INFO - [2021-05-16 20:12:15,418] {dagbag.py:451} INFO - Filling up the DagBag from /Users/harry/.local/share/virtualenvs/rugby_data_project_airflow-d2RAFQI6/lib/python3.8/site-packages/airflow/example_dags/tutorial.py
[2021-05-16 20:12:15,424] {scheduler_job.py:639} INFO - DAG(s) dict_keys(['tutorial']) retrieved from /Users/harry/.local/share/virtualenvs/rugby_data_project_airflow-d2RAFQI6/lib/python3.8/site-packages/airflow/example_dags/tutorial.py
[2021-05-16 20:12:15,448] {logging_mixin.py:104} INFO - [2021-05-16 20:12:15,448] {dag.py:1824} INFO - Sync 1 DAGs
[2021-05-16 20:12:15,453] {logging_mixin.py:104} INFO - [2021-05-16 20:12:15,453] {dag.py:2280} INFO - Setting next_dagrun for tutorial to 2021-05-14 00:00:00+00:00
[2021-05-16 20:12:15,460] {scheduler_job.py:190} INFO - Processing /Users/harry/.local/share/virtualenvs/rugby_data_project_airflow-d2RAFQI6/lib/python3.8/site-packages/airflow/example_dags/tutorial.py took 0.044 seconds
[2021-05-16 20:13:01,565] {scheduler_job.py:182} INFO - Started process (PID=18730) to work on /Users/harry/.local/share/virtualenvs/rugby_data_project_airflow-d2RAFQI6/lib/python3.8/site-packages/airflow/example_dags/tutorial.py
[2021-05-16 20:13:01,567] {scheduler_job.py:629} INFO - Processing file /Users/harry/.local/share/virtualenvs/rugby_data_project_airflow-d2RAFQI6/lib/python3.8/site-packages/airflow/example_dags/tutorial.py for tasks to queue
[2021-05-16 20:13:01,567] {logging_mixin.py:104} INFO - [2021-05-16 20:13:01,567] {dagbag.py:451} INFO - Filling up the DagBag from /Users/harry/.local/share/virtualenvs/rugby_data_project_airflow-d2RAFQI6/lib/python3.8/site-packages/airflow/example_dags/tutorial.py
[2021-05-16 20:13:01,573] {scheduler_job.py:639} INFO - DAG(s) dict_keys(['tutorial']) retrieved from /Users/harry/.local/share/virtualenvs/rugby_data_project_airflow-d2RAFQI6/lib/python3.8/site-packages/airflow/example_dags/tutorial.py
[2021-05-16 20:13:01,598] {logging_mixin.py:104} INFO - [2021-05-16 20:13:01,597] {dag.py:1824} INFO - Sync 1 DAGs
[2021-05-16 20:13:01,603] {logging_mixin.py:104} INFO - [2021-05-16 20:13:01,602] {dag.py:2280} INFO - Setting next_dagrun for tutorial to 2021-05-14 00:00:00+00:00
[2021-05-16 20:13:01,608] {scheduler_job.py:190} INFO - Processing /Users/harry/.local/share/virtualenvs/rugby_data_project_airflow-d2RAFQI6/lib/python3.8/site-packages/airflow/example_dags/tutorial.py took 0.043 seconds
[2021-05-16 20:13:36,491] {scheduler_job.py:182} INFO - Started process (PID=19204) to work on /Users/harry/.local/share/virtualenvs/rugby_data_project_airflow-d2RAFQI6/lib/python3.8/site-packages/airflow/example_dags/tutorial.py
[2021-05-16 20:13:36,491] {scheduler_job.py:629} INFO - Processing file /Users/harry/.local/share/virtualenvs/rugby_data_project_airflow-d2RAFQI6/lib/python3.8/site-packages/airflow/example_dags/tutorial.py for tasks to queue
[2021-05-16 20:13:36,492] {logging_mixin.py:104} INFO - [2021-05-16 20:13:36,492] {dagbag.py:451} INFO - Filling up the DagBag from /Users/harry/.local/share/virtualenvs/rugby_data_project_airflow-d2RAFQI6/lib/python3.8/site-packages/airflow/example_dags/tutorial.py
[2021-05-16 20:13:36,497] {scheduler_job.py:639} INFO - DAG(s) dict_keys(['tutorial']) retrieved from /Users/harry/.local/share/virtualenvs/rugby_data_project_airflow-d2RAFQI6/lib/python3.8/site-packages/airflow/example_dags/tutorial.py
[2021-05-16 20:13:36,520] {logging_mixin.py:104} INFO - [2021-05-16 20:13:36,520] {dag.py:1824} INFO - Sync 1 DAGs
[2021-05-16 20:13:36,525] {logging_mixin.py:104} INFO - [2021-05-16 20:13:36,525] {dag.py:2280} INFO - Setting next_dagrun for tutorial to 2021-05-14 00:00:00+00:00
[2021-05-16 20:13:36,531] {scheduler_job.py:190} INFO - Processing /Users/harry/.local/share/virtualenvs/rugby_data_project_airflow-d2RAFQI6/lib/python3.8/site-packages/airflow/example_dags/tutorial.py took 0.041 seconds
[2021-05-16 20:14:11,741] {scheduler_job.py:182} INFO - Started process (PID=19620) to work on /Users/harry/.local/share/virtualenvs/rugby_data_project_airflow-d2RAFQI6/lib/python3.8/site-packages/airflow/example_dags/tutorial.py
[2021-05-16 20:14:11,742] {scheduler_job.py:629} INFO - Processing file /Users/harry/.local/share/virtualenvs/rugby_data_project_airflow-d2RAFQI6/lib/python3.8/site-packages/airflow/example_dags/tutorial.py for tasks to queue
[2021-05-16 20:14:11,743] {logging_mixin.py:104} INFO - [2021-05-16 20:14:11,743] {dagbag.py:451} INFO - Filling up the DagBag from /Users/harry/.local/share/virtualenvs/rugby_data_project_airflow-d2RAFQI6/lib/python3.8/site-packages/airflow/example_dags/tutorial.py
[2021-05-16 20:14:11,748] {scheduler_job.py:639} INFO - DAG(s) dict_keys(['tutorial']) retrieved from /Users/harry/.local/share/virtualenvs/rugby_data_project_airflow-d2RAFQI6/lib/python3.8/site-packages/airflow/example_dags/tutorial.py
[2021-05-16 20:14:11,772] {logging_mixin.py:104} INFO - [2021-05-16 20:14:11,772] {dag.py:1824} INFO - Sync 1 DAGs
[2021-05-16 20:14:11,777] {logging_mixin.py:104} INFO - [2021-05-16 20:14:11,777] {dag.py:2280} INFO - Setting next_dagrun for tutorial to 2021-05-14 00:00:00+00:00
[2021-05-16 20:14:11,783] {scheduler_job.py:190} INFO - Processing /Users/harry/.local/share/virtualenvs/rugby_data_project_airflow-d2RAFQI6/lib/python3.8/site-packages/airflow/example_dags/tutorial.py took 0.042 seconds
[2021-05-16 20:14:57,220] {scheduler_job.py:182} INFO - Started process (PID=20144) to work on /Users/harry/.local/share/virtualenvs/rugby_data_project_airflow-d2RAFQI6/lib/python3.8/site-packages/airflow/example_dags/tutorial.py
[2021-05-16 20:14:57,222] {scheduler_job.py:629} INFO - Processing file /Users/harry/.local/share/virtualenvs/rugby_data_project_airflow-d2RAFQI6/lib/python3.8/site-packages/airflow/example_dags/tutorial.py for tasks to queue
[2021-05-16 20:14:57,223] {logging_mixin.py:104} INFO - [2021-05-16 20:14:57,222] {dagbag.py:451} INFO - Filling up the DagBag from /Users/harry/.local/share/virtualenvs/rugby_data_project_airflow-d2RAFQI6/lib/python3.8/site-packages/airflow/example_dags/tutorial.py
[2021-05-16 20:14:57,231] {scheduler_job.py:639} INFO - DAG(s) dict_keys(['tutorial']) retrieved from /Users/harry/.local/share/virtualenvs/rugby_data_project_airflow-d2RAFQI6/lib/python3.8/site-packages/airflow/example_dags/tutorial.py
[2021-05-16 20:14:57,258] {logging_mixin.py:104} INFO - [2021-05-16 20:14:57,258] {dag.py:1824} INFO - Sync 1 DAGs
[2021-05-16 20:14:57,263] {logging_mixin.py:104} INFO - [2021-05-16 20:14:57,263] {dag.py:2280} INFO - Setting next_dagrun for tutorial to 2021-05-14 00:00:00+00:00
[2021-05-16 20:14:57,269] {scheduler_job.py:190} INFO - Processing /Users/harry/.local/share/virtualenvs/rugby_data_project_airflow-d2RAFQI6/lib/python3.8/site-packages/airflow/example_dags/tutorial.py took 0.049 seconds
[2021-05-16 20:15:48,227] {scheduler_job.py:182} INFO - Started process (PID=21522) to work on /Users/harry/.local/share/virtualenvs/rugby_data_project_airflow-d2RAFQI6/lib/python3.8/site-packages/airflow/example_dags/tutorial.py
[2021-05-16 20:15:48,228] {scheduler_job.py:629} INFO - Processing file /Users/harry/.local/share/virtualenvs/rugby_data_project_airflow-d2RAFQI6/lib/python3.8/site-packages/airflow/example_dags/tutorial.py for tasks to queue
[2021-05-16 20:15:48,229] {logging_mixin.py:104} INFO - [2021-05-16 20:15:48,228] {dagbag.py:451} INFO - Filling up the DagBag from /Users/harry/.local/share/virtualenvs/rugby_data_project_airflow-d2RAFQI6/lib/python3.8/site-packages/airflow/example_dags/tutorial.py
[2021-05-16 20:15:48,234] {scheduler_job.py:639} INFO - DAG(s) dict_keys(['tutorial']) retrieved from /Users/harry/.local/share/virtualenvs/rugby_data_project_airflow-d2RAFQI6/lib/python3.8/site-packages/airflow/example_dags/tutorial.py
[2021-05-16 20:15:48,257] {logging_mixin.py:104} INFO - [2021-05-16 20:15:48,257] {dag.py:1824} INFO - Sync 1 DAGs
[2021-05-16 20:15:48,262] {logging_mixin.py:104} INFO - [2021-05-16 20:15:48,262] {dag.py:2280} INFO - Setting next_dagrun for tutorial to 2021-05-14 00:00:00+00:00
[2021-05-16 20:15:48,267] {scheduler_job.py:190} INFO - Processing /Users/harry/.local/share/virtualenvs/rugby_data_project_airflow-d2RAFQI6/lib/python3.8/site-packages/airflow/example_dags/tutorial.py took 0.041 seconds
[2021-05-16 20:16:34,819] {scheduler_job.py:182} INFO - Started process (PID=22010) to work on /Users/harry/.local/share/virtualenvs/rugby_data_project_airflow-d2RAFQI6/lib/python3.8/site-packages/airflow/example_dags/tutorial.py
[2021-05-16 20:16:34,820] {scheduler_job.py:629} INFO - Processing file /Users/harry/.local/share/virtualenvs/rugby_data_project_airflow-d2RAFQI6/lib/python3.8/site-packages/airflow/example_dags/tutorial.py for tasks to queue
[2021-05-16 20:16:34,820] {logging_mixin.py:104} INFO - [2021-05-16 20:16:34,820] {dagbag.py:451} INFO - Filling up the DagBag from /Users/harry/.local/share/virtualenvs/rugby_data_project_airflow-d2RAFQI6/lib/python3.8/site-packages/airflow/example_dags/tutorial.py
[2021-05-16 20:16:34,824] {scheduler_job.py:639} INFO - DAG(s) dict_keys(['tutorial']) retrieved from /Users/harry/.local/share/virtualenvs/rugby_data_project_airflow-d2RAFQI6/lib/python3.8/site-packages/airflow/example_dags/tutorial.py
[2021-05-16 20:16:34,847] {logging_mixin.py:104} INFO - [2021-05-16 20:16:34,847] {dag.py:1824} INFO - Sync 1 DAGs
[2021-05-16 20:16:34,852] {logging_mixin.py:104} INFO - [2021-05-16 20:16:34,852] {dag.py:2280} INFO - Setting next_dagrun for tutorial to 2021-05-14 00:00:00+00:00
[2021-05-16 20:16:34,861] {scheduler_job.py:190} INFO - Processing /Users/harry/.local/share/virtualenvs/rugby_data_project_airflow-d2RAFQI6/lib/python3.8/site-packages/airflow/example_dags/tutorial.py took 0.043 seconds
