[2021-05-16 01:00:08,125] {scheduler_job.py:182} INFO - Started process (PID=39937) to work on /Users/harry/.local/share/virtualenvs/rugby_data_project_airflow-d2RAFQI6/lib/python3.8/site-packages/airflow/example_dags/tutorial_taskflow_api_etl.py
[2021-05-16 01:00:08,125] {scheduler_job.py:629} INFO - Processing file /Users/harry/.local/share/virtualenvs/rugby_data_project_airflow-d2RAFQI6/lib/python3.8/site-packages/airflow/example_dags/tutorial_taskflow_api_etl.py for tasks to queue
[2021-05-16 01:00:08,126] {logging_mixin.py:104} INFO - [2021-05-16 01:00:08,126] {dagbag.py:451} INFO - Filling up the DagBag from /Users/harry/.local/share/virtualenvs/rugby_data_project_airflow-d2RAFQI6/lib/python3.8/site-packages/airflow/example_dags/tutorial_taskflow_api_etl.py
[2021-05-16 01:00:08,131] {scheduler_job.py:639} INFO - DAG(s) dict_keys(['tutorial_taskflow_api_etl']) retrieved from /Users/harry/.local/share/virtualenvs/rugby_data_project_airflow-d2RAFQI6/lib/python3.8/site-packages/airflow/example_dags/tutorial_taskflow_api_etl.py
[2021-05-16 01:00:08,160] {logging_mixin.py:104} INFO - [2021-05-16 01:00:08,160] {dag.py:1824} INFO - Sync 1 DAGs
[2021-05-16 01:00:08,166] {logging_mixin.py:104} INFO - [2021-05-16 01:00:08,166] {dag.py:2280} INFO - Setting next_dagrun for tutorial_taskflow_api_etl to None
[2021-05-16 01:00:08,173] {scheduler_job.py:190} INFO - Processing /Users/harry/.local/share/virtualenvs/rugby_data_project_airflow-d2RAFQI6/lib/python3.8/site-packages/airflow/example_dags/tutorial_taskflow_api_etl.py took 0.049 seconds
[2021-05-16 09:00:58,094] {scheduler_job.py:182} INFO - Started process (PID=42918) to work on /Users/harry/.local/share/virtualenvs/rugby_data_project_airflow-d2RAFQI6/lib/python3.8/site-packages/airflow/example_dags/tutorial_taskflow_api_etl.py
[2021-05-16 09:00:58,095] {scheduler_job.py:629} INFO - Processing file /Users/harry/.local/share/virtualenvs/rugby_data_project_airflow-d2RAFQI6/lib/python3.8/site-packages/airflow/example_dags/tutorial_taskflow_api_etl.py for tasks to queue
[2021-05-16 09:00:58,096] {logging_mixin.py:104} INFO - [2021-05-16 09:00:58,096] {dagbag.py:451} INFO - Filling up the DagBag from /Users/harry/.local/share/virtualenvs/rugby_data_project_airflow-d2RAFQI6/lib/python3.8/site-packages/airflow/example_dags/tutorial_taskflow_api_etl.py
[2021-05-16 09:00:58,104] {scheduler_job.py:639} INFO - DAG(s) dict_keys(['tutorial_taskflow_api_etl']) retrieved from /Users/harry/.local/share/virtualenvs/rugby_data_project_airflow-d2RAFQI6/lib/python3.8/site-packages/airflow/example_dags/tutorial_taskflow_api_etl.py
[2021-05-16 09:00:58,139] {logging_mixin.py:104} INFO - [2021-05-16 09:00:58,139] {dag.py:1824} INFO - Sync 1 DAGs
[2021-05-16 09:00:58,147] {logging_mixin.py:104} INFO - [2021-05-16 09:00:58,146] {dag.py:2280} INFO - Setting next_dagrun for tutorial_taskflow_api_etl to None
[2021-05-16 09:00:58,156] {scheduler_job.py:190} INFO - Processing /Users/harry/.local/share/virtualenvs/rugby_data_project_airflow-d2RAFQI6/lib/python3.8/site-packages/airflow/example_dags/tutorial_taskflow_api_etl.py took 0.062 seconds
[2021-05-16 09:05:29,544] {scheduler_job.py:182} INFO - Started process (PID=44807) to work on /Users/harry/.local/share/virtualenvs/rugby_data_project_airflow-d2RAFQI6/lib/python3.8/site-packages/airflow/example_dags/tutorial_taskflow_api_etl.py
[2021-05-16 09:05:29,545] {scheduler_job.py:629} INFO - Processing file /Users/harry/.local/share/virtualenvs/rugby_data_project_airflow-d2RAFQI6/lib/python3.8/site-packages/airflow/example_dags/tutorial_taskflow_api_etl.py for tasks to queue
[2021-05-16 09:05:29,545] {logging_mixin.py:104} INFO - [2021-05-16 09:05:29,545] {dagbag.py:451} INFO - Filling up the DagBag from /Users/harry/.local/share/virtualenvs/rugby_data_project_airflow-d2RAFQI6/lib/python3.8/site-packages/airflow/example_dags/tutorial_taskflow_api_etl.py
[2021-05-16 09:05:29,552] {scheduler_job.py:639} INFO - DAG(s) dict_keys(['tutorial_taskflow_api_etl']) retrieved from /Users/harry/.local/share/virtualenvs/rugby_data_project_airflow-d2RAFQI6/lib/python3.8/site-packages/airflow/example_dags/tutorial_taskflow_api_etl.py
[2021-05-16 09:05:29,584] {logging_mixin.py:104} INFO - [2021-05-16 09:05:29,583] {dag.py:1824} INFO - Sync 1 DAGs
[2021-05-16 09:05:29,590] {logging_mixin.py:104} INFO - [2021-05-16 09:05:29,590] {dag.py:2280} INFO - Setting next_dagrun for tutorial_taskflow_api_etl to None
[2021-05-16 09:05:29,601] {scheduler_job.py:190} INFO - Processing /Users/harry/.local/share/virtualenvs/rugby_data_project_airflow-d2RAFQI6/lib/python3.8/site-packages/airflow/example_dags/tutorial_taskflow_api_etl.py took 0.058 seconds
[2021-05-16 09:09:33,886] {scheduler_job.py:182} INFO - Started process (PID=46534) to work on /Users/harry/.local/share/virtualenvs/rugby_data_project_airflow-d2RAFQI6/lib/python3.8/site-packages/airflow/example_dags/tutorial_taskflow_api_etl.py
[2021-05-16 09:09:33,887] {scheduler_job.py:629} INFO - Processing file /Users/harry/.local/share/virtualenvs/rugby_data_project_airflow-d2RAFQI6/lib/python3.8/site-packages/airflow/example_dags/tutorial_taskflow_api_etl.py for tasks to queue
[2021-05-16 09:09:33,887] {logging_mixin.py:104} INFO - [2021-05-16 09:09:33,887] {dagbag.py:451} INFO - Filling up the DagBag from /Users/harry/.local/share/virtualenvs/rugby_data_project_airflow-d2RAFQI6/lib/python3.8/site-packages/airflow/example_dags/tutorial_taskflow_api_etl.py
[2021-05-16 09:09:33,895] {scheduler_job.py:639} INFO - DAG(s) dict_keys(['tutorial_taskflow_api_etl']) retrieved from /Users/harry/.local/share/virtualenvs/rugby_data_project_airflow-d2RAFQI6/lib/python3.8/site-packages/airflow/example_dags/tutorial_taskflow_api_etl.py
[2021-05-16 09:09:33,929] {logging_mixin.py:104} INFO - [2021-05-16 09:09:33,929] {dag.py:1824} INFO - Sync 1 DAGs
[2021-05-16 09:09:33,936] {logging_mixin.py:104} INFO - [2021-05-16 09:09:33,936] {dag.py:2280} INFO - Setting next_dagrun for tutorial_taskflow_api_etl to None
[2021-05-16 09:09:33,945] {scheduler_job.py:190} INFO - Processing /Users/harry/.local/share/virtualenvs/rugby_data_project_airflow-d2RAFQI6/lib/python3.8/site-packages/airflow/example_dags/tutorial_taskflow_api_etl.py took 0.060 seconds
[2021-05-16 09:13:52,702] {scheduler_job.py:182} INFO - Started process (PID=48348) to work on /Users/harry/.local/share/virtualenvs/rugby_data_project_airflow-d2RAFQI6/lib/python3.8/site-packages/airflow/example_dags/tutorial_taskflow_api_etl.py
[2021-05-16 09:13:52,704] {scheduler_job.py:629} INFO - Processing file /Users/harry/.local/share/virtualenvs/rugby_data_project_airflow-d2RAFQI6/lib/python3.8/site-packages/airflow/example_dags/tutorial_taskflow_api_etl.py for tasks to queue
[2021-05-16 09:13:52,704] {logging_mixin.py:104} INFO - [2021-05-16 09:13:52,704] {dagbag.py:451} INFO - Filling up the DagBag from /Users/harry/.local/share/virtualenvs/rugby_data_project_airflow-d2RAFQI6/lib/python3.8/site-packages/airflow/example_dags/tutorial_taskflow_api_etl.py
[2021-05-16 09:13:52,713] {scheduler_job.py:639} INFO - DAG(s) dict_keys(['tutorial_taskflow_api_etl']) retrieved from /Users/harry/.local/share/virtualenvs/rugby_data_project_airflow-d2RAFQI6/lib/python3.8/site-packages/airflow/example_dags/tutorial_taskflow_api_etl.py
[2021-05-16 09:13:52,750] {logging_mixin.py:104} INFO - [2021-05-16 09:13:52,750] {dag.py:1824} INFO - Sync 1 DAGs
[2021-05-16 09:13:52,759] {logging_mixin.py:104} INFO - [2021-05-16 09:13:52,758] {dag.py:2280} INFO - Setting next_dagrun for tutorial_taskflow_api_etl to None
[2021-05-16 09:13:52,768] {scheduler_job.py:190} INFO - Processing /Users/harry/.local/share/virtualenvs/rugby_data_project_airflow-d2RAFQI6/lib/python3.8/site-packages/airflow/example_dags/tutorial_taskflow_api_etl.py took 0.067 seconds
[2021-05-16 09:18:44,727] {scheduler_job.py:182} INFO - Started process (PID=50232) to work on /Users/harry/.local/share/virtualenvs/rugby_data_project_airflow-d2RAFQI6/lib/python3.8/site-packages/airflow/example_dags/tutorial_taskflow_api_etl.py
[2021-05-16 09:18:44,728] {scheduler_job.py:629} INFO - Processing file /Users/harry/.local/share/virtualenvs/rugby_data_project_airflow-d2RAFQI6/lib/python3.8/site-packages/airflow/example_dags/tutorial_taskflow_api_etl.py for tasks to queue
[2021-05-16 09:18:44,729] {logging_mixin.py:104} INFO - [2021-05-16 09:18:44,728] {dagbag.py:451} INFO - Filling up the DagBag from /Users/harry/.local/share/virtualenvs/rugby_data_project_airflow-d2RAFQI6/lib/python3.8/site-packages/airflow/example_dags/tutorial_taskflow_api_etl.py
[2021-05-16 09:18:44,738] {scheduler_job.py:639} INFO - DAG(s) dict_keys(['tutorial_taskflow_api_etl']) retrieved from /Users/harry/.local/share/virtualenvs/rugby_data_project_airflow-d2RAFQI6/lib/python3.8/site-packages/airflow/example_dags/tutorial_taskflow_api_etl.py
[2021-05-16 09:18:44,783] {logging_mixin.py:104} INFO - [2021-05-16 09:18:44,783] {dag.py:1824} INFO - Sync 1 DAGs
[2021-05-16 09:18:44,795] {logging_mixin.py:104} INFO - [2021-05-16 09:18:44,795] {dag.py:2280} INFO - Setting next_dagrun for tutorial_taskflow_api_etl to None
[2021-05-16 09:18:44,804] {scheduler_job.py:190} INFO - Processing /Users/harry/.local/share/virtualenvs/rugby_data_project_airflow-d2RAFQI6/lib/python3.8/site-packages/airflow/example_dags/tutorial_taskflow_api_etl.py took 0.079 seconds
[2021-05-16 09:23:31,126] {scheduler_job.py:182} INFO - Started process (PID=52049) to work on /Users/harry/.local/share/virtualenvs/rugby_data_project_airflow-d2RAFQI6/lib/python3.8/site-packages/airflow/example_dags/tutorial_taskflow_api_etl.py
[2021-05-16 09:23:31,127] {scheduler_job.py:629} INFO - Processing file /Users/harry/.local/share/virtualenvs/rugby_data_project_airflow-d2RAFQI6/lib/python3.8/site-packages/airflow/example_dags/tutorial_taskflow_api_etl.py for tasks to queue
[2021-05-16 09:23:31,128] {logging_mixin.py:104} INFO - [2021-05-16 09:23:31,128] {dagbag.py:451} INFO - Filling up the DagBag from /Users/harry/.local/share/virtualenvs/rugby_data_project_airflow-d2RAFQI6/lib/python3.8/site-packages/airflow/example_dags/tutorial_taskflow_api_etl.py
[2021-05-16 09:23:31,138] {scheduler_job.py:639} INFO - DAG(s) dict_keys(['tutorial_taskflow_api_etl']) retrieved from /Users/harry/.local/share/virtualenvs/rugby_data_project_airflow-d2RAFQI6/lib/python3.8/site-packages/airflow/example_dags/tutorial_taskflow_api_etl.py
[2021-05-16 09:23:31,181] {logging_mixin.py:104} INFO - [2021-05-16 09:23:31,181] {dag.py:1824} INFO - Sync 1 DAGs
[2021-05-16 09:23:31,191] {logging_mixin.py:104} INFO - [2021-05-16 09:23:31,191] {dag.py:2280} INFO - Setting next_dagrun for tutorial_taskflow_api_etl to None
[2021-05-16 09:23:31,202] {scheduler_job.py:190} INFO - Processing /Users/harry/.local/share/virtualenvs/rugby_data_project_airflow-d2RAFQI6/lib/python3.8/site-packages/airflow/example_dags/tutorial_taskflow_api_etl.py took 0.077 seconds
[2021-05-16 09:28:20,673] {scheduler_job.py:182} INFO - Started process (PID=53893) to work on /Users/harry/.local/share/virtualenvs/rugby_data_project_airflow-d2RAFQI6/lib/python3.8/site-packages/airflow/example_dags/tutorial_taskflow_api_etl.py
[2021-05-16 09:28:20,674] {scheduler_job.py:629} INFO - Processing file /Users/harry/.local/share/virtualenvs/rugby_data_project_airflow-d2RAFQI6/lib/python3.8/site-packages/airflow/example_dags/tutorial_taskflow_api_etl.py for tasks to queue
[2021-05-16 09:28:20,675] {logging_mixin.py:104} INFO - [2021-05-16 09:28:20,675] {dagbag.py:451} INFO - Filling up the DagBag from /Users/harry/.local/share/virtualenvs/rugby_data_project_airflow-d2RAFQI6/lib/python3.8/site-packages/airflow/example_dags/tutorial_taskflow_api_etl.py
[2021-05-16 09:28:20,684] {scheduler_job.py:639} INFO - DAG(s) dict_keys(['tutorial_taskflow_api_etl']) retrieved from /Users/harry/.local/share/virtualenvs/rugby_data_project_airflow-d2RAFQI6/lib/python3.8/site-packages/airflow/example_dags/tutorial_taskflow_api_etl.py
[2021-05-16 09:28:20,721] {logging_mixin.py:104} INFO - [2021-05-16 09:28:20,720] {dag.py:1824} INFO - Sync 1 DAGs
[2021-05-16 09:28:20,729] {logging_mixin.py:104} INFO - [2021-05-16 09:28:20,729] {dag.py:2280} INFO - Setting next_dagrun for tutorial_taskflow_api_etl to None
[2021-05-16 09:28:20,739] {scheduler_job.py:190} INFO - Processing /Users/harry/.local/share/virtualenvs/rugby_data_project_airflow-d2RAFQI6/lib/python3.8/site-packages/airflow/example_dags/tutorial_taskflow_api_etl.py took 0.067 seconds
[2021-05-16 09:33:11,103] {scheduler_job.py:182} INFO - Started process (PID=55608) to work on /Users/harry/.local/share/virtualenvs/rugby_data_project_airflow-d2RAFQI6/lib/python3.8/site-packages/airflow/example_dags/tutorial_taskflow_api_etl.py
[2021-05-16 09:33:11,104] {scheduler_job.py:629} INFO - Processing file /Users/harry/.local/share/virtualenvs/rugby_data_project_airflow-d2RAFQI6/lib/python3.8/site-packages/airflow/example_dags/tutorial_taskflow_api_etl.py for tasks to queue
[2021-05-16 09:33:11,104] {logging_mixin.py:104} INFO - [2021-05-16 09:33:11,104] {dagbag.py:451} INFO - Filling up the DagBag from /Users/harry/.local/share/virtualenvs/rugby_data_project_airflow-d2RAFQI6/lib/python3.8/site-packages/airflow/example_dags/tutorial_taskflow_api_etl.py
[2021-05-16 09:33:11,113] {scheduler_job.py:639} INFO - DAG(s) dict_keys(['tutorial_taskflow_api_etl']) retrieved from /Users/harry/.local/share/virtualenvs/rugby_data_project_airflow-d2RAFQI6/lib/python3.8/site-packages/airflow/example_dags/tutorial_taskflow_api_etl.py
[2021-05-16 09:33:11,152] {logging_mixin.py:104} INFO - [2021-05-16 09:33:11,152] {dag.py:1824} INFO - Sync 1 DAGs
[2021-05-16 09:33:11,161] {logging_mixin.py:104} INFO - [2021-05-16 09:33:11,161] {dag.py:2280} INFO - Setting next_dagrun for tutorial_taskflow_api_etl to None
[2021-05-16 09:33:11,171] {scheduler_job.py:190} INFO - Processing /Users/harry/.local/share/virtualenvs/rugby_data_project_airflow-d2RAFQI6/lib/python3.8/site-packages/airflow/example_dags/tutorial_taskflow_api_etl.py took 0.068 seconds
[2021-05-16 09:38:06,090] {scheduler_job.py:182} INFO - Started process (PID=57436) to work on /Users/harry/.local/share/virtualenvs/rugby_data_project_airflow-d2RAFQI6/lib/python3.8/site-packages/airflow/example_dags/tutorial_taskflow_api_etl.py
[2021-05-16 09:38:06,091] {scheduler_job.py:629} INFO - Processing file /Users/harry/.local/share/virtualenvs/rugby_data_project_airflow-d2RAFQI6/lib/python3.8/site-packages/airflow/example_dags/tutorial_taskflow_api_etl.py for tasks to queue
[2021-05-16 09:38:06,092] {logging_mixin.py:104} INFO - [2021-05-16 09:38:06,092] {dagbag.py:451} INFO - Filling up the DagBag from /Users/harry/.local/share/virtualenvs/rugby_data_project_airflow-d2RAFQI6/lib/python3.8/site-packages/airflow/example_dags/tutorial_taskflow_api_etl.py
[2021-05-16 09:38:06,104] {scheduler_job.py:639} INFO - DAG(s) dict_keys(['tutorial_taskflow_api_etl']) retrieved from /Users/harry/.local/share/virtualenvs/rugby_data_project_airflow-d2RAFQI6/lib/python3.8/site-packages/airflow/example_dags/tutorial_taskflow_api_etl.py
[2021-05-16 09:38:06,153] {logging_mixin.py:104} INFO - [2021-05-16 09:38:06,153] {dag.py:1824} INFO - Sync 1 DAGs
[2021-05-16 09:38:06,164] {logging_mixin.py:104} INFO - [2021-05-16 09:38:06,164] {dag.py:2280} INFO - Setting next_dagrun for tutorial_taskflow_api_etl to None
[2021-05-16 09:38:06,177] {scheduler_job.py:190} INFO - Processing /Users/harry/.local/share/virtualenvs/rugby_data_project_airflow-d2RAFQI6/lib/python3.8/site-packages/airflow/example_dags/tutorial_taskflow_api_etl.py took 0.088 seconds
[2021-05-16 09:42:54,366] {scheduler_job.py:182} INFO - Started process (PID=59128) to work on /Users/harry/.local/share/virtualenvs/rugby_data_project_airflow-d2RAFQI6/lib/python3.8/site-packages/airflow/example_dags/tutorial_taskflow_api_etl.py
[2021-05-16 09:42:54,367] {scheduler_job.py:629} INFO - Processing file /Users/harry/.local/share/virtualenvs/rugby_data_project_airflow-d2RAFQI6/lib/python3.8/site-packages/airflow/example_dags/tutorial_taskflow_api_etl.py for tasks to queue
[2021-05-16 09:42:54,368] {logging_mixin.py:104} INFO - [2021-05-16 09:42:54,368] {dagbag.py:451} INFO - Filling up the DagBag from /Users/harry/.local/share/virtualenvs/rugby_data_project_airflow-d2RAFQI6/lib/python3.8/site-packages/airflow/example_dags/tutorial_taskflow_api_etl.py
[2021-05-16 09:42:54,377] {scheduler_job.py:639} INFO - DAG(s) dict_keys(['tutorial_taskflow_api_etl']) retrieved from /Users/harry/.local/share/virtualenvs/rugby_data_project_airflow-d2RAFQI6/lib/python3.8/site-packages/airflow/example_dags/tutorial_taskflow_api_etl.py
[2021-05-16 09:42:54,419] {logging_mixin.py:104} INFO - [2021-05-16 09:42:54,419] {dag.py:1824} INFO - Sync 1 DAGs
[2021-05-16 09:42:54,428] {logging_mixin.py:104} INFO - [2021-05-16 09:42:54,428] {dag.py:2280} INFO - Setting next_dagrun for tutorial_taskflow_api_etl to None
[2021-05-16 09:42:54,438] {scheduler_job.py:190} INFO - Processing /Users/harry/.local/share/virtualenvs/rugby_data_project_airflow-d2RAFQI6/lib/python3.8/site-packages/airflow/example_dags/tutorial_taskflow_api_etl.py took 0.073 seconds
[2021-05-16 13:21:46,801] {scheduler_job.py:182} INFO - Started process (PID=4835) to work on /Users/harry/.local/share/virtualenvs/rugby_data_project_airflow-d2RAFQI6/lib/python3.8/site-packages/airflow/example_dags/tutorial_taskflow_api_etl.py
[2021-05-16 13:21:46,802] {scheduler_job.py:629} INFO - Processing file /Users/harry/.local/share/virtualenvs/rugby_data_project_airflow-d2RAFQI6/lib/python3.8/site-packages/airflow/example_dags/tutorial_taskflow_api_etl.py for tasks to queue
[2021-05-16 13:21:46,802] {logging_mixin.py:104} INFO - [2021-05-16 13:21:46,802] {dagbag.py:451} INFO - Filling up the DagBag from /Users/harry/.local/share/virtualenvs/rugby_data_project_airflow-d2RAFQI6/lib/python3.8/site-packages/airflow/example_dags/tutorial_taskflow_api_etl.py
[2021-05-16 13:21:46,809] {scheduler_job.py:639} INFO - DAG(s) dict_keys(['tutorial_taskflow_api_etl']) retrieved from /Users/harry/.local/share/virtualenvs/rugby_data_project_airflow-d2RAFQI6/lib/python3.8/site-packages/airflow/example_dags/tutorial_taskflow_api_etl.py
[2021-05-16 13:21:46,836] {logging_mixin.py:104} INFO - [2021-05-16 13:21:46,836] {dag.py:1824} INFO - Sync 1 DAGs
[2021-05-16 13:21:46,841] {logging_mixin.py:104} INFO - [2021-05-16 13:21:46,841] {dag.py:2280} INFO - Setting next_dagrun for tutorial_taskflow_api_etl to None
[2021-05-16 13:21:46,849] {scheduler_job.py:190} INFO - Processing /Users/harry/.local/share/virtualenvs/rugby_data_project_airflow-d2RAFQI6/lib/python3.8/site-packages/airflow/example_dags/tutorial_taskflow_api_etl.py took 0.048 seconds
[2021-05-16 13:22:41,574] {scheduler_job.py:182} INFO - Started process (PID=5569) to work on /Users/harry/.local/share/virtualenvs/rugby_data_project_airflow-d2RAFQI6/lib/python3.8/site-packages/airflow/example_dags/tutorial_taskflow_api_etl.py
[2021-05-16 13:22:41,575] {scheduler_job.py:629} INFO - Processing file /Users/harry/.local/share/virtualenvs/rugby_data_project_airflow-d2RAFQI6/lib/python3.8/site-packages/airflow/example_dags/tutorial_taskflow_api_etl.py for tasks to queue
[2021-05-16 13:22:41,576] {logging_mixin.py:104} INFO - [2021-05-16 13:22:41,575] {dagbag.py:451} INFO - Filling up the DagBag from /Users/harry/.local/share/virtualenvs/rugby_data_project_airflow-d2RAFQI6/lib/python3.8/site-packages/airflow/example_dags/tutorial_taskflow_api_etl.py
[2021-05-16 13:22:41,583] {scheduler_job.py:639} INFO - DAG(s) dict_keys(['tutorial_taskflow_api_etl']) retrieved from /Users/harry/.local/share/virtualenvs/rugby_data_project_airflow-d2RAFQI6/lib/python3.8/site-packages/airflow/example_dags/tutorial_taskflow_api_etl.py
[2021-05-16 13:22:41,608] {logging_mixin.py:104} INFO - [2021-05-16 13:22:41,608] {dag.py:1824} INFO - Sync 1 DAGs
[2021-05-16 13:22:41,614] {logging_mixin.py:104} INFO - [2021-05-16 13:22:41,614] {dag.py:2280} INFO - Setting next_dagrun for tutorial_taskflow_api_etl to None
[2021-05-16 13:22:41,621] {scheduler_job.py:190} INFO - Processing /Users/harry/.local/share/virtualenvs/rugby_data_project_airflow-d2RAFQI6/lib/python3.8/site-packages/airflow/example_dags/tutorial_taskflow_api_etl.py took 0.047 seconds
[2021-05-16 13:23:16,128] {scheduler_job.py:182} INFO - Started process (PID=6060) to work on /Users/harry/.local/share/virtualenvs/rugby_data_project_airflow-d2RAFQI6/lib/python3.8/site-packages/airflow/example_dags/tutorial_taskflow_api_etl.py
[2021-05-16 13:23:16,129] {scheduler_job.py:629} INFO - Processing file /Users/harry/.local/share/virtualenvs/rugby_data_project_airflow-d2RAFQI6/lib/python3.8/site-packages/airflow/example_dags/tutorial_taskflow_api_etl.py for tasks to queue
[2021-05-16 13:23:16,129] {logging_mixin.py:104} INFO - [2021-05-16 13:23:16,129] {dagbag.py:451} INFO - Filling up the DagBag from /Users/harry/.local/share/virtualenvs/rugby_data_project_airflow-d2RAFQI6/lib/python3.8/site-packages/airflow/example_dags/tutorial_taskflow_api_etl.py
[2021-05-16 13:23:16,136] {scheduler_job.py:639} INFO - DAG(s) dict_keys(['tutorial_taskflow_api_etl']) retrieved from /Users/harry/.local/share/virtualenvs/rugby_data_project_airflow-d2RAFQI6/lib/python3.8/site-packages/airflow/example_dags/tutorial_taskflow_api_etl.py
[2021-05-16 13:23:16,160] {logging_mixin.py:104} INFO - [2021-05-16 13:23:16,160] {dag.py:1824} INFO - Sync 1 DAGs
[2021-05-16 13:23:16,165] {logging_mixin.py:104} INFO - [2021-05-16 13:23:16,165] {dag.py:2280} INFO - Setting next_dagrun for tutorial_taskflow_api_etl to None
[2021-05-16 13:23:16,172] {scheduler_job.py:190} INFO - Processing /Users/harry/.local/share/virtualenvs/rugby_data_project_airflow-d2RAFQI6/lib/python3.8/site-packages/airflow/example_dags/tutorial_taskflow_api_etl.py took 0.045 seconds
[2021-05-16 13:23:56,723] {scheduler_job.py:182} INFO - Started process (PID=6645) to work on /Users/harry/.local/share/virtualenvs/rugby_data_project_airflow-d2RAFQI6/lib/python3.8/site-packages/airflow/example_dags/tutorial_taskflow_api_etl.py
[2021-05-16 13:23:56,724] {scheduler_job.py:629} INFO - Processing file /Users/harry/.local/share/virtualenvs/rugby_data_project_airflow-d2RAFQI6/lib/python3.8/site-packages/airflow/example_dags/tutorial_taskflow_api_etl.py for tasks to queue
[2021-05-16 13:23:56,724] {logging_mixin.py:104} INFO - [2021-05-16 13:23:56,724] {dagbag.py:451} INFO - Filling up the DagBag from /Users/harry/.local/share/virtualenvs/rugby_data_project_airflow-d2RAFQI6/lib/python3.8/site-packages/airflow/example_dags/tutorial_taskflow_api_etl.py
[2021-05-16 13:23:56,732] {scheduler_job.py:639} INFO - DAG(s) dict_keys(['tutorial_taskflow_api_etl']) retrieved from /Users/harry/.local/share/virtualenvs/rugby_data_project_airflow-d2RAFQI6/lib/python3.8/site-packages/airflow/example_dags/tutorial_taskflow_api_etl.py
[2021-05-16 13:23:56,763] {logging_mixin.py:104} INFO - [2021-05-16 13:23:56,763] {dag.py:1824} INFO - Sync 1 DAGs
[2021-05-16 13:23:56,769] {logging_mixin.py:104} INFO - [2021-05-16 13:23:56,769] {dag.py:2280} INFO - Setting next_dagrun for tutorial_taskflow_api_etl to None
[2021-05-16 13:23:56,777] {scheduler_job.py:190} INFO - Processing /Users/harry/.local/share/virtualenvs/rugby_data_project_airflow-d2RAFQI6/lib/python3.8/site-packages/airflow/example_dags/tutorial_taskflow_api_etl.py took 0.054 seconds
[2021-05-16 20:06:47,901] {scheduler_job.py:182} INFO - Started process (PID=14469) to work on /Users/harry/.local/share/virtualenvs/rugby_data_project_airflow-d2RAFQI6/lib/python3.8/site-packages/airflow/example_dags/tutorial_taskflow_api_etl.py
[2021-05-16 20:06:47,902] {scheduler_job.py:629} INFO - Processing file /Users/harry/.local/share/virtualenvs/rugby_data_project_airflow-d2RAFQI6/lib/python3.8/site-packages/airflow/example_dags/tutorial_taskflow_api_etl.py for tasks to queue
[2021-05-16 20:06:47,903] {logging_mixin.py:104} INFO - [2021-05-16 20:06:47,903] {dagbag.py:451} INFO - Filling up the DagBag from /Users/harry/.local/share/virtualenvs/rugby_data_project_airflow-d2RAFQI6/lib/python3.8/site-packages/airflow/example_dags/tutorial_taskflow_api_etl.py
[2021-05-16 20:06:47,910] {scheduler_job.py:639} INFO - DAG(s) dict_keys(['tutorial_taskflow_api_etl']) retrieved from /Users/harry/.local/share/virtualenvs/rugby_data_project_airflow-d2RAFQI6/lib/python3.8/site-packages/airflow/example_dags/tutorial_taskflow_api_etl.py
[2021-05-16 20:06:47,945] {logging_mixin.py:104} INFO - [2021-05-16 20:06:47,945] {dag.py:1824} INFO - Sync 1 DAGs
[2021-05-16 20:06:47,951] {logging_mixin.py:104} INFO - [2021-05-16 20:06:47,951] {dag.py:2280} INFO - Setting next_dagrun for tutorial_taskflow_api_etl to None
[2021-05-16 20:06:47,959] {scheduler_job.py:190} INFO - Processing /Users/harry/.local/share/virtualenvs/rugby_data_project_airflow-d2RAFQI6/lib/python3.8/site-packages/airflow/example_dags/tutorial_taskflow_api_etl.py took 0.059 seconds
[2021-05-16 20:07:40,652] {scheduler_job.py:182} INFO - Started process (PID=14987) to work on /Users/harry/.local/share/virtualenvs/rugby_data_project_airflow-d2RAFQI6/lib/python3.8/site-packages/airflow/example_dags/tutorial_taskflow_api_etl.py
[2021-05-16 20:07:40,653] {scheduler_job.py:629} INFO - Processing file /Users/harry/.local/share/virtualenvs/rugby_data_project_airflow-d2RAFQI6/lib/python3.8/site-packages/airflow/example_dags/tutorial_taskflow_api_etl.py for tasks to queue
[2021-05-16 20:07:40,654] {logging_mixin.py:104} INFO - [2021-05-16 20:07:40,654] {dagbag.py:451} INFO - Filling up the DagBag from /Users/harry/.local/share/virtualenvs/rugby_data_project_airflow-d2RAFQI6/lib/python3.8/site-packages/airflow/example_dags/tutorial_taskflow_api_etl.py
[2021-05-16 20:07:40,666] {scheduler_job.py:639} INFO - DAG(s) dict_keys(['tutorial_taskflow_api_etl']) retrieved from /Users/harry/.local/share/virtualenvs/rugby_data_project_airflow-d2RAFQI6/lib/python3.8/site-packages/airflow/example_dags/tutorial_taskflow_api_etl.py
[2021-05-16 20:07:40,723] {logging_mixin.py:104} INFO - [2021-05-16 20:07:40,722] {dag.py:1824} INFO - Sync 1 DAGs
[2021-05-16 20:07:40,729] {logging_mixin.py:104} INFO - [2021-05-16 20:07:40,729] {dag.py:2280} INFO - Setting next_dagrun for tutorial_taskflow_api_etl to None
[2021-05-16 20:07:40,736] {scheduler_job.py:190} INFO - Processing /Users/harry/.local/share/virtualenvs/rugby_data_project_airflow-d2RAFQI6/lib/python3.8/site-packages/airflow/example_dags/tutorial_taskflow_api_etl.py took 0.085 seconds
[2021-05-16 20:08:31,904] {scheduler_job.py:182} INFO - Started process (PID=15617) to work on /Users/harry/.local/share/virtualenvs/rugby_data_project_airflow-d2RAFQI6/lib/python3.8/site-packages/airflow/example_dags/tutorial_taskflow_api_etl.py
[2021-05-16 20:08:31,905] {scheduler_job.py:629} INFO - Processing file /Users/harry/.local/share/virtualenvs/rugby_data_project_airflow-d2RAFQI6/lib/python3.8/site-packages/airflow/example_dags/tutorial_taskflow_api_etl.py for tasks to queue
[2021-05-16 20:08:31,906] {logging_mixin.py:104} INFO - [2021-05-16 20:08:31,906] {dagbag.py:451} INFO - Filling up the DagBag from /Users/harry/.local/share/virtualenvs/rugby_data_project_airflow-d2RAFQI6/lib/python3.8/site-packages/airflow/example_dags/tutorial_taskflow_api_etl.py
[2021-05-16 20:08:31,913] {scheduler_job.py:639} INFO - DAG(s) dict_keys(['tutorial_taskflow_api_etl']) retrieved from /Users/harry/.local/share/virtualenvs/rugby_data_project_airflow-d2RAFQI6/lib/python3.8/site-packages/airflow/example_dags/tutorial_taskflow_api_etl.py
[2021-05-16 20:08:31,944] {logging_mixin.py:104} INFO - [2021-05-16 20:08:31,944] {dag.py:1824} INFO - Sync 1 DAGs
[2021-05-16 20:08:31,951] {logging_mixin.py:104} INFO - [2021-05-16 20:08:31,951] {dag.py:2280} INFO - Setting next_dagrun for tutorial_taskflow_api_etl to None
[2021-05-16 20:08:31,957] {scheduler_job.py:190} INFO - Processing /Users/harry/.local/share/virtualenvs/rugby_data_project_airflow-d2RAFQI6/lib/python3.8/site-packages/airflow/example_dags/tutorial_taskflow_api_etl.py took 0.054 seconds
[2021-05-16 20:09:16,957] {scheduler_job.py:182} INFO - Started process (PID=16082) to work on /Users/harry/.local/share/virtualenvs/rugby_data_project_airflow-d2RAFQI6/lib/python3.8/site-packages/airflow/example_dags/tutorial_taskflow_api_etl.py
[2021-05-16 20:09:16,957] {scheduler_job.py:629} INFO - Processing file /Users/harry/.local/share/virtualenvs/rugby_data_project_airflow-d2RAFQI6/lib/python3.8/site-packages/airflow/example_dags/tutorial_taskflow_api_etl.py for tasks to queue
[2021-05-16 20:09:16,957] {logging_mixin.py:104} INFO - [2021-05-16 20:09:16,957] {dagbag.py:451} INFO - Filling up the DagBag from /Users/harry/.local/share/virtualenvs/rugby_data_project_airflow-d2RAFQI6/lib/python3.8/site-packages/airflow/example_dags/tutorial_taskflow_api_etl.py
[2021-05-16 20:09:16,963] {scheduler_job.py:639} INFO - DAG(s) dict_keys(['tutorial_taskflow_api_etl']) retrieved from /Users/harry/.local/share/virtualenvs/rugby_data_project_airflow-d2RAFQI6/lib/python3.8/site-packages/airflow/example_dags/tutorial_taskflow_api_etl.py
[2021-05-16 20:09:16,984] {logging_mixin.py:104} INFO - [2021-05-16 20:09:16,984] {dag.py:1824} INFO - Sync 1 DAGs
[2021-05-16 20:09:16,989] {logging_mixin.py:104} INFO - [2021-05-16 20:09:16,989] {dag.py:2280} INFO - Setting next_dagrun for tutorial_taskflow_api_etl to None
[2021-05-16 20:09:16,998] {scheduler_job.py:190} INFO - Processing /Users/harry/.local/share/virtualenvs/rugby_data_project_airflow-d2RAFQI6/lib/python3.8/site-packages/airflow/example_dags/tutorial_taskflow_api_etl.py took 0.042 seconds
[2021-05-16 20:10:03,899] {scheduler_job.py:182} INFO - Started process (PID=16678) to work on /Users/harry/.local/share/virtualenvs/rugby_data_project_airflow-d2RAFQI6/lib/python3.8/site-packages/airflow/example_dags/tutorial_taskflow_api_etl.py
[2021-05-16 20:10:03,900] {scheduler_job.py:629} INFO - Processing file /Users/harry/.local/share/virtualenvs/rugby_data_project_airflow-d2RAFQI6/lib/python3.8/site-packages/airflow/example_dags/tutorial_taskflow_api_etl.py for tasks to queue
[2021-05-16 20:10:03,901] {logging_mixin.py:104} INFO - [2021-05-16 20:10:03,901] {dagbag.py:451} INFO - Filling up the DagBag from /Users/harry/.local/share/virtualenvs/rugby_data_project_airflow-d2RAFQI6/lib/python3.8/site-packages/airflow/example_dags/tutorial_taskflow_api_etl.py
[2021-05-16 20:10:03,908] {scheduler_job.py:639} INFO - DAG(s) dict_keys(['tutorial_taskflow_api_etl']) retrieved from /Users/harry/.local/share/virtualenvs/rugby_data_project_airflow-d2RAFQI6/lib/python3.8/site-packages/airflow/example_dags/tutorial_taskflow_api_etl.py
[2021-05-16 20:10:03,932] {logging_mixin.py:104} INFO - [2021-05-16 20:10:03,932] {dag.py:1824} INFO - Sync 1 DAGs
[2021-05-16 20:10:03,937] {logging_mixin.py:104} INFO - [2021-05-16 20:10:03,937] {dag.py:2280} INFO - Setting next_dagrun for tutorial_taskflow_api_etl to None
[2021-05-16 20:10:03,944] {scheduler_job.py:190} INFO - Processing /Users/harry/.local/share/virtualenvs/rugby_data_project_airflow-d2RAFQI6/lib/python3.8/site-packages/airflow/example_dags/tutorial_taskflow_api_etl.py took 0.045 seconds
[2021-05-16 20:10:59,226] {scheduler_job.py:182} INFO - Started process (PID=17259) to work on /Users/harry/.local/share/virtualenvs/rugby_data_project_airflow-d2RAFQI6/lib/python3.8/site-packages/airflow/example_dags/tutorial_taskflow_api_etl.py
[2021-05-16 20:10:59,230] {scheduler_job.py:629} INFO - Processing file /Users/harry/.local/share/virtualenvs/rugby_data_project_airflow-d2RAFQI6/lib/python3.8/site-packages/airflow/example_dags/tutorial_taskflow_api_etl.py for tasks to queue
[2021-05-16 20:10:59,230] {logging_mixin.py:104} INFO - [2021-05-16 20:10:59,230] {dagbag.py:451} INFO - Filling up the DagBag from /Users/harry/.local/share/virtualenvs/rugby_data_project_airflow-d2RAFQI6/lib/python3.8/site-packages/airflow/example_dags/tutorial_taskflow_api_etl.py
[2021-05-16 20:10:59,238] {scheduler_job.py:639} INFO - DAG(s) dict_keys(['tutorial_taskflow_api_etl']) retrieved from /Users/harry/.local/share/virtualenvs/rugby_data_project_airflow-d2RAFQI6/lib/python3.8/site-packages/airflow/example_dags/tutorial_taskflow_api_etl.py
[2021-05-16 20:10:59,262] {logging_mixin.py:104} INFO - [2021-05-16 20:10:59,262] {dag.py:1824} INFO - Sync 1 DAGs
[2021-05-16 20:10:59,267] {logging_mixin.py:104} INFO - [2021-05-16 20:10:59,267] {dag.py:2280} INFO - Setting next_dagrun for tutorial_taskflow_api_etl to None
[2021-05-16 20:10:59,275] {scheduler_job.py:190} INFO - Processing /Users/harry/.local/share/virtualenvs/rugby_data_project_airflow-d2RAFQI6/lib/python3.8/site-packages/airflow/example_dags/tutorial_taskflow_api_etl.py took 0.049 seconds
[2021-05-16 20:11:46,220] {scheduler_job.py:182} INFO - Started process (PID=17756) to work on /Users/harry/.local/share/virtualenvs/rugby_data_project_airflow-d2RAFQI6/lib/python3.8/site-packages/airflow/example_dags/tutorial_taskflow_api_etl.py
[2021-05-16 20:11:46,221] {scheduler_job.py:629} INFO - Processing file /Users/harry/.local/share/virtualenvs/rugby_data_project_airflow-d2RAFQI6/lib/python3.8/site-packages/airflow/example_dags/tutorial_taskflow_api_etl.py for tasks to queue
[2021-05-16 20:11:46,221] {logging_mixin.py:104} INFO - [2021-05-16 20:11:46,221] {dagbag.py:451} INFO - Filling up the DagBag from /Users/harry/.local/share/virtualenvs/rugby_data_project_airflow-d2RAFQI6/lib/python3.8/site-packages/airflow/example_dags/tutorial_taskflow_api_etl.py
[2021-05-16 20:11:46,228] {scheduler_job.py:639} INFO - DAG(s) dict_keys(['tutorial_taskflow_api_etl']) retrieved from /Users/harry/.local/share/virtualenvs/rugby_data_project_airflow-d2RAFQI6/lib/python3.8/site-packages/airflow/example_dags/tutorial_taskflow_api_etl.py
[2021-05-16 20:11:46,253] {logging_mixin.py:104} INFO - [2021-05-16 20:11:46,253] {dag.py:1824} INFO - Sync 1 DAGs
[2021-05-16 20:11:46,258] {logging_mixin.py:104} INFO - [2021-05-16 20:11:46,258] {dag.py:2280} INFO - Setting next_dagrun for tutorial_taskflow_api_etl to None
[2021-05-16 20:11:46,265] {scheduler_job.py:190} INFO - Processing /Users/harry/.local/share/virtualenvs/rugby_data_project_airflow-d2RAFQI6/lib/python3.8/site-packages/airflow/example_dags/tutorial_taskflow_api_etl.py took 0.046 seconds
[2021-05-16 20:12:33,408] {scheduler_job.py:182} INFO - Started process (PID=18351) to work on /Users/harry/.local/share/virtualenvs/rugby_data_project_airflow-d2RAFQI6/lib/python3.8/site-packages/airflow/example_dags/tutorial_taskflow_api_etl.py
[2021-05-16 20:12:33,409] {scheduler_job.py:629} INFO - Processing file /Users/harry/.local/share/virtualenvs/rugby_data_project_airflow-d2RAFQI6/lib/python3.8/site-packages/airflow/example_dags/tutorial_taskflow_api_etl.py for tasks to queue
[2021-05-16 20:12:33,409] {logging_mixin.py:104} INFO - [2021-05-16 20:12:33,409] {dagbag.py:451} INFO - Filling up the DagBag from /Users/harry/.local/share/virtualenvs/rugby_data_project_airflow-d2RAFQI6/lib/python3.8/site-packages/airflow/example_dags/tutorial_taskflow_api_etl.py
[2021-05-16 20:12:33,416] {scheduler_job.py:639} INFO - DAG(s) dict_keys(['tutorial_taskflow_api_etl']) retrieved from /Users/harry/.local/share/virtualenvs/rugby_data_project_airflow-d2RAFQI6/lib/python3.8/site-packages/airflow/example_dags/tutorial_taskflow_api_etl.py
[2021-05-16 20:12:33,441] {logging_mixin.py:104} INFO - [2021-05-16 20:12:33,441] {dag.py:1824} INFO - Sync 1 DAGs
[2021-05-16 20:12:33,446] {logging_mixin.py:104} INFO - [2021-05-16 20:12:33,446] {dag.py:2280} INFO - Setting next_dagrun for tutorial_taskflow_api_etl to None
[2021-05-16 20:12:33,452] {scheduler_job.py:190} INFO - Processing /Users/harry/.local/share/virtualenvs/rugby_data_project_airflow-d2RAFQI6/lib/python3.8/site-packages/airflow/example_dags/tutorial_taskflow_api_etl.py took 0.045 seconds
[2021-05-16 20:13:24,145] {scheduler_job.py:182} INFO - Started process (PID=19035) to work on /Users/harry/.local/share/virtualenvs/rugby_data_project_airflow-d2RAFQI6/lib/python3.8/site-packages/airflow/example_dags/tutorial_taskflow_api_etl.py
[2021-05-16 20:13:24,146] {scheduler_job.py:629} INFO - Processing file /Users/harry/.local/share/virtualenvs/rugby_data_project_airflow-d2RAFQI6/lib/python3.8/site-packages/airflow/example_dags/tutorial_taskflow_api_etl.py for tasks to queue
[2021-05-16 20:13:24,147] {logging_mixin.py:104} INFO - [2021-05-16 20:13:24,147] {dagbag.py:451} INFO - Filling up the DagBag from /Users/harry/.local/share/virtualenvs/rugby_data_project_airflow-d2RAFQI6/lib/python3.8/site-packages/airflow/example_dags/tutorial_taskflow_api_etl.py
[2021-05-16 20:13:24,153] {scheduler_job.py:639} INFO - DAG(s) dict_keys(['tutorial_taskflow_api_etl']) retrieved from /Users/harry/.local/share/virtualenvs/rugby_data_project_airflow-d2RAFQI6/lib/python3.8/site-packages/airflow/example_dags/tutorial_taskflow_api_etl.py
[2021-05-16 20:13:24,175] {logging_mixin.py:104} INFO - [2021-05-16 20:13:24,175] {dag.py:1824} INFO - Sync 1 DAGs
[2021-05-16 20:13:24,180] {logging_mixin.py:104} INFO - [2021-05-16 20:13:24,180] {dag.py:2280} INFO - Setting next_dagrun for tutorial_taskflow_api_etl to None
[2021-05-16 20:13:24,189] {scheduler_job.py:190} INFO - Processing /Users/harry/.local/share/virtualenvs/rugby_data_project_airflow-d2RAFQI6/lib/python3.8/site-packages/airflow/example_dags/tutorial_taskflow_api_etl.py took 0.044 seconds
[2021-05-16 20:14:16,644] {scheduler_job.py:182} INFO - Started process (PID=19650) to work on /Users/harry/.local/share/virtualenvs/rugby_data_project_airflow-d2RAFQI6/lib/python3.8/site-packages/airflow/example_dags/tutorial_taskflow_api_etl.py
[2021-05-16 20:14:16,645] {scheduler_job.py:629} INFO - Processing file /Users/harry/.local/share/virtualenvs/rugby_data_project_airflow-d2RAFQI6/lib/python3.8/site-packages/airflow/example_dags/tutorial_taskflow_api_etl.py for tasks to queue
[2021-05-16 20:14:16,646] {logging_mixin.py:104} INFO - [2021-05-16 20:14:16,646] {dagbag.py:451} INFO - Filling up the DagBag from /Users/harry/.local/share/virtualenvs/rugby_data_project_airflow-d2RAFQI6/lib/python3.8/site-packages/airflow/example_dags/tutorial_taskflow_api_etl.py
[2021-05-16 20:14:16,659] {scheduler_job.py:639} INFO - DAG(s) dict_keys(['tutorial_taskflow_api_etl']) retrieved from /Users/harry/.local/share/virtualenvs/rugby_data_project_airflow-d2RAFQI6/lib/python3.8/site-packages/airflow/example_dags/tutorial_taskflow_api_etl.py
[2021-05-16 20:14:16,689] {logging_mixin.py:104} INFO - [2021-05-16 20:14:16,689] {dag.py:1824} INFO - Sync 1 DAGs
[2021-05-16 20:14:16,694] {logging_mixin.py:104} INFO - [2021-05-16 20:14:16,694] {dag.py:2280} INFO - Setting next_dagrun for tutorial_taskflow_api_etl to None
[2021-05-16 20:14:16,704] {scheduler_job.py:190} INFO - Processing /Users/harry/.local/share/virtualenvs/rugby_data_project_airflow-d2RAFQI6/lib/python3.8/site-packages/airflow/example_dags/tutorial_taskflow_api_etl.py took 0.061 seconds
[2021-05-16 20:15:00,700] {scheduler_job.py:182} INFO - Started process (PID=20155) to work on /Users/harry/.local/share/virtualenvs/rugby_data_project_airflow-d2RAFQI6/lib/python3.8/site-packages/airflow/example_dags/tutorial_taskflow_api_etl.py
[2021-05-16 20:15:00,700] {scheduler_job.py:629} INFO - Processing file /Users/harry/.local/share/virtualenvs/rugby_data_project_airflow-d2RAFQI6/lib/python3.8/site-packages/airflow/example_dags/tutorial_taskflow_api_etl.py for tasks to queue
[2021-05-16 20:15:00,701] {logging_mixin.py:104} INFO - [2021-05-16 20:15:00,701] {dagbag.py:451} INFO - Filling up the DagBag from /Users/harry/.local/share/virtualenvs/rugby_data_project_airflow-d2RAFQI6/lib/python3.8/site-packages/airflow/example_dags/tutorial_taskflow_api_etl.py
[2021-05-16 20:15:00,707] {scheduler_job.py:639} INFO - DAG(s) dict_keys(['tutorial_taskflow_api_etl']) retrieved from /Users/harry/.local/share/virtualenvs/rugby_data_project_airflow-d2RAFQI6/lib/python3.8/site-packages/airflow/example_dags/tutorial_taskflow_api_etl.py
[2021-05-16 20:15:00,731] {logging_mixin.py:104} INFO - [2021-05-16 20:15:00,731] {dag.py:1824} INFO - Sync 1 DAGs
[2021-05-16 20:15:00,738] {logging_mixin.py:104} INFO - [2021-05-16 20:15:00,738] {dag.py:2280} INFO - Setting next_dagrun for tutorial_taskflow_api_etl to None
[2021-05-16 20:15:00,744] {scheduler_job.py:190} INFO - Processing /Users/harry/.local/share/virtualenvs/rugby_data_project_airflow-d2RAFQI6/lib/python3.8/site-packages/airflow/example_dags/tutorial_taskflow_api_etl.py took 0.045 seconds
[2021-05-16 20:15:51,429] {scheduler_job.py:182} INFO - Started process (PID=21548) to work on /Users/harry/.local/share/virtualenvs/rugby_data_project_airflow-d2RAFQI6/lib/python3.8/site-packages/airflow/example_dags/tutorial_taskflow_api_etl.py
[2021-05-16 20:15:51,430] {scheduler_job.py:629} INFO - Processing file /Users/harry/.local/share/virtualenvs/rugby_data_project_airflow-d2RAFQI6/lib/python3.8/site-packages/airflow/example_dags/tutorial_taskflow_api_etl.py for tasks to queue
[2021-05-16 20:15:51,431] {logging_mixin.py:104} INFO - [2021-05-16 20:15:51,431] {dagbag.py:451} INFO - Filling up the DagBag from /Users/harry/.local/share/virtualenvs/rugby_data_project_airflow-d2RAFQI6/lib/python3.8/site-packages/airflow/example_dags/tutorial_taskflow_api_etl.py
[2021-05-16 20:15:51,437] {scheduler_job.py:639} INFO - DAG(s) dict_keys(['tutorial_taskflow_api_etl']) retrieved from /Users/harry/.local/share/virtualenvs/rugby_data_project_airflow-d2RAFQI6/lib/python3.8/site-packages/airflow/example_dags/tutorial_taskflow_api_etl.py
[2021-05-16 20:15:51,460] {logging_mixin.py:104} INFO - [2021-05-16 20:15:51,460] {dag.py:1824} INFO - Sync 1 DAGs
[2021-05-16 20:15:51,465] {logging_mixin.py:104} INFO - [2021-05-16 20:15:51,465] {dag.py:2280} INFO - Setting next_dagrun for tutorial_taskflow_api_etl to None
[2021-05-16 20:15:51,471] {scheduler_job.py:190} INFO - Processing /Users/harry/.local/share/virtualenvs/rugby_data_project_airflow-d2RAFQI6/lib/python3.8/site-packages/airflow/example_dags/tutorial_taskflow_api_etl.py took 0.042 seconds
[2021-05-16 20:16:36,543] {scheduler_job.py:182} INFO - Started process (PID=22034) to work on /Users/harry/.local/share/virtualenvs/rugby_data_project_airflow-d2RAFQI6/lib/python3.8/site-packages/airflow/example_dags/tutorial_taskflow_api_etl.py
[2021-05-16 20:16:36,544] {scheduler_job.py:629} INFO - Processing file /Users/harry/.local/share/virtualenvs/rugby_data_project_airflow-d2RAFQI6/lib/python3.8/site-packages/airflow/example_dags/tutorial_taskflow_api_etl.py for tasks to queue
[2021-05-16 20:16:36,544] {logging_mixin.py:104} INFO - [2021-05-16 20:16:36,544] {dagbag.py:451} INFO - Filling up the DagBag from /Users/harry/.local/share/virtualenvs/rugby_data_project_airflow-d2RAFQI6/lib/python3.8/site-packages/airflow/example_dags/tutorial_taskflow_api_etl.py
[2021-05-16 20:16:36,550] {scheduler_job.py:639} INFO - DAG(s) dict_keys(['tutorial_taskflow_api_etl']) retrieved from /Users/harry/.local/share/virtualenvs/rugby_data_project_airflow-d2RAFQI6/lib/python3.8/site-packages/airflow/example_dags/tutorial_taskflow_api_etl.py
[2021-05-16 20:16:36,580] {logging_mixin.py:104} INFO - [2021-05-16 20:16:36,580] {dag.py:1824} INFO - Sync 1 DAGs
[2021-05-16 20:16:36,587] {logging_mixin.py:104} INFO - [2021-05-16 20:16:36,587] {dag.py:2280} INFO - Setting next_dagrun for tutorial_taskflow_api_etl to None
[2021-05-16 20:16:36,595] {scheduler_job.py:190} INFO - Processing /Users/harry/.local/share/virtualenvs/rugby_data_project_airflow-d2RAFQI6/lib/python3.8/site-packages/airflow/example_dags/tutorial_taskflow_api_etl.py took 0.053 seconds
