[2021-05-16 09:22:25,924] {taskinstance.py:877} INFO - Dependencies all met for <TaskInstance: airflow_tutorial_v01.sleep 2017-08-07T12:00:00+00:00 [queued]>
[2021-05-16 09:22:25,933] {taskinstance.py:877} INFO - Dependencies all met for <TaskInstance: airflow_tutorial_v01.sleep 2017-08-07T12:00:00+00:00 [queued]>
[2021-05-16 09:22:25,933] {taskinstance.py:1068} INFO - 
--------------------------------------------------------------------------------
[2021-05-16 09:22:25,933] {taskinstance.py:1069} INFO - Starting attempt 1 of 2
[2021-05-16 09:22:25,933] {taskinstance.py:1070} INFO - 
--------------------------------------------------------------------------------
[2021-05-16 09:22:25,944] {taskinstance.py:1089} INFO - Executing <Task(BashOperator): sleep> on 2017-08-07T12:00:00+00:00
[2021-05-16 09:22:25,947] {standard_task_runner.py:52} INFO - Started process 51650 to run task
[2021-05-16 09:22:25,958] {standard_task_runner.py:76} INFO - Running: ['airflow', 'tasks', 'run', 'airflow_tutorial_v01', 'sleep', '2017-08-07T12:00:00+00:00', '--job-id', '4877', '--pool', 'default_pool', '--raw', '--subdir', 'DAGS_FOLDER/Untitled.py', '--cfg-path', '/var/folders/tp/ft4rfkmn1kz3dyw8hlfz1dxw0000gn/T/tmpwcf8d0_b', '--error-file', '/var/folders/tp/ft4rfkmn1kz3dyw8hlfz1dxw0000gn/T/tmplu85yt6n']
[2021-05-16 09:22:25,960] {standard_task_runner.py:77} INFO - Job 4877: Subtask sleep
[2021-05-16 09:22:26,013] {logging_mixin.py:104} INFO - Running <TaskInstance: airflow_tutorial_v01.sleep 2017-08-07T12:00:00+00:00 [running]> on host 1.0.0.127.in-addr.arpa
[2021-05-16 09:22:26,056] {taskinstance.py:1281} INFO - Exporting the following env vars:
AIRFLOW_CTX_DAG_OWNER=me
AIRFLOW_CTX_DAG_ID=airflow_tutorial_v01
AIRFLOW_CTX_TASK_ID=sleep
AIRFLOW_CTX_EXECUTION_DATE=2017-08-07T12:00:00+00:00
AIRFLOW_CTX_DAG_RUN_ID=scheduled__2017-08-07T12:00:00+00:00
[2021-05-16 09:22:26,057] {bash.py:135} INFO - Tmp dir root location: 
 /var/folders/tp/ft4rfkmn1kz3dyw8hlfz1dxw0000gn/T
[2021-05-16 09:22:26,059] {bash.py:158} INFO - Running command: sleep 5
[2021-05-16 09:22:26,071] {bash.py:169} INFO - Output:
[2021-05-16 09:22:31,080] {bash.py:177} INFO - Command exited with return code 0
[2021-05-16 09:22:31,097] {taskinstance.py:1185} INFO - Marking task as SUCCESS. dag_id=airflow_tutorial_v01, task_id=sleep, execution_date=20170807T120000, start_date=20210516T082225, end_date=20210516T082231
[2021-05-16 09:22:31,116] {taskinstance.py:1246} INFO - 1 downstream tasks scheduled from follow-on schedule check
[2021-05-16 09:22:31,151] {local_task_job.py:146} INFO - Task exited with return code 0
