[2021-05-15 20:21:58,225] {taskinstance.py:877} INFO - Dependencies all met for <TaskInstance: airflow_tutorial_v01.print_world 2017-06-22T06:00:00+00:00 [queued]>
[2021-05-15 20:21:58,229] {taskinstance.py:877} INFO - Dependencies all met for <TaskInstance: airflow_tutorial_v01.print_world 2017-06-22T06:00:00+00:00 [queued]>
[2021-05-15 20:21:58,230] {taskinstance.py:1068} INFO - 
--------------------------------------------------------------------------------
[2021-05-15 20:21:58,230] {taskinstance.py:1069} INFO - Starting attempt 2 of 2
[2021-05-15 20:21:58,230] {taskinstance.py:1070} INFO - 
--------------------------------------------------------------------------------
[2021-05-15 20:21:58,235] {taskinstance.py:1089} INFO - Executing <Task(PythonOperator): print_world> on 2017-06-22T06:00:00+00:00
[2021-05-15 20:21:58,237] {standard_task_runner.py:52} INFO - Started process 63830 to run task
[2021-05-15 20:21:58,242] {standard_task_runner.py:76} INFO - Running: ['airflow', 'tasks', 'run', 'airflow_tutorial_v01', 'print_world', '2017-06-22T06:00:00+00:00', '--job-id', '1547', '--pool', 'default_pool', '--raw', '--subdir', 'DAGS_FOLDER/Untitled.py', '--cfg-path', '/var/folders/tp/ft4rfkmn1kz3dyw8hlfz1dxw0000gn/T/tmpjkk7s03t', '--error-file', '/var/folders/tp/ft4rfkmn1kz3dyw8hlfz1dxw0000gn/T/tmphwu145e5']
[2021-05-15 20:21:58,244] {standard_task_runner.py:77} INFO - Job 1547: Subtask print_world
[2021-05-15 20:21:58,271] {logging_mixin.py:104} INFO - Running <TaskInstance: airflow_tutorial_v01.print_world 2017-06-22T06:00:00+00:00 [running]> on host 1.0.0.127.in-addr.arpa
[2021-05-15 20:21:58,291] {taskinstance.py:1281} INFO - Exporting the following env vars:
AIRFLOW_CTX_DAG_OWNER=me
AIRFLOW_CTX_DAG_ID=airflow_tutorial_v01
AIRFLOW_CTX_TASK_ID=print_world
AIRFLOW_CTX_EXECUTION_DATE=2017-06-22T06:00:00+00:00
AIRFLOW_CTX_DAG_RUN_ID=scheduled__2017-06-22T06:00:00+00:00
[2021-05-15 20:21:58,292] {logging_mixin.py:104} INFO - world
[2021-05-15 20:21:58,292] {python.py:118} INFO - Done. Returned value was: None
[2021-05-15 20:21:58,296] {taskinstance.py:1185} INFO - Marking task as SUCCESS. dag_id=airflow_tutorial_v01, task_id=print_world, execution_date=20170622T060000, start_date=20210515T192158, end_date=20210515T192158
[2021-05-15 20:21:58,309] {taskinstance.py:1246} INFO - 0 downstream tasks scheduled from follow-on schedule check
[2021-05-15 20:21:58,350] {local_task_job.py:146} INFO - Task exited with return code 0
