[2021-05-16 09:25:03,863] {taskinstance.py:877} INFO - Dependencies all met for <TaskInstance: airflow_tutorial_v01.print_hello 2017-08-08T03:00:00+00:00 [queued]>
[2021-05-16 09:25:03,873] {taskinstance.py:877} INFO - Dependencies all met for <TaskInstance: airflow_tutorial_v01.print_hello 2017-08-08T03:00:00+00:00 [queued]>
[2021-05-16 09:25:03,873] {taskinstance.py:1068} INFO - 
--------------------------------------------------------------------------------
[2021-05-16 09:25:03,873] {taskinstance.py:1069} INFO - Starting attempt 1 of 2
[2021-05-16 09:25:03,873] {taskinstance.py:1070} INFO - 
--------------------------------------------------------------------------------
[2021-05-16 09:25:03,881] {taskinstance.py:1089} INFO - Executing <Task(BashOperator): print_hello> on 2017-08-08T03:00:00+00:00
[2021-05-16 09:25:03,884] {standard_task_runner.py:52} INFO - Started process 52631 to run task
[2021-05-16 09:25:03,895] {standard_task_runner.py:76} INFO - Running: ['airflow', 'tasks', 'run', 'airflow_tutorial_v01', 'print_hello', '2017-08-08T03:00:00+00:00', '--job-id', '4918', '--pool', 'default_pool', '--raw', '--subdir', 'DAGS_FOLDER/Untitled.py', '--cfg-path', '/var/folders/tp/ft4rfkmn1kz3dyw8hlfz1dxw0000gn/T/tmpug_i1bri', '--error-file', '/var/folders/tp/ft4rfkmn1kz3dyw8hlfz1dxw0000gn/T/tmpuyv80znr']
[2021-05-16 09:25:03,897] {standard_task_runner.py:77} INFO - Job 4918: Subtask print_hello
[2021-05-16 09:25:03,946] {logging_mixin.py:104} INFO - Running <TaskInstance: airflow_tutorial_v01.print_hello 2017-08-08T03:00:00+00:00 [running]> on host 1.0.0.127.in-addr.arpa
[2021-05-16 09:25:03,985] {taskinstance.py:1281} INFO - Exporting the following env vars:
AIRFLOW_CTX_DAG_OWNER=me
AIRFLOW_CTX_DAG_ID=airflow_tutorial_v01
AIRFLOW_CTX_TASK_ID=print_hello
AIRFLOW_CTX_EXECUTION_DATE=2017-08-08T03:00:00+00:00
AIRFLOW_CTX_DAG_RUN_ID=scheduled__2017-08-08T03:00:00+00:00
[2021-05-16 09:25:03,986] {bash.py:135} INFO - Tmp dir root location: 
 /var/folders/tp/ft4rfkmn1kz3dyw8hlfz1dxw0000gn/T
[2021-05-16 09:25:03,988] {bash.py:158} INFO - Running command: echo "hello"
[2021-05-16 09:25:03,998] {bash.py:169} INFO - Output:
[2021-05-16 09:25:04,003] {bash.py:173} INFO - hello
[2021-05-16 09:25:04,004] {bash.py:177} INFO - Command exited with return code 0
[2021-05-16 09:25:04,024] {taskinstance.py:1185} INFO - Marking task as SUCCESS. dag_id=airflow_tutorial_v01, task_id=print_hello, execution_date=20170808T030000, start_date=20210516T082503, end_date=20210516T082504
[2021-05-16 09:25:04,046] {taskinstance.py:1246} INFO - 1 downstream tasks scheduled from follow-on schedule check
[2021-05-16 09:25:04,083] {local_task_job.py:146} INFO - Task exited with return code 0
