[2021-05-15 17:44:16,741] {taskinstance.py:877} INFO - Dependencies all met for <TaskInstance: airflow_tutorial_v01.sleep 2017-06-03T16:00:00+00:00 [queued]>
[2021-05-15 17:44:16,745] {taskinstance.py:877} INFO - Dependencies all met for <TaskInstance: airflow_tutorial_v01.sleep 2017-06-03T16:00:00+00:00 [queued]>
[2021-05-15 17:44:16,745] {taskinstance.py:1068} INFO - 
--------------------------------------------------------------------------------
[2021-05-15 17:44:16,745] {taskinstance.py:1069} INFO - Starting attempt 1 of 2
[2021-05-15 17:44:16,745] {taskinstance.py:1070} INFO - 
--------------------------------------------------------------------------------
[2021-05-15 17:44:16,750] {taskinstance.py:1089} INFO - Executing <Task(BashOperator): sleep> on 2017-06-03T16:00:00+00:00
[2021-05-15 17:44:16,752] {standard_task_runner.py:52} INFO - Started process 29515 to run task
[2021-05-15 17:44:16,757] {standard_task_runner.py:76} INFO - Running: ['airflow', 'tasks', 'run', 'airflow_tutorial_v01', 'sleep', '2017-06-03T16:00:00+00:00', '--job-id', '197', '--pool', 'default_pool', '--raw', '--subdir', 'DAGS_FOLDER/Untitled.py', '--cfg-path', '/var/folders/tp/ft4rfkmn1kz3dyw8hlfz1dxw0000gn/T/tmpsvgvyrc4', '--error-file', '/var/folders/tp/ft4rfkmn1kz3dyw8hlfz1dxw0000gn/T/tmpnccvi9uj']
[2021-05-15 17:44:16,758] {standard_task_runner.py:77} INFO - Job 197: Subtask sleep
[2021-05-15 17:44:16,786] {logging_mixin.py:104} INFO - Running <TaskInstance: airflow_tutorial_v01.sleep 2017-06-03T16:00:00+00:00 [running]> on host Henrys-MacBook-Pro.local
[2021-05-15 17:44:16,809] {taskinstance.py:1281} INFO - Exporting the following env vars:
AIRFLOW_CTX_DAG_OWNER=me
AIRFLOW_CTX_DAG_ID=airflow_tutorial_v01
AIRFLOW_CTX_TASK_ID=sleep
AIRFLOW_CTX_EXECUTION_DATE=2017-06-03T16:00:00+00:00
AIRFLOW_CTX_DAG_RUN_ID=scheduled__2017-06-03T16:00:00+00:00
[2021-05-15 17:44:16,809] {bash.py:135} INFO - Tmp dir root location: 
 /var/folders/tp/ft4rfkmn1kz3dyw8hlfz1dxw0000gn/T
[2021-05-15 17:44:16,810] {bash.py:158} INFO - Running command: sleep 5
[2021-05-15 17:44:16,816] {bash.py:169} INFO - Output:
[2021-05-15 17:44:21,830] {bash.py:177} INFO - Command exited with return code 0
[2021-05-15 17:44:21,851] {taskinstance.py:1185} INFO - Marking task as SUCCESS. dag_id=airflow_tutorial_v01, task_id=sleep, execution_date=20170603T160000, start_date=20210515T164416, end_date=20210515T164421
[2021-05-15 17:44:21,867] {taskinstance.py:1246} INFO - 1 downstream tasks scheduled from follow-on schedule check
[2021-05-15 17:44:21,905] {local_task_job.py:146} INFO - Task exited with return code 0
