[2021-05-15 21:04:28,277] {taskinstance.py:877} INFO - Dependencies all met for <TaskInstance: airflow_tutorial_v01.print_hello 2017-06-30T17:00:00+00:00 [queued]>
[2021-05-15 21:04:28,281] {taskinstance.py:877} INFO - Dependencies all met for <TaskInstance: airflow_tutorial_v01.print_hello 2017-06-30T17:00:00+00:00 [queued]>
[2021-05-15 21:04:28,281] {taskinstance.py:1068} INFO - 
--------------------------------------------------------------------------------
[2021-05-15 21:04:28,281] {taskinstance.py:1069} INFO - Starting attempt 1 of 2
[2021-05-15 21:04:28,281] {taskinstance.py:1070} INFO - 
--------------------------------------------------------------------------------
[2021-05-15 21:04:28,286] {taskinstance.py:1089} INFO - Executing <Task(BashOperator): print_hello> on 2017-06-30T17:00:00+00:00
[2021-05-15 21:04:28,288] {standard_task_runner.py:52} INFO - Started process 79213 to run task
[2021-05-15 21:04:28,293] {standard_task_runner.py:76} INFO - Running: ['airflow', 'tasks', 'run', 'airflow_tutorial_v01', 'print_hello', '2017-06-30T17:00:00+00:00', '--job-id', '2149', '--pool', 'default_pool', '--raw', '--subdir', 'DAGS_FOLDER/Untitled.py', '--cfg-path', '/var/folders/tp/ft4rfkmn1kz3dyw8hlfz1dxw0000gn/T/tmp8n1igu79', '--error-file', '/var/folders/tp/ft4rfkmn1kz3dyw8hlfz1dxw0000gn/T/tmp4y7jeu06']
[2021-05-15 21:04:28,295] {standard_task_runner.py:77} INFO - Job 2149: Subtask print_hello
[2021-05-15 21:04:28,321] {logging_mixin.py:104} INFO - Running <TaskInstance: airflow_tutorial_v01.print_hello 2017-06-30T17:00:00+00:00 [running]> on host 1.0.0.0.0.0.0.0.0.0.0.0.0.0.0.0.0.0.0.0.0.0.0.0.0.0.0.0.0.0.0.0.ip6.arpa
[2021-05-15 21:04:28,343] {taskinstance.py:1281} INFO - Exporting the following env vars:
AIRFLOW_CTX_DAG_OWNER=me
AIRFLOW_CTX_DAG_ID=airflow_tutorial_v01
AIRFLOW_CTX_TASK_ID=print_hello
AIRFLOW_CTX_EXECUTION_DATE=2017-06-30T17:00:00+00:00
AIRFLOW_CTX_DAG_RUN_ID=scheduled__2017-06-30T17:00:00+00:00
[2021-05-15 21:04:28,343] {bash.py:135} INFO - Tmp dir root location: 
 /var/folders/tp/ft4rfkmn1kz3dyw8hlfz1dxw0000gn/T
[2021-05-15 21:04:28,344] {bash.py:158} INFO - Running command: echo "hello"
[2021-05-15 21:04:28,350] {bash.py:169} INFO - Output:
[2021-05-15 21:04:28,353] {bash.py:173} INFO - hello
[2021-05-15 21:04:28,354] {bash.py:177} INFO - Command exited with return code 0
[2021-05-15 21:04:28,365] {taskinstance.py:1185} INFO - Marking task as SUCCESS. dag_id=airflow_tutorial_v01, task_id=print_hello, execution_date=20170630T170000, start_date=20210515T200428, end_date=20210515T200428
[2021-05-15 21:04:28,378] {taskinstance.py:1246} INFO - 1 downstream tasks scheduled from follow-on schedule check
[2021-05-15 21:04:28,392] {local_task_job.py:146} INFO - Task exited with return code 0
