[2021-05-16 09:25:58,679] {taskinstance.py:877} INFO - Dependencies all met for <TaskInstance: airflow_tutorial_v01.print_world 2017-08-08T05:00:00+00:00 [queued]>
[2021-05-16 09:25:58,686] {taskinstance.py:877} INFO - Dependencies all met for <TaskInstance: airflow_tutorial_v01.print_world 2017-08-08T05:00:00+00:00 [queued]>
[2021-05-16 09:25:58,686] {taskinstance.py:1068} INFO - 
--------------------------------------------------------------------------------
[2021-05-16 09:25:58,687] {taskinstance.py:1069} INFO - Starting attempt 1 of 2
[2021-05-16 09:25:58,687] {taskinstance.py:1070} INFO - 
--------------------------------------------------------------------------------
[2021-05-16 09:25:58,694] {taskinstance.py:1089} INFO - Executing <Task(PythonOperator): print_world> on 2017-08-08T05:00:00+00:00
[2021-05-16 09:25:58,697] {standard_task_runner.py:52} INFO - Started process 52968 to run task
[2021-05-16 09:25:58,706] {standard_task_runner.py:76} INFO - Running: ['airflow', 'tasks', 'run', 'airflow_tutorial_v01', 'print_world', '2017-08-08T05:00:00+00:00', '--job-id', '4932', '--pool', 'default_pool', '--raw', '--subdir', 'DAGS_FOLDER/Untitled.py', '--cfg-path', '/var/folders/tp/ft4rfkmn1kz3dyw8hlfz1dxw0000gn/T/tmpuqco70pc', '--error-file', '/var/folders/tp/ft4rfkmn1kz3dyw8hlfz1dxw0000gn/T/tmprq6jj3q0']
[2021-05-16 09:25:58,708] {standard_task_runner.py:77} INFO - Job 4932: Subtask print_world
[2021-05-16 09:25:58,748] {logging_mixin.py:104} INFO - Running <TaskInstance: airflow_tutorial_v01.print_world 2017-08-08T05:00:00+00:00 [running]> on host 1.0.0.127.in-addr.arpa
[2021-05-16 09:25:58,777] {taskinstance.py:1281} INFO - Exporting the following env vars:
AIRFLOW_CTX_DAG_OWNER=me
AIRFLOW_CTX_DAG_ID=airflow_tutorial_v01
AIRFLOW_CTX_TASK_ID=print_world
AIRFLOW_CTX_EXECUTION_DATE=2017-08-08T05:00:00+00:00
AIRFLOW_CTX_DAG_RUN_ID=scheduled__2017-08-08T05:00:00+00:00
[2021-05-16 09:25:58,779] {logging_mixin.py:104} INFO - world
[2021-05-16 09:25:58,779] {python.py:118} INFO - Done. Returned value was: None
[2021-05-16 09:25:58,784] {taskinstance.py:1185} INFO - Marking task as SUCCESS. dag_id=airflow_tutorial_v01, task_id=print_world, execution_date=20170808T050000, start_date=20210516T082558, end_date=20210516T082558
[2021-05-16 09:25:58,796] {taskinstance.py:1246} INFO - 0 downstream tasks scheduled from follow-on schedule check
[2021-05-16 09:25:58,812] {local_task_job.py:146} INFO - Task exited with return code 0
