[2021-05-15 20:59:57,360] {taskinstance.py:877} INFO - Dependencies all met for <TaskInstance: airflow_tutorial_v01.sleep 2017-06-29T10:00:00+00:00 [queued]>
[2021-05-15 20:59:57,364] {taskinstance.py:877} INFO - Dependencies all met for <TaskInstance: airflow_tutorial_v01.sleep 2017-06-29T10:00:00+00:00 [queued]>
[2021-05-15 20:59:57,364] {taskinstance.py:1068} INFO - 
--------------------------------------------------------------------------------
[2021-05-15 20:59:57,364] {taskinstance.py:1069} INFO - Starting attempt 1 of 2
[2021-05-15 20:59:57,365] {taskinstance.py:1070} INFO - 
--------------------------------------------------------------------------------
[2021-05-15 20:59:57,370] {taskinstance.py:1089} INFO - Executing <Task(BashOperator): sleep> on 2017-06-29T10:00:00+00:00
[2021-05-15 20:59:57,371] {standard_task_runner.py:52} INFO - Started process 76941 to run task
[2021-05-15 20:59:57,377] {standard_task_runner.py:76} INFO - Running: ['airflow', 'tasks', 'run', 'airflow_tutorial_v01', 'sleep', '2017-06-29T10:00:00+00:00', '--job-id', '2060', '--pool', 'default_pool', '--raw', '--subdir', 'DAGS_FOLDER/Untitled.py', '--cfg-path', '/var/folders/tp/ft4rfkmn1kz3dyw8hlfz1dxw0000gn/T/tmpbsbnwxwf', '--error-file', '/var/folders/tp/ft4rfkmn1kz3dyw8hlfz1dxw0000gn/T/tmpiv9b0oyd']
[2021-05-15 20:59:57,379] {standard_task_runner.py:77} INFO - Job 2060: Subtask sleep
[2021-05-15 20:59:57,406] {logging_mixin.py:104} INFO - Running <TaskInstance: airflow_tutorial_v01.sleep 2017-06-29T10:00:00+00:00 [running]> on host henrys-macbook-pro.local
[2021-05-15 20:59:57,428] {taskinstance.py:1281} INFO - Exporting the following env vars:
AIRFLOW_CTX_DAG_OWNER=me
AIRFLOW_CTX_DAG_ID=airflow_tutorial_v01
AIRFLOW_CTX_TASK_ID=sleep
AIRFLOW_CTX_EXECUTION_DATE=2017-06-29T10:00:00+00:00
AIRFLOW_CTX_DAG_RUN_ID=scheduled__2017-06-29T10:00:00+00:00
[2021-05-15 20:59:57,429] {bash.py:135} INFO - Tmp dir root location: 
 /var/folders/tp/ft4rfkmn1kz3dyw8hlfz1dxw0000gn/T
[2021-05-15 20:59:57,429] {bash.py:158} INFO - Running command: sleep 5
[2021-05-15 20:59:57,436] {bash.py:169} INFO - Output:
[2021-05-15 21:00:02,442] {bash.py:177} INFO - Command exited with return code 0
[2021-05-15 21:00:02,462] {taskinstance.py:1185} INFO - Marking task as SUCCESS. dag_id=airflow_tutorial_v01, task_id=sleep, execution_date=20170629T100000, start_date=20210515T195957, end_date=20210515T200002
[2021-05-15 21:00:02,480] {taskinstance.py:1246} INFO - 1 downstream tasks scheduled from follow-on schedule check
[2021-05-15 21:00:03,362] {local_task_job.py:174} WARNING - The recorded hostname henrys-macbook-pro.local does not match this instance's hostname 1.0.0.0.0.0.0.0.0.0.0.0.0.0.0.0.0.0.0.0.0.0.0.0.0.0.0.0.0.0.0.0.ip6.arpa
