[2021-05-17 10:02:34,034] {taskinstance.py:877} INFO - Dependencies all met for <TaskInstance: matches_links.get_european_champions_cup_links 2021-05-16T09:00:00+00:00 [queued]>
[2021-05-17 10:02:34,042] {taskinstance.py:877} INFO - Dependencies all met for <TaskInstance: matches_links.get_european_champions_cup_links 2021-05-16T09:00:00+00:00 [queued]>
[2021-05-17 10:02:34,043] {taskinstance.py:1068} INFO - 
--------------------------------------------------------------------------------
[2021-05-17 10:02:34,043] {taskinstance.py:1069} INFO - Starting attempt 1 of 2
[2021-05-17 10:02:34,043] {taskinstance.py:1070} INFO - 
--------------------------------------------------------------------------------
[2021-05-17 10:02:34,047] {taskinstance.py:1089} INFO - Executing <Task(BashOperator): get_european_champions_cup_links> on 2021-05-16T09:00:00+00:00
[2021-05-17 10:02:34,049] {standard_task_runner.py:52} INFO - Started process 38463 to run task
[2021-05-17 10:02:34,056] {standard_task_runner.py:76} INFO - Running: ['airflow', 'tasks', 'run', 'matches_links', 'get_european_champions_cup_links', '2021-05-16T09:00:00+00:00', '--job-id', '11', '--pool', 'default_pool', '--raw', '--subdir', 'DAGS_FOLDER/matches_links/matches_links.py', '--cfg-path', '/var/folders/tp/ft4rfkmn1kz3dyw8hlfz1dxw0000gn/T/tmp89y506fs', '--error-file', '/var/folders/tp/ft4rfkmn1kz3dyw8hlfz1dxw0000gn/T/tmpf10sj1gv']
[2021-05-17 10:02:34,058] {standard_task_runner.py:77} INFO - Job 11: Subtask get_european_champions_cup_links
[2021-05-17 10:02:34,093] {logging_mixin.py:104} INFO - Running <TaskInstance: matches_links.get_european_champions_cup_links 2021-05-16T09:00:00+00:00 [running]> on host Henrys-MacBook-Pro.local
[2021-05-17 10:02:34,114] {taskinstance.py:1281} INFO - Exporting the following env vars:
AIRFLOW_CTX_DAG_OWNER=me
AIRFLOW_CTX_DAG_ID=matches_links
AIRFLOW_CTX_TASK_ID=get_european_champions_cup_links
AIRFLOW_CTX_EXECUTION_DATE=2021-05-16T09:00:00+00:00
AIRFLOW_CTX_DAG_RUN_ID=scheduled__2021-05-16T09:00:00+00:00
[2021-05-17 10:02:34,115] {bash.py:135} INFO - Tmp dir root location: 
 /var/folders/tp/ft4rfkmn1kz3dyw8hlfz1dxw0000gn/T
[2021-05-17 10:02:34,116] {bash.py:158} INFO - Running command: Rscript /Users/harry/rugby_data_project_airflow/R/scripts/create_matches_table.R https://www.rugbypass.com/european-champions-cup/matches/ 2021-05-16
[2021-05-17 10:02:34,123] {bash.py:169} INFO - Output:
[2021-05-17 10:02:35,082] {bash.py:173} INFO - ── Attaching packages ─────────────────────────────────────── tidyverse 1.3.0 ──
[2021-05-17 10:02:35,087] {bash.py:173} INFO - ✔ ggplot2 3.3.3     ✔ purrr   0.3.3
[2021-05-17 10:02:35,087] {bash.py:173} INFO - ✔ tibble  3.0.4     ✔ dplyr   1.0.2
[2021-05-17 10:02:35,088] {bash.py:173} INFO - ✔ tidyr   1.1.2     ✔ stringr 1.4.0
[2021-05-17 10:02:35,088] {bash.py:173} INFO - ✔ readr   1.3.1     ✔ forcats 0.5.0
[2021-05-17 10:02:35,159] {bash.py:173} INFO - ── Conflicts ────────────────────────────────────────── tidyverse_conflicts() ──
[2021-05-17 10:02:35,160] {bash.py:173} INFO - ✖ dplyr::filter() masks stats::filter()
[2021-05-17 10:02:35,160] {bash.py:173} INFO - ✖ dplyr::lag()    masks stats::lag()
[2021-05-17 10:02:35,167] {bash.py:173} INFO - 
[2021-05-17 10:02:35,167] {bash.py:173} INFO - Attaching package: ‘lubridate’
[2021-05-17 10:02:35,168] {bash.py:173} INFO - 
[2021-05-17 10:02:35,168] {bash.py:173} INFO - The following objects are masked from ‘package:base’:
[2021-05-17 10:02:35,169] {bash.py:173} INFO - 
[2021-05-17 10:02:35,169] {bash.py:173} INFO -     date, intersect, setdiff, union
[2021-05-17 10:02:35,170] {bash.py:173} INFO - 
[2021-05-17 10:02:35,171] {bash.py:173} INFO - Loading required package: xml2
[2021-05-17 10:02:35,181] {bash.py:173} INFO - 
[2021-05-17 10:02:35,182] {bash.py:173} INFO - Attaching package: ‘rvest’
[2021-05-17 10:02:35,182] {bash.py:173} INFO - 
[2021-05-17 10:02:35,182] {bash.py:173} INFO - The following object is masked from ‘package:purrr’:
[2021-05-17 10:02:35,183] {bash.py:173} INFO - 
[2021-05-17 10:02:35,183] {bash.py:173} INFO -     pluck
[2021-05-17 10:02:35,183] {bash.py:173} INFO - 
[2021-05-17 10:02:35,183] {bash.py:173} INFO - The following object is masked from ‘package:readr’:
[2021-05-17 10:02:35,184] {bash.py:173} INFO - 
[2021-05-17 10:02:35,184] {bash.py:173} INFO -     guess_encoding
[2021-05-17 10:02:35,184] {bash.py:173} INFO - 
[2021-05-17 10:02:35,185] {bash.py:173} INFO - [1] "2021-05-16"
[2021-05-17 10:02:35,186] {bash.py:173} INFO - [1] "Getting european_champions_cup links"
[2021-05-17 10:02:37,928] {bash.py:173} INFO - [1] "european_champions_cup saved"
[2021-05-17 10:02:37,947] {bash.py:177} INFO - Command exited with return code 0
[2021-05-17 10:02:37,961] {taskinstance.py:1185} INFO - Marking task as SUCCESS. dag_id=matches_links, task_id=get_european_champions_cup_links, execution_date=20210516T090000, start_date=20210517T090234, end_date=20210517T090237
[2021-05-17 10:02:37,971] {taskinstance.py:1246} INFO - 0 downstream tasks scheduled from follow-on schedule check
[2021-05-17 10:02:38,013] {local_task_job.py:146} INFO - Task exited with return code 0
