[2021-05-15 18:29:49,004] {taskinstance.py:877} INFO - Dependencies all met for <TaskInstance: airflow_tutorial_v01.print_world 2017-06-13T08:00:00+00:00 [queued]>
[2021-05-15 18:29:49,010] {taskinstance.py:877} INFO - Dependencies all met for <TaskInstance: airflow_tutorial_v01.print_world 2017-06-13T08:00:00+00:00 [queued]>
[2021-05-15 18:29:49,010] {taskinstance.py:1068} INFO - 
--------------------------------------------------------------------------------
[2021-05-15 18:29:49,010] {taskinstance.py:1069} INFO - Starting attempt 1 of 2
[2021-05-15 18:29:49,010] {taskinstance.py:1070} INFO - 
--------------------------------------------------------------------------------
[2021-05-15 18:29:49,015] {taskinstance.py:1089} INFO - Executing <Task(PythonOperator): print_world> on 2017-06-13T08:00:00+00:00
[2021-05-15 18:29:49,016] {standard_task_runner.py:52} INFO - Started process 47215 to run task
[2021-05-15 18:29:49,022] {standard_task_runner.py:76} INFO - Running: ['airflow', 'tasks', 'run', 'airflow_tutorial_v01', 'print_world', '2017-06-13T08:00:00+00:00', '--job-id', '898', '--pool', 'default_pool', '--raw', '--subdir', 'DAGS_FOLDER/Untitled.py', '--cfg-path', '/var/folders/tp/ft4rfkmn1kz3dyw8hlfz1dxw0000gn/T/tmpa8x53saw', '--error-file', '/var/folders/tp/ft4rfkmn1kz3dyw8hlfz1dxw0000gn/T/tmpwmpxn65s']
[2021-05-15 18:29:49,023] {standard_task_runner.py:77} INFO - Job 898: Subtask print_world
[2021-05-15 18:29:49,062] {logging_mixin.py:104} INFO - Running <TaskInstance: airflow_tutorial_v01.print_world 2017-06-13T08:00:00+00:00 [running]> on host henrys-macbook-pro.local
[2021-05-15 18:29:49,088] {taskinstance.py:1281} INFO - Exporting the following env vars:
AIRFLOW_CTX_DAG_OWNER=me
AIRFLOW_CTX_DAG_ID=airflow_tutorial_v01
AIRFLOW_CTX_TASK_ID=print_world
AIRFLOW_CTX_EXECUTION_DATE=2017-06-13T08:00:00+00:00
AIRFLOW_CTX_DAG_RUN_ID=scheduled__2017-06-13T08:00:00+00:00
[2021-05-15 18:29:49,089] {logging_mixin.py:104} INFO - world
[2021-05-15 18:29:49,089] {python.py:118} INFO - Done. Returned value was: None
[2021-05-15 18:29:49,092] {taskinstance.py:1185} INFO - Marking task as SUCCESS. dag_id=airflow_tutorial_v01, task_id=print_world, execution_date=20170613T080000, start_date=20210515T172949, end_date=20210515T172949
[2021-05-15 18:29:49,105] {taskinstance.py:1246} INFO - 0 downstream tasks scheduled from follow-on schedule check
[2021-05-15 18:29:49,119] {local_task_job.py:146} INFO - Task exited with return code 0
