[2021-05-15 17:40:03,504] {taskinstance.py:877} INFO - Dependencies all met for <TaskInstance: airflow_tutorial_v01.sleep 2017-06-02T12:00:00+00:00 [queued]>
[2021-05-15 17:40:03,508] {taskinstance.py:877} INFO - Dependencies all met for <TaskInstance: airflow_tutorial_v01.sleep 2017-06-02T12:00:00+00:00 [queued]>
[2021-05-15 17:40:03,508] {taskinstance.py:1068} INFO - 
--------------------------------------------------------------------------------
[2021-05-15 17:40:03,508] {taskinstance.py:1069} INFO - Starting attempt 1 of 2
[2021-05-15 17:40:03,508] {taskinstance.py:1070} INFO - 
--------------------------------------------------------------------------------
[2021-05-15 17:40:03,513] {taskinstance.py:1089} INFO - Executing <Task(BashOperator): sleep> on 2017-06-02T12:00:00+00:00
[2021-05-15 17:40:03,514] {standard_task_runner.py:52} INFO - Started process 27492 to run task
[2021-05-15 17:40:03,520] {standard_task_runner.py:76} INFO - Running: ['airflow', 'tasks', 'run', 'airflow_tutorial_v01', 'sleep', '2017-06-02T12:00:00+00:00', '--job-id', '113', '--pool', 'default_pool', '--raw', '--subdir', 'DAGS_FOLDER/Untitled.py', '--cfg-path', '/var/folders/tp/ft4rfkmn1kz3dyw8hlfz1dxw0000gn/T/tmpxzj42p74', '--error-file', '/var/folders/tp/ft4rfkmn1kz3dyw8hlfz1dxw0000gn/T/tmpxyf1a49j']
[2021-05-15 17:40:03,521] {standard_task_runner.py:77} INFO - Job 113: Subtask sleep
[2021-05-15 17:40:03,549] {logging_mixin.py:104} INFO - Running <TaskInstance: airflow_tutorial_v01.sleep 2017-06-02T12:00:00+00:00 [running]> on host Henrys-MacBook-Pro.local
[2021-05-15 17:40:03,571] {taskinstance.py:1281} INFO - Exporting the following env vars:
AIRFLOW_CTX_DAG_OWNER=me
AIRFLOW_CTX_DAG_ID=airflow_tutorial_v01
AIRFLOW_CTX_TASK_ID=sleep
AIRFLOW_CTX_EXECUTION_DATE=2017-06-02T12:00:00+00:00
AIRFLOW_CTX_DAG_RUN_ID=scheduled__2017-06-02T12:00:00+00:00
[2021-05-15 17:40:03,571] {bash.py:135} INFO - Tmp dir root location: 
 /var/folders/tp/ft4rfkmn1kz3dyw8hlfz1dxw0000gn/T
[2021-05-15 17:40:03,572] {bash.py:158} INFO - Running command: sleep 5
[2021-05-15 17:40:03,579] {bash.py:169} INFO - Output:
[2021-05-15 17:40:08,584] {bash.py:177} INFO - Command exited with return code 0
[2021-05-15 17:40:08,595] {taskinstance.py:1185} INFO - Marking task as SUCCESS. dag_id=airflow_tutorial_v01, task_id=sleep, execution_date=20170602T120000, start_date=20210515T164003, end_date=20210515T164008
[2021-05-15 17:40:08,607] {taskinstance.py:1246} INFO - 1 downstream tasks scheduled from follow-on schedule check
[2021-05-15 17:40:08,635] {local_task_job.py:146} INFO - Task exited with return code 0
