[2021-05-15 21:34:01,856] {taskinstance.py:877} INFO - Dependencies all met for <TaskInstance: airflow_tutorial_v01.print_world 2017-07-08T18:00:00+00:00 [queued]>
[2021-05-15 21:34:01,862] {taskinstance.py:877} INFO - Dependencies all met for <TaskInstance: airflow_tutorial_v01.print_world 2017-07-08T18:00:00+00:00 [queued]>
[2021-05-15 21:34:01,863] {taskinstance.py:1068} INFO - 
--------------------------------------------------------------------------------
[2021-05-15 21:34:01,863] {taskinstance.py:1069} INFO - Starting attempt 1 of 2
[2021-05-15 21:34:01,863] {taskinstance.py:1070} INFO - 
--------------------------------------------------------------------------------
[2021-05-15 21:34:01,868] {taskinstance.py:1089} INFO - Executing <Task(PythonOperator): print_world> on 2017-07-08T18:00:00+00:00
[2021-05-15 21:34:01,870] {standard_task_runner.py:52} INFO - Started process 94044 to run task
[2021-05-15 21:34:01,876] {standard_task_runner.py:76} INFO - Running: ['airflow', 'tasks', 'run', 'airflow_tutorial_v01', 'print_world', '2017-07-08T18:00:00+00:00', '--job-id', '2735', '--pool', 'default_pool', '--raw', '--subdir', 'DAGS_FOLDER/Untitled.py', '--cfg-path', '/var/folders/tp/ft4rfkmn1kz3dyw8hlfz1dxw0000gn/T/tmprbgj9pa7', '--error-file', '/var/folders/tp/ft4rfkmn1kz3dyw8hlfz1dxw0000gn/T/tmpru6il2xp']
[2021-05-15 21:34:01,878] {standard_task_runner.py:77} INFO - Job 2735: Subtask print_world
[2021-05-15 21:34:01,906] {logging_mixin.py:104} INFO - Running <TaskInstance: airflow_tutorial_v01.print_world 2017-07-08T18:00:00+00:00 [running]> on host henrys-macbook-pro.local
[2021-05-15 21:34:01,927] {taskinstance.py:1281} INFO - Exporting the following env vars:
AIRFLOW_CTX_DAG_OWNER=me
AIRFLOW_CTX_DAG_ID=airflow_tutorial_v01
AIRFLOW_CTX_TASK_ID=print_world
AIRFLOW_CTX_EXECUTION_DATE=2017-07-08T18:00:00+00:00
AIRFLOW_CTX_DAG_RUN_ID=scheduled__2017-07-08T18:00:00+00:00
[2021-05-15 21:34:01,928] {logging_mixin.py:104} INFO - world
[2021-05-15 21:34:01,928] {python.py:118} INFO - Done. Returned value was: None
[2021-05-15 21:34:01,931] {taskinstance.py:1185} INFO - Marking task as SUCCESS. dag_id=airflow_tutorial_v01, task_id=print_world, execution_date=20170708T180000, start_date=20210515T203401, end_date=20210515T203401
[2021-05-15 21:34:01,941] {taskinstance.py:1246} INFO - 0 downstream tasks scheduled from follow-on schedule check
[2021-05-15 21:34:01,975] {local_task_job.py:146} INFO - Task exited with return code 0
