[2021-05-15 17:35:43,235] {taskinstance.py:877} INFO - Dependencies all met for <TaskInstance: airflow_tutorial_v01.sleep 2017-06-01T07:00:00+00:00 [queued]>
[2021-05-15 17:35:43,239] {taskinstance.py:877} INFO - Dependencies all met for <TaskInstance: airflow_tutorial_v01.sleep 2017-06-01T07:00:00+00:00 [queued]>
[2021-05-15 17:35:43,239] {taskinstance.py:1068} INFO - 
--------------------------------------------------------------------------------
[2021-05-15 17:35:43,239] {taskinstance.py:1069} INFO - Starting attempt 1 of 2
[2021-05-15 17:35:43,239] {taskinstance.py:1070} INFO - 
--------------------------------------------------------------------------------
[2021-05-15 17:35:43,244] {taskinstance.py:1089} INFO - Executing <Task(BashOperator): sleep> on 2017-06-01T07:00:00+00:00
[2021-05-15 17:35:43,246] {standard_task_runner.py:52} INFO - Started process 25342 to run task
[2021-05-15 17:35:43,251] {standard_task_runner.py:76} INFO - Running: ['airflow', 'tasks', 'run', 'airflow_tutorial_v01', 'sleep', '2017-06-01T07:00:00+00:00', '--job-id', '26', '--pool', 'default_pool', '--raw', '--subdir', 'DAGS_FOLDER/Untitled.py', '--cfg-path', '/var/folders/tp/ft4rfkmn1kz3dyw8hlfz1dxw0000gn/T/tmpp7rdxgz9', '--error-file', '/var/folders/tp/ft4rfkmn1kz3dyw8hlfz1dxw0000gn/T/tmpadtf79d9']
[2021-05-15 17:35:43,253] {standard_task_runner.py:77} INFO - Job 26: Subtask sleep
[2021-05-15 17:35:43,283] {logging_mixin.py:104} INFO - Running <TaskInstance: airflow_tutorial_v01.sleep 2017-06-01T07:00:00+00:00 [running]> on host Henrys-MacBook-Pro.local
[2021-05-15 17:35:43,306] {taskinstance.py:1281} INFO - Exporting the following env vars:
AIRFLOW_CTX_DAG_OWNER=me
AIRFLOW_CTX_DAG_ID=airflow_tutorial_v01
AIRFLOW_CTX_TASK_ID=sleep
AIRFLOW_CTX_EXECUTION_DATE=2017-06-01T07:00:00+00:00
AIRFLOW_CTX_DAG_RUN_ID=scheduled__2017-06-01T07:00:00+00:00
[2021-05-15 17:35:43,307] {bash.py:135} INFO - Tmp dir root location: 
 /var/folders/tp/ft4rfkmn1kz3dyw8hlfz1dxw0000gn/T
[2021-05-15 17:35:43,308] {bash.py:158} INFO - Running command: sleep 5
[2021-05-15 17:35:43,314] {bash.py:169} INFO - Output:
[2021-05-15 17:35:48,322] {bash.py:177} INFO - Command exited with return code 0
[2021-05-15 17:35:48,339] {taskinstance.py:1185} INFO - Marking task as SUCCESS. dag_id=airflow_tutorial_v01, task_id=sleep, execution_date=20170601T070000, start_date=20210515T163543, end_date=20210515T163548
[2021-05-15 17:35:48,355] {taskinstance.py:1246} INFO - 1 downstream tasks scheduled from follow-on schedule check
[2021-05-15 17:35:48,366] {local_task_job.py:146} INFO - Task exited with return code 0
