[2021-05-15 22:10:16,611] {taskinstance.py:877} INFO - Dependencies all met for <TaskInstance: airflow_tutorial_v01.sleep 2017-07-18T17:00:00+00:00 [queued]>
[2021-05-15 22:10:16,616] {taskinstance.py:877} INFO - Dependencies all met for <TaskInstance: airflow_tutorial_v01.sleep 2017-07-18T17:00:00+00:00 [queued]>
[2021-05-15 22:10:16,616] {taskinstance.py:1068} INFO - 
--------------------------------------------------------------------------------
[2021-05-15 22:10:16,616] {taskinstance.py:1069} INFO - Starting attempt 1 of 2
[2021-05-15 22:10:16,616] {taskinstance.py:1070} INFO - 
--------------------------------------------------------------------------------
[2021-05-15 22:10:16,621] {taskinstance.py:1089} INFO - Executing <Task(BashOperator): sleep> on 2017-07-18T17:00:00+00:00
[2021-05-15 22:10:16,623] {standard_task_runner.py:52} INFO - Started process 12504 to run task
[2021-05-15 22:10:16,629] {standard_task_runner.py:76} INFO - Running: ['airflow', 'tasks', 'run', 'airflow_tutorial_v01', 'sleep', '2017-07-18T17:00:00+00:00', '--job-id', '3450', '--pool', 'default_pool', '--raw', '--subdir', 'DAGS_FOLDER/Untitled.py', '--cfg-path', '/var/folders/tp/ft4rfkmn1kz3dyw8hlfz1dxw0000gn/T/tmpk1lzovi7', '--error-file', '/var/folders/tp/ft4rfkmn1kz3dyw8hlfz1dxw0000gn/T/tmpfumfy7x2']
[2021-05-15 22:10:16,630] {standard_task_runner.py:77} INFO - Job 3450: Subtask sleep
[2021-05-15 22:10:16,659] {logging_mixin.py:104} INFO - Running <TaskInstance: airflow_tutorial_v01.sleep 2017-07-18T17:00:00+00:00 [running]> on host 1.0.0.127.in-addr.arpa
[2021-05-15 22:10:16,682] {taskinstance.py:1281} INFO - Exporting the following env vars:
AIRFLOW_CTX_DAG_OWNER=me
AIRFLOW_CTX_DAG_ID=airflow_tutorial_v01
AIRFLOW_CTX_TASK_ID=sleep
AIRFLOW_CTX_EXECUTION_DATE=2017-07-18T17:00:00+00:00
AIRFLOW_CTX_DAG_RUN_ID=scheduled__2017-07-18T17:00:00+00:00
[2021-05-15 22:10:16,683] {bash.py:135} INFO - Tmp dir root location: 
 /var/folders/tp/ft4rfkmn1kz3dyw8hlfz1dxw0000gn/T
[2021-05-15 22:10:16,684] {bash.py:158} INFO - Running command: sleep 5
[2021-05-15 22:10:16,690] {bash.py:169} INFO - Output:
[2021-05-15 22:10:21,696] {bash.py:177} INFO - Command exited with return code 0
[2021-05-15 22:10:21,716] {taskinstance.py:1185} INFO - Marking task as SUCCESS. dag_id=airflow_tutorial_v01, task_id=sleep, execution_date=20170718T170000, start_date=20210515T211016, end_date=20210515T211021
[2021-05-15 22:10:21,730] {taskinstance.py:1246} INFO - 1 downstream tasks scheduled from follow-on schedule check
[2021-05-15 22:10:21,749] {local_task_job.py:146} INFO - Task exited with return code 0
