[2021-05-15 22:04:58,229] {taskinstance.py:877} INFO - Dependencies all met for <TaskInstance: airflow_tutorial_v01.sleep 2017-07-17T07:00:00+00:00 [queued]>
[2021-05-15 22:04:58,234] {taskinstance.py:877} INFO - Dependencies all met for <TaskInstance: airflow_tutorial_v01.sleep 2017-07-17T07:00:00+00:00 [queued]>
[2021-05-15 22:04:58,234] {taskinstance.py:1068} INFO - 
--------------------------------------------------------------------------------
[2021-05-15 22:04:58,234] {taskinstance.py:1069} INFO - Starting attempt 1 of 2
[2021-05-15 22:04:58,234] {taskinstance.py:1070} INFO - 
--------------------------------------------------------------------------------
[2021-05-15 22:04:58,239] {taskinstance.py:1089} INFO - Executing <Task(BashOperator): sleep> on 2017-07-17T07:00:00+00:00
[2021-05-15 22:04:58,240] {standard_task_runner.py:52} INFO - Started process 9923 to run task
[2021-05-15 22:04:58,246] {standard_task_runner.py:76} INFO - Running: ['airflow', 'tasks', 'run', 'airflow_tutorial_v01', 'sleep', '2017-07-17T07:00:00+00:00', '--job-id', '3348', '--pool', 'default_pool', '--raw', '--subdir', 'DAGS_FOLDER/Untitled.py', '--cfg-path', '/var/folders/tp/ft4rfkmn1kz3dyw8hlfz1dxw0000gn/T/tmpcp9xlgsa', '--error-file', '/var/folders/tp/ft4rfkmn1kz3dyw8hlfz1dxw0000gn/T/tmp8o35zlve']
[2021-05-15 22:04:58,247] {standard_task_runner.py:77} INFO - Job 3348: Subtask sleep
[2021-05-15 22:04:58,276] {logging_mixin.py:104} INFO - Running <TaskInstance: airflow_tutorial_v01.sleep 2017-07-17T07:00:00+00:00 [running]> on host henrys-macbook-pro.local
[2021-05-15 22:04:58,297] {taskinstance.py:1281} INFO - Exporting the following env vars:
AIRFLOW_CTX_DAG_OWNER=me
AIRFLOW_CTX_DAG_ID=airflow_tutorial_v01
AIRFLOW_CTX_TASK_ID=sleep
AIRFLOW_CTX_EXECUTION_DATE=2017-07-17T07:00:00+00:00
AIRFLOW_CTX_DAG_RUN_ID=scheduled__2017-07-17T07:00:00+00:00
[2021-05-15 22:04:58,298] {bash.py:135} INFO - Tmp dir root location: 
 /var/folders/tp/ft4rfkmn1kz3dyw8hlfz1dxw0000gn/T
[2021-05-15 22:04:58,299] {bash.py:158} INFO - Running command: sleep 5
[2021-05-15 22:04:58,305] {bash.py:169} INFO - Output:
[2021-05-15 22:05:03,312] {bash.py:177} INFO - Command exited with return code 0
[2021-05-15 22:05:03,334] {taskinstance.py:1185} INFO - Marking task as SUCCESS. dag_id=airflow_tutorial_v01, task_id=sleep, execution_date=20170717T070000, start_date=20210515T210458, end_date=20210515T210503
[2021-05-15 22:05:03,351] {taskinstance.py:1246} INFO - 1 downstream tasks scheduled from follow-on schedule check
[2021-05-15 22:05:03,361] {local_task_job.py:146} INFO - Task exited with return code 0
