[2021-05-16 21:35:41,492] {taskinstance.py:877} INFO - Dependencies all met for <TaskInstance: matches_links.get_rugby_pass_match_data 2021-04-24T10:00:00+00:00 [queued]>
[2021-05-16 21:35:41,497] {taskinstance.py:877} INFO - Dependencies all met for <TaskInstance: matches_links.get_rugby_pass_match_data 2021-04-24T10:00:00+00:00 [queued]>
[2021-05-16 21:35:41,497] {taskinstance.py:1068} INFO - 
--------------------------------------------------------------------------------
[2021-05-16 21:35:41,497] {taskinstance.py:1069} INFO - Starting attempt 8 of 9
[2021-05-16 21:35:41,497] {taskinstance.py:1070} INFO - 
--------------------------------------------------------------------------------
[2021-05-16 21:35:41,501] {taskinstance.py:1089} INFO - Executing <Task(BashOperator): get_rugby_pass_match_data> on 2021-04-24T10:00:00+00:00
[2021-05-16 21:35:41,503] {standard_task_runner.py:52} INFO - Started process 77121 to run task
[2021-05-16 21:35:41,509] {standard_task_runner.py:76} INFO - Running: ['airflow', 'tasks', 'run', 'matches_links', 'get_rugby_pass_match_data', '2021-04-24T10:00:00+00:00', '--job-id', '18', '--pool', 'default_pool', '--raw', '--subdir', 'DAGS_FOLDER/matches_links/matches_links.py', '--cfg-path', '/var/folders/tp/ft4rfkmn1kz3dyw8hlfz1dxw0000gn/T/tmp6mg6tmbs', '--error-file', '/var/folders/tp/ft4rfkmn1kz3dyw8hlfz1dxw0000gn/T/tmp0tz6763q']
[2021-05-16 21:35:41,511] {standard_task_runner.py:77} INFO - Job 18: Subtask get_rugby_pass_match_data
[2021-05-16 21:35:41,538] {logging_mixin.py:104} INFO - Running <TaskInstance: matches_links.get_rugby_pass_match_data 2021-04-24T10:00:00+00:00 [running]> on host 1.0.0.127.in-addr.arpa
[2021-05-16 21:35:41,560] {taskinstance.py:1281} INFO - Exporting the following env vars:
AIRFLOW_CTX_DAG_OWNER=me
AIRFLOW_CTX_DAG_ID=matches_links
AIRFLOW_CTX_TASK_ID=get_rugby_pass_match_data
AIRFLOW_CTX_EXECUTION_DATE=2021-04-24T10:00:00+00:00
AIRFLOW_CTX_DAG_RUN_ID=backfill__2021-04-24T10:00:00+00:00
[2021-05-16 21:35:41,560] {bash.py:135} INFO - Tmp dir root location: 
 /var/folders/tp/ft4rfkmn1kz3dyw8hlfz1dxw0000gn/T
[2021-05-16 21:35:41,561] {bash.py:158} INFO - Running command: Rscript /Users/harry/rugby_data_project_airflow/R/scripts/create_matches_table.R
[2021-05-16 21:35:41,568] {bash.py:169} INFO - Output:
[2021-05-16 21:35:42,779] {bash.py:173} INFO - ── Attaching packages ─────────────────────────────────────── tidyverse 1.3.0 ──
[2021-05-16 21:35:42,784] {bash.py:173} INFO - ✔ ggplot2 3.3.3     ✔ purrr   0.3.3
[2021-05-16 21:35:42,784] {bash.py:173} INFO - ✔ tibble  3.0.4     ✔ dplyr   1.0.2
[2021-05-16 21:35:42,785] {bash.py:173} INFO - ✔ tidyr   1.1.2     ✔ stringr 1.4.0
[2021-05-16 21:35:42,785] {bash.py:173} INFO - ✔ readr   1.3.1     ✔ forcats 0.5.0
[2021-05-16 21:35:42,871] {bash.py:173} INFO - ── Conflicts ────────────────────────────────────────── tidyverse_conflicts() ──
[2021-05-16 21:35:42,871] {bash.py:173} INFO - ✖ dplyr::filter() masks stats::filter()
[2021-05-16 21:35:42,872] {bash.py:173} INFO - ✖ dplyr::lag()    masks stats::lag()
[2021-05-16 21:35:42,878] {bash.py:173} INFO - 
[2021-05-16 21:35:42,878] {bash.py:173} INFO - Attaching package: ‘lubridate’
[2021-05-16 21:35:42,879] {bash.py:173} INFO - 
[2021-05-16 21:35:42,879] {bash.py:173} INFO - The following objects are masked from ‘package:base’:
[2021-05-16 21:35:42,880] {bash.py:173} INFO - 
[2021-05-16 21:35:42,880] {bash.py:173} INFO -     date, intersect, setdiff, union
[2021-05-16 21:35:42,881] {bash.py:173} INFO - 
[2021-05-16 21:35:42,885] {bash.py:173} INFO - Loading required package: xml2
[2021-05-16 21:35:42,893] {bash.py:173} INFO - 
[2021-05-16 21:35:42,894] {bash.py:173} INFO - Attaching package: ‘rvest’
[2021-05-16 21:35:42,894] {bash.py:173} INFO - 
[2021-05-16 21:35:42,895] {bash.py:173} INFO - The following object is masked from ‘package:purrr’:
[2021-05-16 21:35:42,895] {bash.py:173} INFO - 
[2021-05-16 21:35:42,895] {bash.py:173} INFO -     pluck
[2021-05-16 21:35:42,896] {bash.py:173} INFO - 
[2021-05-16 21:35:42,896] {bash.py:173} INFO - The following object is masked from ‘package:readr’:
[2021-05-16 21:35:42,896] {bash.py:173} INFO - 
[2021-05-16 21:35:42,897] {bash.py:173} INFO -     guess_encoding
[2021-05-16 21:35:42,897] {bash.py:173} INFO - 
[2021-05-16 21:35:42,927] {bash.py:173} INFO - [1] "Getting autumn_nations_cup links"
[2021-05-16 21:36:03,850] {bash.py:173} INFO - [1] "autumn_nations_cup saved"
[2021-05-16 21:36:03,851] {bash.py:173} INFO - [1] "Getting premiership links"
[2021-05-16 21:36:06,408] {bash.py:173} INFO - [1] "premiership saved"
[2021-05-16 21:36:06,409] {bash.py:173} INFO - [1] "Getting six_nations links"
[2021-05-16 21:36:08,457] {bash.py:173} INFO - [1] "six_nations saved"
[2021-05-16 21:36:08,458] {bash.py:173} INFO - [1] "Getting the_rugby_championship links"
[2021-05-16 21:36:10,426] {bash.py:173} INFO - [1] "the_rugby_championship saved"
[2021-05-16 21:36:10,427] {bash.py:173} INFO - [1] "Getting internationals links"
[2021-05-16 21:36:12,531] {bash.py:173} INFO - [1] "internationals saved"
[2021-05-16 21:36:12,531] {bash.py:173} INFO - [1] "Getting internationals links"
[2021-05-16 21:36:14,600] {bash.py:173} INFO - [1] "internationals saved"
[2021-05-16 21:36:14,601] {bash.py:173} INFO - [1] "Getting premiership_cup links"
[2021-05-16 21:36:16,611] {bash.py:173} INFO - [1] "premiership_cup saved"
[2021-05-16 21:36:16,612] {bash.py:173} INFO - [1] "Getting european_champions_cup links"
[2021-05-16 21:36:18,650] {bash.py:173} INFO - [1] "european_champions_cup saved"
[2021-05-16 21:36:18,651] {bash.py:173} INFO - [1] "Getting challenge_cup links"
[2021-05-16 21:36:21,403] {bash.py:173} INFO - [1] "challenge_cup saved"
[2021-05-16 21:36:21,403] {bash.py:173} INFO - [1] "Getting pro_14 links"
[2021-05-16 21:36:23,884] {bash.py:173} INFO - [1] "pro_14 saved"
[2021-05-16 21:36:23,884] {bash.py:173} INFO - [1] "Getting pro_14_rainbow_cup links"
[2021-05-16 21:36:36,991] {bash.py:173} INFO - [1] "pro_14_rainbow_cup saved"
[2021-05-16 21:36:36,992] {bash.py:173} INFO - [1] "Getting rainbow_cup_south_africa links"
[2021-05-16 21:36:38,957] {bash.py:173} INFO - [1] "rainbow_cup_south_africa saved"
[2021-05-16 21:36:38,958] {bash.py:173} INFO - [1] "Getting super_rugby_trans_tasman links"
[2021-05-16 21:36:41,061] {bash.py:173} INFO - [1] "super_rugby_trans_tasman saved"
[2021-05-16 21:36:41,061] {bash.py:173} INFO - [1] "Getting super_rugby_australia links"
[2021-05-16 21:36:43,059] {bash.py:173} INFO - [1] "super_rugby_australia saved"
[2021-05-16 21:36:43,059] {bash.py:173} INFO - [1] "Getting super_rugby_unlocked links"
[2021-05-16 21:36:45,247] {bash.py:173} INFO - [1] "super_rugby_unlocked saved"
[2021-05-16 21:36:45,247] {bash.py:173} INFO - [1] "Getting super_rugby links"
[2021-05-16 21:36:47,792] {bash.py:173} INFO - [1] "super_rugby saved"
[2021-05-16 21:36:47,792] {bash.py:173} INFO - [1] "Getting mitre_10_cup links"
[2021-05-16 21:36:50,290] {bash.py:173} INFO - [1] "mitre_10_cup saved"
[2021-05-16 21:36:50,291] {bash.py:173} INFO - [1] "Getting currie_cup links"
[2021-05-16 21:36:52,371] {bash.py:173} INFO - [1] "currie_cup saved"
[2021-05-16 21:36:52,371] {bash.py:173} INFO - [1] "Getting rugby_world_cup links"
[2021-05-16 21:36:54,961] {bash.py:173} INFO - [1] "rugby_world_cup saved"
[2021-05-16 21:36:54,961] {bash.py:173} INFO - [1] "Getting top_14 links"
[2021-05-16 21:36:57,583] {bash.py:173} INFO - [1] "top_14 saved"
[2021-05-16 21:36:57,604] {bash.py:177} INFO - Command exited with return code 0
[2021-05-16 21:36:57,618] {taskinstance.py:1185} INFO - Marking task as SUCCESS. dag_id=matches_links, task_id=get_rugby_pass_match_data, execution_date=20210424T100000, start_date=20210516T203541, end_date=20210516T203657
[2021-05-16 21:36:57,627] {taskinstance.py:1246} INFO - 0 downstream tasks scheduled from follow-on schedule check
[2021-05-16 21:36:57,649] {local_task_job.py:146} INFO - Task exited with return code 0
