[2021-05-16 09:30:06,860] {taskinstance.py:877} INFO - Dependencies all met for <TaskInstance: airflow_tutorial_v01.print_hello 2017-08-09T05:00:00+00:00 [queued]>
[2021-05-16 09:30:06,869] {taskinstance.py:877} INFO - Dependencies all met for <TaskInstance: airflow_tutorial_v01.print_hello 2017-08-09T05:00:00+00:00 [queued]>
[2021-05-16 09:30:06,869] {taskinstance.py:1068} INFO - 
--------------------------------------------------------------------------------
[2021-05-16 09:30:06,870] {taskinstance.py:1069} INFO - Starting attempt 1 of 2
[2021-05-16 09:30:06,870] {taskinstance.py:1070} INFO - 
--------------------------------------------------------------------------------
[2021-05-16 09:30:06,878] {taskinstance.py:1089} INFO - Executing <Task(BashOperator): print_hello> on 2017-08-09T05:00:00+00:00
[2021-05-16 09:30:06,881] {standard_task_runner.py:52} INFO - Started process 54534 to run task
[2021-05-16 09:30:06,890] {standard_task_runner.py:76} INFO - Running: ['airflow', 'tasks', 'run', 'airflow_tutorial_v01', 'print_hello', '2017-08-09T05:00:00+00:00', '--job-id', '4996', '--pool', 'default_pool', '--raw', '--subdir', 'DAGS_FOLDER/Untitled.py', '--cfg-path', '/var/folders/tp/ft4rfkmn1kz3dyw8hlfz1dxw0000gn/T/tmphfqxamop', '--error-file', '/var/folders/tp/ft4rfkmn1kz3dyw8hlfz1dxw0000gn/T/tmpbitmy6ch']
[2021-05-16 09:30:06,893] {standard_task_runner.py:77} INFO - Job 4996: Subtask print_hello
[2021-05-16 09:30:06,940] {logging_mixin.py:104} INFO - Running <TaskInstance: airflow_tutorial_v01.print_hello 2017-08-09T05:00:00+00:00 [running]> on host henrys-macbook-pro.local
[2021-05-16 09:30:06,978] {taskinstance.py:1281} INFO - Exporting the following env vars:
AIRFLOW_CTX_DAG_OWNER=me
AIRFLOW_CTX_DAG_ID=airflow_tutorial_v01
AIRFLOW_CTX_TASK_ID=print_hello
AIRFLOW_CTX_EXECUTION_DATE=2017-08-09T05:00:00+00:00
AIRFLOW_CTX_DAG_RUN_ID=scheduled__2017-08-09T05:00:00+00:00
[2021-05-16 09:30:06,980] {bash.py:135} INFO - Tmp dir root location: 
 /var/folders/tp/ft4rfkmn1kz3dyw8hlfz1dxw0000gn/T
[2021-05-16 09:30:06,981] {bash.py:158} INFO - Running command: echo "hello"
[2021-05-16 09:30:06,991] {bash.py:169} INFO - Output:
[2021-05-16 09:30:06,996] {bash.py:173} INFO - hello
[2021-05-16 09:30:06,997] {bash.py:177} INFO - Command exited with return code 0
[2021-05-16 09:30:07,015] {taskinstance.py:1185} INFO - Marking task as SUCCESS. dag_id=airflow_tutorial_v01, task_id=print_hello, execution_date=20170809T050000, start_date=20210516T083006, end_date=20210516T083007
[2021-05-16 09:30:07,036] {taskinstance.py:1246} INFO - 1 downstream tasks scheduled from follow-on schedule check
[2021-05-16 09:30:07,080] {local_task_job.py:146} INFO - Task exited with return code 0
