[2021-05-15 22:14:10,865] {taskinstance.py:877} INFO - Dependencies all met for <TaskInstance: airflow_tutorial_v01.sleep 2017-07-19T18:00:00+00:00 [queued]>
[2021-05-15 22:14:10,870] {taskinstance.py:877} INFO - Dependencies all met for <TaskInstance: airflow_tutorial_v01.sleep 2017-07-19T18:00:00+00:00 [queued]>
[2021-05-15 22:14:10,870] {taskinstance.py:1068} INFO - 
--------------------------------------------------------------------------------
[2021-05-15 22:14:10,870] {taskinstance.py:1069} INFO - Starting attempt 1 of 2
[2021-05-15 22:14:10,871] {taskinstance.py:1070} INFO - 
--------------------------------------------------------------------------------
[2021-05-15 22:14:10,875] {taskinstance.py:1089} INFO - Executing <Task(BashOperator): sleep> on 2017-07-19T18:00:00+00:00
[2021-05-15 22:14:10,878] {standard_task_runner.py:52} INFO - Started process 14420 to run task
[2021-05-15 22:14:10,883] {standard_task_runner.py:76} INFO - Running: ['airflow', 'tasks', 'run', 'airflow_tutorial_v01', 'sleep', '2017-07-19T18:00:00+00:00', '--job-id', '3525', '--pool', 'default_pool', '--raw', '--subdir', 'DAGS_FOLDER/Untitled.py', '--cfg-path', '/var/folders/tp/ft4rfkmn1kz3dyw8hlfz1dxw0000gn/T/tmpwf2m3zbm', '--error-file', '/var/folders/tp/ft4rfkmn1kz3dyw8hlfz1dxw0000gn/T/tmpe2y5t8o7']
[2021-05-15 22:14:10,884] {standard_task_runner.py:77} INFO - Job 3525: Subtask sleep
[2021-05-15 22:14:10,914] {logging_mixin.py:104} INFO - Running <TaskInstance: airflow_tutorial_v01.sleep 2017-07-19T18:00:00+00:00 [running]> on host 1.0.0.127.in-addr.arpa
[2021-05-15 22:14:10,937] {taskinstance.py:1281} INFO - Exporting the following env vars:
AIRFLOW_CTX_DAG_OWNER=me
AIRFLOW_CTX_DAG_ID=airflow_tutorial_v01
AIRFLOW_CTX_TASK_ID=sleep
AIRFLOW_CTX_EXECUTION_DATE=2017-07-19T18:00:00+00:00
AIRFLOW_CTX_DAG_RUN_ID=scheduled__2017-07-19T18:00:00+00:00
[2021-05-15 22:14:10,938] {bash.py:135} INFO - Tmp dir root location: 
 /var/folders/tp/ft4rfkmn1kz3dyw8hlfz1dxw0000gn/T
[2021-05-15 22:14:10,938] {bash.py:158} INFO - Running command: sleep 5
[2021-05-15 22:14:10,945] {bash.py:169} INFO - Output:
[2021-05-15 22:14:15,955] {bash.py:177} INFO - Command exited with return code 0
[2021-05-15 22:14:15,977] {taskinstance.py:1185} INFO - Marking task as SUCCESS. dag_id=airflow_tutorial_v01, task_id=sleep, execution_date=20170719T180000, start_date=20210515T211410, end_date=20210515T211415
[2021-05-15 22:14:15,993] {taskinstance.py:1246} INFO - 1 downstream tasks scheduled from follow-on schedule check
[2021-05-15 22:14:16,031] {local_task_job.py:146} INFO - Task exited with return code 0
