[2021-05-16 09:36:10,284] {taskinstance.py:877} INFO - Dependencies all met for <TaskInstance: airflow_tutorial_v01.sleep 2017-08-10T11:00:00+00:00 [queued]>
[2021-05-16 09:36:10,295] {taskinstance.py:877} INFO - Dependencies all met for <TaskInstance: airflow_tutorial_v01.sleep 2017-08-10T11:00:00+00:00 [queued]>
[2021-05-16 09:36:10,295] {taskinstance.py:1068} INFO - 
--------------------------------------------------------------------------------
[2021-05-16 09:36:10,295] {taskinstance.py:1069} INFO - Starting attempt 1 of 2
[2021-05-16 09:36:10,295] {taskinstance.py:1070} INFO - 
--------------------------------------------------------------------------------
[2021-05-16 09:36:10,305] {taskinstance.py:1089} INFO - Executing <Task(BashOperator): sleep> on 2017-08-10T11:00:00+00:00
[2021-05-16 09:36:10,309] {standard_task_runner.py:52} INFO - Started process 56713 to run task
[2021-05-16 09:36:10,320] {standard_task_runner.py:76} INFO - Running: ['airflow', 'tasks', 'run', 'airflow_tutorial_v01', 'sleep', '2017-08-10T11:00:00+00:00', '--job-id', '5090', '--pool', 'default_pool', '--raw', '--subdir', 'DAGS_FOLDER/Untitled.py', '--cfg-path', '/var/folders/tp/ft4rfkmn1kz3dyw8hlfz1dxw0000gn/T/tmp6xaufyu8', '--error-file', '/var/folders/tp/ft4rfkmn1kz3dyw8hlfz1dxw0000gn/T/tmp09ojllx7']
[2021-05-16 09:36:10,324] {standard_task_runner.py:77} INFO - Job 5090: Subtask sleep
[2021-05-16 09:36:10,382] {logging_mixin.py:104} INFO - Running <TaskInstance: airflow_tutorial_v01.sleep 2017-08-10T11:00:00+00:00 [running]> on host henrys-macbook-pro.local
[2021-05-16 09:36:10,434] {taskinstance.py:1281} INFO - Exporting the following env vars:
AIRFLOW_CTX_DAG_OWNER=me
AIRFLOW_CTX_DAG_ID=airflow_tutorial_v01
AIRFLOW_CTX_TASK_ID=sleep
AIRFLOW_CTX_EXECUTION_DATE=2017-08-10T11:00:00+00:00
AIRFLOW_CTX_DAG_RUN_ID=scheduled__2017-08-10T11:00:00+00:00
[2021-05-16 09:36:10,435] {bash.py:135} INFO - Tmp dir root location: 
 /var/folders/tp/ft4rfkmn1kz3dyw8hlfz1dxw0000gn/T
[2021-05-16 09:36:10,437] {bash.py:158} INFO - Running command: sleep 5
[2021-05-16 09:36:10,450] {bash.py:169} INFO - Output:
[2021-05-16 09:36:15,463] {bash.py:177} INFO - Command exited with return code 0
[2021-05-16 09:36:15,482] {taskinstance.py:1185} INFO - Marking task as SUCCESS. dag_id=airflow_tutorial_v01, task_id=sleep, execution_date=20170810T110000, start_date=20210516T083610, end_date=20210516T083615
[2021-05-16 09:36:15,501] {taskinstance.py:1246} INFO - 1 downstream tasks scheduled from follow-on schedule check
[2021-05-16 09:36:15,523] {local_task_job.py:146} INFO - Task exited with return code 0
