[2021-05-17 09:33:32,279] {taskinstance.py:877} INFO - Dependencies all met for <TaskInstance: matches_links.get_autumn_nations_cup_links 2021-04-24T10:00:00+00:00 [queued]>
[2021-05-17 09:33:32,283] {taskinstance.py:877} INFO - Dependencies all met for <TaskInstance: matches_links.get_autumn_nations_cup_links 2021-04-24T10:00:00+00:00 [queued]>
[2021-05-17 09:33:32,283] {taskinstance.py:1068} INFO - 
--------------------------------------------------------------------------------
[2021-05-17 09:33:32,284] {taskinstance.py:1069} INFO - Starting attempt 10 of 10
[2021-05-17 09:33:32,284] {taskinstance.py:1070} INFO - 
--------------------------------------------------------------------------------
[2021-05-17 09:33:32,289] {taskinstance.py:1089} INFO - Executing <Task(BashOperator): get_autumn_nations_cup_links> on 2021-04-24T10:00:00+00:00
[2021-05-17 09:33:32,291] {standard_task_runner.py:52} INFO - Started process 25515 to run task
[2021-05-17 09:33:32,297] {standard_task_runner.py:76} INFO - Running: ['airflow', 'tasks', 'run', 'matches_links', 'get_autumn_nations_cup_links', '2021-04-24T10:00:00+00:00', '--job-id', '17', '--pool', 'default_pool', '--raw', '--subdir', 'DAGS_FOLDER/matches_links/matches_links.py', '--cfg-path', '/var/folders/tp/ft4rfkmn1kz3dyw8hlfz1dxw0000gn/T/tmp0h0gop_c', '--error-file', '/var/folders/tp/ft4rfkmn1kz3dyw8hlfz1dxw0000gn/T/tmpigvlxml0']
[2021-05-17 09:33:32,299] {standard_task_runner.py:77} INFO - Job 17: Subtask get_autumn_nations_cup_links
[2021-05-17 09:33:32,332] {logging_mixin.py:104} INFO - Running <TaskInstance: matches_links.get_autumn_nations_cup_links 2021-04-24T10:00:00+00:00 [running]> on host 1.0.0.127.in-addr.arpa
[2021-05-17 09:33:32,362] {taskinstance.py:1281} INFO - Exporting the following env vars:
AIRFLOW_CTX_DAG_OWNER=me
AIRFLOW_CTX_DAG_ID=matches_links
AIRFLOW_CTX_TASK_ID=get_autumn_nations_cup_links
AIRFLOW_CTX_EXECUTION_DATE=2021-04-24T10:00:00+00:00
AIRFLOW_CTX_DAG_RUN_ID=backfill__2021-04-24T10:00:00+00:00
[2021-05-17 09:33:32,363] {bash.py:135} INFO - Tmp dir root location: 
 /var/folders/tp/ft4rfkmn1kz3dyw8hlfz1dxw0000gn/T
[2021-05-17 09:33:32,364] {bash.py:158} INFO - Running command: Rscript /Users/harry/rugby_data_project_airflow/R/scripts/create_matches_table.R  https://www.rugbypass.com/autumn-nations-cup/matches/ 2021-04-24
[2021-05-17 09:33:32,373] {bash.py:169} INFO - Output:
[2021-05-17 09:33:33,659] {bash.py:173} INFO - ── Attaching packages ─────────────────────────────────────── tidyverse 1.3.0 ──
[2021-05-17 09:33:33,663] {bash.py:173} INFO - ✔ ggplot2 3.3.3     ✔ purrr   0.3.3
[2021-05-17 09:33:33,664] {bash.py:173} INFO - ✔ tibble  3.0.4     ✔ dplyr   1.0.2
[2021-05-17 09:33:33,664] {bash.py:173} INFO - ✔ tidyr   1.1.2     ✔ stringr 1.4.0
[2021-05-17 09:33:33,665] {bash.py:173} INFO - ✔ readr   1.3.1     ✔ forcats 0.5.0
[2021-05-17 09:33:33,739] {bash.py:173} INFO - ── Conflicts ────────────────────────────────────────── tidyverse_conflicts() ──
[2021-05-17 09:33:33,739] {bash.py:173} INFO - ✖ dplyr::filter() masks stats::filter()
[2021-05-17 09:33:33,740] {bash.py:173} INFO - ✖ dplyr::lag()    masks stats::lag()
[2021-05-17 09:33:33,746] {bash.py:173} INFO - 
[2021-05-17 09:33:33,746] {bash.py:173} INFO - Attaching package: ‘lubridate’
[2021-05-17 09:33:33,746] {bash.py:173} INFO - 
[2021-05-17 09:33:33,747] {bash.py:173} INFO - The following objects are masked from ‘package:base’:
[2021-05-17 09:33:33,747] {bash.py:173} INFO - 
[2021-05-17 09:33:33,747] {bash.py:173} INFO -     date, intersect, setdiff, union
[2021-05-17 09:33:33,747] {bash.py:173} INFO - 
[2021-05-17 09:33:33,751] {bash.py:173} INFO - Warning message:
[2021-05-17 09:33:33,751] {bash.py:173} INFO - All formats failed to parse. No formats found.
[2021-05-17 09:33:33,752] {bash.py:173} INFO - [1] NA
[2021-05-17 09:33:33,769] {bash.py:177} INFO - Command exited with return code 0
[2021-05-17 09:33:33,779] {taskinstance.py:1185} INFO - Marking task as SUCCESS. dag_id=matches_links, task_id=get_autumn_nations_cup_links, execution_date=20210424T100000, start_date=20210517T083332, end_date=20210517T083333
[2021-05-17 09:33:33,789] {taskinstance.py:1246} INFO - 0 downstream tasks scheduled from follow-on schedule check
[2021-05-17 09:33:33,803] {local_task_job.py:146} INFO - Task exited with return code 0
