[2021-05-15 22:41:11,452] {taskinstance.py:877} INFO - Dependencies all met for <TaskInstance: airflow_tutorial_v01.sleep 2017-07-26T23:00:00+00:00 [queued]>
[2021-05-15 22:41:11,460] {taskinstance.py:877} INFO - Dependencies all met for <TaskInstance: airflow_tutorial_v01.sleep 2017-07-26T23:00:00+00:00 [queued]>
[2021-05-15 22:41:11,460] {taskinstance.py:1068} INFO - 
--------------------------------------------------------------------------------
[2021-05-15 22:41:11,460] {taskinstance.py:1069} INFO - Starting attempt 1 of 2
[2021-05-15 22:41:11,460] {taskinstance.py:1070} INFO - 
--------------------------------------------------------------------------------
[2021-05-15 22:41:11,468] {taskinstance.py:1089} INFO - Executing <Task(BashOperator): sleep> on 2017-07-26T23:00:00+00:00
[2021-05-15 22:41:11,471] {standard_task_runner.py:52} INFO - Started process 27381 to run task
[2021-05-15 22:41:11,478] {standard_task_runner.py:76} INFO - Running: ['airflow', 'tasks', 'run', 'airflow_tutorial_v01', 'sleep', '2017-07-26T23:00:00+00:00', '--job-id', '4045', '--pool', 'default_pool', '--raw', '--subdir', 'DAGS_FOLDER/Untitled.py', '--cfg-path', '/var/folders/tp/ft4rfkmn1kz3dyw8hlfz1dxw0000gn/T/tmpzoclc1zi', '--error-file', '/var/folders/tp/ft4rfkmn1kz3dyw8hlfz1dxw0000gn/T/tmp9n6ohcoa']
[2021-05-15 22:41:11,479] {standard_task_runner.py:77} INFO - Job 4045: Subtask sleep
[2021-05-15 22:41:11,515] {logging_mixin.py:104} INFO - Running <TaskInstance: airflow_tutorial_v01.sleep 2017-07-26T23:00:00+00:00 [running]> on host 1.0.0.127.in-addr.arpa
[2021-05-15 22:41:11,543] {taskinstance.py:1281} INFO - Exporting the following env vars:
AIRFLOW_CTX_DAG_OWNER=me
AIRFLOW_CTX_DAG_ID=airflow_tutorial_v01
AIRFLOW_CTX_TASK_ID=sleep
AIRFLOW_CTX_EXECUTION_DATE=2017-07-26T23:00:00+00:00
AIRFLOW_CTX_DAG_RUN_ID=scheduled__2017-07-26T23:00:00+00:00
[2021-05-15 22:41:11,544] {bash.py:135} INFO - Tmp dir root location: 
 /var/folders/tp/ft4rfkmn1kz3dyw8hlfz1dxw0000gn/T
[2021-05-15 22:41:11,545] {bash.py:158} INFO - Running command: sleep 5
[2021-05-15 22:41:11,553] {bash.py:169} INFO - Output:
[2021-05-15 22:41:16,562] {bash.py:177} INFO - Command exited with return code 0
[2021-05-15 22:41:16,586] {taskinstance.py:1185} INFO - Marking task as SUCCESS. dag_id=airflow_tutorial_v01, task_id=sleep, execution_date=20170726T230000, start_date=20210515T214111, end_date=20210515T214116
[2021-05-15 22:41:16,602] {taskinstance.py:1246} INFO - 1 downstream tasks scheduled from follow-on schedule check
[2021-05-15 22:41:16,645] {local_task_job.py:146} INFO - Task exited with return code 0
