[2021-05-15 21:40:18,268] {taskinstance.py:877} INFO - Dependencies all met for <TaskInstance: airflow_tutorial_v01.print_world 2017-07-10T11:00:00+00:00 [queued]>
[2021-05-15 21:40:18,273] {taskinstance.py:877} INFO - Dependencies all met for <TaskInstance: airflow_tutorial_v01.print_world 2017-07-10T11:00:00+00:00 [queued]>
[2021-05-15 21:40:18,273] {taskinstance.py:1068} INFO - 
--------------------------------------------------------------------------------
[2021-05-15 21:40:18,273] {taskinstance.py:1069} INFO - Starting attempt 1 of 2
[2021-05-15 21:40:18,273] {taskinstance.py:1070} INFO - 
--------------------------------------------------------------------------------
[2021-05-15 21:40:18,278] {taskinstance.py:1089} INFO - Executing <Task(PythonOperator): print_world> on 2017-07-10T11:00:00+00:00
[2021-05-15 21:40:18,280] {standard_task_runner.py:52} INFO - Started process 97151 to run task
[2021-05-15 21:40:18,285] {standard_task_runner.py:76} INFO - Running: ['airflow', 'tasks', 'run', 'airflow_tutorial_v01', 'print_world', '2017-07-10T11:00:00+00:00', '--job-id', '2860', '--pool', 'default_pool', '--raw', '--subdir', 'DAGS_FOLDER/Untitled.py', '--cfg-path', '/var/folders/tp/ft4rfkmn1kz3dyw8hlfz1dxw0000gn/T/tmp1c1pi_go', '--error-file', '/var/folders/tp/ft4rfkmn1kz3dyw8hlfz1dxw0000gn/T/tmpvea3nw8g']
[2021-05-15 21:40:18,287] {standard_task_runner.py:77} INFO - Job 2860: Subtask print_world
[2021-05-15 21:40:18,314] {logging_mixin.py:104} INFO - Running <TaskInstance: airflow_tutorial_v01.print_world 2017-07-10T11:00:00+00:00 [running]> on host 1.0.0.127.in-addr.arpa
[2021-05-15 21:40:18,334] {taskinstance.py:1281} INFO - Exporting the following env vars:
AIRFLOW_CTX_DAG_OWNER=me
AIRFLOW_CTX_DAG_ID=airflow_tutorial_v01
AIRFLOW_CTX_TASK_ID=print_world
AIRFLOW_CTX_EXECUTION_DATE=2017-07-10T11:00:00+00:00
AIRFLOW_CTX_DAG_RUN_ID=scheduled__2017-07-10T11:00:00+00:00
[2021-05-15 21:40:18,335] {logging_mixin.py:104} INFO - world
[2021-05-15 21:40:18,336] {python.py:118} INFO - Done. Returned value was: None
[2021-05-15 21:40:18,339] {taskinstance.py:1185} INFO - Marking task as SUCCESS. dag_id=airflow_tutorial_v01, task_id=print_world, execution_date=20170710T110000, start_date=20210515T204018, end_date=20210515T204018
[2021-05-15 21:40:18,348] {taskinstance.py:1246} INFO - 0 downstream tasks scheduled from follow-on schedule check
[2021-05-15 21:40:18,385] {local_task_job.py:146} INFO - Task exited with return code 0
