[2021-05-15 19:04:54,782] {taskinstance.py:877} INFO - Dependencies all met for <TaskInstance: airflow_tutorial_v01.sleep 2017-06-18T09:00:00+00:00 [queued]>
[2021-05-15 19:04:54,786] {taskinstance.py:877} INFO - Dependencies all met for <TaskInstance: airflow_tutorial_v01.sleep 2017-06-18T09:00:00+00:00 [queued]>
[2021-05-15 19:04:54,786] {taskinstance.py:1068} INFO - 
--------------------------------------------------------------------------------
[2021-05-15 19:04:54,786] {taskinstance.py:1069} INFO - Starting attempt 2 of 2
[2021-05-15 19:04:54,786] {taskinstance.py:1070} INFO - 
--------------------------------------------------------------------------------
[2021-05-15 19:04:54,792] {taskinstance.py:1089} INFO - Executing <Task(BashOperator): sleep> on 2017-06-18T09:00:00+00:00
[2021-05-15 19:04:54,793] {standard_task_runner.py:52} INFO - Started process 58956 to run task
[2021-05-15 19:04:54,799] {standard_task_runner.py:76} INFO - Running: ['airflow', 'tasks', 'run', 'airflow_tutorial_v01', 'sleep', '2017-06-18T09:00:00+00:00', '--job-id', '1364', '--pool', 'default_pool', '--raw', '--subdir', 'DAGS_FOLDER/Untitled.py', '--cfg-path', '/var/folders/tp/ft4rfkmn1kz3dyw8hlfz1dxw0000gn/T/tmpf45yl3gx', '--error-file', '/var/folders/tp/ft4rfkmn1kz3dyw8hlfz1dxw0000gn/T/tmp5c_8tbc_']
[2021-05-15 19:04:54,800] {standard_task_runner.py:77} INFO - Job 1364: Subtask sleep
[2021-05-15 19:04:54,828] {logging_mixin.py:104} INFO - Running <TaskInstance: airflow_tutorial_v01.sleep 2017-06-18T09:00:00+00:00 [running]> on host 1.0.0.127.in-addr.arpa
[2021-05-15 19:04:54,850] {taskinstance.py:1281} INFO - Exporting the following env vars:
AIRFLOW_CTX_DAG_OWNER=me
AIRFLOW_CTX_DAG_ID=airflow_tutorial_v01
AIRFLOW_CTX_TASK_ID=sleep
AIRFLOW_CTX_EXECUTION_DATE=2017-06-18T09:00:00+00:00
AIRFLOW_CTX_DAG_RUN_ID=scheduled__2017-06-18T09:00:00+00:00
[2021-05-15 19:04:54,850] {bash.py:135} INFO - Tmp dir root location: 
 /var/folders/tp/ft4rfkmn1kz3dyw8hlfz1dxw0000gn/T
[2021-05-15 19:04:54,851] {bash.py:158} INFO - Running command: sleep 5
[2021-05-15 19:04:54,858] {bash.py:169} INFO - Output:
[2021-05-15 19:04:59,861] {bash.py:177} INFO - Command exited with return code 0
[2021-05-15 19:04:59,882] {taskinstance.py:1185} INFO - Marking task as SUCCESS. dag_id=airflow_tutorial_v01, task_id=sleep, execution_date=20170618T090000, start_date=20210515T180454, end_date=20210515T180459
[2021-05-15 19:04:59,898] {taskinstance.py:1246} INFO - 1 downstream tasks scheduled from follow-on schedule check
[2021-05-15 19:04:59,932] {local_task_job.py:146} INFO - Task exited with return code 0
