[2021-05-15 21:38:24,723] {taskinstance.py:877} INFO - Dependencies all met for <TaskInstance: airflow_tutorial_v01.sleep 2017-07-10T00:00:00+00:00 [queued]>
[2021-05-15 21:38:24,728] {taskinstance.py:877} INFO - Dependencies all met for <TaskInstance: airflow_tutorial_v01.sleep 2017-07-10T00:00:00+00:00 [queued]>
[2021-05-15 21:38:24,729] {taskinstance.py:1068} INFO - 
--------------------------------------------------------------------------------
[2021-05-15 21:38:24,729] {taskinstance.py:1069} INFO - Starting attempt 1 of 2
[2021-05-15 21:38:24,729] {taskinstance.py:1070} INFO - 
--------------------------------------------------------------------------------
[2021-05-15 21:38:24,733] {taskinstance.py:1089} INFO - Executing <Task(BashOperator): sleep> on 2017-07-10T00:00:00+00:00
[2021-05-15 21:38:24,735] {standard_task_runner.py:52} INFO - Started process 96224 to run task
[2021-05-15 21:38:24,740] {standard_task_runner.py:76} INFO - Running: ['airflow', 'tasks', 'run', 'airflow_tutorial_v01', 'sleep', '2017-07-10T00:00:00+00:00', '--job-id', '2823', '--pool', 'default_pool', '--raw', '--subdir', 'DAGS_FOLDER/Untitled.py', '--cfg-path', '/var/folders/tp/ft4rfkmn1kz3dyw8hlfz1dxw0000gn/T/tmpdqt5j94h', '--error-file', '/var/folders/tp/ft4rfkmn1kz3dyw8hlfz1dxw0000gn/T/tmpa62wafwx']
[2021-05-15 21:38:24,742] {standard_task_runner.py:77} INFO - Job 2823: Subtask sleep
[2021-05-15 21:38:24,768] {logging_mixin.py:104} INFO - Running <TaskInstance: airflow_tutorial_v01.sleep 2017-07-10T00:00:00+00:00 [running]> on host 1.0.0.127.in-addr.arpa
[2021-05-15 21:38:24,790] {taskinstance.py:1281} INFO - Exporting the following env vars:
AIRFLOW_CTX_DAG_OWNER=me
AIRFLOW_CTX_DAG_ID=airflow_tutorial_v01
AIRFLOW_CTX_TASK_ID=sleep
AIRFLOW_CTX_EXECUTION_DATE=2017-07-10T00:00:00+00:00
AIRFLOW_CTX_DAG_RUN_ID=scheduled__2017-07-10T00:00:00+00:00
[2021-05-15 21:38:24,790] {bash.py:135} INFO - Tmp dir root location: 
 /var/folders/tp/ft4rfkmn1kz3dyw8hlfz1dxw0000gn/T
[2021-05-15 21:38:24,791] {bash.py:158} INFO - Running command: sleep 5
[2021-05-15 21:38:24,797] {bash.py:169} INFO - Output:
[2021-05-15 21:38:29,805] {bash.py:177} INFO - Command exited with return code 0
[2021-05-15 21:38:29,820] {taskinstance.py:1185} INFO - Marking task as SUCCESS. dag_id=airflow_tutorial_v01, task_id=sleep, execution_date=20170710T000000, start_date=20210515T203824, end_date=20210515T203829
[2021-05-15 21:38:29,834] {taskinstance.py:1246} INFO - 1 downstream tasks scheduled from follow-on schedule check
[2021-05-15 21:38:29,864] {local_task_job.py:146} INFO - Task exited with return code 0
