[2021-05-15 21:38:59,385] {taskinstance.py:877} INFO - Dependencies all met for <TaskInstance: airflow_tutorial_v01.print_hello 2017-07-10T05:00:00+00:00 [queued]>
[2021-05-15 21:38:59,390] {taskinstance.py:877} INFO - Dependencies all met for <TaskInstance: airflow_tutorial_v01.print_hello 2017-07-10T05:00:00+00:00 [queued]>
[2021-05-15 21:38:59,391] {taskinstance.py:1068} INFO - 
--------------------------------------------------------------------------------
[2021-05-15 21:38:59,391] {taskinstance.py:1069} INFO - Starting attempt 1 of 2
[2021-05-15 21:38:59,391] {taskinstance.py:1070} INFO - 
--------------------------------------------------------------------------------
[2021-05-15 21:38:59,396] {taskinstance.py:1089} INFO - Executing <Task(BashOperator): print_hello> on 2017-07-10T05:00:00+00:00
[2021-05-15 21:38:59,398] {standard_task_runner.py:52} INFO - Started process 96512 to run task
[2021-05-15 21:38:59,404] {standard_task_runner.py:76} INFO - Running: ['airflow', 'tasks', 'run', 'airflow_tutorial_v01', 'print_hello', '2017-07-10T05:00:00+00:00', '--job-id', '2834', '--pool', 'default_pool', '--raw', '--subdir', 'DAGS_FOLDER/Untitled.py', '--cfg-path', '/var/folders/tp/ft4rfkmn1kz3dyw8hlfz1dxw0000gn/T/tmpyk5lqe1w', '--error-file', '/var/folders/tp/ft4rfkmn1kz3dyw8hlfz1dxw0000gn/T/tmp9w_3s0p8']
[2021-05-15 21:38:59,405] {standard_task_runner.py:77} INFO - Job 2834: Subtask print_hello
[2021-05-15 21:38:59,432] {logging_mixin.py:104} INFO - Running <TaskInstance: airflow_tutorial_v01.print_hello 2017-07-10T05:00:00+00:00 [running]> on host 1.0.0.127.in-addr.arpa
[2021-05-15 21:38:59,452] {taskinstance.py:1281} INFO - Exporting the following env vars:
AIRFLOW_CTX_DAG_OWNER=me
AIRFLOW_CTX_DAG_ID=airflow_tutorial_v01
AIRFLOW_CTX_TASK_ID=print_hello
AIRFLOW_CTX_EXECUTION_DATE=2017-07-10T05:00:00+00:00
AIRFLOW_CTX_DAG_RUN_ID=scheduled__2017-07-10T05:00:00+00:00
[2021-05-15 21:38:59,453] {bash.py:135} INFO - Tmp dir root location: 
 /var/folders/tp/ft4rfkmn1kz3dyw8hlfz1dxw0000gn/T
[2021-05-15 21:38:59,453] {bash.py:158} INFO - Running command: echo "hello"
[2021-05-15 21:38:59,459] {bash.py:169} INFO - Output:
[2021-05-15 21:38:59,462] {bash.py:173} INFO - hello
[2021-05-15 21:38:59,463] {bash.py:177} INFO - Command exited with return code 0
[2021-05-15 21:38:59,474] {taskinstance.py:1185} INFO - Marking task as SUCCESS. dag_id=airflow_tutorial_v01, task_id=print_hello, execution_date=20170710T050000, start_date=20210515T203859, end_date=20210515T203859
[2021-05-15 21:38:59,487] {taskinstance.py:1246} INFO - 1 downstream tasks scheduled from follow-on schedule check
[2021-05-15 21:38:59,501] {local_task_job.py:146} INFO - Task exited with return code 0
