[2021-05-15 21:15:00,547] {taskinstance.py:877} INFO - Dependencies all met for <TaskInstance: airflow_tutorial_v01.print_world 2017-07-03T12:00:00+00:00 [queued]>
[2021-05-15 21:15:00,552] {taskinstance.py:877} INFO - Dependencies all met for <TaskInstance: airflow_tutorial_v01.print_world 2017-07-03T12:00:00+00:00 [queued]>
[2021-05-15 21:15:00,552] {taskinstance.py:1068} INFO - 
--------------------------------------------------------------------------------
[2021-05-15 21:15:00,552] {taskinstance.py:1069} INFO - Starting attempt 1 of 2
[2021-05-15 21:15:00,552] {taskinstance.py:1070} INFO - 
--------------------------------------------------------------------------------
[2021-05-15 21:15:00,556] {taskinstance.py:1089} INFO - Executing <Task(PythonOperator): print_world> on 2017-07-03T12:00:00+00:00
[2021-05-15 21:15:00,558] {standard_task_runner.py:52} INFO - Started process 84458 to run task
[2021-05-15 21:15:00,564] {standard_task_runner.py:76} INFO - Running: ['airflow', 'tasks', 'run', 'airflow_tutorial_v01', 'print_world', '2017-07-03T12:00:00+00:00', '--job-id', '2358', '--pool', 'default_pool', '--raw', '--subdir', 'DAGS_FOLDER/Untitled.py', '--cfg-path', '/var/folders/tp/ft4rfkmn1kz3dyw8hlfz1dxw0000gn/T/tmplysn_2wn', '--error-file', '/var/folders/tp/ft4rfkmn1kz3dyw8hlfz1dxw0000gn/T/tmpmfu7k_wg']
[2021-05-15 21:15:00,566] {standard_task_runner.py:77} INFO - Job 2358: Subtask print_world
[2021-05-15 21:15:00,594] {logging_mixin.py:104} INFO - Running <TaskInstance: airflow_tutorial_v01.print_world 2017-07-03T12:00:00+00:00 [running]> on host henrys-macbook-pro.local
[2021-05-15 21:15:00,614] {taskinstance.py:1281} INFO - Exporting the following env vars:
AIRFLOW_CTX_DAG_OWNER=me
AIRFLOW_CTX_DAG_ID=airflow_tutorial_v01
AIRFLOW_CTX_TASK_ID=print_world
AIRFLOW_CTX_EXECUTION_DATE=2017-07-03T12:00:00+00:00
AIRFLOW_CTX_DAG_RUN_ID=scheduled__2017-07-03T12:00:00+00:00
[2021-05-15 21:15:00,614] {logging_mixin.py:104} INFO - world
[2021-05-15 21:15:00,615] {python.py:118} INFO - Done. Returned value was: None
[2021-05-15 21:15:00,619] {taskinstance.py:1185} INFO - Marking task as SUCCESS. dag_id=airflow_tutorial_v01, task_id=print_world, execution_date=20170703T120000, start_date=20210515T201500, end_date=20210515T201500
[2021-05-15 21:15:00,628] {taskinstance.py:1246} INFO - 0 downstream tasks scheduled from follow-on schedule check
[2021-05-15 21:15:00,660] {local_task_job.py:146} INFO - Task exited with return code 0
