[2021-05-15 21:32:50,794] {taskinstance.py:877} INFO - Dependencies all met for <TaskInstance: airflow_tutorial_v01.sleep 2017-07-08T12:00:00+00:00 [queued]>
[2021-05-15 21:32:50,801] {taskinstance.py:877} INFO - Dependencies all met for <TaskInstance: airflow_tutorial_v01.sleep 2017-07-08T12:00:00+00:00 [queued]>
[2021-05-15 21:32:50,802] {taskinstance.py:1068} INFO - 
--------------------------------------------------------------------------------
[2021-05-15 21:32:50,802] {taskinstance.py:1069} INFO - Starting attempt 1 of 2
[2021-05-15 21:32:50,802] {taskinstance.py:1070} INFO - 
--------------------------------------------------------------------------------
[2021-05-15 21:32:50,807] {taskinstance.py:1089} INFO - Executing <Task(BashOperator): sleep> on 2017-07-08T12:00:00+00:00
[2021-05-15 21:32:50,809] {standard_task_runner.py:52} INFO - Started process 93504 to run task
[2021-05-15 21:32:50,816] {standard_task_runner.py:76} INFO - Running: ['airflow', 'tasks', 'run', 'airflow_tutorial_v01', 'sleep', '2017-07-08T12:00:00+00:00', '--job-id', '2713', '--pool', 'default_pool', '--raw', '--subdir', 'DAGS_FOLDER/Untitled.py', '--cfg-path', '/var/folders/tp/ft4rfkmn1kz3dyw8hlfz1dxw0000gn/T/tmpryxcvr1b', '--error-file', '/var/folders/tp/ft4rfkmn1kz3dyw8hlfz1dxw0000gn/T/tmp30wawy88']
[2021-05-15 21:32:50,817] {standard_task_runner.py:77} INFO - Job 2713: Subtask sleep
[2021-05-15 21:32:50,855] {logging_mixin.py:104} INFO - Running <TaskInstance: airflow_tutorial_v01.sleep 2017-07-08T12:00:00+00:00 [running]> on host 1.0.0.127.in-addr.arpa
[2021-05-15 21:32:50,895] {taskinstance.py:1281} INFO - Exporting the following env vars:
AIRFLOW_CTX_DAG_OWNER=me
AIRFLOW_CTX_DAG_ID=airflow_tutorial_v01
AIRFLOW_CTX_TASK_ID=sleep
AIRFLOW_CTX_EXECUTION_DATE=2017-07-08T12:00:00+00:00
AIRFLOW_CTX_DAG_RUN_ID=scheduled__2017-07-08T12:00:00+00:00
[2021-05-15 21:32:50,895] {bash.py:135} INFO - Tmp dir root location: 
 /var/folders/tp/ft4rfkmn1kz3dyw8hlfz1dxw0000gn/T
[2021-05-15 21:32:50,896] {bash.py:158} INFO - Running command: sleep 5
[2021-05-15 21:32:50,904] {bash.py:169} INFO - Output:
[2021-05-15 21:32:55,915] {bash.py:177} INFO - Command exited with return code 0
[2021-05-15 21:32:55,937] {taskinstance.py:1185} INFO - Marking task as SUCCESS. dag_id=airflow_tutorial_v01, task_id=sleep, execution_date=20170708T120000, start_date=20210515T203250, end_date=20210515T203255
[2021-05-15 21:32:55,954] {taskinstance.py:1246} INFO - 1 downstream tasks scheduled from follow-on schedule check
[2021-05-15 21:32:55,993] {local_task_job.py:146} INFO - Task exited with return code 0
