[2021-05-15 17:40:58,733] {taskinstance.py:877} INFO - Dependencies all met for <TaskInstance: airflow_tutorial_v01.sleep 2017-06-02T18:00:00+00:00 [queued]>
[2021-05-15 17:40:58,737] {taskinstance.py:877} INFO - Dependencies all met for <TaskInstance: airflow_tutorial_v01.sleep 2017-06-02T18:00:00+00:00 [queued]>
[2021-05-15 17:40:58,738] {taskinstance.py:1068} INFO - 
--------------------------------------------------------------------------------
[2021-05-15 17:40:58,738] {taskinstance.py:1069} INFO - Starting attempt 1 of 2
[2021-05-15 17:40:58,738] {taskinstance.py:1070} INFO - 
--------------------------------------------------------------------------------
[2021-05-15 17:40:58,743] {taskinstance.py:1089} INFO - Executing <Task(BashOperator): sleep> on 2017-06-02T18:00:00+00:00
[2021-05-15 17:40:58,745] {standard_task_runner.py:52} INFO - Started process 27947 to run task
[2021-05-15 17:40:58,751] {standard_task_runner.py:76} INFO - Running: ['airflow', 'tasks', 'run', 'airflow_tutorial_v01', 'sleep', '2017-06-02T18:00:00+00:00', '--job-id', '131', '--pool', 'default_pool', '--raw', '--subdir', 'DAGS_FOLDER/Untitled.py', '--cfg-path', '/var/folders/tp/ft4rfkmn1kz3dyw8hlfz1dxw0000gn/T/tmp9r1b8jb2', '--error-file', '/var/folders/tp/ft4rfkmn1kz3dyw8hlfz1dxw0000gn/T/tmpmyhcskru']
[2021-05-15 17:40:58,752] {standard_task_runner.py:77} INFO - Job 131: Subtask sleep
[2021-05-15 17:40:58,784] {logging_mixin.py:104} INFO - Running <TaskInstance: airflow_tutorial_v01.sleep 2017-06-02T18:00:00+00:00 [running]> on host Henrys-MacBook-Pro.local
[2021-05-15 17:40:58,812] {taskinstance.py:1281} INFO - Exporting the following env vars:
AIRFLOW_CTX_DAG_OWNER=me
AIRFLOW_CTX_DAG_ID=airflow_tutorial_v01
AIRFLOW_CTX_TASK_ID=sleep
AIRFLOW_CTX_EXECUTION_DATE=2017-06-02T18:00:00+00:00
AIRFLOW_CTX_DAG_RUN_ID=scheduled__2017-06-02T18:00:00+00:00
[2021-05-15 17:40:58,813] {bash.py:135} INFO - Tmp dir root location: 
 /var/folders/tp/ft4rfkmn1kz3dyw8hlfz1dxw0000gn/T
[2021-05-15 17:40:58,813] {bash.py:158} INFO - Running command: sleep 5
[2021-05-15 17:40:58,820] {bash.py:169} INFO - Output:
[2021-05-15 17:41:03,832] {bash.py:177} INFO - Command exited with return code 0
[2021-05-15 17:41:03,850] {taskinstance.py:1185} INFO - Marking task as SUCCESS. dag_id=airflow_tutorial_v01, task_id=sleep, execution_date=20170602T180000, start_date=20210515T164058, end_date=20210515T164103
[2021-05-15 17:41:03,865] {taskinstance.py:1246} INFO - 1 downstream tasks scheduled from follow-on schedule check
[2021-05-15 17:41:03,884] {local_task_job.py:146} INFO - Task exited with return code 0
