[2021-05-15 21:59:50,756] {taskinstance.py:877} INFO - Dependencies all met for <TaskInstance: airflow_tutorial_v01.sleep 2017-07-15T21:00:00+00:00 [queued]>
[2021-05-15 21:59:50,761] {taskinstance.py:877} INFO - Dependencies all met for <TaskInstance: airflow_tutorial_v01.sleep 2017-07-15T21:00:00+00:00 [queued]>
[2021-05-15 21:59:50,762] {taskinstance.py:1068} INFO - 
--------------------------------------------------------------------------------
[2021-05-15 21:59:50,762] {taskinstance.py:1069} INFO - Starting attempt 1 of 2
[2021-05-15 21:59:50,762] {taskinstance.py:1070} INFO - 
--------------------------------------------------------------------------------
[2021-05-15 21:59:50,766] {taskinstance.py:1089} INFO - Executing <Task(BashOperator): sleep> on 2017-07-15T21:00:00+00:00
[2021-05-15 21:59:50,768] {standard_task_runner.py:52} INFO - Started process 7320 to run task
[2021-05-15 21:59:50,773] {standard_task_runner.py:76} INFO - Running: ['airflow', 'tasks', 'run', 'airflow_tutorial_v01', 'sleep', '2017-07-15T21:00:00+00:00', '--job-id', '3246', '--pool', 'default_pool', '--raw', '--subdir', 'DAGS_FOLDER/Untitled.py', '--cfg-path', '/var/folders/tp/ft4rfkmn1kz3dyw8hlfz1dxw0000gn/T/tmpjqow3l81', '--error-file', '/var/folders/tp/ft4rfkmn1kz3dyw8hlfz1dxw0000gn/T/tmpcfzy0v_a']
[2021-05-15 21:59:50,775] {standard_task_runner.py:77} INFO - Job 3246: Subtask sleep
[2021-05-15 21:59:50,803] {logging_mixin.py:104} INFO - Running <TaskInstance: airflow_tutorial_v01.sleep 2017-07-15T21:00:00+00:00 [running]> on host 1.0.0.0.0.0.0.0.0.0.0.0.0.0.0.0.0.0.0.0.0.0.0.0.0.0.0.0.0.0.0.0.ip6.arpa
[2021-05-15 21:59:50,823] {taskinstance.py:1281} INFO - Exporting the following env vars:
AIRFLOW_CTX_DAG_OWNER=me
AIRFLOW_CTX_DAG_ID=airflow_tutorial_v01
AIRFLOW_CTX_TASK_ID=sleep
AIRFLOW_CTX_EXECUTION_DATE=2017-07-15T21:00:00+00:00
AIRFLOW_CTX_DAG_RUN_ID=scheduled__2017-07-15T21:00:00+00:00
[2021-05-15 21:59:50,824] {bash.py:135} INFO - Tmp dir root location: 
 /var/folders/tp/ft4rfkmn1kz3dyw8hlfz1dxw0000gn/T
[2021-05-15 21:59:50,825] {bash.py:158} INFO - Running command: sleep 5
[2021-05-15 21:59:50,832] {bash.py:169} INFO - Output:
[2021-05-15 21:59:55,841] {bash.py:177} INFO - Command exited with return code 0
[2021-05-15 21:59:55,860] {taskinstance.py:1185} INFO - Marking task as SUCCESS. dag_id=airflow_tutorial_v01, task_id=sleep, execution_date=20170715T210000, start_date=20210515T205950, end_date=20210515T205955
[2021-05-15 21:59:55,874] {taskinstance.py:1246} INFO - 1 downstream tasks scheduled from follow-on schedule check
[2021-05-15 21:59:55,889] {local_task_job.py:146} INFO - Task exited with return code 0
