[2021-05-15 17:50:33,650] {taskinstance.py:877} INFO - Dependencies all met for <TaskInstance: airflow_tutorial_v01.sleep 2017-06-04T09:00:00+00:00 [queued]>
[2021-05-15 17:50:33,654] {taskinstance.py:877} INFO - Dependencies all met for <TaskInstance: airflow_tutorial_v01.sleep 2017-06-04T09:00:00+00:00 [queued]>
[2021-05-15 17:50:33,654] {taskinstance.py:1068} INFO - 
--------------------------------------------------------------------------------
[2021-05-15 17:50:33,654] {taskinstance.py:1069} INFO - Starting attempt 1 of 2
[2021-05-15 17:50:33,654] {taskinstance.py:1070} INFO - 
--------------------------------------------------------------------------------
[2021-05-15 17:50:33,659] {taskinstance.py:1089} INFO - Executing <Task(BashOperator): sleep> on 2017-06-04T09:00:00+00:00
[2021-05-15 17:50:33,661] {standard_task_runner.py:52} INFO - Started process 30936 to run task
[2021-05-15 17:50:33,667] {standard_task_runner.py:76} INFO - Running: ['airflow', 'tasks', 'run', 'airflow_tutorial_v01', 'sleep', '2017-06-04T09:00:00+00:00', '--job-id', '248', '--pool', 'default_pool', '--raw', '--subdir', 'DAGS_FOLDER/Untitled.py', '--cfg-path', '/var/folders/tp/ft4rfkmn1kz3dyw8hlfz1dxw0000gn/T/tmp9nzc24gc', '--error-file', '/var/folders/tp/ft4rfkmn1kz3dyw8hlfz1dxw0000gn/T/tmpuk6r50vg']
[2021-05-15 17:50:33,669] {standard_task_runner.py:77} INFO - Job 248: Subtask sleep
[2021-05-15 17:50:33,696] {logging_mixin.py:104} INFO - Running <TaskInstance: airflow_tutorial_v01.sleep 2017-06-04T09:00:00+00:00 [running]> on host 1.0.0.127.in-addr.arpa
[2021-05-15 17:50:33,718] {taskinstance.py:1281} INFO - Exporting the following env vars:
AIRFLOW_CTX_DAG_OWNER=me
AIRFLOW_CTX_DAG_ID=airflow_tutorial_v01
AIRFLOW_CTX_TASK_ID=sleep
AIRFLOW_CTX_EXECUTION_DATE=2017-06-04T09:00:00+00:00
AIRFLOW_CTX_DAG_RUN_ID=scheduled__2017-06-04T09:00:00+00:00
[2021-05-15 17:50:33,719] {bash.py:135} INFO - Tmp dir root location: 
 /var/folders/tp/ft4rfkmn1kz3dyw8hlfz1dxw0000gn/T
[2021-05-15 17:50:33,719] {bash.py:158} INFO - Running command: sleep 5
[2021-05-15 17:50:33,725] {bash.py:169} INFO - Output:
[2021-05-15 17:50:38,730] {bash.py:177} INFO - Command exited with return code 0
[2021-05-15 17:50:38,750] {taskinstance.py:1185} INFO - Marking task as SUCCESS. dag_id=airflow_tutorial_v01, task_id=sleep, execution_date=20170604T090000, start_date=20210515T165033, end_date=20210515T165038
[2021-05-15 17:50:38,765] {taskinstance.py:1246} INFO - 1 downstream tasks scheduled from follow-on schedule check
[2021-05-15 17:50:38,797] {local_task_job.py:146} INFO - Task exited with return code 0
