[2021-05-15 22:01:37,646] {taskinstance.py:877} INFO - Dependencies all met for <TaskInstance: airflow_tutorial_v01.print_hello 2017-07-16T10:00:00+00:00 [queued]>
[2021-05-15 22:01:37,651] {taskinstance.py:877} INFO - Dependencies all met for <TaskInstance: airflow_tutorial_v01.print_hello 2017-07-16T10:00:00+00:00 [queued]>
[2021-05-15 22:01:37,651] {taskinstance.py:1068} INFO - 
--------------------------------------------------------------------------------
[2021-05-15 22:01:37,651] {taskinstance.py:1069} INFO - Starting attempt 1 of 2
[2021-05-15 22:01:37,651] {taskinstance.py:1070} INFO - 
--------------------------------------------------------------------------------
[2021-05-15 22:01:37,656] {taskinstance.py:1089} INFO - Executing <Task(BashOperator): print_hello> on 2017-07-16T10:00:00+00:00
[2021-05-15 22:01:37,658] {standard_task_runner.py:52} INFO - Started process 8223 to run task
[2021-05-15 22:01:37,663] {standard_task_runner.py:76} INFO - Running: ['airflow', 'tasks', 'run', 'airflow_tutorial_v01', 'print_hello', '2017-07-16T10:00:00+00:00', '--job-id', '3281', '--pool', 'default_pool', '--raw', '--subdir', 'DAGS_FOLDER/Untitled.py', '--cfg-path', '/var/folders/tp/ft4rfkmn1kz3dyw8hlfz1dxw0000gn/T/tmpb39zh7rg', '--error-file', '/var/folders/tp/ft4rfkmn1kz3dyw8hlfz1dxw0000gn/T/tmp3lhwatt2']
[2021-05-15 22:01:37,665] {standard_task_runner.py:77} INFO - Job 3281: Subtask print_hello
[2021-05-15 22:01:37,693] {logging_mixin.py:104} INFO - Running <TaskInstance: airflow_tutorial_v01.print_hello 2017-07-16T10:00:00+00:00 [running]> on host 1.0.0.0.0.0.0.0.0.0.0.0.0.0.0.0.0.0.0.0.0.0.0.0.0.0.0.0.0.0.0.0.ip6.arpa
[2021-05-15 22:01:37,714] {taskinstance.py:1281} INFO - Exporting the following env vars:
AIRFLOW_CTX_DAG_OWNER=me
AIRFLOW_CTX_DAG_ID=airflow_tutorial_v01
AIRFLOW_CTX_TASK_ID=print_hello
AIRFLOW_CTX_EXECUTION_DATE=2017-07-16T10:00:00+00:00
AIRFLOW_CTX_DAG_RUN_ID=scheduled__2017-07-16T10:00:00+00:00
[2021-05-15 22:01:37,714] {bash.py:135} INFO - Tmp dir root location: 
 /var/folders/tp/ft4rfkmn1kz3dyw8hlfz1dxw0000gn/T
[2021-05-15 22:01:37,715] {bash.py:158} INFO - Running command: echo "hello"
[2021-05-15 22:01:37,722] {bash.py:169} INFO - Output:
[2021-05-15 22:01:37,724] {bash.py:173} INFO - hello
[2021-05-15 22:01:37,725] {bash.py:177} INFO - Command exited with return code 0
[2021-05-15 22:01:37,735] {taskinstance.py:1185} INFO - Marking task as SUCCESS. dag_id=airflow_tutorial_v01, task_id=print_hello, execution_date=20170716T100000, start_date=20210515T210137, end_date=20210515T210137
[2021-05-15 22:01:37,747] {taskinstance.py:1246} INFO - 1 downstream tasks scheduled from follow-on schedule check
[2021-05-15 22:01:37,762] {local_task_job.py:146} INFO - Task exited with return code 0
