[2021-05-15 23:00:52,983] {taskinstance.py:877} INFO - Dependencies all met for <TaskInstance: airflow_tutorial_v01.print_hello 2017-08-01T00:00:00+00:00 [queued]>
[2021-05-15 23:00:52,988] {taskinstance.py:877} INFO - Dependencies all met for <TaskInstance: airflow_tutorial_v01.print_hello 2017-08-01T00:00:00+00:00 [queued]>
[2021-05-15 23:00:52,988] {taskinstance.py:1068} INFO - 
--------------------------------------------------------------------------------
[2021-05-15 23:00:52,988] {taskinstance.py:1069} INFO - Starting attempt 1 of 2
[2021-05-15 23:00:52,988] {taskinstance.py:1070} INFO - 
--------------------------------------------------------------------------------
[2021-05-15 23:00:52,993] {taskinstance.py:1089} INFO - Executing <Task(BashOperator): print_hello> on 2017-08-01T00:00:00+00:00
[2021-05-15 23:00:52,995] {standard_task_runner.py:52} INFO - Started process 36414 to run task
[2021-05-15 23:00:53,000] {standard_task_runner.py:76} INFO - Running: ['airflow', 'tasks', 'run', 'airflow_tutorial_v01', 'print_hello', '2017-08-01T00:00:00+00:00', '--job-id', '4404', '--pool', 'default_pool', '--raw', '--subdir', 'DAGS_FOLDER/Untitled.py', '--cfg-path', '/var/folders/tp/ft4rfkmn1kz3dyw8hlfz1dxw0000gn/T/tmpum_vn8q_', '--error-file', '/var/folders/tp/ft4rfkmn1kz3dyw8hlfz1dxw0000gn/T/tmp3t3xu505']
[2021-05-15 23:00:53,002] {standard_task_runner.py:77} INFO - Job 4404: Subtask print_hello
[2021-05-15 23:00:53,029] {logging_mixin.py:104} INFO - Running <TaskInstance: airflow_tutorial_v01.print_hello 2017-08-01T00:00:00+00:00 [running]> on host henrys-macbook-pro.local
[2021-05-15 23:00:53,051] {taskinstance.py:1281} INFO - Exporting the following env vars:
AIRFLOW_CTX_DAG_OWNER=me
AIRFLOW_CTX_DAG_ID=airflow_tutorial_v01
AIRFLOW_CTX_TASK_ID=print_hello
AIRFLOW_CTX_EXECUTION_DATE=2017-08-01T00:00:00+00:00
AIRFLOW_CTX_DAG_RUN_ID=scheduled__2017-08-01T00:00:00+00:00
[2021-05-15 23:00:53,051] {bash.py:135} INFO - Tmp dir root location: 
 /var/folders/tp/ft4rfkmn1kz3dyw8hlfz1dxw0000gn/T
[2021-05-15 23:00:53,052] {bash.py:158} INFO - Running command: echo "hello"
[2021-05-15 23:00:53,058] {bash.py:169} INFO - Output:
[2021-05-15 23:00:53,060] {bash.py:173} INFO - hello
[2021-05-15 23:00:53,061] {bash.py:177} INFO - Command exited with return code 0
[2021-05-15 23:00:53,072] {taskinstance.py:1185} INFO - Marking task as SUCCESS. dag_id=airflow_tutorial_v01, task_id=print_hello, execution_date=20170801T000000, start_date=20210515T220052, end_date=20210515T220053
[2021-05-15 23:00:53,085] {taskinstance.py:1246} INFO - 1 downstream tasks scheduled from follow-on schedule check
[2021-05-15 23:00:53,112] {local_task_job.py:146} INFO - Task exited with return code 0
