[2021-05-15 21:44:03,394] {taskinstance.py:877} INFO - Dependencies all met for <TaskInstance: airflow_tutorial_v01.print_world 2017-07-11T12:00:00+00:00 [queued]>
[2021-05-15 21:44:03,398] {taskinstance.py:877} INFO - Dependencies all met for <TaskInstance: airflow_tutorial_v01.print_world 2017-07-11T12:00:00+00:00 [queued]>
[2021-05-15 21:44:03,398] {taskinstance.py:1068} INFO - 
--------------------------------------------------------------------------------
[2021-05-15 21:44:03,398] {taskinstance.py:1069} INFO - Starting attempt 1 of 2
[2021-05-15 21:44:03,398] {taskinstance.py:1070} INFO - 
--------------------------------------------------------------------------------
[2021-05-15 21:44:03,403] {taskinstance.py:1089} INFO - Executing <Task(PythonOperator): print_world> on 2017-07-11T12:00:00+00:00
[2021-05-15 21:44:03,405] {standard_task_runner.py:52} INFO - Started process 98967 to run task
[2021-05-15 21:44:03,411] {standard_task_runner.py:76} INFO - Running: ['airflow', 'tasks', 'run', 'airflow_tutorial_v01', 'print_world', '2017-07-11T12:00:00+00:00', '--job-id', '2935', '--pool', 'default_pool', '--raw', '--subdir', 'DAGS_FOLDER/Untitled.py', '--cfg-path', '/var/folders/tp/ft4rfkmn1kz3dyw8hlfz1dxw0000gn/T/tmp0nwh21dc', '--error-file', '/var/folders/tp/ft4rfkmn1kz3dyw8hlfz1dxw0000gn/T/tmp1h8sf60w']
[2021-05-15 21:44:03,413] {standard_task_runner.py:77} INFO - Job 2935: Subtask print_world
[2021-05-15 21:44:03,441] {logging_mixin.py:104} INFO - Running <TaskInstance: airflow_tutorial_v01.print_world 2017-07-11T12:00:00+00:00 [running]> on host 1.0.0.127.in-addr.arpa
[2021-05-15 21:44:03,461] {taskinstance.py:1281} INFO - Exporting the following env vars:
AIRFLOW_CTX_DAG_OWNER=me
AIRFLOW_CTX_DAG_ID=airflow_tutorial_v01
AIRFLOW_CTX_TASK_ID=print_world
AIRFLOW_CTX_EXECUTION_DATE=2017-07-11T12:00:00+00:00
AIRFLOW_CTX_DAG_RUN_ID=scheduled__2017-07-11T12:00:00+00:00
[2021-05-15 21:44:03,462] {logging_mixin.py:104} INFO - world
[2021-05-15 21:44:03,462] {python.py:118} INFO - Done. Returned value was: None
[2021-05-15 21:44:03,466] {taskinstance.py:1185} INFO - Marking task as SUCCESS. dag_id=airflow_tutorial_v01, task_id=print_world, execution_date=20170711T120000, start_date=20210515T204403, end_date=20210515T204403
[2021-05-15 21:44:03,475] {taskinstance.py:1246} INFO - 0 downstream tasks scheduled from follow-on schedule check
[2021-05-15 21:44:03,512] {local_task_job.py:146} INFO - Task exited with return code 0
