[2021-05-15 21:22:43,403] {taskinstance.py:877} INFO - Dependencies all met for <TaskInstance: airflow_tutorial_v01.sleep 2017-07-05T17:00:00+00:00 [queued]>
[2021-05-15 21:22:43,408] {taskinstance.py:877} INFO - Dependencies all met for <TaskInstance: airflow_tutorial_v01.sleep 2017-07-05T17:00:00+00:00 [queued]>
[2021-05-15 21:22:43,408] {taskinstance.py:1068} INFO - 
--------------------------------------------------------------------------------
[2021-05-15 21:22:43,408] {taskinstance.py:1069} INFO - Starting attempt 1 of 2
[2021-05-15 21:22:43,408] {taskinstance.py:1070} INFO - 
--------------------------------------------------------------------------------
[2021-05-15 21:22:43,413] {taskinstance.py:1089} INFO - Executing <Task(BashOperator): sleep> on 2017-07-05T17:00:00+00:00
[2021-05-15 21:22:43,414] {standard_task_runner.py:52} INFO - Started process 88354 to run task
[2021-05-15 21:22:43,420] {standard_task_runner.py:76} INFO - Running: ['airflow', 'tasks', 'run', 'airflow_tutorial_v01', 'sleep', '2017-07-05T17:00:00+00:00', '--job-id', '2513', '--pool', 'default_pool', '--raw', '--subdir', 'DAGS_FOLDER/Untitled.py', '--cfg-path', '/var/folders/tp/ft4rfkmn1kz3dyw8hlfz1dxw0000gn/T/tmpg97qldws', '--error-file', '/var/folders/tp/ft4rfkmn1kz3dyw8hlfz1dxw0000gn/T/tmpfo577x2u']
[2021-05-15 21:22:43,422] {standard_task_runner.py:77} INFO - Job 2513: Subtask sleep
[2021-05-15 21:22:43,449] {logging_mixin.py:104} INFO - Running <TaskInstance: airflow_tutorial_v01.sleep 2017-07-05T17:00:00+00:00 [running]> on host henrys-macbook-pro.local
[2021-05-15 21:22:43,471] {taskinstance.py:1281} INFO - Exporting the following env vars:
AIRFLOW_CTX_DAG_OWNER=me
AIRFLOW_CTX_DAG_ID=airflow_tutorial_v01
AIRFLOW_CTX_TASK_ID=sleep
AIRFLOW_CTX_EXECUTION_DATE=2017-07-05T17:00:00+00:00
AIRFLOW_CTX_DAG_RUN_ID=scheduled__2017-07-05T17:00:00+00:00
[2021-05-15 21:22:43,472] {bash.py:135} INFO - Tmp dir root location: 
 /var/folders/tp/ft4rfkmn1kz3dyw8hlfz1dxw0000gn/T
[2021-05-15 21:22:43,473] {bash.py:158} INFO - Running command: sleep 5
[2021-05-15 21:22:43,479] {bash.py:169} INFO - Output:
[2021-05-15 21:22:48,487] {bash.py:177} INFO - Command exited with return code 0
[2021-05-15 21:22:48,510] {taskinstance.py:1185} INFO - Marking task as SUCCESS. dag_id=airflow_tutorial_v01, task_id=sleep, execution_date=20170705T170000, start_date=20210515T202243, end_date=20210515T202248
[2021-05-15 21:22:48,525] {taskinstance.py:1246} INFO - 1 downstream tasks scheduled from follow-on schedule check
[2021-05-15 21:22:48,571] {local_task_job.py:146} INFO - Task exited with return code 0
