[2021-05-15 21:24:38,025] {taskinstance.py:877} INFO - Dependencies all met for <TaskInstance: airflow_tutorial_v01.print_world 2017-07-06T04:00:00+00:00 [queued]>
[2021-05-15 21:24:38,029] {taskinstance.py:877} INFO - Dependencies all met for <TaskInstance: airflow_tutorial_v01.print_world 2017-07-06T04:00:00+00:00 [queued]>
[2021-05-15 21:24:38,030] {taskinstance.py:1068} INFO - 
--------------------------------------------------------------------------------
[2021-05-15 21:24:38,030] {taskinstance.py:1069} INFO - Starting attempt 1 of 2
[2021-05-15 21:24:38,030] {taskinstance.py:1070} INFO - 
--------------------------------------------------------------------------------
[2021-05-15 21:24:38,036] {taskinstance.py:1089} INFO - Executing <Task(PythonOperator): print_world> on 2017-07-06T04:00:00+00:00
[2021-05-15 21:24:38,037] {standard_task_runner.py:52} INFO - Started process 89297 to run task
[2021-05-15 21:24:38,044] {standard_task_runner.py:76} INFO - Running: ['airflow', 'tasks', 'run', 'airflow_tutorial_v01', 'print_world', '2017-07-06T04:00:00+00:00', '--job-id', '2550', '--pool', 'default_pool', '--raw', '--subdir', 'DAGS_FOLDER/Untitled.py', '--cfg-path', '/var/folders/tp/ft4rfkmn1kz3dyw8hlfz1dxw0000gn/T/tmpylih3oxl', '--error-file', '/var/folders/tp/ft4rfkmn1kz3dyw8hlfz1dxw0000gn/T/tmpep1bk8u9']
[2021-05-15 21:24:38,046] {standard_task_runner.py:77} INFO - Job 2550: Subtask print_world
[2021-05-15 21:24:38,079] {logging_mixin.py:104} INFO - Running <TaskInstance: airflow_tutorial_v01.print_world 2017-07-06T04:00:00+00:00 [running]> on host henrys-macbook-pro.local
[2021-05-15 21:24:38,106] {taskinstance.py:1281} INFO - Exporting the following env vars:
AIRFLOW_CTX_DAG_OWNER=me
AIRFLOW_CTX_DAG_ID=airflow_tutorial_v01
AIRFLOW_CTX_TASK_ID=print_world
AIRFLOW_CTX_EXECUTION_DATE=2017-07-06T04:00:00+00:00
AIRFLOW_CTX_DAG_RUN_ID=scheduled__2017-07-06T04:00:00+00:00
[2021-05-15 21:24:38,108] {logging_mixin.py:104} INFO - world
[2021-05-15 21:24:38,108] {python.py:118} INFO - Done. Returned value was: None
[2021-05-15 21:24:38,112] {taskinstance.py:1185} INFO - Marking task as SUCCESS. dag_id=airflow_tutorial_v01, task_id=print_world, execution_date=20170706T040000, start_date=20210515T202438, end_date=20210515T202438
[2021-05-15 21:24:38,123] {taskinstance.py:1246} INFO - 0 downstream tasks scheduled from follow-on schedule check
[2021-05-15 21:24:38,144] {local_task_job.py:146} INFO - Task exited with return code 0
