[2021-05-15 21:22:22,155] {taskinstance.py:877} INFO - Dependencies all met for <TaskInstance: airflow_tutorial_v01.print_world 2017-07-05T13:00:00+00:00 [queued]>
[2021-05-15 21:22:22,159] {taskinstance.py:877} INFO - Dependencies all met for <TaskInstance: airflow_tutorial_v01.print_world 2017-07-05T13:00:00+00:00 [queued]>
[2021-05-15 21:22:22,159] {taskinstance.py:1068} INFO - 
--------------------------------------------------------------------------------
[2021-05-15 21:22:22,159] {taskinstance.py:1069} INFO - Starting attempt 1 of 2
[2021-05-15 21:22:22,159] {taskinstance.py:1070} INFO - 
--------------------------------------------------------------------------------
[2021-05-15 21:22:22,164] {taskinstance.py:1089} INFO - Executing <Task(PythonOperator): print_world> on 2017-07-05T13:00:00+00:00
[2021-05-15 21:22:22,166] {standard_task_runner.py:52} INFO - Started process 88113 to run task
[2021-05-15 21:22:22,172] {standard_task_runner.py:76} INFO - Running: ['airflow', 'tasks', 'run', 'airflow_tutorial_v01', 'print_world', '2017-07-05T13:00:00+00:00', '--job-id', '2505', '--pool', 'default_pool', '--raw', '--subdir', 'DAGS_FOLDER/Untitled.py', '--cfg-path', '/var/folders/tp/ft4rfkmn1kz3dyw8hlfz1dxw0000gn/T/tmp8ozeriqb', '--error-file', '/var/folders/tp/ft4rfkmn1kz3dyw8hlfz1dxw0000gn/T/tmpfz4r73ht']
[2021-05-15 21:22:22,174] {standard_task_runner.py:77} INFO - Job 2505: Subtask print_world
[2021-05-15 21:22:22,202] {logging_mixin.py:104} INFO - Running <TaskInstance: airflow_tutorial_v01.print_world 2017-07-05T13:00:00+00:00 [running]> on host henrys-macbook-pro.local
[2021-05-15 21:22:22,222] {taskinstance.py:1281} INFO - Exporting the following env vars:
AIRFLOW_CTX_DAG_OWNER=me
AIRFLOW_CTX_DAG_ID=airflow_tutorial_v01
AIRFLOW_CTX_TASK_ID=print_world
AIRFLOW_CTX_EXECUTION_DATE=2017-07-05T13:00:00+00:00
AIRFLOW_CTX_DAG_RUN_ID=scheduled__2017-07-05T13:00:00+00:00
[2021-05-15 21:22:22,223] {logging_mixin.py:104} INFO - world
[2021-05-15 21:22:22,223] {python.py:118} INFO - Done. Returned value was: None
[2021-05-15 21:22:22,227] {taskinstance.py:1185} INFO - Marking task as SUCCESS. dag_id=airflow_tutorial_v01, task_id=print_world, execution_date=20170705T130000, start_date=20210515T202222, end_date=20210515T202222
[2021-05-15 21:22:22,237] {taskinstance.py:1246} INFO - 0 downstream tasks scheduled from follow-on schedule check
[2021-05-15 21:22:22,271] {local_task_job.py:146} INFO - Task exited with return code 0
