[2021-05-15 22:25:09,656] {taskinstance.py:877} INFO - Dependencies all met for <TaskInstance: airflow_tutorial_v01.sleep 2017-07-22T18:00:00+00:00 [queued]>
[2021-05-15 22:25:09,663] {taskinstance.py:877} INFO - Dependencies all met for <TaskInstance: airflow_tutorial_v01.sleep 2017-07-22T18:00:00+00:00 [queued]>
[2021-05-15 22:25:09,663] {taskinstance.py:1068} INFO - 
--------------------------------------------------------------------------------
[2021-05-15 22:25:09,663] {taskinstance.py:1069} INFO - Starting attempt 1 of 2
[2021-05-15 22:25:09,664] {taskinstance.py:1070} INFO - 
--------------------------------------------------------------------------------
[2021-05-15 22:25:09,669] {taskinstance.py:1089} INFO - Executing <Task(BashOperator): sleep> on 2017-07-22T18:00:00+00:00
[2021-05-15 22:25:09,671] {standard_task_runner.py:52} INFO - Started process 19898 to run task
[2021-05-15 22:25:09,679] {standard_task_runner.py:76} INFO - Running: ['airflow', 'tasks', 'run', 'airflow_tutorial_v01', 'sleep', '2017-07-22T18:00:00+00:00', '--job-id', '3741', '--pool', 'default_pool', '--raw', '--subdir', 'DAGS_FOLDER/Untitled.py', '--cfg-path', '/var/folders/tp/ft4rfkmn1kz3dyw8hlfz1dxw0000gn/T/tmpgfw2ji3d', '--error-file', '/var/folders/tp/ft4rfkmn1kz3dyw8hlfz1dxw0000gn/T/tmptxqvdz6y']
[2021-05-15 22:25:09,681] {standard_task_runner.py:77} INFO - Job 3741: Subtask sleep
[2021-05-15 22:25:09,714] {logging_mixin.py:104} INFO - Running <TaskInstance: airflow_tutorial_v01.sleep 2017-07-22T18:00:00+00:00 [running]> on host henrys-macbook-pro.local
[2021-05-15 22:25:09,738] {taskinstance.py:1281} INFO - Exporting the following env vars:
AIRFLOW_CTX_DAG_OWNER=me
AIRFLOW_CTX_DAG_ID=airflow_tutorial_v01
AIRFLOW_CTX_TASK_ID=sleep
AIRFLOW_CTX_EXECUTION_DATE=2017-07-22T18:00:00+00:00
AIRFLOW_CTX_DAG_RUN_ID=scheduled__2017-07-22T18:00:00+00:00
[2021-05-15 22:25:09,738] {bash.py:135} INFO - Tmp dir root location: 
 /var/folders/tp/ft4rfkmn1kz3dyw8hlfz1dxw0000gn/T
[2021-05-15 22:25:09,739] {bash.py:158} INFO - Running command: sleep 5
[2021-05-15 22:25:09,747] {bash.py:169} INFO - Output:
[2021-05-15 22:25:14,756] {bash.py:177} INFO - Command exited with return code 0
[2021-05-15 22:25:14,780] {taskinstance.py:1185} INFO - Marking task as SUCCESS. dag_id=airflow_tutorial_v01, task_id=sleep, execution_date=20170722T180000, start_date=20210515T212509, end_date=20210515T212514
[2021-05-15 22:25:14,798] {taskinstance.py:1246} INFO - 1 downstream tasks scheduled from follow-on schedule check
[2021-05-15 22:25:15,580] {local_task_job.py:174} WARNING - The recorded hostname henrys-macbook-pro.local does not match this instance's hostname 1.0.0.0.0.0.0.0.0.0.0.0.0.0.0.0.0.0.0.0.0.0.0.0.0.0.0.0.0.0.0.0.ip6.arpa
