[2021-05-15 21:08:05,968] {taskinstance.py:877} INFO - Dependencies all met for <TaskInstance: airflow_tutorial_v01.sleep 2017-07-01T16:00:00+00:00 [queued]>
[2021-05-15 21:08:05,973] {taskinstance.py:877} INFO - Dependencies all met for <TaskInstance: airflow_tutorial_v01.sleep 2017-07-01T16:00:00+00:00 [queued]>
[2021-05-15 21:08:05,974] {taskinstance.py:1068} INFO - 
--------------------------------------------------------------------------------
[2021-05-15 21:08:05,974] {taskinstance.py:1069} INFO - Starting attempt 1 of 2
[2021-05-15 21:08:05,974] {taskinstance.py:1070} INFO - 
--------------------------------------------------------------------------------
[2021-05-15 21:08:05,979] {taskinstance.py:1089} INFO - Executing <Task(BashOperator): sleep> on 2017-07-01T16:00:00+00:00
[2021-05-15 21:08:05,981] {standard_task_runner.py:52} INFO - Started process 80981 to run task
[2021-05-15 21:08:05,987] {standard_task_runner.py:76} INFO - Running: ['airflow', 'tasks', 'run', 'airflow_tutorial_v01', 'sleep', '2017-07-01T16:00:00+00:00', '--job-id', '2222', '--pool', 'default_pool', '--raw', '--subdir', 'DAGS_FOLDER/Untitled.py', '--cfg-path', '/var/folders/tp/ft4rfkmn1kz3dyw8hlfz1dxw0000gn/T/tmpsg8o_unj', '--error-file', '/var/folders/tp/ft4rfkmn1kz3dyw8hlfz1dxw0000gn/T/tmpzr6vyxqa']
[2021-05-15 21:08:05,988] {standard_task_runner.py:77} INFO - Job 2222: Subtask sleep
[2021-05-15 21:08:06,019] {logging_mixin.py:104} INFO - Running <TaskInstance: airflow_tutorial_v01.sleep 2017-07-01T16:00:00+00:00 [running]> on host henrys-macbook-pro.local
[2021-05-15 21:08:06,041] {taskinstance.py:1281} INFO - Exporting the following env vars:
AIRFLOW_CTX_DAG_OWNER=me
AIRFLOW_CTX_DAG_ID=airflow_tutorial_v01
AIRFLOW_CTX_TASK_ID=sleep
AIRFLOW_CTX_EXECUTION_DATE=2017-07-01T16:00:00+00:00
AIRFLOW_CTX_DAG_RUN_ID=scheduled__2017-07-01T16:00:00+00:00
[2021-05-15 21:08:06,042] {bash.py:135} INFO - Tmp dir root location: 
 /var/folders/tp/ft4rfkmn1kz3dyw8hlfz1dxw0000gn/T
[2021-05-15 21:08:06,043] {bash.py:158} INFO - Running command: sleep 5
[2021-05-15 21:08:06,050] {bash.py:169} INFO - Output:
[2021-05-15 21:08:11,056] {bash.py:177} INFO - Command exited with return code 0
[2021-05-15 21:08:11,077] {taskinstance.py:1185} INFO - Marking task as SUCCESS. dag_id=airflow_tutorial_v01, task_id=sleep, execution_date=20170701T160000, start_date=20210515T200805, end_date=20210515T200811
[2021-05-15 21:08:11,094] {taskinstance.py:1246} INFO - 1 downstream tasks scheduled from follow-on schedule check
[2021-05-15 21:08:11,139] {local_task_job.py:146} INFO - Task exited with return code 0
