[2021-05-17 10:00:04,199] {taskinstance.py:877} INFO - Dependencies all met for <TaskInstance: matches_links.get_autumn_nations_cup_links 2021-05-16T09:00:00+00:00 [queued]>
[2021-05-17 10:00:04,206] {taskinstance.py:877} INFO - Dependencies all met for <TaskInstance: matches_links.get_autumn_nations_cup_links 2021-05-16T09:00:00+00:00 [queued]>
[2021-05-17 10:00:04,206] {taskinstance.py:1068} INFO - 
--------------------------------------------------------------------------------
[2021-05-17 10:00:04,206] {taskinstance.py:1069} INFO - Starting attempt 1 of 2
[2021-05-17 10:00:04,206] {taskinstance.py:1070} INFO - 
--------------------------------------------------------------------------------
[2021-05-17 10:00:04,212] {taskinstance.py:1089} INFO - Executing <Task(BashOperator): get_autumn_nations_cup_links> on 2021-05-16T09:00:00+00:00
[2021-05-17 10:00:04,214] {standard_task_runner.py:52} INFO - Started process 37380 to run task
[2021-05-17 10:00:04,220] {standard_task_runner.py:76} INFO - Running: ['airflow', 'tasks', 'run', 'matches_links', 'get_autumn_nations_cup_links', '2021-05-16T09:00:00+00:00', '--job-id', '4', '--pool', 'default_pool', '--raw', '--subdir', 'DAGS_FOLDER/matches_links/matches_links.py', '--cfg-path', '/var/folders/tp/ft4rfkmn1kz3dyw8hlfz1dxw0000gn/T/tmpte17yf8h', '--error-file', '/var/folders/tp/ft4rfkmn1kz3dyw8hlfz1dxw0000gn/T/tmp020ewzpm']
[2021-05-17 10:00:04,221] {standard_task_runner.py:77} INFO - Job 4: Subtask get_autumn_nations_cup_links
[2021-05-17 10:00:04,250] {logging_mixin.py:104} INFO - Running <TaskInstance: matches_links.get_autumn_nations_cup_links 2021-05-16T09:00:00+00:00 [running]> on host Henrys-MacBook-Pro.local
[2021-05-17 10:00:04,271] {taskinstance.py:1281} INFO - Exporting the following env vars:
AIRFLOW_CTX_DAG_OWNER=me
AIRFLOW_CTX_DAG_ID=matches_links
AIRFLOW_CTX_TASK_ID=get_autumn_nations_cup_links
AIRFLOW_CTX_EXECUTION_DATE=2021-05-16T09:00:00+00:00
AIRFLOW_CTX_DAG_RUN_ID=scheduled__2021-05-16T09:00:00+00:00
[2021-05-17 10:00:04,272] {bash.py:135} INFO - Tmp dir root location: 
 /var/folders/tp/ft4rfkmn1kz3dyw8hlfz1dxw0000gn/T
[2021-05-17 10:00:04,273] {bash.py:158} INFO - Running command: Rscript /Users/harry/rugby_data_project_airflow/R/scripts/create_matches_table.R  https://www.rugbypass.com/autumn-nations-cup/matches/ 2021-05-16
[2021-05-17 10:00:04,281] {bash.py:169} INFO - Output:
[2021-05-17 10:00:05,597] {bash.py:173} INFO - ── Attaching packages ─────────────────────────────────────── tidyverse 1.3.0 ──
[2021-05-17 10:00:05,601] {bash.py:173} INFO - ✔ ggplot2 3.3.3     ✔ purrr   0.3.3
[2021-05-17 10:00:05,602] {bash.py:173} INFO - ✔ tibble  3.0.4     ✔ dplyr   1.0.2
[2021-05-17 10:00:05,602] {bash.py:173} INFO - ✔ tidyr   1.1.2     ✔ stringr 1.4.0
[2021-05-17 10:00:05,602] {bash.py:173} INFO - ✔ readr   1.3.1     ✔ forcats 0.5.0
[2021-05-17 10:00:05,676] {bash.py:173} INFO - ── Conflicts ────────────────────────────────────────── tidyverse_conflicts() ──
[2021-05-17 10:00:05,677] {bash.py:173} INFO - ✖ dplyr::filter() masks stats::filter()
[2021-05-17 10:00:05,677] {bash.py:173} INFO - ✖ dplyr::lag()    masks stats::lag()
[2021-05-17 10:00:05,683] {bash.py:173} INFO - 
[2021-05-17 10:00:05,683] {bash.py:173} INFO - Attaching package: ‘lubridate’
[2021-05-17 10:00:05,683] {bash.py:173} INFO - 
[2021-05-17 10:00:05,684] {bash.py:173} INFO - The following objects are masked from ‘package:base’:
[2021-05-17 10:00:05,684] {bash.py:173} INFO - 
[2021-05-17 10:00:05,684] {bash.py:173} INFO -     date, intersect, setdiff, union
[2021-05-17 10:00:05,684] {bash.py:173} INFO - 
[2021-05-17 10:00:05,686] {bash.py:173} INFO - Loading required package: xml2
[2021-05-17 10:00:05,696] {bash.py:173} INFO - 
[2021-05-17 10:00:05,696] {bash.py:173} INFO - Attaching package: ‘rvest’
[2021-05-17 10:00:05,696] {bash.py:173} INFO - 
[2021-05-17 10:00:05,697] {bash.py:173} INFO - The following object is masked from ‘package:purrr’:
[2021-05-17 10:00:05,697] {bash.py:173} INFO - 
[2021-05-17 10:00:05,697] {bash.py:173} INFO -     pluck
[2021-05-17 10:00:05,698] {bash.py:173} INFO - 
[2021-05-17 10:00:05,698] {bash.py:173} INFO - The following object is masked from ‘package:readr’:
[2021-05-17 10:00:05,698] {bash.py:173} INFO - 
[2021-05-17 10:00:05,698] {bash.py:173} INFO -     guess_encoding
[2021-05-17 10:00:05,699] {bash.py:173} INFO - 
[2021-05-17 10:00:05,699] {bash.py:173} INFO - [1] "2021-05-16"
[2021-05-17 10:00:05,704] {bash.py:173} INFO - [1] "Getting autumn_nations_cup links"
[2021-05-17 10:00:45,670] {bash.py:173} INFO - [1] "autumn_nations_cup saved"
[2021-05-17 10:00:45,693] {bash.py:177} INFO - Command exited with return code 0
[2021-05-17 10:00:45,705] {taskinstance.py:1185} INFO - Marking task as SUCCESS. dag_id=matches_links, task_id=get_autumn_nations_cup_links, execution_date=20210516T090000, start_date=20210517T090004, end_date=20210517T090045
[2021-05-17 10:00:45,715] {taskinstance.py:1246} INFO - 0 downstream tasks scheduled from follow-on schedule check
[2021-05-17 10:00:45,741] {local_task_job.py:146} INFO - Task exited with return code 0
