[2021-05-15 20:35:35,705] {taskinstance.py:877} INFO - Dependencies all met for <TaskInstance: airflow_tutorial_v01.print_hello 2017-06-25T19:00:00+00:00 [queued]>
[2021-05-15 20:35:35,709] {taskinstance.py:877} INFO - Dependencies all met for <TaskInstance: airflow_tutorial_v01.print_hello 2017-06-25T19:00:00+00:00 [queued]>
[2021-05-15 20:35:35,710] {taskinstance.py:1068} INFO - 
--------------------------------------------------------------------------------
[2021-05-15 20:35:35,710] {taskinstance.py:1069} INFO - Starting attempt 1 of 2
[2021-05-15 20:35:35,710] {taskinstance.py:1070} INFO - 
--------------------------------------------------------------------------------
[2021-05-15 20:35:35,714] {taskinstance.py:1089} INFO - Executing <Task(BashOperator): print_hello> on 2017-06-25T19:00:00+00:00
[2021-05-15 20:35:35,716] {standard_task_runner.py:52} INFO - Started process 69955 to run task
[2021-05-15 20:35:35,722] {standard_task_runner.py:76} INFO - Running: ['airflow', 'tasks', 'run', 'airflow_tutorial_v01', 'print_hello', '2017-06-25T19:00:00+00:00', '--job-id', '1794', '--pool', 'default_pool', '--raw', '--subdir', 'DAGS_FOLDER/Untitled.py', '--cfg-path', '/var/folders/tp/ft4rfkmn1kz3dyw8hlfz1dxw0000gn/T/tmpoh34dg8p', '--error-file', '/var/folders/tp/ft4rfkmn1kz3dyw8hlfz1dxw0000gn/T/tmp1k2i_s08']
[2021-05-15 20:35:35,724] {standard_task_runner.py:77} INFO - Job 1794: Subtask print_hello
[2021-05-15 20:35:35,752] {logging_mixin.py:104} INFO - Running <TaskInstance: airflow_tutorial_v01.print_hello 2017-06-25T19:00:00+00:00 [running]> on host 1.0.0.127.in-addr.arpa
[2021-05-15 20:35:35,774] {taskinstance.py:1281} INFO - Exporting the following env vars:
AIRFLOW_CTX_DAG_OWNER=me
AIRFLOW_CTX_DAG_ID=airflow_tutorial_v01
AIRFLOW_CTX_TASK_ID=print_hello
AIRFLOW_CTX_EXECUTION_DATE=2017-06-25T19:00:00+00:00
AIRFLOW_CTX_DAG_RUN_ID=scheduled__2017-06-25T19:00:00+00:00
[2021-05-15 20:35:35,775] {bash.py:135} INFO - Tmp dir root location: 
 /var/folders/tp/ft4rfkmn1kz3dyw8hlfz1dxw0000gn/T
[2021-05-15 20:35:35,776] {bash.py:158} INFO - Running command: echo "hello"
[2021-05-15 20:35:35,782] {bash.py:169} INFO - Output:
[2021-05-15 20:35:35,784] {bash.py:173} INFO - hello
[2021-05-15 20:35:35,785] {bash.py:177} INFO - Command exited with return code 0
[2021-05-15 20:35:35,796] {taskinstance.py:1185} INFO - Marking task as SUCCESS. dag_id=airflow_tutorial_v01, task_id=print_hello, execution_date=20170625T190000, start_date=20210515T193535, end_date=20210515T193535
[2021-05-15 20:35:35,808] {taskinstance.py:1246} INFO - 1 downstream tasks scheduled from follow-on schedule check
[2021-05-15 20:35:35,826] {local_task_job.py:146} INFO - Task exited with return code 0
