[2021-05-15 18:08:57,034] {taskinstance.py:877} INFO - Dependencies all met for <TaskInstance: airflow_tutorial_v01.sleep 2017-06-09T11:00:00+00:00 [queued]>
[2021-05-15 18:08:57,039] {taskinstance.py:877} INFO - Dependencies all met for <TaskInstance: airflow_tutorial_v01.sleep 2017-06-09T11:00:00+00:00 [queued]>
[2021-05-15 18:08:57,039] {taskinstance.py:1068} INFO - 
--------------------------------------------------------------------------------
[2021-05-15 18:08:57,039] {taskinstance.py:1069} INFO - Starting attempt 1 of 2
[2021-05-15 18:08:57,039] {taskinstance.py:1070} INFO - 
--------------------------------------------------------------------------------
[2021-05-15 18:08:57,044] {taskinstance.py:1089} INFO - Executing <Task(BashOperator): sleep> on 2017-06-09T11:00:00+00:00
[2021-05-15 18:08:57,045] {standard_task_runner.py:52} INFO - Started process 40142 to run task
[2021-05-15 18:08:57,051] {standard_task_runner.py:76} INFO - Running: ['airflow', 'tasks', 'run', 'airflow_tutorial_v01', 'sleep', '2017-06-09T11:00:00+00:00', '--job-id', '614', '--pool', 'default_pool', '--raw', '--subdir', 'DAGS_FOLDER/Untitled.py', '--cfg-path', '/var/folders/tp/ft4rfkmn1kz3dyw8hlfz1dxw0000gn/T/tmpzrzkrnwa', '--error-file', '/var/folders/tp/ft4rfkmn1kz3dyw8hlfz1dxw0000gn/T/tmpfuqz11cd']
[2021-05-15 18:08:57,052] {standard_task_runner.py:77} INFO - Job 614: Subtask sleep
[2021-05-15 18:08:57,079] {logging_mixin.py:104} INFO - Running <TaskInstance: airflow_tutorial_v01.sleep 2017-06-09T11:00:00+00:00 [running]> on host 1.0.0.127.in-addr.arpa
[2021-05-15 18:08:57,100] {taskinstance.py:1281} INFO - Exporting the following env vars:
AIRFLOW_CTX_DAG_OWNER=me
AIRFLOW_CTX_DAG_ID=airflow_tutorial_v01
AIRFLOW_CTX_TASK_ID=sleep
AIRFLOW_CTX_EXECUTION_DATE=2017-06-09T11:00:00+00:00
AIRFLOW_CTX_DAG_RUN_ID=scheduled__2017-06-09T11:00:00+00:00
[2021-05-15 18:08:57,101] {bash.py:135} INFO - Tmp dir root location: 
 /var/folders/tp/ft4rfkmn1kz3dyw8hlfz1dxw0000gn/T
[2021-05-15 18:08:57,101] {bash.py:158} INFO - Running command: sleep 5
[2021-05-15 18:08:57,107] {bash.py:169} INFO - Output:
[2021-05-15 18:09:02,113] {bash.py:177} INFO - Command exited with return code 0
[2021-05-15 18:09:02,133] {taskinstance.py:1185} INFO - Marking task as SUCCESS. dag_id=airflow_tutorial_v01, task_id=sleep, execution_date=20170609T110000, start_date=20210515T170857, end_date=20210515T170902
[2021-05-15 18:09:02,147] {taskinstance.py:1246} INFO - 1 downstream tasks scheduled from follow-on schedule check
[2021-05-15 18:09:02,184] {local_task_job.py:146} INFO - Task exited with return code 0
