[2021-05-15 19:08:27,742] {taskinstance.py:877} INFO - Dependencies all met for <TaskInstance: airflow_tutorial_v01.sleep 2017-06-20T19:00:00+00:00 [queued]>
[2021-05-15 19:08:27,747] {taskinstance.py:877} INFO - Dependencies all met for <TaskInstance: airflow_tutorial_v01.sleep 2017-06-20T19:00:00+00:00 [queued]>
[2021-05-15 19:08:27,747] {taskinstance.py:1068} INFO - 
--------------------------------------------------------------------------------
[2021-05-15 19:08:27,747] {taskinstance.py:1069} INFO - Starting attempt 1 of 2
[2021-05-15 19:08:27,747] {taskinstance.py:1070} INFO - 
--------------------------------------------------------------------------------
[2021-05-15 19:08:27,752] {taskinstance.py:1089} INFO - Executing <Task(BashOperator): sleep> on 2017-06-20T19:00:00+00:00
[2021-05-15 19:08:27,754] {standard_task_runner.py:52} INFO - Started process 60737 to run task
[2021-05-15 19:08:27,759] {standard_task_runner.py:76} INFO - Running: ['airflow', 'tasks', 'run', 'airflow_tutorial_v01', 'sleep', '2017-06-20T19:00:00+00:00', '--job-id', '1435', '--pool', 'default_pool', '--raw', '--subdir', 'DAGS_FOLDER/Untitled.py', '--cfg-path', '/var/folders/tp/ft4rfkmn1kz3dyw8hlfz1dxw0000gn/T/tmpjorzgu90', '--error-file', '/var/folders/tp/ft4rfkmn1kz3dyw8hlfz1dxw0000gn/T/tmp9skza8a8']
[2021-05-15 19:08:27,760] {standard_task_runner.py:77} INFO - Job 1435: Subtask sleep
[2021-05-15 19:08:27,787] {logging_mixin.py:104} INFO - Running <TaskInstance: airflow_tutorial_v01.sleep 2017-06-20T19:00:00+00:00 [running]> on host 1.0.0.127.in-addr.arpa
[2021-05-15 19:08:27,810] {taskinstance.py:1281} INFO - Exporting the following env vars:
AIRFLOW_CTX_DAG_OWNER=me
AIRFLOW_CTX_DAG_ID=airflow_tutorial_v01
AIRFLOW_CTX_TASK_ID=sleep
AIRFLOW_CTX_EXECUTION_DATE=2017-06-20T19:00:00+00:00
AIRFLOW_CTX_DAG_RUN_ID=scheduled__2017-06-20T19:00:00+00:00
[2021-05-15 19:08:27,810] {bash.py:135} INFO - Tmp dir root location: 
 /var/folders/tp/ft4rfkmn1kz3dyw8hlfz1dxw0000gn/T
[2021-05-15 19:08:27,811] {bash.py:158} INFO - Running command: sleep 5
[2021-05-15 19:08:27,819] {bash.py:169} INFO - Output:
[2021-05-15 19:08:32,824] {bash.py:177} INFO - Command exited with return code 0
[2021-05-15 19:08:32,846] {taskinstance.py:1185} INFO - Marking task as SUCCESS. dag_id=airflow_tutorial_v01, task_id=sleep, execution_date=20170620T190000, start_date=20210515T180827, end_date=20210515T180832
[2021-05-15 19:08:32,863] {taskinstance.py:1246} INFO - 1 downstream tasks scheduled from follow-on schedule check
[2021-05-15 19:08:32,905] {local_task_job.py:146} INFO - Task exited with return code 0
