[2021-05-15 21:56:52,715] {taskinstance.py:877} INFO - Dependencies all met for <TaskInstance: airflow_tutorial_v01.print_world 2017-07-15T00:00:00+00:00 [queued]>
[2021-05-15 21:56:52,721] {taskinstance.py:877} INFO - Dependencies all met for <TaskInstance: airflow_tutorial_v01.print_world 2017-07-15T00:00:00+00:00 [queued]>
[2021-05-15 21:56:52,721] {taskinstance.py:1068} INFO - 
--------------------------------------------------------------------------------
[2021-05-15 21:56:52,722] {taskinstance.py:1069} INFO - Starting attempt 1 of 2
[2021-05-15 21:56:52,722] {taskinstance.py:1070} INFO - 
--------------------------------------------------------------------------------
[2021-05-15 21:56:52,726] {taskinstance.py:1089} INFO - Executing <Task(PythonOperator): print_world> on 2017-07-15T00:00:00+00:00
[2021-05-15 21:56:52,727] {standard_task_runner.py:52} INFO - Started process 5783 to run task
[2021-05-15 21:56:52,733] {standard_task_runner.py:76} INFO - Running: ['airflow', 'tasks', 'run', 'airflow_tutorial_v01', 'print_world', '2017-07-15T00:00:00+00:00', '--job-id', '3187', '--pool', 'default_pool', '--raw', '--subdir', 'DAGS_FOLDER/Untitled.py', '--cfg-path', '/var/folders/tp/ft4rfkmn1kz3dyw8hlfz1dxw0000gn/T/tmp2l61rtsb', '--error-file', '/var/folders/tp/ft4rfkmn1kz3dyw8hlfz1dxw0000gn/T/tmpggyi89n3']
[2021-05-15 21:56:52,734] {standard_task_runner.py:77} INFO - Job 3187: Subtask print_world
[2021-05-15 21:56:52,762] {logging_mixin.py:104} INFO - Running <TaskInstance: airflow_tutorial_v01.print_world 2017-07-15T00:00:00+00:00 [running]> on host 1.0.0.0.0.0.0.0.0.0.0.0.0.0.0.0.0.0.0.0.0.0.0.0.0.0.0.0.0.0.0.0.ip6.arpa
[2021-05-15 21:56:52,783] {taskinstance.py:1281} INFO - Exporting the following env vars:
AIRFLOW_CTX_DAG_OWNER=me
AIRFLOW_CTX_DAG_ID=airflow_tutorial_v01
AIRFLOW_CTX_TASK_ID=print_world
AIRFLOW_CTX_EXECUTION_DATE=2017-07-15T00:00:00+00:00
AIRFLOW_CTX_DAG_RUN_ID=scheduled__2017-07-15T00:00:00+00:00
[2021-05-15 21:56:52,785] {logging_mixin.py:104} INFO - world
[2021-05-15 21:56:52,785] {python.py:118} INFO - Done. Returned value was: None
[2021-05-15 21:56:52,788] {taskinstance.py:1185} INFO - Marking task as SUCCESS. dag_id=airflow_tutorial_v01, task_id=print_world, execution_date=20170715T000000, start_date=20210515T205652, end_date=20210515T205652
[2021-05-15 21:56:52,798] {taskinstance.py:1246} INFO - 0 downstream tasks scheduled from follow-on schedule check
[2021-05-15 21:56:52,835] {local_task_job.py:146} INFO - Task exited with return code 0
