[2021-05-16 09:31:06,858] {taskinstance.py:877} INFO - Dependencies all met for <TaskInstance: airflow_tutorial_v01.sleep 2017-08-09T09:00:00+00:00 [queued]>
[2021-05-16 09:31:06,867] {taskinstance.py:877} INFO - Dependencies all met for <TaskInstance: airflow_tutorial_v01.sleep 2017-08-09T09:00:00+00:00 [queued]>
[2021-05-16 09:31:06,867] {taskinstance.py:1068} INFO - 
--------------------------------------------------------------------------------
[2021-05-16 09:31:06,868] {taskinstance.py:1069} INFO - Starting attempt 1 of 2
[2021-05-16 09:31:06,868] {taskinstance.py:1070} INFO - 
--------------------------------------------------------------------------------
[2021-05-16 09:31:06,877] {taskinstance.py:1089} INFO - Executing <Task(BashOperator): sleep> on 2017-08-09T09:00:00+00:00
[2021-05-16 09:31:06,880] {standard_task_runner.py:52} INFO - Started process 54889 to run task
[2021-05-16 09:31:06,891] {standard_task_runner.py:76} INFO - Running: ['airflow', 'tasks', 'run', 'airflow_tutorial_v01', 'sleep', '2017-08-09T09:00:00+00:00', '--job-id', '5012', '--pool', 'default_pool', '--raw', '--subdir', 'DAGS_FOLDER/Untitled.py', '--cfg-path', '/var/folders/tp/ft4rfkmn1kz3dyw8hlfz1dxw0000gn/T/tmpjpv8qyb1', '--error-file', '/var/folders/tp/ft4rfkmn1kz3dyw8hlfz1dxw0000gn/T/tmp45zhjre8']
[2021-05-16 09:31:06,893] {standard_task_runner.py:77} INFO - Job 5012: Subtask sleep
[2021-05-16 09:31:06,944] {logging_mixin.py:104} INFO - Running <TaskInstance: airflow_tutorial_v01.sleep 2017-08-09T09:00:00+00:00 [running]> on host henrys-macbook-pro.local
[2021-05-16 09:31:06,989] {taskinstance.py:1281} INFO - Exporting the following env vars:
AIRFLOW_CTX_DAG_OWNER=me
AIRFLOW_CTX_DAG_ID=airflow_tutorial_v01
AIRFLOW_CTX_TASK_ID=sleep
AIRFLOW_CTX_EXECUTION_DATE=2017-08-09T09:00:00+00:00
AIRFLOW_CTX_DAG_RUN_ID=scheduled__2017-08-09T09:00:00+00:00
[2021-05-16 09:31:06,990] {bash.py:135} INFO - Tmp dir root location: 
 /var/folders/tp/ft4rfkmn1kz3dyw8hlfz1dxw0000gn/T
[2021-05-16 09:31:06,992] {bash.py:158} INFO - Running command: sleep 5
[2021-05-16 09:31:07,004] {bash.py:169} INFO - Output:
[2021-05-16 09:31:12,014] {bash.py:177} INFO - Command exited with return code 0
[2021-05-16 09:31:12,032] {taskinstance.py:1185} INFO - Marking task as SUCCESS. dag_id=airflow_tutorial_v01, task_id=sleep, execution_date=20170809T090000, start_date=20210516T083106, end_date=20210516T083112
[2021-05-16 09:31:12,050] {taskinstance.py:1246} INFO - 1 downstream tasks scheduled from follow-on schedule check
[2021-05-16 09:31:12,097] {local_task_job.py:146} INFO - Task exited with return code 0
