[2021-05-15 19:03:06,678] {taskinstance.py:877} INFO - Dependencies all met for <TaskInstance: airflow_tutorial_v01.sleep 2017-06-19T08:00:00+00:00 [queued]>
[2021-05-15 19:03:06,683] {taskinstance.py:877} INFO - Dependencies all met for <TaskInstance: airflow_tutorial_v01.sleep 2017-06-19T08:00:00+00:00 [queued]>
[2021-05-15 19:03:06,683] {taskinstance.py:1068} INFO - 
--------------------------------------------------------------------------------
[2021-05-15 19:03:06,683] {taskinstance.py:1069} INFO - Starting attempt 1 of 2
[2021-05-15 19:03:06,683] {taskinstance.py:1070} INFO - 
--------------------------------------------------------------------------------
[2021-05-15 19:03:06,688] {taskinstance.py:1089} INFO - Executing <Task(BashOperator): sleep> on 2017-06-19T08:00:00+00:00
[2021-05-15 19:03:06,690] {standard_task_runner.py:52} INFO - Started process 58038 to run task
[2021-05-15 19:03:06,697] {standard_task_runner.py:76} INFO - Running: ['airflow', 'tasks', 'run', 'airflow_tutorial_v01', 'sleep', '2017-06-19T08:00:00+00:00', '--job-id', '1328', '--pool', 'default_pool', '--raw', '--subdir', 'DAGS_FOLDER/Untitled.py', '--cfg-path', '/var/folders/tp/ft4rfkmn1kz3dyw8hlfz1dxw0000gn/T/tmpb42daeik', '--error-file', '/var/folders/tp/ft4rfkmn1kz3dyw8hlfz1dxw0000gn/T/tmpfuddz3w8']
[2021-05-15 19:03:06,699] {standard_task_runner.py:77} INFO - Job 1328: Subtask sleep
[2021-05-15 19:03:06,731] {logging_mixin.py:104} INFO - Running <TaskInstance: airflow_tutorial_v01.sleep 2017-06-19T08:00:00+00:00 [running]> on host 1.0.0.127.in-addr.arpa
[2021-05-15 19:03:06,755] {taskinstance.py:1281} INFO - Exporting the following env vars:
AIRFLOW_CTX_DAG_OWNER=me
AIRFLOW_CTX_DAG_ID=airflow_tutorial_v01
AIRFLOW_CTX_TASK_ID=sleep
AIRFLOW_CTX_EXECUTION_DATE=2017-06-19T08:00:00+00:00
AIRFLOW_CTX_DAG_RUN_ID=scheduled__2017-06-19T08:00:00+00:00
[2021-05-15 19:03:06,756] {bash.py:135} INFO - Tmp dir root location: 
 /var/folders/tp/ft4rfkmn1kz3dyw8hlfz1dxw0000gn/T
[2021-05-15 19:03:06,757] {bash.py:158} INFO - Running command: sleep 5
[2021-05-15 19:03:06,764] {bash.py:169} INFO - Output:
[2021-05-15 19:03:11,770] {bash.py:177} INFO - Command exited with return code 0
[2021-05-15 19:03:11,792] {taskinstance.py:1185} INFO - Marking task as SUCCESS. dag_id=airflow_tutorial_v01, task_id=sleep, execution_date=20170619T080000, start_date=20210515T180306, end_date=20210515T180311
[2021-05-15 19:03:11,808] {taskinstance.py:1246} INFO - 1 downstream tasks scheduled from follow-on schedule check
[2021-05-15 19:03:11,838] {local_task_job.py:146} INFO - Task exited with return code 0
