[2021-05-15 17:45:27,256] {taskinstance.py:877} INFO - Dependencies all met for <TaskInstance: airflow_tutorial_v01.print_hello 2017-06-04T01:00:00+00:00 [queued]>
[2021-05-15 17:45:27,262] {taskinstance.py:877} INFO - Dependencies all met for <TaskInstance: airflow_tutorial_v01.print_hello 2017-06-04T01:00:00+00:00 [queued]>
[2021-05-15 17:45:27,262] {taskinstance.py:1068} INFO - 
--------------------------------------------------------------------------------
[2021-05-15 17:45:27,262] {taskinstance.py:1069} INFO - Starting attempt 1 of 2
[2021-05-15 17:45:27,262] {taskinstance.py:1070} INFO - 
--------------------------------------------------------------------------------
[2021-05-15 17:45:27,266] {taskinstance.py:1089} INFO - Executing <Task(BashOperator): print_hello> on 2017-06-04T01:00:00+00:00
[2021-05-15 17:45:27,268] {standard_task_runner.py:52} INFO - Started process 30093 to run task
[2021-05-15 17:45:27,273] {standard_task_runner.py:76} INFO - Running: ['airflow', 'tasks', 'run', 'airflow_tutorial_v01', 'print_hello', '2017-06-04T01:00:00+00:00', '--job-id', '220', '--pool', 'default_pool', '--raw', '--subdir', 'DAGS_FOLDER/Untitled.py', '--cfg-path', '/var/folders/tp/ft4rfkmn1kz3dyw8hlfz1dxw0000gn/T/tmpeoncsgvf', '--error-file', '/var/folders/tp/ft4rfkmn1kz3dyw8hlfz1dxw0000gn/T/tmp01jgdt63']
[2021-05-15 17:45:27,275] {standard_task_runner.py:77} INFO - Job 220: Subtask print_hello
[2021-05-15 17:45:27,303] {logging_mixin.py:104} INFO - Running <TaskInstance: airflow_tutorial_v01.print_hello 2017-06-04T01:00:00+00:00 [running]> on host Henrys-MacBook-Pro.local
[2021-05-15 17:45:27,325] {taskinstance.py:1281} INFO - Exporting the following env vars:
AIRFLOW_CTX_DAG_OWNER=me
AIRFLOW_CTX_DAG_ID=airflow_tutorial_v01
AIRFLOW_CTX_TASK_ID=print_hello
AIRFLOW_CTX_EXECUTION_DATE=2017-06-04T01:00:00+00:00
AIRFLOW_CTX_DAG_RUN_ID=scheduled__2017-06-04T01:00:00+00:00
[2021-05-15 17:45:27,326] {bash.py:135} INFO - Tmp dir root location: 
 /var/folders/tp/ft4rfkmn1kz3dyw8hlfz1dxw0000gn/T
[2021-05-15 17:45:27,327] {bash.py:158} INFO - Running command: echo "hello"
[2021-05-15 17:45:27,333] {bash.py:169} INFO - Output:
[2021-05-15 17:45:27,336] {bash.py:173} INFO - hello
[2021-05-15 17:45:27,336] {bash.py:177} INFO - Command exited with return code 0
[2021-05-15 17:45:27,349] {taskinstance.py:1185} INFO - Marking task as SUCCESS. dag_id=airflow_tutorial_v01, task_id=print_hello, execution_date=20170604T010000, start_date=20210515T164527, end_date=20210515T164527
[2021-05-15 17:45:27,362] {taskinstance.py:1246} INFO - 1 downstream tasks scheduled from follow-on schedule check
[2021-05-15 17:45:27,375] {local_task_job.py:146} INFO - Task exited with return code 0
