[2021-05-15 21:35:50,155] {taskinstance.py:877} INFO - Dependencies all met for <TaskInstance: airflow_tutorial_v01.print_world 2017-07-09T05:00:00+00:00 [queued]>
[2021-05-15 21:35:50,159] {taskinstance.py:877} INFO - Dependencies all met for <TaskInstance: airflow_tutorial_v01.print_world 2017-07-09T05:00:00+00:00 [queued]>
[2021-05-15 21:35:50,160] {taskinstance.py:1068} INFO - 
--------------------------------------------------------------------------------
[2021-05-15 21:35:50,160] {taskinstance.py:1069} INFO - Starting attempt 1 of 2
[2021-05-15 21:35:50,160] {taskinstance.py:1070} INFO - 
--------------------------------------------------------------------------------
[2021-05-15 21:35:50,164] {taskinstance.py:1089} INFO - Executing <Task(PythonOperator): print_world> on 2017-07-09T05:00:00+00:00
[2021-05-15 21:35:50,166] {standard_task_runner.py:52} INFO - Started process 94970 to run task
[2021-05-15 21:35:50,172] {standard_task_runner.py:76} INFO - Running: ['airflow', 'tasks', 'run', 'airflow_tutorial_v01', 'print_world', '2017-07-09T05:00:00+00:00', '--job-id', '2770', '--pool', 'default_pool', '--raw', '--subdir', 'DAGS_FOLDER/Untitled.py', '--cfg-path', '/var/folders/tp/ft4rfkmn1kz3dyw8hlfz1dxw0000gn/T/tmpxl2u2y2q', '--error-file', '/var/folders/tp/ft4rfkmn1kz3dyw8hlfz1dxw0000gn/T/tmpcx1c975p']
[2021-05-15 21:35:50,174] {standard_task_runner.py:77} INFO - Job 2770: Subtask print_world
[2021-05-15 21:35:50,200] {logging_mixin.py:104} INFO - Running <TaskInstance: airflow_tutorial_v01.print_world 2017-07-09T05:00:00+00:00 [running]> on host henrys-macbook-pro.local
[2021-05-15 21:35:50,222] {taskinstance.py:1281} INFO - Exporting the following env vars:
AIRFLOW_CTX_DAG_OWNER=me
AIRFLOW_CTX_DAG_ID=airflow_tutorial_v01
AIRFLOW_CTX_TASK_ID=print_world
AIRFLOW_CTX_EXECUTION_DATE=2017-07-09T05:00:00+00:00
AIRFLOW_CTX_DAG_RUN_ID=scheduled__2017-07-09T05:00:00+00:00
[2021-05-15 21:35:50,222] {logging_mixin.py:104} INFO - world
[2021-05-15 21:35:50,223] {python.py:118} INFO - Done. Returned value was: None
[2021-05-15 21:35:50,226] {taskinstance.py:1185} INFO - Marking task as SUCCESS. dag_id=airflow_tutorial_v01, task_id=print_world, execution_date=20170709T050000, start_date=20210515T203550, end_date=20210515T203550
[2021-05-15 21:35:50,235] {taskinstance.py:1246} INFO - 0 downstream tasks scheduled from follow-on schedule check
[2021-05-15 21:35:50,271] {local_task_job.py:146} INFO - Task exited with return code 0
