[2021-05-15 22:29:10,984] {taskinstance.py:877} INFO - Dependencies all met for <TaskInstance: airflow_tutorial_v01.sleep 2017-07-23T20:00:00+00:00 [queued]>
[2021-05-15 22:29:10,990] {taskinstance.py:877} INFO - Dependencies all met for <TaskInstance: airflow_tutorial_v01.sleep 2017-07-23T20:00:00+00:00 [queued]>
[2021-05-15 22:29:10,990] {taskinstance.py:1068} INFO - 
--------------------------------------------------------------------------------
[2021-05-15 22:29:10,990] {taskinstance.py:1069} INFO - Starting attempt 1 of 2
[2021-05-15 22:29:10,990] {taskinstance.py:1070} INFO - 
--------------------------------------------------------------------------------
[2021-05-15 22:29:10,995] {taskinstance.py:1089} INFO - Executing <Task(BashOperator): sleep> on 2017-07-23T20:00:00+00:00
[2021-05-15 22:29:10,997] {standard_task_runner.py:52} INFO - Started process 21723 to run task
[2021-05-15 22:29:11,002] {standard_task_runner.py:76} INFO - Running: ['airflow', 'tasks', 'run', 'airflow_tutorial_v01', 'sleep', '2017-07-23T20:00:00+00:00', '--job-id', '3819', '--pool', 'default_pool', '--raw', '--subdir', 'DAGS_FOLDER/Untitled.py', '--cfg-path', '/var/folders/tp/ft4rfkmn1kz3dyw8hlfz1dxw0000gn/T/tmpg26pnpbj', '--error-file', '/var/folders/tp/ft4rfkmn1kz3dyw8hlfz1dxw0000gn/T/tmp4b7_irg4']
[2021-05-15 22:29:11,003] {standard_task_runner.py:77} INFO - Job 3819: Subtask sleep
[2021-05-15 22:29:11,032] {logging_mixin.py:104} INFO - Running <TaskInstance: airflow_tutorial_v01.sleep 2017-07-23T20:00:00+00:00 [running]> on host 1.0.0.0.0.0.0.0.0.0.0.0.0.0.0.0.0.0.0.0.0.0.0.0.0.0.0.0.0.0.0.0.ip6.arpa
[2021-05-15 22:29:11,055] {taskinstance.py:1281} INFO - Exporting the following env vars:
AIRFLOW_CTX_DAG_OWNER=me
AIRFLOW_CTX_DAG_ID=airflow_tutorial_v01
AIRFLOW_CTX_TASK_ID=sleep
AIRFLOW_CTX_EXECUTION_DATE=2017-07-23T20:00:00+00:00
AIRFLOW_CTX_DAG_RUN_ID=scheduled__2017-07-23T20:00:00+00:00
[2021-05-15 22:29:11,055] {bash.py:135} INFO - Tmp dir root location: 
 /var/folders/tp/ft4rfkmn1kz3dyw8hlfz1dxw0000gn/T
[2021-05-15 22:29:11,056] {bash.py:158} INFO - Running command: sleep 5
[2021-05-15 22:29:11,063] {bash.py:169} INFO - Output:
[2021-05-15 22:29:16,070] {bash.py:177} INFO - Command exited with return code 0
[2021-05-15 22:29:16,083] {taskinstance.py:1185} INFO - Marking task as SUCCESS. dag_id=airflow_tutorial_v01, task_id=sleep, execution_date=20170723T200000, start_date=20210515T212910, end_date=20210515T212916
[2021-05-15 22:29:16,096] {taskinstance.py:1246} INFO - 1 downstream tasks scheduled from follow-on schedule check
[2021-05-15 22:29:16,118] {local_task_job.py:146} INFO - Task exited with return code 0
