[2021-05-15 19:07:42,018] {taskinstance.py:877} INFO - Dependencies all met for <TaskInstance: airflow_tutorial_v01.print_hello 2017-06-20T15:00:00+00:00 [queued]>
[2021-05-15 19:07:42,023] {taskinstance.py:877} INFO - Dependencies all met for <TaskInstance: airflow_tutorial_v01.print_hello 2017-06-20T15:00:00+00:00 [queued]>
[2021-05-15 19:07:42,023] {taskinstance.py:1068} INFO - 
--------------------------------------------------------------------------------
[2021-05-15 19:07:42,023] {taskinstance.py:1069} INFO - Starting attempt 1 of 2
[2021-05-15 19:07:42,023] {taskinstance.py:1070} INFO - 
--------------------------------------------------------------------------------
[2021-05-15 19:07:42,029] {taskinstance.py:1089} INFO - Executing <Task(BashOperator): print_hello> on 2017-06-20T15:00:00+00:00
[2021-05-15 19:07:42,031] {standard_task_runner.py:52} INFO - Started process 60368 to run task
[2021-05-15 19:07:42,036] {standard_task_runner.py:76} INFO - Running: ['airflow', 'tasks', 'run', 'airflow_tutorial_v01', 'print_hello', '2017-06-20T15:00:00+00:00', '--job-id', '1419', '--pool', 'default_pool', '--raw', '--subdir', 'DAGS_FOLDER/Untitled.py', '--cfg-path', '/var/folders/tp/ft4rfkmn1kz3dyw8hlfz1dxw0000gn/T/tmpggptn8xd', '--error-file', '/var/folders/tp/ft4rfkmn1kz3dyw8hlfz1dxw0000gn/T/tmp86sr0tm3']
[2021-05-15 19:07:42,038] {standard_task_runner.py:77} INFO - Job 1419: Subtask print_hello
[2021-05-15 19:07:42,066] {logging_mixin.py:104} INFO - Running <TaskInstance: airflow_tutorial_v01.print_hello 2017-06-20T15:00:00+00:00 [running]> on host henrys-macbook-pro.local
[2021-05-15 19:07:42,088] {taskinstance.py:1281} INFO - Exporting the following env vars:
AIRFLOW_CTX_DAG_OWNER=me
AIRFLOW_CTX_DAG_ID=airflow_tutorial_v01
AIRFLOW_CTX_TASK_ID=print_hello
AIRFLOW_CTX_EXECUTION_DATE=2017-06-20T15:00:00+00:00
AIRFLOW_CTX_DAG_RUN_ID=scheduled__2017-06-20T15:00:00+00:00
[2021-05-15 19:07:42,088] {bash.py:135} INFO - Tmp dir root location: 
 /var/folders/tp/ft4rfkmn1kz3dyw8hlfz1dxw0000gn/T
[2021-05-15 19:07:42,089] {bash.py:158} INFO - Running command: echo "hello"
[2021-05-15 19:07:42,095] {bash.py:169} INFO - Output:
[2021-05-15 19:07:42,098] {bash.py:173} INFO - hello
[2021-05-15 19:07:42,099] {bash.py:177} INFO - Command exited with return code 0
[2021-05-15 19:07:42,109] {taskinstance.py:1185} INFO - Marking task as SUCCESS. dag_id=airflow_tutorial_v01, task_id=print_hello, execution_date=20170620T150000, start_date=20210515T180742, end_date=20210515T180742
[2021-05-15 19:07:42,123] {taskinstance.py:1246} INFO - 1 downstream tasks scheduled from follow-on schedule check
[2021-05-15 19:07:42,133] {local_task_job.py:146} INFO - Task exited with return code 0
