[2021-05-15 22:24:22,109] {taskinstance.py:877} INFO - Dependencies all met for <TaskInstance: airflow_tutorial_v01.sleep 2017-07-22T13:00:00+00:00 [queued]>
[2021-05-15 22:24:22,115] {taskinstance.py:877} INFO - Dependencies all met for <TaskInstance: airflow_tutorial_v01.sleep 2017-07-22T13:00:00+00:00 [queued]>
[2021-05-15 22:24:22,115] {taskinstance.py:1068} INFO - 
--------------------------------------------------------------------------------
[2021-05-15 22:24:22,115] {taskinstance.py:1069} INFO - Starting attempt 1 of 2
[2021-05-15 22:24:22,115] {taskinstance.py:1070} INFO - 
--------------------------------------------------------------------------------
[2021-05-15 22:24:22,120] {taskinstance.py:1089} INFO - Executing <Task(BashOperator): sleep> on 2017-07-22T13:00:00+00:00
[2021-05-15 22:24:22,121] {standard_task_runner.py:52} INFO - Started process 19509 to run task
[2021-05-15 22:24:22,128] {standard_task_runner.py:76} INFO - Running: ['airflow', 'tasks', 'run', 'airflow_tutorial_v01', 'sleep', '2017-07-22T13:00:00+00:00', '--job-id', '3726', '--pool', 'default_pool', '--raw', '--subdir', 'DAGS_FOLDER/Untitled.py', '--cfg-path', '/var/folders/tp/ft4rfkmn1kz3dyw8hlfz1dxw0000gn/T/tmpdc5uj2rh', '--error-file', '/var/folders/tp/ft4rfkmn1kz3dyw8hlfz1dxw0000gn/T/tmpt_z6mydr']
[2021-05-15 22:24:22,130] {standard_task_runner.py:77} INFO - Job 3726: Subtask sleep
[2021-05-15 22:24:22,159] {logging_mixin.py:104} INFO - Running <TaskInstance: airflow_tutorial_v01.sleep 2017-07-22T13:00:00+00:00 [running]> on host henrys-macbook-pro.local
[2021-05-15 22:24:22,183] {taskinstance.py:1281} INFO - Exporting the following env vars:
AIRFLOW_CTX_DAG_OWNER=me
AIRFLOW_CTX_DAG_ID=airflow_tutorial_v01
AIRFLOW_CTX_TASK_ID=sleep
AIRFLOW_CTX_EXECUTION_DATE=2017-07-22T13:00:00+00:00
AIRFLOW_CTX_DAG_RUN_ID=scheduled__2017-07-22T13:00:00+00:00
[2021-05-15 22:24:22,184] {bash.py:135} INFO - Tmp dir root location: 
 /var/folders/tp/ft4rfkmn1kz3dyw8hlfz1dxw0000gn/T
[2021-05-15 22:24:22,185] {bash.py:158} INFO - Running command: sleep 5
[2021-05-15 22:24:22,191] {bash.py:169} INFO - Output:
[2021-05-15 22:24:27,198] {bash.py:177} INFO - Command exited with return code 0
[2021-05-15 22:24:27,219] {taskinstance.py:1185} INFO - Marking task as SUCCESS. dag_id=airflow_tutorial_v01, task_id=sleep, execution_date=20170722T130000, start_date=20210515T212422, end_date=20210515T212427
[2021-05-15 22:24:27,234] {taskinstance.py:1246} INFO - 1 downstream tasks scheduled from follow-on schedule check
[2021-05-15 22:24:27,267] {local_task_job.py:146} INFO - Task exited with return code 0
