[2021-05-15 17:55:30,488] {taskinstance.py:877} INFO - Dependencies all met for <TaskInstance: airflow_tutorial_v01.print_hello 2017-06-05T19:00:00+00:00 [queued]>
[2021-05-15 17:55:30,493] {taskinstance.py:877} INFO - Dependencies all met for <TaskInstance: airflow_tutorial_v01.print_hello 2017-06-05T19:00:00+00:00 [queued]>
[2021-05-15 17:55:30,493] {taskinstance.py:1068} INFO - 
--------------------------------------------------------------------------------
[2021-05-15 17:55:30,493] {taskinstance.py:1069} INFO - Starting attempt 1 of 2
[2021-05-15 17:55:30,493] {taskinstance.py:1070} INFO - 
--------------------------------------------------------------------------------
[2021-05-15 17:55:30,498] {taskinstance.py:1089} INFO - Executing <Task(BashOperator): print_hello> on 2017-06-05T19:00:00+00:00
[2021-05-15 17:55:30,499] {standard_task_runner.py:52} INFO - Started process 33410 to run task
[2021-05-15 17:55:30,506] {standard_task_runner.py:76} INFO - Running: ['airflow', 'tasks', 'run', 'airflow_tutorial_v01', 'print_hello', '2017-06-05T19:00:00+00:00', '--job-id', '346', '--pool', 'default_pool', '--raw', '--subdir', 'DAGS_FOLDER/Untitled.py', '--cfg-path', '/var/folders/tp/ft4rfkmn1kz3dyw8hlfz1dxw0000gn/T/tmpfpadm_x9', '--error-file', '/var/folders/tp/ft4rfkmn1kz3dyw8hlfz1dxw0000gn/T/tmpq312qg82']
[2021-05-15 17:55:30,507] {standard_task_runner.py:77} INFO - Job 346: Subtask print_hello
[2021-05-15 17:55:30,536] {logging_mixin.py:104} INFO - Running <TaskInstance: airflow_tutorial_v01.print_hello 2017-06-05T19:00:00+00:00 [running]> on host 1.0.0.127.in-addr.arpa
[2021-05-15 17:55:30,556] {taskinstance.py:1281} INFO - Exporting the following env vars:
AIRFLOW_CTX_DAG_OWNER=me
AIRFLOW_CTX_DAG_ID=airflow_tutorial_v01
AIRFLOW_CTX_TASK_ID=print_hello
AIRFLOW_CTX_EXECUTION_DATE=2017-06-05T19:00:00+00:00
AIRFLOW_CTX_DAG_RUN_ID=scheduled__2017-06-05T19:00:00+00:00
[2021-05-15 17:55:30,556] {bash.py:135} INFO - Tmp dir root location: 
 /var/folders/tp/ft4rfkmn1kz3dyw8hlfz1dxw0000gn/T
[2021-05-15 17:55:30,557] {bash.py:158} INFO - Running command: echo "hello"
[2021-05-15 17:55:30,562] {bash.py:169} INFO - Output:
[2021-05-15 17:55:30,565] {bash.py:173} INFO - hello
[2021-05-15 17:55:30,565] {bash.py:177} INFO - Command exited with return code 0
[2021-05-15 17:55:30,576] {taskinstance.py:1185} INFO - Marking task as SUCCESS. dag_id=airflow_tutorial_v01, task_id=print_hello, execution_date=20170605T190000, start_date=20210515T165530, end_date=20210515T165530
[2021-05-15 17:55:30,587] {taskinstance.py:1246} INFO - 1 downstream tasks scheduled from follow-on schedule check
[2021-05-15 17:55:30,602] {local_task_job.py:146} INFO - Task exited with return code 0
