[2021-05-15 22:19:35,551] {taskinstance.py:877} INFO - Dependencies all met for <TaskInstance: airflow_tutorial_v01.print_hello 2017-07-21T07:00:00+00:00 [queued]>
[2021-05-15 22:19:35,556] {taskinstance.py:877} INFO - Dependencies all met for <TaskInstance: airflow_tutorial_v01.print_hello 2017-07-21T07:00:00+00:00 [queued]>
[2021-05-15 22:19:35,556] {taskinstance.py:1068} INFO - 
--------------------------------------------------------------------------------
[2021-05-15 22:19:35,556] {taskinstance.py:1069} INFO - Starting attempt 1 of 2
[2021-05-15 22:19:35,556] {taskinstance.py:1070} INFO - 
--------------------------------------------------------------------------------
[2021-05-15 22:19:35,561] {taskinstance.py:1089} INFO - Executing <Task(BashOperator): print_hello> on 2017-07-21T07:00:00+00:00
[2021-05-15 22:19:35,563] {standard_task_runner.py:52} INFO - Started process 17064 to run task
[2021-05-15 22:19:35,569] {standard_task_runner.py:76} INFO - Running: ['airflow', 'tasks', 'run', 'airflow_tutorial_v01', 'print_hello', '2017-07-21T07:00:00+00:00', '--job-id', '3632', '--pool', 'default_pool', '--raw', '--subdir', 'DAGS_FOLDER/Untitled.py', '--cfg-path', '/var/folders/tp/ft4rfkmn1kz3dyw8hlfz1dxw0000gn/T/tmp7t712hzb', '--error-file', '/var/folders/tp/ft4rfkmn1kz3dyw8hlfz1dxw0000gn/T/tmplcb5xaeu']
[2021-05-15 22:19:35,571] {standard_task_runner.py:77} INFO - Job 3632: Subtask print_hello
[2021-05-15 22:19:35,600] {logging_mixin.py:104} INFO - Running <TaskInstance: airflow_tutorial_v01.print_hello 2017-07-21T07:00:00+00:00 [running]> on host henrys-macbook-pro.local
[2021-05-15 22:19:35,622] {taskinstance.py:1281} INFO - Exporting the following env vars:
AIRFLOW_CTX_DAG_OWNER=me
AIRFLOW_CTX_DAG_ID=airflow_tutorial_v01
AIRFLOW_CTX_TASK_ID=print_hello
AIRFLOW_CTX_EXECUTION_DATE=2017-07-21T07:00:00+00:00
AIRFLOW_CTX_DAG_RUN_ID=scheduled__2017-07-21T07:00:00+00:00
[2021-05-15 22:19:35,623] {bash.py:135} INFO - Tmp dir root location: 
 /var/folders/tp/ft4rfkmn1kz3dyw8hlfz1dxw0000gn/T
[2021-05-15 22:19:35,624] {bash.py:158} INFO - Running command: echo "hello"
[2021-05-15 22:19:35,631] {bash.py:169} INFO - Output:
[2021-05-15 22:19:35,633] {bash.py:173} INFO - hello
[2021-05-15 22:19:35,634] {bash.py:177} INFO - Command exited with return code 0
[2021-05-15 22:19:35,645] {taskinstance.py:1185} INFO - Marking task as SUCCESS. dag_id=airflow_tutorial_v01, task_id=print_hello, execution_date=20170721T070000, start_date=20210515T211935, end_date=20210515T211935
[2021-05-15 22:19:35,658] {taskinstance.py:1246} INFO - 1 downstream tasks scheduled from follow-on schedule check
[2021-05-15 22:19:35,665] {local_task_job.py:146} INFO - Task exited with return code 0
