[2021-05-17 09:45:31,290] {taskinstance.py:877} INFO - Dependencies all met for <TaskInstance: matches_links.get_pro_14_rainbow_cup_links 2021-04-24T10:00:00+00:00 [queued]>
[2021-05-17 09:45:31,296] {taskinstance.py:877} INFO - Dependencies all met for <TaskInstance: matches_links.get_pro_14_rainbow_cup_links 2021-04-24T10:00:00+00:00 [queued]>
[2021-05-17 09:45:31,297] {taskinstance.py:1068} INFO - 
--------------------------------------------------------------------------------
[2021-05-17 09:45:31,297] {taskinstance.py:1069} INFO - Starting attempt 1 of 2
[2021-05-17 09:45:31,297] {taskinstance.py:1070} INFO - 
--------------------------------------------------------------------------------
[2021-05-17 09:45:31,301] {taskinstance.py:1089} INFO - Executing <Task(BashOperator): get_pro_14_rainbow_cup_links> on 2021-04-24T10:00:00+00:00
[2021-05-17 09:45:31,303] {standard_task_runner.py:52} INFO - Started process 31226 to run task
[2021-05-17 09:45:31,309] {standard_task_runner.py:76} INFO - Running: ['airflow', 'tasks', 'run', 'matches_links', 'get_pro_14_rainbow_cup_links', '2021-04-24T10:00:00+00:00', '--job-id', '36', '--pool', 'default_pool', '--raw', '--subdir', 'DAGS_FOLDER/matches_links/matches_links.py', '--cfg-path', '/var/folders/tp/ft4rfkmn1kz3dyw8hlfz1dxw0000gn/T/tmp2dj91nan', '--error-file', '/var/folders/tp/ft4rfkmn1kz3dyw8hlfz1dxw0000gn/T/tmpd5h8wzuh']
[2021-05-17 09:45:31,311] {standard_task_runner.py:77} INFO - Job 36: Subtask get_pro_14_rainbow_cup_links
[2021-05-17 09:45:31,340] {logging_mixin.py:104} INFO - Running <TaskInstance: matches_links.get_pro_14_rainbow_cup_links 2021-04-24T10:00:00+00:00 [running]> on host henrys-macbook-pro.local
[2021-05-17 09:45:31,363] {taskinstance.py:1281} INFO - Exporting the following env vars:
AIRFLOW_CTX_DAG_OWNER=me
AIRFLOW_CTX_DAG_ID=matches_links
AIRFLOW_CTX_TASK_ID=get_pro_14_rainbow_cup_links
AIRFLOW_CTX_EXECUTION_DATE=2021-04-24T10:00:00+00:00
AIRFLOW_CTX_DAG_RUN_ID=backfill__2021-04-24T10:00:00+00:00
[2021-05-17 09:45:31,364] {bash.py:135} INFO - Tmp dir root location: 
 /var/folders/tp/ft4rfkmn1kz3dyw8hlfz1dxw0000gn/T
[2021-05-17 09:45:31,365] {bash.py:158} INFO - Running command: Rscript /Users/harry/rugby_data_project_airflow/R/scripts/create_matches_table.R https://www.rugbypass.com/pro-14-rainbow-cup/matches/ 2021-04-24
[2021-05-17 09:45:31,370] {bash.py:169} INFO - Output:
[2021-05-17 09:45:32,363] {bash.py:173} INFO - ── Attaching packages ─────────────────────────────────────── tidyverse 1.3.0 ──
[2021-05-17 09:45:32,367] {bash.py:173} INFO - ✔ ggplot2 3.3.3     ✔ purrr   0.3.3
[2021-05-17 09:45:32,367] {bash.py:173} INFO - ✔ tibble  3.0.4     ✔ dplyr   1.0.2
[2021-05-17 09:45:32,368] {bash.py:173} INFO - ✔ tidyr   1.1.2     ✔ stringr 1.4.0
[2021-05-17 09:45:32,368] {bash.py:173} INFO - ✔ readr   1.3.1     ✔ forcats 0.5.0
[2021-05-17 09:45:32,440] {bash.py:173} INFO - ── Conflicts ────────────────────────────────────────── tidyverse_conflicts() ──
[2021-05-17 09:45:32,440] {bash.py:173} INFO - ✖ dplyr::filter() masks stats::filter()
[2021-05-17 09:45:32,441] {bash.py:173} INFO - ✖ dplyr::lag()    masks stats::lag()
[2021-05-17 09:45:32,451] {bash.py:173} INFO - 
[2021-05-17 09:45:32,451] {bash.py:173} INFO - Attaching package: ‘lubridate’
[2021-05-17 09:45:32,451] {bash.py:173} INFO - 
[2021-05-17 09:45:32,452] {bash.py:173} INFO - The following objects are masked from ‘package:base’:
[2021-05-17 09:45:32,452] {bash.py:173} INFO - 
[2021-05-17 09:45:32,452] {bash.py:173} INFO -     date, intersect, setdiff, union
[2021-05-17 09:45:32,453] {bash.py:173} INFO - 
[2021-05-17 09:45:32,454] {bash.py:173} INFO - Loading required package: xml2
[2021-05-17 09:45:32,461] {bash.py:173} INFO - 
[2021-05-17 09:45:32,462] {bash.py:173} INFO - Attaching package: ‘rvest’
[2021-05-17 09:45:32,462] {bash.py:173} INFO - 
[2021-05-17 09:45:32,462] {bash.py:173} INFO - The following object is masked from ‘package:purrr’:
[2021-05-17 09:45:32,463] {bash.py:173} INFO - 
[2021-05-17 09:45:32,463] {bash.py:173} INFO -     pluck
[2021-05-17 09:45:32,463] {bash.py:173} INFO - 
[2021-05-17 09:45:32,464] {bash.py:173} INFO - The following object is masked from ‘package:readr’:
[2021-05-17 09:45:32,464] {bash.py:173} INFO - 
[2021-05-17 09:45:32,464] {bash.py:173} INFO -     guess_encoding
[2021-05-17 09:45:32,464] {bash.py:173} INFO - 
[2021-05-17 09:45:32,465] {bash.py:173} INFO - [1] "2021-04-24"
[2021-05-17 09:45:32,467] {bash.py:173} INFO - [1] "Getting pro_14_rainbow_cup links"
[2021-05-17 09:45:35,015] {bash.py:173} INFO - [1] "pro_14_rainbow_cup saved"
[2021-05-17 09:45:35,030] {bash.py:177} INFO - Command exited with return code 0
[2021-05-17 09:45:35,041] {taskinstance.py:1185} INFO - Marking task as SUCCESS. dag_id=matches_links, task_id=get_pro_14_rainbow_cup_links, execution_date=20210424T100000, start_date=20210517T084531, end_date=20210517T084535
[2021-05-17 09:45:35,050] {taskinstance.py:1246} INFO - 0 downstream tasks scheduled from follow-on schedule check
[2021-05-17 09:45:35,060] {local_task_job.py:146} INFO - Task exited with return code 0
