[2021-05-15 23:32:58,039] {taskinstance.py:877} INFO - Dependencies all met for <TaskInstance: airflow_tutorial_v01.sleep 2017-08-01T01:00:00+00:00 [queued]>
[2021-05-15 23:32:58,073] {taskinstance.py:877} INFO - Dependencies all met for <TaskInstance: airflow_tutorial_v01.sleep 2017-08-01T01:00:00+00:00 [queued]>
[2021-05-15 23:32:58,073] {taskinstance.py:1068} INFO - 
--------------------------------------------------------------------------------
[2021-05-15 23:32:58,073] {taskinstance.py:1069} INFO - Starting attempt 1 of 2
[2021-05-15 23:32:58,073] {taskinstance.py:1070} INFO - 
--------------------------------------------------------------------------------
[2021-05-15 23:32:58,083] {taskinstance.py:1089} INFO - Executing <Task(BashOperator): sleep> on 2017-08-01T01:00:00+00:00
[2021-05-15 23:32:58,086] {standard_task_runner.py:52} INFO - Started process 36831 to run task
[2021-05-15 23:32:58,095] {standard_task_runner.py:76} INFO - Running: ['airflow', 'tasks', 'run', 'airflow_tutorial_v01', 'sleep', '2017-08-01T01:00:00+00:00', '--job-id', '4411', '--pool', 'default_pool', '--raw', '--subdir', 'DAGS_FOLDER/Untitled.py', '--cfg-path', '/var/folders/tp/ft4rfkmn1kz3dyw8hlfz1dxw0000gn/T/tmpqd772hvq', '--error-file', '/var/folders/tp/ft4rfkmn1kz3dyw8hlfz1dxw0000gn/T/tmpjja7kjh0']
[2021-05-15 23:32:58,096] {standard_task_runner.py:77} INFO - Job 4411: Subtask sleep
[2021-05-15 23:33:03,135] {logging_mixin.py:104} INFO - Running <TaskInstance: airflow_tutorial_v01.sleep 2017-08-01T01:00:00+00:00 [running]> on host Henrys-MacBook-Pro.local
[2021-05-15 23:33:08,186] {taskinstance.py:1281} INFO - Exporting the following env vars:
AIRFLOW_CTX_DAG_OWNER=me
AIRFLOW_CTX_DAG_ID=airflow_tutorial_v01
AIRFLOW_CTX_TASK_ID=sleep
AIRFLOW_CTX_EXECUTION_DATE=2017-08-01T01:00:00+00:00
AIRFLOW_CTX_DAG_RUN_ID=scheduled__2017-08-01T01:00:00+00:00
[2021-05-15 23:33:08,188] {bash.py:135} INFO - Tmp dir root location: 
 /var/folders/tp/ft4rfkmn1kz3dyw8hlfz1dxw0000gn/T
[2021-05-15 23:33:08,189] {bash.py:158} INFO - Running command: sleep 5
[2021-05-15 23:33:08,198] {bash.py:169} INFO - Output:
[2021-05-15 23:33:13,217] {bash.py:177} INFO - Command exited with return code 0
[2021-05-15 23:33:13,234] {taskinstance.py:1185} INFO - Marking task as SUCCESS. dag_id=airflow_tutorial_v01, task_id=sleep, execution_date=20170801T010000, start_date=20210515T223258, end_date=20210515T223313
[2021-05-15 23:33:13,250] {taskinstance.py:1246} INFO - 1 downstream tasks scheduled from follow-on schedule check
[2021-05-15 23:33:18,171] {local_task_job.py:146} INFO - Task exited with return code 0
