[2021-05-16 09:36:56,896] {taskinstance.py:877} INFO - Dependencies all met for <TaskInstance: airflow_tutorial_v01.sleep 2017-08-10T15:00:00+00:00 [queued]>
[2021-05-16 09:36:56,907] {taskinstance.py:877} INFO - Dependencies all met for <TaskInstance: airflow_tutorial_v01.sleep 2017-08-10T15:00:00+00:00 [queued]>
[2021-05-16 09:36:56,907] {taskinstance.py:1068} INFO - 
--------------------------------------------------------------------------------
[2021-05-16 09:36:56,908] {taskinstance.py:1069} INFO - Starting attempt 1 of 2
[2021-05-16 09:36:56,908] {taskinstance.py:1070} INFO - 
--------------------------------------------------------------------------------
[2021-05-16 09:36:56,917] {taskinstance.py:1089} INFO - Executing <Task(BashOperator): sleep> on 2017-08-10T15:00:00+00:00
[2021-05-16 09:36:56,921] {standard_task_runner.py:52} INFO - Started process 56992 to run task
[2021-05-16 09:36:56,934] {standard_task_runner.py:76} INFO - Running: ['airflow', 'tasks', 'run', 'airflow_tutorial_v01', 'sleep', '2017-08-10T15:00:00+00:00', '--job-id', '5102', '--pool', 'default_pool', '--raw', '--subdir', 'DAGS_FOLDER/Untitled.py', '--cfg-path', '/var/folders/tp/ft4rfkmn1kz3dyw8hlfz1dxw0000gn/T/tmponypsl9u', '--error-file', '/var/folders/tp/ft4rfkmn1kz3dyw8hlfz1dxw0000gn/T/tmpzsb448vs']
[2021-05-16 09:36:56,938] {standard_task_runner.py:77} INFO - Job 5102: Subtask sleep
[2021-05-16 09:36:57,027] {logging_mixin.py:104} INFO - Running <TaskInstance: airflow_tutorial_v01.sleep 2017-08-10T15:00:00+00:00 [running]> on host henrys-macbook-pro.local
[2021-05-16 09:36:57,071] {taskinstance.py:1281} INFO - Exporting the following env vars:
AIRFLOW_CTX_DAG_OWNER=me
AIRFLOW_CTX_DAG_ID=airflow_tutorial_v01
AIRFLOW_CTX_TASK_ID=sleep
AIRFLOW_CTX_EXECUTION_DATE=2017-08-10T15:00:00+00:00
AIRFLOW_CTX_DAG_RUN_ID=scheduled__2017-08-10T15:00:00+00:00
[2021-05-16 09:36:57,072] {bash.py:135} INFO - Tmp dir root location: 
 /var/folders/tp/ft4rfkmn1kz3dyw8hlfz1dxw0000gn/T
[2021-05-16 09:36:57,075] {bash.py:158} INFO - Running command: sleep 5
[2021-05-16 09:36:57,088] {bash.py:169} INFO - Output:
[2021-05-16 09:37:02,097] {bash.py:177} INFO - Command exited with return code 0
[2021-05-16 09:37:02,114] {taskinstance.py:1185} INFO - Marking task as SUCCESS. dag_id=airflow_tutorial_v01, task_id=sleep, execution_date=20170810T150000, start_date=20210516T083656, end_date=20210516T083702
[2021-05-16 09:37:02,133] {taskinstance.py:1246} INFO - 1 downstream tasks scheduled from follow-on schedule check
[2021-05-16 09:37:02,148] {local_task_job.py:146} INFO - Task exited with return code 0
