[2021-05-16 09:11:45,991] {taskinstance.py:877} INFO - Dependencies all met for <TaskInstance: airflow_tutorial_v01.print_hello 2017-08-05T05:00:00+00:00 [queued]>
[2021-05-16 09:11:45,998] {taskinstance.py:877} INFO - Dependencies all met for <TaskInstance: airflow_tutorial_v01.print_hello 2017-08-05T05:00:00+00:00 [queued]>
[2021-05-16 09:11:45,998] {taskinstance.py:1068} INFO - 
--------------------------------------------------------------------------------
[2021-05-16 09:11:45,998] {taskinstance.py:1069} INFO - Starting attempt 1 of 2
[2021-05-16 09:11:45,998] {taskinstance.py:1070} INFO - 
--------------------------------------------------------------------------------
[2021-05-16 09:11:46,004] {taskinstance.py:1089} INFO - Executing <Task(BashOperator): print_hello> on 2017-08-05T05:00:00+00:00
[2021-05-16 09:11:46,007] {standard_task_runner.py:52} INFO - Started process 47516 to run task
[2021-05-16 09:11:46,014] {standard_task_runner.py:76} INFO - Running: ['airflow', 'tasks', 'run', 'airflow_tutorial_v01', 'print_hello', '2017-08-05T05:00:00+00:00', '--job-id', '4708', '--pool', 'default_pool', '--raw', '--subdir', 'DAGS_FOLDER/Untitled.py', '--cfg-path', '/var/folders/tp/ft4rfkmn1kz3dyw8hlfz1dxw0000gn/T/tmpjy824rol', '--error-file', '/var/folders/tp/ft4rfkmn1kz3dyw8hlfz1dxw0000gn/T/tmp2bn1kxix']
[2021-05-16 09:11:46,016] {standard_task_runner.py:77} INFO - Job 4708: Subtask print_hello
[2021-05-16 09:11:46,052] {logging_mixin.py:104} INFO - Running <TaskInstance: airflow_tutorial_v01.print_hello 2017-08-05T05:00:00+00:00 [running]> on host 1.0.0.127.in-addr.arpa
[2021-05-16 09:11:46,082] {taskinstance.py:1281} INFO - Exporting the following env vars:
AIRFLOW_CTX_DAG_OWNER=me
AIRFLOW_CTX_DAG_ID=airflow_tutorial_v01
AIRFLOW_CTX_TASK_ID=print_hello
AIRFLOW_CTX_EXECUTION_DATE=2017-08-05T05:00:00+00:00
AIRFLOW_CTX_DAG_RUN_ID=scheduled__2017-08-05T05:00:00+00:00
[2021-05-16 09:11:46,082] {bash.py:135} INFO - Tmp dir root location: 
 /var/folders/tp/ft4rfkmn1kz3dyw8hlfz1dxw0000gn/T
[2021-05-16 09:11:46,083] {bash.py:158} INFO - Running command: echo "hello"
[2021-05-16 09:11:46,092] {bash.py:169} INFO - Output:
[2021-05-16 09:11:46,095] {bash.py:173} INFO - hello
[2021-05-16 09:11:46,096] {bash.py:177} INFO - Command exited with return code 0
[2021-05-16 09:11:46,110] {taskinstance.py:1185} INFO - Marking task as SUCCESS. dag_id=airflow_tutorial_v01, task_id=print_hello, execution_date=20170805T050000, start_date=20210516T081145, end_date=20210516T081146
[2021-05-16 09:11:46,126] {taskinstance.py:1246} INFO - 1 downstream tasks scheduled from follow-on schedule check
[2021-05-16 09:11:46,174] {local_task_job.py:146} INFO - Task exited with return code 0
