[2021-05-15 20:25:50,050] {taskinstance.py:877} INFO - Dependencies all met for <TaskInstance: airflow_tutorial_v01.print_hello 2017-06-23T03:00:00+00:00 [queued]>
[2021-05-15 20:25:50,054] {taskinstance.py:877} INFO - Dependencies all met for <TaskInstance: airflow_tutorial_v01.print_hello 2017-06-23T03:00:00+00:00 [queued]>
[2021-05-15 20:25:50,054] {taskinstance.py:1068} INFO - 
--------------------------------------------------------------------------------
[2021-05-15 20:25:50,054] {taskinstance.py:1069} INFO - Starting attempt 1 of 2
[2021-05-15 20:25:50,054] {taskinstance.py:1070} INFO - 
--------------------------------------------------------------------------------
[2021-05-15 20:25:50,059] {taskinstance.py:1089} INFO - Executing <Task(BashOperator): print_hello> on 2017-06-23T03:00:00+00:00
[2021-05-15 20:25:50,061] {standard_task_runner.py:52} INFO - Started process 65255 to run task
[2021-05-15 20:25:50,067] {standard_task_runner.py:76} INFO - Running: ['airflow', 'tasks', 'run', 'airflow_tutorial_v01', 'print_hello', '2017-06-23T03:00:00+00:00', '--job-id', '1600', '--pool', 'default_pool', '--raw', '--subdir', 'DAGS_FOLDER/Untitled.py', '--cfg-path', '/var/folders/tp/ft4rfkmn1kz3dyw8hlfz1dxw0000gn/T/tmps9tzzbo4', '--error-file', '/var/folders/tp/ft4rfkmn1kz3dyw8hlfz1dxw0000gn/T/tmpsaot8p7l']
[2021-05-15 20:25:50,068] {standard_task_runner.py:77} INFO - Job 1600: Subtask print_hello
[2021-05-15 20:25:50,097] {logging_mixin.py:104} INFO - Running <TaskInstance: airflow_tutorial_v01.print_hello 2017-06-23T03:00:00+00:00 [running]> on host 1.0.0.127.in-addr.arpa
[2021-05-15 20:25:50,119] {taskinstance.py:1281} INFO - Exporting the following env vars:
AIRFLOW_CTX_DAG_OWNER=me
AIRFLOW_CTX_DAG_ID=airflow_tutorial_v01
AIRFLOW_CTX_TASK_ID=print_hello
AIRFLOW_CTX_EXECUTION_DATE=2017-06-23T03:00:00+00:00
AIRFLOW_CTX_DAG_RUN_ID=scheduled__2017-06-23T03:00:00+00:00
[2021-05-15 20:25:50,119] {bash.py:135} INFO - Tmp dir root location: 
 /var/folders/tp/ft4rfkmn1kz3dyw8hlfz1dxw0000gn/T
[2021-05-15 20:25:50,120] {bash.py:158} INFO - Running command: echo "hello"
[2021-05-15 20:25:50,126] {bash.py:169} INFO - Output:
[2021-05-15 20:25:50,129] {bash.py:173} INFO - hello
[2021-05-15 20:25:50,129] {bash.py:177} INFO - Command exited with return code 0
[2021-05-15 20:25:50,139] {taskinstance.py:1185} INFO - Marking task as SUCCESS. dag_id=airflow_tutorial_v01, task_id=print_hello, execution_date=20170623T030000, start_date=20210515T192550, end_date=20210515T192550
[2021-05-15 20:25:50,151] {taskinstance.py:1246} INFO - 1 downstream tasks scheduled from follow-on schedule check
[2021-05-15 20:25:50,165] {local_task_job.py:146} INFO - Task exited with return code 0
