[2021-05-15 18:29:16,502] {taskinstance.py:877} INFO - Dependencies all met for <TaskInstance: airflow_tutorial_v01.sleep 2017-06-13T06:00:00+00:00 [queued]>
[2021-05-15 18:29:16,506] {taskinstance.py:877} INFO - Dependencies all met for <TaskInstance: airflow_tutorial_v01.sleep 2017-06-13T06:00:00+00:00 [queued]>
[2021-05-15 18:29:16,506] {taskinstance.py:1068} INFO - 
--------------------------------------------------------------------------------
[2021-05-15 18:29:16,506] {taskinstance.py:1069} INFO - Starting attempt 1 of 2
[2021-05-15 18:29:16,506] {taskinstance.py:1070} INFO - 
--------------------------------------------------------------------------------
[2021-05-15 18:29:16,511] {taskinstance.py:1089} INFO - Executing <Task(BashOperator): sleep> on 2017-06-13T06:00:00+00:00
[2021-05-15 18:29:16,513] {standard_task_runner.py:52} INFO - Started process 46974 to run task
[2021-05-15 18:29:16,519] {standard_task_runner.py:76} INFO - Running: ['airflow', 'tasks', 'run', 'airflow_tutorial_v01', 'sleep', '2017-06-13T06:00:00+00:00', '--job-id', '888', '--pool', 'default_pool', '--raw', '--subdir', 'DAGS_FOLDER/Untitled.py', '--cfg-path', '/var/folders/tp/ft4rfkmn1kz3dyw8hlfz1dxw0000gn/T/tmprphzg12t', '--error-file', '/var/folders/tp/ft4rfkmn1kz3dyw8hlfz1dxw0000gn/T/tmpxkl7raq9']
[2021-05-15 18:29:16,520] {standard_task_runner.py:77} INFO - Job 888: Subtask sleep
[2021-05-15 18:29:16,547] {logging_mixin.py:104} INFO - Running <TaskInstance: airflow_tutorial_v01.sleep 2017-06-13T06:00:00+00:00 [running]> on host henrys-macbook-pro.local
[2021-05-15 18:29:16,570] {taskinstance.py:1281} INFO - Exporting the following env vars:
AIRFLOW_CTX_DAG_OWNER=me
AIRFLOW_CTX_DAG_ID=airflow_tutorial_v01
AIRFLOW_CTX_TASK_ID=sleep
AIRFLOW_CTX_EXECUTION_DATE=2017-06-13T06:00:00+00:00
AIRFLOW_CTX_DAG_RUN_ID=scheduled__2017-06-13T06:00:00+00:00
[2021-05-15 18:29:16,571] {bash.py:135} INFO - Tmp dir root location: 
 /var/folders/tp/ft4rfkmn1kz3dyw8hlfz1dxw0000gn/T
[2021-05-15 18:29:16,573] {bash.py:158} INFO - Running command: sleep 5
[2021-05-15 18:29:16,583] {bash.py:169} INFO - Output:
[2021-05-15 18:29:21,596] {bash.py:177} INFO - Command exited with return code 0
[2021-05-15 18:29:21,616] {taskinstance.py:1185} INFO - Marking task as SUCCESS. dag_id=airflow_tutorial_v01, task_id=sleep, execution_date=20170613T060000, start_date=20210515T172916, end_date=20210515T172921
[2021-05-15 18:29:21,632] {taskinstance.py:1246} INFO - 1 downstream tasks scheduled from follow-on schedule check
[2021-05-15 18:29:21,641] {local_task_job.py:146} INFO - Task exited with return code 0
