[2021-05-15 18:07:28,833] {taskinstance.py:877} INFO - Dependencies all met for <TaskInstance: airflow_tutorial_v01.sleep 2017-06-09T01:00:00+00:00 [queued]>
[2021-05-15 18:07:28,838] {taskinstance.py:877} INFO - Dependencies all met for <TaskInstance: airflow_tutorial_v01.sleep 2017-06-09T01:00:00+00:00 [queued]>
[2021-05-15 18:07:28,838] {taskinstance.py:1068} INFO - 
--------------------------------------------------------------------------------
[2021-05-15 18:07:28,838] {taskinstance.py:1069} INFO - Starting attempt 1 of 2
[2021-05-15 18:07:28,838] {taskinstance.py:1070} INFO - 
--------------------------------------------------------------------------------
[2021-05-15 18:07:28,842] {taskinstance.py:1089} INFO - Executing <Task(BashOperator): sleep> on 2017-06-09T01:00:00+00:00
[2021-05-15 18:07:28,844] {standard_task_runner.py:52} INFO - Started process 39410 to run task
[2021-05-15 18:07:28,849] {standard_task_runner.py:76} INFO - Running: ['airflow', 'tasks', 'run', 'airflow_tutorial_v01', 'sleep', '2017-06-09T01:00:00+00:00', '--job-id', '584', '--pool', 'default_pool', '--raw', '--subdir', 'DAGS_FOLDER/Untitled.py', '--cfg-path', '/var/folders/tp/ft4rfkmn1kz3dyw8hlfz1dxw0000gn/T/tmpxhjrac84', '--error-file', '/var/folders/tp/ft4rfkmn1kz3dyw8hlfz1dxw0000gn/T/tmpalpeqo1p']
[2021-05-15 18:07:28,850] {standard_task_runner.py:77} INFO - Job 584: Subtask sleep
[2021-05-15 18:07:28,877] {logging_mixin.py:104} INFO - Running <TaskInstance: airflow_tutorial_v01.sleep 2017-06-09T01:00:00+00:00 [running]> on host 1.0.0.127.in-addr.arpa
[2021-05-15 18:07:28,900] {taskinstance.py:1281} INFO - Exporting the following env vars:
AIRFLOW_CTX_DAG_OWNER=me
AIRFLOW_CTX_DAG_ID=airflow_tutorial_v01
AIRFLOW_CTX_TASK_ID=sleep
AIRFLOW_CTX_EXECUTION_DATE=2017-06-09T01:00:00+00:00
AIRFLOW_CTX_DAG_RUN_ID=scheduled__2017-06-09T01:00:00+00:00
[2021-05-15 18:07:28,900] {bash.py:135} INFO - Tmp dir root location: 
 /var/folders/tp/ft4rfkmn1kz3dyw8hlfz1dxw0000gn/T
[2021-05-15 18:07:28,901] {bash.py:158} INFO - Running command: sleep 5
[2021-05-15 18:07:28,907] {bash.py:169} INFO - Output:
[2021-05-15 18:07:33,921] {bash.py:177} INFO - Command exited with return code 0
[2021-05-15 18:07:33,943] {taskinstance.py:1185} INFO - Marking task as SUCCESS. dag_id=airflow_tutorial_v01, task_id=sleep, execution_date=20170609T010000, start_date=20210515T170728, end_date=20210515T170733
[2021-05-15 18:07:33,958] {taskinstance.py:1246} INFO - 1 downstream tasks scheduled from follow-on schedule check
[2021-05-15 18:07:33,967] {local_task_job.py:146} INFO - Task exited with return code 0
