[2021-05-16 09:46:42,431] {taskinstance.py:877} INFO - Dependencies all met for <TaskInstance: airflow_tutorial_v01.sleep 2017-08-12T10:00:00+00:00 [queued]>
[2021-05-16 09:46:42,440] {taskinstance.py:877} INFO - Dependencies all met for <TaskInstance: airflow_tutorial_v01.sleep 2017-08-12T10:00:00+00:00 [queued]>
[2021-05-16 09:46:42,440] {taskinstance.py:1068} INFO - 
--------------------------------------------------------------------------------
[2021-05-16 09:46:42,441] {taskinstance.py:1069} INFO - Starting attempt 1 of 2
[2021-05-16 09:46:42,441] {taskinstance.py:1070} INFO - 
--------------------------------------------------------------------------------
[2021-05-16 09:46:42,447] {taskinstance.py:1089} INFO - Executing <Task(BashOperator): sleep> on 2017-08-12T10:00:00+00:00
[2021-05-16 09:46:42,450] {standard_task_runner.py:52} INFO - Started process 60241 to run task
[2021-05-16 09:46:42,457] {standard_task_runner.py:76} INFO - Running: ['airflow', 'tasks', 'run', 'airflow_tutorial_v01', 'sleep', '2017-08-12T10:00:00+00:00', '--job-id', '5231', '--pool', 'default_pool', '--raw', '--subdir', 'DAGS_FOLDER/Untitled.py', '--cfg-path', '/var/folders/tp/ft4rfkmn1kz3dyw8hlfz1dxw0000gn/T/tmp6gz9ee80', '--error-file', '/var/folders/tp/ft4rfkmn1kz3dyw8hlfz1dxw0000gn/T/tmpw_zjla2x']
[2021-05-16 09:46:42,459] {standard_task_runner.py:77} INFO - Job 5231: Subtask sleep
[2021-05-16 09:46:42,498] {logging_mixin.py:104} INFO - Running <TaskInstance: airflow_tutorial_v01.sleep 2017-08-12T10:00:00+00:00 [running]> on host 1.0.0.127.in-addr.arpa
[2021-05-16 09:46:42,524] {taskinstance.py:1281} INFO - Exporting the following env vars:
AIRFLOW_CTX_DAG_OWNER=me
AIRFLOW_CTX_DAG_ID=airflow_tutorial_v01
AIRFLOW_CTX_TASK_ID=sleep
AIRFLOW_CTX_EXECUTION_DATE=2017-08-12T10:00:00+00:00
AIRFLOW_CTX_DAG_RUN_ID=scheduled__2017-08-12T10:00:00+00:00
[2021-05-16 09:46:42,524] {bash.py:135} INFO - Tmp dir root location: 
 /var/folders/tp/ft4rfkmn1kz3dyw8hlfz1dxw0000gn/T
[2021-05-16 09:46:42,525] {bash.py:158} INFO - Running command: sleep 5
[2021-05-16 09:46:42,532] {bash.py:169} INFO - Output:
[2021-05-16 09:46:47,542] {bash.py:177} INFO - Command exited with return code 0
[2021-05-16 09:46:47,553] {taskinstance.py:1185} INFO - Marking task as SUCCESS. dag_id=airflow_tutorial_v01, task_id=sleep, execution_date=20170812T100000, start_date=20210516T084642, end_date=20210516T084647
[2021-05-16 09:46:47,566] {taskinstance.py:1246} INFO - 1 downstream tasks scheduled from follow-on schedule check
[2021-05-16 09:46:47,577] {local_task_job.py:146} INFO - Task exited with return code 0
