[2021-05-17 10:00:02,690] {taskinstance.py:877} INFO - Dependencies all met for <TaskInstance: matches_links.latest_only 2021-05-16T09:00:00+00:00 [queued]>
[2021-05-17 10:00:02,695] {taskinstance.py:877} INFO - Dependencies all met for <TaskInstance: matches_links.latest_only 2021-05-16T09:00:00+00:00 [queued]>
[2021-05-17 10:00:02,695] {taskinstance.py:1068} INFO - 
--------------------------------------------------------------------------------
[2021-05-17 10:00:02,695] {taskinstance.py:1069} INFO - Starting attempt 1 of 2
[2021-05-17 10:00:02,695] {taskinstance.py:1070} INFO - 
--------------------------------------------------------------------------------
[2021-05-17 10:00:02,700] {taskinstance.py:1089} INFO - Executing <Task(LatestOnlyOperator): latest_only> on 2021-05-16T09:00:00+00:00
[2021-05-17 10:00:02,702] {standard_task_runner.py:52} INFO - Started process 37366 to run task
[2021-05-17 10:00:02,708] {standard_task_runner.py:76} INFO - Running: ['airflow', 'tasks', 'run', 'matches_links', 'latest_only', '2021-05-16T09:00:00+00:00', '--job-id', '3', '--pool', 'default_pool', '--raw', '--subdir', 'DAGS_FOLDER/matches_links/matches_links.py', '--cfg-path', '/var/folders/tp/ft4rfkmn1kz3dyw8hlfz1dxw0000gn/T/tmpa_o25yn_', '--error-file', '/var/folders/tp/ft4rfkmn1kz3dyw8hlfz1dxw0000gn/T/tmpa3xeun8l']
[2021-05-17 10:00:02,710] {standard_task_runner.py:77} INFO - Job 3: Subtask latest_only
[2021-05-17 10:00:02,741] {logging_mixin.py:104} INFO - Running <TaskInstance: matches_links.latest_only 2021-05-16T09:00:00+00:00 [running]> on host Henrys-MacBook-Pro.local
[2021-05-17 10:00:02,767] {taskinstance.py:1281} INFO - Exporting the following env vars:
AIRFLOW_CTX_DAG_OWNER=me
AIRFLOW_CTX_DAG_ID=matches_links
AIRFLOW_CTX_TASK_ID=latest_only
AIRFLOW_CTX_EXECUTION_DATE=2021-05-16T09:00:00+00:00
AIRFLOW_CTX_DAG_RUN_ID=scheduled__2021-05-16T09:00:00+00:00
[2021-05-17 10:00:02,771] {latest_only.py:53} INFO - Checking latest only with left_window: 2021-05-17 09:00:00+00:00 right_window: 2021-05-18 09:00:00+00:00 now: 2021-05-17T09:00:02.768394+00:00
[2021-05-17 10:00:02,771] {latest_only.py:66} INFO - Latest, allowing execution to proceed.
[2021-05-17 10:00:02,771] {skipmixin.py:124} INFO - Following branch ['get_south_africa_rainbow_cup_links', 'get_super_rugby_links', 'get_super_rugby_aus_links', 'get_super_rugby_trans_links', 'get_autumn_nations_cup_links', 'get_the_rugby_championship_links', 'get_premiership_links', 'get_pro_14_links', 'get_currie_cup_links', 'get_european_champions_cup_links', 'get_internationals_2020_links', 'get_premiership_cup_links', 'get_super_rugby_unlocked_links', 'get_pro_14_rainbow_cup_links', 'get_internations_2019_links', 'get_mitre_10_links', 'get_challenge_cup_links', 'get_RWC_links', 'get_top_14_links', 'get_six_nations_links']
[2021-05-17 10:00:02,774] {skipmixin.py:155} INFO - Skipping tasks []
[2021-05-17 10:00:02,788] {taskinstance.py:1185} INFO - Marking task as SUCCESS. dag_id=matches_links, task_id=latest_only, execution_date=20210516T090000, start_date=20210517T090002, end_date=20210517T090002
[2021-05-17 10:00:02,841] {taskinstance.py:1246} INFO - 20 downstream tasks scheduled from follow-on schedule check
[2021-05-17 10:00:02,846] {local_task_job.py:146} INFO - Task exited with return code 0
