[2021-05-15 22:33:30,481] {taskinstance.py:877} INFO - Dependencies all met for <TaskInstance: airflow_tutorial_v01.print_hello 2017-07-25T01:00:00+00:00 [queued]>
[2021-05-15 22:33:30,488] {taskinstance.py:877} INFO - Dependencies all met for <TaskInstance: airflow_tutorial_v01.print_hello 2017-07-25T01:00:00+00:00 [queued]>
[2021-05-15 22:33:30,489] {taskinstance.py:1068} INFO - 
--------------------------------------------------------------------------------
[2021-05-15 22:33:30,489] {taskinstance.py:1069} INFO - Starting attempt 1 of 2
[2021-05-15 22:33:30,489] {taskinstance.py:1070} INFO - 
--------------------------------------------------------------------------------
[2021-05-15 22:33:30,495] {taskinstance.py:1089} INFO - Executing <Task(BashOperator): print_hello> on 2017-07-25T01:00:00+00:00
[2021-05-15 22:33:30,497] {standard_task_runner.py:52} INFO - Started process 23812 to run task
[2021-05-15 22:33:30,502] {standard_task_runner.py:76} INFO - Running: ['airflow', 'tasks', 'run', 'airflow_tutorial_v01', 'print_hello', '2017-07-25T01:00:00+00:00', '--job-id', '3901', '--pool', 'default_pool', '--raw', '--subdir', 'DAGS_FOLDER/Untitled.py', '--cfg-path', '/var/folders/tp/ft4rfkmn1kz3dyw8hlfz1dxw0000gn/T/tmpk_z3u19q', '--error-file', '/var/folders/tp/ft4rfkmn1kz3dyw8hlfz1dxw0000gn/T/tmp46pxxheh']
[2021-05-15 22:33:30,503] {standard_task_runner.py:77} INFO - Job 3901: Subtask print_hello
[2021-05-15 22:33:30,534] {logging_mixin.py:104} INFO - Running <TaskInstance: airflow_tutorial_v01.print_hello 2017-07-25T01:00:00+00:00 [running]> on host henrys-macbook-pro.local
[2021-05-15 22:33:30,560] {taskinstance.py:1281} INFO - Exporting the following env vars:
AIRFLOW_CTX_DAG_OWNER=me
AIRFLOW_CTX_DAG_ID=airflow_tutorial_v01
AIRFLOW_CTX_TASK_ID=print_hello
AIRFLOW_CTX_EXECUTION_DATE=2017-07-25T01:00:00+00:00
AIRFLOW_CTX_DAG_RUN_ID=scheduled__2017-07-25T01:00:00+00:00
[2021-05-15 22:33:30,560] {bash.py:135} INFO - Tmp dir root location: 
 /var/folders/tp/ft4rfkmn1kz3dyw8hlfz1dxw0000gn/T
[2021-05-15 22:33:30,561] {bash.py:158} INFO - Running command: echo "hello"
[2021-05-15 22:33:30,568] {bash.py:169} INFO - Output:
[2021-05-15 22:33:30,570] {bash.py:173} INFO - hello
[2021-05-15 22:33:30,571] {bash.py:177} INFO - Command exited with return code 0
[2021-05-15 22:33:30,584] {taskinstance.py:1185} INFO - Marking task as SUCCESS. dag_id=airflow_tutorial_v01, task_id=print_hello, execution_date=20170725T010000, start_date=20210515T213330, end_date=20210515T213330
[2021-05-15 22:33:30,602] {taskinstance.py:1246} INFO - 1 downstream tasks scheduled from follow-on schedule check
[2021-05-15 22:33:30,638] {local_task_job.py:146} INFO - Task exited with return code 0
