[2021-05-15 17:35:33,268] {taskinstance.py:877} INFO - Dependencies all met for <TaskInstance: airflow_tutorial_v01.print_hello 2017-06-01T07:00:00+00:00 [queued]>
[2021-05-15 17:35:33,272] {taskinstance.py:877} INFO - Dependencies all met for <TaskInstance: airflow_tutorial_v01.print_hello 2017-06-01T07:00:00+00:00 [queued]>
[2021-05-15 17:35:33,272] {taskinstance.py:1068} INFO - 
--------------------------------------------------------------------------------
[2021-05-15 17:35:33,272] {taskinstance.py:1069} INFO - Starting attempt 1 of 2
[2021-05-15 17:35:33,272] {taskinstance.py:1070} INFO - 
--------------------------------------------------------------------------------
[2021-05-15 17:35:33,277] {taskinstance.py:1089} INFO - Executing <Task(BashOperator): print_hello> on 2017-06-01T07:00:00+00:00
[2021-05-15 17:35:33,279] {standard_task_runner.py:52} INFO - Started process 25253 to run task
[2021-05-15 17:35:33,284] {standard_task_runner.py:76} INFO - Running: ['airflow', 'tasks', 'run', 'airflow_tutorial_v01', 'print_hello', '2017-06-01T07:00:00+00:00', '--job-id', '22', '--pool', 'default_pool', '--raw', '--subdir', 'DAGS_FOLDER/Untitled.py', '--cfg-path', '/var/folders/tp/ft4rfkmn1kz3dyw8hlfz1dxw0000gn/T/tmp3ytk4scm', '--error-file', '/var/folders/tp/ft4rfkmn1kz3dyw8hlfz1dxw0000gn/T/tmp9aqaocim']
[2021-05-15 17:35:33,286] {standard_task_runner.py:77} INFO - Job 22: Subtask print_hello
[2021-05-15 17:35:33,316] {logging_mixin.py:104} INFO - Running <TaskInstance: airflow_tutorial_v01.print_hello 2017-06-01T07:00:00+00:00 [running]> on host Henrys-MacBook-Pro.local
[2021-05-15 17:35:33,338] {taskinstance.py:1281} INFO - Exporting the following env vars:
AIRFLOW_CTX_DAG_OWNER=me
AIRFLOW_CTX_DAG_ID=airflow_tutorial_v01
AIRFLOW_CTX_TASK_ID=print_hello
AIRFLOW_CTX_EXECUTION_DATE=2017-06-01T07:00:00+00:00
AIRFLOW_CTX_DAG_RUN_ID=scheduled__2017-06-01T07:00:00+00:00
[2021-05-15 17:35:33,339] {bash.py:135} INFO - Tmp dir root location: 
 /var/folders/tp/ft4rfkmn1kz3dyw8hlfz1dxw0000gn/T
[2021-05-15 17:35:33,340] {bash.py:158} INFO - Running command: echo "hello"
[2021-05-15 17:35:33,347] {bash.py:169} INFO - Output:
[2021-05-15 17:35:33,349] {bash.py:173} INFO - hello
[2021-05-15 17:35:33,350] {bash.py:177} INFO - Command exited with return code 0
[2021-05-15 17:35:33,361] {taskinstance.py:1185} INFO - Marking task as SUCCESS. dag_id=airflow_tutorial_v01, task_id=print_hello, execution_date=20170601T070000, start_date=20210515T163533, end_date=20210515T163533
[2021-05-15 17:35:33,373] {taskinstance.py:1246} INFO - 1 downstream tasks scheduled from follow-on schedule check
[2021-05-15 17:35:33,379] {local_task_job.py:146} INFO - Task exited with return code 0
