[2021-05-15 22:59:09,026] {taskinstance.py:877} INFO - Dependencies all met for <TaskInstance: airflow_tutorial_v01.sleep 2017-07-31T12:00:00+00:00 [queued]>
[2021-05-15 22:59:09,036] {taskinstance.py:877} INFO - Dependencies all met for <TaskInstance: airflow_tutorial_v01.sleep 2017-07-31T12:00:00+00:00 [queued]>
[2021-05-15 22:59:09,036] {taskinstance.py:1068} INFO - 
--------------------------------------------------------------------------------
[2021-05-15 22:59:09,036] {taskinstance.py:1069} INFO - Starting attempt 1 of 2
[2021-05-15 22:59:09,037] {taskinstance.py:1070} INFO - 
--------------------------------------------------------------------------------
[2021-05-15 22:59:09,043] {taskinstance.py:1089} INFO - Executing <Task(BashOperator): sleep> on 2017-07-31T12:00:00+00:00
[2021-05-15 22:59:09,045] {standard_task_runner.py:52} INFO - Started process 35621 to run task
[2021-05-15 22:59:09,052] {standard_task_runner.py:76} INFO - Running: ['airflow', 'tasks', 'run', 'airflow_tutorial_v01', 'sleep', '2017-07-31T12:00:00+00:00', '--job-id', '4372', '--pool', 'default_pool', '--raw', '--subdir', 'DAGS_FOLDER/Untitled.py', '--cfg-path', '/var/folders/tp/ft4rfkmn1kz3dyw8hlfz1dxw0000gn/T/tmp4s72k8rl', '--error-file', '/var/folders/tp/ft4rfkmn1kz3dyw8hlfz1dxw0000gn/T/tmpap0_zsrd']
[2021-05-15 22:59:09,053] {standard_task_runner.py:77} INFO - Job 4372: Subtask sleep
[2021-05-15 22:59:09,087] {logging_mixin.py:104} INFO - Running <TaskInstance: airflow_tutorial_v01.sleep 2017-07-31T12:00:00+00:00 [running]> on host 1.0.0.127.in-addr.arpa
[2021-05-15 22:59:09,111] {taskinstance.py:1281} INFO - Exporting the following env vars:
AIRFLOW_CTX_DAG_OWNER=me
AIRFLOW_CTX_DAG_ID=airflow_tutorial_v01
AIRFLOW_CTX_TASK_ID=sleep
AIRFLOW_CTX_EXECUTION_DATE=2017-07-31T12:00:00+00:00
AIRFLOW_CTX_DAG_RUN_ID=scheduled__2017-07-31T12:00:00+00:00
[2021-05-15 22:59:09,111] {bash.py:135} INFO - Tmp dir root location: 
 /var/folders/tp/ft4rfkmn1kz3dyw8hlfz1dxw0000gn/T
[2021-05-15 22:59:09,113] {bash.py:158} INFO - Running command: sleep 5
[2021-05-15 22:59:09,120] {bash.py:169} INFO - Output:
[2021-05-15 22:59:14,132] {bash.py:177} INFO - Command exited with return code 0
[2021-05-15 22:59:14,152] {taskinstance.py:1185} INFO - Marking task as SUCCESS. dag_id=airflow_tutorial_v01, task_id=sleep, execution_date=20170731T120000, start_date=20210515T215909, end_date=20210515T215914
[2021-05-15 22:59:14,168] {taskinstance.py:1246} INFO - 1 downstream tasks scheduled from follow-on schedule check
[2021-05-15 22:59:14,213] {local_task_job.py:146} INFO - Task exited with return code 0
