[2021-05-15 17:38:48,557] {taskinstance.py:877} INFO - Dependencies all met for <TaskInstance: airflow_tutorial_v01.print_world 2017-06-02T02:00:00+00:00 [queued]>
[2021-05-15 17:38:48,561] {taskinstance.py:877} INFO - Dependencies all met for <TaskInstance: airflow_tutorial_v01.print_world 2017-06-02T02:00:00+00:00 [queued]>
[2021-05-15 17:38:48,561] {taskinstance.py:1068} INFO - 
--------------------------------------------------------------------------------
[2021-05-15 17:38:48,561] {taskinstance.py:1069} INFO - Starting attempt 1 of 2
[2021-05-15 17:38:48,561] {taskinstance.py:1070} INFO - 
--------------------------------------------------------------------------------
[2021-05-15 17:38:48,566] {taskinstance.py:1089} INFO - Executing <Task(PythonOperator): print_world> on 2017-06-02T02:00:00+00:00
[2021-05-15 17:38:48,568] {standard_task_runner.py:52} INFO - Started process 26898 to run task
[2021-05-15 17:38:48,574] {standard_task_runner.py:76} INFO - Running: ['airflow', 'tasks', 'run', 'airflow_tutorial_v01', 'print_world', '2017-06-02T02:00:00+00:00', '--job-id', '87', '--pool', 'default_pool', '--raw', '--subdir', 'DAGS_FOLDER/Untitled.py', '--cfg-path', '/var/folders/tp/ft4rfkmn1kz3dyw8hlfz1dxw0000gn/T/tmp1ur7mdpg', '--error-file', '/var/folders/tp/ft4rfkmn1kz3dyw8hlfz1dxw0000gn/T/tmp5enxy8zc']
[2021-05-15 17:38:48,575] {standard_task_runner.py:77} INFO - Job 87: Subtask print_world
[2021-05-15 17:38:48,603] {logging_mixin.py:104} INFO - Running <TaskInstance: airflow_tutorial_v01.print_world 2017-06-02T02:00:00+00:00 [running]> on host Henrys-MacBook-Pro.local
[2021-05-15 17:38:48,624] {taskinstance.py:1281} INFO - Exporting the following env vars:
AIRFLOW_CTX_DAG_OWNER=me
AIRFLOW_CTX_DAG_ID=airflow_tutorial_v01
AIRFLOW_CTX_TASK_ID=print_world
AIRFLOW_CTX_EXECUTION_DATE=2017-06-02T02:00:00+00:00
AIRFLOW_CTX_DAG_RUN_ID=scheduled__2017-06-02T02:00:00+00:00
[2021-05-15 17:38:48,625] {logging_mixin.py:104} INFO - world
[2021-05-15 17:38:48,626] {python.py:118} INFO - Done. Returned value was: None
[2021-05-15 17:38:48,629] {taskinstance.py:1185} INFO - Marking task as SUCCESS. dag_id=airflow_tutorial_v01, task_id=print_world, execution_date=20170602T020000, start_date=20210515T163848, end_date=20210515T163848
[2021-05-15 17:38:48,639] {taskinstance.py:1246} INFO - 0 downstream tasks scheduled from follow-on schedule check
[2021-05-15 17:38:48,670] {local_task_job.py:146} INFO - Task exited with return code 0
