[2021-05-15 17:50:50,577] {taskinstance.py:877} INFO - Dependencies all met for <TaskInstance: airflow_tutorial_v01.print_hello 2017-06-04T12:00:00+00:00 [queued]>
[2021-05-15 17:50:50,580] {taskinstance.py:877} INFO - Dependencies all met for <TaskInstance: airflow_tutorial_v01.print_hello 2017-06-04T12:00:00+00:00 [queued]>
[2021-05-15 17:50:50,580] {taskinstance.py:1068} INFO - 
--------------------------------------------------------------------------------
[2021-05-15 17:50:50,580] {taskinstance.py:1069} INFO - Starting attempt 1 of 2
[2021-05-15 17:50:50,580] {taskinstance.py:1070} INFO - 
--------------------------------------------------------------------------------
[2021-05-15 17:50:50,585] {taskinstance.py:1089} INFO - Executing <Task(BashOperator): print_hello> on 2017-06-04T12:00:00+00:00
[2021-05-15 17:50:50,587] {standard_task_runner.py:52} INFO - Started process 31064 to run task
[2021-05-15 17:50:50,593] {standard_task_runner.py:76} INFO - Running: ['airflow', 'tasks', 'run', 'airflow_tutorial_v01', 'print_hello', '2017-06-04T12:00:00+00:00', '--job-id', '253', '--pool', 'default_pool', '--raw', '--subdir', 'DAGS_FOLDER/Untitled.py', '--cfg-path', '/var/folders/tp/ft4rfkmn1kz3dyw8hlfz1dxw0000gn/T/tmpcjl5cbrw', '--error-file', '/var/folders/tp/ft4rfkmn1kz3dyw8hlfz1dxw0000gn/T/tmp2quh_4h0']
[2021-05-15 17:50:50,594] {standard_task_runner.py:77} INFO - Job 253: Subtask print_hello
[2021-05-15 17:50:50,620] {logging_mixin.py:104} INFO - Running <TaskInstance: airflow_tutorial_v01.print_hello 2017-06-04T12:00:00+00:00 [running]> on host 1.0.0.127.in-addr.arpa
[2021-05-15 17:50:50,641] {taskinstance.py:1281} INFO - Exporting the following env vars:
AIRFLOW_CTX_DAG_OWNER=me
AIRFLOW_CTX_DAG_ID=airflow_tutorial_v01
AIRFLOW_CTX_TASK_ID=print_hello
AIRFLOW_CTX_EXECUTION_DATE=2017-06-04T12:00:00+00:00
AIRFLOW_CTX_DAG_RUN_ID=scheduled__2017-06-04T12:00:00+00:00
[2021-05-15 17:50:50,642] {bash.py:135} INFO - Tmp dir root location: 
 /var/folders/tp/ft4rfkmn1kz3dyw8hlfz1dxw0000gn/T
[2021-05-15 17:50:50,643] {bash.py:158} INFO - Running command: echo "hello"
[2021-05-15 17:50:50,649] {bash.py:169} INFO - Output:
[2021-05-15 17:50:50,651] {bash.py:173} INFO - hello
[2021-05-15 17:50:50,652] {bash.py:177} INFO - Command exited with return code 0
[2021-05-15 17:50:50,663] {taskinstance.py:1185} INFO - Marking task as SUCCESS. dag_id=airflow_tutorial_v01, task_id=print_hello, execution_date=20170604T120000, start_date=20210515T165050, end_date=20210515T165050
[2021-05-15 17:50:50,676] {taskinstance.py:1246} INFO - 1 downstream tasks scheduled from follow-on schedule check
[2021-05-15 17:50:50,690] {local_task_job.py:146} INFO - Task exited with return code 0
