[2021-05-16 09:20:28,935] {taskinstance.py:877} INFO - Dependencies all met for <TaskInstance: airflow_tutorial_v01.print_hello 2017-08-07T03:00:00+00:00 [queued]>
[2021-05-16 09:20:28,944] {taskinstance.py:877} INFO - Dependencies all met for <TaskInstance: airflow_tutorial_v01.print_hello 2017-08-07T03:00:00+00:00 [queued]>
[2021-05-16 09:20:28,945] {taskinstance.py:1068} INFO - 
--------------------------------------------------------------------------------
[2021-05-16 09:20:28,945] {taskinstance.py:1069} INFO - Starting attempt 1 of 2
[2021-05-16 09:20:28,945] {taskinstance.py:1070} INFO - 
--------------------------------------------------------------------------------
[2021-05-16 09:20:28,954] {taskinstance.py:1089} INFO - Executing <Task(BashOperator): print_hello> on 2017-08-07T03:00:00+00:00
[2021-05-16 09:20:28,956] {standard_task_runner.py:52} INFO - Started process 50897 to run task
[2021-05-16 09:20:28,966] {standard_task_runner.py:76} INFO - Running: ['airflow', 'tasks', 'run', 'airflow_tutorial_v01', 'print_hello', '2017-08-07T03:00:00+00:00', '--job-id', '4846', '--pool', 'default_pool', '--raw', '--subdir', 'DAGS_FOLDER/Untitled.py', '--cfg-path', '/var/folders/tp/ft4rfkmn1kz3dyw8hlfz1dxw0000gn/T/tmp_ag8gpck', '--error-file', '/var/folders/tp/ft4rfkmn1kz3dyw8hlfz1dxw0000gn/T/tmp93f6t6na']
[2021-05-16 09:20:28,968] {standard_task_runner.py:77} INFO - Job 4846: Subtask print_hello
[2021-05-16 09:20:29,016] {logging_mixin.py:104} INFO - Running <TaskInstance: airflow_tutorial_v01.print_hello 2017-08-07T03:00:00+00:00 [running]> on host 1.0.0.127.in-addr.arpa
[2021-05-16 09:20:29,055] {taskinstance.py:1281} INFO - Exporting the following env vars:
AIRFLOW_CTX_DAG_OWNER=me
AIRFLOW_CTX_DAG_ID=airflow_tutorial_v01
AIRFLOW_CTX_TASK_ID=print_hello
AIRFLOW_CTX_EXECUTION_DATE=2017-08-07T03:00:00+00:00
AIRFLOW_CTX_DAG_RUN_ID=scheduled__2017-08-07T03:00:00+00:00
[2021-05-16 09:20:29,056] {bash.py:135} INFO - Tmp dir root location: 
 /var/folders/tp/ft4rfkmn1kz3dyw8hlfz1dxw0000gn/T
[2021-05-16 09:20:29,058] {bash.py:158} INFO - Running command: echo "hello"
[2021-05-16 09:20:29,068] {bash.py:169} INFO - Output:
[2021-05-16 09:20:29,073] {bash.py:173} INFO - hello
[2021-05-16 09:20:29,074] {bash.py:177} INFO - Command exited with return code 0
[2021-05-16 09:20:29,093] {taskinstance.py:1185} INFO - Marking task as SUCCESS. dag_id=airflow_tutorial_v01, task_id=print_hello, execution_date=20170807T030000, start_date=20210516T082028, end_date=20210516T082029
[2021-05-16 09:20:29,114] {taskinstance.py:1246} INFO - 1 downstream tasks scheduled from follow-on schedule check
[2021-05-16 09:20:29,154] {local_task_job.py:146} INFO - Task exited with return code 0
