[2021-05-15 18:00:32,585] {taskinstance.py:877} INFO - Dependencies all met for <TaskInstance: airflow_tutorial_v01.sleep 2017-06-07T02:00:00+00:00 [queued]>
[2021-05-15 18:00:32,589] {taskinstance.py:877} INFO - Dependencies all met for <TaskInstance: airflow_tutorial_v01.sleep 2017-06-07T02:00:00+00:00 [queued]>
[2021-05-15 18:00:32,589] {taskinstance.py:1068} INFO - 
--------------------------------------------------------------------------------
[2021-05-15 18:00:32,589] {taskinstance.py:1069} INFO - Starting attempt 1 of 2
[2021-05-15 18:00:32,589] {taskinstance.py:1070} INFO - 
--------------------------------------------------------------------------------
[2021-05-15 18:00:32,594] {taskinstance.py:1089} INFO - Executing <Task(BashOperator): sleep> on 2017-06-07T02:00:00+00:00
[2021-05-15 18:00:32,595] {standard_task_runner.py:52} INFO - Started process 36029 to run task
[2021-05-15 18:00:32,601] {standard_task_runner.py:76} INFO - Running: ['airflow', 'tasks', 'run', 'airflow_tutorial_v01', 'sleep', '2017-06-07T02:00:00+00:00', '--job-id', '443', '--pool', 'default_pool', '--raw', '--subdir', 'DAGS_FOLDER/Untitled.py', '--cfg-path', '/var/folders/tp/ft4rfkmn1kz3dyw8hlfz1dxw0000gn/T/tmpexa0vzba', '--error-file', '/var/folders/tp/ft4rfkmn1kz3dyw8hlfz1dxw0000gn/T/tmp2hvv4qg7']
[2021-05-15 18:00:32,602] {standard_task_runner.py:77} INFO - Job 443: Subtask sleep
[2021-05-15 18:00:32,640] {logging_mixin.py:104} INFO - Running <TaskInstance: airflow_tutorial_v01.sleep 2017-06-07T02:00:00+00:00 [running]> on host 1.0.0.127.in-addr.arpa
[2021-05-15 18:00:32,662] {taskinstance.py:1281} INFO - Exporting the following env vars:
AIRFLOW_CTX_DAG_OWNER=me
AIRFLOW_CTX_DAG_ID=airflow_tutorial_v01
AIRFLOW_CTX_TASK_ID=sleep
AIRFLOW_CTX_EXECUTION_DATE=2017-06-07T02:00:00+00:00
AIRFLOW_CTX_DAG_RUN_ID=scheduled__2017-06-07T02:00:00+00:00
[2021-05-15 18:00:32,663] {bash.py:135} INFO - Tmp dir root location: 
 /var/folders/tp/ft4rfkmn1kz3dyw8hlfz1dxw0000gn/T
[2021-05-15 18:00:32,664] {bash.py:158} INFO - Running command: sleep 5
[2021-05-15 18:00:32,669] {bash.py:169} INFO - Output:
[2021-05-15 18:00:37,676] {bash.py:177} INFO - Command exited with return code 0
[2021-05-15 18:00:37,696] {taskinstance.py:1185} INFO - Marking task as SUCCESS. dag_id=airflow_tutorial_v01, task_id=sleep, execution_date=20170607T020000, start_date=20210515T170032, end_date=20210515T170037
[2021-05-15 18:00:37,710] {taskinstance.py:1246} INFO - 1 downstream tasks scheduled from follow-on schedule check
[2021-05-15 18:00:37,732] {local_task_job.py:146} INFO - Task exited with return code 0
