[2021-05-15 21:00:49,408] {taskinstance.py:877} INFO - Dependencies all met for <TaskInstance: airflow_tutorial_v01.print_world 2017-06-29T14:00:00+00:00 [queued]>
[2021-05-15 21:00:49,412] {taskinstance.py:877} INFO - Dependencies all met for <TaskInstance: airflow_tutorial_v01.print_world 2017-06-29T14:00:00+00:00 [queued]>
[2021-05-15 21:00:49,412] {taskinstance.py:1068} INFO - 
--------------------------------------------------------------------------------
[2021-05-15 21:00:49,412] {taskinstance.py:1069} INFO - Starting attempt 1 of 2
[2021-05-15 21:00:49,412] {taskinstance.py:1070} INFO - 
--------------------------------------------------------------------------------
[2021-05-15 21:00:49,417] {taskinstance.py:1089} INFO - Executing <Task(PythonOperator): print_world> on 2017-06-29T14:00:00+00:00
[2021-05-15 21:00:49,419] {standard_task_runner.py:52} INFO - Started process 77363 to run task
[2021-05-15 21:00:49,425] {standard_task_runner.py:76} INFO - Running: ['airflow', 'tasks', 'run', 'airflow_tutorial_v01', 'print_world', '2017-06-29T14:00:00+00:00', '--job-id', '2076', '--pool', 'default_pool', '--raw', '--subdir', 'DAGS_FOLDER/Untitled.py', '--cfg-path', '/var/folders/tp/ft4rfkmn1kz3dyw8hlfz1dxw0000gn/T/tmpfw_f5zxy', '--error-file', '/var/folders/tp/ft4rfkmn1kz3dyw8hlfz1dxw0000gn/T/tmp2w_1z4am']
[2021-05-15 21:00:49,426] {standard_task_runner.py:77} INFO - Job 2076: Subtask print_world
[2021-05-15 21:00:49,454] {logging_mixin.py:104} INFO - Running <TaskInstance: airflow_tutorial_v01.print_world 2017-06-29T14:00:00+00:00 [running]> on host 1.0.0.0.0.0.0.0.0.0.0.0.0.0.0.0.0.0.0.0.0.0.0.0.0.0.0.0.0.0.0.0.ip6.arpa
[2021-05-15 21:00:49,474] {taskinstance.py:1281} INFO - Exporting the following env vars:
AIRFLOW_CTX_DAG_OWNER=me
AIRFLOW_CTX_DAG_ID=airflow_tutorial_v01
AIRFLOW_CTX_TASK_ID=print_world
AIRFLOW_CTX_EXECUTION_DATE=2017-06-29T14:00:00+00:00
AIRFLOW_CTX_DAG_RUN_ID=scheduled__2017-06-29T14:00:00+00:00
[2021-05-15 21:00:49,474] {logging_mixin.py:104} INFO - world
[2021-05-15 21:00:49,475] {python.py:118} INFO - Done. Returned value was: None
[2021-05-15 21:00:49,478] {taskinstance.py:1185} INFO - Marking task as SUCCESS. dag_id=airflow_tutorial_v01, task_id=print_world, execution_date=20170629T140000, start_date=20210515T200049, end_date=20210515T200049
[2021-05-15 21:00:49,487] {taskinstance.py:1246} INFO - 0 downstream tasks scheduled from follow-on schedule check
[2021-05-15 21:00:49,522] {local_task_job.py:146} INFO - Task exited with return code 0
