[2021-05-16 09:43:40,410] {taskinstance.py:877} INFO - Dependencies all met for <TaskInstance: airflow_tutorial_v01.sleep 2017-08-12T01:00:00+00:00 [queued]>
[2021-05-16 09:43:40,421] {taskinstance.py:877} INFO - Dependencies all met for <TaskInstance: airflow_tutorial_v01.sleep 2017-08-12T01:00:00+00:00 [queued]>
[2021-05-16 09:43:40,422] {taskinstance.py:1068} INFO - 
--------------------------------------------------------------------------------
[2021-05-16 09:43:40,422] {taskinstance.py:1069} INFO - Starting attempt 1 of 2
[2021-05-16 09:43:40,422] {taskinstance.py:1070} INFO - 
--------------------------------------------------------------------------------
[2021-05-16 09:43:40,433] {taskinstance.py:1089} INFO - Executing <Task(BashOperator): sleep> on 2017-08-12T01:00:00+00:00
[2021-05-16 09:43:40,437] {standard_task_runner.py:52} INFO - Started process 59407 to run task
[2021-05-16 09:43:40,449] {standard_task_runner.py:76} INFO - Running: ['airflow', 'tasks', 'run', 'airflow_tutorial_v01', 'sleep', '2017-08-12T01:00:00+00:00', '--job-id', '5202', '--pool', 'default_pool', '--raw', '--subdir', 'DAGS_FOLDER/Untitled.py', '--cfg-path', '/var/folders/tp/ft4rfkmn1kz3dyw8hlfz1dxw0000gn/T/tmpqrzvrik0', '--error-file', '/var/folders/tp/ft4rfkmn1kz3dyw8hlfz1dxw0000gn/T/tmpn8b95ivm']
[2021-05-16 09:43:40,453] {standard_task_runner.py:77} INFO - Job 5202: Subtask sleep
[2021-05-16 09:43:40,512] {logging_mixin.py:104} INFO - Running <TaskInstance: airflow_tutorial_v01.sleep 2017-08-12T01:00:00+00:00 [running]> on host henrys-macbook-pro.local
[2021-05-16 09:43:40,559] {taskinstance.py:1281} INFO - Exporting the following env vars:
AIRFLOW_CTX_DAG_OWNER=me
AIRFLOW_CTX_DAG_ID=airflow_tutorial_v01
AIRFLOW_CTX_TASK_ID=sleep
AIRFLOW_CTX_EXECUTION_DATE=2017-08-12T01:00:00+00:00
AIRFLOW_CTX_DAG_RUN_ID=scheduled__2017-08-12T01:00:00+00:00
[2021-05-16 09:43:40,561] {bash.py:135} INFO - Tmp dir root location: 
 /var/folders/tp/ft4rfkmn1kz3dyw8hlfz1dxw0000gn/T
[2021-05-16 09:43:40,562] {bash.py:158} INFO - Running command: sleep 5
[2021-05-16 09:43:40,576] {bash.py:169} INFO - Output:
[2021-05-16 09:43:45,593] {bash.py:177} INFO - Command exited with return code 0
[2021-05-16 09:43:45,611] {taskinstance.py:1185} INFO - Marking task as SUCCESS. dag_id=airflow_tutorial_v01, task_id=sleep, execution_date=20170812T010000, start_date=20210516T084340, end_date=20210516T084345
[2021-05-16 09:43:45,631] {taskinstance.py:1246} INFO - 1 downstream tasks scheduled from follow-on schedule check
[2021-05-16 09:43:45,704] {local_task_job.py:174} WARNING - The recorded hostname 1.0.0.127.in-addr.arpa does not match this instance's hostname henrys-macbook-pro.local
