[2021-05-15 22:41:29,898] {taskinstance.py:877} INFO - Dependencies all met for <TaskInstance: airflow_tutorial_v01.print_hello 2017-07-27T02:00:00+00:00 [queued]>
[2021-05-15 22:41:29,905] {taskinstance.py:877} INFO - Dependencies all met for <TaskInstance: airflow_tutorial_v01.print_hello 2017-07-27T02:00:00+00:00 [queued]>
[2021-05-15 22:41:29,905] {taskinstance.py:1068} INFO - 
--------------------------------------------------------------------------------
[2021-05-15 22:41:29,905] {taskinstance.py:1069} INFO - Starting attempt 1 of 2
[2021-05-15 22:41:29,905] {taskinstance.py:1070} INFO - 
--------------------------------------------------------------------------------
[2021-05-15 22:41:29,910] {taskinstance.py:1089} INFO - Executing <Task(BashOperator): print_hello> on 2017-07-27T02:00:00+00:00
[2021-05-15 22:41:29,911] {standard_task_runner.py:52} INFO - Started process 27532 to run task
[2021-05-15 22:41:29,918] {standard_task_runner.py:76} INFO - Running: ['airflow', 'tasks', 'run', 'airflow_tutorial_v01', 'print_hello', '2017-07-27T02:00:00+00:00', '--job-id', '4050', '--pool', 'default_pool', '--raw', '--subdir', 'DAGS_FOLDER/Untitled.py', '--cfg-path', '/var/folders/tp/ft4rfkmn1kz3dyw8hlfz1dxw0000gn/T/tmpwvdopn8b', '--error-file', '/var/folders/tp/ft4rfkmn1kz3dyw8hlfz1dxw0000gn/T/tmpr2vje780']
[2021-05-15 22:41:29,921] {standard_task_runner.py:77} INFO - Job 4050: Subtask print_hello
[2021-05-15 22:41:29,951] {logging_mixin.py:104} INFO - Running <TaskInstance: airflow_tutorial_v01.print_hello 2017-07-27T02:00:00+00:00 [running]> on host 1.0.0.127.in-addr.arpa
[2021-05-15 22:41:29,974] {taskinstance.py:1281} INFO - Exporting the following env vars:
AIRFLOW_CTX_DAG_OWNER=me
AIRFLOW_CTX_DAG_ID=airflow_tutorial_v01
AIRFLOW_CTX_TASK_ID=print_hello
AIRFLOW_CTX_EXECUTION_DATE=2017-07-27T02:00:00+00:00
AIRFLOW_CTX_DAG_RUN_ID=scheduled__2017-07-27T02:00:00+00:00
[2021-05-15 22:41:29,975] {bash.py:135} INFO - Tmp dir root location: 
 /var/folders/tp/ft4rfkmn1kz3dyw8hlfz1dxw0000gn/T
[2021-05-15 22:41:29,975] {bash.py:158} INFO - Running command: echo "hello"
[2021-05-15 22:41:29,982] {bash.py:169} INFO - Output:
[2021-05-15 22:41:29,985] {bash.py:173} INFO - hello
[2021-05-15 22:41:29,986] {bash.py:177} INFO - Command exited with return code 0
[2021-05-15 22:41:29,997] {taskinstance.py:1185} INFO - Marking task as SUCCESS. dag_id=airflow_tutorial_v01, task_id=print_hello, execution_date=20170727T020000, start_date=20210515T214129, end_date=20210515T214129
[2021-05-15 22:41:30,012] {taskinstance.py:1246} INFO - 1 downstream tasks scheduled from follow-on schedule check
[2021-05-15 22:41:30,056] {local_task_job.py:146} INFO - Task exited with return code 0
