[2021-05-15 21:08:22,872] {taskinstance.py:877} INFO - Dependencies all met for <TaskInstance: airflow_tutorial_v01.print_hello 2017-07-01T19:00:00+00:00 [queued]>
[2021-05-15 21:08:22,877] {taskinstance.py:877} INFO - Dependencies all met for <TaskInstance: airflow_tutorial_v01.print_hello 2017-07-01T19:00:00+00:00 [queued]>
[2021-05-15 21:08:22,877] {taskinstance.py:1068} INFO - 
--------------------------------------------------------------------------------
[2021-05-15 21:08:22,877] {taskinstance.py:1069} INFO - Starting attempt 1 of 2
[2021-05-15 21:08:22,877] {taskinstance.py:1070} INFO - 
--------------------------------------------------------------------------------
[2021-05-15 21:08:22,882] {taskinstance.py:1089} INFO - Executing <Task(BashOperator): print_hello> on 2017-07-01T19:00:00+00:00
[2021-05-15 21:08:22,884] {standard_task_runner.py:52} INFO - Started process 81108 to run task
[2021-05-15 21:08:22,890] {standard_task_runner.py:76} INFO - Running: ['airflow', 'tasks', 'run', 'airflow_tutorial_v01', 'print_hello', '2017-07-01T19:00:00+00:00', '--job-id', '2227', '--pool', 'default_pool', '--raw', '--subdir', 'DAGS_FOLDER/Untitled.py', '--cfg-path', '/var/folders/tp/ft4rfkmn1kz3dyw8hlfz1dxw0000gn/T/tmpntcqra95', '--error-file', '/var/folders/tp/ft4rfkmn1kz3dyw8hlfz1dxw0000gn/T/tmpa23y7whc']
[2021-05-15 21:08:22,891] {standard_task_runner.py:77} INFO - Job 2227: Subtask print_hello
[2021-05-15 21:08:22,920] {logging_mixin.py:104} INFO - Running <TaskInstance: airflow_tutorial_v01.print_hello 2017-07-01T19:00:00+00:00 [running]> on host henrys-macbook-pro.local
[2021-05-15 21:08:22,942] {taskinstance.py:1281} INFO - Exporting the following env vars:
AIRFLOW_CTX_DAG_OWNER=me
AIRFLOW_CTX_DAG_ID=airflow_tutorial_v01
AIRFLOW_CTX_TASK_ID=print_hello
AIRFLOW_CTX_EXECUTION_DATE=2017-07-01T19:00:00+00:00
AIRFLOW_CTX_DAG_RUN_ID=scheduled__2017-07-01T19:00:00+00:00
[2021-05-15 21:08:22,943] {bash.py:135} INFO - Tmp dir root location: 
 /var/folders/tp/ft4rfkmn1kz3dyw8hlfz1dxw0000gn/T
[2021-05-15 21:08:22,944] {bash.py:158} INFO - Running command: echo "hello"
[2021-05-15 21:08:22,950] {bash.py:169} INFO - Output:
[2021-05-15 21:08:22,953] {bash.py:173} INFO - hello
[2021-05-15 21:08:22,953] {bash.py:177} INFO - Command exited with return code 0
[2021-05-15 21:08:22,964] {taskinstance.py:1185} INFO - Marking task as SUCCESS. dag_id=airflow_tutorial_v01, task_id=print_hello, execution_date=20170701T190000, start_date=20210515T200822, end_date=20210515T200822
[2021-05-15 21:08:22,976] {taskinstance.py:1246} INFO - 1 downstream tasks scheduled from follow-on schedule check
[2021-05-15 21:08:22,985] {local_task_job.py:146} INFO - Task exited with return code 0
