[2021-05-15 22:31:50,631] {taskinstance.py:877} INFO - Dependencies all met for <TaskInstance: airflow_tutorial_v01.sleep 2017-07-24T13:00:00+00:00 [queued]>
[2021-05-15 22:31:50,636] {taskinstance.py:877} INFO - Dependencies all met for <TaskInstance: airflow_tutorial_v01.sleep 2017-07-24T13:00:00+00:00 [queued]>
[2021-05-15 22:31:50,636] {taskinstance.py:1068} INFO - 
--------------------------------------------------------------------------------
[2021-05-15 22:31:50,636] {taskinstance.py:1069} INFO - Starting attempt 1 of 2
[2021-05-15 22:31:50,636] {taskinstance.py:1070} INFO - 
--------------------------------------------------------------------------------
[2021-05-15 22:31:50,643] {taskinstance.py:1089} INFO - Executing <Task(BashOperator): sleep> on 2017-07-24T13:00:00+00:00
[2021-05-15 22:31:50,644] {standard_task_runner.py:52} INFO - Started process 22998 to run task
[2021-05-15 22:31:50,651] {standard_task_runner.py:76} INFO - Running: ['airflow', 'tasks', 'run', 'airflow_tutorial_v01', 'sleep', '2017-07-24T13:00:00+00:00', '--job-id', '3870', '--pool', 'default_pool', '--raw', '--subdir', 'DAGS_FOLDER/Untitled.py', '--cfg-path', '/var/folders/tp/ft4rfkmn1kz3dyw8hlfz1dxw0000gn/T/tmp1ql99a_2', '--error-file', '/var/folders/tp/ft4rfkmn1kz3dyw8hlfz1dxw0000gn/T/tmprocd_wlk']
[2021-05-15 22:31:50,653] {standard_task_runner.py:77} INFO - Job 3870: Subtask sleep
[2021-05-15 22:31:50,685] {logging_mixin.py:104} INFO - Running <TaskInstance: airflow_tutorial_v01.sleep 2017-07-24T13:00:00+00:00 [running]> on host 1.0.0.0.0.0.0.0.0.0.0.0.0.0.0.0.0.0.0.0.0.0.0.0.0.0.0.0.0.0.0.0.ip6.arpa
[2021-05-15 22:31:50,712] {taskinstance.py:1281} INFO - Exporting the following env vars:
AIRFLOW_CTX_DAG_OWNER=me
AIRFLOW_CTX_DAG_ID=airflow_tutorial_v01
AIRFLOW_CTX_TASK_ID=sleep
AIRFLOW_CTX_EXECUTION_DATE=2017-07-24T13:00:00+00:00
AIRFLOW_CTX_DAG_RUN_ID=scheduled__2017-07-24T13:00:00+00:00
[2021-05-15 22:31:50,712] {bash.py:135} INFO - Tmp dir root location: 
 /var/folders/tp/ft4rfkmn1kz3dyw8hlfz1dxw0000gn/T
[2021-05-15 22:31:50,713] {bash.py:158} INFO - Running command: sleep 5
[2021-05-15 22:31:50,720] {bash.py:169} INFO - Output:
[2021-05-15 22:31:55,706] {local_task_job.py:174} WARNING - The recorded hostname 1.0.0.0.0.0.0.0.0.0.0.0.0.0.0.0.0.0.0.0.0.0.0.0.0.0.0.0.0.0.0.0.ip6.arpa does not match this instance's hostname 1.0.0.127.in-addr.arpa
[2021-05-15 22:31:55,714] {process_utils.py:100} INFO - Sending Signals.SIGTERM to GPID 22998
[2021-05-15 22:31:55,714] {taskinstance.py:1265} ERROR - Received SIGTERM. Terminating subprocesses.
[2021-05-15 22:31:55,714] {bash.py:185} INFO - Sending SIGTERM signal to bash process group
[2021-05-15 22:31:55,719] {taskinstance.py:1482} ERROR - Task failed with exception
Traceback (most recent call last):
  File "/Users/harry/.local/share/virtualenvs/rugby_data_project_airflow-d2RAFQI6/lib/python3.8/site-packages/airflow/models/taskinstance.py", line 1138, in _run_raw_task
    self._prepare_and_execute_task_with_callbacks(context, task)
  File "/Users/harry/.local/share/virtualenvs/rugby_data_project_airflow-d2RAFQI6/lib/python3.8/site-packages/airflow/models/taskinstance.py", line 1311, in _prepare_and_execute_task_with_callbacks
    result = self._execute_task(context, task_copy)
  File "/Users/harry/.local/share/virtualenvs/rugby_data_project_airflow-d2RAFQI6/lib/python3.8/site-packages/airflow/models/taskinstance.py", line 1341, in _execute_task
    result = task_copy.execute(context=context)
  File "/Users/harry/.local/share/virtualenvs/rugby_data_project_airflow-d2RAFQI6/lib/python3.8/site-packages/airflow/operators/bash.py", line 171, in execute
    for raw_line in iter(self.sub_process.stdout.readline, b''):
  File "/Users/harry/.local/share/virtualenvs/rugby_data_project_airflow-d2RAFQI6/lib/python3.8/site-packages/airflow/models/taskinstance.py", line 1267, in signal_handler
    raise AirflowException("Task received SIGTERM signal")
airflow.exceptions.AirflowException: Task received SIGTERM signal
[2021-05-15 22:31:55,725] {taskinstance.py:1525} INFO - Marking task as UP_FOR_RETRY. dag_id=airflow_tutorial_v01, task_id=sleep, execution_date=20170724T130000, start_date=20210515T213150, end_date=20210515T213155
[2021-05-15 22:31:55,744] {process_utils.py:66} INFO - Process psutil.Process(pid=23000, status='terminated', started='22:31:50') (23000) terminated with exit code None
[2021-05-15 22:31:55,745] {process_utils.py:66} INFO - Process psutil.Process(pid=22998, status='terminated', exitcode=1, started='22:31:50') (22998) terminated with exit code 1
