[2021-05-15 19:13:23,056] {taskinstance.py:877} INFO - Dependencies all met for <TaskInstance: airflow_tutorial_v01.print_hello 2017-06-22T05:00:00+00:00 [queued]>
[2021-05-15 19:13:23,060] {taskinstance.py:877} INFO - Dependencies all met for <TaskInstance: airflow_tutorial_v01.print_hello 2017-06-22T05:00:00+00:00 [queued]>
[2021-05-15 19:13:23,060] {taskinstance.py:1068} INFO - 
--------------------------------------------------------------------------------
[2021-05-15 19:13:23,060] {taskinstance.py:1069} INFO - Starting attempt 1 of 2
[2021-05-15 19:13:23,060] {taskinstance.py:1070} INFO - 
--------------------------------------------------------------------------------
[2021-05-15 19:13:23,065] {taskinstance.py:1089} INFO - Executing <Task(BashOperator): print_hello> on 2017-06-22T05:00:00+00:00
[2021-05-15 19:13:23,067] {standard_task_runner.py:52} INFO - Started process 63139 to run task
[2021-05-15 19:13:23,072] {standard_task_runner.py:76} INFO - Running: ['airflow', 'tasks', 'run', 'airflow_tutorial_v01', 'print_hello', '2017-06-22T05:00:00+00:00', '--job-id', '1533', '--pool', 'default_pool', '--raw', '--subdir', 'DAGS_FOLDER/Untitled.py', '--cfg-path', '/var/folders/tp/ft4rfkmn1kz3dyw8hlfz1dxw0000gn/T/tmp2le86_5h', '--error-file', '/var/folders/tp/ft4rfkmn1kz3dyw8hlfz1dxw0000gn/T/tmp_5s3p9x4']
[2021-05-15 19:13:23,074] {standard_task_runner.py:77} INFO - Job 1533: Subtask print_hello
[2021-05-15 19:13:23,101] {logging_mixin.py:104} INFO - Running <TaskInstance: airflow_tutorial_v01.print_hello 2017-06-22T05:00:00+00:00 [running]> on host henrys-macbook-pro.local
[2021-05-15 19:13:23,122] {taskinstance.py:1281} INFO - Exporting the following env vars:
AIRFLOW_CTX_DAG_OWNER=me
AIRFLOW_CTX_DAG_ID=airflow_tutorial_v01
AIRFLOW_CTX_TASK_ID=print_hello
AIRFLOW_CTX_EXECUTION_DATE=2017-06-22T05:00:00+00:00
AIRFLOW_CTX_DAG_RUN_ID=scheduled__2017-06-22T05:00:00+00:00
[2021-05-15 19:13:23,122] {bash.py:135} INFO - Tmp dir root location: 
 /var/folders/tp/ft4rfkmn1kz3dyw8hlfz1dxw0000gn/T
[2021-05-15 19:13:23,123] {bash.py:158} INFO - Running command: echo "hello"
[2021-05-15 19:13:23,132] {bash.py:169} INFO - Output:
[2021-05-15 19:13:23,135] {bash.py:173} INFO - hello
[2021-05-15 19:13:23,135] {bash.py:177} INFO - Command exited with return code 0
[2021-05-15 19:13:23,148] {taskinstance.py:1185} INFO - Marking task as SUCCESS. dag_id=airflow_tutorial_v01, task_id=print_hello, execution_date=20170622T050000, start_date=20210515T181323, end_date=20210515T181323
[2021-05-15 19:13:23,161] {taskinstance.py:1246} INFO - 1 downstream tasks scheduled from follow-on schedule check
[2021-05-15 19:13:23,186] {local_task_job.py:146} INFO - Task exited with return code 0
