[2021-05-15 21:00:34,257] {taskinstance.py:877} INFO - Dependencies all met for <TaskInstance: airflow_tutorial_v01.sleep 2017-06-29T14:00:00+00:00 [queued]>
[2021-05-15 21:00:34,261] {taskinstance.py:877} INFO - Dependencies all met for <TaskInstance: airflow_tutorial_v01.sleep 2017-06-29T14:00:00+00:00 [queued]>
[2021-05-15 21:00:34,262] {taskinstance.py:1068} INFO - 
--------------------------------------------------------------------------------
[2021-05-15 21:00:34,262] {taskinstance.py:1069} INFO - Starting attempt 1 of 2
[2021-05-15 21:00:34,262] {taskinstance.py:1070} INFO - 
--------------------------------------------------------------------------------
[2021-05-15 21:00:34,267] {taskinstance.py:1089} INFO - Executing <Task(BashOperator): sleep> on 2017-06-29T14:00:00+00:00
[2021-05-15 21:00:34,269] {standard_task_runner.py:52} INFO - Started process 77260 to run task
[2021-05-15 21:00:34,276] {standard_task_runner.py:76} INFO - Running: ['airflow', 'tasks', 'run', 'airflow_tutorial_v01', 'sleep', '2017-06-29T14:00:00+00:00', '--job-id', '2072', '--pool', 'default_pool', '--raw', '--subdir', 'DAGS_FOLDER/Untitled.py', '--cfg-path', '/var/folders/tp/ft4rfkmn1kz3dyw8hlfz1dxw0000gn/T/tmpzh6acf82', '--error-file', '/var/folders/tp/ft4rfkmn1kz3dyw8hlfz1dxw0000gn/T/tmpfogk0_zp']
[2021-05-15 21:00:34,277] {standard_task_runner.py:77} INFO - Job 2072: Subtask sleep
[2021-05-15 21:00:34,305] {logging_mixin.py:104} INFO - Running <TaskInstance: airflow_tutorial_v01.sleep 2017-06-29T14:00:00+00:00 [running]> on host 1.0.0.0.0.0.0.0.0.0.0.0.0.0.0.0.0.0.0.0.0.0.0.0.0.0.0.0.0.0.0.0.ip6.arpa
[2021-05-15 21:00:34,328] {taskinstance.py:1281} INFO - Exporting the following env vars:
AIRFLOW_CTX_DAG_OWNER=me
AIRFLOW_CTX_DAG_ID=airflow_tutorial_v01
AIRFLOW_CTX_TASK_ID=sleep
AIRFLOW_CTX_EXECUTION_DATE=2017-06-29T14:00:00+00:00
AIRFLOW_CTX_DAG_RUN_ID=scheduled__2017-06-29T14:00:00+00:00
[2021-05-15 21:00:34,329] {bash.py:135} INFO - Tmp dir root location: 
 /var/folders/tp/ft4rfkmn1kz3dyw8hlfz1dxw0000gn/T
[2021-05-15 21:00:34,330] {bash.py:158} INFO - Running command: sleep 5
[2021-05-15 21:00:34,336] {bash.py:169} INFO - Output:
[2021-05-15 21:00:39,342] {bash.py:177} INFO - Command exited with return code 0
[2021-05-15 21:00:39,367] {taskinstance.py:1185} INFO - Marking task as SUCCESS. dag_id=airflow_tutorial_v01, task_id=sleep, execution_date=20170629T140000, start_date=20210515T200034, end_date=20210515T200039
[2021-05-15 21:00:39,393] {taskinstance.py:1246} INFO - 1 downstream tasks scheduled from follow-on schedule check
[2021-05-15 21:00:39,423] {local_task_job.py:146} INFO - Task exited with return code 0
