[2021-05-15 18:59:46,257] {taskinstance.py:877} INFO - Dependencies all met for <TaskInstance: airflow_tutorial_v01.print_world 2017-06-18T08:00:00+00:00 [queued]>
[2021-05-15 18:59:46,261] {taskinstance.py:877} INFO - Dependencies all met for <TaskInstance: airflow_tutorial_v01.print_world 2017-06-18T08:00:00+00:00 [queued]>
[2021-05-15 18:59:46,262] {taskinstance.py:1068} INFO - 
--------------------------------------------------------------------------------
[2021-05-15 18:59:46,262] {taskinstance.py:1069} INFO - Starting attempt 1 of 2
[2021-05-15 18:59:46,262] {taskinstance.py:1070} INFO - 
--------------------------------------------------------------------------------
[2021-05-15 18:59:46,269] {taskinstance.py:1089} INFO - Executing <Task(PythonOperator): print_world> on 2017-06-18T08:00:00+00:00
[2021-05-15 18:59:46,271] {standard_task_runner.py:52} INFO - Started process 56404 to run task
[2021-05-15 18:59:46,277] {standard_task_runner.py:76} INFO - Running: ['airflow', 'tasks', 'run', 'airflow_tutorial_v01', 'print_world', '2017-06-18T08:00:00+00:00', '--job-id', '1261', '--pool', 'default_pool', '--raw', '--subdir', 'DAGS_FOLDER/Untitled.py', '--cfg-path', '/var/folders/tp/ft4rfkmn1kz3dyw8hlfz1dxw0000gn/T/tmpo_jtd7yp', '--error-file', '/var/folders/tp/ft4rfkmn1kz3dyw8hlfz1dxw0000gn/T/tmpv_d2zikt']
[2021-05-15 18:59:46,279] {standard_task_runner.py:77} INFO - Job 1261: Subtask print_world
[2021-05-15 18:59:46,308] {logging_mixin.py:104} INFO - Running <TaskInstance: airflow_tutorial_v01.print_world 2017-06-18T08:00:00+00:00 [running]> on host 1.0.0.127.in-addr.arpa
[2021-05-15 18:59:46,330] {taskinstance.py:1281} INFO - Exporting the following env vars:
AIRFLOW_CTX_DAG_OWNER=me
AIRFLOW_CTX_DAG_ID=airflow_tutorial_v01
AIRFLOW_CTX_TASK_ID=print_world
AIRFLOW_CTX_EXECUTION_DATE=2017-06-18T08:00:00+00:00
AIRFLOW_CTX_DAG_RUN_ID=scheduled__2017-06-18T08:00:00+00:00
[2021-05-15 18:59:46,331] {logging_mixin.py:104} INFO - world
[2021-05-15 18:59:46,332] {python.py:118} INFO - Done. Returned value was: None
[2021-05-15 18:59:46,335] {taskinstance.py:1185} INFO - Marking task as SUCCESS. dag_id=airflow_tutorial_v01, task_id=print_world, execution_date=20170618T080000, start_date=20210515T175946, end_date=20210515T175946
[2021-05-15 18:59:46,344] {taskinstance.py:1246} INFO - 0 downstream tasks scheduled from follow-on schedule check
[2021-05-15 18:59:46,372] {local_task_job.py:146} INFO - Task exited with return code 0
