[2021-05-15 17:40:38,706] {taskinstance.py:877} INFO - Dependencies all met for <TaskInstance: airflow_tutorial_v01.print_hello 2017-06-02T17:00:00+00:00 [queued]>
[2021-05-15 17:40:38,714] {taskinstance.py:877} INFO - Dependencies all met for <TaskInstance: airflow_tutorial_v01.print_hello 2017-06-02T17:00:00+00:00 [queued]>
[2021-05-15 17:40:38,714] {taskinstance.py:1068} INFO - 
--------------------------------------------------------------------------------
[2021-05-15 17:40:38,714] {taskinstance.py:1069} INFO - Starting attempt 1 of 2
[2021-05-15 17:40:38,714] {taskinstance.py:1070} INFO - 
--------------------------------------------------------------------------------
[2021-05-15 17:40:38,721] {taskinstance.py:1089} INFO - Executing <Task(BashOperator): print_hello> on 2017-06-02T17:00:00+00:00
[2021-05-15 17:40:38,722] {standard_task_runner.py:52} INFO - Started process 27767 to run task
[2021-05-15 17:40:38,729] {standard_task_runner.py:76} INFO - Running: ['airflow', 'tasks', 'run', 'airflow_tutorial_v01', 'print_hello', '2017-06-02T17:00:00+00:00', '--job-id', '124', '--pool', 'default_pool', '--raw', '--subdir', 'DAGS_FOLDER/Untitled.py', '--cfg-path', '/var/folders/tp/ft4rfkmn1kz3dyw8hlfz1dxw0000gn/T/tmp0q990r29', '--error-file', '/var/folders/tp/ft4rfkmn1kz3dyw8hlfz1dxw0000gn/T/tmp5mlby5n4']
[2021-05-15 17:40:38,730] {standard_task_runner.py:77} INFO - Job 124: Subtask print_hello
[2021-05-15 17:40:38,763] {logging_mixin.py:104} INFO - Running <TaskInstance: airflow_tutorial_v01.print_hello 2017-06-02T17:00:00+00:00 [running]> on host Henrys-MacBook-Pro.local
[2021-05-15 17:40:38,809] {taskinstance.py:1281} INFO - Exporting the following env vars:
AIRFLOW_CTX_DAG_OWNER=me
AIRFLOW_CTX_DAG_ID=airflow_tutorial_v01
AIRFLOW_CTX_TASK_ID=print_hello
AIRFLOW_CTX_EXECUTION_DATE=2017-06-02T17:00:00+00:00
AIRFLOW_CTX_DAG_RUN_ID=scheduled__2017-06-02T17:00:00+00:00
[2021-05-15 17:40:38,810] {bash.py:135} INFO - Tmp dir root location: 
 /var/folders/tp/ft4rfkmn1kz3dyw8hlfz1dxw0000gn/T
[2021-05-15 17:40:38,811] {bash.py:158} INFO - Running command: echo "hello"
[2021-05-15 17:40:38,819] {bash.py:169} INFO - Output:
[2021-05-15 17:40:38,822] {bash.py:173} INFO - hello
[2021-05-15 17:40:38,823] {bash.py:177} INFO - Command exited with return code 0
[2021-05-15 17:40:38,839] {taskinstance.py:1185} INFO - Marking task as SUCCESS. dag_id=airflow_tutorial_v01, task_id=print_hello, execution_date=20170602T170000, start_date=20210515T164038, end_date=20210515T164038
[2021-05-15 17:40:38,857] {taskinstance.py:1246} INFO - 1 downstream tasks scheduled from follow-on schedule check
[2021-05-15 17:40:38,868] {local_task_job.py:146} INFO - Task exited with return code 0
